Run with 27 miles:
Flat profile:

Each sample counts as 0.01 seconds.
  %   cumulative   self              self     total           
 time   seconds   seconds    calls  ms/call  ms/call  name    
 37.17    127.01   127.01 15236622     0.01     0.01  qtile(int const&, double*, int const&)
 21.34    199.93    72.92  7618344     0.01     0.03  d1thx2(double*, double const&, double const&, propa_type&)
 18.61    263.53    63.60  7618344     0.01     0.01  hzns2(double*, prop_type&, propa_type&)
  6.12    284.44    20.91 15235318     0.00     0.00  z1sq2(double*, double const&, double const&, double&, double&)
  2.96    294.55    10.11  7618344     0.00     0.04  point_to_point(double*, double, double, double, double, double, double, int, int, double, double, double&, char*, int&)
  2.79    304.09     9.54 22854983     0.00     0.00  saalos(double, prop_type&, propa_type&)
  2.38    312.24     8.15 38005760     0.00     0.00  adiff2(double, prop_type&, propa_type&)
  2.28    320.02     7.78    28816     0.27     0.55  ReadPath(site, site)
  2.23    327.63     7.61 123857897     0.00     0.00  GetElevation(site)
  0.77    330.25     2.62                             WritePPMLR(char*, unsigned char, unsigned char, unsigned char, site*, unsigned char)
  0.71    332.68     2.43  7618344     0.00     0.00  avar(double, double, double, prop_type&, propv_type&)
  0.69    335.05     2.37 52248306     0.00     0.00  OrMask(double, double, int)
  0.37    336.30     1.25    28800     0.04    11.75  PlotLRPath(site, site, unsigned char, _IO_FILE*)
  0.29    337.30     1.00 22855032     0.00     0.00  curve(double const&, double const&, double const&, double const&, double const&, double const&)
  0.27    338.23     0.93  7618344     0.00     0.00  lrprop2(double, prop_type&, propa_type&)
  0.21    338.95     0.72 15236688     0.00     0.00  qerfi(double)
  0.13    339.41     0.46  7618344     0.00     0.00  GetSignal(double, double)
  0.11    339.79     0.38        5    76.00    76.00  LoadSDF_SDF(char*)
  0.10    340.12     0.33 123799759     0.00     0.00  arccos(double, double)
  0.09    340.42     0.30  7647160     0.00     0.00  Azimuth(site, site)
  0.08    340.69     0.27  7618344     0.00     0.04  qlrpfl2(double*, int, int, prop_type&, propa_type&, propv_type&)
  0.07    340.94     0.25 45087593     0.00     0.00  aknfe(double const&)
  0.07    341.16     0.23 28616297     0.00     0.00  fht(double const&, double const&)
  0.05    341.33     0.17  7618344     0.00     0.00  PutMask(double, double, int)
  0.02    341.41     0.08  7618344     0.00     0.00  PutSignal(double, double, unsigned char)
  0.02    341.48     0.07                             interpolate(int, int, int, int, int)
  0.02    341.54     0.06  7661324     0.00     0.00  alos2(double, prop_type&, propa_type&)
  0.01    341.59     0.05  7618344     0.00     0.00  qlrps(double, double, double, int, double, double, prop_type&)
  0.01    341.64     0.05        5    10.00    86.01  LoadSDF(char*)
  0.01    341.67     0.03                             z1sq1(double*, double const&, double const&, double&, double&)
  0.00    341.69     0.02                             adiff(double, prop_type&, propa_type&)
  0.00    341.70     0.01    28816     0.00     0.00  Distance(site, site)
  0.00    341.71     0.01        2     5.00     5.00  dec2dms(double)
  0.00    341.72     0.01                             FORTRAN_DIM(double const&, double const&)
  0.00    341.73     0.01                             ascat(double, prop_type&, propa_type&)
  0.00    341.74     0.01                             abq_alos(std::complex<double>)
  0.00    341.75     0.01                             PlotLRMap(site, double, char*)
  0.00    341.75     0.01                             hzns(double*, prop_type&)
  0.00    341.75     0.00 52247898     0.00     0.00  GetMask(double, double)
  0.00    341.75     0.00       16     0.00     0.55  AverageTerrain(site, double, double, double)
  0.00    341.75     0.00        6     0.00     0.00  ReduceAngle(double)
  0.00    341.75     0.00        2     0.00     0.00  LoadSDF_BZ(char*)
  0.00    341.75     0.00        2     0.00     0.00  ReadBearing(char*)
  0.00    341.75     0.00        1     0.00     0.00  LoadLossColors(site)
  0.00    341.75     0.00        1     0.00     4.37  haat(site)
  0.00    341.75     0.00        1     0.00     0.00  LoadPAT(char*)

 %         the percentage of the total running time of the
time       program used by this function.

cumulative a running sum of the number of seconds accounted
 seconds   for by this function and those listed above it.

 self      the number of seconds accounted for by this
seconds    function alone.  This is the major sort for this
           listing.

calls      the number of times this function was invoked, if
           this function is profiled, else blank.
 
 self      the average number of milliseconds spent in this
ms/call    function per call, if this function is profiled,
	   else blank.

 total     the average number of milliseconds spent in this
ms/call    function and its descendents per call, if this 
	   function is profiled, else blank.

name       the name of the function.  This is the minor sort
           for this listing. The index shows the location of
	   the function in the gprof listing. If the index is
	   in parenthesis it shows where it would appear in
	   the gprof listing if it were to be printed.

		     Call graph (explanation follows)


granularity: each sample hit covers 2 byte(s) for 0.00% of 341.75 seconds

index % time    self  children    called     name
                                                 <spontaneous>
[1]     99.1    0.01  338.52                 PlotLRMap(site, double, char*) [1]
                1.25  337.27   28800/28800       PlotLRPath(site, site, unsigned char, _IO_FILE*) [2]
                0.00    0.00       2/6           ReduceAngle(double) [51]
-----------------------------------------------
                1.25  337.27   28800/28800       PlotLRMap(site, double, char*) [1]
[2]     99.1    1.25  337.27   28800         PlotLRPath(site, site, unsigned char, _IO_FILE*) [2]
               10.11  308.06 7618344/7618344     point_to_point(double*, double, double, double, double, double, double, int, int, double, double, double&, char*, int&) [3]
                7.78    7.95   28800/28816       ReadPath(site, site) [11]
                2.37    0.00 52246441/52248306     OrMask(double, double, int) [16]
                0.46    0.00 7618344/7618344     GetSignal(double, double) [19]
                0.30    0.00 7618344/7647160     Azimuth(site, site) [24]
                0.17    0.00 7618344/7618344     PutMask(double, double, int) [27]
                0.08    0.00 7618344/7618344     PutSignal(double, double, unsigned char) [28]
                0.00    0.00 52246441/52247898     GetMask(double, double) [50]
-----------------------------------------------
               10.11  308.06 7618344/7618344     PlotLRPath(site, site, unsigned char, _IO_FILE*) [2]
[3]     93.1   10.11  308.06 7618344         point_to_point(double*, double, double, double, double, double, double, int, int, double, double, double&, char*, int&) [3]
                0.27  303.59 7618344/7618344     qlrpfl2(double*, int, int, prop_type&, propa_type&, propv_type&) [4]
                2.43    1.00 7618344/7618344     avar(double, double, double, prop_type&, propv_type&) [14]
                0.72    0.00 15236688/15236688     qerfi(double) [18]
                0.05    0.00 7618344/7618344     qlrps(double, double, double, int, double, double, prop_type&) [31]
-----------------------------------------------
                0.27  303.59 7618344/7618344     point_to_point(double*, double, double, double, double, double, double, int, int, double, double, double&, char*, int&) [3]
[4]     88.9    0.27  303.59 7618344         qlrpfl2(double*, int, int, prop_type&, propa_type&, propv_type&) [4]
               72.92  137.46 7618344/7618344     d1thx2(double*, double const&, double const&, propa_type&) [5]
               63.60    0.00 7618344/7618344     hzns2(double*, prop_type&, propa_type&) [7]
                0.93   18.22 7618344/7618344     lrprop2(double, prop_type&, propa_type&) [9]
               10.45    0.00 7617007/15235318     z1sq2(double*, double const&, double const&, double&, double&) [8]
-----------------------------------------------
               72.92  137.46 7618344/7618344     qlrpfl2(double*, int, int, prop_type&, propa_type&, propv_type&) [4]
[5]     61.6   72.92  137.46 7618344         d1thx2(double*, double const&, double const&, propa_type&) [5]
              127.01    0.00 15236622/15236622     qtile(int const&, double*, int const&) [6]
               10.46    0.00 7618311/15235318     z1sq2(double*, double const&, double const&, double&, double&) [8]
-----------------------------------------------
              127.01    0.00 15236622/15236622     d1thx2(double*, double const&, double const&, propa_type&) [5]
[6]     37.2  127.01    0.00 15236622         qtile(int const&, double*, int const&) [6]
-----------------------------------------------
               63.60    0.00 7618344/7618344     qlrpfl2(double*, int, int, prop_type&, propa_type&, propv_type&) [4]
[7]     18.6   63.60    0.00 7618344         hzns2(double*, prop_type&, propa_type&) [7]
-----------------------------------------------
               10.45    0.00 7617007/15235318     qlrpfl2(double*, int, int, prop_type&, propa_type&, propv_type&) [4]
               10.46    0.00 7618311/15235318     d1thx2(double*, double const&, double const&, propa_type&) [5]
[8]      6.1   20.91    0.00 15235318         z1sq2(double*, double const&, double const&, double&, double&) [8]
-----------------------------------------------
                0.93   18.22 7618344/7618344     qlrpfl2(double*, int, int, prop_type&, propa_type&, propv_type&) [4]
[9]      5.6    0.93   18.22 7618344         lrprop2(double, prop_type&, propa_type&) [9]
                8.15    9.99 38005760/38005760     adiff2(double, prop_type&, propa_type&) [10]
                0.06    0.02 7661324/7661324     alos2(double, prop_type&, propa_type&) [29]
-----------------------------------------------
                8.15    9.99 38005760/38005760     lrprop2(double, prop_type&, propa_type&) [9]
[10]     5.3    8.15    9.99 38005760         adiff2(double, prop_type&, propa_type&) [10]
                9.52    0.00 22812049/22854983     saalos(double, prop_type&, propa_type&) [12]
                0.25    0.00 45087593/45087593     aknfe(double const&) [25]
                0.23    0.00 28616297/28616297     fht(double const&, double const&) [26]
-----------------------------------------------
                0.00    0.00      16/28816       AverageTerrain(site, double, double, double) [40]
                7.78    7.95   28800/28816       PlotLRPath(site, site, unsigned char, _IO_FILE*) [2]
[11]     4.6    7.78    7.95   28816         ReadPath(site, site) [11]
                7.61    0.00 123857878/123857897     GetElevation(site) [13]
                0.33    0.00 123799745/123799759     arccos(double, double) [23]
                0.01    0.00   28816/28816       Distance(site, site) [35]
                0.00    0.00   28816/7647160     Azimuth(site, site) [24]
-----------------------------------------------
                0.02    0.00   42934/22854983     alos2(double, prop_type&, propa_type&) [29]
                9.52    0.00 22812049/22854983     adiff2(double, prop_type&, propa_type&) [10]
[12]     2.8    9.54    0.00 22854983         saalos(double, prop_type&, propa_type&) [12]
-----------------------------------------------
                0.00    0.00       1/123857897     haat(site) [42]
                0.00    0.00       2/123857897     SiteReport(site) [33]
                0.00    0.00      16/123857897     AverageTerrain(site, double, double, double) [40]
                7.61    0.00 123857878/123857897     ReadPath(site, site) [11]
[13]     2.2    7.61    0.00 123857897         GetElevation(site) [13]
-----------------------------------------------
                2.43    1.00 7618344/7618344     point_to_point(double*, double, double, double, double, double, double, int, int, double, double, double&, char*, int&) [3]
[14]     1.0    2.43    1.00 7618344         avar(double, double, double, prop_type&, propv_type&) [14]
                1.00    0.00 22855032/22855032     curve(double const&, double const&, double const&, double const&, double const&, double const&) [17]
-----------------------------------------------
                                                 <spontaneous>
[15]     0.8    2.62    0.00                 WritePPMLR(char*, unsigned char, unsigned char, unsigned char, site*, unsigned char) [15]
                0.00    0.00       2/6           ReduceAngle(double) [51]
                0.00    0.00       1/1           LoadLossColors(site) [54]
-----------------------------------------------
                0.00    0.00    1865/52248306     PlaceMarker(site) [43]
                2.37    0.00 52246441/52248306     PlotLRPath(site, site, unsigned char, _IO_FILE*) [2]
[16]     0.7    2.37    0.00 52248306         OrMask(double, double, int) [16]
-----------------------------------------------
                1.00    0.00 22855032/22855032     avar(double, double, double, prop_type&, propv_type&) [14]
[17]     0.3    1.00    0.00 22855032         curve(double const&, double const&, double const&, double const&, double const&, double const&) [17]
-----------------------------------------------
                0.72    0.00 15236688/15236688     point_to_point(double*, double, double, double, double, double, double, int, int, double, double, double&, char*, int&) [3]
[18]     0.2    0.72    0.00 15236688         qerfi(double) [18]
-----------------------------------------------
                0.46    0.00 7618344/7618344     PlotLRPath(site, site, unsigned char, _IO_FILE*) [2]
[19]     0.1    0.46    0.00 7618344         GetSignal(double, double) [19]
-----------------------------------------------
                0.05    0.38       5/5           LoadTopoData(int, int, int, int) [21]
[20]     0.1    0.05    0.38       5         LoadSDF(char*) [20]
                0.38    0.00       5/5           LoadSDF_SDF(char*) [22]
                0.00    0.00       2/2           LoadSDF_BZ(char*) [52]
-----------------------------------------------
                                                 <spontaneous>
[21]     0.1    0.00    0.43                 LoadTopoData(int, int, int, int) [21]
                0.05    0.38       5/5           LoadSDF(char*) [20]
                0.00    0.00       2/6           ReduceAngle(double) [51]
-----------------------------------------------
                0.38    0.00       5/5           LoadSDF(char*) [20]
[22]     0.1    0.38    0.00       5         LoadSDF_SDF(char*) [22]
-----------------------------------------------
                0.00    0.00      14/123799759     AverageTerrain(site, double, double, double) [40]
                0.33    0.00 123799745/123799759     ReadPath(site, site) [11]
[23]     0.1    0.33    0.00 123799759         arccos(double, double) [23]
-----------------------------------------------
                0.00    0.00   28816/7647160     ReadPath(site, site) [11]
                0.30    0.00 7618344/7647160     PlotLRPath(site, site, unsigned char, _IO_FILE*) [2]
[24]     0.1    0.30    0.00 7647160         Azimuth(site, site) [24]
-----------------------------------------------
                0.25    0.00 45087593/45087593     adiff2(double, prop_type&, propa_type&) [10]
[25]     0.1    0.25    0.00 45087593         aknfe(double const&) [25]
-----------------------------------------------
                0.23    0.00 28616297/28616297     adiff2(double, prop_type&, propa_type&) [10]
[26]     0.1    0.23    0.00 28616297         fht(double const&, double const&) [26]
-----------------------------------------------
                0.17    0.00 7618344/7618344     PlotLRPath(site, site, unsigned char, _IO_FILE*) [2]
[27]     0.0    0.17    0.00 7618344         PutMask(double, double, int) [27]
-----------------------------------------------
                0.08    0.00 7618344/7618344     PlotLRPath(site, site, unsigned char, _IO_FILE*) [2]
[28]     0.0    0.08    0.00 7618344         PutSignal(double, double, unsigned char) [28]
-----------------------------------------------
                0.06    0.02 7661324/7661324     lrprop2(double, prop_type&, propa_type&) [9]
[29]     0.0    0.06    0.02 7661324         alos2(double, prop_type&, propa_type&) [29]
                0.02    0.00   42934/22854983     saalos(double, prop_type&, propa_type&) [12]
-----------------------------------------------
                                                 <spontaneous>
[30]     0.0    0.07    0.00                 interpolate(int, int, int, int, int) [30]
-----------------------------------------------
                0.05    0.00 7618344/7618344     point_to_point(double*, double, double, double, double, double, double, int, int, double, double, double&, char*, int&) [3]
[31]     0.0    0.05    0.00 7618344         qlrps(double, double, double, int, double, double, prop_type&) [31]
-----------------------------------------------
                                                 <spontaneous>
[32]     0.0    0.03    0.00                 z1sq1(double*, double const&, double const&, double&, double&) [32]
-----------------------------------------------
                                                 <spontaneous>
[33]     0.0    0.00    0.02                 SiteReport(site) [33]
                0.01    0.00       2/2           dec2dms(double) [36]
                0.00    0.00       1/1           haat(site) [42]
                0.00    0.00       8/16          AverageTerrain(site, double, double, double) [40]
                0.00    0.00       2/123857897     GetElevation(site) [13]
-----------------------------------------------
                                                 <spontaneous>
[34]     0.0    0.02    0.00                 adiff(double, prop_type&, propa_type&) [34]
-----------------------------------------------
                0.01    0.00   28816/28816       ReadPath(site, site) [11]
[35]     0.0    0.01    0.00   28816         Distance(site, site) [35]
-----------------------------------------------
                0.01    0.00       2/2           SiteReport(site) [33]
[36]     0.0    0.01    0.00       2         dec2dms(double) [36]
-----------------------------------------------
                                                 <spontaneous>
[37]     0.0    0.01    0.00                 FORTRAN_DIM(double const&, double const&) [37]
-----------------------------------------------
                                                 <spontaneous>
[38]     0.0    0.01    0.00                 ascat(double, prop_type&, propa_type&) [38]
-----------------------------------------------
                                                 <spontaneous>
[39]     0.0    0.01    0.00                 abq_alos(std::complex<double>) [39]
-----------------------------------------------
                0.00    0.00       8/16          haat(site) [42]
                0.00    0.00       8/16          SiteReport(site) [33]
[40]     0.0    0.00    0.01      16         AverageTerrain(site, double, double, double) [40]
                0.00    0.00      16/28816       ReadPath(site, site) [11]
                0.00    0.00      16/123857897     GetElevation(site) [13]
                0.00    0.00      14/123799759     arccos(double, double) [23]
-----------------------------------------------
                                                 <spontaneous>
[41]     0.0    0.01    0.00                 hzns(double*, prop_type&) [41]
-----------------------------------------------
                0.00    0.00       1/1           SiteReport(site) [33]
[42]     0.0    0.00    0.00       1         haat(site) [42]
                0.00    0.00       8/16          AverageTerrain(site, double, double, double) [40]
                0.00    0.00       1/123857897     GetElevation(site) [13]
-----------------------------------------------
                                                 <spontaneous>
[43]     0.0    0.00    0.00                 PlaceMarker(site) [43]
                0.00    0.00    1865/52248306     OrMask(double, double, int) [16]
                0.00    0.00    1457/52247898     GetMask(double, double) [50]
-----------------------------------------------
                0.00    0.00    1457/52247898     PlaceMarker(site) [43]
                0.00    0.00 52246441/52247898     PlotLRPath(site, site, unsigned char, _IO_FILE*) [2]
[50]     0.0    0.00    0.00 52247898         GetMask(double, double) [50]
-----------------------------------------------
                0.00    0.00       2/6           PlotLRMap(site, double, char*) [1]
                0.00    0.00       2/6           WritePPMLR(char*, unsigned char, unsigned char, unsigned char, site*, unsigned char) [15]
                0.00    0.00       2/6           LoadTopoData(int, int, int, int) [21]
[51]     0.0    0.00    0.00       6         ReduceAngle(double) [51]
-----------------------------------------------
                0.00    0.00       2/2           LoadSDF(char*) [20]
[52]     0.0    0.00    0.00       2         LoadSDF_BZ(char*) [52]
-----------------------------------------------
                0.00    0.00       2/2           LoadQTH(char*) [92]
[53]     0.0    0.00    0.00       2         ReadBearing(char*) [53]
-----------------------------------------------
                0.00    0.00       1/1           WritePPMLR(char*, unsigned char, unsigned char, unsigned char, site*, unsigned char) [15]
[54]     0.0    0.00    0.00       1         LoadLossColors(site) [54]
-----------------------------------------------
                0.00    0.00       1/1           ReadLRParm(site, char) [59]
[55]     0.0    0.00    0.00       1         LoadPAT(char*) [55]
-----------------------------------------------

 This table describes the call tree of the program, and was sorted by
 the total amount of time spent in each function and its children.

 Each entry in this table consists of several lines.  The line with the
 index number at the left hand margin lists the current function.
 The lines above it list the functions that called this function,
 and the lines below it list the functions this one called.
 This line lists:
     index	A unique number given to each element of the table.
		Index numbers are sorted numerically.
		The index number is printed next to every function name so
		it is easier to look up where the function in the table.

     % time	This is the percentage of the `total' time that was spent
		in this function and its children.  Note that due to
		different viewpoints, functions excluded by options, etc,
		these numbers will NOT add up to 100%.

     self	This is the total amount of time spent in this function.

     children	This is the total amount of time propagated into this
		function by its children.

     called	This is the number of times the function was called.
		If the function called itself recursively, the number
		only includes non-recursive calls, and is followed by
		a `+' and the number of recursive calls.

     name	The name of the current function.  The index number is
		printed after it.  If the function is a member of a
		cycle, the cycle number is printed between the
		function's name and the index number.


 For the function's parents, the fields have the following meanings:

     self	This is the amount of time that was propagated directly
		from the function into this parent.

     children	This is the amount of time that was propagated from
		the function's children into this parent.

     called	This is the number of times this parent called the
		function `/' the total number of times the function
		was called.  Recursive calls to the function are not
		included in the number after the `/'.

     name	This is the name of the parent.  The parent's index
		number is printed after it.  If the parent is a
		member of a cycle, the cycle number is printed between
		the name and the index number.

 If the parents of the function cannot be determined, the word
 `<spontaneous>' is printed in the `name' field, and all the other
 fields are blank.

 For the function's children, the fields have the following meanings:

     self	This is the amount of time that was propagated directly
		from the child into the function.

     children	This is the amount of time that was propagated from the
		child's children to the function.

     called	This is the number of times the function called
		this child `/' the total number of times the child
		was called.  Recursive calls by the child are not
		listed in the number after the `/'.

     name	This is the name of the child.  The child's index
		number is printed after it.  If the child is a
		member of a cycle, the cycle number is printed
		between the name and the index number.

 If there are any cycles (circles) in the call graph, there is an
 entry for the cycle-as-a-whole.  This entry shows who called the
 cycle (as parents) and the members of the cycle (as children.)
 The `+' recursive calls entry shows the number of function calls that
 were internal to the cycle, and the calls entry for each member shows,
 for that member, how many times it was called from other members of
 the cycle.


Index by function name

  [52] LoadSDF_BZ(char*)      [34] adiff(double, prop_type&, propa_type&) [24] Azimuth(site, site)
   [2] PlotLRPath(site, site, unsigned char, _IO_FILE*) [25] aknfe(double const&) [50] GetMask(double, double)
  [15] WritePPMLR(char*, unsigned char, unsigned char, unsigned char, site*, unsigned char) [29] alos2(double, prop_type&, propa_type&) [55] LoadPAT(char*)
  [37] FORTRAN_DIM(double const&, double const&) [38] ascat(double, prop_type&, propa_type&) [20] LoadSDF(char*)
  [22] LoadSDF_SDF(char*)     [17] curve(double const&, double const&, double const&, double const&, double const&, double const&) [27] PutMask(double, double, int)
  [53] ReadBearing(char*)      [7] hzns2(double*, prop_type&, propa_type&) [36] dec2dms(double)
  [51] ReduceAngle(double)    [18] qerfi(double)           [9] lrprop2(double, prop_type&, propa_type&)
  [30] interpolate(int, int, int, int, int) [31] qlrps(double, double, double, int, double, double, prop_type&) [4] qlrpfl2(double*, int, int, prop_type&, propa_type&, propv_type&)
  [13] GetElevation(site)      [6] qtile(int const&, double*, int const&) [35] Distance(site, site)
  [40] AverageTerrain(site, double, double, double) [32] z1sq1(double*, double const&, double const&, double&, double&) [11] ReadPath(site, site)
  [54] LoadLossColors(site)    [8] z1sq2(double*, double const&, double const&, double&, double&) [39] abq_alos(std::complex<double>)
   [3] point_to_point(double*, double, double, double, double, double, double, int, int, double, double, double&, char*, int&) [16] OrMask(double, double, int) [19] GetSignal(double, double)
  [26] fht(double const&, double const&) [10] adiff2(double, prop_type&, propa_type&) [1] PlotLRMap(site, double, char*)
  [14] avar(double, double, double, prop_type&, propv_type&) [23] arccos(double, double) [28] PutSignal(double, double, unsigned char)
  [42] haat(site)              [5] d1thx2(double*, double const&, double const&, propa_type&)
  [41] hzns(double*, prop_type&) [12] saalos(double, prop_type&, propa_type&)
