Run with 60 miles:
Flat profile:

Each sample counts as 0.01 seconds.
  %   cumulative   self              self     total           
 time   seconds   seconds    calls  ms/call  ms/call  name    
 43.98   1181.71  1181.71 61059840     0.02     0.02  qtile(int const&, double*, int const&)
 22.09   1775.31   593.59 30529953     0.02     0.06  d1thx2(double*, double const&, double const&, propa_type&)
 19.73   2305.51   530.20 30529953     0.02     0.02  hzns2(double*, prop_type&, propa_type&)
  6.30   2474.68   169.18 61058536     0.00     0.00  z1sq2(double*, double const&, double const&, double&, double&)
  2.96   2554.19    79.51 30529953     0.00     0.09  point_to_point(double*, double, double, double, double, double, double, int, int, double, double, double&, char*, int&)
  1.45   2593.09    38.91 91589804     0.00     0.00  saalos(double, prop_type&, propa_type&)
  1.26   2626.86    33.76 152558387     0.00     0.00  adiff2(double, prop_type&, propa_type&)
  0.37   2636.78     9.93 30529953     0.00     0.00  avar(double, double, double, prop_type&, propv_type&)
  0.29   2644.61     7.83 123857897     0.00     0.00  GetElevation(site)
  0.28   2652.07     7.46    28816     0.26     0.55  ReadPath(site, site)
  0.23   2658.15     6.08 123508543     0.00     0.00  OrMask(double, double, int)
  0.16   2662.35     4.20    28800     0.15    93.17  PlotLRPath(site, site, unsigned char, _IO_FILE*)
  0.15   2666.33     3.98 91589859     0.00     0.00  curve(double const&, double const&, double const&, double const&, double const&, double const&)
  0.12   2669.61     3.28 30529953     0.00     0.00  lrprop2(double, prop_type&, propa_type&)
  0.11   2672.69     3.08                             WritePPMLR(char*, unsigned char, unsigned char, unsigned char, site*, unsigned char)
  0.10   2675.39     2.70 61059906     0.00     0.00  qerfi(double)
  0.06   2677.06     1.67 30529953     0.00     0.00  GetSignal(double, double)
  0.06   2678.54     1.49 30529953     0.00     0.08  qlrpfl2(double*, int, int, prop_type&, propa_type&, propv_type&)
  0.05   2679.82     1.28 30558769     0.00     0.00  Azimuth(site, site)
  0.05   2681.03     1.21 30529953     0.00     0.00  PutMask(double, double, int)
  0.04   2682.23     1.20 19168190     0.00     0.00  ascat(double, prop_type&, propa_type&)
  0.04   2683.32     1.09 116392035     0.00     0.00  fht(double const&, double const&)
  0.04   2684.30     0.98 180969677     0.00     0.00  aknfe(double const&)
  0.03   2685.01     0.71 30529953     0.00     0.00  PutSignal(double, double, unsigned char)
  0.02   2685.46     0.45 123799759     0.00     0.00  arccos(double, double)
  0.01   2685.85     0.40 19168190     0.00     0.00  h0f(double, double)
  0.01   2686.16     0.31        5    62.00    62.00  LoadSDF_SDF(char*)
  0.01   2686.39     0.23 30529953     0.00     0.00  qlrps(double, double, double, int, double, double, prop_type&)
  0.01   2686.53     0.14  9584095     0.00     0.00  ahd(double)
  0.00   2686.63     0.10                             interpolate(int, int, int, int, int)
  0.00   2686.71     0.08 20991547     0.00     0.00  alos2(double, prop_type&, propa_type&)
  0.00   2686.76     0.06                             z1sq1(double*, double const&, double const&, double&, double&)
  0.00   2686.81     0.05        5    10.00    72.00  LoadSDF(char*)
  0.00   2686.85     0.04 123508135     0.00     0.00  GetMask(double, double)
  0.00   2686.89     0.04                             FORTRAN_DIM(double const&, double const&)
  0.00   2686.92     0.04                             abq_alos(std::complex<double>)
  0.00   2686.95     0.03        2    15.00    15.00  dec2dms(double)
  0.00   2686.98     0.03                             adiff(double, prop_type&, propa_type&)
  0.00   2686.99     0.01    28816     0.00     0.00  Distance(site, site)
  0.00   2687.00     0.01        1    10.00    10.00  LoadPAT(char*)
  0.00   2687.01     0.01                             point_to_point_ITM(double*, double, double, double, double, double, double, int, int, double, double, double&, char*, int&)
  0.00   2687.02     0.01                             lrprop(double, prop_type&, propa_type&)
  0.00   2687.03     0.01                             hzns(double*, prop_type&)
  0.00   2687.03     0.01                             d1thx(double*, double const&, double const&)
  0.00   2687.04     0.01                             qlrpfl(double*, int, int, prop_type&, propa_type&, propv_type&)
  0.00   2687.04     0.00       16     0.00     0.55  AverageTerrain(site, double, double, double)
  0.00   2687.04     0.00        6     0.00     0.00  ReduceAngle(double)
  0.00   2687.04     0.00        2     0.00     0.00  LoadSDF_BZ(char*)
  0.00   2687.04     0.00        2     0.00     0.00  ReadBearing(char*)
  0.00   2687.04     0.00        1     0.00     0.00  LoadLossColors(site)
  0.00   2687.04     0.00        1     0.00     4.37  haat(site)

 %         the percentage of the total running time of the
time       program used by this function.

cumulative a running sum of the number of seconds accounted
 seconds   for by this function and those listed above it.

 self      the number of seconds accounted for by this
seconds    function alone.  This is the major sort for this
           listing.

calls      the number of times this function was invoked, if
           this function is profiled, else blank.
 
 self      the average number of milliseconds spent in this
ms/call    function per call, if this function is profiled,
	   else blank.

 total     the average number of milliseconds spent in this
ms/call    function and its descendents per call, if this 
	   function is profiled, else blank.

name       the name of the function.  This is the minor sort
           for this listing. The index shows the location of
	   the function in the gprof listing. If the index is
	   in parenthesis it shows where it would appear in
	   the gprof listing if it were to be printed.

		     Call graph (explanation follows)


granularity: each sample hit covers 2 byte(s) for 0.00% of 2687.04 seconds

index % time    self  children    called     name
                4.20 2679.06   28800/28800       PlotLRMap(site, double, char*) [2]
[1]     99.9    4.20 2679.06   28800         PlotLRPath(site, site, unsigned char, _IO_FILE*) [1]
               79.51 2572.82 30529953/30529953     point_to_point(double*, double, double, double, double, double, double, int, int, double, double, double&, char*, int&) [3]
                7.46    8.29   28800/28816       ReadPath(site, site) [12]
                6.08    0.00 123506678/123508543     OrMask(double, double, int) [15]
                1.67    0.00 30529953/30529953     GetSignal(double, double) [20]
                1.28    0.00 30529953/30558769     Azimuth(site, site) [21]
                1.21    0.00 30529953/30529953     PutMask(double, double, int) [22]
                0.71    0.00 30529953/30529953     PutSignal(double, double, unsigned char) [25]
                0.04    0.00 123506678/123508135     GetMask(double, double) [36]
-----------------------------------------------
                                                 <spontaneous>
[2]     99.9    0.00 2683.26                 PlotLRMap(site, double, char*) [2]
                4.20 2679.06   28800/28800       PlotLRPath(site, site, unsigned char, _IO_FILE*) [1]
                0.00    0.00       2/6           ReduceAngle(double) [59]
-----------------------------------------------
               79.51 2572.82 30529953/30529953     PlotLRPath(site, site, unsigned char, _IO_FILE*) [1]
[3]     98.7   79.51 2572.82 30529953         point_to_point(double*, double, double, double, double, double, double, int, int, double, double, double&, char*, int&) [3]
                1.49 2554.50 30529953/30529953     qlrpfl2(double*, int, int, prop_type&, propa_type&, propv_type&) [4]
                9.93    3.98 30529953/30529953     avar(double, double, double, prop_type&, propv_type&) [13]
                2.70    0.00 61059906/61059906     qerfi(double) [18]
                0.23    0.00 30529953/30529953     qlrps(double, double, double, int, double, double, prop_type&) [31]
-----------------------------------------------
                1.49 2554.50 30529953/30529953     point_to_point(double*, double, double, double, double, double, double, int, int, double, double, double&, char*, int&) [3]
[4]     95.1    1.49 2554.50 30529953         qlrpfl2(double*, int, int, prop_type&, propa_type&, propv_type&) [4]
              593.59 1266.30 30529953/30529953     d1thx2(double*, double const&, double const&, propa_type&) [5]
              530.20    0.00 30529953/30529953     hzns2(double*, prop_type&, propa_type&) [7]
               84.59    0.00 30528616/61058536     z1sq2(double*, double const&, double const&, double&, double&) [8]
                3.28   76.54 30529953/30529953     lrprop2(double, prop_type&, propa_type&) [9]
-----------------------------------------------
              593.59 1266.30 30529953/30529953     qlrpfl2(double*, int, int, prop_type&, propa_type&, propv_type&) [4]
[5]     69.2  593.59 1266.30 30529953         d1thx2(double*, double const&, double const&, propa_type&) [5]
             1181.71    0.00 61059840/61059840     qtile(int const&, double*, int const&) [6]
               84.59    0.00 30529920/61058536     z1sq2(double*, double const&, double const&, double&, double&) [8]
-----------------------------------------------
             1181.71    0.00 61059840/61059840     d1thx2(double*, double const&, double const&, propa_type&) [5]
[6]     44.0 1181.71    0.00 61059840         qtile(int const&, double*, int const&) [6]
-----------------------------------------------
              530.20    0.00 30529953/30529953     qlrpfl2(double*, int, int, prop_type&, propa_type&, propv_type&) [4]
[7]     19.7  530.20    0.00 30529953         hzns2(double*, prop_type&, propa_type&) [7]
-----------------------------------------------
               84.59    0.00 30528616/61058536     qlrpfl2(double*, int, int, prop_type&, propa_type&, propv_type&) [4]
               84.59    0.00 30529920/61058536     d1thx2(double*, double const&, double const&, propa_type&) [5]
[8]      6.3  169.18    0.00 61058536         z1sq2(double*, double const&, double const&, double&, double&) [8]
-----------------------------------------------
                3.28   76.54 30529953/30529953     qlrpfl2(double*, int, int, prop_type&, propa_type&, propv_type&) [4]
[9]      3.0    3.28   76.54 30529953         lrprop2(double, prop_type&, propa_type&) [9]
               33.76   40.95 152558387/152558387     adiff2(double, prop_type&, propa_type&) [10]
                1.20    0.53 19168190/19168190     ascat(double, prop_type&, propa_type&) [19]
                0.08    0.02 20991547/20991547     alos2(double, prop_type&, propa_type&) [34]
-----------------------------------------------
               33.76   40.95 152558387/152558387     lrprop2(double, prop_type&, propa_type&) [9]
[10]     2.8   33.76   40.95 152558387         adiff2(double, prop_type&, propa_type&) [10]
               38.89    0.00 91544161/91589804     saalos(double, prop_type&, propa_type&) [11]
                1.09    0.00 116392035/116392035     fht(double const&, double const&) [23]
                0.98    0.00 180969677/180969677     aknfe(double const&) [24]
-----------------------------------------------
                0.02    0.00   45643/91589804     alos2(double, prop_type&, propa_type&) [34]
               38.89    0.00 91544161/91589804     adiff2(double, prop_type&, propa_type&) [10]
[11]     1.4   38.91    0.00 91589804         saalos(double, prop_type&, propa_type&) [11]
-----------------------------------------------
                0.00    0.00      16/28816       AverageTerrain(site, double, double, double) [47]
                7.46    8.29   28800/28816       PlotLRPath(site, site, unsigned char, _IO_FILE*) [1]
[12]     0.6    7.46    8.29   28816         ReadPath(site, site) [12]
                7.83    0.00 123857878/123857897     GetElevation(site) [14]
                0.45    0.00 123799745/123799759     arccos(double, double) [26]
                0.01    0.00   28816/28816       Distance(site, site) [42]
                0.00    0.00   28816/30558769     Azimuth(site, site) [21]
-----------------------------------------------
                9.93    3.98 30529953/30529953     point_to_point(double*, double, double, double, double, double, double, int, int, double, double, double&, char*, int&) [3]
[13]     0.5    9.93    3.98 30529953         avar(double, double, double, prop_type&, propv_type&) [13]
                3.98    0.00 91589859/91589859     curve(double const&, double const&, double const&, double const&, double const&, double const&) [16]
-----------------------------------------------
                0.00    0.00       1/123857897     haat(site) [51]
                0.00    0.00       2/123857897     SiteReport(site) [37]
                0.00    0.00      16/123857897     AverageTerrain(site, double, double, double) [47]
                7.83    0.00 123857878/123857897     ReadPath(site, site) [12]
[14]     0.3    7.83    0.00 123857897         GetElevation(site) [14]
-----------------------------------------------
                0.00    0.00    1865/123508543     PlaceMarker(site) [52]
                6.08    0.00 123506678/123508543     PlotLRPath(site, site, unsigned char, _IO_FILE*) [1]
[15]     0.2    6.08    0.00 123508543         OrMask(double, double, int) [15]
-----------------------------------------------
                3.98    0.00 91589859/91589859     avar(double, double, double, prop_type&, propv_type&) [13]
[16]     0.1    3.98    0.00 91589859         curve(double const&, double const&, double const&, double const&, double const&, double const&) [16]
-----------------------------------------------
                                                 <spontaneous>
[17]     0.1    3.08    0.00                 WritePPMLR(char*, unsigned char, unsigned char, unsigned char, site*, unsigned char) [17]
                0.00    0.00       2/6           ReduceAngle(double) [59]
                0.00    0.00       1/1           LoadLossColors(site) [62]
-----------------------------------------------
                2.70    0.00 61059906/61059906     point_to_point(double*, double, double, double, double, double, double, int, int, double, double, double&, char*, int&) [3]
[18]     0.1    2.70    0.00 61059906         qerfi(double) [18]
-----------------------------------------------
                1.20    0.53 19168190/19168190     lrprop2(double, prop_type&, propa_type&) [9]
[19]     0.1    1.20    0.53 19168190         ascat(double, prop_type&, propa_type&) [19]
                0.40    0.00 19168190/19168190     h0f(double, double) [27]
                0.14    0.00 9584095/9584095     ahd(double) [32]
-----------------------------------------------
                1.67    0.00 30529953/30529953     PlotLRPath(site, site, unsigned char, _IO_FILE*) [1]
[20]     0.1    1.67    0.00 30529953         GetSignal(double, double) [20]
-----------------------------------------------
                0.00    0.00   28816/30558769     ReadPath(site, site) [12]
                1.28    0.00 30529953/30558769     PlotLRPath(site, site, unsigned char, _IO_FILE*) [1]
[21]     0.0    1.28    0.00 30558769         Azimuth(site, site) [21]
-----------------------------------------------
                1.21    0.00 30529953/30529953     PlotLRPath(site, site, unsigned char, _IO_FILE*) [1]
[22]     0.0    1.21    0.00 30529953         PutMask(double, double, int) [22]
-----------------------------------------------
                1.09    0.00 116392035/116392035     adiff2(double, prop_type&, propa_type&) [10]
[23]     0.0    1.09    0.00 116392035         fht(double const&, double const&) [23]
-----------------------------------------------
                0.98    0.00 180969677/180969677     adiff2(double, prop_type&, propa_type&) [10]
[24]     0.0    0.98    0.00 180969677         aknfe(double const&) [24]
-----------------------------------------------
                0.71    0.00 30529953/30529953     PlotLRPath(site, site, unsigned char, _IO_FILE*) [1]
[25]     0.0    0.71    0.00 30529953         PutSignal(double, double, unsigned char) [25]
-----------------------------------------------
                0.00    0.00      14/123799759     AverageTerrain(site, double, double, double) [47]
                0.45    0.00 123799745/123799759     ReadPath(site, site) [12]
[26]     0.0    0.45    0.00 123799759         arccos(double, double) [26]
-----------------------------------------------
                0.40    0.00 19168190/19168190     ascat(double, prop_type&, propa_type&) [19]
[27]     0.0    0.40    0.00 19168190         h0f(double, double) [27]
-----------------------------------------------
                0.05    0.31       5/5           LoadTopoData(int, int, int, int) [29]
[28]     0.0    0.05    0.31       5         LoadSDF(char*) [28]
                0.31    0.00       5/5           LoadSDF_SDF(char*) [30]
                0.00    0.00       2/2           LoadSDF_BZ(char*) [60]
-----------------------------------------------
                                                 <spontaneous>
[29]     0.0    0.00    0.36                 LoadTopoData(int, int, int, int) [29]
                0.05    0.31       5/5           LoadSDF(char*) [28]
                0.00    0.00       2/6           ReduceAngle(double) [59]
-----------------------------------------------
                0.31    0.00       5/5           LoadSDF(char*) [28]
[30]     0.0    0.31    0.00       5         LoadSDF_SDF(char*) [30]
-----------------------------------------------
                0.23    0.00 30529953/30529953     point_to_point(double*, double, double, double, double, double, double, int, int, double, double, double&, char*, int&) [3]
[31]     0.0    0.23    0.00 30529953         qlrps(double, double, double, int, double, double, prop_type&) [31]
-----------------------------------------------
                0.14    0.00 9584095/9584095     ascat(double, prop_type&, propa_type&) [19]
[32]     0.0    0.14    0.00 9584095         ahd(double) [32]
-----------------------------------------------
                                                 <spontaneous>
[33]     0.0    0.10    0.00                 interpolate(int, int, int, int, int) [33]
-----------------------------------------------
                0.08    0.02 20991547/20991547     lrprop2(double, prop_type&, propa_type&) [9]
[34]     0.0    0.08    0.02 20991547         alos2(double, prop_type&, propa_type&) [34]
                0.02    0.00   45643/91589804     saalos(double, prop_type&, propa_type&) [11]
-----------------------------------------------
                                                 <spontaneous>
[35]     0.0    0.06    0.00                 z1sq1(double*, double const&, double const&, double&, double&) [35]
-----------------------------------------------
                0.00    0.00    1457/123508135     PlaceMarker(site) [52]
                0.04    0.00 123506678/123508135     PlotLRPath(site, site, unsigned char, _IO_FILE*) [1]
[36]     0.0    0.04    0.00 123508135         GetMask(double, double) [36]
-----------------------------------------------
                                                 <spontaneous>
[37]     0.0    0.00    0.04                 SiteReport(site) [37]
                0.03    0.00       2/2           dec2dms(double) [40]
                0.00    0.00       1/1           haat(site) [51]
                0.00    0.00       8/16          AverageTerrain(site, double, double, double) [47]
                0.00    0.00       2/123857897     GetElevation(site) [14]
-----------------------------------------------
                                                 <spontaneous>
[38]     0.0    0.04    0.00                 FORTRAN_DIM(double const&, double const&) [38]
-----------------------------------------------
                                                 <spontaneous>
[39]     0.0    0.04    0.00                 abq_alos(std::complex<double>) [39]
-----------------------------------------------
                0.03    0.00       2/2           SiteReport(site) [37]
[40]     0.0    0.03    0.00       2         dec2dms(double) [40]
-----------------------------------------------
                                                 <spontaneous>
[41]     0.0    0.03    0.00                 adiff(double, prop_type&, propa_type&) [41]
-----------------------------------------------
                0.01    0.00   28816/28816       ReadPath(site, site) [12]
[42]     0.0    0.01    0.00   28816         Distance(site, site) [42]
-----------------------------------------------
                0.01    0.00       1/1           ReadLRParm(site, char) [44]
[43]     0.0    0.01    0.00       1         LoadPAT(char*) [43]
-----------------------------------------------
                                                 <spontaneous>
[44]     0.0    0.00    0.01                 ReadLRParm(site, char) [44]
                0.01    0.00       1/1           LoadPAT(char*) [43]
-----------------------------------------------
                                                 <spontaneous>
[45]     0.0    0.01    0.00                 point_to_point_ITM(double*, double, double, double, double, double, double, int, int, double, double, double&, char*, int&) [45]
-----------------------------------------------
                                                 <spontaneous>
[46]     0.0    0.01    0.00                 lrprop(double, prop_type&, propa_type&) [46]
-----------------------------------------------
                0.00    0.00       8/16          haat(site) [51]
                0.00    0.00       8/16          SiteReport(site) [37]
[47]     0.0    0.00    0.01      16         AverageTerrain(site, double, double, double) [47]
                0.00    0.00      16/28816       ReadPath(site, site) [12]
                0.00    0.00      16/123857897     GetElevation(site) [14]
                0.00    0.00      14/123799759     arccos(double, double) [26]
-----------------------------------------------
                                                 <spontaneous>
[48]     0.0    0.01    0.00                 hzns(double*, prop_type&) [48]
-----------------------------------------------
                                                 <spontaneous>
[49]     0.0    0.01    0.00                 d1thx(double*, double const&, double const&) [49]
-----------------------------------------------
                                                 <spontaneous>
[50]     0.0    0.01    0.00                 qlrpfl(double*, int, int, prop_type&, propa_type&, propv_type&) [50]
-----------------------------------------------
                0.00    0.00       1/1           SiteReport(site) [37]
[51]     0.0    0.00    0.00       1         haat(site) [51]
                0.00    0.00       8/16          AverageTerrain(site, double, double, double) [47]
                0.00    0.00       1/123857897     GetElevation(site) [14]
-----------------------------------------------
                                                 <spontaneous>
[52]     0.0    0.00    0.00                 PlaceMarker(site) [52]
                0.00    0.00    1865/123508543     OrMask(double, double, int) [15]
                0.00    0.00    1457/123508135     GetMask(double, double) [36]
-----------------------------------------------
                0.00    0.00       2/6           PlotLRMap(site, double, char*) [2]
                0.00    0.00       2/6           WritePPMLR(char*, unsigned char, unsigned char, unsigned char, site*, unsigned char) [17]
                0.00    0.00       2/6           LoadTopoData(int, int, int, int) [29]
[59]     0.0    0.00    0.00       6         ReduceAngle(double) [59]
-----------------------------------------------
                0.00    0.00       2/2           LoadSDF(char*) [28]
[60]     0.0    0.00    0.00       2         LoadSDF_BZ(char*) [60]
-----------------------------------------------
                0.00    0.00       2/2           LoadQTH(char*) [92]
[61]     0.0    0.00    0.00       2         ReadBearing(char*) [61]
-----------------------------------------------
                0.00    0.00       1/1           WritePPMLR(char*, unsigned char, unsigned char, unsigned char, site*, unsigned char) [17]
[62]     0.0    0.00    0.00       1         LoadLossColors(site) [62]
-----------------------------------------------

 This table describes the call tree of the program, and was sorted by
 the total amount of time spent in each function and its children.

 Each entry in this table consists of several lines.  The line with the
 index number at the left hand margin lists the current function.
 The lines above it list the functions that called this function,
 and the lines below it list the functions this one called.
 This line lists:
     index	A unique number given to each element of the table.
		Index numbers are sorted numerically.
		The index number is printed next to every function name so
		it is easier to look up where the function in the table.

     % time	This is the percentage of the `total' time that was spent
		in this function and its children.  Note that due to
		different viewpoints, functions excluded by options, etc,
		these numbers will NOT add up to 100%.

     self	This is the total amount of time spent in this function.

     children	This is the total amount of time propagated into this
		function by its children.

     called	This is the number of times the function was called.
		If the function called itself recursively, the number
		only includes non-recursive calls, and is followed by
		a `+' and the number of recursive calls.

     name	The name of the current function.  The index number is
		printed after it.  If the function is a member of a
		cycle, the cycle number is printed between the
		function's name and the index number.


 For the function's parents, the fields have the following meanings:

     self	This is the amount of time that was propagated directly
		from the function into this parent.

     children	This is the amount of time that was propagated from
		the function's children into this parent.

     called	This is the number of times this parent called the
		function `/' the total number of times the function
		was called.  Recursive calls to the function are not
		included in the number after the `/'.

     name	This is the name of the parent.  The parent's index
		number is printed after it.  If the parent is a
		member of a cycle, the cycle number is printed between
		the name and the index number.

 If the parents of the function cannot be determined, the word
 `<spontaneous>' is printed in the `name' field, and all the other
 fields are blank.

 For the function's children, the fields have the following meanings:

     self	This is the amount of time that was propagated directly
		from the child into the function.

     children	This is the amount of time that was propagated from the
		child's children to the function.

     called	This is the number of times the function called
		this child `/' the total number of times the child
		was called.  Recursive calls by the child are not
		listed in the number after the `/'.

     name	This is the name of the child.  The child's index
		number is printed after it.  If the child is a
		member of a cycle, the cycle number is printed
		between the name and the index number.

 If there are any cycles (circles) in the call graph, there is an
 entry for the cycle-as-a-whole.  This entry shows who called the
 cycle (as parents) and the members of the cycle (as children.)
 The `+' recursive calls entry shows the number of function calls that
 were internal to the cycle, and the calls entry for each member shows,
 for that member, how many times it was called from other members of
 the cycle.


Index by function name

  [60] LoadSDF_BZ(char*)      [51] haat(site)              [5] d1thx2(double*, double const&, double const&, propa_type&)
   [1] PlotLRPath(site, site, unsigned char, _IO_FILE*) [48] hzns(double*, prop_type&) [46] lrprop(double, prop_type&, propa_type&)
  [17] WritePPMLR(char*, unsigned char, unsigned char, unsigned char, site*, unsigned char) [41] adiff(double, prop_type&, propa_type&) [50] qlrpfl(double*, int, int, prop_type&, propa_type&, propv_type&)
  [38] FORTRAN_DIM(double const&, double const&) [24] aknfe(double const&) [11] saalos(double, prop_type&, propa_type&)
  [30] LoadSDF_SDF(char*)     [34] alos2(double, prop_type&, propa_type&) [21] Azimuth(site, site)
  [61] ReadBearing(char*)     [19] ascat(double, prop_type&, propa_type&) [36] GetMask(double, double)
  [59] ReduceAngle(double)    [16] curve(double const&, double const&, double const&, double const&, double const&, double const&) [43] LoadPAT(char*)
  [33] interpolate(int, int, int, int, int) [49] d1thx(double*, double const&, double const&) [28] LoadSDF(char*)
  [14] GetElevation(site)      [7] hzns2(double*, prop_type&, propa_type&) [22] PutMask(double, double, int)
  [47] AverageTerrain(site, double, double, double) [18] qerfi(double) [40] dec2dms(double)
  [62] LoadLossColors(site)   [31] qlrps(double, double, double, int, double, double, prop_type&) [9] lrprop2(double, prop_type&, propa_type&)
   [3] point_to_point(double*, double, double, double, double, double, double, int, int, double, double, double&, char*, int&) [6] qtile(int const&, double*, int const&) [4] qlrpfl2(double*, int, int, prop_type&, propa_type&, propv_type&)
  [45] point_to_point_ITM(double*, double, double, double, double, double, double, int, int, double, double, double&, char*, int&) [35] z1sq1(double*, double const&, double const&, double&, double&) [42] Distance(site, site)
  [32] ahd(double)             [8] z1sq2(double*, double const&, double const&, double&, double&) [12] ReadPath(site, site)
  [23] fht(double const&, double const&) [15] OrMask(double, double, int) [39] abq_alos(std::complex<double>)
  [27] h0f(double, double)    [10] adiff2(double, prop_type&, propa_type&) [20] GetSignal(double, double)
  [13] avar(double, double, double, prop_type&, propv_type&) [26] arccos(double, double) [25] PutSignal(double, double, unsigned char)
