Run with 59 miles:
Flat profile:

Each sample counts as 0.01 seconds.
  %   cumulative   self              self     total           
 time   seconds   seconds    calls  ms/call  ms/call  name    
 43.80   1135.15  1135.15 59784260     0.02     0.02  qtile(int const&, double*, int const&)
 21.98   1704.72   569.57 29892163     0.02     0.06  d1thx2(double*, double const&, double const&, propa_type&)
 19.94   2221.55   516.83 29892163     0.02     0.02  hzns2(double*, prop_type&, propa_type&)
  6.19   2381.99   160.45 59782956     0.00     0.00  z1sq2(double*, double const&, double const&, double&, double&)
  2.96   2458.68    76.68 29892163     0.00     0.09  point_to_point(double*, double, double, double, double, double, double, int, int, double, double, double&, char*, int&)
  1.41   2495.16    36.48 89676434     0.00     0.00  saalos(double, prop_type&, propa_type&)
  1.31   2529.17    34.01 149369437     0.00     0.00  adiff2(double, prop_type&, propa_type&)
  0.47   2541.44    12.27 29892163     0.00     0.00  avar(double, double, double, prop_type&, propv_type&)
  0.30   2549.20     7.76 123857897     0.00     0.00  GetElevation(site)
  0.30   2556.96     7.76    28816     0.27     0.56  ReadPath(site, site)
  0.24   2563.08     6.12 121750098     0.00     0.00  OrMask(double, double, int)
  0.19   2568.02     4.94    28800     0.17    89.87  PlotLRPath(site, site, unsigned char, _IO_FILE*)
  0.12   2571.22     3.20 89676489     0.00     0.00  curve(double const&, double const&, double const&, double const&, double const&, double const&)
  0.12   2574.32     3.10 29892163     0.00     0.00  lrprop2(double, prop_type&, propa_type&)
  0.12   2577.37     3.05                             WritePPMLR(char*, unsigned char, unsigned char, unsigned char, site*, unsigned char)
  0.10   2579.91     2.55 59784326     0.00     0.00  qerfi(double)
  0.07   2581.75     1.84 29892163     0.00     0.00  GetSignal(double, double)
  0.06   2583.42     1.67 29892163     0.00     0.08  qlrpfl2(double*, int, int, prop_type&, propa_type&, propv_type&)
  0.05   2584.74     1.32 113920663     0.00     0.00  fht(double const&, double const&)
  0.04   2585.90     1.16 18138480     0.00     0.00  ascat(double, prop_type&, propa_type&)
  0.04   2587.05     1.15 29920979     0.00     0.00  Azimuth(site, site)
  0.04   2588.18     1.14 177160664     0.00     0.00  aknfe(double const&)
  0.04   2589.25     1.07 29892163     0.00     0.00  PutMask(double, double, int)
  0.02   2589.85     0.60 29892163     0.00     0.00  PutSignal(double, double, unsigned char)
  0.02   2590.34     0.49 123799759     0.00     0.00  arccos(double, double)
  0.02   2590.73     0.39 18138480     0.00     0.00  h0f(double, double)
  0.01   2591.00     0.27        5    54.00    54.00  LoadSDF_SDF(char*)
  0.01   2591.19     0.19 29892163     0.00     0.00  qlrps(double, double, double, int, double, double, prop_type&)
  0.01   2591.33     0.14  9069240     0.00     0.00  ahd(double)
  0.00   2591.43     0.10 20868612     0.00     0.00  alos2(double, prop_type&, propa_type&)
  0.00   2591.51     0.09                             z1sq1(double*, double const&, double const&, double&, double&)
  0.00   2591.57     0.06 121749690     0.00     0.00  GetMask(double, double)
  0.00   2591.63     0.06        5    12.00    66.00  LoadSDF(char*)
  0.00   2591.68     0.05                             FORTRAN_DIM(double const&, double const&)
  0.00   2591.72     0.05                             adiff(double, prop_type&, propa_type&)
  0.00   2591.76     0.04                             interpolate(int, int, int, int, int)
  0.00   2591.79     0.03        2    15.00    15.00  dec2dms(double)
  0.00   2591.82     0.03                             abq_alos(std::complex<double>)
  0.00   2591.85     0.03                             lrprop(double, prop_type&, propa_type&)
  0.00   2591.87     0.02                             PlotLRMap(site, double, char*)
  0.00   2591.88     0.01                             point_to_point_ITM(double*, double, double, double, double, double, double, int, int, double, double, double&, char*, int&)
  0.00   2591.89     0.01                             qlrpfl(double*, int, int, prop_type&, propa_type&, propv_type&)
  0.00   2591.89     0.01                             alos(double, prop_type&, propa_type&)
  0.00   2591.90     0.01                             hzns(double*, prop_type&)
  0.00   2591.90     0.01                             d1thx(double*, double const&, double const&)
  0.00   2591.90     0.00    28816     0.00     0.00  Distance(site, site)
  0.00   2591.90     0.00       16     0.00     0.56  AverageTerrain(site, double, double, double)
  0.00   2591.90     0.00        6     0.00     0.00  ReduceAngle(double)
  0.00   2591.90     0.00        2     0.00     0.00  LoadSDF_BZ(char*)
  0.00   2591.90     0.00        2     0.00     0.00  ReadBearing(char*)
  0.00   2591.90     0.00        1     0.00     0.00  LoadLossColors(site)
  0.00   2591.90     0.00        1     0.00     4.45  haat(site)
  0.00   2591.90     0.00        1     0.00     0.00  LoadPAT(char*)

 %         the percentage of the total running time of the
time       program used by this function.

cumulative a running sum of the number of seconds accounted
 seconds   for by this function and those listed above it.

 self      the number of seconds accounted for by this
seconds    function alone.  This is the major sort for this
           listing.

calls      the number of times this function was invoked, if
           this function is profiled, else blank.
 
 self      the average number of milliseconds spent in this
ms/call    function per call, if this function is profiled,
	   else blank.

 total     the average number of milliseconds spent in this
ms/call    function and its descendents per call, if this 
	   function is profiled, else blank.

name       the name of the function.  This is the minor sort
           for this listing. The index shows the location of
	   the function in the gprof listing. If the index is
	   in parenthesis it shows where it would appear in
	   the gprof listing if it were to be printed.

		     Call graph (explanation follows)


granularity: each sample hit covers 2 byte(s) for 0.00% of 2591.90 seconds

index % time    self  children    called     name
                                                 <spontaneous>
[1]     99.9    0.02 2588.16                 PlotLRMap(site, double, char*) [1]
                4.94 2583.22   28800/28800       PlotLRPath(site, site, unsigned char, _IO_FILE*) [2]
                0.00    0.00       2/6           ReduceAngle(double) [58]
-----------------------------------------------
                4.94 2583.22   28800/28800       PlotLRMap(site, double, char*) [1]
[2]     99.9    4.94 2583.22   28800         PlotLRPath(site, site, unsigned char, _IO_FILE*) [2]
               76.68 2479.69 29892163/29892163     point_to_point(double*, double, double, double, double, double, double, int, int, double, double, double&, char*, int&) [3]
                7.76    8.25   28800/28816       ReadPath(site, site) [12]
                6.12    0.00 121748233/121750098     OrMask(double, double, int) [15]
                1.84    0.00 29892163/29892163     GetSignal(double, double) [19]
                1.15    0.00 29892163/29920979     Azimuth(site, site) [22]
                1.07    0.00 29892163/29892163     PutMask(double, double, int) [24]
                0.60    0.00 29892163/29892163     PutSignal(double, double, unsigned char) [25]
                0.06    0.00 121748233/121749690     GetMask(double, double) [35]
-----------------------------------------------
               76.68 2479.69 29892163/29892163     PlotLRPath(site, site, unsigned char, _IO_FILE*) [2]
[3]     98.6   76.68 2479.69 29892163         point_to_point(double*, double, double, double, double, double, double, int, int, double, double, double&, char*, int&) [3]
                1.67 2459.81 29892163/29892163     qlrpfl2(double*, int, int, prop_type&, propa_type&, propv_type&) [4]
               12.27    3.20 29892163/29892163     avar(double, double, double, prop_type&, propv_type&) [13]
                2.55    0.00 59784326/59784326     qerfi(double) [18]
                0.19    0.00 29892163/29892163     qlrps(double, double, double, int, double, double, prop_type&) [31]
-----------------------------------------------
                1.67 2459.81 29892163/29892163     point_to_point(double*, double, double, double, double, double, double, int, int, double, double, double&, char*, int&) [3]
[4]     95.0    1.67 2459.81 29892163         qlrpfl2(double*, int, int, prop_type&, propa_type&, propv_type&) [4]
              569.57 1215.38 29892163/29892163     d1thx2(double*, double const&, double const&, propa_type&) [5]
              516.83    0.00 29892163/29892163     hzns2(double*, prop_type&, propa_type&) [7]
               80.22    0.00 29890826/59782956     z1sq2(double*, double const&, double const&, double&, double&) [8]
                3.10   74.72 29892163/29892163     lrprop2(double, prop_type&, propa_type&) [9]
-----------------------------------------------
              569.57 1215.38 29892163/29892163     qlrpfl2(double*, int, int, prop_type&, propa_type&, propv_type&) [4]
[5]     68.9  569.57 1215.38 29892163         d1thx2(double*, double const&, double const&, propa_type&) [5]
             1135.15    0.00 59784260/59784260     qtile(int const&, double*, int const&) [6]
               80.22    0.00 29892130/59782956     z1sq2(double*, double const&, double const&, double&, double&) [8]
-----------------------------------------------
             1135.15    0.00 59784260/59784260     d1thx2(double*, double const&, double const&, propa_type&) [5]
[6]     43.8 1135.15    0.00 59784260         qtile(int const&, double*, int const&) [6]
-----------------------------------------------
              516.83    0.00 29892163/29892163     qlrpfl2(double*, int, int, prop_type&, propa_type&, propv_type&) [4]
[7]     19.9  516.83    0.00 29892163         hzns2(double*, prop_type&, propa_type&) [7]
-----------------------------------------------
               80.22    0.00 29890826/59782956     qlrpfl2(double*, int, int, prop_type&, propa_type&, propv_type&) [4]
               80.22    0.00 29892130/59782956     d1thx2(double*, double const&, double const&, propa_type&) [5]
[8]      6.2  160.45    0.00 59782956         z1sq2(double*, double const&, double const&, double&, double&) [8]
-----------------------------------------------
                3.10   74.72 29892163/29892163     qlrpfl2(double*, int, int, prop_type&, propa_type&, propv_type&) [4]
[9]      3.0    3.10   74.72 29892163         lrprop2(double, prop_type&, propa_type&) [9]
               34.01   38.92 149369437/149369437     adiff2(double, prop_type&, propa_type&) [10]
                1.16    0.53 18138480/18138480     ascat(double, prop_type&, propa_type&) [20]
                0.10    0.02 20868612/20868612     alos2(double, prop_type&, propa_type&) [33]
-----------------------------------------------
               34.01   38.92 149369437/149369437     lrprop2(double, prop_type&, propa_type&) [9]
[10]     2.8   34.01   38.92 149369437         adiff2(double, prop_type&, propa_type&) [10]
               36.46    0.00 89630791/89676434     saalos(double, prop_type&, propa_type&) [11]
                1.32    0.00 113920663/113920663     fht(double const&, double const&) [21]
                1.14    0.00 177160664/177160664     aknfe(double const&) [23]
-----------------------------------------------
                0.02    0.00   45643/89676434     alos2(double, prop_type&, propa_type&) [33]
               36.46    0.00 89630791/89676434     adiff2(double, prop_type&, propa_type&) [10]
[11]     1.4   36.48    0.00 89676434         saalos(double, prop_type&, propa_type&) [11]
-----------------------------------------------
                0.00    0.00      16/28816       AverageTerrain(site, double, double, double) [45]
                7.76    8.25   28800/28816       PlotLRPath(site, site, unsigned char, _IO_FILE*) [2]
[12]     0.6    7.76    8.25   28816         ReadPath(site, site) [12]
                7.76    0.00 123857878/123857897     GetElevation(site) [14]
                0.49    0.00 123799745/123799759     arccos(double, double) [26]
                0.00    0.00   28816/29920979     Azimuth(site, site) [22]
                0.00    0.00   28816/28816       Distance(site, site) [57]
-----------------------------------------------
               12.27    3.20 29892163/29892163     point_to_point(double*, double, double, double, double, double, double, int, int, double, double, double&, char*, int&) [3]
[13]     0.6   12.27    3.20 29892163         avar(double, double, double, prop_type&, propv_type&) [13]
                3.20    0.00 89676489/89676489     curve(double const&, double const&, double const&, double const&, double const&, double const&) [16]
-----------------------------------------------
                0.00    0.00       1/123857897     haat(site) [49]
                0.00    0.00       2/123857897     SiteReport(site) [39]
                0.00    0.00      16/123857897     AverageTerrain(site, double, double, double) [45]
                7.76    0.00 123857878/123857897     ReadPath(site, site) [12]
[14]     0.3    7.76    0.00 123857897         GetElevation(site) [14]
-----------------------------------------------
                0.00    0.00    1865/121750098     PlaceMarker(site) [50]
                6.12    0.00 121748233/121750098     PlotLRPath(site, site, unsigned char, _IO_FILE*) [2]
[15]     0.2    6.12    0.00 121750098         OrMask(double, double, int) [15]
-----------------------------------------------
                3.20    0.00 89676489/89676489     avar(double, double, double, prop_type&, propv_type&) [13]
[16]     0.1    3.20    0.00 89676489         curve(double const&, double const&, double const&, double const&, double const&, double const&) [16]
-----------------------------------------------
                                                 <spontaneous>
[17]     0.1    3.05    0.00                 WritePPMLR(char*, unsigned char, unsigned char, unsigned char, site*, unsigned char) [17]
                0.00    0.00       2/6           ReduceAngle(double) [58]
                0.00    0.00       1/1           LoadLossColors(site) [61]
-----------------------------------------------
                2.55    0.00 59784326/59784326     point_to_point(double*, double, double, double, double, double, double, int, int, double, double, double&, char*, int&) [3]
[18]     0.1    2.55    0.00 59784326         qerfi(double) [18]
-----------------------------------------------
                1.84    0.00 29892163/29892163     PlotLRPath(site, site, unsigned char, _IO_FILE*) [2]
[19]     0.1    1.84    0.00 29892163         GetSignal(double, double) [19]
-----------------------------------------------
                1.16    0.53 18138480/18138480     lrprop2(double, prop_type&, propa_type&) [9]
[20]     0.1    1.16    0.53 18138480         ascat(double, prop_type&, propa_type&) [20]
                0.39    0.00 18138480/18138480     h0f(double, double) [27]
                0.14    0.00 9069240/9069240     ahd(double) [32]
-----------------------------------------------
                1.32    0.00 113920663/113920663     adiff2(double, prop_type&, propa_type&) [10]
[21]     0.1    1.32    0.00 113920663         fht(double const&, double const&) [21]
-----------------------------------------------
                0.00    0.00   28816/29920979     ReadPath(site, site) [12]
                1.15    0.00 29892163/29920979     PlotLRPath(site, site, unsigned char, _IO_FILE*) [2]
[22]     0.0    1.15    0.00 29920979         Azimuth(site, site) [22]
-----------------------------------------------
                1.14    0.00 177160664/177160664     adiff2(double, prop_type&, propa_type&) [10]
[23]     0.0    1.14    0.00 177160664         aknfe(double const&) [23]
-----------------------------------------------
                1.07    0.00 29892163/29892163     PlotLRPath(site, site, unsigned char, _IO_FILE*) [2]
[24]     0.0    1.07    0.00 29892163         PutMask(double, double, int) [24]
-----------------------------------------------
                0.60    0.00 29892163/29892163     PlotLRPath(site, site, unsigned char, _IO_FILE*) [2]
[25]     0.0    0.60    0.00 29892163         PutSignal(double, double, unsigned char) [25]
-----------------------------------------------
                0.00    0.00      14/123799759     AverageTerrain(site, double, double, double) [45]
                0.49    0.00 123799745/123799759     ReadPath(site, site) [12]
[26]     0.0    0.49    0.00 123799759         arccos(double, double) [26]
-----------------------------------------------
                0.39    0.00 18138480/18138480     ascat(double, prop_type&, propa_type&) [20]
[27]     0.0    0.39    0.00 18138480         h0f(double, double) [27]
-----------------------------------------------
                0.06    0.27       5/5           LoadTopoData(int, int, int, int) [29]
[28]     0.0    0.06    0.27       5         LoadSDF(char*) [28]
                0.27    0.00       5/5           LoadSDF_SDF(char*) [30]
                0.00    0.00       2/2           LoadSDF_BZ(char*) [59]
-----------------------------------------------
                                                 <spontaneous>
[29]     0.0    0.00    0.33                 LoadTopoData(int, int, int, int) [29]
                0.06    0.27       5/5           LoadSDF(char*) [28]
                0.00    0.00       2/6           ReduceAngle(double) [58]
-----------------------------------------------
                0.27    0.00       5/5           LoadSDF(char*) [28]
[30]     0.0    0.27    0.00       5         LoadSDF_SDF(char*) [30]
-----------------------------------------------
                0.19    0.00 29892163/29892163     point_to_point(double*, double, double, double, double, double, double, int, int, double, double, double&, char*, int&) [3]
[31]     0.0    0.19    0.00 29892163         qlrps(double, double, double, int, double, double, prop_type&) [31]
-----------------------------------------------
                0.14    0.00 9069240/9069240     ascat(double, prop_type&, propa_type&) [20]
[32]     0.0    0.14    0.00 9069240         ahd(double) [32]
-----------------------------------------------
                0.10    0.02 20868612/20868612     lrprop2(double, prop_type&, propa_type&) [9]
[33]     0.0    0.10    0.02 20868612         alos2(double, prop_type&, propa_type&) [33]
                0.02    0.00   45643/89676434     saalos(double, prop_type&, propa_type&) [11]
-----------------------------------------------
                                                 <spontaneous>
[34]     0.0    0.09    0.00                 z1sq1(double*, double const&, double const&, double&, double&) [34]
-----------------------------------------------
                0.00    0.00    1457/121749690     PlaceMarker(site) [50]
                0.06    0.00 121748233/121749690     PlotLRPath(site, site, unsigned char, _IO_FILE*) [2]
[35]     0.0    0.06    0.00 121749690         GetMask(double, double) [35]
-----------------------------------------------
                                                 <spontaneous>
[36]     0.0    0.05    0.00                 FORTRAN_DIM(double const&, double const&) [36]
-----------------------------------------------
                                                 <spontaneous>
[37]     0.0    0.05    0.00                 adiff(double, prop_type&, propa_type&) [37]
-----------------------------------------------
                                                 <spontaneous>
[38]     0.0    0.04    0.00                 interpolate(int, int, int, int, int) [38]
-----------------------------------------------
                                                 <spontaneous>
[39]     0.0    0.00    0.04                 SiteReport(site) [39]
                0.03    0.00       2/2           dec2dms(double) [40]
                0.00    0.00       1/1           haat(site) [49]
                0.00    0.00       8/16          AverageTerrain(site, double, double, double) [45]
                0.00    0.00       2/123857897     GetElevation(site) [14]
-----------------------------------------------
                0.03    0.00       2/2           SiteReport(site) [39]
[40]     0.0    0.03    0.00       2         dec2dms(double) [40]
-----------------------------------------------
                                                 <spontaneous>
[41]     0.0    0.03    0.00                 abq_alos(std::complex<double>) [41]
-----------------------------------------------
                                                 <spontaneous>
[42]     0.0    0.03    0.00                 lrprop(double, prop_type&, propa_type&) [42]
-----------------------------------------------
                                                 <spontaneous>
[43]     0.0    0.01    0.00                 point_to_point_ITM(double*, double, double, double, double, double, double, int, int, double, double, double&, char*, int&) [43]
-----------------------------------------------
                                                 <spontaneous>
[44]     0.0    0.01    0.00                 qlrpfl(double*, int, int, prop_type&, propa_type&, propv_type&) [44]
-----------------------------------------------
                0.00    0.00       8/16          haat(site) [49]
                0.00    0.00       8/16          SiteReport(site) [39]
[45]     0.0    0.00    0.01      16         AverageTerrain(site, double, double, double) [45]
                0.00    0.00      16/28816       ReadPath(site, site) [12]
                0.00    0.00      16/123857897     GetElevation(site) [14]
                0.00    0.00      14/123799759     arccos(double, double) [26]
-----------------------------------------------
                                                 <spontaneous>
[46]     0.0    0.01    0.00                 alos(double, prop_type&, propa_type&) [46]
-----------------------------------------------
                                                 <spontaneous>
[47]     0.0    0.01    0.00                 hzns(double*, prop_type&) [47]
-----------------------------------------------
                                                 <spontaneous>
[48]     0.0    0.01    0.00                 d1thx(double*, double const&, double const&) [48]
-----------------------------------------------
                0.00    0.00       1/1           SiteReport(site) [39]
[49]     0.0    0.00    0.00       1         haat(site) [49]
                0.00    0.00       8/16          AverageTerrain(site, double, double, double) [45]
                0.00    0.00       1/123857897     GetElevation(site) [14]
-----------------------------------------------
                                                 <spontaneous>
[50]     0.0    0.00    0.00                 PlaceMarker(site) [50]
                0.00    0.00    1865/121750098     OrMask(double, double, int) [15]
                0.00    0.00    1457/121749690     GetMask(double, double) [35]
-----------------------------------------------
                0.00    0.00   28816/28816       ReadPath(site, site) [12]
[57]     0.0    0.00    0.00   28816         Distance(site, site) [57]
-----------------------------------------------
                0.00    0.00       2/6           PlotLRMap(site, double, char*) [1]
                0.00    0.00       2/6           WritePPMLR(char*, unsigned char, unsigned char, unsigned char, site*, unsigned char) [17]
                0.00    0.00       2/6           LoadTopoData(int, int, int, int) [29]
[58]     0.0    0.00    0.00       6         ReduceAngle(double) [58]
-----------------------------------------------
                0.00    0.00       2/2           LoadSDF(char*) [28]
[59]     0.0    0.00    0.00       2         LoadSDF_BZ(char*) [59]
-----------------------------------------------
                0.00    0.00       2/2           LoadQTH(char*) [92]
[60]     0.0    0.00    0.00       2         ReadBearing(char*) [60]
-----------------------------------------------
                0.00    0.00       1/1           WritePPMLR(char*, unsigned char, unsigned char, unsigned char, site*, unsigned char) [17]
[61]     0.0    0.00    0.00       1         LoadLossColors(site) [61]
-----------------------------------------------
                0.00    0.00       1/1           ReadLRParm(site, char) [66]
[62]     0.0    0.00    0.00       1         LoadPAT(char*) [62]
-----------------------------------------------

 This table describes the call tree of the program, and was sorted by
 the total amount of time spent in each function and its children.

 Each entry in this table consists of several lines.  The line with the
 index number at the left hand margin lists the current function.
 The lines above it list the functions that called this function,
 and the lines below it list the functions this one called.
 This line lists:
     index	A unique number given to each element of the table.
		Index numbers are sorted numerically.
		The index number is printed next to every function name so
		it is easier to look up where the function in the table.

     % time	This is the percentage of the `total' time that was spent
		in this function and its children.  Note that due to
		different viewpoints, functions excluded by options, etc,
		these numbers will NOT add up to 100%.

     self	This is the total amount of time spent in this function.

     children	This is the total amount of time propagated into this
		function by its children.

     called	This is the number of times the function was called.
		If the function called itself recursively, the number
		only includes non-recursive calls, and is followed by
		a `+' and the number of recursive calls.

     name	The name of the current function.  The index number is
		printed after it.  If the function is a member of a
		cycle, the cycle number is printed between the
		function's name and the index number.


 For the function's parents, the fields have the following meanings:

     self	This is the amount of time that was propagated directly
		from the function into this parent.

     children	This is the amount of time that was propagated from
		the function's children into this parent.

     called	This is the number of times this parent called the
		function `/' the total number of times the function
		was called.  Recursive calls to the function are not
		included in the number after the `/'.

     name	This is the name of the parent.  The parent's index
		number is printed after it.  If the parent is a
		member of a cycle, the cycle number is printed between
		the name and the index number.

 If the parents of the function cannot be determined, the word
 `<spontaneous>' is printed in the `name' field, and all the other
 fields are blank.

 For the function's children, the fields have the following meanings:

     self	This is the amount of time that was propagated directly
		from the child into the function.

     children	This is the amount of time that was propagated from the
		child's children to the function.

     called	This is the number of times the function called
		this child `/' the total number of times the child
		was called.  Recursive calls by the child are not
		listed in the number after the `/'.

     name	This is the name of the child.  The child's index
		number is printed after it.  If the child is a
		member of a cycle, the cycle number is printed
		between the name and the index number.

 If there are any cycles (circles) in the call graph, there is an
 entry for the cycle-as-a-whole.  This entry shows who called the
 cycle (as parents) and the members of the cycle (as children.)
 The `+' recursive calls entry shows the number of function calls that
 were internal to the cycle, and the calls entry for each member shows,
 for that member, how many times it was called from other members of
 the cycle.


Index by function name

  [59] LoadSDF_BZ(char*)      [49] haat(site)             [42] lrprop(double, prop_type&, propa_type&)
   [2] PlotLRPath(site, site, unsigned char, _IO_FILE*) [47] hzns(double*, prop_type&) [44] qlrpfl(double*, int, int, prop_type&, propa_type&, propv_type&)
  [17] WritePPMLR(char*, unsigned char, unsigned char, unsigned char, site*, unsigned char) [37] adiff(double, prop_type&, propa_type&) [11] saalos(double, prop_type&, propa_type&)
  [36] FORTRAN_DIM(double const&, double const&) [23] aknfe(double const&) [22] Azimuth(site, site)
  [30] LoadSDF_SDF(char*)     [33] alos2(double, prop_type&, propa_type&) [35] GetMask(double, double)
  [60] ReadBearing(char*)     [20] ascat(double, prop_type&, propa_type&) [62] LoadPAT(char*)
  [58] ReduceAngle(double)    [16] curve(double const&, double const&, double const&, double const&, double const&, double const&) [28] LoadSDF(char*)
  [38] interpolate(int, int, int, int, int) [48] d1thx(double*, double const&, double const&) [24] PutMask(double, double, int)
  [14] GetElevation(site)      [7] hzns2(double*, prop_type&, propa_type&) [40] dec2dms(double)
  [45] AverageTerrain(site, double, double, double) [18] qerfi(double) [9] lrprop2(double, prop_type&, propa_type&)
  [61] LoadLossColors(site)   [31] qlrps(double, double, double, int, double, double, prop_type&) [4] qlrpfl2(double*, int, int, prop_type&, propa_type&, propv_type&)
   [3] point_to_point(double*, double, double, double, double, double, double, int, int, double, double, double&, char*, int&) [6] qtile(int const&, double*, int const&) [57] Distance(site, site)
  [43] point_to_point_ITM(double*, double, double, double, double, double, double, int, int, double, double, double&, char*, int&) [34] z1sq1(double*, double const&, double const&, double&, double&) [12] ReadPath(site, site)
  [32] ahd(double)             [8] z1sq2(double*, double const&, double const&, double&, double&) [41] abq_alos(std::complex<double>)
  [21] fht(double const&, double const&) [15] OrMask(double, double, int) [19] GetSignal(double, double)
  [27] h0f(double, double)    [10] adiff2(double, prop_type&, propa_type&) [1] PlotLRMap(site, double, char*)
  [46] alos(double, prop_type&, propa_type&) [26] arccos(double, double) [25] PutSignal(double, double, unsigned char)
  [13] avar(double, double, double, prop_type&, propv_type&) [5] d1thx2(double*, double const&, double const&, propa_type&)
