Run with 15 miles:
Flat profile:

Each sample counts as 0.01 seconds.
  %   cumulative   self              self     total           
 time   seconds   seconds    calls  ms/call  ms/call  name    
 33.86     21.66    21.66  4703042     0.00     0.00  qtile(int const&, double*, int const&)
 19.29     34.00    12.34  2351554     0.01     0.02  d1thx2(double*, double const&, double const&, propa_type&)
 19.15     46.25    12.25  2351554     0.01     0.01  hzns2(double*, prop_type&, propa_type&)
  5.99     50.09     3.84  4701737     0.00     0.00  z1sq2(double*, double const&, double const&, double&, double&)
  4.42     52.92     2.83  7054610     0.00     0.00  saalos(double, prop_type&, propa_type&)
  4.22     55.62     2.70 11671760     0.00     0.00  adiff2(double, prop_type&, propa_type&)
  2.69     57.34     1.72    14416     0.12     0.23  ReadPath(site, site)
  2.52     58.95     1.61  2351554     0.00     0.03  point_to_point(double*, double, double, double, double, double, double, int, int, double, double, double&, char*, int&)
  2.24     60.38     1.43 31283163     0.00     0.00  GetElevation(site)
  1.10     61.08     0.71  2351554     0.00     0.00  avar(double, double, double, prop_type&, propv_type&)
  0.89     61.65     0.57 14748869     0.00     0.00  OrMask(double, double, int)
  0.73     62.12     0.47    14400     0.03     4.41  PlotLRPath(site, site, unsigned char, _IO_FILE*)
  0.49     62.44     0.32  2351554     0.00     0.00  lrprop2(double, prop_type&, propa_type&)
  0.45     62.73     0.29  7054662     0.00     0.00  curve(double const&, double const&, double const&, double const&, double const&, double const&)
  0.45     63.02     0.29                             WritePPMLR(char*, unsigned char, unsigned char, unsigned char, site*, unsigned char)
  0.35     63.24     0.23  4703108     0.00     0.00  qerfi(double)
  0.20     63.37     0.13 31253849     0.00     0.00  arccos(double, double)
  0.19     63.49     0.12  8455143     0.00     0.00  fht(double const&, double const&)
  0.13     63.57     0.08  2351554     0.00     0.02  qlrpfl2(double*, int, int, prop_type&, propa_type&, propv_type&)
  0.11     63.64     0.07  2365970     0.00     0.00  Azimuth(site, site)
  0.09     63.70     0.06  2351554     0.00     0.00  PutMask(double, double, int)
  0.08     63.75     0.05 13848287     0.00     0.00  aknfe(double const&)
  0.08     63.80     0.05  2351554     0.00     0.00  GetSignal(double, double)
  0.08     63.85     0.05        2    25.00    25.00  LoadSDF_SDF(char*)
  0.06     63.89     0.04                             interpolate(int, int, int, int, int)
  0.05     63.92     0.03 14748461     0.00     0.00  GetMask(double, double)
  0.04     63.95     0.03  2351554     0.00     0.00  qlrps(double, double, double, int, double, double, prop_type&)
  0.02     63.96     0.01  2351554     0.00     0.00  PutSignal(double, double, unsigned char)
  0.02     63.97     0.01                             adiff(double, prop_type&, propa_type&)
  0.02     63.98     0.01                             d1thx(double*, double const&, double const&)
  0.01     63.98     0.01                             z1sq1(double*, double const&, double const&, double&, double&)
  0.00     63.98     0.00  2394559     0.00     0.00  alos2(double, prop_type&, propa_type&)
  0.00     63.98     0.00    14416     0.00     0.00  Distance(site, site)
  0.00     63.98     0.00       16     0.00     0.23  AverageTerrain(site, double, double, double)
  0.00     63.98     0.00        6     0.00     0.00  ReduceAngle(double)
  0.00     63.98     0.00        2     0.00     0.00  ReadBearing(char*)
  0.00     63.98     0.00        2     0.00    25.00  LoadSDF(char*)
  0.00     63.98     0.00        2     0.00     0.00  dec2dms(double)
  0.00     63.98     0.00        1     0.00     0.00  LoadSDF_BZ(char*)
  0.00     63.98     0.00        1     0.00     0.00  LoadLossColors(site)
  0.00     63.98     0.00        1     0.00     1.82  haat(site)
  0.00     63.98     0.00        1     0.00     0.00  LoadPAT(char*)

 %         the percentage of the total running time of the
time       program used by this function.

cumulative a running sum of the number of seconds accounted
 seconds   for by this function and those listed above it.

 self      the number of seconds accounted for by this
seconds    function alone.  This is the major sort for this
           listing.

calls      the number of times this function was invoked, if
           this function is profiled, else blank.
 
 self      the average number of milliseconds spent in this
ms/call    function per call, if this function is profiled,
	   else blank.

 total     the average number of milliseconds spent in this
ms/call    function and its descendents per call, if this 
	   function is profiled, else blank.

name       the name of the function.  This is the minor sort
           for this listing. The index shows the location of
	   the function in the gprof listing. If the index is
	   in parenthesis it shows where it would appear in
	   the gprof listing if it were to be printed.

		     Call graph (explanation follows)


granularity: each sample hit covers 2 byte(s) for 0.02% of 63.98 seconds

index % time    self  children    called     name
                0.47   63.11   14400/14400       PlotLRMap(site, double, char*) [2]
[1]     99.4    0.47   63.11   14400         PlotLRPath(site, site, unsigned char, _IO_FILE*) [1]
                1.61   57.43 2351554/2351554     point_to_point(double*, double, double, double, double, double, double, int, int, double, double, double&, char*, int&) [3]
                1.72    1.56   14400/14416       ReadPath(site, site) [11]
                0.57    0.00 14747004/14748869     OrMask(double, double, int) [15]
                0.07    0.00 2351554/2365970     Azimuth(site, site) [21]
                0.06    0.00 2351554/2351554     PutMask(double, double, int) [22]
                0.05    0.00 2351554/2351554     GetSignal(double, double) [24]
                0.03    0.00 14747004/14748461     GetMask(double, double) [29]
                0.01    0.00 2351554/2351554     PutSignal(double, double, unsigned char) [32]
-----------------------------------------------
                                                 <spontaneous>
[2]     99.4    0.00   63.58                 PlotLRMap(site, double, char*) [2]
                0.47   63.11   14400/14400       PlotLRPath(site, site, unsigned char, _IO_FILE*) [1]
                0.00    0.00       2/6           ReduceAngle(double) [47]
-----------------------------------------------
                1.61   57.43 2351554/2351554     PlotLRPath(site, site, unsigned char, _IO_FILE*) [1]
[3]     92.3    1.61   57.43 2351554         point_to_point(double*, double, double, double, double, double, double, int, int, double, double, double&, char*, int&) [3]
                0.08   56.10 2351554/2351554     qlrpfl2(double*, int, int, prop_type&, propa_type&, propv_type&) [4]
                0.71    0.29 2351554/2351554     avar(double, double, double, prop_type&, propv_type&) [14]
                0.23    0.00 4703108/4703108     qerfi(double) [18]
                0.03    0.00 2351554/2351554     qlrps(double, double, double, int, double, double, prop_type&) [30]
-----------------------------------------------
                0.08   56.10 2351554/2351554     point_to_point(double*, double, double, double, double, double, double, int, int, double, double, double&, char*, int&) [3]
[4]     87.8    0.08   56.10 2351554         qlrpfl2(double*, int, int, prop_type&, propa_type&, propv_type&) [4]
               12.34   23.58 2351554/2351554     d1thx2(double*, double const&, double const&, propa_type&) [5]
               12.25    0.00 2351554/2351554     hzns2(double*, prop_type&, propa_type&) [7]
                0.32    5.70 2351554/2351554     lrprop2(double, prop_type&, propa_type&) [8]
                1.92    0.00 2350216/4701737     z1sq2(double*, double const&, double const&, double&, double&) [10]
-----------------------------------------------
               12.34   23.58 2351554/2351554     qlrpfl2(double*, int, int, prop_type&, propa_type&, propv_type&) [4]
[5]     56.1   12.34   23.58 2351554         d1thx2(double*, double const&, double const&, propa_type&) [5]
               21.66    0.00 4703042/4703042     qtile(int const&, double*, int const&) [6]
                1.92    0.00 2351521/4701737     z1sq2(double*, double const&, double const&, double&, double&) [10]
-----------------------------------------------
               21.66    0.00 4703042/4703042     d1thx2(double*, double const&, double const&, propa_type&) [5]
[6]     33.9   21.66    0.00 4703042         qtile(int const&, double*, int const&) [6]
-----------------------------------------------
               12.25    0.00 2351554/2351554     qlrpfl2(double*, int, int, prop_type&, propa_type&, propv_type&) [4]
[7]     19.1   12.25    0.00 2351554         hzns2(double*, prop_type&, propa_type&) [7]
-----------------------------------------------
                0.32    5.70 2351554/2351554     qlrpfl2(double*, int, int, prop_type&, propa_type&, propv_type&) [4]
[8]      9.4    0.32    5.70 2351554         lrprop2(double, prop_type&, propa_type&) [8]
                2.70    2.98 11671760/11671760     adiff2(double, prop_type&, propa_type&) [9]
                0.00    0.02 2394559/2394559     alos2(double, prop_type&, propa_type&) [31]
-----------------------------------------------
                2.70    2.98 11671760/11671760     lrprop2(double, prop_type&, propa_type&) [8]
[9]      8.9    2.70    2.98 11671760         adiff2(double, prop_type&, propa_type&) [9]
                2.81    0.00 7011654/7054610     saalos(double, prop_type&, propa_type&) [12]
                0.12    0.00 8455143/8455143     fht(double const&, double const&) [20]
                0.05    0.00 13848287/13848287     aknfe(double const&) [23]
-----------------------------------------------
                1.92    0.00 2350216/4701737     qlrpfl2(double*, int, int, prop_type&, propa_type&, propv_type&) [4]
                1.92    0.00 2351521/4701737     d1thx2(double*, double const&, double const&, propa_type&) [5]
[10]     6.0    3.84    0.00 4701737         z1sq2(double*, double const&, double const&, double&, double&) [10]
-----------------------------------------------
                0.00    0.00      16/14416       AverageTerrain(site, double, double, double) [37]
                1.72    1.56   14400/14416       PlotLRPath(site, site, unsigned char, _IO_FILE*) [1]
[11]     5.1    1.72    1.56   14416         ReadPath(site, site) [11]
                1.43    0.00 31283144/31283163     GetElevation(site) [13]
                0.13    0.00 31253835/31253849     arccos(double, double) [19]
                0.00    0.00   14416/2365970     Azimuth(site, site) [21]
                0.00    0.00   14416/14416       Distance(site, site) [46]
-----------------------------------------------
                0.02    0.00   42956/7054610     alos2(double, prop_type&, propa_type&) [31]
                2.81    0.00 7011654/7054610     adiff2(double, prop_type&, propa_type&) [9]
[12]     4.4    2.83    0.00 7054610         saalos(double, prop_type&, propa_type&) [12]
-----------------------------------------------
                0.00    0.00       1/31283163     haat(site) [38]
                0.00    0.00       2/31283163     SiteReport(site) [36]
                0.00    0.00      16/31283163     AverageTerrain(site, double, double, double) [37]
                1.43    0.00 31283144/31283163     ReadPath(site, site) [11]
[13]     2.2    1.43    0.00 31283163         GetElevation(site) [13]
-----------------------------------------------
                0.71    0.29 2351554/2351554     point_to_point(double*, double, double, double, double, double, double, int, int, double, double, double&, char*, int&) [3]
[14]     1.6    0.71    0.29 2351554         avar(double, double, double, prop_type&, propv_type&) [14]
                0.29    0.00 7054662/7054662     curve(double const&, double const&, double const&, double const&, double const&, double const&) [16]
-----------------------------------------------
                0.00    0.00    1865/14748869     PlaceMarker(site) [39]
                0.57    0.00 14747004/14748869     PlotLRPath(site, site, unsigned char, _IO_FILE*) [1]
[15]     0.9    0.57    0.00 14748869         OrMask(double, double, int) [15]
-----------------------------------------------
                0.29    0.00 7054662/7054662     avar(double, double, double, prop_type&, propv_type&) [14]
[16]     0.5    0.29    0.00 7054662         curve(double const&, double const&, double const&, double const&, double const&, double const&) [16]
-----------------------------------------------
                                                 <spontaneous>
[17]     0.5    0.29    0.00                 WritePPMLR(char*, unsigned char, unsigned char, unsigned char, site*, unsigned char) [17]
                0.00    0.00       2/6           ReduceAngle(double) [47]
                0.00    0.00       1/1           LoadLossColors(site) [51]
-----------------------------------------------
                0.23    0.00 4703108/4703108     point_to_point(double*, double, double, double, double, double, double, int, int, double, double, double&, char*, int&) [3]
[18]     0.4    0.23    0.00 4703108         qerfi(double) [18]
-----------------------------------------------
                0.00    0.00      14/31253849     AverageTerrain(site, double, double, double) [37]
                0.13    0.00 31253835/31253849     ReadPath(site, site) [11]
[19]     0.2    0.13    0.00 31253849         arccos(double, double) [19]
-----------------------------------------------
                0.12    0.00 8455143/8455143     adiff2(double, prop_type&, propa_type&) [9]
[20]     0.2    0.12    0.00 8455143         fht(double const&, double const&) [20]
-----------------------------------------------
                0.00    0.00   14416/2365970     ReadPath(site, site) [11]
                0.07    0.00 2351554/2365970     PlotLRPath(site, site, unsigned char, _IO_FILE*) [1]
[21]     0.1    0.07    0.00 2365970         Azimuth(site, site) [21]
-----------------------------------------------
                0.06    0.00 2351554/2351554     PlotLRPath(site, site, unsigned char, _IO_FILE*) [1]
[22]     0.1    0.06    0.00 2351554         PutMask(double, double, int) [22]
-----------------------------------------------
                0.05    0.00 13848287/13848287     adiff2(double, prop_type&, propa_type&) [9]
[23]     0.1    0.05    0.00 13848287         aknfe(double const&) [23]
-----------------------------------------------
                0.05    0.00 2351554/2351554     PlotLRPath(site, site, unsigned char, _IO_FILE*) [1]
[24]     0.1    0.05    0.00 2351554         GetSignal(double, double) [24]
-----------------------------------------------
                0.05    0.00       2/2           LoadSDF(char*) [26]
[25]     0.1    0.05    0.00       2         LoadSDF_SDF(char*) [25]
-----------------------------------------------
                0.00    0.05       2/2           LoadTopoData(int, int, int, int) [27]
[26]     0.1    0.00    0.05       2         LoadSDF(char*) [26]
                0.05    0.00       2/2           LoadSDF_SDF(char*) [25]
                0.00    0.00       1/1           LoadSDF_BZ(char*) [50]
-----------------------------------------------
                                                 <spontaneous>
[27]     0.1    0.00    0.05                 LoadTopoData(int, int, int, int) [27]
                0.00    0.05       2/2           LoadSDF(char*) [26]
                0.00    0.00       2/6           ReduceAngle(double) [47]
-----------------------------------------------
                                                 <spontaneous>
[28]     0.1    0.04    0.00                 interpolate(int, int, int, int, int) [28]
-----------------------------------------------
                0.00    0.00    1457/14748461     PlaceMarker(site) [39]
                0.03    0.00 14747004/14748461     PlotLRPath(site, site, unsigned char, _IO_FILE*) [1]
[29]     0.0    0.03    0.00 14748461         GetMask(double, double) [29]
-----------------------------------------------
                0.03    0.00 2351554/2351554     point_to_point(double*, double, double, double, double, double, double, int, int, double, double, double&, char*, int&) [3]
[30]     0.0    0.03    0.00 2351554         qlrps(double, double, double, int, double, double, prop_type&) [30]
-----------------------------------------------
                0.00    0.02 2394559/2394559     lrprop2(double, prop_type&, propa_type&) [8]
[31]     0.0    0.00    0.02 2394559         alos2(double, prop_type&, propa_type&) [31]
                0.02    0.00   42956/7054610     saalos(double, prop_type&, propa_type&) [12]
-----------------------------------------------
                0.01    0.00 2351554/2351554     PlotLRPath(site, site, unsigned char, _IO_FILE*) [1]
[32]     0.0    0.01    0.00 2351554         PutSignal(double, double, unsigned char) [32]
-----------------------------------------------
                                                 <spontaneous>
[33]     0.0    0.01    0.00                 adiff(double, prop_type&, propa_type&) [33]
-----------------------------------------------
                                                 <spontaneous>
[34]     0.0    0.01    0.00                 d1thx(double*, double const&, double const&) [34]
-----------------------------------------------
                                                 <spontaneous>
[35]     0.0    0.01    0.00                 z1sq1(double*, double const&, double const&, double&, double&) [35]
-----------------------------------------------
                                                 <spontaneous>
[36]     0.0    0.00    0.00                 SiteReport(site) [36]
                0.00    0.00       1/1           haat(site) [38]
                0.00    0.00       8/16          AverageTerrain(site, double, double, double) [37]
                0.00    0.00       2/31283163     GetElevation(site) [13]
                0.00    0.00       2/2           dec2dms(double) [49]
-----------------------------------------------
                0.00    0.00       8/16          haat(site) [38]
                0.00    0.00       8/16          SiteReport(site) [36]
[37]     0.0    0.00    0.00      16         AverageTerrain(site, double, double, double) [37]
                0.00    0.00      16/14416       ReadPath(site, site) [11]
                0.00    0.00      16/31283163     GetElevation(site) [13]
                0.00    0.00      14/31253849     arccos(double, double) [19]
-----------------------------------------------
                0.00    0.00       1/1           SiteReport(site) [36]
[38]     0.0    0.00    0.00       1         haat(site) [38]
                0.00    0.00       8/16          AverageTerrain(site, double, double, double) [37]
                0.00    0.00       1/31283163     GetElevation(site) [13]
-----------------------------------------------
                                                 <spontaneous>
[39]     0.0    0.00    0.00                 PlaceMarker(site) [39]
                0.00    0.00    1865/14748869     OrMask(double, double, int) [15]
                0.00    0.00    1457/14748461     GetMask(double, double) [29]
-----------------------------------------------
                0.00    0.00   14416/14416       ReadPath(site, site) [11]
[46]     0.0    0.00    0.00   14416         Distance(site, site) [46]
-----------------------------------------------
                0.00    0.00       2/6           PlotLRMap(site, double, char*) [2]
                0.00    0.00       2/6           WritePPMLR(char*, unsigned char, unsigned char, unsigned char, site*, unsigned char) [17]
                0.00    0.00       2/6           LoadTopoData(int, int, int, int) [27]
[47]     0.0    0.00    0.00       6         ReduceAngle(double) [47]
-----------------------------------------------
                0.00    0.00       2/2           LoadQTH(char*) [91]
[48]     0.0    0.00    0.00       2         ReadBearing(char*) [48]
-----------------------------------------------
                0.00    0.00       2/2           SiteReport(site) [36]
[49]     0.0    0.00    0.00       2         dec2dms(double) [49]
-----------------------------------------------
                0.00    0.00       1/1           LoadSDF(char*) [26]
[50]     0.0    0.00    0.00       1         LoadSDF_BZ(char*) [50]
-----------------------------------------------
                0.00    0.00       1/1           WritePPMLR(char*, unsigned char, unsigned char, unsigned char, site*, unsigned char) [17]
[51]     0.0    0.00    0.00       1         LoadLossColors(site) [51]
-----------------------------------------------
                0.00    0.00       1/1           ReadLRParm(site, char) [56]
[52]     0.0    0.00    0.00       1         LoadPAT(char*) [52]
-----------------------------------------------

 This table describes the call tree of the program, and was sorted by
 the total amount of time spent in each function and its children.

 Each entry in this table consists of several lines.  The line with the
 index number at the left hand margin lists the current function.
 The lines above it list the functions that called this function,
 and the lines below it list the functions this one called.
 This line lists:
     index	A unique number given to each element of the table.
		Index numbers are sorted numerically.
		The index number is printed next to every function name so
		it is easier to look up where the function in the table.

     % time	This is the percentage of the `total' time that was spent
		in this function and its children.  Note that due to
		different viewpoints, functions excluded by options, etc,
		these numbers will NOT add up to 100%.

     self	This is the total amount of time spent in this function.

     children	This is the total amount of time propagated into this
		function by its children.

     called	This is the number of times the function was called.
		If the function called itself recursively, the number
		only includes non-recursive calls, and is followed by
		a `+' and the number of recursive calls.

     name	The name of the current function.  The index number is
		printed after it.  If the function is a member of a
		cycle, the cycle number is printed between the
		function's name and the index number.


 For the function's parents, the fields have the following meanings:

     self	This is the amount of time that was propagated directly
		from the function into this parent.

     children	This is the amount of time that was propagated from
		the function's children into this parent.

     called	This is the number of times this parent called the
		function `/' the total number of times the function
		was called.  Recursive calls to the function are not
		included in the number after the `/'.

     name	This is the name of the parent.  The parent's index
		number is printed after it.  If the parent is a
		member of a cycle, the cycle number is printed between
		the name and the index number.

 If the parents of the function cannot be determined, the word
 `<spontaneous>' is printed in the `name' field, and all the other
 fields are blank.

 For the function's children, the fields have the following meanings:

     self	This is the amount of time that was propagated directly
		from the child into the function.

     children	This is the amount of time that was propagated from the
		child's children to the function.

     called	This is the number of times the function called
		this child `/' the total number of times the child
		was called.  Recursive calls by the child are not
		listed in the number after the `/'.

     name	This is the name of the child.  The child's index
		number is printed after it.  If the child is a
		member of a cycle, the cycle number is printed
		between the name and the index number.

 If there are any cycles (circles) in the call graph, there is an
 entry for the cycle-as-a-whole.  This entry shows who called the
 cycle (as parents) and the members of the cycle (as children.)
 The `+' recursive calls entry shows the number of function calls that
 were internal to the cycle, and the calls entry for each member shows,
 for that member, how many times it was called from other members of
 the cycle.


Index by function name

  [50] LoadSDF_BZ(char*)      [33] adiff(double, prop_type&, propa_type&) [5] d1thx2(double*, double const&, double const&, propa_type&)
   [1] PlotLRPath(site, site, unsigned char, _IO_FILE*) [23] aknfe(double const&) [12] saalos(double, prop_type&, propa_type&)
  [17] WritePPMLR(char*, unsigned char, unsigned char, unsigned char, site*, unsigned char) [31] alos2(double, prop_type&, propa_type&) [21] Azimuth(site, site)
  [25] LoadSDF_SDF(char*)     [16] curve(double const&, double const&, double const&, double const&, double const&, double const&) [29] GetMask(double, double)
  [48] ReadBearing(char*)     [34] d1thx(double*, double const&, double const&) [52] LoadPAT(char*)
  [47] ReduceAngle(double)     [7] hzns2(double*, prop_type&, propa_type&) [26] LoadSDF(char*)
  [28] interpolate(int, int, int, int, int) [18] qerfi(double) [22] PutMask(double, double, int)
  [13] GetElevation(site)     [30] qlrps(double, double, double, int, double, double, prop_type&) [49] dec2dms(double)
  [37] AverageTerrain(site, double, double, double) [6] qtile(int const&, double*, int const&) [8] lrprop2(double, prop_type&, propa_type&)
  [51] LoadLossColors(site)   [35] z1sq1(double*, double const&, double const&, double&, double&) [4] qlrpfl2(double*, int, int, prop_type&, propa_type&, propv_type&)
   [3] point_to_point(double*, double, double, double, double, double, double, int, int, double, double, double&, char*, int&) [10] z1sq2(double*, double const&, double const&, double&, double&) [46] Distance(site, site)
  [20] fht(double const&, double const&) [15] OrMask(double, double, int) [11] ReadPath(site, site)
  [14] avar(double, double, double, prop_type&, propv_type&) [9] adiff2(double, prop_type&, propa_type&) [24] GetSignal(double, double)
  [38] haat(site)             [19] arccos(double, double) [32] PutSignal(double, double, unsigned char)
