Run with 64 miles:
Flat profile:

Each sample counts as 0.01 seconds.
  %   cumulative   self              self     total           
 time   seconds   seconds    calls  ms/call  ms/call  name    
 45.05   1398.29  1398.29 66170516     0.02     0.02  qtile(int const&, double*, int const&)
 21.68   2071.18   672.88 33085291     0.02     0.07  d1thx2(double*, double const&, double const&, propa_type&)
 19.68   2682.17   611.00 33085291     0.02     0.02  hzns2(double*, prop_type&, propa_type&)
  6.11   2871.80   189.63 66169212     0.00     0.00  z1sq2(double*, double const&, double const&, double&, double&)
  2.90   2961.73    89.93 33085291     0.00     0.09  point_to_point(double*, double, double, double, double, double, double, int, int, double, double, double&, char*, int&)
  1.30   3001.95    40.23 99255818     0.00     0.00  saalos(double, prop_type&, propa_type&)
  1.21   3039.60    37.64 165335077     0.00     0.00  adiff2(double, prop_type&, propa_type&)
  0.34   3050.28    10.69 33085291     0.00     0.00  avar(double, double, double, prop_type&, propv_type&)
  0.25   3058.02     7.74 123857897     0.00     0.00  GetElevation(site)
  0.24   3065.58     7.56    28816     0.26     0.54  ReadPath(site, site)
  0.21   3072.10     6.52 130400070     0.00     0.00  OrMask(double, double, int)
  0.15   3076.86     4.76    28800     0.17   107.65  PlotLRPath(site, site, unsigned char, _IO_FILE*)
  0.12   3080.73     3.87 99255873     0.00     0.00  curve(double const&, double const&, double const&, double const&, double const&, double const&)
  0.12   3084.51     3.79 33085291     0.00     0.00  lrprop2(double, prop_type&, propa_type&)
  0.10   3087.51     3.00 66170582     0.00     0.00  qerfi(double)
  0.10   3090.51     3.00                             WritePPMLR(char*, unsigned char, unsigned char, unsigned char, site*, unsigned char)
  0.07   3092.57     2.06 33085291     0.00     0.00  GetSignal(double, double)
  0.06   3094.30     1.73 33085291     0.00     0.09  qlrpfl2(double*, int, int, prop_type&, propa_type&, propv_type&)
  0.05   3095.93     1.63 23695410     0.00     0.00  ascat(double, prop_type&, propa_type&)
  0.05   3097.40     1.47 126350859     0.00     0.00  fht(double const&, double const&)
  0.05   3098.81     1.41 33085291     0.00     0.00  PutMask(double, double, int)
  0.04   3100.11     1.30 33114107     0.00     0.00  Azimuth(site, site)
  0.04   3101.35     1.25 196251775     0.00     0.00  aknfe(double const&)
  0.02   3102.01     0.66 33085291     0.00     0.00  PutSignal(double, double, unsigned char)
  0.02   3102.48     0.47 23695410     0.00     0.00  h0f(double, double)
  0.01   3102.81     0.33        5    66.00    66.00  LoadSDF_SDF(char*)
  0.01   3103.12     0.31 123799759     0.00     0.00  arccos(double, double)
  0.01   3103.35     0.23 33085291     0.00     0.00  qlrps(double, double, double, int, double, double, prop_type&)
  0.00   3103.49     0.14 11847705     0.00     0.00  ahd(double)
  0.00   3103.60     0.11 130399662     0.00     0.00  GetMask(double, double)
  0.00   3103.69     0.09                             z1sq1(double*, double const&, double const&, double&, double&)
  0.00   3103.77     0.09 21283275     0.00     0.00  alos2(double, prop_type&, propa_type&)
  0.00   3103.82     0.05        5    10.00    76.00  LoadSDF(char*)
  0.00   3103.86     0.04    28816     0.00     0.00  Distance(site, site)
  0.00   3103.90     0.04                             FORTRAN_DIM(double const&, double const&)
  0.00   3103.94     0.04                             adiff(double, prop_type&, propa_type&)
  0.00   3103.96     0.02        2    10.00    10.00  dec2dms(double)
  0.00   3103.98     0.02                             interpolate(int, int, int, int, int)
  0.00   3104.00     0.02                             point_to_point_ITM(double*, double, double, double, double, double, double, int, int, double, double, double&, char*, int&)
  0.00   3104.02     0.02                             lrprop(double, prop_type&, propa_type&)
  0.00   3104.03     0.02                             abq_alos(std::complex<double>)
  0.00   3104.04     0.01                             hzns(double*, prop_type&)
  0.00   3104.05     0.01                             d1thx(double*, double const&, double const&)
  0.00   3104.06     0.01                             qlrpfl(double*, int, int, prop_type&, propa_type&, propv_type&)
  0.00   3104.07     0.01                             PlotLRMap(site, double, char*)
  0.00   3104.08     0.01                             alos(double, prop_type&, propa_type&)
  0.00   3104.08     0.00       16     0.00     0.54  AverageTerrain(site, double, double, double)
  0.00   3104.08     0.00        6     0.00     0.00  ReduceAngle(double)
  0.00   3104.08     0.00        2     0.00     0.00  LoadSDF_BZ(char*)
  0.00   3104.08     0.00        2     0.00     0.00  ReadBearing(char*)
  0.00   3104.08     0.00        1     0.00     0.00  LoadLossColors(site)
  0.00   3104.08     0.00        1     0.00     4.35  haat(site)
  0.00   3104.08     0.00        1     0.00     0.00  LoadPAT(char*)

 %         the percentage of the total running time of the
time       program used by this function.

cumulative a running sum of the number of seconds accounted
 seconds   for by this function and those listed above it.

 self      the number of seconds accounted for by this
seconds    function alone.  This is the major sort for this
           listing.

calls      the number of times this function was invoked, if
           this function is profiled, else blank.
 
 self      the average number of milliseconds spent in this
ms/call    function per call, if this function is profiled,
	   else blank.

 total     the average number of milliseconds spent in this
ms/call    function and its descendents per call, if this 
	   function is profiled, else blank.

name       the name of the function.  This is the minor sort
           for this listing. The index shows the location of
	   the function in the gprof listing. If the index is
	   in parenthesis it shows where it would appear in
	   the gprof listing if it were to be printed.

		     Call graph (explanation follows)


granularity: each sample hit covers 2 byte(s) for 0.00% of 3104.08 seconds

index % time    self  children    called     name
                                                 <spontaneous>
[1]     99.9    0.01 3100.38                 PlotLRMap(site, double, char*) [1]
                4.76 3095.62   28800/28800       PlotLRPath(site, site, unsigned char, _IO_FILE*) [2]
                0.00    0.00       2/6           ReduceAngle(double) [58]
-----------------------------------------------
                4.76 3095.62   28800/28800       PlotLRMap(site, double, char*) [1]
[2]     99.9    4.76 3095.62   28800         PlotLRPath(site, site, unsigned char, _IO_FILE*) [2]
               89.93 2977.99 33085291/33085291     point_to_point(double*, double, double, double, double, double, double, int, int, double, double, double&, char*, int&) [3]
                7.56    8.09   28800/28816       ReadPath(site, site) [12]
                6.52    0.00 130398205/130400070     OrMask(double, double, int) [15]
                2.06    0.00 33085291/33085291     GetSignal(double, double) [20]
                1.41    0.00 33085291/33085291     PutMask(double, double, int) [22]
                1.30    0.00 33085291/33114107     Azimuth(site, site) [23]
                0.66    0.00 33085291/33085291     PutSignal(double, double, unsigned char) [25]
                0.11    0.00 130398205/130399662     GetMask(double, double) [33]
-----------------------------------------------
               89.93 2977.99 33085291/33085291     PlotLRPath(site, site, unsigned char, _IO_FILE*) [2]
[3]     98.8   89.93 2977.99 33085291         point_to_point(double*, double, double, double, double, double, double, int, int, double, double, double&, char*, int&) [3]
                1.73 2958.49 33085291/33085291     qlrpfl2(double*, int, int, prop_type&, propa_type&, propv_type&) [4]
               10.69    3.87 33085291/33085291     avar(double, double, double, prop_type&, propv_type&) [13]
                3.00    0.00 66170582/66170582     qerfi(double) [17]
                0.23    0.00 33085291/33085291     qlrps(double, double, double, int, double, double, prop_type&) [31]
-----------------------------------------------
                1.73 2958.49 33085291/33085291     point_to_point(double*, double, double, double, double, double, double, int, int, double, double, double&, char*, int&) [3]
[4]     95.4    1.73 2958.49 33085291         qlrpfl2(double*, int, int, prop_type&, propa_type&, propv_type&) [4]
              672.88 1493.11 33085291/33085291     d1thx2(double*, double const&, double const&, propa_type&) [5]
              611.00    0.00 33085291/33085291     hzns2(double*, prop_type&, propa_type&) [7]
               94.81    0.00 33083954/66169212     z1sq2(double*, double const&, double const&, double&, double&) [8]
                3.79   82.90 33085291/33085291     lrprop2(double, prop_type&, propa_type&) [9]
-----------------------------------------------
              672.88 1493.11 33085291/33085291     qlrpfl2(double*, int, int, prop_type&, propa_type&, propv_type&) [4]
[5]     69.8  672.88 1493.11 33085291         d1thx2(double*, double const&, double const&, propa_type&) [5]
             1398.29    0.00 66170516/66170516     qtile(int const&, double*, int const&) [6]
               94.82    0.00 33085258/66169212     z1sq2(double*, double const&, double const&, double&, double&) [8]
-----------------------------------------------
             1398.29    0.00 66170516/66170516     d1thx2(double*, double const&, double const&, propa_type&) [5]
[6]     45.0 1398.29    0.00 66170516         qtile(int const&, double*, int const&) [6]
-----------------------------------------------
              611.00    0.00 33085291/33085291     qlrpfl2(double*, int, int, prop_type&, propa_type&, propv_type&) [4]
[7]     19.7  611.00    0.00 33085291         hzns2(double*, prop_type&, propa_type&) [7]
-----------------------------------------------
               94.81    0.00 33083954/66169212     qlrpfl2(double*, int, int, prop_type&, propa_type&, propv_type&) [4]
               94.82    0.00 33085258/66169212     d1thx2(double*, double const&, double const&, propa_type&) [5]
[8]      6.1  189.63    0.00 66169212         z1sq2(double*, double const&, double const&, double&, double&) [8]
-----------------------------------------------
                3.79   82.90 33085291/33085291     qlrpfl2(double*, int, int, prop_type&, propa_type&, propv_type&) [4]
[9]      2.8    3.79   82.90 33085291         lrprop2(double, prop_type&, propa_type&) [9]
               37.64   42.92 165335077/165335077     adiff2(double, prop_type&, propa_type&) [10]
                1.63    0.61 23695410/23695410     ascat(double, prop_type&, propa_type&) [19]
                0.09    0.02 21283275/21283275     alos2(double, prop_type&, propa_type&) [34]
-----------------------------------------------
               37.64   42.92 165335077/165335077     lrprop2(double, prop_type&, propa_type&) [9]
[10]     2.6   37.64   42.92 165335077         adiff2(double, prop_type&, propa_type&) [10]
               40.21    0.00 99210175/99255818     saalos(double, prop_type&, propa_type&) [11]
                1.47    0.00 126350859/126350859     fht(double const&, double const&) [21]
                1.25    0.00 196251775/196251775     aknfe(double const&) [24]
-----------------------------------------------
                0.02    0.00   45643/99255818     alos2(double, prop_type&, propa_type&) [34]
               40.21    0.00 99210175/99255818     adiff2(double, prop_type&, propa_type&) [10]
[11]     1.3   40.23    0.00 99255818         saalos(double, prop_type&, propa_type&) [11]
-----------------------------------------------
                0.00    0.00      16/28816       AverageTerrain(site, double, double, double) [48]
                7.56    8.09   28800/28816       PlotLRPath(site, site, unsigned char, _IO_FILE*) [2]
[12]     0.5    7.56    8.09   28816         ReadPath(site, site) [12]
                7.74    0.00 123857878/123857897     GetElevation(site) [14]
                0.31    0.00 123799745/123799759     arccos(double, double) [30]
                0.04    0.00   28816/28816       Distance(site, site) [36]
                0.00    0.00   28816/33114107     Azimuth(site, site) [23]
-----------------------------------------------
               10.69    3.87 33085291/33085291     point_to_point(double*, double, double, double, double, double, double, int, int, double, double, double&, char*, int&) [3]
[13]     0.5   10.69    3.87 33085291         avar(double, double, double, prop_type&, propv_type&) [13]
                3.87    0.00 99255873/99255873     curve(double const&, double const&, double const&, double const&, double const&, double const&) [16]
-----------------------------------------------
                0.00    0.00       1/123857897     haat(site) [50]
                0.00    0.00       2/123857897     SiteReport(site) [39]
                0.00    0.00      16/123857897     AverageTerrain(site, double, double, double) [48]
                7.74    0.00 123857878/123857897     ReadPath(site, site) [12]
[14]     0.2    7.74    0.00 123857897         GetElevation(site) [14]
-----------------------------------------------
                0.00    0.00    1865/130400070     PlaceMarker(site) [51]
                6.52    0.00 130398205/130400070     PlotLRPath(site, site, unsigned char, _IO_FILE*) [2]
[15]     0.2    6.52    0.00 130400070         OrMask(double, double, int) [15]
-----------------------------------------------
                3.87    0.00 99255873/99255873     avar(double, double, double, prop_type&, propv_type&) [13]
[16]     0.1    3.87    0.00 99255873         curve(double const&, double const&, double const&, double const&, double const&, double const&) [16]
-----------------------------------------------
                3.00    0.00 66170582/66170582     point_to_point(double*, double, double, double, double, double, double, int, int, double, double, double&, char*, int&) [3]
[17]     0.1    3.00    0.00 66170582         qerfi(double) [17]
-----------------------------------------------
                                                 <spontaneous>
[18]     0.1    3.00    0.00                 WritePPMLR(char*, unsigned char, unsigned char, unsigned char, site*, unsigned char) [18]
                0.00    0.00       2/6           ReduceAngle(double) [58]
                0.00    0.00       1/1           LoadLossColors(site) [61]
-----------------------------------------------
                1.63    0.61 23695410/23695410     lrprop2(double, prop_type&, propa_type&) [9]
[19]     0.1    1.63    0.61 23695410         ascat(double, prop_type&, propa_type&) [19]
                0.47    0.00 23695410/23695410     h0f(double, double) [26]
                0.14    0.00 11847705/11847705     ahd(double) [32]
-----------------------------------------------
                2.06    0.00 33085291/33085291     PlotLRPath(site, site, unsigned char, _IO_FILE*) [2]
[20]     0.1    2.06    0.00 33085291         GetSignal(double, double) [20]
-----------------------------------------------
                1.47    0.00 126350859/126350859     adiff2(double, prop_type&, propa_type&) [10]
[21]     0.0    1.47    0.00 126350859         fht(double const&, double const&) [21]
-----------------------------------------------
                1.41    0.00 33085291/33085291     PlotLRPath(site, site, unsigned char, _IO_FILE*) [2]
[22]     0.0    1.41    0.00 33085291         PutMask(double, double, int) [22]
-----------------------------------------------
                0.00    0.00   28816/33114107     ReadPath(site, site) [12]
                1.30    0.00 33085291/33114107     PlotLRPath(site, site, unsigned char, _IO_FILE*) [2]
[23]     0.0    1.30    0.00 33114107         Azimuth(site, site) [23]
-----------------------------------------------
                1.25    0.00 196251775/196251775     adiff2(double, prop_type&, propa_type&) [10]
[24]     0.0    1.25    0.00 196251775         aknfe(double const&) [24]
-----------------------------------------------
                0.66    0.00 33085291/33085291     PlotLRPath(site, site, unsigned char, _IO_FILE*) [2]
[25]     0.0    0.66    0.00 33085291         PutSignal(double, double, unsigned char) [25]
-----------------------------------------------
                0.47    0.00 23695410/23695410     ascat(double, prop_type&, propa_type&) [19]
[26]     0.0    0.47    0.00 23695410         h0f(double, double) [26]
-----------------------------------------------
                0.05    0.33       5/5           LoadTopoData(int, int, int, int) [28]
[27]     0.0    0.05    0.33       5         LoadSDF(char*) [27]
                0.33    0.00       5/5           LoadSDF_SDF(char*) [29]
                0.00    0.00       2/2           LoadSDF_BZ(char*) [59]
-----------------------------------------------
                                                 <spontaneous>
[28]     0.0    0.00    0.38                 LoadTopoData(int, int, int, int) [28]
                0.05    0.33       5/5           LoadSDF(char*) [27]
                0.00    0.00       2/6           ReduceAngle(double) [58]
-----------------------------------------------
                0.33    0.00       5/5           LoadSDF(char*) [27]
[29]     0.0    0.33    0.00       5         LoadSDF_SDF(char*) [29]
-----------------------------------------------
                0.00    0.00      14/123799759     AverageTerrain(site, double, double, double) [48]
                0.31    0.00 123799745/123799759     ReadPath(site, site) [12]
[30]     0.0    0.31    0.00 123799759         arccos(double, double) [30]
-----------------------------------------------
                0.23    0.00 33085291/33085291     point_to_point(double*, double, double, double, double, double, double, int, int, double, double, double&, char*, int&) [3]
[31]     0.0    0.23    0.00 33085291         qlrps(double, double, double, int, double, double, prop_type&) [31]
-----------------------------------------------
                0.14    0.00 11847705/11847705     ascat(double, prop_type&, propa_type&) [19]
[32]     0.0    0.14    0.00 11847705         ahd(double) [32]
-----------------------------------------------
                0.00    0.00    1457/130399662     PlaceMarker(site) [51]
                0.11    0.00 130398205/130399662     PlotLRPath(site, site, unsigned char, _IO_FILE*) [2]
[33]     0.0    0.11    0.00 130399662         GetMask(double, double) [33]
-----------------------------------------------
                0.09    0.02 21283275/21283275     lrprop2(double, prop_type&, propa_type&) [9]
[34]     0.0    0.09    0.02 21283275         alos2(double, prop_type&, propa_type&) [34]
                0.02    0.00   45643/99255818     saalos(double, prop_type&, propa_type&) [11]
-----------------------------------------------
                                                 <spontaneous>
[35]     0.0    0.09    0.00                 z1sq1(double*, double const&, double const&, double&, double&) [35]
-----------------------------------------------
                0.04    0.00   28816/28816       ReadPath(site, site) [12]
[36]     0.0    0.04    0.00   28816         Distance(site, site) [36]
-----------------------------------------------
                                                 <spontaneous>
[37]     0.0    0.04    0.00                 FORTRAN_DIM(double const&, double const&) [37]
-----------------------------------------------
                                                 <spontaneous>
[38]     0.0    0.04    0.00                 adiff(double, prop_type&, propa_type&) [38]
-----------------------------------------------
                                                 <spontaneous>
[39]     0.0    0.00    0.03                 SiteReport(site) [39]
                0.02    0.00       2/2           dec2dms(double) [40]
                0.00    0.00       1/1           haat(site) [50]
                0.00    0.00       8/16          AverageTerrain(site, double, double, double) [48]
                0.00    0.00       2/123857897     GetElevation(site) [14]
-----------------------------------------------
                0.02    0.00       2/2           SiteReport(site) [39]
[40]     0.0    0.02    0.00       2         dec2dms(double) [40]
-----------------------------------------------
                                                 <spontaneous>
[41]     0.0    0.02    0.00                 interpolate(int, int, int, int, int) [41]
-----------------------------------------------
                                                 <spontaneous>
[42]     0.0    0.02    0.00                 point_to_point_ITM(double*, double, double, double, double, double, double, int, int, double, double, double&, char*, int&) [42]
-----------------------------------------------
                                                 <spontaneous>
[43]     0.0    0.02    0.00                 lrprop(double, prop_type&, propa_type&) [43]
-----------------------------------------------
                                                 <spontaneous>
[44]     0.0    0.02    0.00                 abq_alos(std::complex<double>) [44]
-----------------------------------------------
                                                 <spontaneous>
[45]     0.0    0.01    0.00                 hzns(double*, prop_type&) [45]
-----------------------------------------------
                                                 <spontaneous>
[46]     0.0    0.01    0.00                 d1thx(double*, double const&, double const&) [46]
-----------------------------------------------
                                                 <spontaneous>
[47]     0.0    0.01    0.00                 qlrpfl(double*, int, int, prop_type&, propa_type&, propv_type&) [47]
-----------------------------------------------
                0.00    0.00       8/16          haat(site) [50]
                0.00    0.00       8/16          SiteReport(site) [39]
[48]     0.0    0.00    0.01      16         AverageTerrain(site, double, double, double) [48]
                0.00    0.00      16/28816       ReadPath(site, site) [12]
                0.00    0.00      16/123857897     GetElevation(site) [14]
                0.00    0.00      14/123799759     arccos(double, double) [30]
-----------------------------------------------
                                                 <spontaneous>
[49]     0.0    0.01    0.00                 alos(double, prop_type&, propa_type&) [49]
-----------------------------------------------
                0.00    0.00       1/1           SiteReport(site) [39]
[50]     0.0    0.00    0.00       1         haat(site) [50]
                0.00    0.00       8/16          AverageTerrain(site, double, double, double) [48]
                0.00    0.00       1/123857897     GetElevation(site) [14]
-----------------------------------------------
                                                 <spontaneous>
[51]     0.0    0.00    0.00                 PlaceMarker(site) [51]
                0.00    0.00    1865/130400070     OrMask(double, double, int) [15]
                0.00    0.00    1457/130399662     GetMask(double, double) [33]
-----------------------------------------------
                0.00    0.00       2/6           PlotLRMap(site, double, char*) [1]
                0.00    0.00       2/6           WritePPMLR(char*, unsigned char, unsigned char, unsigned char, site*, unsigned char) [18]
                0.00    0.00       2/6           LoadTopoData(int, int, int, int) [28]
[58]     0.0    0.00    0.00       6         ReduceAngle(double) [58]
-----------------------------------------------
                0.00    0.00       2/2           LoadSDF(char*) [27]
[59]     0.0    0.00    0.00       2         LoadSDF_BZ(char*) [59]
-----------------------------------------------
                0.00    0.00       2/2           LoadQTH(char*) [92]
[60]     0.0    0.00    0.00       2         ReadBearing(char*) [60]
-----------------------------------------------
                0.00    0.00       1/1           WritePPMLR(char*, unsigned char, unsigned char, unsigned char, site*, unsigned char) [18]
[61]     0.0    0.00    0.00       1         LoadLossColors(site) [61]
-----------------------------------------------
                0.00    0.00       1/1           ReadLRParm(site, char) [66]
[62]     0.0    0.00    0.00       1         LoadPAT(char*) [62]
-----------------------------------------------

 This table describes the call tree of the program, and was sorted by
 the total amount of time spent in each function and its children.

 Each entry in this table consists of several lines.  The line with the
 index number at the left hand margin lists the current function.
 The lines above it list the functions that called this function,
 and the lines below it list the functions this one called.
 This line lists:
     index	A unique number given to each element of the table.
		Index numbers are sorted numerically.
		The index number is printed next to every function name so
		it is easier to look up where the function in the table.

     % time	This is the percentage of the `total' time that was spent
		in this function and its children.  Note that due to
		different viewpoints, functions excluded by options, etc,
		these numbers will NOT add up to 100%.

     self	This is the total amount of time spent in this function.

     children	This is the total amount of time propagated into this
		function by its children.

     called	This is the number of times the function was called.
		If the function called itself recursively, the number
		only includes non-recursive calls, and is followed by
		a `+' and the number of recursive calls.

     name	The name of the current function.  The index number is
		printed after it.  If the function is a member of a
		cycle, the cycle number is printed between the
		function's name and the index number.


 For the function's parents, the fields have the following meanings:

     self	This is the amount of time that was propagated directly
		from the function into this parent.

     children	This is the amount of time that was propagated from
		the function's children into this parent.

     called	This is the number of times this parent called the
		function `/' the total number of times the function
		was called.  Recursive calls to the function are not
		included in the number after the `/'.

     name	This is the name of the parent.  The parent's index
		number is printed after it.  If the parent is a
		member of a cycle, the cycle number is printed between
		the name and the index number.

 If the parents of the function cannot be determined, the word
 `<spontaneous>' is printed in the `name' field, and all the other
 fields are blank.

 For the function's children, the fields have the following meanings:

     self	This is the amount of time that was propagated directly
		from the child into the function.

     children	This is the amount of time that was propagated from the
		child's children to the function.

     called	This is the number of times the function called
		this child `/' the total number of times the child
		was called.  Recursive calls by the child are not
		listed in the number after the `/'.

     name	This is the name of the child.  The child's index
		number is printed after it.  If the child is a
		member of a cycle, the cycle number is printed
		between the name and the index number.

 If there are any cycles (circles) in the call graph, there is an
 entry for the cycle-as-a-whole.  This entry shows who called the
 cycle (as parents) and the members of the cycle (as children.)
 The `+' recursive calls entry shows the number of function calls that
 were internal to the cycle, and the calls entry for each member shows,
 for that member, how many times it was called from other members of
 the cycle.


Index by function name

  [59] LoadSDF_BZ(char*)      [50] haat(site)             [43] lrprop(double, prop_type&, propa_type&)
   [2] PlotLRPath(site, site, unsigned char, _IO_FILE*) [45] hzns(double*, prop_type&) [47] qlrpfl(double*, int, int, prop_type&, propa_type&, propv_type&)
  [18] WritePPMLR(char*, unsigned char, unsigned char, unsigned char, site*, unsigned char) [38] adiff(double, prop_type&, propa_type&) [11] saalos(double, prop_type&, propa_type&)
  [37] FORTRAN_DIM(double const&, double const&) [24] aknfe(double const&) [23] Azimuth(site, site)
  [29] LoadSDF_SDF(char*)     [34] alos2(double, prop_type&, propa_type&) [33] GetMask(double, double)
  [60] ReadBearing(char*)     [19] ascat(double, prop_type&, propa_type&) [62] LoadPAT(char*)
  [58] ReduceAngle(double)    [16] curve(double const&, double const&, double const&, double const&, double const&, double const&) [27] LoadSDF(char*)
  [41] interpolate(int, int, int, int, int) [46] d1thx(double*, double const&, double const&) [22] PutMask(double, double, int)
  [14] GetElevation(site)      [7] hzns2(double*, prop_type&, propa_type&) [40] dec2dms(double)
  [48] AverageTerrain(site, double, double, double) [17] qerfi(double) [9] lrprop2(double, prop_type&, propa_type&)
  [61] LoadLossColors(site)   [31] qlrps(double, double, double, int, double, double, prop_type&) [4] qlrpfl2(double*, int, int, prop_type&, propa_type&, propv_type&)
   [3] point_to_point(double*, double, double, double, double, double, double, int, int, double, double, double&, char*, int&) [6] qtile(int const&, double*, int const&) [36] Distance(site, site)
  [42] point_to_point_ITM(double*, double, double, double, double, double, double, int, int, double, double, double&, char*, int&) [35] z1sq1(double*, double const&, double const&, double&, double&) [12] ReadPath(site, site)
  [32] ahd(double)             [8] z1sq2(double*, double const&, double const&, double&, double&) [44] abq_alos(std::complex<double>)
  [21] fht(double const&, double const&) [15] OrMask(double, double, int) [20] GetSignal(double, double)
  [26] h0f(double, double)    [10] adiff2(double, prop_type&, propa_type&) [1] PlotLRMap(site, double, char*)
  [49] alos(double, prop_type&, propa_type&) [30] arccos(double, double) [25] PutSignal(double, double, unsigned char)
  [13] avar(double, double, double, prop_type&, propv_type&) [5] d1thx2(double*, double const&, double const&, propa_type&)
