Run with 22 miles:
Flat profile:

Each sample counts as 0.01 seconds.
  %   cumulative   self              self     total           
 time   seconds   seconds    calls  ms/call  ms/call  name    
 34.65     68.36    68.36 10116654     0.01     0.01  qtile(int const&, double*, int const&)
 19.89    107.61    39.24  5058360     0.01     0.02  d1thx2(double*, double const&, double const&, propa_type&)
 17.76    142.64    35.03  5058360     0.01     0.01  hzns2(double*, prop_type&, propa_type&)
  5.84    154.16    11.52 10115350     0.00     0.00  z1sq2(double*, double const&, double const&, double&, double&)
  4.03    162.11     7.95 123857897     0.00     0.00  GetElevation(site)
  3.84    169.69     7.58    28816     0.26     0.55  ReadPath(site, site)
  3.09    175.80     6.11 15175031     0.00     0.00  saalos(double, prop_type&, propa_type&)
  2.71    181.14     5.34 25205880     0.00     0.00  adiff2(double, prop_type&, propa_type&)
  2.60    186.27     5.13  5058360     0.00     0.03  point_to_point(double*, double, double, double, double, double, double, int, int, double, double, double&, char*, int&)
  1.37    188.98     2.71                             WritePPMLR(char*, unsigned char, unsigned char, unsigned char, site*, unsigned char)
  0.82    190.59     1.61 41416094     0.00     0.00  OrMask(double, double, int)
  0.75    192.06     1.47  5058360     0.00     0.00  avar(double, double, double, prop_type&, propv_type&)
  0.50    193.05     0.99    28800     0.03     6.74  PlotLRPath(site, site, unsigned char, _IO_FILE*)
  0.36    193.75     0.71  5058360     0.00     0.00  lrprop2(double, prop_type&, propa_type&)
  0.32    194.39     0.64 15175080     0.00     0.00  curve(double const&, double const&, double const&, double const&, double const&, double const&)
  0.26    194.90     0.51 10116720     0.00     0.00  qerfi(double)
  0.23    195.36     0.46 123799759     0.00     0.00  arccos(double, double)
  0.17    195.69     0.33  5058360     0.00     0.00  GetSignal(double, double)
  0.16    196.01     0.32  5058360     0.00     0.03  qlrpfl2(double*, int, int, prop_type&, propa_type&, propv_type&)
  0.14    196.29     0.28        5    56.00    56.00  LoadSDF_SDF(char*)
  0.09    196.47     0.18  5087176     0.00     0.00  Azimuth(site, site)
  0.09    196.64     0.17 18812239     0.00     0.00  fht(double const&, double const&)
  0.08    196.80     0.16 29910372     0.00     0.00  aknfe(double const&)
  0.06    196.92     0.12  5058360     0.00     0.00  PutMask(double, double, int)
  0.05    197.01     0.09                             interpolate(int, int, int, int, int)
  0.03    197.07     0.06  5058360     0.00     0.00  PutSignal(double, double, unsigned char)
  0.03    197.12     0.05        5    10.00    66.00  LoadSDF(char*)
  0.02    197.16     0.04  5101320     0.00     0.00  alos2(double, prop_type&, propa_type&)
  0.02    197.20     0.04  5058360     0.00     0.00  qlrps(double, double, double, int, double, double, prop_type&)
  0.01    197.22     0.02 41415686     0.00     0.00  GetMask(double, double)
  0.01    197.24     0.02                             adiff(double, prop_type&, propa_type&)
  0.01    197.26     0.02                             z1sq1(double*, double const&, double const&, double&, double&)
  0.01    197.27     0.02                             abq_alos(std::complex<double>)
  0.01    197.28     0.01                             FORTRAN_DIM(double const&, double const&)
  0.01    197.29     0.01                             point_to_point_ITM(double*, double, double, double, double, double, double, int, int, double, double, double&, char*, int&)
  0.00    197.29     0.00    28816     0.00     0.00  Distance(site, site)
  0.00    197.29     0.00       16     0.00     0.56  AverageTerrain(site, double, double, double)
  0.00    197.29     0.00        6     0.00     0.00  ReduceAngle(double)
  0.00    197.29     0.00        2     0.00     0.00  LoadSDF_BZ(char*)
  0.00    197.29     0.00        2     0.00     0.00  ReadBearing(char*)
  0.00    197.29     0.00        2     0.00     0.00  dec2dms(double)
  0.00    197.29     0.00        1     0.00     0.00  LoadLossColors(site)
  0.00    197.29     0.00        1     0.00     4.44  haat(site)
  0.00    197.29     0.00        1     0.00     0.00  LoadPAT(char*)

 %         the percentage of the total running time of the
time       program used by this function.

cumulative a running sum of the number of seconds accounted
 seconds   for by this function and those listed above it.

 self      the number of seconds accounted for by this
seconds    function alone.  This is the major sort for this
           listing.

calls      the number of times this function was invoked, if
           this function is profiled, else blank.
 
 self      the average number of milliseconds spent in this
ms/call    function per call, if this function is profiled,
	   else blank.

 total     the average number of milliseconds spent in this
ms/call    function and its descendents per call, if this 
	   function is profiled, else blank.

name       the name of the function.  This is the minor sort
           for this listing. The index shows the location of
	   the function in the gprof listing. If the index is
	   in parenthesis it shows where it would appear in
	   the gprof listing if it were to be printed.

		     Call graph (explanation follows)


granularity: each sample hit covers 2 byte(s) for 0.01% of 197.29 seconds

index % time    self  children    called     name
                0.99  193.09   28800/28800       PlotLRMap(site, double, char*) [2]
[1]     98.4    0.99  193.09   28800         PlotLRPath(site, site, unsigned char, _IO_FILE*) [1]
                5.13  169.66 5058360/5058360     point_to_point(double*, double, double, double, double, double, double, int, int, double, double, double&, char*, int&) [3]
                7.58    8.41   28800/28816       ReadPath(site, site) [8]
                1.61    0.00 41414229/41416094     OrMask(double, double, int) [16]
                0.33    0.00 5058360/5058360     GetSignal(double, double) [20]
                0.18    0.00 5058360/5087176     Azimuth(site, site) [24]
                0.12    0.00 5058360/5058360     PutMask(double, double, int) [27]
                0.06    0.00 5058360/5058360     PutSignal(double, double, unsigned char) [29]
                0.02    0.00 41414229/41415686     GetMask(double, double) [32]
-----------------------------------------------
                                                 <spontaneous>
[2]     98.4    0.00  194.08                 PlotLRMap(site, double, char*) [2]
                0.99  193.09   28800/28800       PlotLRPath(site, site, unsigned char, _IO_FILE*) [1]
                0.00    0.00       2/6           ReduceAngle(double) [49]
-----------------------------------------------
                5.13  169.66 5058360/5058360     PlotLRPath(site, site, unsigned char, _IO_FILE*) [1]
[3]     88.6    5.13  169.66 5058360         point_to_point(double*, double, double, double, double, double, double, int, int, double, double, double&, char*, int&) [3]
                0.32  166.68 5058360/5058360     qlrpfl2(double*, int, int, prop_type&, propa_type&, propv_type&) [4]
                1.47    0.64 5058360/5058360     avar(double, double, double, prop_type&, propv_type&) [15]
                0.51    0.00 10116720/10116720     qerfi(double) [18]
                0.04    0.00 5058360/5058360     qlrps(double, double, double, int, double, double, prop_type&) [31]
-----------------------------------------------
                0.32  166.68 5058360/5058360     point_to_point(double*, double, double, double, double, double, double, int, int, double, double, double&, char*, int&) [3]
[4]     84.6    0.32  166.68 5058360         qlrpfl2(double*, int, int, prop_type&, propa_type&, propv_type&) [4]
               39.24   74.13 5058360/5058360     d1thx2(double*, double const&, double const&, propa_type&) [5]
               35.03    0.00 5058360/5058360     hzns2(double*, prop_type&, propa_type&) [7]
                0.71   11.82 5058360/5058360     lrprop2(double, prop_type&, propa_type&) [9]
                5.76    0.00 5057023/10115350     z1sq2(double*, double const&, double const&, double&, double&) [11]
-----------------------------------------------
               39.24   74.13 5058360/5058360     qlrpfl2(double*, int, int, prop_type&, propa_type&, propv_type&) [4]
[5]     57.5   39.24   74.13 5058360         d1thx2(double*, double const&, double const&, propa_type&) [5]
               68.36    0.00 10116654/10116654     qtile(int const&, double*, int const&) [6]
                5.76    0.00 5058327/10115350     z1sq2(double*, double const&, double const&, double&, double&) [11]
-----------------------------------------------
               68.36    0.00 10116654/10116654     d1thx2(double*, double const&, double const&, propa_type&) [5]
[6]     34.7   68.36    0.00 10116654         qtile(int const&, double*, int const&) [6]
-----------------------------------------------
               35.03    0.00 5058360/5058360     qlrpfl2(double*, int, int, prop_type&, propa_type&, propv_type&) [4]
[7]     17.8   35.03    0.00 5058360         hzns2(double*, prop_type&, propa_type&) [7]
-----------------------------------------------
                0.00    0.00      16/28816       AverageTerrain(site, double, double, double) [39]
                7.58    8.41   28800/28816       PlotLRPath(site, site, unsigned char, _IO_FILE*) [1]
[8]      8.1    7.58    8.41   28816         ReadPath(site, site) [8]
                7.95    0.00 123857878/123857897     GetElevation(site) [12]
                0.46    0.00 123799745/123799759     arccos(double, double) [19]
                0.00    0.00   28816/5087176     Azimuth(site, site) [24]
                0.00    0.00   28816/28816       Distance(site, site) [48]
-----------------------------------------------
                0.71   11.82 5058360/5058360     qlrpfl2(double*, int, int, prop_type&, propa_type&, propv_type&) [4]
[9]      6.3    0.71   11.82 5058360         lrprop2(double, prop_type&, propa_type&) [9]
                5.34    6.42 25205880/25205880     adiff2(double, prop_type&, propa_type&) [10]
                0.04    0.02 5101320/5101320     alos2(double, prop_type&, propa_type&) [30]
-----------------------------------------------
                5.34    6.42 25205880/25205880     lrprop2(double, prop_type&, propa_type&) [9]
[10]     6.0    5.34    6.42 25205880         adiff2(double, prop_type&, propa_type&) [10]
                6.09    0.00 15132117/15175031     saalos(double, prop_type&, propa_type&) [13]
                0.17    0.00 18812239/18812239     fht(double const&, double const&) [25]
                0.16    0.00 29910372/29910372     aknfe(double const&) [26]
-----------------------------------------------
                5.76    0.00 5057023/10115350     qlrpfl2(double*, int, int, prop_type&, propa_type&, propv_type&) [4]
                5.76    0.00 5058327/10115350     d1thx2(double*, double const&, double const&, propa_type&) [5]
[11]     5.8   11.52    0.00 10115350         z1sq2(double*, double const&, double const&, double&, double&) [11]
-----------------------------------------------
                0.00    0.00       1/123857897     haat(site) [40]
                0.00    0.00       2/123857897     SiteReport(site) [38]
                0.00    0.00      16/123857897     AverageTerrain(site, double, double, double) [39]
                7.95    0.00 123857878/123857897     ReadPath(site, site) [8]
[12]     4.0    7.95    0.00 123857897         GetElevation(site) [12]
-----------------------------------------------
                0.02    0.00   42914/15175031     alos2(double, prop_type&, propa_type&) [30]
                6.09    0.00 15132117/15175031     adiff2(double, prop_type&, propa_type&) [10]
[13]     3.1    6.11    0.00 15175031         saalos(double, prop_type&, propa_type&) [13]
-----------------------------------------------
                                                 <spontaneous>
[14]     1.4    2.71    0.00                 WritePPMLR(char*, unsigned char, unsigned char, unsigned char, site*, unsigned char) [14]
                0.00    0.00       2/6           ReduceAngle(double) [49]
                0.00    0.00       1/1           LoadLossColors(site) [53]
-----------------------------------------------
                1.47    0.64 5058360/5058360     point_to_point(double*, double, double, double, double, double, double, int, int, double, double, double&, char*, int&) [3]
[15]     1.1    1.47    0.64 5058360         avar(double, double, double, prop_type&, propv_type&) [15]
                0.64    0.00 15175080/15175080     curve(double const&, double const&, double const&, double const&, double const&, double const&) [17]
-----------------------------------------------
                0.00    0.00    1865/41416094     PlaceMarker(site) [41]
                1.61    0.00 41414229/41416094     PlotLRPath(site, site, unsigned char, _IO_FILE*) [1]
[16]     0.8    1.61    0.00 41416094         OrMask(double, double, int) [16]
-----------------------------------------------
                0.64    0.00 15175080/15175080     avar(double, double, double, prop_type&, propv_type&) [15]
[17]     0.3    0.64    0.00 15175080         curve(double const&, double const&, double const&, double const&, double const&, double const&) [17]
-----------------------------------------------
                0.51    0.00 10116720/10116720     point_to_point(double*, double, double, double, double, double, double, int, int, double, double, double&, char*, int&) [3]
[18]     0.3    0.51    0.00 10116720         qerfi(double) [18]
-----------------------------------------------
                0.00    0.00      14/123799759     AverageTerrain(site, double, double, double) [39]
                0.46    0.00 123799745/123799759     ReadPath(site, site) [8]
[19]     0.2    0.46    0.00 123799759         arccos(double, double) [19]
-----------------------------------------------
                0.33    0.00 5058360/5058360     PlotLRPath(site, site, unsigned char, _IO_FILE*) [1]
[20]     0.2    0.33    0.00 5058360         GetSignal(double, double) [20]
-----------------------------------------------
                0.05    0.28       5/5           LoadTopoData(int, int, int, int) [22]
[21]     0.2    0.05    0.28       5         LoadSDF(char*) [21]
                0.28    0.00       5/5           LoadSDF_SDF(char*) [23]
                0.00    0.00       2/2           LoadSDF_BZ(char*) [50]
-----------------------------------------------
                                                 <spontaneous>
[22]     0.2    0.00    0.33                 LoadTopoData(int, int, int, int) [22]
                0.05    0.28       5/5           LoadSDF(char*) [21]
                0.00    0.00       2/6           ReduceAngle(double) [49]
-----------------------------------------------
                0.28    0.00       5/5           LoadSDF(char*) [21]
[23]     0.1    0.28    0.00       5         LoadSDF_SDF(char*) [23]
-----------------------------------------------
                0.00    0.00   28816/5087176     ReadPath(site, site) [8]
                0.18    0.00 5058360/5087176     PlotLRPath(site, site, unsigned char, _IO_FILE*) [1]
[24]     0.1    0.18    0.00 5087176         Azimuth(site, site) [24]
-----------------------------------------------
                0.17    0.00 18812239/18812239     adiff2(double, prop_type&, propa_type&) [10]
[25]     0.1    0.17    0.00 18812239         fht(double const&, double const&) [25]
-----------------------------------------------
                0.16    0.00 29910372/29910372     adiff2(double, prop_type&, propa_type&) [10]
[26]     0.1    0.16    0.00 29910372         aknfe(double const&) [26]
-----------------------------------------------
                0.12    0.00 5058360/5058360     PlotLRPath(site, site, unsigned char, _IO_FILE*) [1]
[27]     0.1    0.12    0.00 5058360         PutMask(double, double, int) [27]
-----------------------------------------------
                                                 <spontaneous>
[28]     0.0    0.09    0.00                 interpolate(int, int, int, int, int) [28]
-----------------------------------------------
                0.06    0.00 5058360/5058360     PlotLRPath(site, site, unsigned char, _IO_FILE*) [1]
[29]     0.0    0.06    0.00 5058360         PutSignal(double, double, unsigned char) [29]
-----------------------------------------------
                0.04    0.02 5101320/5101320     lrprop2(double, prop_type&, propa_type&) [9]
[30]     0.0    0.04    0.02 5101320         alos2(double, prop_type&, propa_type&) [30]
                0.02    0.00   42914/15175031     saalos(double, prop_type&, propa_type&) [13]
-----------------------------------------------
                0.04    0.00 5058360/5058360     point_to_point(double*, double, double, double, double, double, double, int, int, double, double, double&, char*, int&) [3]
[31]     0.0    0.04    0.00 5058360         qlrps(double, double, double, int, double, double, prop_type&) [31]
-----------------------------------------------
                0.00    0.00    1457/41415686     PlaceMarker(site) [41]
                0.02    0.00 41414229/41415686     PlotLRPath(site, site, unsigned char, _IO_FILE*) [1]
[32]     0.0    0.02    0.00 41415686         GetMask(double, double) [32]
-----------------------------------------------
                                                 <spontaneous>
[33]     0.0    0.02    0.00                 adiff(double, prop_type&, propa_type&) [33]
-----------------------------------------------
                                                 <spontaneous>
[34]     0.0    0.02    0.00                 z1sq1(double*, double const&, double const&, double&, double&) [34]
-----------------------------------------------
                                                 <spontaneous>
[35]     0.0    0.02    0.00                 abq_alos(std::complex<double>) [35]
-----------------------------------------------
                                                 <spontaneous>
[36]     0.0    0.01    0.00                 FORTRAN_DIM(double const&, double const&) [36]
-----------------------------------------------
                                                 <spontaneous>
[37]     0.0    0.01    0.00                 point_to_point_ITM(double*, double, double, double, double, double, double, int, int, double, double, double&, char*, int&) [37]
-----------------------------------------------
                                                 <spontaneous>
[38]     0.0    0.00    0.01                 SiteReport(site) [38]
                0.00    0.00       1/1           haat(site) [40]
                0.00    0.00       8/16          AverageTerrain(site, double, double, double) [39]
                0.00    0.00       2/123857897     GetElevation(site) [12]
                0.00    0.00       2/2           dec2dms(double) [52]
-----------------------------------------------
                0.00    0.00       8/16          haat(site) [40]
                0.00    0.00       8/16          SiteReport(site) [38]
[39]     0.0    0.00    0.01      16         AverageTerrain(site, double, double, double) [39]
                0.00    0.00      16/28816       ReadPath(site, site) [8]
                0.00    0.00      16/123857897     GetElevation(site) [12]
                0.00    0.00      14/123799759     arccos(double, double) [19]
-----------------------------------------------
                0.00    0.00       1/1           SiteReport(site) [38]
[40]     0.0    0.00    0.00       1         haat(site) [40]
                0.00    0.00       8/16          AverageTerrain(site, double, double, double) [39]
                0.00    0.00       1/123857897     GetElevation(site) [12]
-----------------------------------------------
                                                 <spontaneous>
[41]     0.0    0.00    0.00                 PlaceMarker(site) [41]
                0.00    0.00    1865/41416094     OrMask(double, double, int) [16]
                0.00    0.00    1457/41415686     GetMask(double, double) [32]
-----------------------------------------------
                0.00    0.00   28816/28816       ReadPath(site, site) [8]
[48]     0.0    0.00    0.00   28816         Distance(site, site) [48]
-----------------------------------------------
                0.00    0.00       2/6           PlotLRMap(site, double, char*) [2]
                0.00    0.00       2/6           WritePPMLR(char*, unsigned char, unsigned char, unsigned char, site*, unsigned char) [14]
                0.00    0.00       2/6           LoadTopoData(int, int, int, int) [22]
[49]     0.0    0.00    0.00       6         ReduceAngle(double) [49]
-----------------------------------------------
                0.00    0.00       2/2           LoadSDF(char*) [21]
[50]     0.0    0.00    0.00       2         LoadSDF_BZ(char*) [50]
-----------------------------------------------
                0.00    0.00       2/2           LoadQTH(char*) [92]
[51]     0.0    0.00    0.00       2         ReadBearing(char*) [51]
-----------------------------------------------
                0.00    0.00       2/2           SiteReport(site) [38]
[52]     0.0    0.00    0.00       2         dec2dms(double) [52]
-----------------------------------------------
                0.00    0.00       1/1           WritePPMLR(char*, unsigned char, unsigned char, unsigned char, site*, unsigned char) [14]
[53]     0.0    0.00    0.00       1         LoadLossColors(site) [53]
-----------------------------------------------
                0.00    0.00       1/1           ReadLRParm(site, char) [58]
[54]     0.0    0.00    0.00       1         LoadPAT(char*) [54]
-----------------------------------------------

 This table describes the call tree of the program, and was sorted by
 the total amount of time spent in each function and its children.

 Each entry in this table consists of several lines.  The line with the
 index number at the left hand margin lists the current function.
 The lines above it list the functions that called this function,
 and the lines below it list the functions this one called.
 This line lists:
     index	A unique number given to each element of the table.
		Index numbers are sorted numerically.
		The index number is printed next to every function name so
		it is easier to look up where the function in the table.

     % time	This is the percentage of the `total' time that was spent
		in this function and its children.  Note that due to
		different viewpoints, functions excluded by options, etc,
		these numbers will NOT add up to 100%.

     self	This is the total amount of time spent in this function.

     children	This is the total amount of time propagated into this
		function by its children.

     called	This is the number of times the function was called.
		If the function called itself recursively, the number
		only includes non-recursive calls, and is followed by
		a `+' and the number of recursive calls.

     name	The name of the current function.  The index number is
		printed after it.  If the function is a member of a
		cycle, the cycle number is printed between the
		function's name and the index number.


 For the function's parents, the fields have the following meanings:

     self	This is the amount of time that was propagated directly
		from the function into this parent.

     children	This is the amount of time that was propagated from
		the function's children into this parent.

     called	This is the number of times this parent called the
		function `/' the total number of times the function
		was called.  Recursive calls to the function are not
		included in the number after the `/'.

     name	This is the name of the parent.  The parent's index
		number is printed after it.  If the parent is a
		member of a cycle, the cycle number is printed between
		the name and the index number.

 If the parents of the function cannot be determined, the word
 `<spontaneous>' is printed in the `name' field, and all the other
 fields are blank.

 For the function's children, the fields have the following meanings:

     self	This is the amount of time that was propagated directly
		from the child into the function.

     children	This is the amount of time that was propagated from the
		child's children to the function.

     called	This is the number of times the function called
		this child `/' the total number of times the child
		was called.  Recursive calls by the child are not
		listed in the number after the `/'.

     name	This is the name of the child.  The child's index
		number is printed after it.  If the child is a
		member of a cycle, the cycle number is printed
		between the name and the index number.

 If there are any cycles (circles) in the call graph, there is an
 entry for the cycle-as-a-whole.  This entry shows who called the
 cycle (as parents) and the members of the cycle (as children.)
 The `+' recursive calls entry shows the number of function calls that
 were internal to the cycle, and the calls entry for each member shows,
 for that member, how many times it was called from other members of
 the cycle.


Index by function name

  [50] LoadSDF_BZ(char*)      [40] haat(site)             [13] saalos(double, prop_type&, propa_type&)
   [1] PlotLRPath(site, site, unsigned char, _IO_FILE*) [33] adiff(double, prop_type&, propa_type&) [24] Azimuth(site, site)
  [14] WritePPMLR(char*, unsigned char, unsigned char, unsigned char, site*, unsigned char) [26] aknfe(double const&) [32] GetMask(double, double)
  [36] FORTRAN_DIM(double const&, double const&) [30] alos2(double, prop_type&, propa_type&) [54] LoadPAT(char*)
  [23] LoadSDF_SDF(char*)     [17] curve(double const&, double const&, double const&, double const&, double const&, double const&) [21] LoadSDF(char*)
  [51] ReadBearing(char*)      [7] hzns2(double*, prop_type&, propa_type&) [27] PutMask(double, double, int)
  [49] ReduceAngle(double)    [18] qerfi(double)          [52] dec2dms(double)
  [28] interpolate(int, int, int, int, int) [31] qlrps(double, double, double, int, double, double, prop_type&) [9] lrprop2(double, prop_type&, propa_type&)
  [12] GetElevation(site)      [6] qtile(int const&, double*, int const&) [4] qlrpfl2(double*, int, int, prop_type&, propa_type&, propv_type&)
  [39] AverageTerrain(site, double, double, double) [34] z1sq1(double*, double const&, double const&, double&, double&) [48] Distance(site, site)
  [53] LoadLossColors(site)   [11] z1sq2(double*, double const&, double const&, double&, double&) [8] ReadPath(site, site)
   [3] point_to_point(double*, double, double, double, double, double, double, int, int, double, double, double&, char*, int&) [16] OrMask(double, double, int) [35] abq_alos(std::complex<double>)
  [37] point_to_point_ITM(double*, double, double, double, double, double, double, int, int, double, double, double&, char*, int&) [10] adiff2(double, prop_type&, propa_type&) [20] GetSignal(double, double)
  [25] fht(double const&, double const&) [19] arccos(double, double) [29] PutSignal(double, double, unsigned char)
  [15] avar(double, double, double, prop_type&, propv_type&) [5] d1thx2(double*, double const&, double const&, propa_type&)
