Run with 62 miles:
Flat profile:

Each sample counts as 0.01 seconds.
  %   cumulative   self              self     total           
 time   seconds   seconds    calls  ms/call  ms/call  name    
 44.46   1284.94  1284.94 63602782     0.02     0.02  qtile(int const&, double*, int const&)
 21.88   1917.34   632.40 31801424     0.02     0.06  d1thx2(double*, double const&, double const&, propa_type&)
 19.80   2489.60   572.27 31801424     0.02     0.02  hzns2(double*, prop_type&, propa_type&)
  6.18   2668.18   178.58 63601478     0.00     0.00  z1sq2(double*, double const&, double const&, double&, double&)
  2.92   2752.56    84.38 31801424     0.00     0.09  point_to_point(double*, double, double, double, double, double, double, int, int, double, double, double&, char*, int&)
  1.35   2791.45    38.89 95404217     0.00     0.00  saalos(double, prop_type&, propa_type&)
  1.21   2826.32    34.88 158915742     0.00     0.00  adiff2(double, prop_type&, propa_type&)
  0.37   2836.90    10.58 31801424     0.00     0.00  avar(double, double, double, prop_type&, propv_type&)
  0.28   2845.06     8.16 123857897     0.00     0.00  GetElevation(site)
  0.26   2852.66     7.60    28816     0.26     0.56  ReadPath(site, site)
  0.21   2858.63     5.97 126968852     0.00     0.00  OrMask(double, double, int)
  0.16   2863.14     4.51    28800     0.16   100.23  PlotLRPath(site, site, unsigned char, _IO_FILE*)
  0.14   2867.07     3.93 31801424     0.00     0.00  lrprop2(double, prop_type&, propa_type&)
  0.13   2870.92     3.86 95404272     0.00     0.00  curve(double const&, double const&, double const&, double const&, double const&, double const&)
  0.11   2873.97     3.05                             WritePPMLR(char*, unsigned char, unsigned char, unsigned char, site*, unsigned char)
  0.10   2876.91     2.94 63602848     0.00     0.00  qerfi(double)
  0.07   2878.80     1.89 31801424     0.00     0.09  qlrpfl2(double*, int, int, prop_type&, propa_type&, propv_type&)
  0.06   2880.60     1.80 31801424     0.00     0.00  GetSignal(double, double)
  0.05   2881.97     1.37 31801424     0.00     0.00  PutMask(double, double, int)
  0.04   2883.25     1.29 21357280     0.00     0.00  ascat(double, prop_type&, propa_type&)
  0.04   2884.51     1.26 31830240     0.00     0.00  Azimuth(site, site)
  0.04   2885.75     1.24 188569277     0.00     0.00  aknfe(double const&)
  0.04   2886.87     1.12 121364355     0.00     0.00  fht(double const&, double const&)
  0.03   2887.63     0.76 31801424     0.00     0.00  PutSignal(double, double, unsigned char)
  0.02   2888.35     0.72 21168473     0.00     0.00  alos2(double, prop_type&, propa_type&)
  0.02   2888.82     0.47 123799759     0.00     0.00  arccos(double, double)
  0.02   2889.29     0.47 21357280     0.00     0.00  h0f(double, double)
  0.01   2889.67     0.38        5    76.00    76.00  LoadSDF_SDF(char*)
  0.01   2889.89     0.23 31801424     0.00     0.00  qlrps(double, double, double, int, double, double, prop_type&)
  0.00   2890.02     0.13 126968444     0.00     0.00  GetMask(double, double)
  0.00   2890.12     0.10 10678640     0.00     0.00  ahd(double)
  0.00   2890.22     0.10                             z1sq1(double*, double const&, double const&, double&, double&)
  0.00   2890.29     0.07                             interpolate(int, int, int, int, int)
  0.00   2890.34     0.05        5    10.00    86.01  LoadSDF(char*)
  0.00   2890.38     0.04                             adiff(double, prop_type&, propa_type&)
  0.00   2890.41     0.04                             lrprop(double, prop_type&, propa_type&)
  0.00   2890.44     0.03    28816     0.00     0.00  Distance(site, site)
  0.00   2890.47     0.03                             FORTRAN_DIM(double const&, double const&)
  0.00   2890.49     0.02                             point_to_point_ITM(double*, double, double, double, double, double, double, int, int, double, double, double&, char*, int&)
  0.00   2890.51     0.02                             d1thx(double*, double const&, double const&)
  0.00   2890.52     0.01        2     5.00     5.00  dec2dms(double)
  0.00   2890.53     0.01                             hzns(double*, prop_type&)
  0.00   2890.53     0.01                             abq_alos(std::complex<double>)
  0.00   2890.53     0.00       16     0.00     0.56  AverageTerrain(site, double, double, double)
  0.00   2890.53     0.00        6     0.00     0.00  ReduceAngle(double)
  0.00   2890.53     0.00        2     0.00     0.00  LoadSDF_BZ(char*)
  0.00   2890.53     0.00        2     0.00     0.00  ReadBearing(char*)
  0.00   2890.53     0.00        1     0.00     0.00  LoadLossColors(site)
  0.00   2890.53     0.00        1     0.00     4.52  haat(site)
  0.00   2890.53     0.00        1     0.00     0.00  LoadPAT(char*)

 %         the percentage of the total running time of the
time       program used by this function.

cumulative a running sum of the number of seconds accounted
 seconds   for by this function and those listed above it.

 self      the number of seconds accounted for by this
seconds    function alone.  This is the major sort for this
           listing.

calls      the number of times this function was invoked, if
           this function is profiled, else blank.
 
 self      the average number of milliseconds spent in this
ms/call    function per call, if this function is profiled,
	   else blank.

 total     the average number of milliseconds spent in this
ms/call    function and its descendents per call, if this 
	   function is profiled, else blank.

name       the name of the function.  This is the minor sort
           for this listing. The index shows the location of
	   the function in the gprof listing. If the index is
	   in parenthesis it shows where it would appear in
	   the gprof listing if it were to be printed.

		     Call graph (explanation follows)


granularity: each sample hit covers 2 byte(s) for 0.00% of 2890.53 seconds

index % time    self  children    called     name
                4.51 2882.20   28800/28800       PlotLRMap(site, double, char*) [2]
[1]     99.9    4.51 2882.20   28800         PlotLRPath(site, site, unsigned char, _IO_FILE*) [1]
               84.38 2770.28 31801424/31801424     point_to_point(double*, double, double, double, double, double, double, int, int, double, double, double&, char*, int&) [3]
                7.60    8.66   28800/28816       ReadPath(site, site) [12]
                5.97    0.00 126966987/126968852     OrMask(double, double, int) [15]
                1.80    0.00 31801424/31801424     GetSignal(double, double) [20]
                1.37    0.00 31801424/31801424     PutMask(double, double, int) [21]
                1.26    0.00 31801424/31830240     Azimuth(site, site) [22]
                0.76    0.00 31801424/31801424     PutSignal(double, double, unsigned char) [25]
                0.13    0.00 126966987/126968444     GetMask(double, double) [33]
-----------------------------------------------
                                                 <spontaneous>
[2]     99.9    0.00 2886.71                 PlotLRMap(site, double, char*) [2]
                4.51 2882.20   28800/28800       PlotLRPath(site, site, unsigned char, _IO_FILE*) [1]
                0.00    0.00       2/6           ReduceAngle(double) [56]
-----------------------------------------------
               84.38 2770.28 31801424/31801424     PlotLRPath(site, site, unsigned char, _IO_FILE*) [1]
[3]     98.8   84.38 2770.28 31801424         point_to_point(double*, double, double, double, double, double, double, int, int, double, double, double&, char*, int&) [3]
                1.89 2750.80 31801424/31801424     qlrpfl2(double*, int, int, prop_type&, propa_type&, propv_type&) [4]
               10.58    3.86 31801424/31801424     avar(double, double, double, prop_type&, propv_type&) [13]
                2.94    0.00 63602848/63602848     qerfi(double) [18]
                0.23    0.00 31801424/31801424     qlrps(double, double, double, int, double, double, prop_type&) [32]
-----------------------------------------------
                1.89 2750.80 31801424/31801424     point_to_point(double*, double, double, double, double, double, double, int, int, double, double, double&, char*, int&) [3]
[4]     95.2    1.89 2750.80 31801424         qlrpfl2(double*, int, int, prop_type&, propa_type&, propv_type&) [4]
              632.40 1374.23 31801424/31801424     d1thx2(double*, double const&, double const&, propa_type&) [5]
              572.27    0.00 31801424/31801424     hzns2(double*, prop_type&, propa_type&) [7]
               89.29    0.00 31800087/63601478     z1sq2(double*, double const&, double const&, double&, double&) [8]
                3.93   78.69 31801424/31801424     lrprop2(double, prop_type&, propa_type&) [9]
-----------------------------------------------
              632.40 1374.23 31801424/31801424     qlrpfl2(double*, int, int, prop_type&, propa_type&, propv_type&) [4]
[5]     69.4  632.40 1374.23 31801424         d1thx2(double*, double const&, double const&, propa_type&) [5]
             1284.94    0.00 63602782/63602782     qtile(int const&, double*, int const&) [6]
               89.29    0.00 31801391/63601478     z1sq2(double*, double const&, double const&, double&, double&) [8]
-----------------------------------------------
             1284.94    0.00 63602782/63602782     d1thx2(double*, double const&, double const&, propa_type&) [5]
[6]     44.5 1284.94    0.00 63602782         qtile(int const&, double*, int const&) [6]
-----------------------------------------------
              572.27    0.00 31801424/31801424     qlrpfl2(double*, int, int, prop_type&, propa_type&, propv_type&) [4]
[7]     19.8  572.27    0.00 31801424         hzns2(double*, prop_type&, propa_type&) [7]
-----------------------------------------------
               89.29    0.00 31800087/63601478     qlrpfl2(double*, int, int, prop_type&, propa_type&, propv_type&) [4]
               89.29    0.00 31801391/63601478     d1thx2(double*, double const&, double const&, propa_type&) [5]
[8]      6.2  178.58    0.00 63601478         z1sq2(double*, double const&, double const&, double&, double&) [8]
-----------------------------------------------
                3.93   78.69 31801424/31801424     qlrpfl2(double*, int, int, prop_type&, propa_type&, propv_type&) [4]
[9]      2.9    3.93   78.69 31801424         lrprop2(double, prop_type&, propa_type&) [9]
               34.88   41.23 158915742/158915742     adiff2(double, prop_type&, propa_type&) [10]
                1.29    0.57 21357280/21357280     ascat(double, prop_type&, propa_type&) [19]
                0.72    0.02 21168473/21168473     alos2(double, prop_type&, propa_type&) [26]
-----------------------------------------------
               34.88   41.23 158915742/158915742     lrprop2(double, prop_type&, propa_type&) [9]
[10]     2.6   34.88   41.23 158915742         adiff2(double, prop_type&, propa_type&) [10]
               38.87    0.00 95358574/95404217     saalos(double, prop_type&, propa_type&) [11]
                1.24    0.00 188569277/188569277     aknfe(double const&) [23]
                1.12    0.00 121364355/121364355     fht(double const&, double const&) [24]
-----------------------------------------------
                0.02    0.00   45643/95404217     alos2(double, prop_type&, propa_type&) [26]
               38.87    0.00 95358574/95404217     adiff2(double, prop_type&, propa_type&) [10]
[11]     1.3   38.89    0.00 95404217         saalos(double, prop_type&, propa_type&) [11]
-----------------------------------------------
                0.00    0.00      16/28816       AverageTerrain(site, double, double, double) [46]
                7.60    8.66   28800/28816       PlotLRPath(site, site, unsigned char, _IO_FILE*) [1]
[12]     0.6    7.60    8.66   28816         ReadPath(site, site) [12]
                8.16    0.00 123857878/123857897     GetElevation(site) [14]
                0.47    0.00 123799745/123799759     arccos(double, double) [27]
                0.03    0.00   28816/28816       Distance(site, site) [39]
                0.00    0.00   28816/31830240     Azimuth(site, site) [22]
-----------------------------------------------
               10.58    3.86 31801424/31801424     point_to_point(double*, double, double, double, double, double, double, int, int, double, double, double&, char*, int&) [3]
[13]     0.5   10.58    3.86 31801424         avar(double, double, double, prop_type&, propv_type&) [13]
                3.86    0.00 95404272/95404272     curve(double const&, double const&, double const&, double const&, double const&, double const&) [16]
-----------------------------------------------
                0.00    0.00       1/123857897     haat(site) [48]
                0.00    0.00       2/123857897     SiteReport(site) [43]
                0.00    0.00      16/123857897     AverageTerrain(site, double, double, double) [46]
                8.16    0.00 123857878/123857897     ReadPath(site, site) [12]
[14]     0.3    8.16    0.00 123857897         GetElevation(site) [14]
-----------------------------------------------
                0.00    0.00    1865/126968852     PlaceMarker(site) [49]
                5.97    0.00 126966987/126968852     PlotLRPath(site, site, unsigned char, _IO_FILE*) [1]
[15]     0.2    5.97    0.00 126968852         OrMask(double, double, int) [15]
-----------------------------------------------
                3.86    0.00 95404272/95404272     avar(double, double, double, prop_type&, propv_type&) [13]
[16]     0.1    3.86    0.00 95404272         curve(double const&, double const&, double const&, double const&, double const&, double const&) [16]
-----------------------------------------------
                                                 <spontaneous>
[17]     0.1    3.05    0.00                 WritePPMLR(char*, unsigned char, unsigned char, unsigned char, site*, unsigned char) [17]
                0.00    0.00       2/6           ReduceAngle(double) [56]
                0.00    0.00       1/1           LoadLossColors(site) [59]
-----------------------------------------------
                2.94    0.00 63602848/63602848     point_to_point(double*, double, double, double, double, double, double, int, int, double, double, double&, char*, int&) [3]
[18]     0.1    2.94    0.00 63602848         qerfi(double) [18]
-----------------------------------------------
                1.29    0.57 21357280/21357280     lrprop2(double, prop_type&, propa_type&) [9]
[19]     0.1    1.29    0.57 21357280         ascat(double, prop_type&, propa_type&) [19]
                0.47    0.00 21357280/21357280     h0f(double, double) [28]
                0.10    0.00 10678640/10678640     ahd(double) [34]
-----------------------------------------------
                1.80    0.00 31801424/31801424     PlotLRPath(site, site, unsigned char, _IO_FILE*) [1]
[20]     0.1    1.80    0.00 31801424         GetSignal(double, double) [20]
-----------------------------------------------
                1.37    0.00 31801424/31801424     PlotLRPath(site, site, unsigned char, _IO_FILE*) [1]
[21]     0.0    1.37    0.00 31801424         PutMask(double, double, int) [21]
-----------------------------------------------
                0.00    0.00   28816/31830240     ReadPath(site, site) [12]
                1.26    0.00 31801424/31830240     PlotLRPath(site, site, unsigned char, _IO_FILE*) [1]
[22]     0.0    1.26    0.00 31830240         Azimuth(site, site) [22]
-----------------------------------------------
                1.24    0.00 188569277/188569277     adiff2(double, prop_type&, propa_type&) [10]
[23]     0.0    1.24    0.00 188569277         aknfe(double const&) [23]
-----------------------------------------------
                1.12    0.00 121364355/121364355     adiff2(double, prop_type&, propa_type&) [10]
[24]     0.0    1.12    0.00 121364355         fht(double const&, double const&) [24]
-----------------------------------------------
                0.76    0.00 31801424/31801424     PlotLRPath(site, site, unsigned char, _IO_FILE*) [1]
[25]     0.0    0.76    0.00 31801424         PutSignal(double, double, unsigned char) [25]
-----------------------------------------------
                0.72    0.02 21168473/21168473     lrprop2(double, prop_type&, propa_type&) [9]
[26]     0.0    0.72    0.02 21168473         alos2(double, prop_type&, propa_type&) [26]
                0.02    0.00   45643/95404217     saalos(double, prop_type&, propa_type&) [11]
-----------------------------------------------
                0.00    0.00      14/123799759     AverageTerrain(site, double, double, double) [46]
                0.47    0.00 123799745/123799759     ReadPath(site, site) [12]
[27]     0.0    0.47    0.00 123799759         arccos(double, double) [27]
-----------------------------------------------
                0.47    0.00 21357280/21357280     ascat(double, prop_type&, propa_type&) [19]
[28]     0.0    0.47    0.00 21357280         h0f(double, double) [28]
-----------------------------------------------
                0.05    0.38       5/5           LoadTopoData(int, int, int, int) [30]
[29]     0.0    0.05    0.38       5         LoadSDF(char*) [29]
                0.38    0.00       5/5           LoadSDF_SDF(char*) [31]
                0.00    0.00       2/2           LoadSDF_BZ(char*) [57]
-----------------------------------------------
                                                 <spontaneous>
[30]     0.0    0.00    0.43                 LoadTopoData(int, int, int, int) [30]
                0.05    0.38       5/5           LoadSDF(char*) [29]
                0.00    0.00       2/6           ReduceAngle(double) [56]
-----------------------------------------------
                0.38    0.00       5/5           LoadSDF(char*) [29]
[31]     0.0    0.38    0.00       5         LoadSDF_SDF(char*) [31]
-----------------------------------------------
                0.23    0.00 31801424/31801424     point_to_point(double*, double, double, double, double, double, double, int, int, double, double, double&, char*, int&) [3]
[32]     0.0    0.23    0.00 31801424         qlrps(double, double, double, int, double, double, prop_type&) [32]
-----------------------------------------------
                0.00    0.00    1457/126968444     PlaceMarker(site) [49]
                0.13    0.00 126966987/126968444     PlotLRPath(site, site, unsigned char, _IO_FILE*) [1]
[33]     0.0    0.13    0.00 126968444         GetMask(double, double) [33]
-----------------------------------------------
                0.10    0.00 10678640/10678640     ascat(double, prop_type&, propa_type&) [19]
[34]     0.0    0.10    0.00 10678640         ahd(double) [34]
-----------------------------------------------
                                                 <spontaneous>
[35]     0.0    0.10    0.00                 z1sq1(double*, double const&, double const&, double&, double&) [35]
-----------------------------------------------
                                                 <spontaneous>
[36]     0.0    0.07    0.00                 interpolate(int, int, int, int, int) [36]
-----------------------------------------------
                                                 <spontaneous>
[37]     0.0    0.04    0.00                 adiff(double, prop_type&, propa_type&) [37]
-----------------------------------------------
                                                 <spontaneous>
[38]     0.0    0.04    0.00                 lrprop(double, prop_type&, propa_type&) [38]
-----------------------------------------------
                0.03    0.00   28816/28816       ReadPath(site, site) [12]
[39]     0.0    0.03    0.00   28816         Distance(site, site) [39]
-----------------------------------------------
                                                 <spontaneous>
[40]     0.0    0.03    0.00                 FORTRAN_DIM(double const&, double const&) [40]
-----------------------------------------------
                                                 <spontaneous>
[41]     0.0    0.02    0.00                 point_to_point_ITM(double*, double, double, double, double, double, double, int, int, double, double, double&, char*, int&) [41]
-----------------------------------------------
                                                 <spontaneous>
[42]     0.0    0.02    0.00                 d1thx(double*, double const&, double const&) [42]
-----------------------------------------------
                                                 <spontaneous>
[43]     0.0    0.00    0.02                 SiteReport(site) [43]
                0.01    0.00       2/2           dec2dms(double) [44]
                0.00    0.00       1/1           haat(site) [48]
                0.00    0.00       8/16          AverageTerrain(site, double, double, double) [46]
                0.00    0.00       2/123857897     GetElevation(site) [14]
-----------------------------------------------
                0.01    0.00       2/2           SiteReport(site) [43]
[44]     0.0    0.01    0.00       2         dec2dms(double) [44]
-----------------------------------------------
                                                 <spontaneous>
[45]     0.0    0.01    0.00                 hzns(double*, prop_type&) [45]
-----------------------------------------------
                0.00    0.00       8/16          haat(site) [48]
                0.00    0.00       8/16          SiteReport(site) [43]
[46]     0.0    0.00    0.01      16         AverageTerrain(site, double, double, double) [46]
                0.00    0.00      16/28816       ReadPath(site, site) [12]
                0.00    0.00      16/123857897     GetElevation(site) [14]
                0.00    0.00      14/123799759     arccos(double, double) [27]
-----------------------------------------------
                                                 <spontaneous>
[47]     0.0    0.01    0.00                 abq_alos(std::complex<double>) [47]
-----------------------------------------------
                0.00    0.00       1/1           SiteReport(site) [43]
[48]     0.0    0.00    0.00       1         haat(site) [48]
                0.00    0.00       8/16          AverageTerrain(site, double, double, double) [46]
                0.00    0.00       1/123857897     GetElevation(site) [14]
-----------------------------------------------
                                                 <spontaneous>
[49]     0.0    0.00    0.00                 PlaceMarker(site) [49]
                0.00    0.00    1865/126968852     OrMask(double, double, int) [15]
                0.00    0.00    1457/126968444     GetMask(double, double) [33]
-----------------------------------------------
                0.00    0.00       2/6           PlotLRMap(site, double, char*) [2]
                0.00    0.00       2/6           WritePPMLR(char*, unsigned char, unsigned char, unsigned char, site*, unsigned char) [17]
                0.00    0.00       2/6           LoadTopoData(int, int, int, int) [30]
[56]     0.0    0.00    0.00       6         ReduceAngle(double) [56]
-----------------------------------------------
                0.00    0.00       2/2           LoadSDF(char*) [29]
[57]     0.0    0.00    0.00       2         LoadSDF_BZ(char*) [57]
-----------------------------------------------
                0.00    0.00       2/2           LoadQTH(char*) [92]
[58]     0.0    0.00    0.00       2         ReadBearing(char*) [58]
-----------------------------------------------
                0.00    0.00       1/1           WritePPMLR(char*, unsigned char, unsigned char, unsigned char, site*, unsigned char) [17]
[59]     0.0    0.00    0.00       1         LoadLossColors(site) [59]
-----------------------------------------------
                0.00    0.00       1/1           ReadLRParm(site, char) [64]
[60]     0.0    0.00    0.00       1         LoadPAT(char*) [60]
-----------------------------------------------

 This table describes the call tree of the program, and was sorted by
 the total amount of time spent in each function and its children.

 Each entry in this table consists of several lines.  The line with the
 index number at the left hand margin lists the current function.
 The lines above it list the functions that called this function,
 and the lines below it list the functions this one called.
 This line lists:
     index	A unique number given to each element of the table.
		Index numbers are sorted numerically.
		The index number is printed next to every function name so
		it is easier to look up where the function in the table.

     % time	This is the percentage of the `total' time that was spent
		in this function and its children.  Note that due to
		different viewpoints, functions excluded by options, etc,
		these numbers will NOT add up to 100%.

     self	This is the total amount of time spent in this function.

     children	This is the total amount of time propagated into this
		function by its children.

     called	This is the number of times the function was called.
		If the function called itself recursively, the number
		only includes non-recursive calls, and is followed by
		a `+' and the number of recursive calls.

     name	The name of the current function.  The index number is
		printed after it.  If the function is a member of a
		cycle, the cycle number is printed between the
		function's name and the index number.


 For the function's parents, the fields have the following meanings:

     self	This is the amount of time that was propagated directly
		from the function into this parent.

     children	This is the amount of time that was propagated from
		the function's children into this parent.

     called	This is the number of times this parent called the
		function `/' the total number of times the function
		was called.  Recursive calls to the function are not
		included in the number after the `/'.

     name	This is the name of the parent.  The parent's index
		number is printed after it.  If the parent is a
		member of a cycle, the cycle number is printed between
		the name and the index number.

 If the parents of the function cannot be determined, the word
 `<spontaneous>' is printed in the `name' field, and all the other
 fields are blank.

 For the function's children, the fields have the following meanings:

     self	This is the amount of time that was propagated directly
		from the child into the function.

     children	This is the amount of time that was propagated from the
		child's children to the function.

     called	This is the number of times the function called
		this child `/' the total number of times the child
		was called.  Recursive calls by the child are not
		listed in the number after the `/'.

     name	This is the name of the child.  The child's index
		number is printed after it.  If the child is a
		member of a cycle, the cycle number is printed
		between the name and the index number.

 If there are any cycles (circles) in the call graph, there is an
 entry for the cycle-as-a-whole.  This entry shows who called the
 cycle (as parents) and the members of the cycle (as children.)
 The `+' recursive calls entry shows the number of function calls that
 were internal to the cycle, and the calls entry for each member shows,
 for that member, how many times it was called from other members of
 the cycle.


Index by function name

  [57] LoadSDF_BZ(char*)      [48] haat(site)              [5] d1thx2(double*, double const&, double const&, propa_type&)
   [1] PlotLRPath(site, site, unsigned char, _IO_FILE*) [45] hzns(double*, prop_type&) [38] lrprop(double, prop_type&, propa_type&)
  [17] WritePPMLR(char*, unsigned char, unsigned char, unsigned char, site*, unsigned char) [37] adiff(double, prop_type&, propa_type&) [11] saalos(double, prop_type&, propa_type&)
  [40] FORTRAN_DIM(double const&, double const&) [23] aknfe(double const&) [22] Azimuth(site, site)
  [31] LoadSDF_SDF(char*)     [26] alos2(double, prop_type&, propa_type&) [33] GetMask(double, double)
  [58] ReadBearing(char*)     [19] ascat(double, prop_type&, propa_type&) [60] LoadPAT(char*)
  [56] ReduceAngle(double)    [16] curve(double const&, double const&, double const&, double const&, double const&, double const&) [29] LoadSDF(char*)
  [36] interpolate(int, int, int, int, int) [42] d1thx(double*, double const&, double const&) [21] PutMask(double, double, int)
  [14] GetElevation(site)      [7] hzns2(double*, prop_type&, propa_type&) [44] dec2dms(double)
  [46] AverageTerrain(site, double, double, double) [18] qerfi(double) [9] lrprop2(double, prop_type&, propa_type&)
  [59] LoadLossColors(site)   [32] qlrps(double, double, double, int, double, double, prop_type&) [4] qlrpfl2(double*, int, int, prop_type&, propa_type&, propv_type&)
   [3] point_to_point(double*, double, double, double, double, double, double, int, int, double, double, double&, char*, int&) [6] qtile(int const&, double*, int const&) [39] Distance(site, site)
  [41] point_to_point_ITM(double*, double, double, double, double, double, double, int, int, double, double, double&, char*, int&) [35] z1sq1(double*, double const&, double const&, double&, double&) [12] ReadPath(site, site)
  [34] ahd(double)             [8] z1sq2(double*, double const&, double const&, double&, double&) [47] abq_alos(std::complex<double>)
  [24] fht(double const&, double const&) [15] OrMask(double, double, int) [20] GetSignal(double, double)
  [28] h0f(double, double)    [10] adiff2(double, prop_type&, propa_type&) [25] PutSignal(double, double, unsigned char)
  [13] avar(double, double, double, prop_type&, propv_type&) [27] arccos(double, double)
