Run with 65 miles:
Flat profile:

Each sample counts as 0.01 seconds.
  %   cumulative   self              self     total           
 time   seconds   seconds    calls  ms/call  ms/call  name    
 45.05   1447.80  1447.80 67465540     0.02     0.02  qtile(int const&, double*, int const&)
 21.75   2146.96   699.16 33732803     0.02     0.07  d1thx2(double*, double const&, double const&, propa_type&)
 19.73   2780.96   634.00 33732803     0.02     0.02  hzns2(double*, prop_type&, propa_type&)
  6.17   2979.30   198.34 67464236     0.00     0.00  z1sq2(double*, double const&, double const&, double&, double&)
  2.87   3071.50    92.21 33732803     0.00     0.09  point_to_point(double*, double, double, double, double, double, double, int, int, double, double, double&, char*, int&)
  1.29   3112.98    41.48 101198354     0.00     0.00  saalos(double, prop_type&, propa_type&)
  1.17   3150.47    37.49 168572637     0.00     0.00  adiff2(double, prop_type&, propa_type&)
  0.33   3161.03    10.56 33732803     0.00     0.00  avar(double, double, double, prop_type&, propv_type&)
  0.22   3168.20     7.17    28816     0.25     0.51  ReadPath(site, site)
  0.22   3175.19     6.99 123857897     0.00     0.00  GetElevation(site)
  0.19   3181.33     6.13 132107435     0.00     0.00  OrMask(double, double, int)
  0.15   3186.00     4.67    28800     0.16   111.47  PlotLRPath(site, site, unsigned char, _IO_FILE*)
  0.13   3190.14     4.15 33732803     0.00     0.00  lrprop2(double, prop_type&, propa_type&)
  0.12   3194.12     3.98 101198409     0.00     0.00  curve(double const&, double const&, double const&, double const&, double const&, double const&)
  0.10   3197.25     3.13                             WritePPMLR(char*, unsigned char, unsigned char, unsigned char, site*, unsigned char)
  0.09   3200.17     2.92 67465606     0.00     0.00  qerfi(double)
  0.07   3202.33     2.16 33732803     0.00     0.00  GetSignal(double, double)
  0.05   3204.04     1.72 24927544     0.00     0.00  ascat(double, prop_type&, propa_type&)
  0.05   3205.68     1.64 33732803     0.00     0.09  qlrpfl2(double*, int, int, prop_type&, propa_type&, propv_type&)
  0.05   3207.17     1.49 33732803     0.00     0.00  PutMask(double, double, int)
  0.04   3208.55     1.38 128892179     0.00     0.00  fht(double const&, double const&)
  0.04   3209.85     1.30 33761619     0.00     0.00  Azimuth(site, site)
  0.04   3211.06     1.21 200131131     0.00     0.00  aknfe(double const&)
  0.02   3211.79     0.73 33732803     0.00     0.00  PutSignal(double, double, unsigned char)
  0.02   3212.28     0.50 24927544     0.00     0.00  h0f(double, double)
  0.01   3212.71     0.43 123799759     0.00     0.00  arccos(double, double)
  0.01   3213.04     0.33 33732803     0.00     0.00  qlrps(double, double, double, int, double, double, prop_type&)
  0.01   3213.37     0.33        5    66.00    66.00  LoadSDF_SDF(char*)
  0.00   3213.51     0.14 12463772     0.00     0.00  ahd(double)
  0.00   3213.61     0.10 132107027     0.00     0.00  GetMask(double, double)
  0.00   3213.71     0.10                             interpolate(int, int, int, int, int)
  0.00   3213.79     0.08 21314720     0.00     0.00  alos2(double, prop_type&, propa_type&)
  0.00   3213.86     0.07                             z1sq1(double*, double const&, double const&, double&, double&)
  0.00   3213.91     0.06                             adiff(double, prop_type&, propa_type&)
  0.00   3213.96     0.05        5    10.00    76.00  LoadSDF(char*)
  0.00   3214.00     0.04                             abq_alos(std::complex<double>)
  0.00   3214.03     0.03                             FORTRAN_DIM(double const&, double const&)
  0.00   3214.05     0.03                             qlrpfl(double*, int, int, prop_type&, propa_type&, propv_type&)
  0.00   3214.07     0.02                             hzns(double*, prop_type&)
  0.00   3214.08     0.01    28816     0.00     0.00  Distance(site, site)
  0.00   3214.09     0.01        2     5.00     5.00  dec2dms(double)
  0.00   3214.10     0.01                             point_to_point_ITM(double*, double, double, double, double, double, double, int, int, double, double, double&, char*, int&)
  0.00   3214.11     0.01                             lrprop(double, prop_type&, propa_type&)
  0.00   3214.11     0.00       16     0.00     0.51  AverageTerrain(site, double, double, double)
  0.00   3214.11     0.00        6     0.00     0.00  ReduceAngle(double)
  0.00   3214.11     0.00        2     0.00     0.00  LoadSDF_BZ(char*)
  0.00   3214.11     0.00        2     0.00     0.00  ReadBearing(char*)
  0.00   3214.11     0.00        1     0.00     0.00  LoadLossColors(site)
  0.00   3214.11     0.00        1     0.00     4.05  haat(site)
  0.00   3214.11     0.00        1     0.00     0.00  LoadPAT(char*)

 %         the percentage of the total running time of the
time       program used by this function.

cumulative a running sum of the number of seconds accounted
 seconds   for by this function and those listed above it.

 self      the number of seconds accounted for by this
seconds    function alone.  This is the major sort for this
           listing.

calls      the number of times this function was invoked, if
           this function is profiled, else blank.
 
 self      the average number of milliseconds spent in this
ms/call    function per call, if this function is profiled,
	   else blank.

 total     the average number of milliseconds spent in this
ms/call    function and its descendents per call, if this 
	   function is profiled, else blank.

name       the name of the function.  This is the minor sort
           for this listing. The index shows the location of
	   the function in the gprof listing. If the index is
	   in parenthesis it shows where it would appear in
	   the gprof listing if it were to be printed.

		     Call graph (explanation follows)


granularity: each sample hit covers 2 byte(s) for 0.00% of 3214.11 seconds

index % time    self  children    called     name
                4.67 3205.56   28800/28800       PlotLRMap(site, double, char*) [2]
[1]     99.9    4.67 3205.56   28800         PlotLRPath(site, site, unsigned char, _IO_FILE*) [1]
               92.21 3086.85 33732803/33732803     point_to_point(double*, double, double, double, double, double, double, int, int, double, double, double&, char*, int&) [3]
                7.17    7.43   28800/28816       ReadPath(site, site) [12]
                6.13    0.00 132105570/132107435     OrMask(double, double, int) [15]
                2.16    0.00 33732803/33732803     GetSignal(double, double) [20]
                1.49    0.00 33732803/33732803     PutMask(double, double, int) [21]
                1.30    0.00 33732803/33761619     Azimuth(site, site) [23]
                0.73    0.00 33732803/33732803     PutSignal(double, double, unsigned char) [25]
                0.10    0.00 132105570/132107027     GetMask(double, double) [33]
-----------------------------------------------
                                                 <spontaneous>
[2]     99.9    0.00 3210.23                 PlotLRMap(site, double, char*) [2]
                4.67 3205.56   28800/28800       PlotLRPath(site, site, unsigned char, _IO_FILE*) [1]
                0.00    0.00       2/6           ReduceAngle(double) [56]
-----------------------------------------------
               92.21 3086.85 33732803/33732803     PlotLRPath(site, site, unsigned char, _IO_FILE*) [1]
[3]     98.9   92.21 3086.85 33732803         point_to_point(double*, double, double, double, double, double, double, int, int, double, double, double&, char*, int&) [3]
                1.64 3067.43 33732803/33732803     qlrpfl2(double*, int, int, prop_type&, propa_type&, propv_type&) [4]
               10.56    3.98 33732803/33732803     avar(double, double, double, prop_type&, propv_type&) [13]
                2.92    0.00 67465606/67465606     qerfi(double) [18]
                0.33    0.00 33732803/33732803     qlrps(double, double, double, int, double, double, prop_type&) [30]
-----------------------------------------------
                1.64 3067.43 33732803/33732803     point_to_point(double*, double, double, double, double, double, double, int, int, double, double, double&, char*, int&) [3]
[4]     95.5    1.64 3067.43 33732803         qlrpfl2(double*, int, int, prop_type&, propa_type&, propv_type&) [4]
              699.16 1546.97 33732803/33732803     d1thx2(double*, double const&, double const&, propa_type&) [5]
              634.00    0.00 33732803/33732803     hzns2(double*, prop_type&, propa_type&) [7]
               99.17    0.00 33731466/67464236     z1sq2(double*, double const&, double const&, double&, double&) [8]
                4.15   83.99 33732803/33732803     lrprop2(double, prop_type&, propa_type&) [9]
-----------------------------------------------
              699.16 1546.97 33732803/33732803     qlrpfl2(double*, int, int, prop_type&, propa_type&, propv_type&) [4]
[5]     69.9  699.16 1546.97 33732803         d1thx2(double*, double const&, double const&, propa_type&) [5]
             1447.80    0.00 67465540/67465540     qtile(int const&, double*, int const&) [6]
               99.17    0.00 33732770/67464236     z1sq2(double*, double const&, double const&, double&, double&) [8]
-----------------------------------------------
             1447.80    0.00 67465540/67465540     d1thx2(double*, double const&, double const&, propa_type&) [5]
[6]     45.0 1447.80    0.00 67465540         qtile(int const&, double*, int const&) [6]
-----------------------------------------------
              634.00    0.00 33732803/33732803     qlrpfl2(double*, int, int, prop_type&, propa_type&, propv_type&) [4]
[7]     19.7  634.00    0.00 33732803         hzns2(double*, prop_type&, propa_type&) [7]
-----------------------------------------------
               99.17    0.00 33731466/67464236     qlrpfl2(double*, int, int, prop_type&, propa_type&, propv_type&) [4]
               99.17    0.00 33732770/67464236     d1thx2(double*, double const&, double const&, propa_type&) [5]
[8]      6.2  198.34    0.00 67464236         z1sq2(double*, double const&, double const&, double&, double&) [8]
-----------------------------------------------
                4.15   83.99 33732803/33732803     qlrpfl2(double*, int, int, prop_type&, propa_type&, propv_type&) [4]
[9]      2.7    4.15   83.99 33732803         lrprop2(double, prop_type&, propa_type&) [9]
               37.49   44.05 168572637/168572637     adiff2(double, prop_type&, propa_type&) [10]
                1.72    0.63 24927544/24927544     ascat(double, prop_type&, propa_type&) [19]
                0.08    0.02 21314720/21314720     alos2(double, prop_type&, propa_type&) [35]
-----------------------------------------------
               37.49   44.05 168572637/168572637     lrprop2(double, prop_type&, propa_type&) [9]
[10]     2.5   37.49   44.05 168572637         adiff2(double, prop_type&, propa_type&) [10]
               41.46    0.00 101152711/101198354     saalos(double, prop_type&, propa_type&) [11]
                1.38    0.00 128892179/128892179     fht(double const&, double const&) [22]
                1.21    0.00 200131131/200131131     aknfe(double const&) [24]
-----------------------------------------------
                0.02    0.00   45643/101198354     alos2(double, prop_type&, propa_type&) [35]
               41.46    0.00 101152711/101198354     adiff2(double, prop_type&, propa_type&) [10]
[11]     1.3   41.48    0.00 101198354         saalos(double, prop_type&, propa_type&) [11]
-----------------------------------------------
                0.00    0.00      16/28816       AverageTerrain(site, double, double, double) [47]
                7.17    7.43   28800/28816       PlotLRPath(site, site, unsigned char, _IO_FILE*) [1]
[12]     0.5    7.17    7.43   28816         ReadPath(site, site) [12]
                6.99    0.00 123857878/123857897     GetElevation(site) [14]
                0.43    0.00 123799745/123799759     arccos(double, double) [27]
                0.01    0.00   28816/28816       Distance(site, site) [43]
                0.00    0.00   28816/33761619     Azimuth(site, site) [23]
-----------------------------------------------
               10.56    3.98 33732803/33732803     point_to_point(double*, double, double, double, double, double, double, int, int, double, double, double&, char*, int&) [3]
[13]     0.5   10.56    3.98 33732803         avar(double, double, double, prop_type&, propv_type&) [13]
                3.98    0.00 101198409/101198409     curve(double const&, double const&, double const&, double const&, double const&, double const&) [16]
-----------------------------------------------
                0.00    0.00       1/123857897     haat(site) [48]
                0.00    0.00       2/123857897     SiteReport(site) [42]
                0.00    0.00      16/123857897     AverageTerrain(site, double, double, double) [47]
                6.99    0.00 123857878/123857897     ReadPath(site, site) [12]
[14]     0.2    6.99    0.00 123857897         GetElevation(site) [14]
-----------------------------------------------
                0.00    0.00    1865/132107435     PlaceMarker(site) [49]
                6.13    0.00 132105570/132107435     PlotLRPath(site, site, unsigned char, _IO_FILE*) [1]
[15]     0.2    6.13    0.00 132107435         OrMask(double, double, int) [15]
-----------------------------------------------
                3.98    0.00 101198409/101198409     avar(double, double, double, prop_type&, propv_type&) [13]
[16]     0.1    3.98    0.00 101198409         curve(double const&, double const&, double const&, double const&, double const&, double const&) [16]
-----------------------------------------------
                                                 <spontaneous>
[17]     0.1    3.13    0.00                 WritePPMLR(char*, unsigned char, unsigned char, unsigned char, site*, unsigned char) [17]
                0.00    0.00       2/6           ReduceAngle(double) [56]
                0.00    0.00       1/1           LoadLossColors(site) [59]
-----------------------------------------------
                2.92    0.00 67465606/67465606     point_to_point(double*, double, double, double, double, double, double, int, int, double, double, double&, char*, int&) [3]
[18]     0.1    2.92    0.00 67465606         qerfi(double) [18]
-----------------------------------------------
                1.72    0.63 24927544/24927544     lrprop2(double, prop_type&, propa_type&) [9]
[19]     0.1    1.72    0.63 24927544         ascat(double, prop_type&, propa_type&) [19]
                0.50    0.00 24927544/24927544     h0f(double, double) [26]
                0.14    0.00 12463772/12463772     ahd(double) [32]
-----------------------------------------------
                2.16    0.00 33732803/33732803     PlotLRPath(site, site, unsigned char, _IO_FILE*) [1]
[20]     0.1    2.16    0.00 33732803         GetSignal(double, double) [20]
-----------------------------------------------
                1.49    0.00 33732803/33732803     PlotLRPath(site, site, unsigned char, _IO_FILE*) [1]
[21]     0.0    1.49    0.00 33732803         PutMask(double, double, int) [21]
-----------------------------------------------
                1.38    0.00 128892179/128892179     adiff2(double, prop_type&, propa_type&) [10]
[22]     0.0    1.38    0.00 128892179         fht(double const&, double const&) [22]
-----------------------------------------------
                0.00    0.00   28816/33761619     ReadPath(site, site) [12]
                1.30    0.00 33732803/33761619     PlotLRPath(site, site, unsigned char, _IO_FILE*) [1]
[23]     0.0    1.30    0.00 33761619         Azimuth(site, site) [23]
-----------------------------------------------
                1.21    0.00 200131131/200131131     adiff2(double, prop_type&, propa_type&) [10]
[24]     0.0    1.21    0.00 200131131         aknfe(double const&) [24]
-----------------------------------------------
                0.73    0.00 33732803/33732803     PlotLRPath(site, site, unsigned char, _IO_FILE*) [1]
[25]     0.0    0.73    0.00 33732803         PutSignal(double, double, unsigned char) [25]
-----------------------------------------------
                0.50    0.00 24927544/24927544     ascat(double, prop_type&, propa_type&) [19]
[26]     0.0    0.50    0.00 24927544         h0f(double, double) [26]
-----------------------------------------------
                0.00    0.00      14/123799759     AverageTerrain(site, double, double, double) [47]
                0.43    0.00 123799745/123799759     ReadPath(site, site) [12]
[27]     0.0    0.43    0.00 123799759         arccos(double, double) [27]
-----------------------------------------------
                0.05    0.33       5/5           LoadTopoData(int, int, int, int) [29]
[28]     0.0    0.05    0.33       5         LoadSDF(char*) [28]
                0.33    0.00       5/5           LoadSDF_SDF(char*) [31]
                0.00    0.00       2/2           LoadSDF_BZ(char*) [57]
-----------------------------------------------
                                                 <spontaneous>
[29]     0.0    0.00    0.38                 LoadTopoData(int, int, int, int) [29]
                0.05    0.33       5/5           LoadSDF(char*) [28]
                0.00    0.00       2/6           ReduceAngle(double) [56]
-----------------------------------------------
                0.33    0.00 33732803/33732803     point_to_point(double*, double, double, double, double, double, double, int, int, double, double, double&, char*, int&) [3]
[30]     0.0    0.33    0.00 33732803         qlrps(double, double, double, int, double, double, prop_type&) [30]
-----------------------------------------------
                0.33    0.00       5/5           LoadSDF(char*) [28]
[31]     0.0    0.33    0.00       5         LoadSDF_SDF(char*) [31]
-----------------------------------------------
                0.14    0.00 12463772/12463772     ascat(double, prop_type&, propa_type&) [19]
[32]     0.0    0.14    0.00 12463772         ahd(double) [32]
-----------------------------------------------
                0.00    0.00    1457/132107027     PlaceMarker(site) [49]
                0.10    0.00 132105570/132107027     PlotLRPath(site, site, unsigned char, _IO_FILE*) [1]
[33]     0.0    0.10    0.00 132107027         GetMask(double, double) [33]
-----------------------------------------------
                                                 <spontaneous>
[34]     0.0    0.10    0.00                 interpolate(int, int, int, int, int) [34]
-----------------------------------------------
                0.08    0.02 21314720/21314720     lrprop2(double, prop_type&, propa_type&) [9]
[35]     0.0    0.08    0.02 21314720         alos2(double, prop_type&, propa_type&) [35]
                0.02    0.00   45643/101198354     saalos(double, prop_type&, propa_type&) [11]
-----------------------------------------------
                                                 <spontaneous>
[36]     0.0    0.07    0.00                 z1sq1(double*, double const&, double const&, double&, double&) [36]
-----------------------------------------------
                                                 <spontaneous>
[37]     0.0    0.06    0.00                 adiff(double, prop_type&, propa_type&) [37]
-----------------------------------------------
                                                 <spontaneous>
[38]     0.0    0.04    0.00                 abq_alos(std::complex<double>) [38]
-----------------------------------------------
                                                 <spontaneous>
[39]     0.0    0.03    0.00                 FORTRAN_DIM(double const&, double const&) [39]
-----------------------------------------------
                                                 <spontaneous>
[40]     0.0    0.03    0.00                 qlrpfl(double*, int, int, prop_type&, propa_type&, propv_type&) [40]
-----------------------------------------------
                                                 <spontaneous>
[41]     0.0    0.02    0.00                 hzns(double*, prop_type&) [41]
-----------------------------------------------
                                                 <spontaneous>
[42]     0.0    0.00    0.02                 SiteReport(site) [42]
                0.01    0.00       2/2           dec2dms(double) [44]
                0.00    0.00       1/1           haat(site) [48]
                0.00    0.00       8/16          AverageTerrain(site, double, double, double) [47]
                0.00    0.00       2/123857897     GetElevation(site) [14]
-----------------------------------------------
                0.01    0.00   28816/28816       ReadPath(site, site) [12]
[43]     0.0    0.01    0.00   28816         Distance(site, site) [43]
-----------------------------------------------
                0.01    0.00       2/2           SiteReport(site) [42]
[44]     0.0    0.01    0.00       2         dec2dms(double) [44]
-----------------------------------------------
                                                 <spontaneous>
[45]     0.0    0.01    0.00                 point_to_point_ITM(double*, double, double, double, double, double, double, int, int, double, double, double&, char*, int&) [45]
-----------------------------------------------
                                                 <spontaneous>
[46]     0.0    0.01    0.00                 lrprop(double, prop_type&, propa_type&) [46]
-----------------------------------------------
                0.00    0.00       8/16          haat(site) [48]
                0.00    0.00       8/16          SiteReport(site) [42]
[47]     0.0    0.00    0.01      16         AverageTerrain(site, double, double, double) [47]
                0.00    0.00      16/28816       ReadPath(site, site) [12]
                0.00    0.00      16/123857897     GetElevation(site) [14]
                0.00    0.00      14/123799759     arccos(double, double) [27]
-----------------------------------------------
                0.00    0.00       1/1           SiteReport(site) [42]
[48]     0.0    0.00    0.00       1         haat(site) [48]
                0.00    0.00       8/16          AverageTerrain(site, double, double, double) [47]
                0.00    0.00       1/123857897     GetElevation(site) [14]
-----------------------------------------------
                                                 <spontaneous>
[49]     0.0    0.00    0.00                 PlaceMarker(site) [49]
                0.00    0.00    1865/132107435     OrMask(double, double, int) [15]
                0.00    0.00    1457/132107027     GetMask(double, double) [33]
-----------------------------------------------
                0.00    0.00       2/6           PlotLRMap(site, double, char*) [2]
                0.00    0.00       2/6           WritePPMLR(char*, unsigned char, unsigned char, unsigned char, site*, unsigned char) [17]
                0.00    0.00       2/6           LoadTopoData(int, int, int, int) [29]
[56]     0.0    0.00    0.00       6         ReduceAngle(double) [56]
-----------------------------------------------
                0.00    0.00       2/2           LoadSDF(char*) [28]
[57]     0.0    0.00    0.00       2         LoadSDF_BZ(char*) [57]
-----------------------------------------------
                0.00    0.00       2/2           LoadQTH(char*) [92]
[58]     0.0    0.00    0.00       2         ReadBearing(char*) [58]
-----------------------------------------------
                0.00    0.00       1/1           WritePPMLR(char*, unsigned char, unsigned char, unsigned char, site*, unsigned char) [17]
[59]     0.0    0.00    0.00       1         LoadLossColors(site) [59]
-----------------------------------------------
                0.00    0.00       1/1           ReadLRParm(site, char) [64]
[60]     0.0    0.00    0.00       1         LoadPAT(char*) [60]
-----------------------------------------------

 This table describes the call tree of the program, and was sorted by
 the total amount of time spent in each function and its children.

 Each entry in this table consists of several lines.  The line with the
 index number at the left hand margin lists the current function.
 The lines above it list the functions that called this function,
 and the lines below it list the functions this one called.
 This line lists:
     index	A unique number given to each element of the table.
		Index numbers are sorted numerically.
		The index number is printed next to every function name so
		it is easier to look up where the function in the table.

     % time	This is the percentage of the `total' time that was spent
		in this function and its children.  Note that due to
		different viewpoints, functions excluded by options, etc,
		these numbers will NOT add up to 100%.

     self	This is the total amount of time spent in this function.

     children	This is the total amount of time propagated into this
		function by its children.

     called	This is the number of times the function was called.
		If the function called itself recursively, the number
		only includes non-recursive calls, and is followed by
		a `+' and the number of recursive calls.

     name	The name of the current function.  The index number is
		printed after it.  If the function is a member of a
		cycle, the cycle number is printed between the
		function's name and the index number.


 For the function's parents, the fields have the following meanings:

     self	This is the amount of time that was propagated directly
		from the function into this parent.

     children	This is the amount of time that was propagated from
		the function's children into this parent.

     called	This is the number of times this parent called the
		function `/' the total number of times the function
		was called.  Recursive calls to the function are not
		included in the number after the `/'.

     name	This is the name of the parent.  The parent's index
		number is printed after it.  If the parent is a
		member of a cycle, the cycle number is printed between
		the name and the index number.

 If the parents of the function cannot be determined, the word
 `<spontaneous>' is printed in the `name' field, and all the other
 fields are blank.

 For the function's children, the fields have the following meanings:

     self	This is the amount of time that was propagated directly
		from the child into the function.

     children	This is the amount of time that was propagated from the
		child's children to the function.

     called	This is the number of times the function called
		this child `/' the total number of times the child
		was called.  Recursive calls by the child are not
		listed in the number after the `/'.

     name	This is the name of the child.  The child's index
		number is printed after it.  If the child is a
		member of a cycle, the cycle number is printed
		between the name and the index number.

 If there are any cycles (circles) in the call graph, there is an
 entry for the cycle-as-a-whole.  This entry shows who called the
 cycle (as parents) and the members of the cycle (as children.)
 The `+' recursive calls entry shows the number of function calls that
 were internal to the cycle, and the calls entry for each member shows,
 for that member, how many times it was called from other members of
 the cycle.


Index by function name

  [57] LoadSDF_BZ(char*)      [48] haat(site)             [46] lrprop(double, prop_type&, propa_type&)
   [1] PlotLRPath(site, site, unsigned char, _IO_FILE*) [41] hzns(double*, prop_type&) [40] qlrpfl(double*, int, int, prop_type&, propa_type&, propv_type&)
  [17] WritePPMLR(char*, unsigned char, unsigned char, unsigned char, site*, unsigned char) [37] adiff(double, prop_type&, propa_type&) [11] saalos(double, prop_type&, propa_type&)
  [39] FORTRAN_DIM(double const&, double const&) [24] aknfe(double const&) [23] Azimuth(site, site)
  [31] LoadSDF_SDF(char*)     [35] alos2(double, prop_type&, propa_type&) [33] GetMask(double, double)
  [58] ReadBearing(char*)     [19] ascat(double, prop_type&, propa_type&) [60] LoadPAT(char*)
  [56] ReduceAngle(double)    [16] curve(double const&, double const&, double const&, double const&, double const&, double const&) [28] LoadSDF(char*)
  [34] interpolate(int, int, int, int, int) [7] hzns2(double*, prop_type&, propa_type&) [21] PutMask(double, double, int)
  [14] GetElevation(site)     [18] qerfi(double)          [44] dec2dms(double)
  [47] AverageTerrain(site, double, double, double) [30] qlrps(double, double, double, int, double, double, prop_type&) [9] lrprop2(double, prop_type&, propa_type&)
  [59] LoadLossColors(site)    [6] qtile(int const&, double*, int const&) [4] qlrpfl2(double*, int, int, prop_type&, propa_type&, propv_type&)
   [3] point_to_point(double*, double, double, double, double, double, double, int, int, double, double, double&, char*, int&) [36] z1sq1(double*, double const&, double const&, double&, double&) [43] Distance(site, site)
  [45] point_to_point_ITM(double*, double, double, double, double, double, double, int, int, double, double, double&, char*, int&) [8] z1sq2(double*, double const&, double const&, double&, double&) [12] ReadPath(site, site)
  [32] ahd(double)            [15] OrMask(double, double, int) [38] abq_alos(std::complex<double>)
  [22] fht(double const&, double const&) [10] adiff2(double, prop_type&, propa_type&) [20] GetSignal(double, double)
  [26] h0f(double, double)    [27] arccos(double, double) [25] PutSignal(double, double, unsigned char)
  [13] avar(double, double, double, prop_type&, propv_type&) [5] d1thx2(double*, double const&, double const&, propa_type&)
