Run with 21 miles:
Flat profile:

Each sample counts as 0.01 seconds.
  %   cumulative   self              self     total           
 time   seconds   seconds    calls  ms/call  ms/call  name    
 33.86     59.82    59.82  9218018     0.01     0.01  qtile(int const&, double*, int const&)
 20.13     95.38    35.56  4609042     0.01     0.02  d1thx2(double*, double const&, double const&, propa_type&)
 17.55    126.37    30.99  4609042     0.01     0.01  hzns2(double*, prop_type&, propa_type&)
  5.70    136.45    10.08  9216714     0.00     0.00  z1sq2(double*, double const&, double const&, double&, double&)
  4.68    144.72     8.27 123857897     0.00     0.00  GetElevation(site)
  4.26    152.24     7.52    28816     0.26     0.56  ReadPath(site, site)
  3.07    157.66     5.42 13827077     0.00     0.00  saalos(double, prop_type&, propa_type&)
  2.69    162.42     4.76 22959290     0.00     0.00  adiff2(double, prop_type&, propa_type&)
  2.54    166.91     4.49  4609042     0.00     0.03  point_to_point(double*, double, double, double, double, double, double, int, int, double, double, double&, char*, int&)
  1.57    169.69     2.78                             WritePPMLR(char*, unsigned char, unsigned char, unsigned char, site*, unsigned char)
  0.81    171.12     1.43 39312298     0.00     0.00  OrMask(double, double, int)
  0.69    172.34     1.22  4609042     0.00     0.00  avar(double, double, double, prop_type&, propv_type&)
  0.42    173.09     0.75    28800     0.03     6.02  PlotLRPath(site, site, unsigned char, _IO_FILE*)
  0.30    173.62     0.53 13827126     0.00     0.00  curve(double const&, double const&, double const&, double const&, double const&, double const&)
  0.28    174.11     0.49  4609042     0.00     0.00  lrprop2(double, prop_type&, propa_type&)
  0.23    174.51     0.40  9218084     0.00     0.00  qerfi(double)
  0.22    174.89     0.38 123799759     0.00     0.00  arccos(double, double)
  0.16    175.18     0.29        5    58.00    58.00  LoadSDF_SDF(char*)
  0.14    175.43     0.25  4609042     0.00     0.00  GetSignal(double, double)
  0.10    175.61     0.18 17092267     0.00     0.00  fht(double const&, double const&)
  0.10    175.79     0.18  4637858     0.00     0.00  Azimuth(site, site)
  0.10    175.97     0.18  4609042     0.00     0.03  qlrpfl2(double*, int, int, prop_type&, propa_type&, propv_type&)
  0.09    176.13     0.16 27244140     0.00     0.00  aknfe(double const&)
  0.08    176.28     0.15  4609042     0.00     0.00  PutMask(double, double, int)
  0.05    176.37     0.09  4652002     0.00     0.00  alos2(double, prop_type&, propa_type&)
  0.05    176.46     0.09                             interpolate(int, int, int, int, int)
  0.03    176.52     0.06        5    12.00    70.00  LoadSDF(char*)
  0.03    176.57     0.05  4609042     0.00     0.00  qlrps(double, double, double, int, double, double, prop_type&)
  0.02    176.60     0.03 39311890     0.00     0.00  GetMask(double, double)
  0.02    176.63     0.03  4609042     0.00     0.00  PutSignal(double, double, unsigned char)
  0.01    176.64     0.01                             FORTRAN_DIM(double const&, double const&)
  0.01    176.65     0.01                             point_to_point_ITM(double*, double, double, double, double, double, double, int, int, double, double, double&, char*, int&)
  0.00    176.65     0.00    28816     0.00     0.00  Distance(site, site)
  0.00    176.65     0.00       16     0.00     0.56  AverageTerrain(site, double, double, double)
  0.00    176.65     0.00        6     0.00     0.00  ReduceAngle(double)
  0.00    176.65     0.00        2     0.00     0.00  LoadSDF_BZ(char*)
  0.00    176.65     0.00        2     0.00     0.00  ReadBearing(char*)
  0.00    176.65     0.00        2     0.00     0.00  dec2dms(double)
  0.00    176.65     0.00        1     0.00     0.00  LoadLossColors(site)
  0.00    176.65     0.00        1     0.00     4.49  haat(site)
  0.00    176.65     0.00        1     0.00     0.00  LoadPAT(char*)

 %         the percentage of the total running time of the
time       program used by this function.

cumulative a running sum of the number of seconds accounted
 seconds   for by this function and those listed above it.

 self      the number of seconds accounted for by this
seconds    function alone.  This is the major sort for this
           listing.

calls      the number of times this function was invoked, if
           this function is profiled, else blank.
 
 self      the average number of milliseconds spent in this
ms/call    function per call, if this function is profiled,
	   else blank.

 total     the average number of milliseconds spent in this
ms/call    function and its descendents per call, if this 
	   function is profiled, else blank.

name       the name of the function.  This is the minor sort
           for this listing. The index shows the location of
	   the function in the gprof listing. If the index is
	   in parenthesis it shows where it would appear in
	   the gprof listing if it were to be printed.

		     Call graph (explanation follows)


granularity: each sample hit covers 2 byte(s) for 0.01% of 176.65 seconds

index % time    self  children    called     name
                0.75  172.65   28800/28800       PlotLRMap(site, double, char*) [2]
[1]     98.2    0.75  172.65   28800         PlotLRPath(site, site, unsigned char, _IO_FILE*) [1]
                4.49  149.93 4609042/4609042     point_to_point(double*, double, double, double, double, double, double, int, int, double, double, double&, char*, int&) [3]
                7.52    8.65   28800/28816       ReadPath(site, site) [8]
                1.43    0.00 39310433/39312298     OrMask(double, double, int) [16]
                0.25    0.00 4609042/4609042     GetSignal(double, double) [23]
                0.18    0.00 4609042/4637858     Azimuth(site, site) [25]
                0.15    0.00 4609042/4609042     PutMask(double, double, int) [27]
                0.03    0.00 4609042/4609042     PutSignal(double, double, unsigned char) [32]
                0.03    0.00 39310433/39311890     GetMask(double, double) [31]
-----------------------------------------------
                                                 <spontaneous>
[2]     98.2    0.00  173.40                 PlotLRMap(site, double, char*) [2]
                0.75  172.65   28800/28800       PlotLRPath(site, site, unsigned char, _IO_FILE*) [1]
                0.00    0.00       2/6           ReduceAngle(double) [46]
-----------------------------------------------
                4.49  149.93 4609042/4609042     PlotLRPath(site, site, unsigned char, _IO_FILE*) [1]
[3]     87.4    4.49  149.93 4609042         point_to_point(double*, double, double, double, double, double, double, int, int, double, double, double&, char*, int&) [3]
                0.18  147.55 4609042/4609042     qlrpfl2(double*, int, int, prop_type&, propa_type&, propv_type&) [4]
                1.22    0.53 4609042/4609042     avar(double, double, double, prop_type&, propv_type&) [15]
                0.40    0.00 9218084/9218084     qerfi(double) [18]
                0.05    0.00 4609042/4609042     qlrps(double, double, double, int, double, double, prop_type&) [30]
-----------------------------------------------
                0.18  147.55 4609042/4609042     point_to_point(double*, double, double, double, double, double, double, int, int, double, double, double&, char*, int&) [3]
[4]     83.6    0.18  147.55 4609042         qlrpfl2(double*, int, int, prop_type&, propa_type&, propv_type&) [4]
               35.56   64.86 4609042/4609042     d1thx2(double*, double const&, double const&, propa_type&) [5]
               30.99    0.00 4609042/4609042     hzns2(double*, prop_type&, propa_type&) [7]
                0.49   10.61 4609042/4609042     lrprop2(double, prop_type&, propa_type&) [9]
                5.04    0.00 4607705/9216714     z1sq2(double*, double const&, double const&, double&, double&) [11]
-----------------------------------------------
               35.56   64.86 4609042/4609042     qlrpfl2(double*, int, int, prop_type&, propa_type&, propv_type&) [4]
[5]     56.8   35.56   64.86 4609042         d1thx2(double*, double const&, double const&, propa_type&) [5]
               59.82    0.00 9218018/9218018     qtile(int const&, double*, int const&) [6]
                5.04    0.00 4609009/9216714     z1sq2(double*, double const&, double const&, double&, double&) [11]
-----------------------------------------------
               59.82    0.00 9218018/9218018     d1thx2(double*, double const&, double const&, propa_type&) [5]
[6]     33.9   59.82    0.00 9218018         qtile(int const&, double*, int const&) [6]
-----------------------------------------------
               30.99    0.00 4609042/4609042     qlrpfl2(double*, int, int, prop_type&, propa_type&, propv_type&) [4]
[7]     17.5   30.99    0.00 4609042         hzns2(double*, prop_type&, propa_type&) [7]
-----------------------------------------------
                0.00    0.00      16/28816       AverageTerrain(site, double, double, double) [36]
                7.52    8.65   28800/28816       PlotLRPath(site, site, unsigned char, _IO_FILE*) [1]
[8]      9.2    7.52    8.65   28816         ReadPath(site, site) [8]
                8.27    0.00 123857878/123857897     GetElevation(site) [12]
                0.38    0.00 123799745/123799759     arccos(double, double) [19]
                0.00    0.00   28816/4637858     Azimuth(site, site) [25]
                0.00    0.00   28816/28816       Distance(site, site) [45]
-----------------------------------------------
                0.49   10.61 4609042/4609042     qlrpfl2(double*, int, int, prop_type&, propa_type&, propv_type&) [4]
[9]      6.3    0.49   10.61 4609042         lrprop2(double, prop_type&, propa_type&) [9]
                4.76    5.74 22959290/22959290     adiff2(double, prop_type&, propa_type&) [10]
                0.09    0.02 4652002/4652002     alos2(double, prop_type&, propa_type&) [28]
-----------------------------------------------
                4.76    5.74 22959290/22959290     lrprop2(double, prop_type&, propa_type&) [9]
[10]     5.9    4.76    5.74 22959290         adiff2(double, prop_type&, propa_type&) [10]
                5.40    0.00 13784163/13827077     saalos(double, prop_type&, propa_type&) [13]
                0.18    0.00 17092267/17092267     fht(double const&, double const&) [24]
                0.16    0.00 27244140/27244140     aknfe(double const&) [26]
-----------------------------------------------
                5.04    0.00 4607705/9216714     qlrpfl2(double*, int, int, prop_type&, propa_type&, propv_type&) [4]
                5.04    0.00 4609009/9216714     d1thx2(double*, double const&, double const&, propa_type&) [5]
[11]     5.7   10.08    0.00 9216714         z1sq2(double*, double const&, double const&, double&, double&) [11]
-----------------------------------------------
                0.00    0.00       1/123857897     haat(site) [37]
                0.00    0.00       2/123857897     SiteReport(site) [35]
                0.00    0.00      16/123857897     AverageTerrain(site, double, double, double) [36]
                8.27    0.00 123857878/123857897     ReadPath(site, site) [8]
[12]     4.7    8.27    0.00 123857897         GetElevation(site) [12]
-----------------------------------------------
                0.02    0.00   42914/13827077     alos2(double, prop_type&, propa_type&) [28]
                5.40    0.00 13784163/13827077     adiff2(double, prop_type&, propa_type&) [10]
[13]     3.1    5.42    0.00 13827077         saalos(double, prop_type&, propa_type&) [13]
-----------------------------------------------
                                                 <spontaneous>
[14]     1.6    2.78    0.00                 WritePPMLR(char*, unsigned char, unsigned char, unsigned char, site*, unsigned char) [14]
                0.00    0.00       2/6           ReduceAngle(double) [46]
                0.00    0.00       1/1           LoadLossColors(site) [50]
-----------------------------------------------
                1.22    0.53 4609042/4609042     point_to_point(double*, double, double, double, double, double, double, int, int, double, double, double&, char*, int&) [3]
[15]     1.0    1.22    0.53 4609042         avar(double, double, double, prop_type&, propv_type&) [15]
                0.53    0.00 13827126/13827126     curve(double const&, double const&, double const&, double const&, double const&, double const&) [17]
-----------------------------------------------
                0.00    0.00    1865/39312298     PlaceMarker(site) [38]
                1.43    0.00 39310433/39312298     PlotLRPath(site, site, unsigned char, _IO_FILE*) [1]
[16]     0.8    1.43    0.00 39312298         OrMask(double, double, int) [16]
-----------------------------------------------
                0.53    0.00 13827126/13827126     avar(double, double, double, prop_type&, propv_type&) [15]
[17]     0.3    0.53    0.00 13827126         curve(double const&, double const&, double const&, double const&, double const&, double const&) [17]
-----------------------------------------------
                0.40    0.00 9218084/9218084     point_to_point(double*, double, double, double, double, double, double, int, int, double, double, double&, char*, int&) [3]
[18]     0.2    0.40    0.00 9218084         qerfi(double) [18]
-----------------------------------------------
                0.00    0.00      14/123799759     AverageTerrain(site, double, double, double) [36]
                0.38    0.00 123799745/123799759     ReadPath(site, site) [8]
[19]     0.2    0.38    0.00 123799759         arccos(double, double) [19]
-----------------------------------------------
                0.06    0.29       5/5           LoadTopoData(int, int, int, int) [21]
[20]     0.2    0.06    0.29       5         LoadSDF(char*) [20]
                0.29    0.00       5/5           LoadSDF_SDF(char*) [22]
                0.00    0.00       2/2           LoadSDF_BZ(char*) [47]
-----------------------------------------------
                                                 <spontaneous>
[21]     0.2    0.00    0.35                 LoadTopoData(int, int, int, int) [21]
                0.06    0.29       5/5           LoadSDF(char*) [20]
                0.00    0.00       2/6           ReduceAngle(double) [46]
-----------------------------------------------
                0.29    0.00       5/5           LoadSDF(char*) [20]
[22]     0.2    0.29    0.00       5         LoadSDF_SDF(char*) [22]
-----------------------------------------------
                0.25    0.00 4609042/4609042     PlotLRPath(site, site, unsigned char, _IO_FILE*) [1]
[23]     0.1    0.25    0.00 4609042         GetSignal(double, double) [23]
-----------------------------------------------
                0.18    0.00 17092267/17092267     adiff2(double, prop_type&, propa_type&) [10]
[24]     0.1    0.18    0.00 17092267         fht(double const&, double const&) [24]
-----------------------------------------------
                0.00    0.00   28816/4637858     ReadPath(site, site) [8]
                0.18    0.00 4609042/4637858     PlotLRPath(site, site, unsigned char, _IO_FILE*) [1]
[25]     0.1    0.18    0.00 4637858         Azimuth(site, site) [25]
-----------------------------------------------
                0.16    0.00 27244140/27244140     adiff2(double, prop_type&, propa_type&) [10]
[26]     0.1    0.16    0.00 27244140         aknfe(double const&) [26]
-----------------------------------------------
                0.15    0.00 4609042/4609042     PlotLRPath(site, site, unsigned char, _IO_FILE*) [1]
[27]     0.1    0.15    0.00 4609042         PutMask(double, double, int) [27]
-----------------------------------------------
                0.09    0.02 4652002/4652002     lrprop2(double, prop_type&, propa_type&) [9]
[28]     0.1    0.09    0.02 4652002         alos2(double, prop_type&, propa_type&) [28]
                0.02    0.00   42914/13827077     saalos(double, prop_type&, propa_type&) [13]
-----------------------------------------------
                                                 <spontaneous>
[29]     0.1    0.09    0.00                 interpolate(int, int, int, int, int) [29]
-----------------------------------------------
                0.05    0.00 4609042/4609042     point_to_point(double*, double, double, double, double, double, double, int, int, double, double, double&, char*, int&) [3]
[30]     0.0    0.05    0.00 4609042         qlrps(double, double, double, int, double, double, prop_type&) [30]
-----------------------------------------------
                0.00    0.00    1457/39311890     PlaceMarker(site) [38]
                0.03    0.00 39310433/39311890     PlotLRPath(site, site, unsigned char, _IO_FILE*) [1]
[31]     0.0    0.03    0.00 39311890         GetMask(double, double) [31]
-----------------------------------------------
                0.03    0.00 4609042/4609042     PlotLRPath(site, site, unsigned char, _IO_FILE*) [1]
[32]     0.0    0.03    0.00 4609042         PutSignal(double, double, unsigned char) [32]
-----------------------------------------------
                                                 <spontaneous>
[33]     0.0    0.01    0.00                 FORTRAN_DIM(double const&, double const&) [33]
-----------------------------------------------
                                                 <spontaneous>
[34]     0.0    0.01    0.00                 point_to_point_ITM(double*, double, double, double, double, double, double, int, int, double, double, double&, char*, int&) [34]
-----------------------------------------------
                                                 <spontaneous>
[35]     0.0    0.00    0.01                 SiteReport(site) [35]
                0.00    0.00       1/1           haat(site) [37]
                0.00    0.00       8/16          AverageTerrain(site, double, double, double) [36]
                0.00    0.00       2/123857897     GetElevation(site) [12]
                0.00    0.00       2/2           dec2dms(double) [49]
-----------------------------------------------
                0.00    0.00       8/16          haat(site) [37]
                0.00    0.00       8/16          SiteReport(site) [35]
[36]     0.0    0.00    0.01      16         AverageTerrain(site, double, double, double) [36]
                0.00    0.00      16/28816       ReadPath(site, site) [8]
                0.00    0.00      16/123857897     GetElevation(site) [12]
                0.00    0.00      14/123799759     arccos(double, double) [19]
-----------------------------------------------
                0.00    0.00       1/1           SiteReport(site) [35]
[37]     0.0    0.00    0.00       1         haat(site) [37]
                0.00    0.00       8/16          AverageTerrain(site, double, double, double) [36]
                0.00    0.00       1/123857897     GetElevation(site) [12]
-----------------------------------------------
                                                 <spontaneous>
[38]     0.0    0.00    0.00                 PlaceMarker(site) [38]
                0.00    0.00    1865/39312298     OrMask(double, double, int) [16]
                0.00    0.00    1457/39311890     GetMask(double, double) [31]
-----------------------------------------------
                0.00    0.00   28816/28816       ReadPath(site, site) [8]
[45]     0.0    0.00    0.00   28816         Distance(site, site) [45]
-----------------------------------------------
                0.00    0.00       2/6           PlotLRMap(site, double, char*) [2]
                0.00    0.00       2/6           WritePPMLR(char*, unsigned char, unsigned char, unsigned char, site*, unsigned char) [14]
                0.00    0.00       2/6           LoadTopoData(int, int, int, int) [21]
[46]     0.0    0.00    0.00       6         ReduceAngle(double) [46]
-----------------------------------------------
                0.00    0.00       2/2           LoadSDF(char*) [20]
[47]     0.0    0.00    0.00       2         LoadSDF_BZ(char*) [47]
-----------------------------------------------
                0.00    0.00       2/2           LoadQTH(char*) [91]
[48]     0.0    0.00    0.00       2         ReadBearing(char*) [48]
-----------------------------------------------
                0.00    0.00       2/2           SiteReport(site) [35]
[49]     0.0    0.00    0.00       2         dec2dms(double) [49]
-----------------------------------------------
                0.00    0.00       1/1           WritePPMLR(char*, unsigned char, unsigned char, unsigned char, site*, unsigned char) [14]
[50]     0.0    0.00    0.00       1         LoadLossColors(site) [50]
-----------------------------------------------
                0.00    0.00       1/1           ReadLRParm(site, char) [55]
[51]     0.0    0.00    0.00       1         LoadPAT(char*) [51]
-----------------------------------------------

 This table describes the call tree of the program, and was sorted by
 the total amount of time spent in each function and its children.

 Each entry in this table consists of several lines.  The line with the
 index number at the left hand margin lists the current function.
 The lines above it list the functions that called this function,
 and the lines below it list the functions this one called.
 This line lists:
     index	A unique number given to each element of the table.
		Index numbers are sorted numerically.
		The index number is printed next to every function name so
		it is easier to look up where the function in the table.

     % time	This is the percentage of the `total' time that was spent
		in this function and its children.  Note that due to
		different viewpoints, functions excluded by options, etc,
		these numbers will NOT add up to 100%.

     self	This is the total amount of time spent in this function.

     children	This is the total amount of time propagated into this
		function by its children.

     called	This is the number of times the function was called.
		If the function called itself recursively, the number
		only includes non-recursive calls, and is followed by
		a `+' and the number of recursive calls.

     name	The name of the current function.  The index number is
		printed after it.  If the function is a member of a
		cycle, the cycle number is printed between the
		function's name and the index number.


 For the function's parents, the fields have the following meanings:

     self	This is the amount of time that was propagated directly
		from the function into this parent.

     children	This is the amount of time that was propagated from
		the function's children into this parent.

     called	This is the number of times this parent called the
		function `/' the total number of times the function
		was called.  Recursive calls to the function are not
		included in the number after the `/'.

     name	This is the name of the parent.  The parent's index
		number is printed after it.  If the parent is a
		member of a cycle, the cycle number is printed between
		the name and the index number.

 If the parents of the function cannot be determined, the word
 `<spontaneous>' is printed in the `name' field, and all the other
 fields are blank.

 For the function's children, the fields have the following meanings:

     self	This is the amount of time that was propagated directly
		from the child into the function.

     children	This is the amount of time that was propagated from the
		child's children to the function.

     called	This is the number of times the function called
		this child `/' the total number of times the child
		was called.  Recursive calls by the child are not
		listed in the number after the `/'.

     name	This is the name of the child.  The child's index
		number is printed after it.  If the child is a
		member of a cycle, the cycle number is printed
		between the name and the index number.

 If there are any cycles (circles) in the call graph, there is an
 entry for the cycle-as-a-whole.  This entry shows who called the
 cycle (as parents) and the members of the cycle (as children.)
 The `+' recursive calls entry shows the number of function calls that
 were internal to the cycle, and the calls entry for each member shows,
 for that member, how many times it was called from other members of
 the cycle.


Index by function name

  [47] LoadSDF_BZ(char*)      [15] avar(double, double, double, prop_type&, propv_type&) [13] saalos(double, prop_type&, propa_type&)
   [1] PlotLRPath(site, site, unsigned char, _IO_FILE*) [37] haat(site) [25] Azimuth(site, site)
  [14] WritePPMLR(char*, unsigned char, unsigned char, unsigned char, site*, unsigned char) [26] aknfe(double const&) [31] GetMask(double, double)
  [33] FORTRAN_DIM(double const&, double const&) [28] alos2(double, prop_type&, propa_type&) [51] LoadPAT(char*)
  [22] LoadSDF_SDF(char*)     [17] curve(double const&, double const&, double const&, double const&, double const&, double const&) [20] LoadSDF(char*)
  [48] ReadBearing(char*)      [7] hzns2(double*, prop_type&, propa_type&) [27] PutMask(double, double, int)
  [46] ReduceAngle(double)    [18] qerfi(double)          [49] dec2dms(double)
  [29] interpolate(int, int, int, int, int) [30] qlrps(double, double, double, int, double, double, prop_type&) [9] lrprop2(double, prop_type&, propa_type&)
  [12] GetElevation(site)      [6] qtile(int const&, double*, int const&) [4] qlrpfl2(double*, int, int, prop_type&, propa_type&, propv_type&)
  [36] AverageTerrain(site, double, double, double) [11] z1sq2(double*, double const&, double const&, double&, double&) [45] Distance(site, site)
  [50] LoadLossColors(site)   [16] OrMask(double, double, int) [8] ReadPath(site, site)
   [3] point_to_point(double*, double, double, double, double, double, double, int, int, double, double, double&, char*, int&) [10] adiff2(double, prop_type&, propa_type&) [23] GetSignal(double, double)
  [34] point_to_point_ITM(double*, double, double, double, double, double, double, int, int, double, double, double&, char*, int&) [19] arccos(double, double) [32] PutSignal(double, double, unsigned char)
  [24] fht(double const&, double const&) [5] d1thx2(double*, double const&, double const&, propa_type&)
