Run with 81 miles:
Flat profile:

Each sample counts as 0.01 seconds.
  %   cumulative   self              self     total           
 time   seconds   seconds    calls  ms/call  ms/call  name    
 49.38   2635.47  2635.47 87768670     0.03     0.03  qtile(int const&, double*, int const&)
 20.24   3715.58  1080.11 43884368     0.02     0.09  d1thx2(double*, double const&, double const&, propa_type&)
 18.64   4710.35   994.77 43884368     0.02     0.02  hzns2(double*, prop_type&, propa_type&)
  5.67   5013.09   302.73 87767366     0.00     0.00  z1sq2(double*, double const&, double const&, double&, double&)
  2.68   5155.98   142.90 43884368     0.00     0.12  point_to_point(double*, double, double, double, double, double, double, int, int, double, double, double&, char*, int&)
  1.00   5209.12    53.13 131653049     0.00     0.00  saalos(double, prop_type&, propa_type&)
  0.91   5257.87    48.75 219330462     0.00     0.00  adiff2(double, prop_type&, propa_type&)
  0.27   5272.14    14.27 43884368     0.00     0.00  avar(double, double, double, prop_type&, propv_type&)
  0.15   5279.89     7.75 123857897     0.00     0.00  GetElevation(site)
  0.14   5287.58     7.69 157358874     0.00     0.00  OrMask(double, double, int)
  0.14   5295.15     7.57    28816     0.26     0.55  ReadPath(site, site)
  0.11   5301.01     5.86    28800     0.20   185.20  PlotLRPath(site, site, unsigned char, _IO_FILE*)
  0.10   5306.20     5.19 43884368     0.00     0.00  lrprop2(double, prop_type&, propa_type&)
  0.09   5311.24     5.05 131653104     0.00     0.00  curve(double const&, double const&, double const&, double const&, double const&, double const&)
  0.07   5315.17     3.93 87768736     0.00     0.00  qerfi(double)
  0.06   5318.48     3.31                             WritePPMLR(char*, unsigned char, unsigned char, unsigned char, site*, unsigned char)
  0.05   5321.29     2.81 45166162     0.00     0.00  ascat(double, prop_type&, propa_type&)
  0.05   5323.83     2.54 43884368     0.00     0.00  GetSignal(double, double)
  0.04   5326.02     2.19 43884368     0.00     0.00  PutMask(double, double, int)
  0.04   5328.21     2.19 43884368     0.00     0.12  qlrpfl2(double*, int, int, prop_type&, propa_type&, propv_type&)
  0.03   5330.06     1.85 169427581     0.00     0.00  fht(double const&, double const&)
  0.03   5331.74     1.69 261011020     0.00     0.00  aknfe(double const&)
  0.03   5333.31     1.57 43913184     0.00     0.00  Azimuth(site, site)
  0.02   5334.63     1.32 43884368     0.00     0.00  PutSignal(double, double, unsigned char)
  0.02   5335.63     1.00 45166162     0.00     0.00  h0f(double, double)
  0.01   5336.14     0.51 123799759     0.00     0.00  arccos(double, double)
  0.01   5336.59     0.45 43884368     0.00     0.00  qlrps(double, double, double, int, double, double, prop_type&)
  0.01   5336.89     0.30        5    60.00    60.00  LoadSDF_SDF(char*)
  0.01   5337.17     0.29 22583081     0.00     0.00  ahd(double)
  0.00   5337.33     0.16 21346976     0.00     0.00  alos2(double, prop_type&, propa_type&)
  0.00   5337.44     0.11                             FORTRAN_DIM(double const&, double const&)
  0.00   5337.54     0.10 157358466     0.00     0.00  GetMask(double, double)
  0.00   5337.63     0.09                             z1sq1(double*, double const&, double const&, double&, double&)
  0.00   5337.70     0.07                             adiff(double, prop_type&, propa_type&)
  0.00   5337.76     0.06                             interpolate(int, int, int, int, int)
  0.00   5337.81     0.05        5    10.00    70.00  LoadSDF(char*)
  0.00   5337.84     0.03                             point_to_point_ITM(double*, double, double, double, double, double, double, int, int, double, double, double&, char*, int&)
  0.00   5337.87     0.03                             abq_alos(std::complex<double>)
  0.00   5337.89     0.03                             d1thx(double*, double const&, double const&)
  0.00   5337.91     0.02        2    10.00    10.00  dec2dms(double)
  0.00   5337.93     0.02                             lrprop(double, prop_type&, propa_type&)
  0.00   5337.94     0.01    28816     0.00     0.00  Distance(site, site)
  0.00   5337.95     0.01                             alos(double, prop_type&, propa_type&)
  0.00   5337.96     0.01                             hzns(double*, prop_type&)
  0.00   5337.97     0.01                             PlotLRMap(site, double, char*)
  0.00   5337.97     0.00       16     0.00     0.55  AverageTerrain(site, double, double, double)
  0.00   5337.97     0.00        6     0.00     0.00  ReduceAngle(double)
  0.00   5337.97     0.00        2     0.00     0.00  LoadSDF_BZ(char*)
  0.00   5337.97     0.00        2     0.00     0.00  ReadBearing(char*)
  0.00   5337.97     0.00        1     0.00     0.00  LoadLossColors(site)
  0.00   5337.97     0.00        1     0.00     4.40  haat(site)
  0.00   5337.97     0.00        1     0.00     0.00  LoadPAT(char*)

 %         the percentage of the total running time of the
time       program used by this function.

cumulative a running sum of the number of seconds accounted
 seconds   for by this function and those listed above it.

 self      the number of seconds accounted for by this
seconds    function alone.  This is the major sort for this
           listing.

calls      the number of times this function was invoked, if
           this function is profiled, else blank.
 
 self      the average number of milliseconds spent in this
ms/call    function per call, if this function is profiled,
	   else blank.

 total     the average number of milliseconds spent in this
ms/call    function and its descendents per call, if this 
	   function is profiled, else blank.

name       the name of the function.  This is the minor sort
           for this listing. The index shows the location of
	   the function in the gprof listing. If the index is
	   in parenthesis it shows where it would appear in
	   the gprof listing if it were to be printed.

		     Call graph (explanation follows)


granularity: each sample hit covers 2 byte(s) for 0.00% of 5337.97 seconds

index % time    self  children    called     name
                                                 <spontaneous>
[1]     99.9    0.01 5333.82                 PlotLRMap(site, double, char*) [1]
                5.86 5327.96   28800/28800       PlotLRPath(site, site, unsigned char, _IO_FILE*) [2]
                0.00    0.00       2/6           ReduceAngle(double) [57]
-----------------------------------------------
                5.86 5327.96   28800/28800       PlotLRMap(site, double, char*) [1]
[2]     99.9    5.86 5327.96   28800         PlotLRPath(site, site, unsigned char, _IO_FILE*) [2]
              142.90 5153.82 43884368/43884368     point_to_point(double*, double, double, double, double, double, double, int, int, double, double, double&, char*, int&) [3]
                7.57    8.27   28800/28816       ReadPath(site, site) [13]
                7.69    0.00 157357009/157358874     OrMask(double, double, int) [15]
                2.54    0.00 43884368/43884368     GetSignal(double, double) [20]
                2.19    0.00 43884368/43884368     PutMask(double, double, int) [21]
                1.57    0.00 43884368/43913184     Azimuth(site, site) [24]
                1.32    0.00 43884368/43884368     PutSignal(double, double, unsigned char) [25]
                0.10    0.00 157357009/157358466     GetMask(double, double) [35]
-----------------------------------------------
              142.90 5153.82 43884368/43884368     PlotLRPath(site, site, unsigned char, _IO_FILE*) [2]
[3]     99.2  142.90 5153.82 43884368         point_to_point(double*, double, double, double, double, double, double, int, int, double, double, double&, char*, int&) [3]
                2.19 5127.93 43884368/43884368     qlrpfl2(double*, int, int, prop_type&, propa_type&, propv_type&) [4]
               14.27    5.05 43884368/43884368     avar(double, double, double, prop_type&, propv_type&) [12]
                3.93    0.00 87768736/87768736     qerfi(double) [18]
                0.45    0.00 43884368/43884368     qlrps(double, double, double, int, double, double, prop_type&) [28]
-----------------------------------------------
                2.19 5127.93 43884368/43884368     point_to_point(double*, double, double, double, double, double, double, int, int, double, double, double&, char*, int&) [3]
[4]     96.1    2.19 5127.93 43884368         qlrpfl2(double*, int, int, prop_type&, propa_type&, propv_type&) [4]
             1080.11 2786.84 43884368/43884368     d1thx2(double*, double const&, double const&, propa_type&) [5]
              994.77    0.00 43884368/43884368     hzns2(double*, prop_type&, propa_type&) [7]
              151.36    0.00 43883031/87767366     z1sq2(double*, double const&, double const&, double&, double&) [8]
                5.19  109.66 43884368/43884368     lrprop2(double, prop_type&, propa_type&) [9]
-----------------------------------------------
             1080.11 2786.84 43884368/43884368     qlrpfl2(double*, int, int, prop_type&, propa_type&, propv_type&) [4]
[5]     72.4 1080.11 2786.84 43884368         d1thx2(double*, double const&, double const&, propa_type&) [5]
             2635.47    0.00 87768670/87768670     qtile(int const&, double*, int const&) [6]
              151.37    0.00 43884335/87767366     z1sq2(double*, double const&, double const&, double&, double&) [8]
-----------------------------------------------
             2635.47    0.00 87768670/87768670     d1thx2(double*, double const&, double const&, propa_type&) [5]
[6]     49.4 2635.47    0.00 87768670         qtile(int const&, double*, int const&) [6]
-----------------------------------------------
              994.77    0.00 43884368/43884368     qlrpfl2(double*, int, int, prop_type&, propa_type&, propv_type&) [4]
[7]     18.6  994.77    0.00 43884368         hzns2(double*, prop_type&, propa_type&) [7]
-----------------------------------------------
              151.36    0.00 43883031/87767366     qlrpfl2(double*, int, int, prop_type&, propa_type&, propv_type&) [4]
              151.37    0.00 43884335/87767366     d1thx2(double*, double const&, double const&, propa_type&) [5]
[8]      5.7  302.73    0.00 87767366         z1sq2(double*, double const&, double const&, double&, double&) [8]
-----------------------------------------------
                5.19  109.66 43884368/43884368     qlrpfl2(double*, int, int, prop_type&, propa_type&, propv_type&) [4]
[9]      2.2    5.19  109.66 43884368         lrprop2(double, prop_type&, propa_type&) [9]
               48.75   56.65 219330462/219330462     adiff2(double, prop_type&, propa_type&) [10]
                2.81    1.28 45166162/45166162     ascat(double, prop_type&, propa_type&) [17]
                0.16    0.02 21346976/21346976     alos2(double, prop_type&, propa_type&) [33]
-----------------------------------------------
               48.75   56.65 219330462/219330462     lrprop2(double, prop_type&, propa_type&) [9]
[10]     2.0   48.75   56.65 219330462         adiff2(double, prop_type&, propa_type&) [10]
               53.11    0.00 131607406/131653049     saalos(double, prop_type&, propa_type&) [11]
                1.85    0.00 169427581/169427581     fht(double const&, double const&) [22]
                1.69    0.00 261011020/261011020     aknfe(double const&) [23]
-----------------------------------------------
                0.02    0.00   45643/131653049     alos2(double, prop_type&, propa_type&) [33]
               53.11    0.00 131607406/131653049     adiff2(double, prop_type&, propa_type&) [10]
[11]     1.0   53.13    0.00 131653049         saalos(double, prop_type&, propa_type&) [11]
-----------------------------------------------
               14.27    5.05 43884368/43884368     point_to_point(double*, double, double, double, double, double, double, int, int, double, double, double&, char*, int&) [3]
[12]     0.4   14.27    5.05 43884368         avar(double, double, double, prop_type&, propv_type&) [12]
                5.05    0.00 131653104/131653104     curve(double const&, double const&, double const&, double const&, double const&, double const&) [16]
-----------------------------------------------
                0.00    0.00      16/28816       AverageTerrain(site, double, double, double) [48]
                7.57    8.27   28800/28816       PlotLRPath(site, site, unsigned char, _IO_FILE*) [2]
[13]     0.3    7.57    8.27   28816         ReadPath(site, site) [13]
                7.75    0.00 123857878/123857897     GetElevation(site) [14]
                0.51    0.00 123799745/123799759     arccos(double, double) [27]
                0.01    0.00   28816/28816       Distance(site, site) [45]
                0.00    0.00   28816/43913184     Azimuth(site, site) [24]
-----------------------------------------------
                0.00    0.00       1/123857897     haat(site) [49]
                0.00    0.00       2/123857897     SiteReport(site) [41]
                0.00    0.00      16/123857897     AverageTerrain(site, double, double, double) [48]
                7.75    0.00 123857878/123857897     ReadPath(site, site) [13]
[14]     0.1    7.75    0.00 123857897         GetElevation(site) [14]
-----------------------------------------------
                0.00    0.00    1865/157358874     PlaceMarker(site) [50]
                7.69    0.00 157357009/157358874     PlotLRPath(site, site, unsigned char, _IO_FILE*) [2]
[15]     0.1    7.69    0.00 157358874         OrMask(double, double, int) [15]
-----------------------------------------------
                5.05    0.00 131653104/131653104     avar(double, double, double, prop_type&, propv_type&) [12]
[16]     0.1    5.05    0.00 131653104         curve(double const&, double const&, double const&, double const&, double const&, double const&) [16]
-----------------------------------------------
                2.81    1.28 45166162/45166162     lrprop2(double, prop_type&, propa_type&) [9]
[17]     0.1    2.81    1.28 45166162         ascat(double, prop_type&, propa_type&) [17]
                1.00    0.00 45166162/45166162     h0f(double, double) [26]
                0.29    0.00 22583081/22583081     ahd(double) [32]
-----------------------------------------------
                3.93    0.00 87768736/87768736     point_to_point(double*, double, double, double, double, double, double, int, int, double, double, double&, char*, int&) [3]
[18]     0.1    3.93    0.00 87768736         qerfi(double) [18]
-----------------------------------------------
                                                 <spontaneous>
[19]     0.1    3.31    0.00                 WritePPMLR(char*, unsigned char, unsigned char, unsigned char, site*, unsigned char) [19]
                0.00    0.00       2/6           ReduceAngle(double) [57]
                0.00    0.00       1/1           LoadLossColors(site) [60]
-----------------------------------------------
                2.54    0.00 43884368/43884368     PlotLRPath(site, site, unsigned char, _IO_FILE*) [2]
[20]     0.0    2.54    0.00 43884368         GetSignal(double, double) [20]
-----------------------------------------------
                2.19    0.00 43884368/43884368     PlotLRPath(site, site, unsigned char, _IO_FILE*) [2]
[21]     0.0    2.19    0.00 43884368         PutMask(double, double, int) [21]
-----------------------------------------------
                1.85    0.00 169427581/169427581     adiff2(double, prop_type&, propa_type&) [10]
[22]     0.0    1.85    0.00 169427581         fht(double const&, double const&) [22]
-----------------------------------------------
                1.69    0.00 261011020/261011020     adiff2(double, prop_type&, propa_type&) [10]
[23]     0.0    1.69    0.00 261011020         aknfe(double const&) [23]
-----------------------------------------------
                0.00    0.00   28816/43913184     ReadPath(site, site) [13]
                1.57    0.00 43884368/43913184     PlotLRPath(site, site, unsigned char, _IO_FILE*) [2]
[24]     0.0    1.57    0.00 43913184         Azimuth(site, site) [24]
-----------------------------------------------
                1.32    0.00 43884368/43884368     PlotLRPath(site, site, unsigned char, _IO_FILE*) [2]
[25]     0.0    1.32    0.00 43884368         PutSignal(double, double, unsigned char) [25]
-----------------------------------------------
                1.00    0.00 45166162/45166162     ascat(double, prop_type&, propa_type&) [17]
[26]     0.0    1.00    0.00 45166162         h0f(double, double) [26]
-----------------------------------------------
                0.00    0.00      14/123799759     AverageTerrain(site, double, double, double) [48]
                0.51    0.00 123799745/123799759     ReadPath(site, site) [13]
[27]     0.0    0.51    0.00 123799759         arccos(double, double) [27]
-----------------------------------------------
                0.45    0.00 43884368/43884368     point_to_point(double*, double, double, double, double, double, double, int, int, double, double, double&, char*, int&) [3]
[28]     0.0    0.45    0.00 43884368         qlrps(double, double, double, int, double, double, prop_type&) [28]
-----------------------------------------------
                0.05    0.30       5/5           LoadTopoData(int, int, int, int) [30]
[29]     0.0    0.05    0.30       5         LoadSDF(char*) [29]
                0.30    0.00       5/5           LoadSDF_SDF(char*) [31]
                0.00    0.00       2/2           LoadSDF_BZ(char*) [58]
-----------------------------------------------
                                                 <spontaneous>
[30]     0.0    0.00    0.35                 LoadTopoData(int, int, int, int) [30]
                0.05    0.30       5/5           LoadSDF(char*) [29]
                0.00    0.00       2/6           ReduceAngle(double) [57]
-----------------------------------------------
                0.30    0.00       5/5           LoadSDF(char*) [29]
[31]     0.0    0.30    0.00       5         LoadSDF_SDF(char*) [31]
-----------------------------------------------
                0.29    0.00 22583081/22583081     ascat(double, prop_type&, propa_type&) [17]
[32]     0.0    0.29    0.00 22583081         ahd(double) [32]
-----------------------------------------------
                0.16    0.02 21346976/21346976     lrprop2(double, prop_type&, propa_type&) [9]
[33]     0.0    0.16    0.02 21346976         alos2(double, prop_type&, propa_type&) [33]
                0.02    0.00   45643/131653049     saalos(double, prop_type&, propa_type&) [11]
-----------------------------------------------
                                                 <spontaneous>
[34]     0.0    0.11    0.00                 FORTRAN_DIM(double const&, double const&) [34]
-----------------------------------------------
                0.00    0.00    1457/157358466     PlaceMarker(site) [50]
                0.10    0.00 157357009/157358466     PlotLRPath(site, site, unsigned char, _IO_FILE*) [2]
[35]     0.0    0.10    0.00 157358466         GetMask(double, double) [35]
-----------------------------------------------
                                                 <spontaneous>
[36]     0.0    0.09    0.00                 z1sq1(double*, double const&, double const&, double&, double&) [36]
-----------------------------------------------
                                                 <spontaneous>
[37]     0.0    0.07    0.00                 adiff(double, prop_type&, propa_type&) [37]
-----------------------------------------------
                                                 <spontaneous>
[38]     0.0    0.06    0.00                 interpolate(int, int, int, int, int) [38]
-----------------------------------------------
                                                 <spontaneous>
[39]     0.0    0.03    0.00                 point_to_point_ITM(double*, double, double, double, double, double, double, int, int, double, double, double&, char*, int&) [39]
-----------------------------------------------
                                                 <spontaneous>
[40]     0.0    0.03    0.00                 abq_alos(std::complex<double>) [40]
-----------------------------------------------
                                                 <spontaneous>
[41]     0.0    0.00    0.03                 SiteReport(site) [41]
                0.02    0.00       2/2           dec2dms(double) [43]
                0.00    0.00       1/1           haat(site) [49]
                0.00    0.00       8/16          AverageTerrain(site, double, double, double) [48]
                0.00    0.00       2/123857897     GetElevation(site) [14]
-----------------------------------------------
                                                 <spontaneous>
[42]     0.0    0.03    0.00                 d1thx(double*, double const&, double const&) [42]
-----------------------------------------------
                0.02    0.00       2/2           SiteReport(site) [41]
[43]     0.0    0.02    0.00       2         dec2dms(double) [43]
-----------------------------------------------
                                                 <spontaneous>
[44]     0.0    0.02    0.00                 lrprop(double, prop_type&, propa_type&) [44]
-----------------------------------------------
                0.01    0.00   28816/28816       ReadPath(site, site) [13]
[45]     0.0    0.01    0.00   28816         Distance(site, site) [45]
-----------------------------------------------
                                                 <spontaneous>
[46]     0.0    0.01    0.00                 alos(double, prop_type&, propa_type&) [46]
-----------------------------------------------
                                                 <spontaneous>
[47]     0.0    0.01    0.00                 hzns(double*, prop_type&) [47]
-----------------------------------------------
                0.00    0.00       8/16          haat(site) [49]
                0.00    0.00       8/16          SiteReport(site) [41]
[48]     0.0    0.00    0.01      16         AverageTerrain(site, double, double, double) [48]
                0.00    0.00      16/28816       ReadPath(site, site) [13]
                0.00    0.00      16/123857897     GetElevation(site) [14]
                0.00    0.00      14/123799759     arccos(double, double) [27]
-----------------------------------------------
                0.00    0.00       1/1           SiteReport(site) [41]
[49]     0.0    0.00    0.00       1         haat(site) [49]
                0.00    0.00       8/16          AverageTerrain(site, double, double, double) [48]
                0.00    0.00       1/123857897     GetElevation(site) [14]
-----------------------------------------------
                                                 <spontaneous>
[50]     0.0    0.00    0.00                 PlaceMarker(site) [50]
                0.00    0.00    1865/157358874     OrMask(double, double, int) [15]
                0.00    0.00    1457/157358466     GetMask(double, double) [35]
-----------------------------------------------
                0.00    0.00       2/6           PlotLRMap(site, double, char*) [1]
                0.00    0.00       2/6           WritePPMLR(char*, unsigned char, unsigned char, unsigned char, site*, unsigned char) [19]
                0.00    0.00       2/6           LoadTopoData(int, int, int, int) [30]
[57]     0.0    0.00    0.00       6         ReduceAngle(double) [57]
-----------------------------------------------
                0.00    0.00       2/2           LoadSDF(char*) [29]
[58]     0.0    0.00    0.00       2         LoadSDF_BZ(char*) [58]
-----------------------------------------------
                0.00    0.00       2/2           LoadQTH(char*) [92]
[59]     0.0    0.00    0.00       2         ReadBearing(char*) [59]
-----------------------------------------------
                0.00    0.00       1/1           WritePPMLR(char*, unsigned char, unsigned char, unsigned char, site*, unsigned char) [19]
[60]     0.0    0.00    0.00       1         LoadLossColors(site) [60]
-----------------------------------------------
                0.00    0.00       1/1           ReadLRParm(site, char) [65]
[61]     0.0    0.00    0.00       1         LoadPAT(char*) [61]
-----------------------------------------------

 This table describes the call tree of the program, and was sorted by
 the total amount of time spent in each function and its children.

 Each entry in this table consists of several lines.  The line with the
 index number at the left hand margin lists the current function.
 The lines above it list the functions that called this function,
 and the lines below it list the functions this one called.
 This line lists:
     index	A unique number given to each element of the table.
		Index numbers are sorted numerically.
		The index number is printed next to every function name so
		it is easier to look up where the function in the table.

     % time	This is the percentage of the `total' time that was spent
		in this function and its children.  Note that due to
		different viewpoints, functions excluded by options, etc,
		these numbers will NOT add up to 100%.

     self	This is the total amount of time spent in this function.

     children	This is the total amount of time propagated into this
		function by its children.

     called	This is the number of times the function was called.
		If the function called itself recursively, the number
		only includes non-recursive calls, and is followed by
		a `+' and the number of recursive calls.

     name	The name of the current function.  The index number is
		printed after it.  If the function is a member of a
		cycle, the cycle number is printed between the
		function's name and the index number.


 For the function's parents, the fields have the following meanings:

     self	This is the amount of time that was propagated directly
		from the function into this parent.

     children	This is the amount of time that was propagated from
		the function's children into this parent.

     called	This is the number of times this parent called the
		function `/' the total number of times the function
		was called.  Recursive calls to the function are not
		included in the number after the `/'.

     name	This is the name of the parent.  The parent's index
		number is printed after it.  If the parent is a
		member of a cycle, the cycle number is printed between
		the name and the index number.

 If the parents of the function cannot be determined, the word
 `<spontaneous>' is printed in the `name' field, and all the other
 fields are blank.

 For the function's children, the fields have the following meanings:

     self	This is the amount of time that was propagated directly
		from the child into the function.

     children	This is the amount of time that was propagated from the
		child's children to the function.

     called	This is the number of times the function called
		this child `/' the total number of times the child
		was called.  Recursive calls by the child are not
		listed in the number after the `/'.

     name	This is the name of the child.  The child's index
		number is printed after it.  If the child is a
		member of a cycle, the cycle number is printed
		between the name and the index number.

 If there are any cycles (circles) in the call graph, there is an
 entry for the cycle-as-a-whole.  This entry shows who called the
 cycle (as parents) and the members of the cycle (as children.)
 The `+' recursive calls entry shows the number of function calls that
 were internal to the cycle, and the calls entry for each member shows,
 for that member, how many times it was called from other members of
 the cycle.


Index by function name

  [58] LoadSDF_BZ(char*)      [49] haat(site)             [44] lrprop(double, prop_type&, propa_type&)
   [2] PlotLRPath(site, site, unsigned char, _IO_FILE*) [47] hzns(double*, prop_type&) [11] saalos(double, prop_type&, propa_type&)
  [19] WritePPMLR(char*, unsigned char, unsigned char, unsigned char, site*, unsigned char) [37] adiff(double, prop_type&, propa_type&) [24] Azimuth(site, site)
  [34] FORTRAN_DIM(double const&, double const&) [23] aknfe(double const&) [35] GetMask(double, double)
  [31] LoadSDF_SDF(char*)     [33] alos2(double, prop_type&, propa_type&) [61] LoadPAT(char*)
  [59] ReadBearing(char*)     [17] ascat(double, prop_type&, propa_type&) [29] LoadSDF(char*)
  [57] ReduceAngle(double)    [16] curve(double const&, double const&, double const&, double const&, double const&, double const&) [21] PutMask(double, double, int)
  [38] interpolate(int, int, int, int, int) [42] d1thx(double*, double const&, double const&) [43] dec2dms(double)
  [14] GetElevation(site)      [7] hzns2(double*, prop_type&, propa_type&) [9] lrprop2(double, prop_type&, propa_type&)
  [48] AverageTerrain(site, double, double, double) [18] qerfi(double) [4] qlrpfl2(double*, int, int, prop_type&, propa_type&, propv_type&)
  [60] LoadLossColors(site)   [28] qlrps(double, double, double, int, double, double, prop_type&) [45] Distance(site, site)
   [3] point_to_point(double*, double, double, double, double, double, double, int, int, double, double, double&, char*, int&) [6] qtile(int const&, double*, int const&) [13] ReadPath(site, site)
  [39] point_to_point_ITM(double*, double, double, double, double, double, double, int, int, double, double, double&, char*, int&) [36] z1sq1(double*, double const&, double const&, double&, double&) [40] abq_alos(std::complex<double>)
  [32] ahd(double)             [8] z1sq2(double*, double const&, double const&, double&, double&) [20] GetSignal(double, double)
  [22] fht(double const&, double const&) [15] OrMask(double, double, int) [1] PlotLRMap(site, double, char*)
  [26] h0f(double, double)    [10] adiff2(double, prop_type&, propa_type&) [25] PutSignal(double, double, unsigned char)
  [46] alos(double, prop_type&, propa_type&) [27] arccos(double, double)
  [12] avar(double, double, double, prop_type&, propv_type&) [5] d1thx2(double*, double const&, double const&, propa_type&)
