Run with 66 miles:
Flat profile:

Each sample counts as 0.01 seconds.
  %   cumulative   self              self     total           
 time   seconds   seconds    calls  ms/call  ms/call  name    
 45.49   1513.92  1513.92 68767842     0.02     0.02  qtile(int const&, double*, int const&)
 21.72   2236.85   722.93 34383954     0.02     0.07  d1thx2(double*, double const&, double const&, propa_type&)
 19.57   2888.17   651.32 34383954     0.02     0.02  hzns2(double*, prop_type&, propa_type&)
  5.99   3087.48   199.32 68766538     0.00     0.00  z1sq2(double*, double const&, double const&, double&, double&)
  2.87   3183.09    95.61 34383954     0.00     0.10  point_to_point(double*, double, double, double, double, double, double, int, int, double, double, double&, char*, int&)
  1.27   3225.48    42.39 103151807     0.00     0.00  saalos(double, prop_type&, propa_type&)
  1.14   3263.47    37.99 171828392     0.00     0.00  adiff2(double, prop_type&, propa_type&)
  0.32   3274.09    10.62 34383954     0.00     0.00  avar(double, double, double, prop_type&, propv_type&)
  0.23   3281.61     7.52    28816     0.26     0.53  ReadPath(site, site)
  0.22   3288.77     7.16 123857897     0.00     0.00  GetElevation(site)
  0.19   3295.00     6.23 133809326     0.00     0.00  OrMask(double, double, int)
  0.14   3299.66     4.66    28800     0.16   115.44  PlotLRPath(site, site, unsigned char, _IO_FILE*)
  0.13   3304.05     4.39 103151862     0.00     0.00  curve(double const&, double const&, double const&, double const&, double const&, double const&)
  0.13   3308.31     4.26 34383954     0.00     0.00  lrprop2(double, prop_type&, propa_type&)
  0.10   3311.48     3.17                             WritePPMLR(char*, unsigned char, unsigned char, unsigned char, site*, unsigned char)
  0.08   3314.30     2.83 68767908     0.00     0.00  qerfi(double)
  0.07   3316.68     2.38 34383954     0.00     0.00  GetSignal(double, double)
  0.06   3318.52     1.84 26189344     0.00     0.00  ascat(double, prop_type&, propa_type&)
  0.05   3320.21     1.69 34383954     0.00     0.09  qlrpfl2(double*, int, int, prop_type&, propa_type&, propv_type&)
  0.05   3321.71     1.50 34383954     0.00     0.00  PutMask(double, double, int)
  0.04   3323.18     1.48 204033840     0.00     0.00  aknfe(double const&)
  0.04   3324.42     1.24 131460273     0.00     0.00  fht(double const&, double const&)
  0.03   3325.49     1.07 34412770     0.00     0.00  Azimuth(site, site)
  0.02   3326.26     0.77 34383954     0.00     0.00  PutSignal(double, double, unsigned char)
  0.02   3326.89     0.63 26189344     0.00     0.00  h0f(double, double)
  0.01   3327.34     0.45 123799759     0.00     0.00  arccos(double, double)
  0.01   3327.61     0.27        5    54.00    54.00  LoadSDF_SDF(char*)
  0.01   3327.87     0.26 34383954     0.00     0.00  qlrps(double, double, double, int, double, double, prop_type&)
  0.00   3327.97     0.10 13094672     0.00     0.00  ahd(double)
  0.00   3328.06     0.09 133808918     0.00     0.00  GetMask(double, double)
  0.00   3328.12     0.07                             adiff(double, prop_type&, propa_type&)
  0.00   3328.18     0.06        5    12.00    66.00  LoadSDF(char*)
  0.00   3328.24     0.06 21334971     0.00     0.00  alos2(double, prop_type&, propa_type&)
  0.00   3328.29     0.05                             interpolate(int, int, int, int, int)
  0.00   3328.33     0.05                             FORTRAN_DIM(double const&, double const&)
  0.00   3328.37     0.04        2    20.00    20.00  dec2dms(double)
  0.00   3328.40     0.03    28816     0.00     0.00  Distance(site, site)
  0.00   3328.42     0.02                             d1thx(double*, double const&, double const&)
  0.00   3328.43     0.02                             z1sq1(double*, double const&, double const&, double&, double&)
  0.00   3328.45     0.02                             abq_alos(std::complex<double>)
  0.00   3328.46     0.01        1    10.00    10.00  LoadPAT(char*)
  0.00   3328.47     0.01                             point_to_point_ITM(double*, double, double, double, double, double, double, int, int, double, double, double&, char*, int&)
  0.00   3328.48     0.01                             hzns(double*, prop_type&)
  0.00   3328.49     0.01                             lrprop(double, prop_type&, propa_type&)
  0.00   3328.49     0.01                             alos(double, prop_type&, propa_type&)
  0.00   3328.50     0.01                             qlrpfl(double*, int, int, prop_type&, propa_type&, propv_type&)
  0.00   3328.50     0.00       16     0.00     0.53  AverageTerrain(site, double, double, double)
  0.00   3328.50     0.00        6     0.00     0.00  ReduceAngle(double)
  0.00   3328.50     0.00        2     0.00     0.00  LoadSDF_BZ(char*)
  0.00   3328.50     0.00        2     0.00     0.00  ReadBearing(char*)
  0.00   3328.50     0.00        1     0.00     0.00  LoadLossColors(site)
  0.00   3328.50     0.00        1     0.00     4.21  haat(site)

 %         the percentage of the total running time of the
time       program used by this function.

cumulative a running sum of the number of seconds accounted
 seconds   for by this function and those listed above it.

 self      the number of seconds accounted for by this
seconds    function alone.  This is the major sort for this
           listing.

calls      the number of times this function was invoked, if
           this function is profiled, else blank.
 
 self      the average number of milliseconds spent in this
ms/call    function per call, if this function is profiled,
	   else blank.

 total     the average number of milliseconds spent in this
ms/call    function and its descendents per call, if this 
	   function is profiled, else blank.

name       the name of the function.  This is the minor sort
           for this listing. The index shows the location of
	   the function in the gprof listing. If the index is
	   in parenthesis it shows where it would appear in
	   the gprof listing if it were to be printed.

		     Call graph (explanation follows)


granularity: each sample hit covers 2 byte(s) for 0.00% of 3328.50 seconds

index % time    self  children    called     name
                4.66 3320.04   28800/28800       PlotLRMap(site, double, char*) [2]
[1]     99.9    4.66 3320.04   28800         PlotLRPath(site, site, unsigned char, _IO_FILE*) [1]
               95.61 3197.24 34383954/34383954     point_to_point(double*, double, double, double, double, double, double, int, int, double, double, double&, char*, int&) [3]
                7.52    7.64   28800/28816       ReadPath(site, site) [12]
                6.23    0.00 133807461/133809326     OrMask(double, double, int) [15]
                2.38    0.00 34383954/34383954     GetSignal(double, double) [20]
                1.50    0.00 34383954/34383954     PutMask(double, double, int) [21]
                1.07    0.00 34383954/34412770     Azimuth(site, site) [24]
                0.77    0.00 34383954/34383954     PutSignal(double, double, unsigned char) [25]
                0.09    0.00 133807461/133808918     GetMask(double, double) [33]
-----------------------------------------------
                                                 <spontaneous>
[2]     99.9    0.00 3324.70                 PlotLRMap(site, double, char*) [2]
                4.66 3320.04   28800/28800       PlotLRPath(site, site, unsigned char, _IO_FILE*) [1]
                0.00    0.00       2/6           ReduceAngle(double) [60]
-----------------------------------------------
               95.61 3197.24 34383954/34383954     PlotLRPath(site, site, unsigned char, _IO_FILE*) [1]
[3]     98.9   95.61 3197.24 34383954         point_to_point(double*, double, double, double, double, double, double, int, int, double, double, double&, char*, int&) [3]
                1.69 3177.46 34383954/34383954     qlrpfl2(double*, int, int, prop_type&, propa_type&, propv_type&) [4]
               10.62    4.39 34383954/34383954     avar(double, double, double, prop_type&, propv_type&) [13]
                2.83    0.00 68767908/68767908     qerfi(double) [18]
                0.26    0.00 34383954/34383954     qlrps(double, double, double, int, double, double, prop_type&) [31]
-----------------------------------------------
                1.69 3177.46 34383954/34383954     point_to_point(double*, double, double, double, double, double, double, int, int, double, double, double&, char*, int&) [3]
[4]     95.5    1.69 3177.46 34383954         qlrpfl2(double*, int, int, prop_type&, propa_type&, propv_type&) [4]
              722.93 1613.58 34383954/34383954     d1thx2(double*, double const&, double const&, propa_type&) [5]
              651.32    0.00 34383954/34383954     hzns2(double*, prop_type&, propa_type&) [7]
               99.66    0.00 34382617/68766538     z1sq2(double*, double const&, double const&, double&, double&) [8]
                4.26   85.72 34383954/34383954     lrprop2(double, prop_type&, propa_type&) [9]
-----------------------------------------------
              722.93 1613.58 34383954/34383954     qlrpfl2(double*, int, int, prop_type&, propa_type&, propv_type&) [4]
[5]     70.2  722.93 1613.58 34383954         d1thx2(double*, double const&, double const&, propa_type&) [5]
             1513.92    0.00 68767842/68767842     qtile(int const&, double*, int const&) [6]
               99.66    0.00 34383921/68766538     z1sq2(double*, double const&, double const&, double&, double&) [8]
-----------------------------------------------
             1513.92    0.00 68767842/68767842     d1thx2(double*, double const&, double const&, propa_type&) [5]
[6]     45.5 1513.92    0.00 68767842         qtile(int const&, double*, int const&) [6]
-----------------------------------------------
              651.32    0.00 34383954/34383954     qlrpfl2(double*, int, int, prop_type&, propa_type&, propv_type&) [4]
[7]     19.6  651.32    0.00 34383954         hzns2(double*, prop_type&, propa_type&) [7]
-----------------------------------------------
               99.66    0.00 34382617/68766538     qlrpfl2(double*, int, int, prop_type&, propa_type&, propv_type&) [4]
               99.66    0.00 34383921/68766538     d1thx2(double*, double const&, double const&, propa_type&) [5]
[8]      6.0  199.32    0.00 68766538         z1sq2(double*, double const&, double const&, double&, double&) [8]
-----------------------------------------------
                4.26   85.72 34383954/34383954     qlrpfl2(double*, int, int, prop_type&, propa_type&, propv_type&) [4]
[9]      2.7    4.26   85.72 34383954         lrprop2(double, prop_type&, propa_type&) [9]
               37.99   45.08 171828392/171828392     adiff2(double, prop_type&, propa_type&) [10]
                1.84    0.73 26189344/26189344     ascat(double, prop_type&, propa_type&) [19]
                0.06    0.02 21334971/21334971     alos2(double, prop_type&, propa_type&) [34]
-----------------------------------------------
               37.99   45.08 171828392/171828392     lrprop2(double, prop_type&, propa_type&) [9]
[10]     2.5   37.99   45.08 171828392         adiff2(double, prop_type&, propa_type&) [10]
               42.37    0.00 103106164/103151807     saalos(double, prop_type&, propa_type&) [11]
                1.48    0.00 204033840/204033840     aknfe(double const&) [22]
                1.24    0.00 131460273/131460273     fht(double const&, double const&) [23]
-----------------------------------------------
                0.02    0.00   45643/103151807     alos2(double, prop_type&, propa_type&) [34]
               42.37    0.00 103106164/103151807     adiff2(double, prop_type&, propa_type&) [10]
[11]     1.3   42.39    0.00 103151807         saalos(double, prop_type&, propa_type&) [11]
-----------------------------------------------
                0.00    0.00      16/28816       AverageTerrain(site, double, double, double) [49]
                7.52    7.64   28800/28816       PlotLRPath(site, site, unsigned char, _IO_FILE*) [1]
[12]     0.5    7.52    7.64   28816         ReadPath(site, site) [12]
                7.16    0.00 123857878/123857897     GetElevation(site) [14]
                0.45    0.00 123799745/123799759     arccos(double, double) [27]
                0.03    0.00   28816/28816       Distance(site, site) [40]
                0.00    0.00   28816/34412770     Azimuth(site, site) [24]
-----------------------------------------------
               10.62    4.39 34383954/34383954     point_to_point(double*, double, double, double, double, double, double, int, int, double, double, double&, char*, int&) [3]
[13]     0.5   10.62    4.39 34383954         avar(double, double, double, prop_type&, propv_type&) [13]
                4.39    0.00 103151862/103151862     curve(double const&, double const&, double const&, double const&, double const&, double const&) [16]
-----------------------------------------------
                0.00    0.00       1/123857897     haat(site) [52]
                0.00    0.00       2/123857897     SiteReport(site) [37]
                0.00    0.00      16/123857897     AverageTerrain(site, double, double, double) [49]
                7.16    0.00 123857878/123857897     ReadPath(site, site) [12]
[14]     0.2    7.16    0.00 123857897         GetElevation(site) [14]
-----------------------------------------------
                0.00    0.00    1865/133809326     PlaceMarker(site) [53]
                6.23    0.00 133807461/133809326     PlotLRPath(site, site, unsigned char, _IO_FILE*) [1]
[15]     0.2    6.23    0.00 133809326         OrMask(double, double, int) [15]
-----------------------------------------------
                4.39    0.00 103151862/103151862     avar(double, double, double, prop_type&, propv_type&) [13]
[16]     0.1    4.39    0.00 103151862         curve(double const&, double const&, double const&, double const&, double const&, double const&) [16]
-----------------------------------------------
                                                 <spontaneous>
[17]     0.1    3.17    0.00                 WritePPMLR(char*, unsigned char, unsigned char, unsigned char, site*, unsigned char) [17]
                0.00    0.00       2/6           ReduceAngle(double) [60]
                0.00    0.00       1/1           LoadLossColors(site) [63]
-----------------------------------------------
                2.83    0.00 68767908/68767908     point_to_point(double*, double, double, double, double, double, double, int, int, double, double, double&, char*, int&) [3]
[18]     0.1    2.83    0.00 68767908         qerfi(double) [18]
-----------------------------------------------
                1.84    0.73 26189344/26189344     lrprop2(double, prop_type&, propa_type&) [9]
[19]     0.1    1.84    0.73 26189344         ascat(double, prop_type&, propa_type&) [19]
                0.63    0.00 26189344/26189344     h0f(double, double) [26]
                0.10    0.00 13094672/13094672     ahd(double) [32]
-----------------------------------------------
                2.38    0.00 34383954/34383954     PlotLRPath(site, site, unsigned char, _IO_FILE*) [1]
[20]     0.1    2.38    0.00 34383954         GetSignal(double, double) [20]
-----------------------------------------------
                1.50    0.00 34383954/34383954     PlotLRPath(site, site, unsigned char, _IO_FILE*) [1]
[21]     0.0    1.50    0.00 34383954         PutMask(double, double, int) [21]
-----------------------------------------------
                1.48    0.00 204033840/204033840     adiff2(double, prop_type&, propa_type&) [10]
[22]     0.0    1.48    0.00 204033840         aknfe(double const&) [22]
-----------------------------------------------
                1.24    0.00 131460273/131460273     adiff2(double, prop_type&, propa_type&) [10]
[23]     0.0    1.24    0.00 131460273         fht(double const&, double const&) [23]
-----------------------------------------------
                0.00    0.00   28816/34412770     ReadPath(site, site) [12]
                1.07    0.00 34383954/34412770     PlotLRPath(site, site, unsigned char, _IO_FILE*) [1]
[24]     0.0    1.07    0.00 34412770         Azimuth(site, site) [24]
-----------------------------------------------
                0.77    0.00 34383954/34383954     PlotLRPath(site, site, unsigned char, _IO_FILE*) [1]
[25]     0.0    0.77    0.00 34383954         PutSignal(double, double, unsigned char) [25]
-----------------------------------------------
                0.63    0.00 26189344/26189344     ascat(double, prop_type&, propa_type&) [19]
[26]     0.0    0.63    0.00 26189344         h0f(double, double) [26]
-----------------------------------------------
                0.00    0.00      14/123799759     AverageTerrain(site, double, double, double) [49]
                0.45    0.00 123799745/123799759     ReadPath(site, site) [12]
[27]     0.0    0.45    0.00 123799759         arccos(double, double) [27]
-----------------------------------------------
                0.06    0.27       5/5           LoadTopoData(int, int, int, int) [29]
[28]     0.0    0.06    0.27       5         LoadSDF(char*) [28]
                0.27    0.00       5/5           LoadSDF_SDF(char*) [30]
                0.00    0.00       2/2           LoadSDF_BZ(char*) [61]
-----------------------------------------------
                                                 <spontaneous>
[29]     0.0    0.00    0.33                 LoadTopoData(int, int, int, int) [29]
                0.06    0.27       5/5           LoadSDF(char*) [28]
                0.00    0.00       2/6           ReduceAngle(double) [60]
-----------------------------------------------
                0.27    0.00       5/5           LoadSDF(char*) [28]
[30]     0.0    0.27    0.00       5         LoadSDF_SDF(char*) [30]
-----------------------------------------------
                0.26    0.00 34383954/34383954     point_to_point(double*, double, double, double, double, double, double, int, int, double, double, double&, char*, int&) [3]
[31]     0.0    0.26    0.00 34383954         qlrps(double, double, double, int, double, double, prop_type&) [31]
-----------------------------------------------
                0.10    0.00 13094672/13094672     ascat(double, prop_type&, propa_type&) [19]
[32]     0.0    0.10    0.00 13094672         ahd(double) [32]
-----------------------------------------------
                0.00    0.00    1457/133808918     PlaceMarker(site) [53]
                0.09    0.00 133807461/133808918     PlotLRPath(site, site, unsigned char, _IO_FILE*) [1]
[33]     0.0    0.09    0.00 133808918         GetMask(double, double) [33]
-----------------------------------------------
                0.06    0.02 21334971/21334971     lrprop2(double, prop_type&, propa_type&) [9]
[34]     0.0    0.06    0.02 21334971         alos2(double, prop_type&, propa_type&) [34]
                0.02    0.00   45643/103151807     saalos(double, prop_type&, propa_type&) [11]
-----------------------------------------------
                                                 <spontaneous>
[35]     0.0    0.07    0.00                 adiff(double, prop_type&, propa_type&) [35]
-----------------------------------------------
                                                 <spontaneous>
[36]     0.0    0.05    0.00                 interpolate(int, int, int, int, int) [36]
-----------------------------------------------
                                                 <spontaneous>
[37]     0.0    0.00    0.05                 SiteReport(site) [37]
                0.04    0.00       2/2           dec2dms(double) [39]
                0.00    0.00       1/1           haat(site) [52]
                0.00    0.00       8/16          AverageTerrain(site, double, double, double) [49]
                0.00    0.00       2/123857897     GetElevation(site) [14]
-----------------------------------------------
                                                 <spontaneous>
[38]     0.0    0.05    0.00                 FORTRAN_DIM(double const&, double const&) [38]
-----------------------------------------------
                0.04    0.00       2/2           SiteReport(site) [37]
[39]     0.0    0.04    0.00       2         dec2dms(double) [39]
-----------------------------------------------
                0.03    0.00   28816/28816       ReadPath(site, site) [12]
[40]     0.0    0.03    0.00   28816         Distance(site, site) [40]
-----------------------------------------------
                                                 <spontaneous>
[41]     0.0    0.02    0.00                 d1thx(double*, double const&, double const&) [41]
-----------------------------------------------
                                                 <spontaneous>
[42]     0.0    0.02    0.00                 z1sq1(double*, double const&, double const&, double&, double&) [42]
-----------------------------------------------
                                                 <spontaneous>
[43]     0.0    0.02    0.00                 abq_alos(std::complex<double>) [43]
-----------------------------------------------
                0.01    0.00       1/1           ReadLRParm(site, char) [45]
[44]     0.0    0.01    0.00       1         LoadPAT(char*) [44]
-----------------------------------------------
                                                 <spontaneous>
[45]     0.0    0.00    0.01                 ReadLRParm(site, char) [45]
                0.01    0.00       1/1           LoadPAT(char*) [44]
-----------------------------------------------
                                                 <spontaneous>
[46]     0.0    0.01    0.00                 point_to_point_ITM(double*, double, double, double, double, double, double, int, int, double, double, double&, char*, int&) [46]
-----------------------------------------------
                                                 <spontaneous>
[47]     0.0    0.01    0.00                 hzns(double*, prop_type&) [47]
-----------------------------------------------
                                                 <spontaneous>
[48]     0.0    0.01    0.00                 lrprop(double, prop_type&, propa_type&) [48]
-----------------------------------------------
                0.00    0.00       8/16          haat(site) [52]
                0.00    0.00       8/16          SiteReport(site) [37]
[49]     0.0    0.00    0.01      16         AverageTerrain(site, double, double, double) [49]
                0.00    0.00      16/28816       ReadPath(site, site) [12]
                0.00    0.00      16/123857897     GetElevation(site) [14]
                0.00    0.00      14/123799759     arccos(double, double) [27]
-----------------------------------------------
                                                 <spontaneous>
[50]     0.0    0.01    0.00                 alos(double, prop_type&, propa_type&) [50]
-----------------------------------------------
                                                 <spontaneous>
[51]     0.0    0.01    0.00                 qlrpfl(double*, int, int, prop_type&, propa_type&, propv_type&) [51]
-----------------------------------------------
                0.00    0.00       1/1           SiteReport(site) [37]
[52]     0.0    0.00    0.00       1         haat(site) [52]
                0.00    0.00       8/16          AverageTerrain(site, double, double, double) [49]
                0.00    0.00       1/123857897     GetElevation(site) [14]
-----------------------------------------------
                                                 <spontaneous>
[53]     0.0    0.00    0.00                 PlaceMarker(site) [53]
                0.00    0.00    1865/133809326     OrMask(double, double, int) [15]
                0.00    0.00    1457/133808918     GetMask(double, double) [33]
-----------------------------------------------
                0.00    0.00       2/6           PlotLRMap(site, double, char*) [2]
                0.00    0.00       2/6           WritePPMLR(char*, unsigned char, unsigned char, unsigned char, site*, unsigned char) [17]
                0.00    0.00       2/6           LoadTopoData(int, int, int, int) [29]
[60]     0.0    0.00    0.00       6         ReduceAngle(double) [60]
-----------------------------------------------
                0.00    0.00       2/2           LoadSDF(char*) [28]
[61]     0.0    0.00    0.00       2         LoadSDF_BZ(char*) [61]
-----------------------------------------------
                0.00    0.00       2/2           LoadQTH(char*) [92]
[62]     0.0    0.00    0.00       2         ReadBearing(char*) [62]
-----------------------------------------------
                0.00    0.00       1/1           WritePPMLR(char*, unsigned char, unsigned char, unsigned char, site*, unsigned char) [17]
[63]     0.0    0.00    0.00       1         LoadLossColors(site) [63]
-----------------------------------------------

 This table describes the call tree of the program, and was sorted by
 the total amount of time spent in each function and its children.

 Each entry in this table consists of several lines.  The line with the
 index number at the left hand margin lists the current function.
 The lines above it list the functions that called this function,
 and the lines below it list the functions this one called.
 This line lists:
     index	A unique number given to each element of the table.
		Index numbers are sorted numerically.
		The index number is printed next to every function name so
		it is easier to look up where the function in the table.

     % time	This is the percentage of the `total' time that was spent
		in this function and its children.  Note that due to
		different viewpoints, functions excluded by options, etc,
		these numbers will NOT add up to 100%.

     self	This is the total amount of time spent in this function.

     children	This is the total amount of time propagated into this
		function by its children.

     called	This is the number of times the function was called.
		If the function called itself recursively, the number
		only includes non-recursive calls, and is followed by
		a `+' and the number of recursive calls.

     name	The name of the current function.  The index number is
		printed after it.  If the function is a member of a
		cycle, the cycle number is printed between the
		function's name and the index number.


 For the function's parents, the fields have the following meanings:

     self	This is the amount of time that was propagated directly
		from the function into this parent.

     children	This is the amount of time that was propagated from
		the function's children into this parent.

     called	This is the number of times this parent called the
		function `/' the total number of times the function
		was called.  Recursive calls to the function are not
		included in the number after the `/'.

     name	This is the name of the parent.  The parent's index
		number is printed after it.  If the parent is a
		member of a cycle, the cycle number is printed between
		the name and the index number.

 If the parents of the function cannot be determined, the word
 `<spontaneous>' is printed in the `name' field, and all the other
 fields are blank.

 For the function's children, the fields have the following meanings:

     self	This is the amount of time that was propagated directly
		from the child into the function.

     children	This is the amount of time that was propagated from the
		child's children to the function.

     called	This is the number of times the function called
		this child `/' the total number of times the child
		was called.  Recursive calls by the child are not
		listed in the number after the `/'.

     name	This is the name of the child.  The child's index
		number is printed after it.  If the child is a
		member of a cycle, the cycle number is printed
		between the name and the index number.

 If there are any cycles (circles) in the call graph, there is an
 entry for the cycle-as-a-whole.  This entry shows who called the
 cycle (as parents) and the members of the cycle (as children.)
 The `+' recursive calls entry shows the number of function calls that
 were internal to the cycle, and the calls entry for each member shows,
 for that member, how many times it was called from other members of
 the cycle.


Index by function name

  [61] LoadSDF_BZ(char*)      [52] haat(site)             [48] lrprop(double, prop_type&, propa_type&)
   [1] PlotLRPath(site, site, unsigned char, _IO_FILE*) [47] hzns(double*, prop_type&) [51] qlrpfl(double*, int, int, prop_type&, propa_type&, propv_type&)
  [17] WritePPMLR(char*, unsigned char, unsigned char, unsigned char, site*, unsigned char) [35] adiff(double, prop_type&, propa_type&) [11] saalos(double, prop_type&, propa_type&)
  [38] FORTRAN_DIM(double const&, double const&) [22] aknfe(double const&) [24] Azimuth(site, site)
  [30] LoadSDF_SDF(char*)     [34] alos2(double, prop_type&, propa_type&) [33] GetMask(double, double)
  [62] ReadBearing(char*)     [19] ascat(double, prop_type&, propa_type&) [44] LoadPAT(char*)
  [60] ReduceAngle(double)    [16] curve(double const&, double const&, double const&, double const&, double const&, double const&) [28] LoadSDF(char*)
  [36] interpolate(int, int, int, int, int) [41] d1thx(double*, double const&, double const&) [21] PutMask(double, double, int)
  [14] GetElevation(site)      [7] hzns2(double*, prop_type&, propa_type&) [39] dec2dms(double)
  [49] AverageTerrain(site, double, double, double) [18] qerfi(double) [9] lrprop2(double, prop_type&, propa_type&)
  [63] LoadLossColors(site)   [31] qlrps(double, double, double, int, double, double, prop_type&) [4] qlrpfl2(double*, int, int, prop_type&, propa_type&, propv_type&)
   [3] point_to_point(double*, double, double, double, double, double, double, int, int, double, double, double&, char*, int&) [6] qtile(int const&, double*, int const&) [40] Distance(site, site)
  [46] point_to_point_ITM(double*, double, double, double, double, double, double, int, int, double, double, double&, char*, int&) [42] z1sq1(double*, double const&, double const&, double&, double&) [12] ReadPath(site, site)
  [32] ahd(double)             [8] z1sq2(double*, double const&, double const&, double&, double&) [43] abq_alos(std::complex<double>)
  [23] fht(double const&, double const&) [15] OrMask(double, double, int) [20] GetSignal(double, double)
  [26] h0f(double, double)    [10] adiff2(double, prop_type&, propa_type&) [25] PutSignal(double, double, unsigned char)
  [50] alos(double, prop_type&, propa_type&) [27] arccos(double, double)
  [13] avar(double, double, double, prop_type&, propv_type&) [5] d1thx2(double*, double const&, double const&, propa_type&)
