Run with 87 miles:
Flat profile:

Each sample counts as 0.01 seconds.
  %   cumulative   self              self     total           
 time   seconds   seconds    calls  ms/call  ms/call  name    
 50.83   3096.52  3096.52 93426900     0.03     0.03  qtile(int const&, double*, int const&)
 19.79   4302.13  1205.60 46713483     0.03     0.10  d1thx2(double*, double const&, double const&, propa_type&)
 18.01   5399.14  1097.02 46713483     0.02     0.02  hzns2(double*, prop_type&, propa_type&)
  5.51   5734.72   335.57 93425596     0.00     0.00  z1sq2(double*, double const&, double const&, double&, double&)
  2.64   5895.39   160.67 46713483     0.00     0.13  point_to_point(double*, double, double, double, double, double, double, int, int, double, double, double&, char*, int&)
  0.96   5953.86    58.48 140140394     0.00     0.00  saalos(double, prop_type&, propa_type&)
  0.84   6005.26    51.39 233476037     0.00     0.00  adiff2(double, prop_type&, propa_type&)
  0.26   6021.34    16.09 46713483     0.00     0.00  avar(double, double, double, prop_type&, propv_type&)
  0.17   6031.47    10.13    28816     0.35     0.63  ReadPath(site, site)
  0.14   6040.26     8.78 164131625     0.00     0.00  OrMask(double, double, int)
  0.12   6047.81     7.55 123857897     0.00     0.00  GetElevation(site)
  0.10   6054.05     6.24    28800     0.22   211.40  PlotLRPath(site, site, unsigned char, _IO_FILE*)
  0.10   6059.85     5.81 46713483     0.00     0.00  lrprop2(double, prop_type&, propa_type&)
  0.09   6065.09     5.24 140140449     0.00     0.00  curve(double const&, double const&, double const&, double const&, double const&, double const&)
  0.07   6069.28     4.19 93426966     0.00     0.00  qerfi(double)
  0.05   6072.62     3.34                             WritePPMLR(char*, unsigned char, unsigned char, unsigned char, site*, unsigned char)
  0.05   6075.84     3.22 46713483     0.00     0.00  GetSignal(double, double)
  0.05   6078.69     2.86 50824356     0.00     0.00  ascat(double, prop_type&, propa_type&)
  0.04   6081.00     2.31 46713483     0.00     0.13  qlrpfl2(double*, int, int, prop_type&, propa_type&, propv_type&)
  0.03   6082.79     1.80 180743799     0.00     0.00  fht(double const&, double const&)
  0.03   6084.58     1.79 46713483     0.00     0.00  PutMask(double, double, int)
  0.03   6086.25     1.67 277985710     0.00     0.00  aknfe(double const&)
  0.03   6087.92     1.67 46742299     0.00     0.00  Azimuth(site, site)
  0.02   6089.32     1.40 50824356     0.00     0.00  h0f(double, double)
  0.02   6090.39     1.07 46713483     0.00     0.00  PutSignal(double, double, unsigned char)
  0.01   6090.89     0.50 123799759     0.00     0.00  arccos(double, double)
  0.01   6091.33     0.44        5    88.01    88.01  LoadSDF_SDF(char*)
  0.00   6091.62     0.30 46713483     0.00     0.00  qlrps(double, double, double, int, double, double, prop_type&)
  0.00   6091.78     0.16 21346994     0.00     0.00  alos2(double, prop_type&, propa_type&)
  0.00   6091.93     0.15 25412178     0.00     0.00  ahd(double)
  0.00   6092.06     0.13 164131217     0.00     0.00  GetMask(double, double)
  0.00   6092.13     0.07                             adiff(double, prop_type&, propa_type&)
  0.00   6092.19     0.06                             point_to_point_ITM(double*, double, double, double, double, double, double, int, int, double, double, double&, char*, int&)
  0.00   6092.24     0.05        5    10.00    98.01  LoadSDF(char*)
  0.00   6092.29     0.05        2    25.00    25.00  dec2dms(double)
  0.00   6092.34     0.05                             z1sq1(double*, double const&, double const&, double&, double&)
  0.00   6092.38     0.04                             FORTRAN_DIM(double const&, double const&)
  0.00   6092.42     0.04                             interpolate(int, int, int, int, int)
  0.00   6092.45     0.04                             abq_alos(std::complex<double>)
  0.00   6092.48     0.03    28816     0.00     0.00  Distance(site, site)
  0.00   6092.50     0.02                             lrprop(double, prop_type&, propa_type&)
  0.00   6092.52     0.02                             qlrpfl(double*, int, int, prop_type&, propa_type&, propv_type&)
  0.00   6092.53     0.01                             hzns(double*, prop_type&)
  0.00   6092.54     0.01                             PlotLRMap(site, double, char*)
  0.00   6092.54     0.01                             d1thx(double*, double const&, double const&)
  0.00   6092.54     0.00       16     0.00     0.63  AverageTerrain(site, double, double, double)
  0.00   6092.54     0.00        6     0.00     0.00  ReduceAngle(double)
  0.00   6092.54     0.00        2     0.00     0.00  LoadSDF_BZ(char*)
  0.00   6092.54     0.00        2     0.00     0.00  ReadBearing(char*)
  0.00   6092.54     0.00        1     0.00     0.00  LoadLossColors(site)
  0.00   6092.54     0.00        1     0.00     5.06  haat(site)
  0.00   6092.54     0.00        1     0.00     0.00  LoadPAT(char*)

 %         the percentage of the total running time of the
time       program used by this function.

cumulative a running sum of the number of seconds accounted
 seconds   for by this function and those listed above it.

 self      the number of seconds accounted for by this
seconds    function alone.  This is the major sort for this
           listing.

calls      the number of times this function was invoked, if
           this function is profiled, else blank.
 
 self      the average number of milliseconds spent in this
ms/call    function per call, if this function is profiled,
	   else blank.

 total     the average number of milliseconds spent in this
ms/call    function and its descendents per call, if this 
	   function is profiled, else blank.

name       the name of the function.  This is the minor sort
           for this listing. The index shows the location of
	   the function in the gprof listing. If the index is
	   in parenthesis it shows where it would appear in
	   the gprof listing if it were to be printed.

		     Call graph (explanation follows)


granularity: each sample hit covers 2 byte(s) for 0.00% of 6092.54 seconds

index % time    self  children    called     name
                                                 <spontaneous>
[1]     99.9    0.01 6088.30                 PlotLRMap(site, double, char*) [1]
                6.24 6082.06   28800/28800       PlotLRPath(site, site, unsigned char, _IO_FILE*) [2]
                0.00    0.00       2/6           ReduceAngle(double) [57]
-----------------------------------------------
                6.24 6082.06   28800/28800       PlotLRMap(site, double, char*) [1]
[2]     99.9    6.24 6082.06   28800         PlotLRPath(site, site, unsigned char, _IO_FILE*) [2]
              160.67 5886.53 46713483/46713483     point_to_point(double*, double, double, double, double, double, double, int, int, double, double, double&, char*, int&) [3]
               10.13    8.08   28800/28816       ReadPath(site, site) [13]
                8.78    0.00 164129760/164131625     OrMask(double, double, int) [14]
                3.22    0.00 46713483/46713483     GetSignal(double, double) [20]
                1.79    0.00 46713483/46713483     PutMask(double, double, int) [22]
                1.67    0.00 46713483/46742299     Azimuth(site, site) [24]
                1.07    0.00 46713483/46713483     PutSignal(double, double, unsigned char) [26]
                0.13    0.00 164129760/164131217     GetMask(double, double) [34]
-----------------------------------------------
              160.67 5886.53 46713483/46713483     PlotLRPath(site, site, unsigned char, _IO_FILE*) [2]
[3]     99.3  160.67 5886.53 46713483         point_to_point(double*, double, double, double, double, double, double, int, int, double, double, double&, char*, int&) [3]
                2.31 5858.42 46713483/46713483     qlrpfl2(double*, int, int, prop_type&, propa_type&, propv_type&) [4]
               16.09    5.24 46713483/46713483     avar(double, double, double, prop_type&, propv_type&) [12]
                4.19    0.00 93426966/93426966     qerfi(double) [18]
                0.30    0.00 46713483/46713483     qlrps(double, double, double, int, double, double, prop_type&) [31]
-----------------------------------------------
                2.31 5858.42 46713483/46713483     point_to_point(double*, double, double, double, double, double, double, int, int, double, double, double&, char*, int&) [3]
[4]     96.2    2.31 5858.42 46713483         qlrpfl2(double*, int, int, prop_type&, propa_type&, propv_type&) [4]
             1205.60 3264.31 46713483/46713483     d1thx2(double*, double const&, double const&, propa_type&) [5]
             1097.02    0.00 46713483/46713483     hzns2(double*, prop_type&, propa_type&) [7]
              167.78    0.00 46712146/93425596     z1sq2(double*, double const&, double const&, double&, double&) [8]
                5.81  117.90 46713483/46713483     lrprop2(double, prop_type&, propa_type&) [9]
-----------------------------------------------
             1205.60 3264.31 46713483/46713483     qlrpfl2(double*, int, int, prop_type&, propa_type&, propv_type&) [4]
[5]     73.4 1205.60 3264.31 46713483         d1thx2(double*, double const&, double const&, propa_type&) [5]
             3096.52    0.00 93426900/93426900     qtile(int const&, double*, int const&) [6]
              167.79    0.00 46713450/93425596     z1sq2(double*, double const&, double const&, double&, double&) [8]
-----------------------------------------------
             3096.52    0.00 93426900/93426900     d1thx2(double*, double const&, double const&, propa_type&) [5]
[6]     50.8 3096.52    0.00 93426900         qtile(int const&, double*, int const&) [6]
-----------------------------------------------
             1097.02    0.00 46713483/46713483     qlrpfl2(double*, int, int, prop_type&, propa_type&, propv_type&) [4]
[7]     18.0 1097.02    0.00 46713483         hzns2(double*, prop_type&, propa_type&) [7]
-----------------------------------------------
              167.78    0.00 46712146/93425596     qlrpfl2(double*, int, int, prop_type&, propa_type&, propv_type&) [4]
              167.79    0.00 46713450/93425596     d1thx2(double*, double const&, double const&, propa_type&) [5]
[8]      5.5  335.57    0.00 93425596         z1sq2(double*, double const&, double const&, double&, double&) [8]
-----------------------------------------------
                5.81  117.90 46713483/46713483     qlrpfl2(double*, int, int, prop_type&, propa_type&, propv_type&) [4]
[9]      2.0    5.81  117.90 46713483         lrprop2(double, prop_type&, propa_type&) [9]
               51.39   61.92 233476037/233476037     adiff2(double, prop_type&, propa_type&) [10]
                2.86    1.55 50824356/50824356     ascat(double, prop_type&, propa_type&) [17]
                0.16    0.02 21346994/21346994     alos2(double, prop_type&, propa_type&) [32]
-----------------------------------------------
               51.39   61.92 233476037/233476037     lrprop2(double, prop_type&, propa_type&) [9]
[10]     1.9   51.39   61.92 233476037         adiff2(double, prop_type&, propa_type&) [10]
               58.46    0.00 140094751/140140394     saalos(double, prop_type&, propa_type&) [11]
                1.80    0.00 180743799/180743799     fht(double const&, double const&) [21]
                1.67    0.00 277985710/277985710     aknfe(double const&) [23]
-----------------------------------------------
                0.02    0.00   45643/140140394     alos2(double, prop_type&, propa_type&) [32]
               58.46    0.00 140094751/140140394     adiff2(double, prop_type&, propa_type&) [10]
[11]     1.0   58.48    0.00 140140394         saalos(double, prop_type&, propa_type&) [11]
-----------------------------------------------
               16.09    5.24 46713483/46713483     point_to_point(double*, double, double, double, double, double, double, int, int, double, double, double&, char*, int&) [3]
[12]     0.4   16.09    5.24 46713483         avar(double, double, double, prop_type&, propv_type&) [12]
                5.24    0.00 140140449/140140449     curve(double const&, double const&, double const&, double const&, double const&, double const&) [16]
-----------------------------------------------
                0.01    0.00      16/28816       AverageTerrain(site, double, double, double) [46]
               10.13    8.08   28800/28816       PlotLRPath(site, site, unsigned char, _IO_FILE*) [2]
[13]     0.3   10.13    8.08   28816         ReadPath(site, site) [13]
                7.55    0.00 123857878/123857897     GetElevation(site) [15]
                0.50    0.00 123799745/123799759     arccos(double, double) [27]
                0.03    0.00   28816/28816       Distance(site, site) [43]
                0.00    0.00   28816/46742299     Azimuth(site, site) [24]
-----------------------------------------------
                0.00    0.00    1865/164131625     PlaceMarker(site) [50]
                8.78    0.00 164129760/164131625     PlotLRPath(site, site, unsigned char, _IO_FILE*) [2]
[14]     0.1    8.78    0.00 164131625         OrMask(double, double, int) [14]
-----------------------------------------------
                0.00    0.00       1/123857897     haat(site) [48]
                0.00    0.00       2/123857897     SiteReport(site) [36]
                0.00    0.00      16/123857897     AverageTerrain(site, double, double, double) [46]
                7.55    0.00 123857878/123857897     ReadPath(site, site) [13]
[15]     0.1    7.55    0.00 123857897         GetElevation(site) [15]
-----------------------------------------------
                5.24    0.00 140140449/140140449     avar(double, double, double, prop_type&, propv_type&) [12]
[16]     0.1    5.24    0.00 140140449         curve(double const&, double const&, double const&, double const&, double const&, double const&) [16]
-----------------------------------------------
                2.86    1.55 50824356/50824356     lrprop2(double, prop_type&, propa_type&) [9]
[17]     0.1    2.86    1.55 50824356         ascat(double, prop_type&, propa_type&) [17]
                1.40    0.00 50824356/50824356     h0f(double, double) [25]
                0.15    0.00 25412178/25412178     ahd(double) [33]
-----------------------------------------------
                4.19    0.00 93426966/93426966     point_to_point(double*, double, double, double, double, double, double, int, int, double, double, double&, char*, int&) [3]
[18]     0.1    4.19    0.00 93426966         qerfi(double) [18]
-----------------------------------------------
                                                 <spontaneous>
[19]     0.1    3.34    0.00                 WritePPMLR(char*, unsigned char, unsigned char, unsigned char, site*, unsigned char) [19]
                0.00    0.00       2/6           ReduceAngle(double) [57]
                0.00    0.00       1/1           LoadLossColors(site) [60]
-----------------------------------------------
                3.22    0.00 46713483/46713483     PlotLRPath(site, site, unsigned char, _IO_FILE*) [2]
[20]     0.1    3.22    0.00 46713483         GetSignal(double, double) [20]
-----------------------------------------------
                1.80    0.00 180743799/180743799     adiff2(double, prop_type&, propa_type&) [10]
[21]     0.0    1.80    0.00 180743799         fht(double const&, double const&) [21]
-----------------------------------------------
                1.79    0.00 46713483/46713483     PlotLRPath(site, site, unsigned char, _IO_FILE*) [2]
[22]     0.0    1.79    0.00 46713483         PutMask(double, double, int) [22]
-----------------------------------------------
                1.67    0.00 277985710/277985710     adiff2(double, prop_type&, propa_type&) [10]
[23]     0.0    1.67    0.00 277985710         aknfe(double const&) [23]
-----------------------------------------------
                0.00    0.00   28816/46742299     ReadPath(site, site) [13]
                1.67    0.00 46713483/46742299     PlotLRPath(site, site, unsigned char, _IO_FILE*) [2]
[24]     0.0    1.67    0.00 46742299         Azimuth(site, site) [24]
-----------------------------------------------
                1.40    0.00 50824356/50824356     ascat(double, prop_type&, propa_type&) [17]
[25]     0.0    1.40    0.00 50824356         h0f(double, double) [25]
-----------------------------------------------
                1.07    0.00 46713483/46713483     PlotLRPath(site, site, unsigned char, _IO_FILE*) [2]
[26]     0.0    1.07    0.00 46713483         PutSignal(double, double, unsigned char) [26]
-----------------------------------------------
                0.00    0.00      14/123799759     AverageTerrain(site, double, double, double) [46]
                0.50    0.00 123799745/123799759     ReadPath(site, site) [13]
[27]     0.0    0.50    0.00 123799759         arccos(double, double) [27]
-----------------------------------------------
                0.05    0.44       5/5           LoadTopoData(int, int, int, int) [29]
[28]     0.0    0.05    0.44       5         LoadSDF(char*) [28]
                0.44    0.00       5/5           LoadSDF_SDF(char*) [30]
                0.00    0.00       2/2           LoadSDF_BZ(char*) [58]
-----------------------------------------------
                                                 <spontaneous>
[29]     0.0    0.00    0.49                 LoadTopoData(int, int, int, int) [29]
                0.05    0.44       5/5           LoadSDF(char*) [28]
                0.00    0.00       2/6           ReduceAngle(double) [57]
-----------------------------------------------
                0.44    0.00       5/5           LoadSDF(char*) [28]
[30]     0.0    0.44    0.00       5         LoadSDF_SDF(char*) [30]
-----------------------------------------------
                0.30    0.00 46713483/46713483     point_to_point(double*, double, double, double, double, double, double, int, int, double, double, double&, char*, int&) [3]
[31]     0.0    0.30    0.00 46713483         qlrps(double, double, double, int, double, double, prop_type&) [31]
-----------------------------------------------
                0.16    0.02 21346994/21346994     lrprop2(double, prop_type&, propa_type&) [9]
[32]     0.0    0.16    0.02 21346994         alos2(double, prop_type&, propa_type&) [32]
                0.02    0.00   45643/140140394     saalos(double, prop_type&, propa_type&) [11]
-----------------------------------------------
                0.15    0.00 25412178/25412178     ascat(double, prop_type&, propa_type&) [17]
[33]     0.0    0.15    0.00 25412178         ahd(double) [33]
-----------------------------------------------
                0.00    0.00    1457/164131217     PlaceMarker(site) [50]
                0.13    0.00 164129760/164131217     PlotLRPath(site, site, unsigned char, _IO_FILE*) [2]
[34]     0.0    0.13    0.00 164131217         GetMask(double, double) [34]
-----------------------------------------------
                                                 <spontaneous>
[35]     0.0    0.07    0.00                 adiff(double, prop_type&, propa_type&) [35]
-----------------------------------------------
                                                 <spontaneous>
[36]     0.0    0.00    0.06                 SiteReport(site) [36]
                0.05    0.00       2/2           dec2dms(double) [38]
                0.00    0.01       1/1           haat(site) [48]
                0.00    0.01       8/16          AverageTerrain(site, double, double, double) [46]
                0.00    0.00       2/123857897     GetElevation(site) [15]
-----------------------------------------------
                                                 <spontaneous>
[37]     0.0    0.06    0.00                 point_to_point_ITM(double*, double, double, double, double, double, double, int, int, double, double, double&, char*, int&) [37]
-----------------------------------------------
                0.05    0.00       2/2           SiteReport(site) [36]
[38]     0.0    0.05    0.00       2         dec2dms(double) [38]
-----------------------------------------------
                                                 <spontaneous>
[39]     0.0    0.05    0.00                 z1sq1(double*, double const&, double const&, double&, double&) [39]
-----------------------------------------------
                                                 <spontaneous>
[40]     0.0    0.04    0.00                 FORTRAN_DIM(double const&, double const&) [40]
-----------------------------------------------
                                                 <spontaneous>
[41]     0.0    0.04    0.00                 interpolate(int, int, int, int, int) [41]
-----------------------------------------------
                                                 <spontaneous>
[42]     0.0    0.04    0.00                 abq_alos(std::complex<double>) [42]
-----------------------------------------------
                0.03    0.00   28816/28816       ReadPath(site, site) [13]
[43]     0.0    0.03    0.00   28816         Distance(site, site) [43]
-----------------------------------------------
                                                 <spontaneous>
[44]     0.0    0.02    0.00                 lrprop(double, prop_type&, propa_type&) [44]
-----------------------------------------------
                                                 <spontaneous>
[45]     0.0    0.02    0.00                 qlrpfl(double*, int, int, prop_type&, propa_type&, propv_type&) [45]
-----------------------------------------------
                0.00    0.01       8/16          haat(site) [48]
                0.00    0.01       8/16          SiteReport(site) [36]
[46]     0.0    0.00    0.01      16         AverageTerrain(site, double, double, double) [46]
                0.01    0.00      16/28816       ReadPath(site, site) [13]
                0.00    0.00      16/123857897     GetElevation(site) [15]
                0.00    0.00      14/123799759     arccos(double, double) [27]
-----------------------------------------------
                                                 <spontaneous>
[47]     0.0    0.01    0.00                 hzns(double*, prop_type&) [47]
-----------------------------------------------
                0.00    0.01       1/1           SiteReport(site) [36]
[48]     0.0    0.00    0.01       1         haat(site) [48]
                0.00    0.01       8/16          AverageTerrain(site, double, double, double) [46]
                0.00    0.00       1/123857897     GetElevation(site) [15]
-----------------------------------------------
                                                 <spontaneous>
[49]     0.0    0.01    0.00                 d1thx(double*, double const&, double const&) [49]
-----------------------------------------------
                                                 <spontaneous>
[50]     0.0    0.00    0.00                 PlaceMarker(site) [50]
                0.00    0.00    1865/164131625     OrMask(double, double, int) [14]
                0.00    0.00    1457/164131217     GetMask(double, double) [34]
-----------------------------------------------
                0.00    0.00       2/6           PlotLRMap(site, double, char*) [1]
                0.00    0.00       2/6           WritePPMLR(char*, unsigned char, unsigned char, unsigned char, site*, unsigned char) [19]
                0.00    0.00       2/6           LoadTopoData(int, int, int, int) [29]
[57]     0.0    0.00    0.00       6         ReduceAngle(double) [57]
-----------------------------------------------
                0.00    0.00       2/2           LoadSDF(char*) [28]
[58]     0.0    0.00    0.00       2         LoadSDF_BZ(char*) [58]
-----------------------------------------------
                0.00    0.00       2/2           LoadQTH(char*) [92]
[59]     0.0    0.00    0.00       2         ReadBearing(char*) [59]
-----------------------------------------------
                0.00    0.00       1/1           WritePPMLR(char*, unsigned char, unsigned char, unsigned char, site*, unsigned char) [19]
[60]     0.0    0.00    0.00       1         LoadLossColors(site) [60]
-----------------------------------------------
                0.00    0.00       1/1           ReadLRParm(site, char) [65]
[61]     0.0    0.00    0.00       1         LoadPAT(char*) [61]
-----------------------------------------------

 This table describes the call tree of the program, and was sorted by
 the total amount of time spent in each function and its children.

 Each entry in this table consists of several lines.  The line with the
 index number at the left hand margin lists the current function.
 The lines above it list the functions that called this function,
 and the lines below it list the functions this one called.
 This line lists:
     index	A unique number given to each element of the table.
		Index numbers are sorted numerically.
		The index number is printed next to every function name so
		it is easier to look up where the function in the table.

     % time	This is the percentage of the `total' time that was spent
		in this function and its children.  Note that due to
		different viewpoints, functions excluded by options, etc,
		these numbers will NOT add up to 100%.

     self	This is the total amount of time spent in this function.

     children	This is the total amount of time propagated into this
		function by its children.

     called	This is the number of times the function was called.
		If the function called itself recursively, the number
		only includes non-recursive calls, and is followed by
		a `+' and the number of recursive calls.

     name	The name of the current function.  The index number is
		printed after it.  If the function is a member of a
		cycle, the cycle number is printed between the
		function's name and the index number.


 For the function's parents, the fields have the following meanings:

     self	This is the amount of time that was propagated directly
		from the function into this parent.

     children	This is the amount of time that was propagated from
		the function's children into this parent.

     called	This is the number of times this parent called the
		function `/' the total number of times the function
		was called.  Recursive calls to the function are not
		included in the number after the `/'.

     name	This is the name of the parent.  The parent's index
		number is printed after it.  If the parent is a
		member of a cycle, the cycle number is printed between
		the name and the index number.

 If the parents of the function cannot be determined, the word
 `<spontaneous>' is printed in the `name' field, and all the other
 fields are blank.

 For the function's children, the fields have the following meanings:

     self	This is the amount of time that was propagated directly
		from the child into the function.

     children	This is the amount of time that was propagated from the
		child's children to the function.

     called	This is the number of times the function called
		this child `/' the total number of times the child
		was called.  Recursive calls by the child are not
		listed in the number after the `/'.

     name	This is the name of the child.  The child's index
		number is printed after it.  If the child is a
		member of a cycle, the cycle number is printed
		between the name and the index number.

 If there are any cycles (circles) in the call graph, there is an
 entry for the cycle-as-a-whole.  This entry shows who called the
 cycle (as parents) and the members of the cycle (as children.)
 The `+' recursive calls entry shows the number of function calls that
 were internal to the cycle, and the calls entry for each member shows,
 for that member, how many times it was called from other members of
 the cycle.


Index by function name

  [58] LoadSDF_BZ(char*)      [47] hzns(double*, prop_type&) [45] qlrpfl(double*, int, int, prop_type&, propa_type&, propv_type&)
   [2] PlotLRPath(site, site, unsigned char, _IO_FILE*) [35] adiff(double, prop_type&, propa_type&) [11] saalos(double, prop_type&, propa_type&)
  [19] WritePPMLR(char*, unsigned char, unsigned char, unsigned char, site*, unsigned char) [23] aknfe(double const&) [24] Azimuth(site, site)
  [40] FORTRAN_DIM(double const&, double const&) [32] alos2(double, prop_type&, propa_type&) [34] GetMask(double, double)
  [30] LoadSDF_SDF(char*)     [17] ascat(double, prop_type&, propa_type&) [61] LoadPAT(char*)
  [59] ReadBearing(char*)     [16] curve(double const&, double const&, double const&, double const&, double const&, double const&) [28] LoadSDF(char*)
  [57] ReduceAngle(double)    [49] d1thx(double*, double const&, double const&) [22] PutMask(double, double, int)
  [41] interpolate(int, int, int, int, int) [7] hzns2(double*, prop_type&, propa_type&) [38] dec2dms(double)
  [15] GetElevation(site)     [18] qerfi(double)           [9] lrprop2(double, prop_type&, propa_type&)
  [46] AverageTerrain(site, double, double, double) [31] qlrps(double, double, double, int, double, double, prop_type&) [4] qlrpfl2(double*, int, int, prop_type&, propa_type&, propv_type&)
  [60] LoadLossColors(site)    [6] qtile(int const&, double*, int const&) [43] Distance(site, site)
   [3] point_to_point(double*, double, double, double, double, double, double, int, int, double, double, double&, char*, int&) [39] z1sq1(double*, double const&, double const&, double&, double&) [13] ReadPath(site, site)
  [37] point_to_point_ITM(double*, double, double, double, double, double, double, int, int, double, double, double&, char*, int&) [8] z1sq2(double*, double const&, double const&, double&, double&) [42] abq_alos(std::complex<double>)
  [33] ahd(double)            [14] OrMask(double, double, int) [20] GetSignal(double, double)
  [21] fht(double const&, double const&) [10] adiff2(double, prop_type&, propa_type&) [1] PlotLRMap(site, double, char*)
  [25] h0f(double, double)    [27] arccos(double, double) [26] PutSignal(double, double, unsigned char)
  [12] avar(double, double, double, prop_type&, propv_type&) [5] d1thx2(double*, double const&, double const&, propa_type&)
  [48] haat(site)             [44] lrprop(double, prop_type&, propa_type&)
