Run with 79 miles:
Flat profile:

Each sample counts as 0.01 seconds.
  %   cumulative   self              self     total           
 time   seconds   seconds    calls  ms/call  ms/call  name    
 48.75   2475.40  2475.40 85657404     0.03     0.03  qtile(int const&, double*, int const&)
 20.44   3513.18  1037.78 42828735     0.02     0.09  d1thx2(double*, double const&, double const&, propa_type&)
 18.75   4465.46   952.28 42828735     0.02     0.02  hzns2(double*, prop_type&, propa_type&)
  5.78   4759.00   293.54 85656100     0.00     0.00  z1sq2(double*, double const&, double const&, double&, double&)
  2.77   4899.87   140.87 42828735     0.00     0.12  point_to_point(double*, double, double, double, double, double, double, int, int, double, double, double&, char*, int&)
  1.01   4951.31    51.43 128486150     0.00     0.00  saalos(double, prop_type&, propa_type&)
  0.94   4999.14    47.84 214052297     0.00     0.00  adiff2(double, prop_type&, propa_type&)
  0.27   5013.07    13.93 42828735     0.00     0.00  avar(double, double, double, prop_type&, propv_type&)
  0.16   5021.36     8.29 123857897     0.00     0.00  GetElevation(site)
  0.15   5029.23     7.87 154790594     0.00     0.00  OrMask(double, double, int)
  0.15   5036.61     7.38    28816     0.26     0.56  ReadPath(site, site)
  0.11   5042.37     5.76    28800     0.20   176.20  PlotLRPath(site, site, unsigned char, _IO_FILE*)
  0.10   5047.36     4.99 42828735     0.00     0.00  lrprop2(double, prop_type&, propa_type&)
  0.10   5052.34     4.98 128486205     0.00     0.00  curve(double const&, double const&, double const&, double const&, double const&, double const&)
  0.08   5056.22     3.89 85657470     0.00     0.00  qerfi(double)
  0.07   5059.61     3.39                             WritePPMLR(char*, unsigned char, unsigned char, unsigned char, site*, unsigned char)
  0.06   5062.67     3.06 42828735     0.00     0.00  GetSignal(double, double)
  0.06   5065.56     2.89 43054896     0.00     0.00  ascat(double, prop_type&, propa_type&)
  0.04   5067.63     2.08 165205049     0.00     0.00  fht(double const&, double const&)
  0.04   5069.60     1.97 42828735     0.00     0.11  qlrpfl2(double*, int, int, prop_type&, propa_type&, propv_type&)
  0.04   5071.41     1.81 42857551     0.00     0.00  Azimuth(site, site)
  0.03   5073.10     1.69 42828735     0.00     0.00  PutMask(double, double, int)
  0.03   5074.64     1.54 254677222     0.00     0.00  aknfe(double const&)
  0.02   5075.59     0.96 43054896     0.00     0.00  h0f(double, double)
  0.02   5076.50     0.91 42828735     0.00     0.00  PutSignal(double, double, unsigned char)
  0.01   5077.01     0.51 123799759     0.00     0.00  arccos(double, double)
  0.01   5077.35     0.34 42828735     0.00     0.00  qlrps(double, double, double, int, double, double, prop_type&)
  0.00   5077.60     0.25 21527448     0.00     0.00  ahd(double)
  0.00   5077.85     0.25        5    50.00    50.00  LoadSDF_SDF(char*)
  0.00   5077.97     0.12 154790186     0.00     0.00  GetMask(double, double)
  0.00   5078.07     0.10                             interpolate(int, int, int, int, int)
  0.00   5078.14     0.08 21346976     0.00     0.00  alos2(double, prop_type&, propa_type&)
  0.00   5078.21     0.07                             adiff(double, prop_type&, propa_type&)
  0.00   5078.27     0.06                             FORTRAN_DIM(double const&, double const&)
  0.00   5078.32     0.05        5    10.00    60.00  LoadSDF(char*)
  0.00   5078.36     0.04                             z1sq1(double*, double const&, double const&, double&, double&)
  0.00   5078.39     0.03    28816     0.00     0.00  Distance(site, site)
  0.00   5078.41     0.02        2    10.00    10.00  dec2dms(double)
  0.00   5078.43     0.02                             lrprop(double, prop_type&, propa_type&)
  0.00   5078.45     0.02                             abq_alos(std::complex<double>)
  0.00   5078.46     0.02                             alos(double, prop_type&, propa_type&)
  0.00   5078.48     0.02                             hzns(double*, prop_type&)
  0.00   5078.49     0.02                             d1thx(double*, double const&, double const&)
  0.00   5078.50     0.01                             AddElevation(double, double, double)
  0.00   5078.51     0.01                             point_to_point_ITM(double*, double, double, double, double, double, double, int, int, double, double, double&, char*, int&)
  0.00   5078.52     0.01                             qlrpfl(double*, int, int, prop_type&, propa_type&, propv_type&)
  0.00   5078.52     0.00       16     0.00     0.56  AverageTerrain(site, double, double, double)
  0.00   5078.52     0.00        6     0.00     0.00  ReduceAngle(double)
  0.00   5078.52     0.00        2     0.00     0.00  LoadSDF_BZ(char*)
  0.00   5078.52     0.00        2     0.00     0.00  ReadBearing(char*)
  0.00   5078.52     0.00        1     0.00     0.00  LoadLossColors(site)
  0.00   5078.52     0.00        1     0.00     4.50  haat(site)
  0.00   5078.52     0.00        1     0.00     0.00  LoadPAT(char*)

 %         the percentage of the total running time of the
time       program used by this function.

cumulative a running sum of the number of seconds accounted
 seconds   for by this function and those listed above it.

 self      the number of seconds accounted for by this
seconds    function alone.  This is the major sort for this
           listing.

calls      the number of times this function was invoked, if
           this function is profiled, else blank.
 
 self      the average number of milliseconds spent in this
ms/call    function per call, if this function is profiled,
	   else blank.

 total     the average number of milliseconds spent in this
ms/call    function and its descendents per call, if this 
	   function is profiled, else blank.

name       the name of the function.  This is the minor sort
           for this listing. The index shows the location of
	   the function in the gprof listing. If the index is
	   in parenthesis it shows where it would appear in
	   the gprof listing if it were to be printed.

		     Call graph (explanation follows)


granularity: each sample hit covers 2 byte(s) for 0.00% of 5078.52 seconds

index % time    self  children    called     name
                5.76 5068.67   28800/28800       PlotLRMap(site, double, char*) [2]
[1]     99.9    5.76 5068.67   28800         PlotLRPath(site, site, unsigned char, _IO_FILE*) [1]
              140.87 4896.13 42828735/42828735     point_to_point(double*, double, double, double, double, double, double, int, int, double, double, double&, char*, int&) [3]
                7.38    8.83   28800/28816       ReadPath(site, site) [13]
                7.87    0.00 154788729/154790594     OrMask(double, double, int) [15]
                3.06    0.00 42828735/42828735     GetSignal(double, double) [20]
                1.81    0.00 42828735/42857551     Azimuth(site, site) [22]
                1.69    0.00 42828735/42828735     PutMask(double, double, int) [23]
                0.91    0.00 42828735/42828735     PutSignal(double, double, unsigned char) [26]
                0.12    0.00 154788729/154790186     GetMask(double, double) [33]
-----------------------------------------------
                                                 <spontaneous>
[2]     99.9    0.00 5074.43                 PlotLRMap(site, double, char*) [2]
                5.76 5068.67   28800/28800       PlotLRPath(site, site, unsigned char, _IO_FILE*) [1]
                0.00    0.00       2/6           ReduceAngle(double) [59]
-----------------------------------------------
              140.87 4896.13 42828735/42828735     PlotLRPath(site, site, unsigned char, _IO_FILE*) [1]
[3]     99.2  140.87 4896.13 42828735         point_to_point(double*, double, double, double, double, double, double, int, int, double, double, double&, char*, int&) [3]
                1.97 4871.04 42828735/42828735     qlrpfl2(double*, int, int, prop_type&, propa_type&, propv_type&) [4]
               13.93    4.98 42828735/42828735     avar(double, double, double, prop_type&, propv_type&) [12]
                3.89    0.00 85657470/85657470     qerfi(double) [18]
                0.34    0.00 42828735/42828735     qlrps(double, double, double, int, double, double, prop_type&) [28]
-----------------------------------------------
                1.97 4871.04 42828735/42828735     point_to_point(double*, double, double, double, double, double, double, int, int, double, double, double&, char*, int&) [3]
[4]     96.0    1.97 4871.04 42828735         qlrpfl2(double*, int, int, prop_type&, propa_type&, propv_type&) [4]
             1037.78 2622.17 42828735/42828735     d1thx2(double*, double const&, double const&, propa_type&) [5]
              952.28    0.00 42828735/42828735     hzns2(double*, prop_type&, propa_type&) [7]
              146.77    0.00 42827398/85656100     z1sq2(double*, double const&, double const&, double&, double&) [8]
                4.99  107.05 42828735/42828735     lrprop2(double, prop_type&, propa_type&) [9]
-----------------------------------------------
             1037.78 2622.17 42828735/42828735     qlrpfl2(double*, int, int, prop_type&, propa_type&, propv_type&) [4]
[5]     72.1 1037.78 2622.17 42828735         d1thx2(double*, double const&, double const&, propa_type&) [5]
             2475.40    0.00 85657404/85657404     qtile(int const&, double*, int const&) [6]
              146.77    0.00 42828702/85656100     z1sq2(double*, double const&, double const&, double&, double&) [8]
-----------------------------------------------
             2475.40    0.00 85657404/85657404     d1thx2(double*, double const&, double const&, propa_type&) [5]
[6]     48.7 2475.40    0.00 85657404         qtile(int const&, double*, int const&) [6]
-----------------------------------------------
              952.28    0.00 42828735/42828735     qlrpfl2(double*, int, int, prop_type&, propa_type&, propv_type&) [4]
[7]     18.8  952.28    0.00 42828735         hzns2(double*, prop_type&, propa_type&) [7]
-----------------------------------------------
              146.77    0.00 42827398/85656100     qlrpfl2(double*, int, int, prop_type&, propa_type&, propv_type&) [4]
              146.77    0.00 42828702/85656100     d1thx2(double*, double const&, double const&, propa_type&) [5]
[8]      5.8  293.54    0.00 85656100         z1sq2(double*, double const&, double const&, double&, double&) [8]
-----------------------------------------------
                4.99  107.05 42828735/42828735     qlrpfl2(double*, int, int, prop_type&, propa_type&, propv_type&) [4]
[9]      2.2    4.99  107.05 42828735         lrprop2(double, prop_type&, propa_type&) [9]
               47.84   55.03 214052297/214052297     adiff2(double, prop_type&, propa_type&) [10]
                2.89    1.21 43054896/43054896     ascat(double, prop_type&, propa_type&) [17]
                0.08    0.02 21346976/21346976     alos2(double, prop_type&, propa_type&) [35]
-----------------------------------------------
               47.84   55.03 214052297/214052297     lrprop2(double, prop_type&, propa_type&) [9]
[10]     2.0   47.84   55.03 214052297         adiff2(double, prop_type&, propa_type&) [10]
               51.41    0.00 128440507/128486150     saalos(double, prop_type&, propa_type&) [11]
                2.08    0.00 165205049/165205049     fht(double const&, double const&) [21]
                1.54    0.00 254677222/254677222     aknfe(double const&) [24]
-----------------------------------------------
                0.02    0.00   45643/128486150     alos2(double, prop_type&, propa_type&) [35]
               51.41    0.00 128440507/128486150     adiff2(double, prop_type&, propa_type&) [10]
[11]     1.0   51.43    0.00 128486150         saalos(double, prop_type&, propa_type&) [11]
-----------------------------------------------
               13.93    4.98 42828735/42828735     point_to_point(double*, double, double, double, double, double, double, int, int, double, double, double&, char*, int&) [3]
[12]     0.4   13.93    4.98 42828735         avar(double, double, double, prop_type&, propv_type&) [12]
                4.98    0.00 128486205/128486205     curve(double const&, double const&, double const&, double const&, double const&, double const&) [16]
-----------------------------------------------
                0.00    0.00      16/28816       AverageTerrain(site, double, double, double) [49]
                7.38    8.83   28800/28816       PlotLRPath(site, site, unsigned char, _IO_FILE*) [1]
[13]     0.3    7.38    8.83   28816         ReadPath(site, site) [13]
                8.29    0.00 123857878/123857897     GetElevation(site) [14]
                0.51    0.00 123799745/123799759     arccos(double, double) [27]
                0.03    0.00   28816/28816       Distance(site, site) [39]
                0.00    0.00   28816/42857551     Azimuth(site, site) [22]
-----------------------------------------------
                0.00    0.00       1/123857897     haat(site) [51]
                0.00    0.00       2/123857897     SiteReport(site) [40]
                0.00    0.00      16/123857897     AverageTerrain(site, double, double, double) [49]
                8.29    0.00 123857878/123857897     ReadPath(site, site) [13]
[14]     0.2    8.29    0.00 123857897         GetElevation(site) [14]
-----------------------------------------------
                0.00    0.00    1865/154790594     PlaceMarker(site) [52]
                7.87    0.00 154788729/154790594     PlotLRPath(site, site, unsigned char, _IO_FILE*) [1]
[15]     0.2    7.87    0.00 154790594         OrMask(double, double, int) [15]
-----------------------------------------------
                4.98    0.00 128486205/128486205     avar(double, double, double, prop_type&, propv_type&) [12]
[16]     0.1    4.98    0.00 128486205         curve(double const&, double const&, double const&, double const&, double const&, double const&) [16]
-----------------------------------------------
                2.89    1.21 43054896/43054896     lrprop2(double, prop_type&, propa_type&) [9]
[17]     0.1    2.89    1.21 43054896         ascat(double, prop_type&, propa_type&) [17]
                0.96    0.00 43054896/43054896     h0f(double, double) [25]
                0.25    0.00 21527448/21527448     ahd(double) [31]
-----------------------------------------------
                3.89    0.00 85657470/85657470     point_to_point(double*, double, double, double, double, double, double, int, int, double, double, double&, char*, int&) [3]
[18]     0.1    3.89    0.00 85657470         qerfi(double) [18]
-----------------------------------------------
                                                 <spontaneous>
[19]     0.1    3.39    0.00                 WritePPMLR(char*, unsigned char, unsigned char, unsigned char, site*, unsigned char) [19]
                0.00    0.00       2/6           ReduceAngle(double) [59]
                0.00    0.00       1/1           LoadLossColors(site) [62]
-----------------------------------------------
                3.06    0.00 42828735/42828735     PlotLRPath(site, site, unsigned char, _IO_FILE*) [1]
[20]     0.1    3.06    0.00 42828735         GetSignal(double, double) [20]
-----------------------------------------------
                2.08    0.00 165205049/165205049     adiff2(double, prop_type&, propa_type&) [10]
[21]     0.0    2.08    0.00 165205049         fht(double const&, double const&) [21]
-----------------------------------------------
                0.00    0.00   28816/42857551     ReadPath(site, site) [13]
                1.81    0.00 42828735/42857551     PlotLRPath(site, site, unsigned char, _IO_FILE*) [1]
[22]     0.0    1.81    0.00 42857551         Azimuth(site, site) [22]
-----------------------------------------------
                1.69    0.00 42828735/42828735     PlotLRPath(site, site, unsigned char, _IO_FILE*) [1]
[23]     0.0    1.69    0.00 42828735         PutMask(double, double, int) [23]
-----------------------------------------------
                1.54    0.00 254677222/254677222     adiff2(double, prop_type&, propa_type&) [10]
[24]     0.0    1.54    0.00 254677222         aknfe(double const&) [24]
-----------------------------------------------
                0.96    0.00 43054896/43054896     ascat(double, prop_type&, propa_type&) [17]
[25]     0.0    0.96    0.00 43054896         h0f(double, double) [25]
-----------------------------------------------
                0.91    0.00 42828735/42828735     PlotLRPath(site, site, unsigned char, _IO_FILE*) [1]
[26]     0.0    0.91    0.00 42828735         PutSignal(double, double, unsigned char) [26]
-----------------------------------------------
                0.00    0.00      14/123799759     AverageTerrain(site, double, double, double) [49]
                0.51    0.00 123799745/123799759     ReadPath(site, site) [13]
[27]     0.0    0.51    0.00 123799759         arccos(double, double) [27]
-----------------------------------------------
                0.34    0.00 42828735/42828735     point_to_point(double*, double, double, double, double, double, double, int, int, double, double, double&, char*, int&) [3]
[28]     0.0    0.34    0.00 42828735         qlrps(double, double, double, int, double, double, prop_type&) [28]
-----------------------------------------------
                0.05    0.25       5/5           LoadTopoData(int, int, int, int) [30]
[29]     0.0    0.05    0.25       5         LoadSDF(char*) [29]
                0.25    0.00       5/5           LoadSDF_SDF(char*) [32]
                0.00    0.00       2/2           LoadSDF_BZ(char*) [60]
-----------------------------------------------
                                                 <spontaneous>
[30]     0.0    0.00    0.30                 LoadTopoData(int, int, int, int) [30]
                0.05    0.25       5/5           LoadSDF(char*) [29]
                0.00    0.00       2/6           ReduceAngle(double) [59]
-----------------------------------------------
                0.25    0.00 21527448/21527448     ascat(double, prop_type&, propa_type&) [17]
[31]     0.0    0.25    0.00 21527448         ahd(double) [31]
-----------------------------------------------
                0.25    0.00       5/5           LoadSDF(char*) [29]
[32]     0.0    0.25    0.00       5         LoadSDF_SDF(char*) [32]
-----------------------------------------------
                0.00    0.00    1457/154790186     PlaceMarker(site) [52]
                0.12    0.00 154788729/154790186     PlotLRPath(site, site, unsigned char, _IO_FILE*) [1]
[33]     0.0    0.12    0.00 154790186         GetMask(double, double) [33]
-----------------------------------------------
                                                 <spontaneous>
[34]     0.0    0.10    0.00                 interpolate(int, int, int, int, int) [34]
-----------------------------------------------
                0.08    0.02 21346976/21346976     lrprop2(double, prop_type&, propa_type&) [9]
[35]     0.0    0.08    0.02 21346976         alos2(double, prop_type&, propa_type&) [35]
                0.02    0.00   45643/128486150     saalos(double, prop_type&, propa_type&) [11]
-----------------------------------------------
                                                 <spontaneous>
[36]     0.0    0.07    0.00                 adiff(double, prop_type&, propa_type&) [36]
-----------------------------------------------
                                                 <spontaneous>
[37]     0.0    0.06    0.00                 FORTRAN_DIM(double const&, double const&) [37]
-----------------------------------------------
                                                 <spontaneous>
[38]     0.0    0.04    0.00                 z1sq1(double*, double const&, double const&, double&, double&) [38]
-----------------------------------------------
                0.03    0.00   28816/28816       ReadPath(site, site) [13]
[39]     0.0    0.03    0.00   28816         Distance(site, site) [39]
-----------------------------------------------
                                                 <spontaneous>
[40]     0.0    0.00    0.03                 SiteReport(site) [40]
                0.02    0.00       2/2           dec2dms(double) [41]
                0.00    0.00       1/1           haat(site) [51]
                0.00    0.00       8/16          AverageTerrain(site, double, double, double) [49]
                0.00    0.00       2/123857897     GetElevation(site) [14]
-----------------------------------------------
                0.02    0.00       2/2           SiteReport(site) [40]
[41]     0.0    0.02    0.00       2         dec2dms(double) [41]
-----------------------------------------------
                                                 <spontaneous>
[42]     0.0    0.02    0.00                 lrprop(double, prop_type&, propa_type&) [42]
-----------------------------------------------
                                                 <spontaneous>
[43]     0.0    0.02    0.00                 abq_alos(std::complex<double>) [43]
-----------------------------------------------
                                                 <spontaneous>
[44]     0.0    0.02    0.00                 alos(double, prop_type&, propa_type&) [44]
-----------------------------------------------
                                                 <spontaneous>
[45]     0.0    0.02    0.00                 hzns(double*, prop_type&) [45]
-----------------------------------------------
                                                 <spontaneous>
[46]     0.0    0.02    0.00                 d1thx(double*, double const&, double const&) [46]
-----------------------------------------------
                                                 <spontaneous>
[47]     0.0    0.01    0.00                 AddElevation(double, double, double) [47]
-----------------------------------------------
                                                 <spontaneous>
[48]     0.0    0.01    0.00                 point_to_point_ITM(double*, double, double, double, double, double, double, int, int, double, double, double&, char*, int&) [48]
-----------------------------------------------
                0.00    0.00       8/16          haat(site) [51]
                0.00    0.00       8/16          SiteReport(site) [40]
[49]     0.0    0.00    0.01      16         AverageTerrain(site, double, double, double) [49]
                0.00    0.00      16/28816       ReadPath(site, site) [13]
                0.00    0.00      16/123857897     GetElevation(site) [14]
                0.00    0.00      14/123799759     arccos(double, double) [27]
-----------------------------------------------
                                                 <spontaneous>
[50]     0.0    0.01    0.00                 qlrpfl(double*, int, int, prop_type&, propa_type&, propv_type&) [50]
-----------------------------------------------
                0.00    0.00       1/1           SiteReport(site) [40]
[51]     0.0    0.00    0.00       1         haat(site) [51]
                0.00    0.00       8/16          AverageTerrain(site, double, double, double) [49]
                0.00    0.00       1/123857897     GetElevation(site) [14]
-----------------------------------------------
                                                 <spontaneous>
[52]     0.0    0.00    0.00                 PlaceMarker(site) [52]
                0.00    0.00    1865/154790594     OrMask(double, double, int) [15]
                0.00    0.00    1457/154790186     GetMask(double, double) [33]
-----------------------------------------------
                0.00    0.00       2/6           PlotLRMap(site, double, char*) [2]
                0.00    0.00       2/6           WritePPMLR(char*, unsigned char, unsigned char, unsigned char, site*, unsigned char) [19]
                0.00    0.00       2/6           LoadTopoData(int, int, int, int) [30]
[59]     0.0    0.00    0.00       6         ReduceAngle(double) [59]
-----------------------------------------------
                0.00    0.00       2/2           LoadSDF(char*) [29]
[60]     0.0    0.00    0.00       2         LoadSDF_BZ(char*) [60]
-----------------------------------------------
                0.00    0.00       2/2           LoadQTH(char*) [92]
[61]     0.0    0.00    0.00       2         ReadBearing(char*) [61]
-----------------------------------------------
                0.00    0.00       1/1           WritePPMLR(char*, unsigned char, unsigned char, unsigned char, site*, unsigned char) [19]
[62]     0.0    0.00    0.00       1         LoadLossColors(site) [62]
-----------------------------------------------
                0.00    0.00       1/1           ReadLRParm(site, char) [67]
[63]     0.0    0.00    0.00       1         LoadPAT(char*) [63]
-----------------------------------------------

 This table describes the call tree of the program, and was sorted by
 the total amount of time spent in each function and its children.

 Each entry in this table consists of several lines.  The line with the
 index number at the left hand margin lists the current function.
 The lines above it list the functions that called this function,
 and the lines below it list the functions this one called.
 This line lists:
     index	A unique number given to each element of the table.
		Index numbers are sorted numerically.
		The index number is printed next to every function name so
		it is easier to look up where the function in the table.

     % time	This is the percentage of the `total' time that was spent
		in this function and its children.  Note that due to
		different viewpoints, functions excluded by options, etc,
		these numbers will NOT add up to 100%.

     self	This is the total amount of time spent in this function.

     children	This is the total amount of time propagated into this
		function by its children.

     called	This is the number of times the function was called.
		If the function called itself recursively, the number
		only includes non-recursive calls, and is followed by
		a `+' and the number of recursive calls.

     name	The name of the current function.  The index number is
		printed after it.  If the function is a member of a
		cycle, the cycle number is printed between the
		function's name and the index number.


 For the function's parents, the fields have the following meanings:

     self	This is the amount of time that was propagated directly
		from the function into this parent.

     children	This is the amount of time that was propagated from
		the function's children into this parent.

     called	This is the number of times this parent called the
		function `/' the total number of times the function
		was called.  Recursive calls to the function are not
		included in the number after the `/'.

     name	This is the name of the parent.  The parent's index
		number is printed after it.  If the parent is a
		member of a cycle, the cycle number is printed between
		the name and the index number.

 If the parents of the function cannot be determined, the word
 `<spontaneous>' is printed in the `name' field, and all the other
 fields are blank.

 For the function's children, the fields have the following meanings:

     self	This is the amount of time that was propagated directly
		from the child into the function.

     children	This is the amount of time that was propagated from the
		child's children to the function.

     called	This is the number of times the function called
		this child `/' the total number of times the child
		was called.  Recursive calls by the child are not
		listed in the number after the `/'.

     name	This is the name of the child.  The child's index
		number is printed after it.  If the child is a
		member of a cycle, the cycle number is printed
		between the name and the index number.

 If there are any cycles (circles) in the call graph, there is an
 entry for the cycle-as-a-whole.  This entry shows who called the
 cycle (as parents) and the members of the cycle (as children.)
 The `+' recursive calls entry shows the number of function calls that
 were internal to the cycle, and the calls entry for each member shows,
 for that member, how many times it was called from other members of
 the cycle.


Index by function name

  [60] LoadSDF_BZ(char*)      [12] avar(double, double, double, prop_type&, propv_type&) [5] d1thx2(double*, double const&, double const&, propa_type&)
   [1] PlotLRPath(site, site, unsigned char, _IO_FILE*) [51] haat(site) [42] lrprop(double, prop_type&, propa_type&)
  [19] WritePPMLR(char*, unsigned char, unsigned char, unsigned char, site*, unsigned char) [45] hzns(double*, prop_type&) [50] qlrpfl(double*, int, int, prop_type&, propa_type&, propv_type&)
  [37] FORTRAN_DIM(double const&, double const&) [36] adiff(double, prop_type&, propa_type&) [11] saalos(double, prop_type&, propa_type&)
  [32] LoadSDF_SDF(char*)     [24] aknfe(double const&)   [22] Azimuth(site, site)
  [61] ReadBearing(char*)     [35] alos2(double, prop_type&, propa_type&) [33] GetMask(double, double)
  [59] ReduceAngle(double)    [17] ascat(double, prop_type&, propa_type&) [63] LoadPAT(char*)
  [34] interpolate(int, int, int, int, int) [16] curve(double const&, double const&, double const&, double const&, double const&, double const&) [29] LoadSDF(char*)
  [47] AddElevation(double, double, double) [46] d1thx(double*, double const&, double const&) [23] PutMask(double, double, int)
  [14] GetElevation(site)      [7] hzns2(double*, prop_type&, propa_type&) [41] dec2dms(double)
  [49] AverageTerrain(site, double, double, double) [18] qerfi(double) [9] lrprop2(double, prop_type&, propa_type&)
  [62] LoadLossColors(site)   [28] qlrps(double, double, double, int, double, double, prop_type&) [4] qlrpfl2(double*, int, int, prop_type&, propa_type&, propv_type&)
   [3] point_to_point(double*, double, double, double, double, double, double, int, int, double, double, double&, char*, int&) [6] qtile(int const&, double*, int const&) [39] Distance(site, site)
  [48] point_to_point_ITM(double*, double, double, double, double, double, double, int, int, double, double, double&, char*, int&) [38] z1sq1(double*, double const&, double const&, double&, double&) [13] ReadPath(site, site)
  [31] ahd(double)             [8] z1sq2(double*, double const&, double const&, double&, double&) [43] abq_alos(std::complex<double>)
  [21] fht(double const&, double const&) [15] OrMask(double, double, int) [20] GetSignal(double, double)
  [25] h0f(double, double)    [10] adiff2(double, prop_type&, propa_type&) [26] PutSignal(double, double, unsigned char)
  [44] alos(double, prop_type&, propa_type&) [27] arccos(double, double)
