Run with 20 miles:
Flat profile:

Each sample counts as 0.01 seconds.
  %   cumulative   self              self     total           
 time   seconds   seconds    calls  ms/call  ms/call  name    
 33.04     51.34    51.34  8361178     0.01     0.01  qtile(int const&, double*, int const&)
 19.08     80.99    29.65  4180622     0.01     0.02  d1thx2(double*, double const&, double const&, propa_type&)
 17.72    108.52    27.53  4180622     0.01     0.01  hzns2(double*, prop_type&, propa_type&)
  5.67    117.33     8.81  8359874     0.00     0.00  z1sq2(double*, double const&, double const&, double&, double&)
  4.95    125.02     7.69 123857897     0.00     0.00  GetElevation(site)
  4.76    132.42     7.40    28816     0.26     0.54  ReadPath(site, site)
  3.30    137.55     5.13 12541817     0.00     0.00  saalos(double, prop_type&, propa_type&)
  3.05    142.30     4.75 20817190     0.00     0.00  adiff2(double, prop_type&, propa_type&)
  2.28    145.85     3.55  4180622     0.00     0.03  point_to_point(double*, double, double, double, double, double, double, int, int, double, double, double&, char*, int&)
  1.83    148.69     2.84                             WritePPMLR(char*, unsigned char, unsigned char, unsigned char, site*, unsigned char)
  0.89    150.07     1.38 37229380     0.00     0.00  OrMask(double, double, int)
  0.88    151.44     1.37  4180622     0.00     0.00  avar(double, double, double, prop_type&, propv_type&)
  0.55    152.29     0.85    28800     0.03     5.28  PlotLRPath(site, site, unsigned char, _IO_FILE*)
  0.26    152.69     0.40 123799759     0.00     0.00  arccos(double, double)
  0.23    153.05     0.36 12541866     0.00     0.00  curve(double const&, double const&, double const&, double const&, double const&, double const&)
  0.23    153.40     0.35  4180622     0.00     0.00  lrprop2(double, prop_type&, propa_type&)
  0.23    153.75     0.35  4180622     0.00     0.00  GetSignal(double, double)
  0.21    154.07     0.32  8361244     0.00     0.00  qerfi(double)
  0.16    154.32     0.25  4180622     0.00     0.03  qlrpfl2(double*, int, int, prop_type&, propa_type&, propv_type&)
  0.13    154.52     0.20 24702229     0.00     0.00  aknfe(double const&)
  0.13    154.72     0.20        5    40.00    40.00  LoadSDF_SDF(char*)
  0.10    154.88     0.16  4209438     0.00     0.00  Azimuth(site, site)
  0.09    155.02     0.14  4180622     0.00     0.00  PutMask(double, double, int)
  0.06    155.11     0.10  4223582     0.00     0.00  alos2(double, prop_type&, propa_type&)
  0.06    155.20     0.09 15445677     0.00     0.00  fht(double const&, double const&)
  0.04    155.26     0.06        5    12.00    52.00  LoadSDF(char*)
  0.03    155.31     0.05                             interpolate(int, int, int, int, int)
  0.01    155.33     0.02  4180622     0.00     0.00  qlrps(double, double, double, int, double, double, prop_type&)
  0.01    155.35     0.02  4180622     0.00     0.00  PutSignal(double, double, unsigned char)
  0.01    155.37     0.02                             z1sq1(double*, double const&, double const&, double&, double&)
  0.01    155.38     0.01                             point_to_point_ITM(double*, double, double, double, double, double, double, int, int, double, double, double&, char*, int&)
  0.01    155.39     0.01                             hzns(double*, prop_type&)
  0.00    155.40     0.01                             alos(double, prop_type&, propa_type&)
  0.00    155.40     0.01                             adiff(double, prop_type&, propa_type&)
  0.00    155.41     0.01                             d1thx(double*, double const&, double const&)
  0.00    155.41     0.00 37228972     0.00     0.00  GetMask(double, double)
  0.00    155.41     0.00    28816     0.00     0.00  Distance(site, site)
  0.00    155.41     0.00       16     0.00     0.54  AverageTerrain(site, double, double, double)
  0.00    155.41     0.00        6     0.00     0.00  ReduceAngle(double)
  0.00    155.41     0.00        2     0.00     0.00  LoadSDF_BZ(char*)
  0.00    155.41     0.00        2     0.00     0.00  ReadBearing(char*)
  0.00    155.41     0.00        2     0.00     0.00  dec2dms(double)
  0.00    155.41     0.00        1     0.00     0.00  LoadLossColors(site)
  0.00    155.41     0.00        1     0.00     4.30  haat(site)
  0.00    155.41     0.00        1     0.00     0.00  LoadPAT(char*)

 %         the percentage of the total running time of the
time       program used by this function.

cumulative a running sum of the number of seconds accounted
 seconds   for by this function and those listed above it.

 self      the number of seconds accounted for by this
seconds    function alone.  This is the major sort for this
           listing.

calls      the number of times this function was invoked, if
           this function is profiled, else blank.
 
 self      the average number of milliseconds spent in this
ms/call    function per call, if this function is profiled,
	   else blank.

 total     the average number of milliseconds spent in this
ms/call    function and its descendents per call, if this 
	   function is profiled, else blank.

name       the name of the function.  This is the minor sort
           for this listing. The index shows the location of
	   the function in the gprof listing. If the index is
	   in parenthesis it shows where it would appear in
	   the gprof listing if it were to be printed.

		     Call graph (explanation follows)


granularity: each sample hit covers 2 byte(s) for 0.01% of 155.41 seconds

index % time    self  children    called     name
                0.85  151.35   28800/28800       PlotLRMap(site, double, char*) [2]
[1]     97.9    0.85  151.35   28800         PlotLRPath(site, site, unsigned char, _IO_FILE*) [1]
                3.55  130.26 4180622/4180622     point_to_point(double*, double, double, double, double, double, double, int, int, double, double, double&, char*, int&) [3]
                7.40    8.09   28800/28816       ReadPath(site, site) [8]
                1.38    0.00 37227515/37229380     OrMask(double, double, int) [16]
                0.35    0.00 4180622/4180622     GetSignal(double, double) [19]
                0.16    0.00 4180622/4209438     Azimuth(site, site) [25]
                0.14    0.00 4180622/4180622     PutMask(double, double, int) [26]
                0.02    0.00 4180622/4180622     PutSignal(double, double, unsigned char) [31]
                0.00    0.00 37227515/37228972     GetMask(double, double) [48]
-----------------------------------------------
                                                 <spontaneous>
[2]     97.9    0.00  152.20                 PlotLRMap(site, double, char*) [2]
                0.85  151.35   28800/28800       PlotLRPath(site, site, unsigned char, _IO_FILE*) [1]
                0.00    0.00       2/6           ReduceAngle(double) [50]
-----------------------------------------------
                3.55  130.26 4180622/4180622     PlotLRPath(site, site, unsigned char, _IO_FILE*) [1]
[3]     86.1    3.55  130.26 4180622         point_to_point(double*, double, double, double, double, double, double, int, int, double, double, double&, char*, int&) [3]
                0.25  127.94 4180622/4180622     qlrpfl2(double*, int, int, prop_type&, propa_type&, propv_type&) [4]
                1.37    0.36 4180622/4180622     avar(double, double, double, prop_type&, propv_type&) [15]
                0.32    0.00 8361244/8361244     qerfi(double) [20]
                0.02    0.00 4180622/4180622     qlrps(double, double, double, int, double, double, prop_type&) [30]
-----------------------------------------------
                0.25  127.94 4180622/4180622     point_to_point(double*, double, double, double, double, double, double, int, int, double, double, double&, char*, int&) [3]
[4]     82.5    0.25  127.94 4180622         qlrpfl2(double*, int, int, prop_type&, propa_type&, propv_type&) [4]
               29.65   55.75 4180622/4180622     d1thx2(double*, double const&, double const&, propa_type&) [5]
               27.53    0.00 4180622/4180622     hzns2(double*, prop_type&, propa_type&) [7]
                0.35   10.26 4180622/4180622     lrprop2(double, prop_type&, propa_type&) [9]
                4.40    0.00 4179285/8359874     z1sq2(double*, double const&, double const&, double&, double&) [11]
-----------------------------------------------
               29.65   55.75 4180622/4180622     qlrpfl2(double*, int, int, prop_type&, propa_type&, propv_type&) [4]
[5]     54.9   29.65   55.75 4180622         d1thx2(double*, double const&, double const&, propa_type&) [5]
               51.34    0.00 8361178/8361178     qtile(int const&, double*, int const&) [6]
                4.41    0.00 4180589/8359874     z1sq2(double*, double const&, double const&, double&, double&) [11]
-----------------------------------------------
               51.34    0.00 8361178/8361178     d1thx2(double*, double const&, double const&, propa_type&) [5]
[6]     33.0   51.34    0.00 8361178         qtile(int const&, double*, int const&) [6]
-----------------------------------------------
               27.53    0.00 4180622/4180622     qlrpfl2(double*, int, int, prop_type&, propa_type&, propv_type&) [4]
[7]     17.7   27.53    0.00 4180622         hzns2(double*, prop_type&, propa_type&) [7]
-----------------------------------------------
                0.00    0.00      16/28816       AverageTerrain(site, double, double, double) [36]
                7.40    8.09   28800/28816       PlotLRPath(site, site, unsigned char, _IO_FILE*) [1]
[8]     10.0    7.40    8.09   28816         ReadPath(site, site) [8]
                7.69    0.00 123857878/123857897     GetElevation(site) [12]
                0.40    0.00 123799745/123799759     arccos(double, double) [17]
                0.00    0.00   28816/4209438     Azimuth(site, site) [25]
                0.00    0.00   28816/28816       Distance(site, site) [49]
-----------------------------------------------
                0.35   10.26 4180622/4180622     qlrpfl2(double*, int, int, prop_type&, propa_type&, propv_type&) [4]
[9]      6.8    0.35   10.26 4180622         lrprop2(double, prop_type&, propa_type&) [9]
                4.75    5.40 20817190/20817190     adiff2(double, prop_type&, propa_type&) [10]
                0.10    0.02 4223582/4223582     alos2(double, prop_type&, propa_type&) [27]
-----------------------------------------------
                4.75    5.40 20817190/20817190     lrprop2(double, prop_type&, propa_type&) [9]
[10]     6.5    4.75    5.40 20817190         adiff2(double, prop_type&, propa_type&) [10]
                5.11    0.00 12498903/12541817     saalos(double, prop_type&, propa_type&) [13]
                0.20    0.00 24702229/24702229     aknfe(double const&) [23]
                0.09    0.00 15445677/15445677     fht(double const&, double const&) [28]
-----------------------------------------------
                4.40    0.00 4179285/8359874     qlrpfl2(double*, int, int, prop_type&, propa_type&, propv_type&) [4]
                4.41    0.00 4180589/8359874     d1thx2(double*, double const&, double const&, propa_type&) [5]
[11]     5.7    8.81    0.00 8359874         z1sq2(double*, double const&, double const&, double&, double&) [11]
-----------------------------------------------
                0.00    0.00       1/123857897     haat(site) [40]
                0.00    0.00       2/123857897     SiteReport(site) [35]
                0.00    0.00      16/123857897     AverageTerrain(site, double, double, double) [36]
                7.69    0.00 123857878/123857897     ReadPath(site, site) [8]
[12]     4.9    7.69    0.00 123857897         GetElevation(site) [12]
-----------------------------------------------
                0.02    0.00   42914/12541817     alos2(double, prop_type&, propa_type&) [27]
                5.11    0.00 12498903/12541817     adiff2(double, prop_type&, propa_type&) [10]
[13]     3.3    5.13    0.00 12541817         saalos(double, prop_type&, propa_type&) [13]
-----------------------------------------------
                                                 <spontaneous>
[14]     1.8    2.84    0.00                 WritePPMLR(char*, unsigned char, unsigned char, unsigned char, site*, unsigned char) [14]
                0.00    0.00       2/6           ReduceAngle(double) [50]
                0.00    0.00       1/1           LoadLossColors(site) [54]
-----------------------------------------------
                1.37    0.36 4180622/4180622     point_to_point(double*, double, double, double, double, double, double, int, int, double, double, double&, char*, int&) [3]
[15]     1.1    1.37    0.36 4180622         avar(double, double, double, prop_type&, propv_type&) [15]
                0.36    0.00 12541866/12541866     curve(double const&, double const&, double const&, double const&, double const&, double const&) [18]
-----------------------------------------------
                0.00    0.00    1865/37229380     PlaceMarker(site) [41]
                1.38    0.00 37227515/37229380     PlotLRPath(site, site, unsigned char, _IO_FILE*) [1]
[16]     0.9    1.38    0.00 37229380         OrMask(double, double, int) [16]
-----------------------------------------------
                0.00    0.00      14/123799759     AverageTerrain(site, double, double, double) [36]
                0.40    0.00 123799745/123799759     ReadPath(site, site) [8]
[17]     0.3    0.40    0.00 123799759         arccos(double, double) [17]
-----------------------------------------------
                0.36    0.00 12541866/12541866     avar(double, double, double, prop_type&, propv_type&) [15]
[18]     0.2    0.36    0.00 12541866         curve(double const&, double const&, double const&, double const&, double const&, double const&) [18]
-----------------------------------------------
                0.35    0.00 4180622/4180622     PlotLRPath(site, site, unsigned char, _IO_FILE*) [1]
[19]     0.2    0.35    0.00 4180622         GetSignal(double, double) [19]
-----------------------------------------------
                0.32    0.00 8361244/8361244     point_to_point(double*, double, double, double, double, double, double, int, int, double, double, double&, char*, int&) [3]
[20]     0.2    0.32    0.00 8361244         qerfi(double) [20]
-----------------------------------------------
                0.06    0.20       5/5           LoadTopoData(int, int, int, int) [22]
[21]     0.2    0.06    0.20       5         LoadSDF(char*) [21]
                0.20    0.00       5/5           LoadSDF_SDF(char*) [24]
                0.00    0.00       2/2           LoadSDF_BZ(char*) [51]
-----------------------------------------------
                                                 <spontaneous>
[22]     0.2    0.00    0.26                 LoadTopoData(int, int, int, int) [22]
                0.06    0.20       5/5           LoadSDF(char*) [21]
                0.00    0.00       2/6           ReduceAngle(double) [50]
-----------------------------------------------
                0.20    0.00 24702229/24702229     adiff2(double, prop_type&, propa_type&) [10]
[23]     0.1    0.20    0.00 24702229         aknfe(double const&) [23]
-----------------------------------------------
                0.20    0.00       5/5           LoadSDF(char*) [21]
[24]     0.1    0.20    0.00       5         LoadSDF_SDF(char*) [24]
-----------------------------------------------
                0.00    0.00   28816/4209438     ReadPath(site, site) [8]
                0.16    0.00 4180622/4209438     PlotLRPath(site, site, unsigned char, _IO_FILE*) [1]
[25]     0.1    0.16    0.00 4209438         Azimuth(site, site) [25]
-----------------------------------------------
                0.14    0.00 4180622/4180622     PlotLRPath(site, site, unsigned char, _IO_FILE*) [1]
[26]     0.1    0.14    0.00 4180622         PutMask(double, double, int) [26]
-----------------------------------------------
                0.10    0.02 4223582/4223582     lrprop2(double, prop_type&, propa_type&) [9]
[27]     0.1    0.10    0.02 4223582         alos2(double, prop_type&, propa_type&) [27]
                0.02    0.00   42914/12541817     saalos(double, prop_type&, propa_type&) [13]
-----------------------------------------------
                0.09    0.00 15445677/15445677     adiff2(double, prop_type&, propa_type&) [10]
[28]     0.1    0.09    0.00 15445677         fht(double const&, double const&) [28]
-----------------------------------------------
                                                 <spontaneous>
[29]     0.0    0.05    0.00                 interpolate(int, int, int, int, int) [29]
-----------------------------------------------
                0.02    0.00 4180622/4180622     point_to_point(double*, double, double, double, double, double, double, int, int, double, double, double&, char*, int&) [3]
[30]     0.0    0.02    0.00 4180622         qlrps(double, double, double, int, double, double, prop_type&) [30]
-----------------------------------------------
                0.02    0.00 4180622/4180622     PlotLRPath(site, site, unsigned char, _IO_FILE*) [1]
[31]     0.0    0.02    0.00 4180622         PutSignal(double, double, unsigned char) [31]
-----------------------------------------------
                                                 <spontaneous>
[32]     0.0    0.02    0.00                 z1sq1(double*, double const&, double const&, double&, double&) [32]
-----------------------------------------------
                                                 <spontaneous>
[33]     0.0    0.01    0.00                 point_to_point_ITM(double*, double, double, double, double, double, double, int, int, double, double, double&, char*, int&) [33]
-----------------------------------------------
                                                 <spontaneous>
[34]     0.0    0.01    0.00                 hzns(double*, prop_type&) [34]
-----------------------------------------------
                                                 <spontaneous>
[35]     0.0    0.00    0.01                 SiteReport(site) [35]
                0.00    0.00       1/1           haat(site) [40]
                0.00    0.00       8/16          AverageTerrain(site, double, double, double) [36]
                0.00    0.00       2/123857897     GetElevation(site) [12]
                0.00    0.00       2/2           dec2dms(double) [53]
-----------------------------------------------
                0.00    0.00       8/16          haat(site) [40]
                0.00    0.00       8/16          SiteReport(site) [35]
[36]     0.0    0.00    0.01      16         AverageTerrain(site, double, double, double) [36]
                0.00    0.00      16/28816       ReadPath(site, site) [8]
                0.00    0.00      16/123857897     GetElevation(site) [12]
                0.00    0.00      14/123799759     arccos(double, double) [17]
-----------------------------------------------
                                                 <spontaneous>
[37]     0.0    0.01    0.00                 alos(double, prop_type&, propa_type&) [37]
-----------------------------------------------
                                                 <spontaneous>
[38]     0.0    0.01    0.00                 adiff(double, prop_type&, propa_type&) [38]
-----------------------------------------------
                                                 <spontaneous>
[39]     0.0    0.01    0.00                 d1thx(double*, double const&, double const&) [39]
-----------------------------------------------
                0.00    0.00       1/1           SiteReport(site) [35]
[40]     0.0    0.00    0.00       1         haat(site) [40]
                0.00    0.00       8/16          AverageTerrain(site, double, double, double) [36]
                0.00    0.00       1/123857897     GetElevation(site) [12]
-----------------------------------------------
                                                 <spontaneous>
[41]     0.0    0.00    0.00                 PlaceMarker(site) [41]
                0.00    0.00    1865/37229380     OrMask(double, double, int) [16]
                0.00    0.00    1457/37228972     GetMask(double, double) [48]
-----------------------------------------------
                0.00    0.00    1457/37228972     PlaceMarker(site) [41]
                0.00    0.00 37227515/37228972     PlotLRPath(site, site, unsigned char, _IO_FILE*) [1]
[48]     0.0    0.00    0.00 37228972         GetMask(double, double) [48]
-----------------------------------------------
                0.00    0.00   28816/28816       ReadPath(site, site) [8]
[49]     0.0    0.00    0.00   28816         Distance(site, site) [49]
-----------------------------------------------
                0.00    0.00       2/6           PlotLRMap(site, double, char*) [2]
                0.00    0.00       2/6           WritePPMLR(char*, unsigned char, unsigned char, unsigned char, site*, unsigned char) [14]
                0.00    0.00       2/6           LoadTopoData(int, int, int, int) [22]
[50]     0.0    0.00    0.00       6         ReduceAngle(double) [50]
-----------------------------------------------
                0.00    0.00       2/2           LoadSDF(char*) [21]
[51]     0.0    0.00    0.00       2         LoadSDF_BZ(char*) [51]
-----------------------------------------------
                0.00    0.00       2/2           LoadQTH(char*) [91]
[52]     0.0    0.00    0.00       2         ReadBearing(char*) [52]
-----------------------------------------------
                0.00    0.00       2/2           SiteReport(site) [35]
[53]     0.0    0.00    0.00       2         dec2dms(double) [53]
-----------------------------------------------
                0.00    0.00       1/1           WritePPMLR(char*, unsigned char, unsigned char, unsigned char, site*, unsigned char) [14]
[54]     0.0    0.00    0.00       1         LoadLossColors(site) [54]
-----------------------------------------------
                0.00    0.00       1/1           ReadLRParm(site, char) [59]
[55]     0.0    0.00    0.00       1         LoadPAT(char*) [55]
-----------------------------------------------

 This table describes the call tree of the program, and was sorted by
 the total amount of time spent in each function and its children.

 Each entry in this table consists of several lines.  The line with the
 index number at the left hand margin lists the current function.
 The lines above it list the functions that called this function,
 and the lines below it list the functions this one called.
 This line lists:
     index	A unique number given to each element of the table.
		Index numbers are sorted numerically.
		The index number is printed next to every function name so
		it is easier to look up where the function in the table.

     % time	This is the percentage of the `total' time that was spent
		in this function and its children.  Note that due to
		different viewpoints, functions excluded by options, etc,
		these numbers will NOT add up to 100%.

     self	This is the total amount of time spent in this function.

     children	This is the total amount of time propagated into this
		function by its children.

     called	This is the number of times the function was called.
		If the function called itself recursively, the number
		only includes non-recursive calls, and is followed by
		a `+' and the number of recursive calls.

     name	The name of the current function.  The index number is
		printed after it.  If the function is a member of a
		cycle, the cycle number is printed between the
		function's name and the index number.


 For the function's parents, the fields have the following meanings:

     self	This is the amount of time that was propagated directly
		from the function into this parent.

     children	This is the amount of time that was propagated from
		the function's children into this parent.

     called	This is the number of times this parent called the
		function `/' the total number of times the function
		was called.  Recursive calls to the function are not
		included in the number after the `/'.

     name	This is the name of the parent.  The parent's index
		number is printed after it.  If the parent is a
		member of a cycle, the cycle number is printed between
		the name and the index number.

 If the parents of the function cannot be determined, the word
 `<spontaneous>' is printed in the `name' field, and all the other
 fields are blank.

 For the function's children, the fields have the following meanings:

     self	This is the amount of time that was propagated directly
		from the child into the function.

     children	This is the amount of time that was propagated from the
		child's children to the function.

     called	This is the number of times the function called
		this child `/' the total number of times the child
		was called.  Recursive calls by the child are not
		listed in the number after the `/'.

     name	This is the name of the child.  The child's index
		number is printed after it.  If the child is a
		member of a cycle, the cycle number is printed
		between the name and the index number.

 If there are any cycles (circles) in the call graph, there is an
 entry for the cycle-as-a-whole.  This entry shows who called the
 cycle (as parents) and the members of the cycle (as children.)
 The `+' recursive calls entry shows the number of function calls that
 were internal to the cycle, and the calls entry for each member shows,
 for that member, how many times it was called from other members of
 the cycle.


Index by function name

  [51] LoadSDF_BZ(char*)      [40] haat(site)             [17] arccos(double, double)
   [1] PlotLRPath(site, site, unsigned char, _IO_FILE*) [34] hzns(double*, prop_type&) [5] d1thx2(double*, double const&, double const&, propa_type&)
  [14] WritePPMLR(char*, unsigned char, unsigned char, unsigned char, site*, unsigned char) [38] adiff(double, prop_type&, propa_type&) [13] saalos(double, prop_type&, propa_type&)
  [24] LoadSDF_SDF(char*)     [23] aknfe(double const&)   [25] Azimuth(site, site)
  [52] ReadBearing(char*)     [27] alos2(double, prop_type&, propa_type&) [48] GetMask(double, double)
  [50] ReduceAngle(double)    [18] curve(double const&, double const&, double const&, double const&, double const&, double const&) [55] LoadPAT(char*)
  [29] interpolate(int, int, int, int, int) [39] d1thx(double*, double const&, double const&) [21] LoadSDF(char*)
  [12] GetElevation(site)      [7] hzns2(double*, prop_type&, propa_type&) [26] PutMask(double, double, int)
  [36] AverageTerrain(site, double, double, double) [20] qerfi(double) [53] dec2dms(double)
  [54] LoadLossColors(site)   [30] qlrps(double, double, double, int, double, double, prop_type&) [9] lrprop2(double, prop_type&, propa_type&)
   [3] point_to_point(double*, double, double, double, double, double, double, int, int, double, double, double&, char*, int&) [6] qtile(int const&, double*, int const&) [4] qlrpfl2(double*, int, int, prop_type&, propa_type&, propv_type&)
  [33] point_to_point_ITM(double*, double, double, double, double, double, double, int, int, double, double, double&, char*, int&) [32] z1sq1(double*, double const&, double const&, double&, double&) [49] Distance(site, site)
  [28] fht(double const&, double const&) [11] z1sq2(double*, double const&, double const&, double&, double&) [8] ReadPath(site, site)
  [37] alos(double, prop_type&, propa_type&) [16] OrMask(double, double, int) [19] GetSignal(double, double)
  [15] avar(double, double, double, prop_type&, propv_type&) [10] adiff2(double, prop_type&, propa_type&) [31] PutSignal(double, double, unsigned char)
