Run with 37 miles:
Flat profile:

Each sample counts as 0.01 seconds.
  %   cumulative   self              self     total           
 time   seconds   seconds    calls  ms/call  ms/call  name    
 39.27    320.76   320.76 28583240     0.01     0.01  qtile(int const&, double*, int const&)
 22.55    504.96   184.20 14291653     0.01     0.04  d1thx2(double*, double const&, double const&, propa_type&)
 19.84    666.98   162.02 14291653     0.01     0.01  hzns2(double*, prop_type&, propa_type&)
  6.50    720.07    53.09 28581936     0.00     0.00  z1sq2(double*, double const&, double const&, double&, double&)
  2.99    744.47    24.40 14291653     0.00     0.06  point_to_point(double*, double, double, double, double, double, double, int, int, double, double, double&, char*, int&)
  2.11    761.73    17.26 42874910     0.00     0.00  saalos(double, prop_type&, propa_type&)
  1.98    777.93    16.20 71366887     0.00     0.00  adiff2(double, prop_type&, propa_type&)
  0.94    785.60     7.67 123857897     0.00     0.00  GetElevation(site)
  0.94    793.24     7.64    28816     0.27     0.55  ReadPath(site, site)
  0.57    797.94     4.70 14291653     0.00     0.00  avar(double, double, double, prop_type&, propv_type&)
  0.40    801.23     3.29 75466686     0.00     0.00  OrMask(double, double, int)
  0.37    804.28     3.05                             WritePPMLR(char*, unsigned char, unsigned char, unsigned char, site*, unsigned char)
  0.29    806.63     2.35    28800     0.08    28.23  PlotLRPath(site, site, unsigned char, _IO_FILE*)
  0.22    808.42     1.79 14291653     0.00     0.00  lrprop2(double, prop_type&, propa_type&)
  0.20    810.03     1.61 42874959     0.00     0.00  curve(double const&, double const&, double const&, double const&, double const&, double const&)
  0.16    811.36     1.33 28583306     0.00     0.00  qerfi(double)
  0.10    812.20     0.84 14291653     0.00     0.00  GetSignal(double, double)
  0.09    812.91     0.71 14320469     0.00     0.00  Azimuth(site, site)
  0.08    813.56     0.66 84637067     0.00     0.00  aknfe(double const&)
  0.07    814.16     0.60 123799759     0.00     0.00  arccos(double, double)
  0.07    814.76     0.60 54175281     0.00     0.00  fht(double const&, double const&)
  0.06    815.24     0.48 14291653     0.00     0.05  qlrpfl2(double*, int, int, prop_type&, propa_type&, propv_type&)
  0.05    815.66     0.42 14291653     0.00     0.00  PutMask(double, double, int)
  0.03    815.92     0.26        5    52.00    52.00  LoadSDF_SDF(char*)
  0.02    816.08     0.16  1393262     0.00     0.00  ascat(double, prop_type&, propa_type&)
  0.02    816.22     0.14 14291653     0.00     0.00  PutSignal(double, double, unsigned char)
  0.02    816.34     0.13 14291653     0.00     0.00  qlrps(double, double, double, int, double, double, prop_type&)
  0.01    816.42     0.08                             interpolate(int, int, int, int, int)
  0.01    816.49     0.07 13640711     0.00     0.00  alos2(double, prop_type&, propa_type&)
  0.01    816.54     0.06                             FORTRAN_DIM(double const&, double const&)
  0.01    816.59     0.05        5    10.00    62.00  LoadSDF(char*)
  0.00    816.62     0.03 75466278     0.00     0.00  GetMask(double, double)
  0.00    816.65     0.03  1393262     0.00     0.00  h0f(double, double)
  0.00    816.68     0.03                             adiff(double, prop_type&, propa_type&)
  0.00    816.71     0.03                             z1sq1(double*, double const&, double const&, double&, double&)
  0.00    816.73     0.02                             PlotLRMap(site, double, char*)
  0.00    816.74     0.01                             point_to_point_ITM(double*, double, double, double, double, double, double, int, int, double, double, double&, char*, int&)
  0.00    816.75     0.01                             abq_alos(std::complex<double>)
  0.00    816.75     0.01                             alos(double, prop_type&, propa_type&)
  0.00    816.76     0.01                             d1thx(double*, double const&, double const&)
  0.00    816.76     0.01                             lrprop(double, prop_type&, propa_type&)
  0.00    816.76     0.00   696631     0.00     0.00  ahd(double)
  0.00    816.76     0.00    28816     0.00     0.00  Distance(site, site)
  0.00    816.76     0.00       16     0.00     0.55  AverageTerrain(site, double, double, double)
  0.00    816.76     0.00        6     0.00     0.00  ReduceAngle(double)
  0.00    816.76     0.00        2     0.00     0.00  LoadSDF_BZ(char*)
  0.00    816.76     0.00        2     0.00     0.00  ReadBearing(char*)
  0.00    816.76     0.00        2     0.00     0.00  dec2dms(double)
  0.00    816.76     0.00        1     0.00     0.00  LoadLossColors(site)
  0.00    816.76     0.00        1     0.00     4.42  haat(site)
  0.00    816.76     0.00        1     0.00     0.00  LoadPAT(char*)

 %         the percentage of the total running time of the
time       program used by this function.

cumulative a running sum of the number of seconds accounted
 seconds   for by this function and those listed above it.

 self      the number of seconds accounted for by this
seconds    function alone.  This is the major sort for this
           listing.

calls      the number of times this function was invoked, if
           this function is profiled, else blank.
 
 self      the average number of milliseconds spent in this
ms/call    function per call, if this function is profiled,
	   else blank.

 total     the average number of milliseconds spent in this
ms/call    function and its descendents per call, if this 
	   function is profiled, else blank.

name       the name of the function.  This is the minor sort
           for this listing. The index shows the location of
	   the function in the gprof listing. If the index is
	   in parenthesis it shows where it would appear in
	   the gprof listing if it were to be printed.

		     Call graph (explanation follows)


granularity: each sample hit covers 2 byte(s) for 0.00% of 816.76 seconds

index % time    self  children    called     name
                                                 <spontaneous>
[1]     99.6    0.02  813.15                 PlotLRMap(site, double, char*) [1]
                2.35  810.80   28800/28800       PlotLRPath(site, site, unsigned char, _IO_FILE*) [2]
                0.00    0.00       2/6           ReduceAngle(double) [55]
-----------------------------------------------
                2.35  810.80   28800/28800       PlotLRMap(site, double, char*) [1]
[2]     99.6    2.35  810.80   28800         PlotLRPath(site, site, unsigned char, _IO_FILE*) [2]
               24.40  765.06 14291653/14291653     point_to_point(double*, double, double, double, double, double, double, int, int, double, double, double&, char*, int&) [3]
                7.64    8.27   28800/28816       ReadPath(site, site) [12]
                3.29    0.00 75464821/75466686     OrMask(double, double, int) [15]
                0.84    0.00 14291653/14291653     GetSignal(double, double) [19]
                0.71    0.00 14291653/14320469     Azimuth(site, site) [20]
                0.42    0.00 14291653/14291653     PutMask(double, double, int) [24]
                0.14    0.00 14291653/14291653     PutSignal(double, double, unsigned char) [29]
                0.03    0.00 75464821/75466278     GetMask(double, double) [34]
-----------------------------------------------
               24.40  765.06 14291653/14291653     PlotLRPath(site, site, unsigned char, _IO_FILE*) [2]
[3]     96.7   24.40  765.06 14291653         point_to_point(double*, double, double, double, double, double, double, int, int, double, double, double&, char*, int&) [3]
                0.48  756.82 14291653/14291653     qlrpfl2(double*, int, int, prop_type&, propa_type&, propv_type&) [4]
                4.70    1.61 14291653/14291653     avar(double, double, double, prop_type&, propv_type&) [14]
                1.33    0.00 28583306/28583306     qerfi(double) [18]
                0.13    0.00 14291653/14291653     qlrps(double, double, double, int, double, double, prop_type&) [30]
-----------------------------------------------
                0.48  756.82 14291653/14291653     point_to_point(double*, double, double, double, double, double, double, int, int, double, double, double&, char*, int&) [3]
[4]     92.7    0.48  756.82 14291653         qlrpfl2(double*, int, int, prop_type&, propa_type&, propv_type&) [4]
              184.20  347.31 14291653/14291653     d1thx2(double*, double const&, double const&, propa_type&) [5]
              162.02    0.00 14291653/14291653     hzns2(double*, prop_type&, propa_type&) [7]
                1.79   34.97 14291653/14291653     lrprop2(double, prop_type&, propa_type&) [9]
               26.54    0.00 14290316/28581936     z1sq2(double*, double const&, double const&, double&, double&) [8]
-----------------------------------------------
              184.20  347.31 14291653/14291653     qlrpfl2(double*, int, int, prop_type&, propa_type&, propv_type&) [4]
[5]     65.1  184.20  347.31 14291653         d1thx2(double*, double const&, double const&, propa_type&) [5]
              320.76    0.00 28583240/28583240     qtile(int const&, double*, int const&) [6]
               26.55    0.00 14291620/28581936     z1sq2(double*, double const&, double const&, double&, double&) [8]
-----------------------------------------------
              320.76    0.00 28583240/28583240     d1thx2(double*, double const&, double const&, propa_type&) [5]
[6]     39.3  320.76    0.00 28583240         qtile(int const&, double*, int const&) [6]
-----------------------------------------------
              162.02    0.00 14291653/14291653     qlrpfl2(double*, int, int, prop_type&, propa_type&, propv_type&) [4]
[7]     19.8  162.02    0.00 14291653         hzns2(double*, prop_type&, propa_type&) [7]
-----------------------------------------------
               26.54    0.00 14290316/28581936     qlrpfl2(double*, int, int, prop_type&, propa_type&, propv_type&) [4]
               26.55    0.00 14291620/28581936     d1thx2(double*, double const&, double const&, propa_type&) [5]
[8]      6.5   53.09    0.00 28581936         z1sq2(double*, double const&, double const&, double&, double&) [8]
-----------------------------------------------
                1.79   34.97 14291653/14291653     qlrpfl2(double*, int, int, prop_type&, propa_type&, propv_type&) [4]
[9]      4.5    1.79   34.97 14291653         lrprop2(double, prop_type&, propa_type&) [9]
               16.20   18.50 71366887/71366887     adiff2(double, prop_type&, propa_type&) [10]
                0.16    0.03 1393262/1393262     ascat(double, prop_type&, propa_type&) [28]
                0.07    0.02 13640711/13640711     alos2(double, prop_type&, propa_type&) [31]
-----------------------------------------------
               16.20   18.50 71366887/71366887     lrprop2(double, prop_type&, propa_type&) [9]
[10]     4.2   16.20   18.50 71366887         adiff2(double, prop_type&, propa_type&) [10]
               17.24    0.00 42829267/42874910     saalos(double, prop_type&, propa_type&) [11]
                0.66    0.00 84637067/84637067     aknfe(double const&) [21]
                0.60    0.00 54175281/54175281     fht(double const&, double const&) [23]
-----------------------------------------------
                0.02    0.00   45643/42874910     alos2(double, prop_type&, propa_type&) [31]
               17.24    0.00 42829267/42874910     adiff2(double, prop_type&, propa_type&) [10]
[11]     2.1   17.26    0.00 42874910         saalos(double, prop_type&, propa_type&) [11]
-----------------------------------------------
                0.00    0.00      16/28816       AverageTerrain(site, double, double, double) [41]
                7.64    8.27   28800/28816       PlotLRPath(site, site, unsigned char, _IO_FILE*) [2]
[12]     1.9    7.64    8.27   28816         ReadPath(site, site) [12]
                7.67    0.00 123857878/123857897     GetElevation(site) [13]
                0.60    0.00 123799745/123799759     arccos(double, double) [22]
                0.00    0.00   28816/14320469     Azimuth(site, site) [20]
                0.00    0.00   28816/28816       Distance(site, site) [54]
-----------------------------------------------
                0.00    0.00       1/123857897     haat(site) [45]
                0.00    0.00       2/123857897     SiteReport(site) [40]
                0.00    0.00      16/123857897     AverageTerrain(site, double, double, double) [41]
                7.67    0.00 123857878/123857897     ReadPath(site, site) [12]
[13]     0.9    7.67    0.00 123857897         GetElevation(site) [13]
-----------------------------------------------
                4.70    1.61 14291653/14291653     point_to_point(double*, double, double, double, double, double, double, int, int, double, double, double&, char*, int&) [3]
[14]     0.8    4.70    1.61 14291653         avar(double, double, double, prop_type&, propv_type&) [14]
                1.61    0.00 42874959/42874959     curve(double const&, double const&, double const&, double const&, double const&, double const&) [17]
-----------------------------------------------
                0.00    0.00    1865/75466686     PlaceMarker(site) [46]
                3.29    0.00 75464821/75466686     PlotLRPath(site, site, unsigned char, _IO_FILE*) [2]
[15]     0.4    3.29    0.00 75466686         OrMask(double, double, int) [15]
-----------------------------------------------
                                                 <spontaneous>
[16]     0.4    3.05    0.00                 WritePPMLR(char*, unsigned char, unsigned char, unsigned char, site*, unsigned char) [16]
                0.00    0.00       2/6           ReduceAngle(double) [55]
                0.00    0.00       1/1           LoadLossColors(site) [59]
-----------------------------------------------
                1.61    0.00 42874959/42874959     avar(double, double, double, prop_type&, propv_type&) [14]
[17]     0.2    1.61    0.00 42874959         curve(double const&, double const&, double const&, double const&, double const&, double const&) [17]
-----------------------------------------------
                1.33    0.00 28583306/28583306     point_to_point(double*, double, double, double, double, double, double, int, int, double, double, double&, char*, int&) [3]
[18]     0.2    1.33    0.00 28583306         qerfi(double) [18]
-----------------------------------------------
                0.84    0.00 14291653/14291653     PlotLRPath(site, site, unsigned char, _IO_FILE*) [2]
[19]     0.1    0.84    0.00 14291653         GetSignal(double, double) [19]
-----------------------------------------------
                0.00    0.00   28816/14320469     ReadPath(site, site) [12]
                0.71    0.00 14291653/14320469     PlotLRPath(site, site, unsigned char, _IO_FILE*) [2]
[20]     0.1    0.71    0.00 14320469         Azimuth(site, site) [20]
-----------------------------------------------
                0.66    0.00 84637067/84637067     adiff2(double, prop_type&, propa_type&) [10]
[21]     0.1    0.66    0.00 84637067         aknfe(double const&) [21]
-----------------------------------------------
                0.00    0.00      14/123799759     AverageTerrain(site, double, double, double) [41]
                0.60    0.00 123799745/123799759     ReadPath(site, site) [12]
[22]     0.1    0.60    0.00 123799759         arccos(double, double) [22]
-----------------------------------------------
                0.60    0.00 54175281/54175281     adiff2(double, prop_type&, propa_type&) [10]
[23]     0.1    0.60    0.00 54175281         fht(double const&, double const&) [23]
-----------------------------------------------
                0.42    0.00 14291653/14291653     PlotLRPath(site, site, unsigned char, _IO_FILE*) [2]
[24]     0.1    0.42    0.00 14291653         PutMask(double, double, int) [24]
-----------------------------------------------
                0.05    0.26       5/5           LoadTopoData(int, int, int, int) [26]
[25]     0.0    0.05    0.26       5         LoadSDF(char*) [25]
                0.26    0.00       5/5           LoadSDF_SDF(char*) [27]
                0.00    0.00       2/2           LoadSDF_BZ(char*) [56]
-----------------------------------------------
                                                 <spontaneous>
[26]     0.0    0.00    0.31                 LoadTopoData(int, int, int, int) [26]
                0.05    0.26       5/5           LoadSDF(char*) [25]
                0.00    0.00       2/6           ReduceAngle(double) [55]
-----------------------------------------------
                0.26    0.00       5/5           LoadSDF(char*) [25]
[27]     0.0    0.26    0.00       5         LoadSDF_SDF(char*) [27]
-----------------------------------------------
                0.16    0.03 1393262/1393262     lrprop2(double, prop_type&, propa_type&) [9]
[28]     0.0    0.16    0.03 1393262         ascat(double, prop_type&, propa_type&) [28]
                0.03    0.00 1393262/1393262     h0f(double, double) [35]
                0.00    0.00  696631/696631      ahd(double) [53]
-----------------------------------------------
                0.14    0.00 14291653/14291653     PlotLRPath(site, site, unsigned char, _IO_FILE*) [2]
[29]     0.0    0.14    0.00 14291653         PutSignal(double, double, unsigned char) [29]
-----------------------------------------------
                0.13    0.00 14291653/14291653     point_to_point(double*, double, double, double, double, double, double, int, int, double, double, double&, char*, int&) [3]
[30]     0.0    0.13    0.00 14291653         qlrps(double, double, double, int, double, double, prop_type&) [30]
-----------------------------------------------
                0.07    0.02 13640711/13640711     lrprop2(double, prop_type&, propa_type&) [9]
[31]     0.0    0.07    0.02 13640711         alos2(double, prop_type&, propa_type&) [31]
                0.02    0.00   45643/42874910     saalos(double, prop_type&, propa_type&) [11]
-----------------------------------------------
                                                 <spontaneous>
[32]     0.0    0.08    0.00                 interpolate(int, int, int, int, int) [32]
-----------------------------------------------
                                                 <spontaneous>
[33]     0.0    0.06    0.00                 FORTRAN_DIM(double const&, double const&) [33]
-----------------------------------------------
                0.00    0.00    1457/75466278     PlaceMarker(site) [46]
                0.03    0.00 75464821/75466278     PlotLRPath(site, site, unsigned char, _IO_FILE*) [2]
[34]     0.0    0.03    0.00 75466278         GetMask(double, double) [34]
-----------------------------------------------
                0.03    0.00 1393262/1393262     ascat(double, prop_type&, propa_type&) [28]
[35]     0.0    0.03    0.00 1393262         h0f(double, double) [35]
-----------------------------------------------
                                                 <spontaneous>
[36]     0.0    0.03    0.00                 adiff(double, prop_type&, propa_type&) [36]
-----------------------------------------------
                                                 <spontaneous>
[37]     0.0    0.03    0.00                 z1sq1(double*, double const&, double const&, double&, double&) [37]
-----------------------------------------------
                                                 <spontaneous>
[38]     0.0    0.01    0.00                 point_to_point_ITM(double*, double, double, double, double, double, double, int, int, double, double, double&, char*, int&) [38]
-----------------------------------------------
                                                 <spontaneous>
[39]     0.0    0.01    0.00                 abq_alos(std::complex<double>) [39]
-----------------------------------------------
                                                 <spontaneous>
[40]     0.0    0.00    0.01                 SiteReport(site) [40]
                0.00    0.00       1/1           haat(site) [45]
                0.00    0.00       8/16          AverageTerrain(site, double, double, double) [41]
                0.00    0.00       2/123857897     GetElevation(site) [13]
                0.00    0.00       2/2           dec2dms(double) [58]
-----------------------------------------------
                0.00    0.00       8/16          haat(site) [45]
                0.00    0.00       8/16          SiteReport(site) [40]
[41]     0.0    0.00    0.01      16         AverageTerrain(site, double, double, double) [41]
                0.00    0.00      16/28816       ReadPath(site, site) [12]
                0.00    0.00      16/123857897     GetElevation(site) [13]
                0.00    0.00      14/123799759     arccos(double, double) [22]
-----------------------------------------------
                                                 <spontaneous>
[42]     0.0    0.01    0.00                 alos(double, prop_type&, propa_type&) [42]
-----------------------------------------------
                                                 <spontaneous>
[43]     0.0    0.01    0.00                 d1thx(double*, double const&, double const&) [43]
-----------------------------------------------
                                                 <spontaneous>
[44]     0.0    0.01    0.00                 lrprop(double, prop_type&, propa_type&) [44]
-----------------------------------------------
                0.00    0.00       1/1           SiteReport(site) [40]
[45]     0.0    0.00    0.00       1         haat(site) [45]
                0.00    0.00       8/16          AverageTerrain(site, double, double, double) [41]
                0.00    0.00       1/123857897     GetElevation(site) [13]
-----------------------------------------------
                                                 <spontaneous>
[46]     0.0    0.00    0.00                 PlaceMarker(site) [46]
                0.00    0.00    1865/75466686     OrMask(double, double, int) [15]
                0.00    0.00    1457/75466278     GetMask(double, double) [34]
-----------------------------------------------
                0.00    0.00  696631/696631      ascat(double, prop_type&, propa_type&) [28]
[53]     0.0    0.00    0.00  696631         ahd(double) [53]
-----------------------------------------------
                0.00    0.00   28816/28816       ReadPath(site, site) [12]
[54]     0.0    0.00    0.00   28816         Distance(site, site) [54]
-----------------------------------------------
                0.00    0.00       2/6           PlotLRMap(site, double, char*) [1]
                0.00    0.00       2/6           WritePPMLR(char*, unsigned char, unsigned char, unsigned char, site*, unsigned char) [16]
                0.00    0.00       2/6           LoadTopoData(int, int, int, int) [26]
[55]     0.0    0.00    0.00       6         ReduceAngle(double) [55]
-----------------------------------------------
                0.00    0.00       2/2           LoadSDF(char*) [25]
[56]     0.0    0.00    0.00       2         LoadSDF_BZ(char*) [56]
-----------------------------------------------
                0.00    0.00       2/2           LoadQTH(char*) [92]
[57]     0.0    0.00    0.00       2         ReadBearing(char*) [57]
-----------------------------------------------
                0.00    0.00       2/2           SiteReport(site) [40]
[58]     0.0    0.00    0.00       2         dec2dms(double) [58]
-----------------------------------------------
                0.00    0.00       1/1           WritePPMLR(char*, unsigned char, unsigned char, unsigned char, site*, unsigned char) [16]
[59]     0.0    0.00    0.00       1         LoadLossColors(site) [59]
-----------------------------------------------
                0.00    0.00       1/1           ReadLRParm(site, char) [64]
[60]     0.0    0.00    0.00       1         LoadPAT(char*) [60]
-----------------------------------------------

 This table describes the call tree of the program, and was sorted by
 the total amount of time spent in each function and its children.

 Each entry in this table consists of several lines.  The line with the
 index number at the left hand margin lists the current function.
 The lines above it list the functions that called this function,
 and the lines below it list the functions this one called.
 This line lists:
     index	A unique number given to each element of the table.
		Index numbers are sorted numerically.
		The index number is printed next to every function name so
		it is easier to look up where the function in the table.

     % time	This is the percentage of the `total' time that was spent
		in this function and its children.  Note that due to
		different viewpoints, functions excluded by options, etc,
		these numbers will NOT add up to 100%.

     self	This is the total amount of time spent in this function.

     children	This is the total amount of time propagated into this
		function by its children.

     called	This is the number of times the function was called.
		If the function called itself recursively, the number
		only includes non-recursive calls, and is followed by
		a `+' and the number of recursive calls.

     name	The name of the current function.  The index number is
		printed after it.  If the function is a member of a
		cycle, the cycle number is printed between the
		function's name and the index number.


 For the function's parents, the fields have the following meanings:

     self	This is the amount of time that was propagated directly
		from the function into this parent.

     children	This is the amount of time that was propagated from
		the function's children into this parent.

     called	This is the number of times this parent called the
		function `/' the total number of times the function
		was called.  Recursive calls to the function are not
		included in the number after the `/'.

     name	This is the name of the parent.  The parent's index
		number is printed after it.  If the parent is a
		member of a cycle, the cycle number is printed between
		the name and the index number.

 If the parents of the function cannot be determined, the word
 `<spontaneous>' is printed in the `name' field, and all the other
 fields are blank.

 For the function's children, the fields have the following meanings:

     self	This is the amount of time that was propagated directly
		from the child into the function.

     children	This is the amount of time that was propagated from the
		child's children to the function.

     called	This is the number of times the function called
		this child `/' the total number of times the child
		was called.  Recursive calls by the child are not
		listed in the number after the `/'.

     name	This is the name of the child.  The child's index
		number is printed after it.  If the child is a
		member of a cycle, the cycle number is printed
		between the name and the index number.

 If there are any cycles (circles) in the call graph, there is an
 entry for the cycle-as-a-whole.  This entry shows who called the
 cycle (as parents) and the members of the cycle (as children.)
 The `+' recursive calls entry shows the number of function calls that
 were internal to the cycle, and the calls entry for each member shows,
 for that member, how many times it was called from other members of
 the cycle.


Index by function name

  [56] LoadSDF_BZ(char*)      [14] avar(double, double, double, prop_type&, propv_type&) [5] d1thx2(double*, double const&, double const&, propa_type&)
   [2] PlotLRPath(site, site, unsigned char, _IO_FILE*) [45] haat(site) [44] lrprop(double, prop_type&, propa_type&)
  [16] WritePPMLR(char*, unsigned char, unsigned char, unsigned char, site*, unsigned char) [36] adiff(double, prop_type&, propa_type&) [11] saalos(double, prop_type&, propa_type&)
  [33] FORTRAN_DIM(double const&, double const&) [21] aknfe(double const&) [20] Azimuth(site, site)
  [27] LoadSDF_SDF(char*)     [31] alos2(double, prop_type&, propa_type&) [34] GetMask(double, double)
  [57] ReadBearing(char*)     [28] ascat(double, prop_type&, propa_type&) [60] LoadPAT(char*)
  [55] ReduceAngle(double)    [17] curve(double const&, double const&, double const&, double const&, double const&, double const&) [25] LoadSDF(char*)
  [32] interpolate(int, int, int, int, int) [43] d1thx(double*, double const&, double const&) [24] PutMask(double, double, int)
  [13] GetElevation(site)      [7] hzns2(double*, prop_type&, propa_type&) [58] dec2dms(double)
  [41] AverageTerrain(site, double, double, double) [18] qerfi(double) [9] lrprop2(double, prop_type&, propa_type&)
  [59] LoadLossColors(site)   [30] qlrps(double, double, double, int, double, double, prop_type&) [4] qlrpfl2(double*, int, int, prop_type&, propa_type&, propv_type&)
   [3] point_to_point(double*, double, double, double, double, double, double, int, int, double, double, double&, char*, int&) [6] qtile(int const&, double*, int const&) [54] Distance(site, site)
  [38] point_to_point_ITM(double*, double, double, double, double, double, double, int, int, double, double, double&, char*, int&) [37] z1sq1(double*, double const&, double const&, double&, double&) [12] ReadPath(site, site)
  [53] ahd(double)             [8] z1sq2(double*, double const&, double const&, double&, double&) [39] abq_alos(std::complex<double>)
  [23] fht(double const&, double const&) [15] OrMask(double, double, int) [19] GetSignal(double, double)
  [35] h0f(double, double)    [10] adiff2(double, prop_type&, propa_type&) [1] PlotLRMap(site, double, char*)
  [42] alos(double, prop_type&, propa_type&) [22] arccos(double, double) [29] PutSignal(double, double, unsigned char)
