Run with 54 miles:
Flat profile:

Each sample counts as 0.01 seconds.
  %   cumulative   self              self     total           
 time   seconds   seconds    calls  ms/call  ms/call  name    
 43.06    918.69   918.69 53288718     0.02     0.02  qtile(int const&, double*, int const&)
 22.29   1394.39   475.70 26644392     0.02     0.05  d1thx2(double*, double const&, double const&, propa_type&)
 19.92   1819.45   425.06 26644392     0.02     0.02  hzns2(double*, prop_type&, propa_type&)
  6.22   1952.22   132.76 53287414     0.00     0.00  z1sq2(double*, double const&, double const&, double&, double&)
  3.06   2017.61    65.39 26644392     0.00     0.08  point_to_point(double*, double, double, double, double, double, double, int, int, double, double, double&, char*, int&)
  1.51   2049.84    32.23 79933121     0.00     0.00  saalos(double, prop_type&, propa_type&)
  1.38   2079.21    29.37 133130582     0.00     0.00  adiff2(double, prop_type&, propa_type&)
  0.39   2087.48     8.27 26644392     0.00     0.00  avar(double, double, double, prop_type&, propv_type&)
  0.37   2095.45     7.97 123857897     0.00     0.00  GetElevation(site)
  0.36   2103.04     7.59    28816     0.26     0.56  ReadPath(site, site)
  0.23   2107.97     4.93 112584314     0.00     0.00  OrMask(double, double, int)
  0.18   2111.90     3.93    28800     0.14    73.96  PlotLRPath(site, site, unsigned char, _IO_FILE*)
  0.15   2115.18     3.28 79933176     0.00     0.00  curve(double const&, double const&, double const&, double const&, double const&, double const&)
  0.15   2118.33     3.15 26644392     0.00     0.00  lrprop2(double, prop_type&, propa_type&)
  0.14   2121.40     3.07                             WritePPMLR(char*, unsigned char, unsigned char, unsigned char, site*, unsigned char)
  0.11   2123.74     2.35 53288784     0.00     0.00  qerfi(double)
  0.08   2125.43     1.69 26644392     0.00     0.00  GetSignal(double, double)
  0.06   2126.62     1.19 101250569     0.00     0.00  fht(double const&, double const&)
  0.05   2127.74     1.13 26644392     0.00     0.08  qlrpfl2(double*, int, int, prop_type&, propa_type&, propv_type&)
  0.05   2128.77     1.03 13473160     0.00     0.00  ascat(double, prop_type&, propa_type&)
  0.04   2129.69     0.92 26673208     0.00     0.00  Azimuth(site, site)
  0.04   2130.60     0.92 157822484     0.00     0.00  aknfe(double const&)
  0.04   2131.48     0.88 26644392     0.00     0.00  PutMask(double, double, int)
  0.02   2131.99     0.51 26644392     0.00     0.00  PutSignal(double, double, unsigned char)
  0.02   2132.46     0.47 123799759     0.00     0.00  arccos(double, double)
  0.01   2132.74     0.28        5    56.00    56.00  LoadSDF_SDF(char*)
  0.01   2132.97     0.23 26644392     0.00     0.00  qlrps(double, double, double, int, double, double, prop_type&)
  0.01   2133.20     0.23 13473160     0.00     0.00  h0f(double, double)
  0.01   2133.31     0.11 112583906     0.00     0.00  GetMask(double, double)
  0.00   2133.40     0.09                             interpolate(int, int, int, int, int)
  0.00   2133.47     0.08 19953501     0.00     0.00  alos2(double, prop_type&, propa_type&)
  0.00   2133.54     0.07                             adiff(double, prop_type&, propa_type&)
  0.00   2133.61     0.07  6736580     0.00     0.00  ahd(double)
  0.00   2133.67     0.06        5    12.00    68.00  LoadSDF(char*)
  0.00   2133.71     0.04                             point_to_point_ITM(double*, double, double, double, double, double, double, int, int, double, double, double&, char*, int&)
  0.00   2133.74     0.04                             z1sq1(double*, double const&, double const&, double&, double&)
  0.00   2133.78     0.04                             abq_alos(std::complex<double>)
  0.00   2133.80     0.02                             FORTRAN_DIM(double const&, double const&)
  0.00   2133.81     0.02                             hzns(double*, prop_type&)
  0.00   2133.83     0.02                             lrprop(double, prop_type&, propa_type&)
  0.00   2133.84     0.01    28816     0.00     0.00  Distance(site, site)
  0.00   2133.85     0.01        1    10.00    10.00  LoadPAT(char*)
  0.00   2133.86     0.01                             PlotLRMap(site, double, char*)
  0.00   2133.86     0.01                             alos(double, prop_type&, propa_type&)
  0.00   2133.87     0.01                             d1thx(double*, double const&, double const&)
  0.00   2133.87     0.01                             qlrpfl(double*, int, int, prop_type&, propa_type&, propv_type&)
  0.00   2133.87     0.00       16     0.00     0.56  AverageTerrain(site, double, double, double)
  0.00   2133.87     0.00        6     0.00     0.00  ReduceAngle(double)
  0.00   2133.87     0.00        2     0.00     0.00  LoadSDF_BZ(char*)
  0.00   2133.87     0.00        2     0.00     0.00  ReadBearing(char*)
  0.00   2133.87     0.00        2     0.00     0.00  dec2dms(double)
  0.00   2133.87     0.00        1     0.00     0.00  LoadLossColors(site)
  0.00   2133.87     0.00        1     0.00     4.45  haat(site)

 %         the percentage of the total running time of the
time       program used by this function.

cumulative a running sum of the number of seconds accounted
 seconds   for by this function and those listed above it.

 self      the number of seconds accounted for by this
seconds    function alone.  This is the major sort for this
           listing.

calls      the number of times this function was invoked, if
           this function is profiled, else blank.
 
 self      the average number of milliseconds spent in this
ms/call    function per call, if this function is profiled,
	   else blank.

 total     the average number of milliseconds spent in this
ms/call    function and its descendents per call, if this 
	   function is profiled, else blank.

name       the name of the function.  This is the minor sort
           for this listing. The index shows the location of
	   the function in the gprof listing. If the index is
	   in parenthesis it shows where it would appear in
	   the gprof listing if it were to be printed.

		     Call graph (explanation follows)


granularity: each sample hit covers 2 byte(s) for 0.00% of 2133.87 seconds

index % time    self  children    called     name
                                                 <spontaneous>
[1]     99.8    0.01 2130.10                 PlotLRMap(site, double, char*) [1]
                3.93 2126.17   28800/28800       PlotLRPath(site, site, unsigned char, _IO_FILE*) [2]
                0.00    0.00       2/6           ReduceAngle(double) [59]
-----------------------------------------------
                3.93 2126.17   28800/28800       PlotLRMap(site, double, char*) [1]
[2]     99.8    3.93 2126.17   28800         PlotLRPath(site, site, unsigned char, _IO_FILE*) [2]
               65.39 2035.70 26644392/26644392     point_to_point(double*, double, double, double, double, double, double, int, int, double, double, double&, char*, int&) [3]
                7.59    8.45   28800/28816       ReadPath(site, site) [12]
                4.93    0.00 112582449/112584314     OrMask(double, double, int) [15]
                1.69    0.00 26644392/26644392     GetSignal(double, double) [19]
                0.92    0.00 26644392/26673208     Azimuth(site, site) [22]
                0.88    0.00 26644392/26644392     PutMask(double, double, int) [24]
                0.51    0.00 26644392/26644392     PutSignal(double, double, unsigned char) [25]
                0.11    0.00 112582449/112583906     GetMask(double, double) [32]
-----------------------------------------------
               65.39 2035.70 26644392/26644392     PlotLRPath(site, site, unsigned char, _IO_FILE*) [2]
[3]     98.5   65.39 2035.70 26644392         point_to_point(double*, double, double, double, double, double, double, int, int, double, double, double&, char*, int&) [3]
                1.13 2020.46 26644392/26644392     qlrpfl2(double*, int, int, prop_type&, propa_type&, propv_type&) [4]
                8.27    3.28 26644392/26644392     avar(double, double, double, prop_type&, propv_type&) [13]
                2.35    0.00 53288784/53288784     qerfi(double) [18]
                0.23    0.00 26644392/26644392     qlrps(double, double, double, int, double, double, prop_type&) [30]
-----------------------------------------------
                1.13 2020.46 26644392/26644392     point_to_point(double*, double, double, double, double, double, double, int, int, double, double, double&, char*, int&) [3]
[4]     94.7    1.13 2020.46 26644392         qlrpfl2(double*, int, int, prop_type&, propa_type&, propv_type&) [4]
              475.70  985.07 26644392/26644392     d1thx2(double*, double const&, double const&, propa_type&) [5]
              425.06    0.00 26644392/26644392     hzns2(double*, prop_type&, propa_type&) [7]
                3.15   65.09 26644392/26644392     lrprop2(double, prop_type&, propa_type&) [9]
               66.38    0.00 26643055/53287414     z1sq2(double*, double const&, double const&, double&, double&) [8]
-----------------------------------------------
              475.70  985.07 26644392/26644392     qlrpfl2(double*, int, int, prop_type&, propa_type&, propv_type&) [4]
[5]     68.5  475.70  985.07 26644392         d1thx2(double*, double const&, double const&, propa_type&) [5]
              918.69    0.00 53288718/53288718     qtile(int const&, double*, int const&) [6]
               66.38    0.00 26644359/53287414     z1sq2(double*, double const&, double const&, double&, double&) [8]
-----------------------------------------------
              918.69    0.00 53288718/53288718     d1thx2(double*, double const&, double const&, propa_type&) [5]
[6]     43.1  918.69    0.00 53288718         qtile(int const&, double*, int const&) [6]
-----------------------------------------------
              425.06    0.00 26644392/26644392     qlrpfl2(double*, int, int, prop_type&, propa_type&, propv_type&) [4]
[7]     19.9  425.06    0.00 26644392         hzns2(double*, prop_type&, propa_type&) [7]
-----------------------------------------------
               66.38    0.00 26643055/53287414     qlrpfl2(double*, int, int, prop_type&, propa_type&, propv_type&) [4]
               66.38    0.00 26644359/53287414     d1thx2(double*, double const&, double const&, propa_type&) [5]
[8]      6.2  132.76    0.00 53287414         z1sq2(double*, double const&, double const&, double&, double&) [8]
-----------------------------------------------
                3.15   65.09 26644392/26644392     qlrpfl2(double*, int, int, prop_type&, propa_type&, propv_type&) [4]
[9]      3.2    3.15   65.09 26644392         lrprop2(double, prop_type&, propa_type&) [9]
               29.37   34.31 133130582/133130582     adiff2(double, prop_type&, propa_type&) [10]
                1.03    0.29 13473160/13473160     ascat(double, prop_type&, propa_type&) [20]
                0.08    0.02 19953501/19953501     alos2(double, prop_type&, propa_type&) [33]
-----------------------------------------------
               29.37   34.31 133130582/133130582     lrprop2(double, prop_type&, propa_type&) [9]
[10]     3.0   29.37   34.31 133130582         adiff2(double, prop_type&, propa_type&) [10]
               32.21    0.00 79887478/79933121     saalos(double, prop_type&, propa_type&) [11]
                1.19    0.00 101250569/101250569     fht(double const&, double const&) [21]
                0.92    0.00 157822484/157822484     aknfe(double const&) [23]
-----------------------------------------------
                0.02    0.00   45643/79933121     alos2(double, prop_type&, propa_type&) [33]
               32.21    0.00 79887478/79933121     adiff2(double, prop_type&, propa_type&) [10]
[11]     1.5   32.23    0.00 79933121         saalos(double, prop_type&, propa_type&) [11]
-----------------------------------------------
                0.00    0.00      16/28816       AverageTerrain(site, double, double, double) [47]
                7.59    8.45   28800/28816       PlotLRPath(site, site, unsigned char, _IO_FILE*) [2]
[12]     0.8    7.59    8.45   28816         ReadPath(site, site) [12]
                7.97    0.00 123857878/123857897     GetElevation(site) [14]
                0.47    0.00 123799745/123799759     arccos(double, double) [26]
                0.01    0.00   28816/28816       Distance(site, site) [43]
                0.00    0.00   28816/26673208     Azimuth(site, site) [22]
-----------------------------------------------
                8.27    3.28 26644392/26644392     point_to_point(double*, double, double, double, double, double, double, int, int, double, double, double&, char*, int&) [3]
[13]     0.5    8.27    3.28 26644392         avar(double, double, double, prop_type&, propv_type&) [13]
                3.28    0.00 79933176/79933176     curve(double const&, double const&, double const&, double const&, double const&, double const&) [16]
-----------------------------------------------
                0.00    0.00       1/123857897     haat(site) [51]
                0.00    0.00       2/123857897     SiteReport(site) [46]
                0.00    0.00      16/123857897     AverageTerrain(site, double, double, double) [47]
                7.97    0.00 123857878/123857897     ReadPath(site, site) [12]
[14]     0.4    7.97    0.00 123857897         GetElevation(site) [14]
-----------------------------------------------
                0.00    0.00    1865/112584314     PlaceMarker(site) [52]
                4.93    0.00 112582449/112584314     PlotLRPath(site, site, unsigned char, _IO_FILE*) [2]
[15]     0.2    4.93    0.00 112584314         OrMask(double, double, int) [15]
-----------------------------------------------
                3.28    0.00 79933176/79933176     avar(double, double, double, prop_type&, propv_type&) [13]
[16]     0.2    3.28    0.00 79933176         curve(double const&, double const&, double const&, double const&, double const&, double const&) [16]
-----------------------------------------------
                                                 <spontaneous>
[17]     0.1    3.07    0.00                 WritePPMLR(char*, unsigned char, unsigned char, unsigned char, site*, unsigned char) [17]
                0.00    0.00       2/6           ReduceAngle(double) [59]
                0.00    0.00       1/1           LoadLossColors(site) [63]
-----------------------------------------------
                2.35    0.00 53288784/53288784     point_to_point(double*, double, double, double, double, double, double, int, int, double, double, double&, char*, int&) [3]
[18]     0.1    2.35    0.00 53288784         qerfi(double) [18]
-----------------------------------------------
                1.69    0.00 26644392/26644392     PlotLRPath(site, site, unsigned char, _IO_FILE*) [2]
[19]     0.1    1.69    0.00 26644392         GetSignal(double, double) [19]
-----------------------------------------------
                1.03    0.29 13473160/13473160     lrprop2(double, prop_type&, propa_type&) [9]
[20]     0.1    1.03    0.29 13473160         ascat(double, prop_type&, propa_type&) [20]
                0.23    0.00 13473160/13473160     h0f(double, double) [31]
                0.07    0.00 6736580/6736580     ahd(double) [36]
-----------------------------------------------
                1.19    0.00 101250569/101250569     adiff2(double, prop_type&, propa_type&) [10]
[21]     0.1    1.19    0.00 101250569         fht(double const&, double const&) [21]
-----------------------------------------------
                0.00    0.00   28816/26673208     ReadPath(site, site) [12]
                0.92    0.00 26644392/26673208     PlotLRPath(site, site, unsigned char, _IO_FILE*) [2]
[22]     0.0    0.92    0.00 26673208         Azimuth(site, site) [22]
-----------------------------------------------
                0.92    0.00 157822484/157822484     adiff2(double, prop_type&, propa_type&) [10]
[23]     0.0    0.92    0.00 157822484         aknfe(double const&) [23]
-----------------------------------------------
                0.88    0.00 26644392/26644392     PlotLRPath(site, site, unsigned char, _IO_FILE*) [2]
[24]     0.0    0.88    0.00 26644392         PutMask(double, double, int) [24]
-----------------------------------------------
                0.51    0.00 26644392/26644392     PlotLRPath(site, site, unsigned char, _IO_FILE*) [2]
[25]     0.0    0.51    0.00 26644392         PutSignal(double, double, unsigned char) [25]
-----------------------------------------------
                0.00    0.00      14/123799759     AverageTerrain(site, double, double, double) [47]
                0.47    0.00 123799745/123799759     ReadPath(site, site) [12]
[26]     0.0    0.47    0.00 123799759         arccos(double, double) [26]
-----------------------------------------------
                0.06    0.28       5/5           LoadTopoData(int, int, int, int) [28]
[27]     0.0    0.06    0.28       5         LoadSDF(char*) [27]
                0.28    0.00       5/5           LoadSDF_SDF(char*) [29]
                0.00    0.00       2/2           LoadSDF_BZ(char*) [60]
-----------------------------------------------
                                                 <spontaneous>
[28]     0.0    0.00    0.34                 LoadTopoData(int, int, int, int) [28]
                0.06    0.28       5/5           LoadSDF(char*) [27]
                0.00    0.00       2/6           ReduceAngle(double) [59]
-----------------------------------------------
                0.28    0.00       5/5           LoadSDF(char*) [27]
[29]     0.0    0.28    0.00       5         LoadSDF_SDF(char*) [29]
-----------------------------------------------
                0.23    0.00 26644392/26644392     point_to_point(double*, double, double, double, double, double, double, int, int, double, double, double&, char*, int&) [3]
[30]     0.0    0.23    0.00 26644392         qlrps(double, double, double, int, double, double, prop_type&) [30]
-----------------------------------------------
                0.23    0.00 13473160/13473160     ascat(double, prop_type&, propa_type&) [20]
[31]     0.0    0.23    0.00 13473160         h0f(double, double) [31]
-----------------------------------------------
                0.00    0.00    1457/112583906     PlaceMarker(site) [52]
                0.11    0.00 112582449/112583906     PlotLRPath(site, site, unsigned char, _IO_FILE*) [2]
[32]     0.0    0.11    0.00 112583906         GetMask(double, double) [32]
-----------------------------------------------
                0.08    0.02 19953501/19953501     lrprop2(double, prop_type&, propa_type&) [9]
[33]     0.0    0.08    0.02 19953501         alos2(double, prop_type&, propa_type&) [33]
                0.02    0.00   45643/79933121     saalos(double, prop_type&, propa_type&) [11]
-----------------------------------------------
                                                 <spontaneous>
[34]     0.0    0.09    0.00                 interpolate(int, int, int, int, int) [34]
-----------------------------------------------
                                                 <spontaneous>
[35]     0.0    0.07    0.00                 adiff(double, prop_type&, propa_type&) [35]
-----------------------------------------------
                0.07    0.00 6736580/6736580     ascat(double, prop_type&, propa_type&) [20]
[36]     0.0    0.07    0.00 6736580         ahd(double) [36]
-----------------------------------------------
                                                 <spontaneous>
[37]     0.0    0.04    0.00                 point_to_point_ITM(double*, double, double, double, double, double, double, int, int, double, double, double&, char*, int&) [37]
-----------------------------------------------
                                                 <spontaneous>
[38]     0.0    0.04    0.00                 z1sq1(double*, double const&, double const&, double&, double&) [38]
-----------------------------------------------
                                                 <spontaneous>
[39]     0.0    0.04    0.00                 abq_alos(std::complex<double>) [39]
-----------------------------------------------
                                                 <spontaneous>
[40]     0.0    0.02    0.00                 FORTRAN_DIM(double const&, double const&) [40]
-----------------------------------------------
                                                 <spontaneous>
[41]     0.0    0.02    0.00                 hzns(double*, prop_type&) [41]
-----------------------------------------------
                                                 <spontaneous>
[42]     0.0    0.02    0.00                 lrprop(double, prop_type&, propa_type&) [42]
-----------------------------------------------
                0.01    0.00   28816/28816       ReadPath(site, site) [12]
[43]     0.0    0.01    0.00   28816         Distance(site, site) [43]
-----------------------------------------------
                0.01    0.00       1/1           ReadLRParm(site, char) [45]
[44]     0.0    0.01    0.00       1         LoadPAT(char*) [44]
-----------------------------------------------
                                                 <spontaneous>
[45]     0.0    0.00    0.01                 ReadLRParm(site, char) [45]
                0.01    0.00       1/1           LoadPAT(char*) [44]
-----------------------------------------------
                                                 <spontaneous>
[46]     0.0    0.00    0.01                 SiteReport(site) [46]
                0.00    0.00       1/1           haat(site) [51]
                0.00    0.00       8/16          AverageTerrain(site, double, double, double) [47]
                0.00    0.00       2/123857897     GetElevation(site) [14]
                0.00    0.00       2/2           dec2dms(double) [62]
-----------------------------------------------
                0.00    0.00       8/16          haat(site) [51]
                0.00    0.00       8/16          SiteReport(site) [46]
[47]     0.0    0.00    0.01      16         AverageTerrain(site, double, double, double) [47]
                0.00    0.00      16/28816       ReadPath(site, site) [12]
                0.00    0.00      16/123857897     GetElevation(site) [14]
                0.00    0.00      14/123799759     arccos(double, double) [26]
-----------------------------------------------
                                                 <spontaneous>
[48]     0.0    0.01    0.00                 alos(double, prop_type&, propa_type&) [48]
-----------------------------------------------
                                                 <spontaneous>
[49]     0.0    0.01    0.00                 d1thx(double*, double const&, double const&) [49]
-----------------------------------------------
                                                 <spontaneous>
[50]     0.0    0.01    0.00                 qlrpfl(double*, int, int, prop_type&, propa_type&, propv_type&) [50]
-----------------------------------------------
                0.00    0.00       1/1           SiteReport(site) [46]
[51]     0.0    0.00    0.00       1         haat(site) [51]
                0.00    0.00       8/16          AverageTerrain(site, double, double, double) [47]
                0.00    0.00       1/123857897     GetElevation(site) [14]
-----------------------------------------------
                                                 <spontaneous>
[52]     0.0    0.00    0.00                 PlaceMarker(site) [52]
                0.00    0.00    1865/112584314     OrMask(double, double, int) [15]
                0.00    0.00    1457/112583906     GetMask(double, double) [32]
-----------------------------------------------
                0.00    0.00       2/6           PlotLRMap(site, double, char*) [1]
                0.00    0.00       2/6           WritePPMLR(char*, unsigned char, unsigned char, unsigned char, site*, unsigned char) [17]
                0.00    0.00       2/6           LoadTopoData(int, int, int, int) [28]
[59]     0.0    0.00    0.00       6         ReduceAngle(double) [59]
-----------------------------------------------
                0.00    0.00       2/2           LoadSDF(char*) [27]
[60]     0.0    0.00    0.00       2         LoadSDF_BZ(char*) [60]
-----------------------------------------------
                0.00    0.00       2/2           LoadQTH(char*) [92]
[61]     0.0    0.00    0.00       2         ReadBearing(char*) [61]
-----------------------------------------------
                0.00    0.00       2/2           SiteReport(site) [46]
[62]     0.0    0.00    0.00       2         dec2dms(double) [62]
-----------------------------------------------
                0.00    0.00       1/1           WritePPMLR(char*, unsigned char, unsigned char, unsigned char, site*, unsigned char) [17]
[63]     0.0    0.00    0.00       1         LoadLossColors(site) [63]
-----------------------------------------------

 This table describes the call tree of the program, and was sorted by
 the total amount of time spent in each function and its children.

 Each entry in this table consists of several lines.  The line with the
 index number at the left hand margin lists the current function.
 The lines above it list the functions that called this function,
 and the lines below it list the functions this one called.
 This line lists:
     index	A unique number given to each element of the table.
		Index numbers are sorted numerically.
		The index number is printed next to every function name so
		it is easier to look up where the function in the table.

     % time	This is the percentage of the `total' time that was spent
		in this function and its children.  Note that due to
		different viewpoints, functions excluded by options, etc,
		these numbers will NOT add up to 100%.

     self	This is the total amount of time spent in this function.

     children	This is the total amount of time propagated into this
		function by its children.

     called	This is the number of times the function was called.
		If the function called itself recursively, the number
		only includes non-recursive calls, and is followed by
		a `+' and the number of recursive calls.

     name	The name of the current function.  The index number is
		printed after it.  If the function is a member of a
		cycle, the cycle number is printed between the
		function's name and the index number.


 For the function's parents, the fields have the following meanings:

     self	This is the amount of time that was propagated directly
		from the function into this parent.

     children	This is the amount of time that was propagated from
		the function's children into this parent.

     called	This is the number of times this parent called the
		function `/' the total number of times the function
		was called.  Recursive calls to the function are not
		included in the number after the `/'.

     name	This is the name of the parent.  The parent's index
		number is printed after it.  If the parent is a
		member of a cycle, the cycle number is printed between
		the name and the index number.

 If the parents of the function cannot be determined, the word
 `<spontaneous>' is printed in the `name' field, and all the other
 fields are blank.

 For the function's children, the fields have the following meanings:

     self	This is the amount of time that was propagated directly
		from the child into the function.

     children	This is the amount of time that was propagated from the
		child's children to the function.

     called	This is the number of times the function called
		this child `/' the total number of times the child
		was called.  Recursive calls by the child are not
		listed in the number after the `/'.

     name	This is the name of the child.  The child's index
		number is printed after it.  If the child is a
		member of a cycle, the cycle number is printed
		between the name and the index number.

 If there are any cycles (circles) in the call graph, there is an
 entry for the cycle-as-a-whole.  This entry shows who called the
 cycle (as parents) and the members of the cycle (as children.)
 The `+' recursive calls entry shows the number of function calls that
 were internal to the cycle, and the calls entry for each member shows,
 for that member, how many times it was called from other members of
 the cycle.


Index by function name

  [60] LoadSDF_BZ(char*)      [51] haat(site)             [42] lrprop(double, prop_type&, propa_type&)
   [2] PlotLRPath(site, site, unsigned char, _IO_FILE*) [41] hzns(double*, prop_type&) [50] qlrpfl(double*, int, int, prop_type&, propa_type&, propv_type&)
  [17] WritePPMLR(char*, unsigned char, unsigned char, unsigned char, site*, unsigned char) [35] adiff(double, prop_type&, propa_type&) [11] saalos(double, prop_type&, propa_type&)
  [40] FORTRAN_DIM(double const&, double const&) [23] aknfe(double const&) [22] Azimuth(site, site)
  [29] LoadSDF_SDF(char*)     [33] alos2(double, prop_type&, propa_type&) [32] GetMask(double, double)
  [61] ReadBearing(char*)     [20] ascat(double, prop_type&, propa_type&) [44] LoadPAT(char*)
  [59] ReduceAngle(double)    [16] curve(double const&, double const&, double const&, double const&, double const&, double const&) [27] LoadSDF(char*)
  [34] interpolate(int, int, int, int, int) [49] d1thx(double*, double const&, double const&) [24] PutMask(double, double, int)
  [14] GetElevation(site)      [7] hzns2(double*, prop_type&, propa_type&) [62] dec2dms(double)
  [47] AverageTerrain(site, double, double, double) [18] qerfi(double) [9] lrprop2(double, prop_type&, propa_type&)
  [63] LoadLossColors(site)   [30] qlrps(double, double, double, int, double, double, prop_type&) [4] qlrpfl2(double*, int, int, prop_type&, propa_type&, propv_type&)
   [3] point_to_point(double*, double, double, double, double, double, double, int, int, double, double, double&, char*, int&) [6] qtile(int const&, double*, int const&) [43] Distance(site, site)
  [37] point_to_point_ITM(double*, double, double, double, double, double, double, int, int, double, double, double&, char*, int&) [38] z1sq1(double*, double const&, double const&, double&, double&) [12] ReadPath(site, site)
  [36] ahd(double)             [8] z1sq2(double*, double const&, double const&, double&, double&) [39] abq_alos(std::complex<double>)
  [21] fht(double const&, double const&) [15] OrMask(double, double, int) [19] GetSignal(double, double)
  [31] h0f(double, double)    [10] adiff2(double, prop_type&, propa_type&) [1] PlotLRMap(site, double, char*)
  [48] alos(double, prop_type&, propa_type&) [26] arccos(double, double) [25] PutSignal(double, double, unsigned char)
  [13] avar(double, double, double, prop_type&, propv_type&) [5] d1thx2(double*, double const&, double const&, propa_type&)
