Run with 7 miles:
Flat profile:

Each sample counts as 0.01 seconds.
  %   cumulative   self              self     total           
 time   seconds   seconds    calls  ms/call  ms/call  name    
 20.12      2.41     2.41  1024622     0.00     0.00  qtile(int const&, double*, int const&)
 15.69      4.29     1.88    14416     0.13     0.25  ReadPath(site, site)
 13.44      5.90     1.61 31283163     0.00     0.00  GetElevation(site)
 11.02      7.22     1.32   512344     0.00     0.01  d1thx2(double*, double const&, double const&, propa_type&)
 10.85      8.52     1.30   512344     0.00     0.00  hzns2(double*, prop_type&, propa_type&)
  5.38      9.17     0.65  1536994     0.00     0.00  saalos(double, prop_type&, propa_type&)
  5.34      9.81     0.64  2486072     0.00     0.00  adiff2(double, prop_type&, propa_type&)
  5.01     10.41     0.60  1023317     0.00     0.00  z1sq2(double*, double const&, double const&, double&, double&)
  3.84     10.87     0.46                             WritePPMLR(char*, unsigned char, unsigned char, unsigned char, site*, unsigned char)
  1.75     11.08     0.21  6287075     0.00     0.00  OrMask(double, double, int)
  1.42     11.25     0.17   512344     0.00     0.01  point_to_point(double*, double, double, double, double, double, double, int, int, double, double, double&, char*, int&)
  1.00     11.37     0.12   512344     0.00     0.00  avar(double, double, double, prop_type&, propv_type&)
  1.00     11.49     0.12        2    60.00    60.00  LoadSDF_SDF(char*)
  0.75     11.58     0.09 31253849     0.00     0.00  arccos(double, double)
  0.75     11.67     0.09    14400     0.01     0.79  PlotLRPath(site, site, unsigned char, _IO_FILE*)
  0.67     11.75     0.08  1537032     0.00     0.00  curve(double const&, double const&, double const&, double const&, double const&, double const&)
  0.58     11.82     0.07   512344     0.00     0.00  lrprop2(double, prop_type&, propa_type&)
  0.42     11.87     0.05  1024688     0.00     0.00  qerfi(double)
  0.33     11.91     0.04   512344     0.00     0.01  qlrpfl2(double*, int, int, prop_type&, propa_type&, propv_type&)
  0.17     11.93     0.02   512344     0.00     0.00  GetSignal(double, double)
  0.08     11.94     0.01  2918504     0.00     0.00  aknfe(double const&)
  0.08     11.95     0.01  1758459     0.00     0.00  fht(double const&, double const&)
  0.08     11.96     0.01   526760     0.00     0.00  Azimuth(site, site)
  0.08     11.97     0.01   512344     0.00     0.00  qlrps(double, double, double, int, double, double, prop_type&)
  0.08     11.98     0.01                             interpolate(int, int, int, int, int)
  0.04     11.98     0.01                             abq_alos(std::complex<double>)
  0.00     11.98     0.00  6286667     0.00     0.00  GetMask(double, double)
  0.00     11.98     0.00   550168     0.00     0.00  alos2(double, prop_type&, propa_type&)
  0.00     11.98     0.00   512344     0.00     0.00  PutMask(double, double, int)
  0.00     11.98     0.00   512344     0.00     0.00  PutSignal(double, double, unsigned char)
  0.00     11.98     0.00    14416     0.00     0.00  Distance(site, site)
  0.00     11.98     0.00       16     0.00     0.25  AverageTerrain(site, double, double, double)
  0.00     11.98     0.00        6     0.00     0.00  ReduceAngle(double)
  0.00     11.98     0.00        2     0.00     0.00  ReadBearing(char*)
  0.00     11.98     0.00        2     0.00    60.00  LoadSDF(char*)
  0.00     11.98     0.00        2     0.00     0.00  dec2dms(double)
  0.00     11.98     0.00        1     0.00     0.00  LoadSDF_BZ(char*)
  0.00     11.98     0.00        1     0.00     0.00  LoadLossColors(site)
  0.00     11.98     0.00        1     0.00     1.99  haat(site)
  0.00     11.98     0.00        1     0.00     0.00  LoadPAT(char*)

 %         the percentage of the total running time of the
time       program used by this function.

cumulative a running sum of the number of seconds accounted
 seconds   for by this function and those listed above it.

 self      the number of seconds accounted for by this
seconds    function alone.  This is the major sort for this
           listing.

calls      the number of times this function was invoked, if
           this function is profiled, else blank.
 
 self      the average number of milliseconds spent in this
ms/call    function per call, if this function is profiled,
	   else blank.

 total     the average number of milliseconds spent in this
ms/call    function and its descendents per call, if this 
	   function is profiled, else blank.

name       the name of the function.  This is the minor sort
           for this listing. The index shows the location of
	   the function in the gprof listing. If the index is
	   in parenthesis it shows where it would appear in
	   the gprof listing if it were to be printed.

		     Call graph (explanation follows)


granularity: each sample hit covers 2 byte(s) for 0.08% of 11.98 seconds

index % time    self  children    called     name
                0.09   11.29   14400/14400       PlotLRMap(site, double, char*) [2]
[1]     95.0    0.09   11.29   14400         PlotLRPath(site, site, unsigned char, _IO_FILE*) [1]
                0.17    7.31  512344/512344      point_to_point(double*, double, double, double, double, double, double, int, int, double, double, double&, char*, int&) [3]
                1.88    1.70   14400/14416       ReadPath(site, site) [6]
                0.21    0.00 6285210/6287075     OrMask(double, double, int) [15]
                0.02    0.00  512344/512344      GetSignal(double, double) [23]
                0.01    0.00  512344/526760      Azimuth(site, site) [27]
                0.00    0.00 6285210/6286667     GetMask(double, double) [41]
                0.00    0.00  512344/512344      PutSignal(double, double, unsigned char) [43]
                0.00    0.00  512344/512344      PutMask(double, double, int) [42]
-----------------------------------------------
                                                 <spontaneous>
[2]     95.0    0.00   11.38                 PlotLRMap(site, double, char*) [2]
                0.09   11.29   14400/14400       PlotLRPath(site, site, unsigned char, _IO_FILE*) [1]
                0.00    0.00       2/6           ReduceAngle(double) [45]
-----------------------------------------------
                0.17    7.31  512344/512344      PlotLRPath(site, site, unsigned char, _IO_FILE*) [1]
[3]     62.4    0.17    7.31  512344         point_to_point(double*, double, double, double, double, double, double, int, int, double, double, double&, char*, int&) [3]
                0.04    7.01  512344/512344      qlrpfl2(double*, int, int, prop_type&, propa_type&, propv_type&) [4]
                0.12    0.08  512344/512344      avar(double, double, double, prop_type&, propv_type&) [16]
                0.05    0.00 1024688/1024688     qerfi(double) [22]
                0.01    0.00  512344/512344      qlrps(double, double, double, int, double, double, prop_type&) [28]
-----------------------------------------------
                0.04    7.01  512344/512344      point_to_point(double*, double, double, double, double, double, double, int, int, double, double, double&, char*, int&) [3]
[4]     58.8    0.04    7.01  512344         qlrpfl2(double*, int, int, prop_type&, propa_type&, propv_type&) [4]
                1.32    2.71  512344/512344      d1thx2(double*, double const&, double const&, propa_type&) [5]
                0.07    1.31  512344/512344      lrprop2(double, prop_type&, propa_type&) [9]
                1.30    0.00  512344/512344      hzns2(double*, prop_type&, propa_type&) [10]
                0.30    0.00  511006/1023317     z1sq2(double*, double const&, double const&, double&, double&) [13]
-----------------------------------------------
                1.32    2.71  512344/512344      qlrpfl2(double*, int, int, prop_type&, propa_type&, propv_type&) [4]
[5]     33.6    1.32    2.71  512344         d1thx2(double*, double const&, double const&, propa_type&) [5]
                2.41    0.00 1024622/1024622     qtile(int const&, double*, int const&) [7]
                0.30    0.00  512311/1023317     z1sq2(double*, double const&, double const&, double&, double&) [13]
-----------------------------------------------
                0.00    0.00      16/14416       AverageTerrain(site, double, double, double) [32]
                1.88    1.70   14400/14416       PlotLRPath(site, site, unsigned char, _IO_FILE*) [1]
[6]     29.9    1.88    1.70   14416         ReadPath(site, site) [6]
                1.61    0.00 31283144/31283163     GetElevation(site) [8]
                0.09    0.00 31253835/31253849     arccos(double, double) [20]
                0.00    0.00   14416/526760      Azimuth(site, site) [27]
                0.00    0.00   14416/14416       Distance(site, site) [44]
-----------------------------------------------
                2.41    0.00 1024622/1024622     d1thx2(double*, double const&, double const&, propa_type&) [5]
[7]     20.1    2.41    0.00 1024622         qtile(int const&, double*, int const&) [7]
-----------------------------------------------
                0.00    0.00       1/31283163     haat(site) [33]
                0.00    0.00       2/31283163     SiteReport(site) [31]
                0.00    0.00      16/31283163     AverageTerrain(site, double, double, double) [32]
                1.61    0.00 31283144/31283163     ReadPath(site, site) [6]
[8]     13.4    1.61    0.00 31283163         GetElevation(site) [8]
-----------------------------------------------
                0.07    1.31  512344/512344      qlrpfl2(double*, int, int, prop_type&, propa_type&, propv_type&) [4]
[9]     11.5    0.07    1.31  512344         lrprop2(double, prop_type&, propa_type&) [9]
                0.64    0.65 2486072/2486072     adiff2(double, prop_type&, propa_type&) [11]
                0.00    0.02  550168/550168      alos2(double, prop_type&, propa_type&) [24]
-----------------------------------------------
                1.30    0.00  512344/512344      qlrpfl2(double*, int, int, prop_type&, propa_type&, propv_type&) [4]
[10]    10.9    1.30    0.00  512344         hzns2(double*, prop_type&, propa_type&) [10]
-----------------------------------------------
                0.64    0.65 2486072/2486072     lrprop2(double, prop_type&, propa_type&) [9]
[11]    10.8    0.64    0.65 2486072         adiff2(double, prop_type&, propa_type&) [11]
                0.63    0.00 1499205/1536994     saalos(double, prop_type&, propa_type&) [12]
                0.01    0.00 2918504/2918504     aknfe(double const&) [25]
                0.01    0.00 1758459/1758459     fht(double const&, double const&) [26]
-----------------------------------------------
                0.02    0.00   37789/1536994     alos2(double, prop_type&, propa_type&) [24]
                0.63    0.00 1499205/1536994     adiff2(double, prop_type&, propa_type&) [11]
[12]     5.4    0.65    0.00 1536994         saalos(double, prop_type&, propa_type&) [12]
-----------------------------------------------
                0.30    0.00  511006/1023317     qlrpfl2(double*, int, int, prop_type&, propa_type&, propv_type&) [4]
                0.30    0.00  512311/1023317     d1thx2(double*, double const&, double const&, propa_type&) [5]
[13]     5.0    0.60    0.00 1023317         z1sq2(double*, double const&, double const&, double&, double&) [13]
-----------------------------------------------
                                                 <spontaneous>
[14]     3.8    0.46    0.00                 WritePPMLR(char*, unsigned char, unsigned char, unsigned char, site*, unsigned char) [14]
                0.00    0.00       2/6           ReduceAngle(double) [45]
                0.00    0.00       1/1           LoadLossColors(site) [49]
-----------------------------------------------
                0.00    0.00    1865/6287075     PlaceMarker(site) [34]
                0.21    0.00 6285210/6287075     PlotLRPath(site, site, unsigned char, _IO_FILE*) [1]
[15]     1.8    0.21    0.00 6287075         OrMask(double, double, int) [15]
-----------------------------------------------
                0.12    0.08  512344/512344      point_to_point(double*, double, double, double, double, double, double, int, int, double, double, double&, char*, int&) [3]
[16]     1.7    0.12    0.08  512344         avar(double, double, double, prop_type&, propv_type&) [16]
                0.08    0.00 1537032/1537032     curve(double const&, double const&, double const&, double const&, double const&, double const&) [21]
-----------------------------------------------
                0.12    0.00       2/2           LoadSDF(char*) [18]
[17]     1.0    0.12    0.00       2         LoadSDF_SDF(char*) [17]
-----------------------------------------------
                0.00    0.12       2/2           LoadTopoData(int, int, int, int) [19]
[18]     1.0    0.00    0.12       2         LoadSDF(char*) [18]
                0.12    0.00       2/2           LoadSDF_SDF(char*) [17]
                0.00    0.00       1/1           LoadSDF_BZ(char*) [48]
-----------------------------------------------
                                                 <spontaneous>
[19]     1.0    0.00    0.12                 LoadTopoData(int, int, int, int) [19]
                0.00    0.12       2/2           LoadSDF(char*) [18]
                0.00    0.00       2/6           ReduceAngle(double) [45]
-----------------------------------------------
                0.00    0.00      14/31253849     AverageTerrain(site, double, double, double) [32]
                0.09    0.00 31253835/31253849     ReadPath(site, site) [6]
[20]     0.8    0.09    0.00 31253849         arccos(double, double) [20]
-----------------------------------------------
                0.08    0.00 1537032/1537032     avar(double, double, double, prop_type&, propv_type&) [16]
[21]     0.7    0.08    0.00 1537032         curve(double const&, double const&, double const&, double const&, double const&, double const&) [21]
-----------------------------------------------
                0.05    0.00 1024688/1024688     point_to_point(double*, double, double, double, double, double, double, int, int, double, double, double&, char*, int&) [3]
[22]     0.4    0.05    0.00 1024688         qerfi(double) [22]
-----------------------------------------------
                0.02    0.00  512344/512344      PlotLRPath(site, site, unsigned char, _IO_FILE*) [1]
[23]     0.2    0.02    0.00  512344         GetSignal(double, double) [23]
-----------------------------------------------
                0.00    0.02  550168/550168      lrprop2(double, prop_type&, propa_type&) [9]
[24]     0.1    0.00    0.02  550168         alos2(double, prop_type&, propa_type&) [24]
                0.02    0.00   37789/1536994     saalos(double, prop_type&, propa_type&) [12]
-----------------------------------------------
                0.01    0.00 2918504/2918504     adiff2(double, prop_type&, propa_type&) [11]
[25]     0.1    0.01    0.00 2918504         aknfe(double const&) [25]
-----------------------------------------------
                0.01    0.00 1758459/1758459     adiff2(double, prop_type&, propa_type&) [11]
[26]     0.1    0.01    0.00 1758459         fht(double const&, double const&) [26]
-----------------------------------------------
                0.00    0.00   14416/526760      ReadPath(site, site) [6]
                0.01    0.00  512344/526760      PlotLRPath(site, site, unsigned char, _IO_FILE*) [1]
[27]     0.1    0.01    0.00  526760         Azimuth(site, site) [27]
-----------------------------------------------
                0.01    0.00  512344/512344      point_to_point(double*, double, double, double, double, double, double, int, int, double, double, double&, char*, int&) [3]
[28]     0.1    0.01    0.00  512344         qlrps(double, double, double, int, double, double, prop_type&) [28]
-----------------------------------------------
                                                 <spontaneous>
[29]     0.1    0.01    0.00                 interpolate(int, int, int, int, int) [29]
-----------------------------------------------
                                                 <spontaneous>
[30]     0.0    0.01    0.00                 abq_alos(std::complex<double>) [30]
-----------------------------------------------
                                                 <spontaneous>
[31]     0.0    0.00    0.00                 SiteReport(site) [31]
                0.00    0.00       1/1           haat(site) [33]
                0.00    0.00       8/16          AverageTerrain(site, double, double, double) [32]
                0.00    0.00       2/31283163     GetElevation(site) [8]
                0.00    0.00       2/2           dec2dms(double) [47]
-----------------------------------------------
                0.00    0.00       8/16          haat(site) [33]
                0.00    0.00       8/16          SiteReport(site) [31]
[32]     0.0    0.00    0.00      16         AverageTerrain(site, double, double, double) [32]
                0.00    0.00      16/14416       ReadPath(site, site) [6]
                0.00    0.00      16/31283163     GetElevation(site) [8]
                0.00    0.00      14/31253849     arccos(double, double) [20]
-----------------------------------------------
                0.00    0.00       1/1           SiteReport(site) [31]
[33]     0.0    0.00    0.00       1         haat(site) [33]
                0.00    0.00       8/16          AverageTerrain(site, double, double, double) [32]
                0.00    0.00       1/31283163     GetElevation(site) [8]
-----------------------------------------------
                                                 <spontaneous>
[34]     0.0    0.00    0.00                 PlaceMarker(site) [34]
                0.00    0.00    1865/6287075     OrMask(double, double, int) [15]
                0.00    0.00    1457/6286667     GetMask(double, double) [41]
-----------------------------------------------
                0.00    0.00    1457/6286667     PlaceMarker(site) [34]
                0.00    0.00 6285210/6286667     PlotLRPath(site, site, unsigned char, _IO_FILE*) [1]
[41]     0.0    0.00    0.00 6286667         GetMask(double, double) [41]
-----------------------------------------------
                0.00    0.00  512344/512344      PlotLRPath(site, site, unsigned char, _IO_FILE*) [1]
[42]     0.0    0.00    0.00  512344         PutMask(double, double, int) [42]
-----------------------------------------------
                0.00    0.00  512344/512344      PlotLRPath(site, site, unsigned char, _IO_FILE*) [1]
[43]     0.0    0.00    0.00  512344         PutSignal(double, double, unsigned char) [43]
-----------------------------------------------
                0.00    0.00   14416/14416       ReadPath(site, site) [6]
[44]     0.0    0.00    0.00   14416         Distance(site, site) [44]
-----------------------------------------------
                0.00    0.00       2/6           PlotLRMap(site, double, char*) [2]
                0.00    0.00       2/6           WritePPMLR(char*, unsigned char, unsigned char, unsigned char, site*, unsigned char) [14]
                0.00    0.00       2/6           LoadTopoData(int, int, int, int) [19]
[45]     0.0    0.00    0.00       6         ReduceAngle(double) [45]
-----------------------------------------------
                0.00    0.00       2/2           LoadQTH(char*) [92]
[46]     0.0    0.00    0.00       2         ReadBearing(char*) [46]
-----------------------------------------------
                0.00    0.00       2/2           SiteReport(site) [31]
[47]     0.0    0.00    0.00       2         dec2dms(double) [47]
-----------------------------------------------
                0.00    0.00       1/1           LoadSDF(char*) [18]
[48]     0.0    0.00    0.00       1         LoadSDF_BZ(char*) [48]
-----------------------------------------------
                0.00    0.00       1/1           WritePPMLR(char*, unsigned char, unsigned char, unsigned char, site*, unsigned char) [14]
[49]     0.0    0.00    0.00       1         LoadLossColors(site) [49]
-----------------------------------------------
                0.00    0.00       1/1           ReadLRParm(site, char) [54]
[50]     0.0    0.00    0.00       1         LoadPAT(char*) [50]
-----------------------------------------------

 This table describes the call tree of the program, and was sorted by
 the total amount of time spent in each function and its children.

 Each entry in this table consists of several lines.  The line with the
 index number at the left hand margin lists the current function.
 The lines above it list the functions that called this function,
 and the lines below it list the functions this one called.
 This line lists:
     index	A unique number given to each element of the table.
		Index numbers are sorted numerically.
		The index number is printed next to every function name so
		it is easier to look up where the function in the table.

     % time	This is the percentage of the `total' time that was spent
		in this function and its children.  Note that due to
		different viewpoints, functions excluded by options, etc,
		these numbers will NOT add up to 100%.

     self	This is the total amount of time spent in this function.

     children	This is the total amount of time propagated into this
		function by its children.

     called	This is the number of times the function was called.
		If the function called itself recursively, the number
		only includes non-recursive calls, and is followed by
		a `+' and the number of recursive calls.

     name	The name of the current function.  The index number is
		printed after it.  If the function is a member of a
		cycle, the cycle number is printed between the
		function's name and the index number.


 For the function's parents, the fields have the following meanings:

     self	This is the amount of time that was propagated directly
		from the function into this parent.

     children	This is the amount of time that was propagated from
		the function's children into this parent.

     called	This is the number of times this parent called the
		function `/' the total number of times the function
		was called.  Recursive calls to the function are not
		included in the number after the `/'.

     name	This is the name of the parent.  The parent's index
		number is printed after it.  If the parent is a
		member of a cycle, the cycle number is printed between
		the name and the index number.

 If the parents of the function cannot be determined, the word
 `<spontaneous>' is printed in the `name' field, and all the other
 fields are blank.

 For the function's children, the fields have the following meanings:

     self	This is the amount of time that was propagated directly
		from the child into the function.

     children	This is the amount of time that was propagated from the
		child's children to the function.

     called	This is the number of times the function called
		this child `/' the total number of times the child
		was called.  Recursive calls by the child are not
		listed in the number after the `/'.

     name	This is the name of the child.  The child's index
		number is printed after it.  If the child is a
		member of a cycle, the cycle number is printed
		between the name and the index number.

 If there are any cycles (circles) in the call graph, there is an
 entry for the cycle-as-a-whole.  This entry shows who called the
 cycle (as parents) and the members of the cycle (as children.)
 The `+' recursive calls entry shows the number of function calls that
 were internal to the cycle, and the calls entry for each member shows,
 for that member, how many times it was called from other members of
 the cycle.


Index by function name

  [48] LoadSDF_BZ(char*)      [25] aknfe(double const&)   [41] GetMask(double, double)
   [1] PlotLRPath(site, site, unsigned char, _IO_FILE*) [24] alos2(double, prop_type&, propa_type&) [50] LoadPAT(char*)
  [14] WritePPMLR(char*, unsigned char, unsigned char, unsigned char, site*, unsigned char) [21] curve(double const&, double const&, double const&, double const&, double const&, double const&) [18] LoadSDF(char*)
  [17] LoadSDF_SDF(char*)     [10] hzns2(double*, prop_type&, propa_type&) [42] PutMask(double, double, int)
  [46] ReadBearing(char*)     [22] qerfi(double)          [47] dec2dms(double)
  [45] ReduceAngle(double)    [28] qlrps(double, double, double, int, double, double, prop_type&) [9] lrprop2(double, prop_type&, propa_type&)
  [29] interpolate(int, int, int, int, int) [7] qtile(int const&, double*, int const&) [4] qlrpfl2(double*, int, int, prop_type&, propa_type&, propv_type&)
   [8] GetElevation(site)     [13] z1sq2(double*, double const&, double const&, double&, double&) [44] Distance(site, site)
  [32] AverageTerrain(site, double, double, double) [15] OrMask(double, double, int) [6] ReadPath(site, site)
  [49] LoadLossColors(site)   [11] adiff2(double, prop_type&, propa_type&) [30] abq_alos(std::complex<double>)
   [3] point_to_point(double*, double, double, double, double, double, double, int, int, double, double, double&, char*, int&) [20] arccos(double, double) [23] GetSignal(double, double)
  [26] fht(double const&, double const&) [5] d1thx2(double*, double const&, double const&, propa_type&) [43] PutSignal(double, double, unsigned char)
  [16] avar(double, double, double, prop_type&, propv_type&) [12] saalos(double, prop_type&, propa_type&)
  [33] haat(site)             [27] Azimuth(site, site)
