Run with 28 miles:
Flat profile:

Each sample counts as 0.01 seconds.
  %   cumulative   self              self     total           
 time   seconds   seconds    calls  ms/call  ms/call  name    
 37.65    141.34   141.34 16386098     0.01     0.01  qtile(int const&, double*, int const&)
 21.41    221.71    80.38  8193082     0.01     0.03  d1thx2(double*, double const&, double const&, propa_type&)
 18.53    291.29    69.57  8193082     0.01     0.01  hzns2(double*, prop_type&, propa_type&)
  6.36    315.17    23.88 16384794     0.00     0.00  z1sq2(double*, double const&, double const&, double&, double&)
  2.88    325.99    10.82  8193082     0.00     0.04  point_to_point(double*, double, double, double, double, double, double, int, int, double, double, double&, char*, int&)
  2.64    335.91     9.92 24579197     0.00     0.00  saalos(double, prop_type&, propa_type&)
  2.33    344.67     8.76 40877328     0.00     0.00  adiff2(double, prop_type&, propa_type&)
  2.15    352.73     8.06 123857897     0.00     0.00  GetElevation(site)
  1.97    360.12     7.39    28816     0.26     0.55  ReadPath(site, site)
  0.76    362.98     2.86                             WritePPMLR(char*, unsigned char, unsigned char, unsigned char, site*, unsigned char)
  0.71    365.63     2.66  8193082     0.00     0.00  avar(double, double, double, prop_type&, propv_type&)
  0.59    367.84     2.21 54477612     0.00     0.00  OrMask(double, double, int)
  0.37    369.23     1.39    28800     0.05    12.91  PlotLRPath(site, site, unsigned char, _IO_FILE*)
  0.28    370.27     1.04 24579246     0.00     0.00  curve(double const&, double const&, double const&, double const&, double const&, double const&)
  0.27    371.29     1.02  8193082     0.00     0.00  lrprop2(double, prop_type&, propa_type&)
  0.21    372.07     0.79 16386164     0.00     0.00  qerfi(double)
  0.15    372.65     0.58  8193082     0.00     0.00  GetSignal(double, double)
  0.11    373.06     0.41 123799759     0.00     0.00  arccos(double, double)
  0.10    373.45     0.39        5    78.00    78.00  LoadSDF_SDF(char*)
  0.09    373.78     0.33 30793235     0.00     0.00  fht(double const&, double const&)
  0.09    374.10     0.32  8193082     0.00     0.00  PutMask(double, double, int)
  0.07    374.38     0.28  8193082     0.00     0.04  qlrpfl2(double*, int, int, prop_type&, propa_type&, propv_type&)
  0.07    374.65     0.27  8221898     0.00     0.00  Azimuth(site, site)
  0.07    374.92     0.27 48491340     0.00     0.00  aknfe(double const&)
  0.03    375.03     0.11  8193082     0.00     0.00  PutSignal(double, double, unsigned char)
  0.02    375.10     0.07  8193082     0.00     0.00  qlrps(double, double, double, int, double, double, prop_type&)
  0.02    375.17     0.07                             interpolate(int, int, int, int, int)
  0.01    375.22     0.05        5    10.00    88.01  LoadSDF(char*)
  0.01    375.26     0.05  8237123     0.00     0.00  alos2(double, prop_type&, propa_type&)
  0.01    375.30     0.04 54477204     0.00     0.00  GetMask(double, double)
  0.01    375.33     0.03                             FORTRAN_DIM(double const&, double const&)
  0.01    375.35     0.02                             adiff(double, prop_type&, propa_type&)
  0.01    375.37     0.02                             PlotLRMap(site, double, char*)
  0.00    375.38     0.02                             abq_alos(std::complex<double>)
  0.00    375.39     0.01    28816     0.00     0.00  Distance(site, site)
  0.00    375.40     0.01        2     5.00     5.00  dec2dms(double)
  0.00    375.41     0.01                             z1sq1(double*, double const&, double const&, double&, double&)
  0.00    375.42     0.01                             alos(double, prop_type&, propa_type&)
  0.00    375.42     0.01                             ascat(double, prop_type&, propa_type&)
  0.00    375.42     0.00       16     0.00     0.55  AverageTerrain(site, double, double, double)
  0.00    375.42     0.00        6     0.00     0.00  ReduceAngle(double)
  0.00    375.42     0.00        2     0.00     0.00  LoadSDF_BZ(char*)
  0.00    375.42     0.00        2     0.00     0.00  ReadBearing(char*)
  0.00    375.42     0.00        1     0.00     0.00  LoadLossColors(site)
  0.00    375.42     0.00        1     0.00     4.41  haat(site)
  0.00    375.42     0.00        1     0.00     0.00  LoadPAT(char*)

 %         the percentage of the total running time of the
time       program used by this function.

cumulative a running sum of the number of seconds accounted
 seconds   for by this function and those listed above it.

 self      the number of seconds accounted for by this
seconds    function alone.  This is the major sort for this
           listing.

calls      the number of times this function was invoked, if
           this function is profiled, else blank.
 
 self      the average number of milliseconds spent in this
ms/call    function per call, if this function is profiled,
	   else blank.

 total     the average number of milliseconds spent in this
ms/call    function and its descendents per call, if this 
	   function is profiled, else blank.

name       the name of the function.  This is the minor sort
           for this listing. The index shows the location of
	   the function in the gprof listing. If the index is
	   in parenthesis it shows where it would appear in
	   the gprof listing if it were to be printed.

		     Call graph (explanation follows)


granularity: each sample hit covers 2 byte(s) for 0.00% of 375.42 seconds

index % time    self  children    called     name
                                                 <spontaneous>
[1]     99.1    0.02  371.93                 PlotLRMap(site, double, char*) [1]
                1.39  370.54   28800/28800       PlotLRPath(site, site, unsigned char, _IO_FILE*) [2]
                0.00    0.00       2/6           ReduceAngle(double) [51]
-----------------------------------------------
                1.39  370.54   28800/28800       PlotLRMap(site, double, char*) [1]
[2]     99.1    1.39  370.54   28800         PlotLRPath(site, site, unsigned char, _IO_FILE*) [2]
               10.82  340.33 8193082/8193082     point_to_point(double*, double, double, double, double, double, double, int, int, double, double, double&, char*, int&) [3]
                7.39    8.48   28800/28816       ReadPath(site, site) [11]
                2.21    0.00 54475747/54477612     OrMask(double, double, int) [16]
                0.58    0.00 8193082/8193082     GetSignal(double, double) [19]
                0.32    0.00 8193082/8193082     PutMask(double, double, int) [25]
                0.27    0.00 8193082/8221898     Azimuth(site, site) [26]
                0.11    0.00 8193082/8193082     PutSignal(double, double, unsigned char) [28]
                0.04    0.00 54475747/54477204     GetMask(double, double) [32]
-----------------------------------------------
               10.82  340.33 8193082/8193082     PlotLRPath(site, site, unsigned char, _IO_FILE*) [2]
[3]     93.5   10.82  340.33 8193082         point_to_point(double*, double, double, double, double, double, double, int, int, double, double, double&, char*, int&) [3]
                0.28  335.51 8193082/8193082     qlrpfl2(double*, int, int, prop_type&, propa_type&, propv_type&) [4]
                2.66    1.04 8193082/8193082     avar(double, double, double, prop_type&, propv_type&) [14]
                0.79    0.00 16386164/16386164     qerfi(double) [18]
                0.07    0.00 8193082/8193082     qlrps(double, double, double, int, double, double, prop_type&) [29]
-----------------------------------------------
                0.28  335.51 8193082/8193082     point_to_point(double*, double, double, double, double, double, double, int, int, double, double, double&, char*, int&) [3]
[4]     89.4    0.28  335.51 8193082         qlrpfl2(double*, int, int, prop_type&, propa_type&, propv_type&) [4]
               80.38  153.28 8193082/8193082     d1thx2(double*, double const&, double const&, propa_type&) [5]
               69.57    0.00 8193082/8193082     hzns2(double*, prop_type&, propa_type&) [7]
                1.02   19.32 8193082/8193082     lrprop2(double, prop_type&, propa_type&) [9]
               11.94    0.00 8191745/16384794     z1sq2(double*, double const&, double const&, double&, double&) [8]
-----------------------------------------------
               80.38  153.28 8193082/8193082     qlrpfl2(double*, int, int, prop_type&, propa_type&, propv_type&) [4]
[5]     62.2   80.38  153.28 8193082         d1thx2(double*, double const&, double const&, propa_type&) [5]
              141.34    0.00 16386098/16386098     qtile(int const&, double*, int const&) [6]
               11.94    0.00 8193049/16384794     z1sq2(double*, double const&, double const&, double&, double&) [8]
-----------------------------------------------
              141.34    0.00 16386098/16386098     d1thx2(double*, double const&, double const&, propa_type&) [5]
[6]     37.6  141.34    0.00 16386098         qtile(int const&, double*, int const&) [6]
-----------------------------------------------
               69.57    0.00 8193082/8193082     qlrpfl2(double*, int, int, prop_type&, propa_type&, propv_type&) [4]
[7]     18.5   69.57    0.00 8193082         hzns2(double*, prop_type&, propa_type&) [7]
-----------------------------------------------
               11.94    0.00 8191745/16384794     qlrpfl2(double*, int, int, prop_type&, propa_type&, propv_type&) [4]
               11.94    0.00 8193049/16384794     d1thx2(double*, double const&, double const&, propa_type&) [5]
[8]      6.4   23.88    0.00 16384794         z1sq2(double*, double const&, double const&, double&, double&) [8]
-----------------------------------------------
                1.02   19.32 8193082/8193082     qlrpfl2(double*, int, int, prop_type&, propa_type&, propv_type&) [4]
[9]      5.4    1.02   19.32 8193082         lrprop2(double, prop_type&, propa_type&) [9]
                8.76   10.49 40877328/40877328     adiff2(double, prop_type&, propa_type&) [10]
                0.05    0.02 8237123/8237123     alos2(double, prop_type&, propa_type&) [31]
-----------------------------------------------
                8.76   10.49 40877328/40877328     lrprop2(double, prop_type&, propa_type&) [9]
[10]     5.1    8.76   10.49 40877328         adiff2(double, prop_type&, propa_type&) [10]
                9.90    0.00 24535202/24579197     saalos(double, prop_type&, propa_type&) [12]
                0.33    0.00 30793235/30793235     fht(double const&, double const&) [24]
                0.27    0.00 48491340/48491340     aknfe(double const&) [27]
-----------------------------------------------
                0.00    0.00      16/28816       AverageTerrain(site, double, double, double) [40]
                7.39    8.48   28800/28816       PlotLRPath(site, site, unsigned char, _IO_FILE*) [2]
[11]     4.2    7.39    8.48   28816         ReadPath(site, site) [11]
                8.06    0.00 123857878/123857897     GetElevation(site) [13]
                0.41    0.00 123799745/123799759     arccos(double, double) [22]
                0.01    0.00   28816/28816       Distance(site, site) [37]
                0.00    0.00   28816/8221898     Azimuth(site, site) [26]
-----------------------------------------------
                0.02    0.00   43995/24579197     alos2(double, prop_type&, propa_type&) [31]
                9.90    0.00 24535202/24579197     adiff2(double, prop_type&, propa_type&) [10]
[12]     2.6    9.92    0.00 24579197         saalos(double, prop_type&, propa_type&) [12]
-----------------------------------------------
                0.00    0.00       1/123857897     haat(site) [43]
                0.00    0.00       2/123857897     SiteReport(site) [35]
                0.00    0.00      16/123857897     AverageTerrain(site, double, double, double) [40]
                8.06    0.00 123857878/123857897     ReadPath(site, site) [11]
[13]     2.1    8.06    0.00 123857897         GetElevation(site) [13]
-----------------------------------------------
                2.66    1.04 8193082/8193082     point_to_point(double*, double, double, double, double, double, double, int, int, double, double, double&, char*, int&) [3]
[14]     1.0    2.66    1.04 8193082         avar(double, double, double, prop_type&, propv_type&) [14]
                1.04    0.00 24579246/24579246     curve(double const&, double const&, double const&, double const&, double const&, double const&) [17]
-----------------------------------------------
                                                 <spontaneous>
[15]     0.8    2.86    0.00                 WritePPMLR(char*, unsigned char, unsigned char, unsigned char, site*, unsigned char) [15]
                0.00    0.00       2/6           ReduceAngle(double) [51]
                0.00    0.00       1/1           LoadLossColors(site) [54]
-----------------------------------------------
                0.00    0.00    1865/54477612     PlaceMarker(site) [44]
                2.21    0.00 54475747/54477612     PlotLRPath(site, site, unsigned char, _IO_FILE*) [2]
[16]     0.6    2.21    0.00 54477612         OrMask(double, double, int) [16]
-----------------------------------------------
                1.04    0.00 24579246/24579246     avar(double, double, double, prop_type&, propv_type&) [14]
[17]     0.3    1.04    0.00 24579246         curve(double const&, double const&, double const&, double const&, double const&, double const&) [17]
-----------------------------------------------
                0.79    0.00 16386164/16386164     point_to_point(double*, double, double, double, double, double, double, int, int, double, double, double&, char*, int&) [3]
[18]     0.2    0.79    0.00 16386164         qerfi(double) [18]
-----------------------------------------------
                0.58    0.00 8193082/8193082     PlotLRPath(site, site, unsigned char, _IO_FILE*) [2]
[19]     0.2    0.58    0.00 8193082         GetSignal(double, double) [19]
-----------------------------------------------
                0.05    0.39       5/5           LoadTopoData(int, int, int, int) [21]
[20]     0.1    0.05    0.39       5         LoadSDF(char*) [20]
                0.39    0.00       5/5           LoadSDF_SDF(char*) [23]
                0.00    0.00       2/2           LoadSDF_BZ(char*) [52]
-----------------------------------------------
                                                 <spontaneous>
[21]     0.1    0.00    0.44                 LoadTopoData(int, int, int, int) [21]
                0.05    0.39       5/5           LoadSDF(char*) [20]
                0.00    0.00       2/6           ReduceAngle(double) [51]
-----------------------------------------------
                0.00    0.00      14/123799759     AverageTerrain(site, double, double, double) [40]
                0.41    0.00 123799745/123799759     ReadPath(site, site) [11]
[22]     0.1    0.41    0.00 123799759         arccos(double, double) [22]
-----------------------------------------------
                0.39    0.00       5/5           LoadSDF(char*) [20]
[23]     0.1    0.39    0.00       5         LoadSDF_SDF(char*) [23]
-----------------------------------------------
                0.33    0.00 30793235/30793235     adiff2(double, prop_type&, propa_type&) [10]
[24]     0.1    0.33    0.00 30793235         fht(double const&, double const&) [24]
-----------------------------------------------
                0.32    0.00 8193082/8193082     PlotLRPath(site, site, unsigned char, _IO_FILE*) [2]
[25]     0.1    0.32    0.00 8193082         PutMask(double, double, int) [25]
-----------------------------------------------
                0.00    0.00   28816/8221898     ReadPath(site, site) [11]
                0.27    0.00 8193082/8221898     PlotLRPath(site, site, unsigned char, _IO_FILE*) [2]
[26]     0.1    0.27    0.00 8221898         Azimuth(site, site) [26]
-----------------------------------------------
                0.27    0.00 48491340/48491340     adiff2(double, prop_type&, propa_type&) [10]
[27]     0.1    0.27    0.00 48491340         aknfe(double const&) [27]
-----------------------------------------------
                0.11    0.00 8193082/8193082     PlotLRPath(site, site, unsigned char, _IO_FILE*) [2]
[28]     0.0    0.11    0.00 8193082         PutSignal(double, double, unsigned char) [28]
-----------------------------------------------
                0.07    0.00 8193082/8193082     point_to_point(double*, double, double, double, double, double, double, int, int, double, double, double&, char*, int&) [3]
[29]     0.0    0.07    0.00 8193082         qlrps(double, double, double, int, double, double, prop_type&) [29]
-----------------------------------------------
                                                 <spontaneous>
[30]     0.0    0.07    0.00                 interpolate(int, int, int, int, int) [30]
-----------------------------------------------
                0.05    0.02 8237123/8237123     lrprop2(double, prop_type&, propa_type&) [9]
[31]     0.0    0.05    0.02 8237123         alos2(double, prop_type&, propa_type&) [31]
                0.02    0.00   43995/24579197     saalos(double, prop_type&, propa_type&) [12]
-----------------------------------------------
                0.00    0.00    1457/54477204     PlaceMarker(site) [44]
                0.04    0.00 54475747/54477204     PlotLRPath(site, site, unsigned char, _IO_FILE*) [2]
[32]     0.0    0.04    0.00 54477204         GetMask(double, double) [32]
-----------------------------------------------
                                                 <spontaneous>
[33]     0.0    0.03    0.00                 FORTRAN_DIM(double const&, double const&) [33]
-----------------------------------------------
                                                 <spontaneous>
[34]     0.0    0.02    0.00                 adiff(double, prop_type&, propa_type&) [34]
-----------------------------------------------
                                                 <spontaneous>
[35]     0.0    0.00    0.02                 SiteReport(site) [35]
                0.01    0.00       2/2           dec2dms(double) [38]
                0.00    0.00       1/1           haat(site) [43]
                0.00    0.00       8/16          AverageTerrain(site, double, double, double) [40]
                0.00    0.00       2/123857897     GetElevation(site) [13]
-----------------------------------------------
                                                 <spontaneous>
[36]     0.0    0.02    0.00                 abq_alos(std::complex<double>) [36]
-----------------------------------------------
                0.01    0.00   28816/28816       ReadPath(site, site) [11]
[37]     0.0    0.01    0.00   28816         Distance(site, site) [37]
-----------------------------------------------
                0.01    0.00       2/2           SiteReport(site) [35]
[38]     0.0    0.01    0.00       2         dec2dms(double) [38]
-----------------------------------------------
                                                 <spontaneous>
[39]     0.0    0.01    0.00                 z1sq1(double*, double const&, double const&, double&, double&) [39]
-----------------------------------------------
                0.00    0.00       8/16          haat(site) [43]
                0.00    0.00       8/16          SiteReport(site) [35]
[40]     0.0    0.00    0.01      16         AverageTerrain(site, double, double, double) [40]
                0.00    0.00      16/28816       ReadPath(site, site) [11]
                0.00    0.00      16/123857897     GetElevation(site) [13]
                0.00    0.00      14/123799759     arccos(double, double) [22]
-----------------------------------------------
                                                 <spontaneous>
[41]     0.0    0.01    0.00                 alos(double, prop_type&, propa_type&) [41]
-----------------------------------------------
                                                 <spontaneous>
[42]     0.0    0.01    0.00                 ascat(double, prop_type&, propa_type&) [42]
-----------------------------------------------
                0.00    0.00       1/1           SiteReport(site) [35]
[43]     0.0    0.00    0.00       1         haat(site) [43]
                0.00    0.00       8/16          AverageTerrain(site, double, double, double) [40]
                0.00    0.00       1/123857897     GetElevation(site) [13]
-----------------------------------------------
                                                 <spontaneous>
[44]     0.0    0.00    0.00                 PlaceMarker(site) [44]
                0.00    0.00    1865/54477612     OrMask(double, double, int) [16]
                0.00    0.00    1457/54477204     GetMask(double, double) [32]
-----------------------------------------------
                0.00    0.00       2/6           PlotLRMap(site, double, char*) [1]
                0.00    0.00       2/6           WritePPMLR(char*, unsigned char, unsigned char, unsigned char, site*, unsigned char) [15]
                0.00    0.00       2/6           LoadTopoData(int, int, int, int) [21]
[51]     0.0    0.00    0.00       6         ReduceAngle(double) [51]
-----------------------------------------------
                0.00    0.00       2/2           LoadSDF(char*) [20]
[52]     0.0    0.00    0.00       2         LoadSDF_BZ(char*) [52]
-----------------------------------------------
                0.00    0.00       2/2           LoadQTH(char*) [92]
[53]     0.0    0.00    0.00       2         ReadBearing(char*) [53]
-----------------------------------------------
                0.00    0.00       1/1           WritePPMLR(char*, unsigned char, unsigned char, unsigned char, site*, unsigned char) [15]
[54]     0.0    0.00    0.00       1         LoadLossColors(site) [54]
-----------------------------------------------
                0.00    0.00       1/1           ReadLRParm(site, char) [59]
[55]     0.0    0.00    0.00       1         LoadPAT(char*) [55]
-----------------------------------------------

 This table describes the call tree of the program, and was sorted by
 the total amount of time spent in each function and its children.

 Each entry in this table consists of several lines.  The line with the
 index number at the left hand margin lists the current function.
 The lines above it list the functions that called this function,
 and the lines below it list the functions this one called.
 This line lists:
     index	A unique number given to each element of the table.
		Index numbers are sorted numerically.
		The index number is printed next to every function name so
		it is easier to look up where the function in the table.

     % time	This is the percentage of the `total' time that was spent
		in this function and its children.  Note that due to
		different viewpoints, functions excluded by options, etc,
		these numbers will NOT add up to 100%.

     self	This is the total amount of time spent in this function.

     children	This is the total amount of time propagated into this
		function by its children.

     called	This is the number of times the function was called.
		If the function called itself recursively, the number
		only includes non-recursive calls, and is followed by
		a `+' and the number of recursive calls.

     name	The name of the current function.  The index number is
		printed after it.  If the function is a member of a
		cycle, the cycle number is printed between the
		function's name and the index number.


 For the function's parents, the fields have the following meanings:

     self	This is the amount of time that was propagated directly
		from the function into this parent.

     children	This is the amount of time that was propagated from
		the function's children into this parent.

     called	This is the number of times this parent called the
		function `/' the total number of times the function
		was called.  Recursive calls to the function are not
		included in the number after the `/'.

     name	This is the name of the parent.  The parent's index
		number is printed after it.  If the parent is a
		member of a cycle, the cycle number is printed between
		the name and the index number.

 If the parents of the function cannot be determined, the word
 `<spontaneous>' is printed in the `name' field, and all the other
 fields are blank.

 For the function's children, the fields have the following meanings:

     self	This is the amount of time that was propagated directly
		from the child into the function.

     children	This is the amount of time that was propagated from the
		child's children to the function.

     called	This is the number of times the function called
		this child `/' the total number of times the child
		was called.  Recursive calls by the child are not
		listed in the number after the `/'.

     name	This is the name of the child.  The child's index
		number is printed after it.  If the child is a
		member of a cycle, the cycle number is printed
		between the name and the index number.

 If there are any cycles (circles) in the call graph, there is an
 entry for the cycle-as-a-whole.  This entry shows who called the
 cycle (as parents) and the members of the cycle (as children.)
 The `+' recursive calls entry shows the number of function calls that
 were internal to the cycle, and the calls entry for each member shows,
 for that member, how many times it was called from other members of
 the cycle.


Index by function name

  [52] LoadSDF_BZ(char*)      [34] adiff(double, prop_type&, propa_type&) [26] Azimuth(site, site)
   [2] PlotLRPath(site, site, unsigned char, _IO_FILE*) [27] aknfe(double const&) [32] GetMask(double, double)
  [15] WritePPMLR(char*, unsigned char, unsigned char, unsigned char, site*, unsigned char) [31] alos2(double, prop_type&, propa_type&) [55] LoadPAT(char*)
  [33] FORTRAN_DIM(double const&, double const&) [42] ascat(double, prop_type&, propa_type&) [20] LoadSDF(char*)
  [23] LoadSDF_SDF(char*)     [17] curve(double const&, double const&, double const&, double const&, double const&, double const&) [25] PutMask(double, double, int)
  [53] ReadBearing(char*)      [7] hzns2(double*, prop_type&, propa_type&) [38] dec2dms(double)
  [51] ReduceAngle(double)    [18] qerfi(double)           [9] lrprop2(double, prop_type&, propa_type&)
  [30] interpolate(int, int, int, int, int) [29] qlrps(double, double, double, int, double, double, prop_type&) [4] qlrpfl2(double*, int, int, prop_type&, propa_type&, propv_type&)
  [13] GetElevation(site)      [6] qtile(int const&, double*, int const&) [37] Distance(site, site)
  [40] AverageTerrain(site, double, double, double) [39] z1sq1(double*, double const&, double const&, double&, double&) [11] ReadPath(site, site)
  [54] LoadLossColors(site)    [8] z1sq2(double*, double const&, double const&, double&, double&) [36] abq_alos(std::complex<double>)
   [3] point_to_point(double*, double, double, double, double, double, double, int, int, double, double, double&, char*, int&) [16] OrMask(double, double, int) [19] GetSignal(double, double)
  [24] fht(double const&, double const&) [10] adiff2(double, prop_type&, propa_type&) [1] PlotLRMap(site, double, char*)
  [41] alos(double, prop_type&, propa_type&) [22] arccos(double, double) [28] PutSignal(double, double, unsigned char)
  [14] avar(double, double, double, prop_type&, propv_type&) [5] d1thx2(double*, double const&, double const&, propa_type&)
  [43] haat(site)             [12] saalos(double, prop_type&, propa_type&)
