Run with 82 miles:
Flat profile:

Each sample counts as 0.01 seconds.
  %   cumulative   self              self     total           
 time   seconds   seconds    calls  ms/call  ms/call  name    
 49.61   2711.73  2711.73 88776654     0.03     0.03  qtile(int const&, double*, int const&)
 20.25   3818.38  1106.64 44388360     0.02     0.09  d1thx2(double*, double const&, double const&, propa_type&)
 18.43   4825.62  1007.24 44388360     0.02     0.02  hzns2(double*, prop_type&, propa_type&)
  5.68   5136.19   310.57 88775350     0.00     0.00  z1sq2(double*, double const&, double const&, double&, double&)
  2.66   5281.48   145.29 44388360     0.00     0.12  point_to_point(double*, double, double, double, double, double, double, int, int, double, double, double&, char*, int&)
  1.01   5336.65    55.16 133165025     0.00     0.00  saalos(double, prop_type&, propa_type&)
  0.89   5385.51    48.86 221850422     0.00     0.00  adiff2(double, prop_type&, propa_type&)
  0.26   5399.64    14.13 44388360     0.00     0.00  avar(double, double, double, prop_type&, propv_type&)
  0.16   5408.40     8.76 158578777     0.00     0.00  OrMask(double, double, int)
  0.14   5416.02     7.62    28816     0.26     0.54  ReadPath(site, site)
  0.14   5423.63     7.61 123857897     0.00     0.00  GetElevation(site)
  0.11   5429.62     5.99    28800     0.21   189.66  PlotLRPath(site, site, unsigned char, _IO_FILE*)
  0.09   5434.72     5.11 133165080     0.00     0.00  curve(double const&, double const&, double const&, double const&, double const&, double const&)
  0.09   5439.75     5.03 44388360     0.00     0.00  lrprop2(double, prop_type&, propa_type&)
  0.07   5443.42     3.67 88776720     0.00     0.00  qerfi(double)
  0.06   5446.59     3.17                             WritePPMLR(char*, unsigned char, unsigned char, unsigned char, site*, unsigned char)
  0.05   5449.48     2.90 46174146     0.00     0.00  ascat(double, prop_type&, propa_type&)
  0.05   5452.28     2.80 44388360     0.00     0.00  GetSignal(double, double)
  0.04   5454.63     2.35 44388360     0.00     0.12  qlrpfl2(double*, int, int, prop_type&, propa_type&, propv_type&)
  0.04   5456.55     1.93 171443549     0.00     0.00  fht(double const&, double const&)
  0.03   5458.38     1.83 44388360     0.00     0.00  PutMask(double, double, int)
  0.03   5460.11     1.73 44417176     0.00     0.00  Azimuth(site, site)
  0.03   5461.82     1.71 264034972     0.00     0.00  aknfe(double const&)
  0.02   5463.10     1.28 44388360     0.00     0.00  PutSignal(double, double, unsigned char)
  0.02   5464.12     1.02 46174146     0.00     0.00  h0f(double, double)
  0.01   5464.55     0.43 123799759     0.00     0.00  arccos(double, double)
  0.01   5464.86     0.31 44388360     0.00     0.00  qlrps(double, double, double, int, double, double, prop_type&)
  0.01   5465.15     0.29        5    58.00    58.00  LoadSDF_SDF(char*)
  0.00   5465.40     0.25 23087073     0.00     0.00  ahd(double)
  0.00   5465.59     0.19 21346976     0.00     0.00  alos2(double, prop_type&, propa_type&)
  0.00   5465.66     0.07 158578369     0.00     0.00  GetMask(double, double)
  0.00   5465.73     0.07                             FORTRAN_DIM(double const&, double const&)
  0.00   5465.78     0.05        5    10.00    68.00  LoadSDF(char*)
  0.00   5465.83     0.05                             adiff(double, prop_type&, propa_type&)
  0.00   5465.87     0.04    28816     0.00     0.00  Distance(site, site)
  0.00   5465.90     0.04                             z1sq1(double*, double const&, double const&, double&, double&)
  0.00   5465.93     0.03                             d1thx(double*, double const&, double const&)
  0.00   5465.95     0.02        2    10.00    10.00  dec2dms(double)
  0.00   5465.97     0.02                             interpolate(int, int, int, int, int)
  0.00   5465.99     0.02                             hzns(double*, prop_type&)
  0.00   5466.01     0.02                             lrprop(double, prop_type&, propa_type&)
  0.00   5466.03     0.02                             abq_alos(std::complex<double>)
  0.00   5466.04     0.01                             point_to_point_ITM(double*, double, double, double, double, double, double, int, int, double, double, double&, char*, int&)
  0.00   5466.05     0.01                             alos(double, prop_type&, propa_type&)
  0.00   5466.06     0.01                             PlotLRMap(site, double, char*)
  0.00   5466.06     0.01                             qlrpfl(double*, int, int, prop_type&, propa_type&, propv_type&)
  0.00   5466.06     0.00       16     0.00     0.54  AverageTerrain(site, double, double, double)
  0.00   5466.06     0.00        6     0.00     0.00  ReduceAngle(double)
  0.00   5466.06     0.00        2     0.00     0.00  LoadSDF_BZ(char*)
  0.00   5466.06     0.00        2     0.00     0.00  ReadBearing(char*)
  0.00   5466.06     0.00        1     0.00     0.00  LoadLossColors(site)
  0.00   5466.06     0.00        1     0.00     4.36  haat(site)
  0.00   5466.06     0.00        1     0.00     0.00  LoadPAT(char*)

 %         the percentage of the total running time of the
time       program used by this function.

cumulative a running sum of the number of seconds accounted
 seconds   for by this function and those listed above it.

 self      the number of seconds accounted for by this
seconds    function alone.  This is the major sort for this
           listing.

calls      the number of times this function was invoked, if
           this function is profiled, else blank.
 
 self      the average number of milliseconds spent in this
ms/call    function per call, if this function is profiled,
	   else blank.

 total     the average number of milliseconds spent in this
ms/call    function and its descendents per call, if this 
	   function is profiled, else blank.

name       the name of the function.  This is the minor sort
           for this listing. The index shows the location of
	   the function in the gprof listing. If the index is
	   in parenthesis it shows where it would appear in
	   the gprof listing if it were to be printed.

		     Call graph (explanation follows)


granularity: each sample hit covers 2 byte(s) for 0.00% of 5466.06 seconds

index % time    self  children    called     name
                                                 <spontaneous>
[1]     99.9    0.01 5462.24                 PlotLRMap(site, double, char*) [1]
                5.99 5456.24   28800/28800       PlotLRPath(site, site, unsigned char, _IO_FILE*) [2]
                0.00    0.00       2/6           ReduceAngle(double) [58]
-----------------------------------------------
                5.99 5456.24   28800/28800       PlotLRMap(site, double, char*) [1]
[2]     99.9    5.99 5456.24   28800         PlotLRPath(site, site, unsigned char, _IO_FILE*) [2]
              145.29 5278.79 44388360/44388360     point_to_point(double*, double, double, double, double, double, double, int, int, double, double, double&, char*, int&) [3]
                7.62    8.08   28800/28816       ReadPath(site, site) [13]
                8.76    0.00 158576912/158578777     OrMask(double, double, int) [14]
                2.80    0.00 44388360/44388360     GetSignal(double, double) [20]
                1.83    0.00 44388360/44388360     PutMask(double, double, int) [22]
                1.73    0.00 44388360/44417176     Azimuth(site, site) [23]
                1.28    0.00 44388360/44388360     PutSignal(double, double, unsigned char) [25]
                0.07    0.00 158576912/158578369     GetMask(double, double) [34]
-----------------------------------------------
              145.29 5278.79 44388360/44388360     PlotLRPath(site, site, unsigned char, _IO_FILE*) [2]
[3]     99.2  145.29 5278.79 44388360         point_to_point(double*, double, double, double, double, double, double, int, int, double, double, double&, char*, int&) [3]
                2.35 5253.24 44388360/44388360     qlrpfl2(double*, int, int, prop_type&, propa_type&, propv_type&) [4]
               14.13    5.11 44388360/44388360     avar(double, double, double, prop_type&, propv_type&) [12]
                3.67    0.00 88776720/88776720     qerfi(double) [18]
                0.31    0.00 44388360/44388360     qlrps(double, double, double, int, double, double, prop_type&) [30]
-----------------------------------------------
                2.35 5253.24 44388360/44388360     point_to_point(double*, double, double, double, double, double, double, int, int, double, double, double&, char*, int&) [3]
[4]     96.1    2.35 5253.24 44388360         qlrpfl2(double*, int, int, prop_type&, propa_type&, propv_type&) [4]
             1106.64 2867.02 44388360/44388360     d1thx2(double*, double const&, double const&, propa_type&) [5]
             1007.24    0.00 44388360/44388360     hzns2(double*, prop_type&, propa_type&) [7]
              155.28    0.00 44387023/88775350     z1sq2(double*, double const&, double const&, double&, double&) [8]
                5.03  112.02 44388360/44388360     lrprop2(double, prop_type&, propa_type&) [9]
-----------------------------------------------
             1106.64 2867.02 44388360/44388360     qlrpfl2(double*, int, int, prop_type&, propa_type&, propv_type&) [4]
[5]     72.7 1106.64 2867.02 44388360         d1thx2(double*, double const&, double const&, propa_type&) [5]
             2711.73    0.00 88776654/88776654     qtile(int const&, double*, int const&) [6]
              155.29    0.00 44388327/88775350     z1sq2(double*, double const&, double const&, double&, double&) [8]
-----------------------------------------------
             2711.73    0.00 88776654/88776654     d1thx2(double*, double const&, double const&, propa_type&) [5]
[6]     49.6 2711.73    0.00 88776654         qtile(int const&, double*, int const&) [6]
-----------------------------------------------
             1007.24    0.00 44388360/44388360     qlrpfl2(double*, int, int, prop_type&, propa_type&, propv_type&) [4]
[7]     18.4 1007.24    0.00 44388360         hzns2(double*, prop_type&, propa_type&) [7]
-----------------------------------------------
              155.28    0.00 44387023/88775350     qlrpfl2(double*, int, int, prop_type&, propa_type&, propv_type&) [4]
              155.29    0.00 44388327/88775350     d1thx2(double*, double const&, double const&, propa_type&) [5]
[8]      5.7  310.57    0.00 88775350         z1sq2(double*, double const&, double const&, double&, double&) [8]
-----------------------------------------------
                5.03  112.02 44388360/44388360     qlrpfl2(double*, int, int, prop_type&, propa_type&, propv_type&) [4]
[9]      2.1    5.03  112.02 44388360         lrprop2(double, prop_type&, propa_type&) [9]
               48.86   58.78 221850422/221850422     adiff2(double, prop_type&, propa_type&) [10]
                2.90    1.27 46174146/46174146     ascat(double, prop_type&, propa_type&) [17]
                0.19    0.02 21346976/21346976     alos2(double, prop_type&, propa_type&) [33]
-----------------------------------------------
               48.86   58.78 221850422/221850422     lrprop2(double, prop_type&, propa_type&) [9]
[10]     2.0   48.86   58.78 221850422         adiff2(double, prop_type&, propa_type&) [10]
               55.14    0.00 133119382/133165025     saalos(double, prop_type&, propa_type&) [11]
                1.93    0.00 171443549/171443549     fht(double const&, double const&) [21]
                1.71    0.00 264034972/264034972     aknfe(double const&) [24]
-----------------------------------------------
                0.02    0.00   45643/133165025     alos2(double, prop_type&, propa_type&) [33]
               55.14    0.00 133119382/133165025     adiff2(double, prop_type&, propa_type&) [10]
[11]     1.0   55.16    0.00 133165025         saalos(double, prop_type&, propa_type&) [11]
-----------------------------------------------
               14.13    5.11 44388360/44388360     point_to_point(double*, double, double, double, double, double, double, int, int, double, double, double&, char*, int&) [3]
[12]     0.4   14.13    5.11 44388360         avar(double, double, double, prop_type&, propv_type&) [12]
                5.11    0.00 133165080/133165080     curve(double const&, double const&, double const&, double const&, double const&, double const&) [16]
-----------------------------------------------
                0.00    0.00      16/28816       AverageTerrain(site, double, double, double) [48]
                7.62    8.08   28800/28816       PlotLRPath(site, site, unsigned char, _IO_FILE*) [2]
[13]     0.3    7.62    8.08   28816         ReadPath(site, site) [13]
                7.61    0.00 123857878/123857897     GetElevation(site) [15]
                0.43    0.00 123799745/123799759     arccos(double, double) [27]
                0.04    0.00   28816/28816       Distance(site, site) [37]
                0.00    0.00   28816/44417176     Azimuth(site, site) [23]
-----------------------------------------------
                0.00    0.00    1865/158578777     PlaceMarker(site) [51]
                8.76    0.00 158576912/158578777     PlotLRPath(site, site, unsigned char, _IO_FILE*) [2]
[14]     0.2    8.76    0.00 158578777         OrMask(double, double, int) [14]
-----------------------------------------------
                0.00    0.00       1/123857897     haat(site) [50]
                0.00    0.00       2/123857897     SiteReport(site) [39]
                0.00    0.00      16/123857897     AverageTerrain(site, double, double, double) [48]
                7.61    0.00 123857878/123857897     ReadPath(site, site) [13]
[15]     0.1    7.61    0.00 123857897         GetElevation(site) [15]
-----------------------------------------------
                5.11    0.00 133165080/133165080     avar(double, double, double, prop_type&, propv_type&) [12]
[16]     0.1    5.11    0.00 133165080         curve(double const&, double const&, double const&, double const&, double const&, double const&) [16]
-----------------------------------------------
                2.90    1.27 46174146/46174146     lrprop2(double, prop_type&, propa_type&) [9]
[17]     0.1    2.90    1.27 46174146         ascat(double, prop_type&, propa_type&) [17]
                1.02    0.00 46174146/46174146     h0f(double, double) [26]
                0.25    0.00 23087073/23087073     ahd(double) [32]
-----------------------------------------------
                3.67    0.00 88776720/88776720     point_to_point(double*, double, double, double, double, double, double, int, int, double, double, double&, char*, int&) [3]
[18]     0.1    3.67    0.00 88776720         qerfi(double) [18]
-----------------------------------------------
                                                 <spontaneous>
[19]     0.1    3.17    0.00                 WritePPMLR(char*, unsigned char, unsigned char, unsigned char, site*, unsigned char) [19]
                0.00    0.00       2/6           ReduceAngle(double) [58]
                0.00    0.00       1/1           LoadLossColors(site) [61]
-----------------------------------------------
                2.80    0.00 44388360/44388360     PlotLRPath(site, site, unsigned char, _IO_FILE*) [2]
[20]     0.1    2.80    0.00 44388360         GetSignal(double, double) [20]
-----------------------------------------------
                1.93    0.00 171443549/171443549     adiff2(double, prop_type&, propa_type&) [10]
[21]     0.0    1.93    0.00 171443549         fht(double const&, double const&) [21]
-----------------------------------------------
                1.83    0.00 44388360/44388360     PlotLRPath(site, site, unsigned char, _IO_FILE*) [2]
[22]     0.0    1.83    0.00 44388360         PutMask(double, double, int) [22]
-----------------------------------------------
                0.00    0.00   28816/44417176     ReadPath(site, site) [13]
                1.73    0.00 44388360/44417176     PlotLRPath(site, site, unsigned char, _IO_FILE*) [2]
[23]     0.0    1.73    0.00 44417176         Azimuth(site, site) [23]
-----------------------------------------------
                1.71    0.00 264034972/264034972     adiff2(double, prop_type&, propa_type&) [10]
[24]     0.0    1.71    0.00 264034972         aknfe(double const&) [24]
-----------------------------------------------
                1.28    0.00 44388360/44388360     PlotLRPath(site, site, unsigned char, _IO_FILE*) [2]
[25]     0.0    1.28    0.00 44388360         PutSignal(double, double, unsigned char) [25]
-----------------------------------------------
                1.02    0.00 46174146/46174146     ascat(double, prop_type&, propa_type&) [17]
[26]     0.0    1.02    0.00 46174146         h0f(double, double) [26]
-----------------------------------------------
                0.00    0.00      14/123799759     AverageTerrain(site, double, double, double) [48]
                0.43    0.00 123799745/123799759     ReadPath(site, site) [13]
[27]     0.0    0.43    0.00 123799759         arccos(double, double) [27]
-----------------------------------------------
                0.05    0.29       5/5           LoadTopoData(int, int, int, int) [29]
[28]     0.0    0.05    0.29       5         LoadSDF(char*) [28]
                0.29    0.00       5/5           LoadSDF_SDF(char*) [31]
                0.00    0.00       2/2           LoadSDF_BZ(char*) [59]
-----------------------------------------------
                                                 <spontaneous>
[29]     0.0    0.00    0.34                 LoadTopoData(int, int, int, int) [29]
                0.05    0.29       5/5           LoadSDF(char*) [28]
                0.00    0.00       2/6           ReduceAngle(double) [58]
-----------------------------------------------
                0.31    0.00 44388360/44388360     point_to_point(double*, double, double, double, double, double, double, int, int, double, double, double&, char*, int&) [3]
[30]     0.0    0.31    0.00 44388360         qlrps(double, double, double, int, double, double, prop_type&) [30]
-----------------------------------------------
                0.29    0.00       5/5           LoadSDF(char*) [28]
[31]     0.0    0.29    0.00       5         LoadSDF_SDF(char*) [31]
-----------------------------------------------
                0.25    0.00 23087073/23087073     ascat(double, prop_type&, propa_type&) [17]
[32]     0.0    0.25    0.00 23087073         ahd(double) [32]
-----------------------------------------------
                0.19    0.02 21346976/21346976     lrprop2(double, prop_type&, propa_type&) [9]
[33]     0.0    0.19    0.02 21346976         alos2(double, prop_type&, propa_type&) [33]
                0.02    0.00   45643/133165025     saalos(double, prop_type&, propa_type&) [11]
-----------------------------------------------
                0.00    0.00    1457/158578369     PlaceMarker(site) [51]
                0.07    0.00 158576912/158578369     PlotLRPath(site, site, unsigned char, _IO_FILE*) [2]
[34]     0.0    0.07    0.00 158578369         GetMask(double, double) [34]
-----------------------------------------------
                                                 <spontaneous>
[35]     0.0    0.07    0.00                 FORTRAN_DIM(double const&, double const&) [35]
-----------------------------------------------
                                                 <spontaneous>
[36]     0.0    0.05    0.00                 adiff(double, prop_type&, propa_type&) [36]
-----------------------------------------------
                0.04    0.00   28816/28816       ReadPath(site, site) [13]
[37]     0.0    0.04    0.00   28816         Distance(site, site) [37]
-----------------------------------------------
                                                 <spontaneous>
[38]     0.0    0.04    0.00                 z1sq1(double*, double const&, double const&, double&, double&) [38]
-----------------------------------------------
                                                 <spontaneous>
[39]     0.0    0.00    0.03                 SiteReport(site) [39]
                0.02    0.00       2/2           dec2dms(double) [41]
                0.00    0.00       1/1           haat(site) [50]
                0.00    0.00       8/16          AverageTerrain(site, double, double, double) [48]
                0.00    0.00       2/123857897     GetElevation(site) [15]
-----------------------------------------------
                                                 <spontaneous>
[40]     0.0    0.03    0.00                 d1thx(double*, double const&, double const&) [40]
-----------------------------------------------
                0.02    0.00       2/2           SiteReport(site) [39]
[41]     0.0    0.02    0.00       2         dec2dms(double) [41]
-----------------------------------------------
                                                 <spontaneous>
[42]     0.0    0.02    0.00                 interpolate(int, int, int, int, int) [42]
-----------------------------------------------
                                                 <spontaneous>
[43]     0.0    0.02    0.00                 hzns(double*, prop_type&) [43]
-----------------------------------------------
                                                 <spontaneous>
[44]     0.0    0.02    0.00                 lrprop(double, prop_type&, propa_type&) [44]
-----------------------------------------------
                                                 <spontaneous>
[45]     0.0    0.02    0.00                 abq_alos(std::complex<double>) [45]
-----------------------------------------------
                                                 <spontaneous>
[46]     0.0    0.01    0.00                 point_to_point_ITM(double*, double, double, double, double, double, double, int, int, double, double, double&, char*, int&) [46]
-----------------------------------------------
                                                 <spontaneous>
[47]     0.0    0.01    0.00                 alos(double, prop_type&, propa_type&) [47]
-----------------------------------------------
                0.00    0.00       8/16          haat(site) [50]
                0.00    0.00       8/16          SiteReport(site) [39]
[48]     0.0    0.00    0.01      16         AverageTerrain(site, double, double, double) [48]
                0.00    0.00      16/28816       ReadPath(site, site) [13]
                0.00    0.00      16/123857897     GetElevation(site) [15]
                0.00    0.00      14/123799759     arccos(double, double) [27]
-----------------------------------------------
                                                 <spontaneous>
[49]     0.0    0.01    0.00                 qlrpfl(double*, int, int, prop_type&, propa_type&, propv_type&) [49]
-----------------------------------------------
                0.00    0.00       1/1           SiteReport(site) [39]
[50]     0.0    0.00    0.00       1         haat(site) [50]
                0.00    0.00       8/16          AverageTerrain(site, double, double, double) [48]
                0.00    0.00       1/123857897     GetElevation(site) [15]
-----------------------------------------------
                                                 <spontaneous>
[51]     0.0    0.00    0.00                 PlaceMarker(site) [51]
                0.00    0.00    1865/158578777     OrMask(double, double, int) [14]
                0.00    0.00    1457/158578369     GetMask(double, double) [34]
-----------------------------------------------
                0.00    0.00       2/6           PlotLRMap(site, double, char*) [1]
                0.00    0.00       2/6           WritePPMLR(char*, unsigned char, unsigned char, unsigned char, site*, unsigned char) [19]
                0.00    0.00       2/6           LoadTopoData(int, int, int, int) [29]
[58]     0.0    0.00    0.00       6         ReduceAngle(double) [58]
-----------------------------------------------
                0.00    0.00       2/2           LoadSDF(char*) [28]
[59]     0.0    0.00    0.00       2         LoadSDF_BZ(char*) [59]
-----------------------------------------------
                0.00    0.00       2/2           LoadQTH(char*) [92]
[60]     0.0    0.00    0.00       2         ReadBearing(char*) [60]
-----------------------------------------------
                0.00    0.00       1/1           WritePPMLR(char*, unsigned char, unsigned char, unsigned char, site*, unsigned char) [19]
[61]     0.0    0.00    0.00       1         LoadLossColors(site) [61]
-----------------------------------------------
                0.00    0.00       1/1           ReadLRParm(site, char) [66]
[62]     0.0    0.00    0.00       1         LoadPAT(char*) [62]
-----------------------------------------------

 This table describes the call tree of the program, and was sorted by
 the total amount of time spent in each function and its children.

 Each entry in this table consists of several lines.  The line with the
 index number at the left hand margin lists the current function.
 The lines above it list the functions that called this function,
 and the lines below it list the functions this one called.
 This line lists:
     index	A unique number given to each element of the table.
		Index numbers are sorted numerically.
		The index number is printed next to every function name so
		it is easier to look up where the function in the table.

     % time	This is the percentage of the `total' time that was spent
		in this function and its children.  Note that due to
		different viewpoints, functions excluded by options, etc,
		these numbers will NOT add up to 100%.

     self	This is the total amount of time spent in this function.

     children	This is the total amount of time propagated into this
		function by its children.

     called	This is the number of times the function was called.
		If the function called itself recursively, the number
		only includes non-recursive calls, and is followed by
		a `+' and the number of recursive calls.

     name	The name of the current function.  The index number is
		printed after it.  If the function is a member of a
		cycle, the cycle number is printed between the
		function's name and the index number.


 For the function's parents, the fields have the following meanings:

     self	This is the amount of time that was propagated directly
		from the function into this parent.

     children	This is the amount of time that was propagated from
		the function's children into this parent.

     called	This is the number of times this parent called the
		function `/' the total number of times the function
		was called.  Recursive calls to the function are not
		included in the number after the `/'.

     name	This is the name of the parent.  The parent's index
		number is printed after it.  If the parent is a
		member of a cycle, the cycle number is printed between
		the name and the index number.

 If the parents of the function cannot be determined, the word
 `<spontaneous>' is printed in the `name' field, and all the other
 fields are blank.

 For the function's children, the fields have the following meanings:

     self	This is the amount of time that was propagated directly
		from the child into the function.

     children	This is the amount of time that was propagated from the
		child's children to the function.

     called	This is the number of times the function called
		this child `/' the total number of times the child
		was called.  Recursive calls by the child are not
		listed in the number after the `/'.

     name	This is the name of the child.  The child's index
		number is printed after it.  If the child is a
		member of a cycle, the cycle number is printed
		between the name and the index number.

 If there are any cycles (circles) in the call graph, there is an
 entry for the cycle-as-a-whole.  This entry shows who called the
 cycle (as parents) and the members of the cycle (as children.)
 The `+' recursive calls entry shows the number of function calls that
 were internal to the cycle, and the calls entry for each member shows,
 for that member, how many times it was called from other members of
 the cycle.


Index by function name

  [59] LoadSDF_BZ(char*)      [50] haat(site)             [44] lrprop(double, prop_type&, propa_type&)
   [2] PlotLRPath(site, site, unsigned char, _IO_FILE*) [43] hzns(double*, prop_type&) [49] qlrpfl(double*, int, int, prop_type&, propa_type&, propv_type&)
  [19] WritePPMLR(char*, unsigned char, unsigned char, unsigned char, site*, unsigned char) [36] adiff(double, prop_type&, propa_type&) [11] saalos(double, prop_type&, propa_type&)
  [35] FORTRAN_DIM(double const&, double const&) [24] aknfe(double const&) [23] Azimuth(site, site)
  [31] LoadSDF_SDF(char*)     [33] alos2(double, prop_type&, propa_type&) [34] GetMask(double, double)
  [60] ReadBearing(char*)     [17] ascat(double, prop_type&, propa_type&) [62] LoadPAT(char*)
  [58] ReduceAngle(double)    [16] curve(double const&, double const&, double const&, double const&, double const&, double const&) [28] LoadSDF(char*)
  [42] interpolate(int, int, int, int, int) [40] d1thx(double*, double const&, double const&) [22] PutMask(double, double, int)
  [15] GetElevation(site)      [7] hzns2(double*, prop_type&, propa_type&) [41] dec2dms(double)
  [48] AverageTerrain(site, double, double, double) [18] qerfi(double) [9] lrprop2(double, prop_type&, propa_type&)
  [61] LoadLossColors(site)   [30] qlrps(double, double, double, int, double, double, prop_type&) [4] qlrpfl2(double*, int, int, prop_type&, propa_type&, propv_type&)
   [3] point_to_point(double*, double, double, double, double, double, double, int, int, double, double, double&, char*, int&) [6] qtile(int const&, double*, int const&) [37] Distance(site, site)
  [46] point_to_point_ITM(double*, double, double, double, double, double, double, int, int, double, double, double&, char*, int&) [38] z1sq1(double*, double const&, double const&, double&, double&) [13] ReadPath(site, site)
  [32] ahd(double)             [8] z1sq2(double*, double const&, double const&, double&, double&) [45] abq_alos(std::complex<double>)
  [21] fht(double const&, double const&) [14] OrMask(double, double, int) [20] GetSignal(double, double)
  [26] h0f(double, double)    [10] adiff2(double, prop_type&, propa_type&) [1] PlotLRMap(site, double, char*)
  [47] alos(double, prop_type&, propa_type&) [27] arccos(double, double) [25] PutSignal(double, double, unsigned char)
  [12] avar(double, double, double, prop_type&, propv_type&) [5] d1thx2(double*, double const&, double const&, propa_type&)
