Run with 009 miles:
Flat profile:

Each sample counts as 0.01 seconds.
  %   cumulative   self              self     total           
 time   seconds   seconds    calls   s/call   s/call  name    
 64.91     21.38    21.38 214638710     0.00     0.00  OrMask(double, double, int)
  8.23     24.09     2.71 787747864     0.00     0.00  LonDiff(double, double)
  7.47     26.55     2.46 31283164     0.00     0.00  GetElevation(site)
  6.35     28.64     2.09    14416     0.00     0.00  ReadPath_l(site, site, path*)
  5.31     30.39     1.75        1     1.75     1.86  WritePPMSS(char*, unsigned char, unsigned char, unsigned char, site*, unsigned char)
  4.04     31.72     1.33    14400     0.00     0.00  PlotLRPath(site, site, unsigned char, _IO_FILE*, _cl_kernel*, _cl_command_queue*, _cl_context*)
  1.11     32.08     0.37 214638302     0.00     0.00  GetMask(double, double)
  0.73     32.32     0.24        2     0.12     0.12  LoadSDF_SDF(char*)
  0.61     32.52     0.20        6     0.03     0.03  ReduceAngle(double)
  0.55     32.70     0.18 31253849     0.00     0.00  arccos(double, double)
  0.27     32.79     0.09   883245     0.00     0.00  PutMask(double, double, int)
  0.24     32.87     0.08   883245     0.00     0.00  GetSignal(double, double)
  0.06     32.89     0.02   897661     0.00     0.00  Azimuth(site, site)
  0.06     32.91     0.02                             interpolate(int, int, int, int, int)
  0.03     32.92     0.01   883245     0.00     0.00  PutSignal(double, double, unsigned char)
  0.03     32.93     0.01        1     0.01     0.01  LoadPAT(char*)
  0.00     32.93     0.00    14416     0.00     0.00  Distance(site, site)
  0.00     32.93     0.00    14416     0.00     0.00  ReadPath(site, site)
  0.00     32.93     0.00    14400     0.00     0.00  allPoints_runCl(char*, double, unsigned long, double, double*, double*, double, double, double, double, double, double, int, int, double, double, _cl_kernel*, _cl_context*, _cl_command_queue*)
  0.00     32.93     0.00       16     0.00     0.00  AverageTerrain(site, double, double, double)
  0.00     32.93     0.00        2     0.00     0.00  ReadBearing(char*)
  0.00     32.93     0.00        2     0.00     0.15  LoadTopoData(int, int, int, int)
  0.00     32.93     0.00        2     0.00     0.12  LoadSDF(char*)
  0.00     32.93     0.00        2     0.00     0.00  dec2dms(double)
  0.00     32.93     0.00        1     0.00     0.00  LoadSDF_BZ(char*)
  0.00     32.93     0.00        1     0.00     0.01  ReadLRParm(site, char)
  0.00     32.93     0.00        1     0.00     0.01  SiteReport(site)
  0.00     32.93     0.00        1     0.00     0.00  getDevices(_cl_device_id* (*) [1024], unsigned long, unsigned long, unsigned int*, unsigned int*)
  0.00     32.93     0.00        1     0.00     0.00  PlaceMarker(site)
  0.00     32.93     0.00        1     0.00     0.00  build_program(_cl_context*, _cl_device_id*, char const*)
  0.00     32.93     0.00        1     0.00     0.00  LoadSignalColors(site)
  0.00     32.93     0.00        1     0.00     0.00  haat(site)
  0.00     32.93     0.00        1     0.00     0.00  LoadQTH(char*)
  0.00     32.93     0.00        1     0.00    30.73  PlotLRMap(site, double, char*)

 %         the percentage of the total running time of the
time       program used by this function.

cumulative a running sum of the number of seconds accounted
 seconds   for by this function and those listed above it.

 self      the number of seconds accounted for by this
seconds    function alone.  This is the major sort for this
           listing.

calls      the number of times this function was invoked, if
           this function is profiled, else blank.
 
 self      the average number of milliseconds spent in this
ms/call    function per call, if this function is profiled,
	   else blank.

 total     the average number of milliseconds spent in this
ms/call    function and its descendents per call, if this 
	   function is profiled, else blank.

name       the name of the function.  This is the minor sort
           for this listing. The index shows the location of
	   the function in the gprof listing. If the index is
	   in parenthesis it shows where it would appear in
	   the gprof listing if it were to be printed.

		     Call graph (explanation follows)


granularity: each sample hit covers 2 byte(s) for 0.03% of 32.93 seconds

index % time    self  children    called     name
                                                 <spontaneous>
[1]     99.9    0.00   32.91                 main [1]
                0.00   30.73       1/1           PlotLRMap(site, double, char*) [2]
                1.75    0.11       1/1           WritePPMSS(char*, unsigned char, unsigned char, unsigned char, site*, unsigned char) [10]
                0.00    0.31       2/2           LoadTopoData(int, int, int, int) [11]
                0.00    0.01       1/1           ReadLRParm(site, char) [21]
                0.00    0.01       1/1           SiteReport(site) [23]
                0.00    0.00       1/1           PlaceMarker(site) [26]
                0.00    0.00       1/31283164     GetElevation(site) [9]
                0.00    0.00       4/787747864     LonDiff(double, double) [8]
                0.00    0.00       1/1           LoadQTH(char*) [40]
-----------------------------------------------
                0.00   30.73       1/1           main [1]
[2]     93.3    0.00   30.73       1         PlotLRMap(site, double, char*) [2]
                1.33   29.33   14400/14400       PlotLRPath(site, site, unsigned char, _IO_FILE*, _cl_kernel*, _cl_command_queue*, _cl_context*) [3]
                0.07    0.00       2/6           ReduceAngle(double) [14]
                0.00    0.00    7203/787747864     LonDiff(double, double) [8]
                0.00    0.00       1/1           getDevices(_cl_device_id* (*) [1024], unsigned long, unsigned long, unsigned int*, unsigned int*) [37]
                0.00    0.00       1/1           build_program(_cl_context*, _cl_device_id*, char const*) [38]
-----------------------------------------------
                1.33   29.33   14400/14400       PlotLRMap(site, double, char*) [2]
[3]     93.1    1.33   29.33   14400         PlotLRPath(site, site, unsigned char, _IO_FILE*, _cl_kernel*, _cl_command_queue*, _cl_context*) [3]
                0.37   23.92 214636845/214638302     GetMask(double, double) [4]
                0.00    4.83   14400/14416       ReadPath(site, site) [7]
                0.09    0.00  883245/883245      PutMask(double, double, int) [16]
                0.08    0.00  883245/883245      GetSignal(double, double) [17]
                0.02    0.00  883245/897661      Azimuth(site, site) [18]
                0.01    0.00  883245/883245      PutSignal(double, double, unsigned char) [20]
                0.00    0.00   14400/14400       allPoints_runCl(char*, double, unsigned long, double, double*, double*, double, double, double, double, double, double, int, int, double, double, _cl_kernel*, _cl_context*, _cl_command_queue*) [33]
-----------------------------------------------
                0.00    0.00    1457/214638302     PlaceMarker(site) [26]
                0.37   23.92 214636845/214638302     PlotLRPath(site, site, unsigned char, _IO_FILE*, _cl_kernel*, _cl_command_queue*, _cl_context*) [3]
[4]     73.8    0.37   23.92 214638302         GetMask(double, double) [4]
               21.38    2.55 214638302/214638710     OrMask(double, double, int) [5]
-----------------------------------------------
                0.00    0.00     408/214638710     PlaceMarker(site) [26]
               21.38    2.55 214638302/214638710     GetMask(double, double) [4]
[5]     72.6   21.38    2.55 214638710         OrMask(double, double, int) [5]
                2.55    0.00 740813885/787747864     LonDiff(double, double) [8]
-----------------------------------------------
                2.09    2.75   14416/14416       ReadPath(site, site) [7]
[6]     14.7    2.09    2.75   14416         ReadPath_l(site, site, path*) [6]
                2.46    0.11 31283144/31283164     GetElevation(site) [9]
                0.18    0.00 31253835/31253849     arccos(double, double) [15]
                0.00    0.00   14416/897661      Azimuth(site, site) [18]
                0.00    0.00   14416/14416       Distance(site, site) [32]
-----------------------------------------------
                0.00    0.01      16/14416       AverageTerrain(site, double, double, double) [24]
                0.00    4.83   14400/14416       PlotLRPath(site, site, unsigned char, _IO_FILE*, _cl_kernel*, _cl_command_queue*, _cl_context*) [3]
[7]     14.7    0.00    4.84   14416         ReadPath(site, site) [7]
                2.09    2.75   14416/14416       ReadPath_l(site, site, path*) [6]
-----------------------------------------------
                0.00    0.00       4/787747864     main [1]
                0.00    0.00     228/787747864     PlaceMarker(site) [26]
                0.00    0.00    7203/787747864     PlotLRMap(site, double, char*) [2]
                0.00    0.00  883245/787747864     PutMask(double, double, int) [16]
                0.00    0.00  883245/787747864     PutSignal(double, double, unsigned char) [20]
                0.00    0.00  883245/787747864     GetSignal(double, double) [17]
                0.04    0.00 12960000/787747864     WritePPMSS(char*, unsigned char, unsigned char, unsigned char, site*, unsigned char) [10]
                0.11    0.00 31316809/787747864     GetElevation(site) [9]
                2.55    0.00 740813885/787747864     OrMask(double, double, int) [5]
[8]      8.2    2.71    0.00 787747864         LonDiff(double, double) [8]
-----------------------------------------------
                0.00    0.00       1/31283164     haat(site) [25]
                0.00    0.00       1/31283164     main [1]
                0.00    0.00       2/31283164     SiteReport(site) [23]
                0.00    0.00      16/31283164     AverageTerrain(site, double, double, double) [24]
                2.46    0.11 31283144/31283164     ReadPath_l(site, site, path*) [6]
[9]      7.8    2.46    0.11 31283164         GetElevation(site) [9]
                0.11    0.00 31316809/787747864     LonDiff(double, double) [8]
-----------------------------------------------
                1.75    0.11       1/1           main [1]
[10]     5.7    1.75    0.11       1         WritePPMSS(char*, unsigned char, unsigned char, unsigned char, site*, unsigned char) [10]
                0.07    0.00       2/6           ReduceAngle(double) [14]
                0.04    0.00 12960000/787747864     LonDiff(double, double) [8]
                0.00    0.00       1/1           LoadSignalColors(site) [39]
-----------------------------------------------
                0.00    0.31       2/2           main [1]
[11]     0.9    0.00    0.31       2         LoadTopoData(int, int, int, int) [11]
                0.00    0.24       2/2           LoadSDF(char*) [13]
                0.07    0.00       2/6           ReduceAngle(double) [14]
-----------------------------------------------
                0.24    0.00       2/2           LoadSDF(char*) [13]
[12]     0.7    0.24    0.00       2         LoadSDF_SDF(char*) [12]
-----------------------------------------------
                0.00    0.24       2/2           LoadTopoData(int, int, int, int) [11]
[13]     0.7    0.00    0.24       2         LoadSDF(char*) [13]
                0.24    0.00       2/2           LoadSDF_SDF(char*) [12]
                0.00    0.00       1/1           LoadSDF_BZ(char*) [36]
-----------------------------------------------
                0.07    0.00       2/6           PlotLRMap(site, double, char*) [2]
                0.07    0.00       2/6           WritePPMSS(char*, unsigned char, unsigned char, unsigned char, site*, unsigned char) [10]
                0.07    0.00       2/6           LoadTopoData(int, int, int, int) [11]
[14]     0.6    0.20    0.00       6         ReduceAngle(double) [14]
-----------------------------------------------
                0.00    0.00      14/31253849     AverageTerrain(site, double, double, double) [24]
                0.18    0.00 31253835/31253849     ReadPath_l(site, site, path*) [6]
[15]     0.5    0.18    0.00 31253849         arccos(double, double) [15]
-----------------------------------------------
                0.09    0.00  883245/883245      PlotLRPath(site, site, unsigned char, _IO_FILE*, _cl_kernel*, _cl_command_queue*, _cl_context*) [3]
[16]     0.3    0.09    0.00  883245         PutMask(double, double, int) [16]
                0.00    0.00  883245/787747864     LonDiff(double, double) [8]
-----------------------------------------------
                0.08    0.00  883245/883245      PlotLRPath(site, site, unsigned char, _IO_FILE*, _cl_kernel*, _cl_command_queue*, _cl_context*) [3]
[17]     0.3    0.08    0.00  883245         GetSignal(double, double) [17]
                0.00    0.00  883245/787747864     LonDiff(double, double) [8]
-----------------------------------------------
                0.00    0.00   14416/897661      ReadPath_l(site, site, path*) [6]
                0.02    0.00  883245/897661      PlotLRPath(site, site, unsigned char, _IO_FILE*, _cl_kernel*, _cl_command_queue*, _cl_context*) [3]
[18]     0.1    0.02    0.00  897661         Azimuth(site, site) [18]
-----------------------------------------------
                                                 <spontaneous>
[19]     0.1    0.02    0.00                 interpolate(int, int, int, int, int) [19]
-----------------------------------------------
                0.01    0.00  883245/883245      PlotLRPath(site, site, unsigned char, _IO_FILE*, _cl_kernel*, _cl_command_queue*, _cl_context*) [3]
[20]     0.0    0.01    0.00  883245         PutSignal(double, double, unsigned char) [20]
                0.00    0.00  883245/787747864     LonDiff(double, double) [8]
-----------------------------------------------
                0.00    0.01       1/1           main [1]
[21]     0.0    0.00    0.01       1         ReadLRParm(site, char) [21]
                0.01    0.00       1/1           LoadPAT(char*) [22]
-----------------------------------------------
                0.01    0.00       1/1           ReadLRParm(site, char) [21]
[22]     0.0    0.01    0.00       1         LoadPAT(char*) [22]
-----------------------------------------------
                0.00    0.01       1/1           main [1]
[23]     0.0    0.00    0.01       1         SiteReport(site) [23]
                0.00    0.00       1/1           haat(site) [25]
                0.00    0.00       8/16          AverageTerrain(site, double, double, double) [24]
                0.00    0.00       2/31283164     GetElevation(site) [9]
                0.00    0.00       2/2           dec2dms(double) [35]
-----------------------------------------------
                0.00    0.00       8/16          haat(site) [25]
                0.00    0.00       8/16          SiteReport(site) [23]
[24]     0.0    0.00    0.01      16         AverageTerrain(site, double, double, double) [24]
                0.00    0.01      16/14416       ReadPath(site, site) [7]
                0.00    0.00      16/31283164     GetElevation(site) [9]
                0.00    0.00      14/31253849     arccos(double, double) [15]
-----------------------------------------------
                0.00    0.00       1/1           SiteReport(site) [23]
[25]     0.0    0.00    0.00       1         haat(site) [25]
                0.00    0.00       8/16          AverageTerrain(site, double, double, double) [24]
                0.00    0.00       1/31283164     GetElevation(site) [9]
-----------------------------------------------
                0.00    0.00       1/1           main [1]
[26]     0.0    0.00    0.00       1         PlaceMarker(site) [26]
                0.00    0.00    1457/214638302     GetMask(double, double) [4]
                0.00    0.00     408/214638710     OrMask(double, double, int) [5]
                0.00    0.00     228/787747864     LonDiff(double, double) [8]
-----------------------------------------------
                0.00    0.00   14416/14416       ReadPath_l(site, site, path*) [6]
[32]     0.0    0.00    0.00   14416         Distance(site, site) [32]
-----------------------------------------------
                0.00    0.00   14400/14400       PlotLRPath(site, site, unsigned char, _IO_FILE*, _cl_kernel*, _cl_command_queue*, _cl_context*) [3]
[33]     0.0    0.00    0.00   14400         allPoints_runCl(char*, double, unsigned long, double, double*, double*, double, double, double, double, double, double, int, int, double, double, _cl_kernel*, _cl_context*, _cl_command_queue*) [33]
-----------------------------------------------
                0.00    0.00       2/2           LoadQTH(char*) [40]
[34]     0.0    0.00    0.00       2         ReadBearing(char*) [34]
-----------------------------------------------
                0.00    0.00       2/2           SiteReport(site) [23]
[35]     0.0    0.00    0.00       2         dec2dms(double) [35]
-----------------------------------------------
                0.00    0.00       1/1           LoadSDF(char*) [13]
[36]     0.0    0.00    0.00       1         LoadSDF_BZ(char*) [36]
-----------------------------------------------
                0.00    0.00       1/1           PlotLRMap(site, double, char*) [2]
[37]     0.0    0.00    0.00       1         getDevices(_cl_device_id* (*) [1024], unsigned long, unsigned long, unsigned int*, unsigned int*) [37]
-----------------------------------------------
                0.00    0.00       1/1           PlotLRMap(site, double, char*) [2]
[38]     0.0    0.00    0.00       1         build_program(_cl_context*, _cl_device_id*, char const*) [38]
-----------------------------------------------
                0.00    0.00       1/1           WritePPMSS(char*, unsigned char, unsigned char, unsigned char, site*, unsigned char) [10]
[39]     0.0    0.00    0.00       1         LoadSignalColors(site) [39]
-----------------------------------------------
                0.00    0.00       1/1           main [1]
[40]     0.0    0.00    0.00       1         LoadQTH(char*) [40]
                0.00    0.00       2/2           ReadBearing(char*) [34]
-----------------------------------------------

 This table describes the call tree of the program, and was sorted by
 the total amount of time spent in each function and its children.

 Each entry in this table consists of several lines.  The line with the
 index number at the left hand margin lists the current function.
 The lines above it list the functions that called this function,
 and the lines below it list the functions this one called.
 This line lists:
     index	A unique number given to each element of the table.
		Index numbers are sorted numerically.
		The index number is printed next to every function name so
		it is easier to look up where the function in the table.

     % time	This is the percentage of the `total' time that was spent
		in this function and its children.  Note that due to
		different viewpoints, functions excluded by options, etc,
		these numbers will NOT add up to 100%.

     self	This is the total amount of time spent in this function.

     children	This is the total amount of time propagated into this
		function by its children.

     called	This is the number of times the function was called.
		If the function called itself recursively, the number
		only includes non-recursive calls, and is followed by
		a `+' and the number of recursive calls.

     name	The name of the current function.  The index number is
		printed after it.  If the function is a member of a
		cycle, the cycle number is printed between the
		function's name and the index number.


 For the function's parents, the fields have the following meanings:

     self	This is the amount of time that was propagated directly
		from the function into this parent.

     children	This is the amount of time that was propagated from
		the function's children into this parent.

     called	This is the number of times this parent called the
		function `/' the total number of times the function
		was called.  Recursive calls to the function are not
		included in the number after the `/'.

     name	This is the name of the parent.  The parent's index
		number is printed after it.  If the parent is a
		member of a cycle, the cycle number is printed between
		the name and the index number.

 If the parents of the function cannot be determined, the word
 `<spontaneous>' is printed in the `name' field, and all the other
 fields are blank.

 For the function's children, the fields have the following meanings:

     self	This is the amount of time that was propagated directly
		from the child into the function.

     children	This is the amount of time that was propagated from the
		child's children to the function.

     called	This is the number of times the function called
		this child `/' the total number of times the child
		was called.  Recursive calls by the child are not
		listed in the number after the `/'.

     name	This is the name of the child.  The child's index
		number is printed after it.  If the child is a
		member of a cycle, the cycle number is printed
		between the name and the index number.

 If there are any cycles (circles) in the call graph, there is an
 entry for the cycle-as-a-whole.  This entry shows who called the
 cycle (as parents) and the members of the cycle (as children.)
 The `+' recursive calls entry shows the number of function calls that
 were internal to the cycle, and the calls entry for each member shows,
 for that member, how many times it was called from other members of
 the cycle.


Index by function name

  [36] LoadSDF_BZ(char*)       [9] GetElevation(site)     [40] LoadQTH(char*)
   [3] PlotLRPath(site, site, unsigned char, _IO_FILE*, _cl_kernel*, _cl_command_queue*, _cl_context*) [11] LoadTopoData(int, int, int, int) [13] LoadSDF(char*)
  [21] ReadLRParm(site, char) [38] build_program(_cl_context*, _cl_device_id*, char const*) [8] LonDiff(double, double)
   [6] ReadPath_l(site, site, path*) [24] AverageTerrain(site, double, double, double) [16] PutMask(double, double, int)
  [23] SiteReport(site)       [33] allPoints_runCl(char*, double, unsigned long, double, double*, double*, double, double, double, double, double, double, int, int, double, double, _cl_kernel*, _cl_context*, _cl_command_queue*) [35] dec2dms(double)
  [10] WritePPMSS(char*, unsigned char, unsigned char, unsigned char, site*, unsigned char) [39] LoadSignalColors(site) [32] Distance(site, site)
  [37] getDevices(_cl_device_id* (*) [1024], unsigned long, unsigned long, unsigned int*, unsigned int*) [25] haat(site) [7] ReadPath(site, site)
  [12] LoadSDF_SDF(char*)      [5] OrMask(double, double, int) [17] GetSignal(double, double)
  [26] PlaceMarker(site)      [15] arccos(double, double)  [2] PlotLRMap(site, double, char*)
  [34] ReadBearing(char*)     [18] Azimuth(site, site)    [20] PutSignal(double, double, unsigned char)
  [14] ReduceAngle(double)     [4] GetMask(double, double)
  [19] interpolate(int, int, int, int, int) [22] LoadPAT(char*)
