Run with 41 miles:
Flat profile:

Each sample counts as 0.01 seconds.
  %   cumulative   self              self     total           
 time   seconds   seconds    calls  Ks/call  Ks/call  name    
 38.94    447.38   447.38 35133322     0.00     0.00  qtile(int const&, double*, int const&)
 22.03    700.51   253.13 17566694     0.00     0.00  d1thx2(double*, double const&, double const&, propa_type&)
 19.51    924.62   224.11 17566694     0.00     0.00  hzns2(double*, prop_type&, propa_type&)
  5.57    988.60    63.98 35132017     0.00     0.00  z1sq2(double*, double const&, double const&, double&, double&)
  3.02   1023.33    34.73 17566694     0.00     0.00  point_to_point(double*, double, double, double, double, double, double, int, int, double, double, double&, char*, int&)
  2.20   1048.65    25.32 269311012     0.00     0.00  GetElevation(site)
  1.88   1070.20    21.55 52700031     0.00     0.00  saalos(double, prop_type&, propa_type&)
  1.66   1089.25    19.05 87742156     0.00     0.00  adiff2(double, prop_type&, propa_type&)
  1.41   1105.47    16.22    43216     0.00     0.00  ReadPath(site, site)
  1.11   1118.18    12.71        1     0.01     0.01  WritePPMSS(char*, unsigned char, unsigned char, unsigned char, site*, unsigned char)
  0.56   1124.57     6.39 119301175     0.00     0.00  OrMask(double, double, int)
  0.48   1130.11     5.54 17566694     0.00     0.00  avar(double, double, double, prop_type&, propv_type&)
  0.28   1133.35     3.24    43200     0.00     0.00  PlotLRPath(site, site, unsigned char, _IO_FILE*)
  0.19   1135.49     2.15 17566694     0.00     0.00  lrprop2(double, prop_type&, propa_type&)
  0.17   1137.46     1.97 52700082     0.00     0.00  curve(double const&, double const&, double const&, double const&, double const&, double const&)
  0.15   1139.15     1.69 35133388     0.00     0.00  qerfi(double)
  0.15   1140.83     1.68 17566694     0.00     0.00  GetSignal(double, double)
  0.09   1141.90     1.07 17566694     0.00     0.00  PutMask(double, double, int)
  0.08   1142.77     0.87       10     0.00     0.00  LoadSDF_SDF(char*)
  0.07   1143.59     0.82 269224048     0.00     0.00  arccos(double, double)
  0.07   1144.40     0.81 17609910     0.00     0.00  Azimuth(site, site)
  0.07   1145.15     0.75 17566694     0.00     0.00  qlrpfl2(double*, int, int, prop_type&, propa_type&, propv_type&)
  0.06   1145.88     0.73 66717008     0.00     0.00  fht(double const&, double const&)
  0.06   1146.53     0.65 17566694     0.00     0.00  qlrps(double, double, double, int, double, double, prop_type&)
  0.06   1147.17     0.64 104053568     0.00     0.00  aknfe(double const&)
  0.06   1147.81     0.64 17566694     0.00     0.00  PutSignal(double, double, unsigned char)
  0.03   1148.10     0.29                             interpolate(int, int, int, int, int)
  0.02   1148.31     0.21  3760448     0.00     0.00  ascat(double, prop_type&, propa_type&)
  0.01   1148.45     0.14 15732127     0.00     0.00  alos2(double, prop_type&, propa_type&)
  0.01   1148.59     0.14  3760448     0.00     0.00  h0f(double, double)
  0.01   1148.68     0.09 119300767     0.00     0.00  GetMask(double, double)
  0.00   1148.73     0.05       10     0.00     0.00  LoadSDF(char*)
  0.00   1148.77     0.04                             adiff(double, prop_type&, propa_type&)
  0.00   1148.80     0.03                             z1sq1(double*, double const&, double const&, double&, double&)
  0.00   1148.83     0.03                             lrprop(double, prop_type&, propa_type&)
  0.00   1148.85     0.02  1880224     0.00     0.00  ahd(double)
  0.00   1148.87     0.02    43216     0.00     0.00  Distance(site, site)
  0.00   1148.88     0.02                             FORTRAN_DIM(double const&, double const&)
  0.00   1148.90     0.02                             abq_alos(std::complex<double>)
  0.00   1148.91     0.01        1     0.00     1.13  PlotLRMap(site, double, char*)
  0.00   1148.92     0.01                             point_to_point_ITM(double*, double, double, double, double, double, double, int, int, double, double, double&, char*, int&)
  0.00   1148.92     0.01                             d1thx(double*, double const&, double const&)
  0.00   1148.92     0.00       16     0.00     0.00  AverageTerrain(site, double, double, double)
  0.00   1148.92     0.00        2     0.00     0.00  LoadSDF_BZ(char*)
  0.00   1148.92     0.00        2     0.00     0.00  ReadBearing(char*)
  0.00   1148.92     0.00        2     0.00     0.00  LoadTopoData(int, int, int, int)
  0.00   1148.92     0.00        2     0.00     0.00  dec2dms(double)
  0.00   1148.92     0.00        1     0.00     0.00  ReadLRParm(site, char)
  0.00   1148.92     0.00        1     0.00     0.00  SiteReport(site)
  0.00   1148.92     0.00        1     0.00     0.00  PlaceMarker(site)
  0.00   1148.92     0.00        1     0.00     0.00  LoadSignalColors(site)
  0.00   1148.92     0.00        1     0.00     0.00  haat(site)
  0.00   1148.92     0.00        1     0.00     0.00  LoadPAT(char*)
  0.00   1148.92     0.00        1     0.00     0.00  LoadQTH(char*)

 %         the percentage of the total running time of the
time       program used by this function.

cumulative a running sum of the number of seconds accounted
 seconds   for by this function and those listed above it.

 self      the number of seconds accounted for by this
seconds    function alone.  This is the major sort for this
           listing.

calls      the number of times this function was invoked, if
           this function is profiled, else blank.
 
 self      the average number of milliseconds spent in this
ms/call    function per call, if this function is profiled,
	   else blank.

 total     the average number of milliseconds spent in this
ms/call    function and its descendents per call, if this 
	   function is profiled, else blank.

name       the name of the function.  This is the minor sort
           for this listing. The index shows the location of
	   the function in the gprof listing. If the index is
	   in parenthesis it shows where it would appear in
	   the gprof listing if it were to be printed.

		     Call graph (explanation follows)


granularity: each sample hit covers 2 byte(s) for 0.00% of 1148.92 seconds

index % time    self  children    called     name
                                                 <spontaneous>
[1]    100.0    0.00 1148.49                 main [1]
                0.01 1134.83       1/1           PlotLRMap(site, double, char*) [2]
               12.71    0.00       1/1           WritePPMSS(char*, unsigned char, unsigned char, unsigned char, site*, unsigned char) [15]
                0.00    0.92       2/2           LoadTopoData(int, int, int, int) [23]
                0.00    0.02       1/1           SiteReport(site) [41]
                0.00    0.00       1/1           PlaceMarker(site) [48]
                0.00    0.00       1/269311012     GetElevation(site) [13]
                0.00    0.00       1/1           LoadQTH(char*) [60]
                0.00    0.00       1/1           ReadLRParm(site, char) [57]
-----------------------------------------------
                0.01 1134.83       1/1           main [1]
[2]     98.8    0.01 1134.83       1         PlotLRMap(site, double, char*) [2]
                3.24 1131.59   43200/43200       PlotLRPath(site, site, unsigned char, _IO_FILE*) [3]
-----------------------------------------------
                3.24 1131.59   43200/43200       PlotLRMap(site, double, char*) [2]
[3]     98.8    3.24 1131.59   43200         PlotLRPath(site, site, unsigned char, _IO_FILE*) [3]
               34.73 1043.81 17566694/17566694     point_to_point(double*, double, double, double, double, double, double, int, int, double, double, double&, char*, int&) [4]
               16.21   26.15   43200/43216       ReadPath(site, site) [11]
                6.39    0.00 119299310/119301175     OrMask(double, double, int) [17]
                1.68    0.00 17566694/17566694     GetSignal(double, double) [20]
                1.07    0.00 17566694/17566694     PutMask(double, double, int) [21]
                0.81    0.00 17566694/17609910     Azimuth(site, site) [26]
                0.64    0.00 17566694/17566694     PutSignal(double, double, unsigned char) [30]
                0.09    0.00 119299310/119300767     GetMask(double, double) [35]
-----------------------------------------------
               34.73 1043.81 17566694/17566694     PlotLRPath(site, site, unsigned char, _IO_FILE*) [3]
[4]     93.9   34.73 1043.81 17566694         point_to_point(double*, double, double, double, double, double, double, int, int, double, double, double&, char*, int&) [4]
                0.75 1033.22 17566694/17566694     qlrpfl2(double*, int, int, prop_type&, propa_type&, propv_type&) [5]
                5.54    1.97 17566694/17566694     avar(double, double, double, prop_type&, propv_type&) [16]
                1.69    0.00 35133388/35133388     qerfi(double) [19]
                0.65    0.00 17566694/17566694     qlrps(double, double, double, int, double, double, prop_type&) [28]
-----------------------------------------------
                0.75 1033.22 17566694/17566694     point_to_point(double*, double, double, double, double, double, double, int, int, double, double, double&, char*, int&) [4]
[5]     90.0    0.75 1033.22 17566694         qlrpfl2(double*, int, int, prop_type&, propa_type&, propv_type&) [5]
              253.13  479.37 17566694/17566694     d1thx2(double*, double const&, double const&, propa_type&) [6]
              224.11    0.00 17566694/17566694     hzns2(double*, prop_type&, propa_type&) [8]
                2.15   42.47 17566694/17566694     lrprop2(double, prop_type&, propa_type&) [10]
               31.99    0.00 17565356/35132017     z1sq2(double*, double const&, double const&, double&, double&) [9]
-----------------------------------------------
              253.13  479.37 17566694/17566694     qlrpfl2(double*, int, int, prop_type&, propa_type&, propv_type&) [5]
[6]     63.8  253.13  479.37 17566694         d1thx2(double*, double const&, double const&, propa_type&) [6]
              447.38    0.00 35133322/35133322     qtile(int const&, double*, int const&) [7]
               31.99    0.00 17566661/35132017     z1sq2(double*, double const&, double const&, double&, double&) [9]
-----------------------------------------------
              447.38    0.00 35133322/35133322     d1thx2(double*, double const&, double const&, propa_type&) [6]
[7]     38.9  447.38    0.00 35133322         qtile(int const&, double*, int const&) [7]
-----------------------------------------------
              224.11    0.00 17566694/17566694     qlrpfl2(double*, int, int, prop_type&, propa_type&, propv_type&) [5]
[8]     19.5  224.11    0.00 17566694         hzns2(double*, prop_type&, propa_type&) [8]
-----------------------------------------------
               31.99    0.00 17565356/35132017     qlrpfl2(double*, int, int, prop_type&, propa_type&, propv_type&) [5]
               31.99    0.00 17566661/35132017     d1thx2(double*, double const&, double const&, propa_type&) [6]
[9]      5.6   63.98    0.00 35132017         z1sq2(double*, double const&, double const&, double&, double&) [9]
-----------------------------------------------
                2.15   42.47 17566694/17566694     qlrpfl2(double*, int, int, prop_type&, propa_type&, propv_type&) [5]
[10]     3.9    2.15   42.47 17566694         lrprop2(double, prop_type&, propa_type&) [10]
               19.05   22.90 87742156/87742156     adiff2(double, prop_type&, propa_type&) [12]
                0.21    0.16 3760448/3760448     ascat(double, prop_type&, propa_type&) [31]
                0.14    0.02 15732127/15732127     alos2(double, prop_type&, propa_type&) [33]
-----------------------------------------------
                0.01    0.01      16/43216       AverageTerrain(site, double, double, double) [42]
               16.21   26.15   43200/43216       PlotLRPath(site, site, unsigned char, _IO_FILE*) [3]
[11]     3.7   16.22   26.16   43216         ReadPath(site, site) [11]
               25.32    0.00 269310992/269311012     GetElevation(site) [13]
                0.82    0.00 269224034/269224048     arccos(double, double) [25]
                0.02    0.00   43216/43216       Distance(site, site) [40]
                0.00    0.00   43216/17609910     Azimuth(site, site) [26]
-----------------------------------------------
               19.05   22.90 87742156/87742156     lrprop2(double, prop_type&, propa_type&) [10]
[12]     3.7   19.05   22.90 87742156         adiff2(double, prop_type&, propa_type&) [12]
               21.53    0.00 52654422/52700031     saalos(double, prop_type&, propa_type&) [14]
                0.73    0.00 66717008/66717008     fht(double const&, double const&) [27]
                0.64    0.00 104053568/104053568     aknfe(double const&) [29]
-----------------------------------------------
                0.00    0.00       1/269311012     haat(site) [46]
                0.00    0.00       1/269311012     main [1]
                0.00    0.00       2/269311012     SiteReport(site) [41]
                0.00    0.00      16/269311012     AverageTerrain(site, double, double, double) [42]
               25.32    0.00 269310992/269311012     ReadPath(site, site) [11]
[13]     2.2   25.32    0.00 269311012         GetElevation(site) [13]
-----------------------------------------------
                0.02    0.00   45609/52700031     alos2(double, prop_type&, propa_type&) [33]
               21.53    0.00 52654422/52700031     adiff2(double, prop_type&, propa_type&) [12]
[14]     1.9   21.55    0.00 52700031         saalos(double, prop_type&, propa_type&) [14]
-----------------------------------------------
               12.71    0.00       1/1           main [1]
[15]     1.1   12.71    0.00       1         WritePPMSS(char*, unsigned char, unsigned char, unsigned char, site*, unsigned char) [15]
                0.00    0.00       1/1           LoadSignalColors(site) [58]
-----------------------------------------------
                5.54    1.97 17566694/17566694     point_to_point(double*, double, double, double, double, double, double, int, int, double, double, double&, char*, int&) [4]
[16]     0.7    5.54    1.97 17566694         avar(double, double, double, prop_type&, propv_type&) [16]
                1.97    0.00 52700082/52700082     curve(double const&, double const&, double const&, double const&, double const&, double const&) [18]
-----------------------------------------------
                0.00    0.00    1865/119301175     PlaceMarker(site) [48]
                6.39    0.00 119299310/119301175     PlotLRPath(site, site, unsigned char, _IO_FILE*) [3]
[17]     0.6    6.39    0.00 119301175         OrMask(double, double, int) [17]
-----------------------------------------------
                1.97    0.00 52700082/52700082     avar(double, double, double, prop_type&, propv_type&) [16]
[18]     0.2    1.97    0.00 52700082         curve(double const&, double const&, double const&, double const&, double const&, double const&) [18]
-----------------------------------------------
                1.69    0.00 35133388/35133388     point_to_point(double*, double, double, double, double, double, double, int, int, double, double, double&, char*, int&) [4]
[19]     0.1    1.69    0.00 35133388         qerfi(double) [19]
-----------------------------------------------
                1.68    0.00 17566694/17566694     PlotLRPath(site, site, unsigned char, _IO_FILE*) [3]
[20]     0.1    1.68    0.00 17566694         GetSignal(double, double) [20]
-----------------------------------------------
                1.07    0.00 17566694/17566694     PlotLRPath(site, site, unsigned char, _IO_FILE*) [3]
[21]     0.1    1.07    0.00 17566694         PutMask(double, double, int) [21]
-----------------------------------------------
                0.05    0.87      10/10          LoadTopoData(int, int, int, int) [23]
[22]     0.1    0.05    0.87      10         LoadSDF(char*) [22]
                0.87    0.00      10/10          LoadSDF_SDF(char*) [24]
                0.00    0.00       2/2           LoadSDF_BZ(char*) [54]
-----------------------------------------------
                0.00    0.92       2/2           main [1]
[23]     0.1    0.00    0.92       2         LoadTopoData(int, int, int, int) [23]
                0.05    0.87      10/10          LoadSDF(char*) [22]
-----------------------------------------------
                0.87    0.00      10/10          LoadSDF(char*) [22]
[24]     0.1    0.87    0.00      10         LoadSDF_SDF(char*) [24]
-----------------------------------------------
                0.00    0.00      14/269224048     AverageTerrain(site, double, double, double) [42]
                0.82    0.00 269224034/269224048     ReadPath(site, site) [11]
[25]     0.1    0.82    0.00 269224048         arccos(double, double) [25]
-----------------------------------------------
                0.00    0.00   43216/17609910     ReadPath(site, site) [11]
                0.81    0.00 17566694/17609910     PlotLRPath(site, site, unsigned char, _IO_FILE*) [3]
[26]     0.1    0.81    0.00 17609910         Azimuth(site, site) [26]
-----------------------------------------------
                0.73    0.00 66717008/66717008     adiff2(double, prop_type&, propa_type&) [12]
[27]     0.1    0.73    0.00 66717008         fht(double const&, double const&) [27]
-----------------------------------------------
                0.65    0.00 17566694/17566694     point_to_point(double*, double, double, double, double, double, double, int, int, double, double, double&, char*, int&) [4]
[28]     0.1    0.65    0.00 17566694         qlrps(double, double, double, int, double, double, prop_type&) [28]
-----------------------------------------------
                0.64    0.00 104053568/104053568     adiff2(double, prop_type&, propa_type&) [12]
[29]     0.1    0.64    0.00 104053568         aknfe(double const&) [29]
-----------------------------------------------
                0.64    0.00 17566694/17566694     PlotLRPath(site, site, unsigned char, _IO_FILE*) [3]
[30]     0.1    0.64    0.00 17566694         PutSignal(double, double, unsigned char) [30]
-----------------------------------------------
                0.21    0.16 3760448/3760448     lrprop2(double, prop_type&, propa_type&) [10]
[31]     0.0    0.21    0.16 3760448         ascat(double, prop_type&, propa_type&) [31]
                0.14    0.00 3760448/3760448     h0f(double, double) [34]
                0.02    0.00 1880224/1880224     ahd(double) [39]
-----------------------------------------------
                                                 <spontaneous>
[32]     0.0    0.29    0.00                 interpolate(int, int, int, int, int) [32]
-----------------------------------------------
                0.14    0.02 15732127/15732127     lrprop2(double, prop_type&, propa_type&) [10]
[33]     0.0    0.14    0.02 15732127         alos2(double, prop_type&, propa_type&) [33]
                0.02    0.00   45609/52700031     saalos(double, prop_type&, propa_type&) [14]
-----------------------------------------------
                0.14    0.00 3760448/3760448     ascat(double, prop_type&, propa_type&) [31]
[34]     0.0    0.14    0.00 3760448         h0f(double, double) [34]
-----------------------------------------------
                0.00    0.00    1457/119300767     PlaceMarker(site) [48]
                0.09    0.00 119299310/119300767     PlotLRPath(site, site, unsigned char, _IO_FILE*) [3]
[35]     0.0    0.09    0.00 119300767         GetMask(double, double) [35]
-----------------------------------------------
                                                 <spontaneous>
[36]     0.0    0.04    0.00                 adiff(double, prop_type&, propa_type&) [36]
-----------------------------------------------
                                                 <spontaneous>
[37]     0.0    0.03    0.00                 z1sq1(double*, double const&, double const&, double&, double&) [37]
-----------------------------------------------
                                                 <spontaneous>
[38]     0.0    0.03    0.00                 lrprop(double, prop_type&, propa_type&) [38]
-----------------------------------------------
                0.02    0.00 1880224/1880224     ascat(double, prop_type&, propa_type&) [31]
[39]     0.0    0.02    0.00 1880224         ahd(double) [39]
-----------------------------------------------
                0.02    0.00   43216/43216       ReadPath(site, site) [11]
[40]     0.0    0.02    0.00   43216         Distance(site, site) [40]
-----------------------------------------------
                0.00    0.02       1/1           main [1]
[41]     0.0    0.00    0.02       1         SiteReport(site) [41]
                0.00    0.01       1/1           haat(site) [46]
                0.00    0.01       8/16          AverageTerrain(site, double, double, double) [42]
                0.00    0.00       2/269311012     GetElevation(site) [13]
                0.00    0.00       2/2           dec2dms(double) [56]
-----------------------------------------------
                0.00    0.01       8/16          haat(site) [46]
                0.00    0.01       8/16          SiteReport(site) [41]
[42]     0.0    0.00    0.02      16         AverageTerrain(site, double, double, double) [42]
                0.01    0.01      16/43216       ReadPath(site, site) [11]
                0.00    0.00      16/269311012     GetElevation(site) [13]
                0.00    0.00      14/269224048     arccos(double, double) [25]
-----------------------------------------------
                                                 <spontaneous>
[43]     0.0    0.02    0.00                 FORTRAN_DIM(double const&, double const&) [43]
-----------------------------------------------
                                                 <spontaneous>
[44]     0.0    0.02    0.00                 abq_alos(std::complex<double>) [44]
-----------------------------------------------
                                                 <spontaneous>
[45]     0.0    0.01    0.00                 point_to_point_ITM(double*, double, double, double, double, double, double, int, int, double, double, double&, char*, int&) [45]
-----------------------------------------------
                0.00    0.01       1/1           SiteReport(site) [41]
[46]     0.0    0.00    0.01       1         haat(site) [46]
                0.00    0.01       8/16          AverageTerrain(site, double, double, double) [42]
                0.00    0.00       1/269311012     GetElevation(site) [13]
-----------------------------------------------
                                                 <spontaneous>
[47]     0.0    0.01    0.00                 d1thx(double*, double const&, double const&) [47]
-----------------------------------------------
                0.00    0.00       1/1           main [1]
[48]     0.0    0.00    0.00       1         PlaceMarker(site) [48]
                0.00    0.00    1865/119301175     OrMask(double, double, int) [17]
                0.00    0.00    1457/119300767     GetMask(double, double) [35]
-----------------------------------------------
                0.00    0.00       2/2           LoadSDF(char*) [22]
[54]     0.0    0.00    0.00       2         LoadSDF_BZ(char*) [54]
-----------------------------------------------
                0.00    0.00       2/2           LoadQTH(char*) [60]
[55]     0.0    0.00    0.00       2         ReadBearing(char*) [55]
-----------------------------------------------
                0.00    0.00       2/2           SiteReport(site) [41]
[56]     0.0    0.00    0.00       2         dec2dms(double) [56]
-----------------------------------------------
                0.00    0.00       1/1           main [1]
[57]     0.0    0.00    0.00       1         ReadLRParm(site, char) [57]
                0.00    0.00       1/1           LoadPAT(char*) [59]
-----------------------------------------------
                0.00    0.00       1/1           WritePPMSS(char*, unsigned char, unsigned char, unsigned char, site*, unsigned char) [15]
[58]     0.0    0.00    0.00       1         LoadSignalColors(site) [58]
-----------------------------------------------
                0.00    0.00       1/1           ReadLRParm(site, char) [57]
[59]     0.0    0.00    0.00       1         LoadPAT(char*) [59]
-----------------------------------------------
                0.00    0.00       1/1           main [1]
[60]     0.0    0.00    0.00       1         LoadQTH(char*) [60]
                0.00    0.00       2/2           ReadBearing(char*) [55]
-----------------------------------------------

 This table describes the call tree of the program, and was sorted by
 the total amount of time spent in each function and its children.

 Each entry in this table consists of several lines.  The line with the
 index number at the left hand margin lists the current function.
 The lines above it list the functions that called this function,
 and the lines below it list the functions this one called.
 This line lists:
     index	A unique number given to each element of the table.
		Index numbers are sorted numerically.
		The index number is printed next to every function name so
		it is easier to look up where the function in the table.

     % time	This is the percentage of the `total' time that was spent
		in this function and its children.  Note that due to
		different viewpoints, functions excluded by options, etc,
		these numbers will NOT add up to 100%.

     self	This is the total amount of time spent in this function.

     children	This is the total amount of time propagated into this
		function by its children.

     called	This is the number of times the function was called.
		If the function called itself recursively, the number
		only includes non-recursive calls, and is followed by
		a `+' and the number of recursive calls.

     name	The name of the current function.  The index number is
		printed after it.  If the function is a member of a
		cycle, the cycle number is printed between the
		function's name and the index number.


 For the function's parents, the fields have the following meanings:

     self	This is the amount of time that was propagated directly
		from the function into this parent.

     children	This is the amount of time that was propagated from
		the function's children into this parent.

     called	This is the number of times this parent called the
		function `/' the total number of times the function
		was called.  Recursive calls to the function are not
		included in the number after the `/'.

     name	This is the name of the parent.  The parent's index
		number is printed after it.  If the parent is a
		member of a cycle, the cycle number is printed between
		the name and the index number.

 If the parents of the function cannot be determined, the word
 `<spontaneous>' is printed in the `name' field, and all the other
 fields are blank.

 For the function's children, the fields have the following meanings:

     self	This is the amount of time that was propagated directly
		from the child into the function.

     children	This is the amount of time that was propagated from the
		child's children to the function.

     called	This is the number of times the function called
		this child `/' the total number of times the child
		was called.  Recursive calls by the child are not
		listed in the number after the `/'.

     name	This is the name of the child.  The child's index
		number is printed after it.  If the child is a
		member of a cycle, the cycle number is printed
		between the name and the index number.

 If there are any cycles (circles) in the call graph, there is an
 entry for the cycle-as-a-whole.  This entry shows who called the
 cycle (as parents) and the members of the cycle (as children.)
 The `+' recursive calls entry shows the number of function calls that
 were internal to the cycle, and the calls entry for each member shows,
 for that member, how many times it was called from other members of
 the cycle.


Index by function name

  [54] LoadSDF_BZ(char*)      [34] h0f(double, double)     [6] d1thx2(double*, double const&, double const&, propa_type&)
   [3] PlotLRPath(site, site, unsigned char, _IO_FILE*) [16] avar(double, double, double, prop_type&, propv_type&) [38] lrprop(double, prop_type&, propa_type&)
  [57] ReadLRParm(site, char) [46] haat(site)             [14] saalos(double, prop_type&, propa_type&)
  [41] SiteReport(site)       [36] adiff(double, prop_type&, propa_type&) [26] Azimuth(site, site)
  [15] WritePPMSS(char*, unsigned char, unsigned char, unsigned char, site*, unsigned char) [29] aknfe(double const&) [35] GetMask(double, double)
  [43] FORTRAN_DIM(double const&, double const&) [33] alos2(double, prop_type&, propa_type&) [59] LoadPAT(char*)
  [24] LoadSDF_SDF(char*)     [31] ascat(double, prop_type&, propa_type&) [60] LoadQTH(char*)
  [48] PlaceMarker(site)      [18] curve(double const&, double const&, double const&, double const&, double const&, double const&) [22] LoadSDF(char*)
  [55] ReadBearing(char*)     [47] d1thx(double*, double const&, double const&) [21] PutMask(double, double, int)
  [32] interpolate(int, int, int, int, int) [8] hzns2(double*, prop_type&, propa_type&) [56] dec2dms(double)
  [13] GetElevation(site)     [19] qerfi(double)          [10] lrprop2(double, prop_type&, propa_type&)
  [23] LoadTopoData(int, int, int, int) [28] qlrps(double, double, double, int, double, double, prop_type&) [5] qlrpfl2(double*, int, int, prop_type&, propa_type&, propv_type&)
  [42] AverageTerrain(site, double, double, double) [7] qtile(int const&, double*, int const&) [40] Distance(site, site)
   [4] point_to_point(double*, double, double, double, double, double, double, int, int, double, double, double&, char*, int&) [37] z1sq1(double*, double const&, double const&, double&, double&) [11] ReadPath(site, site)
  [58] LoadSignalColors(site)  [9] z1sq2(double*, double const&, double const&, double&, double&) [44] abq_alos(std::complex<double>)
  [45] point_to_point_ITM(double*, double, double, double, double, double, double, int, int, double, double, double&, char*, int&) [17] OrMask(double, double, int) [20] GetSignal(double, double)
  [39] ahd(double)            [12] adiff2(double, prop_type&, propa_type&) [2] PlotLRMap(site, double, char*)
  [27] fht(double const&, double const&) [25] arccos(double, double) [30] PutSignal(double, double, unsigned char)
