Run with 67 miles:
Flat profile:

Each sample counts as 0.01 seconds.
  %   cumulative   self              self     total           
 time   seconds   seconds    calls  Ks/call  Ks/call  name    
 43.72   2159.93  2159.93 93817244     0.00     0.00  qtile(int const&, double*, int const&)
 22.48   3270.43  1110.50 46908655     0.00     0.00  d1thx2(double*, double const&, double const&, propa_type&)
 19.65   4241.17   970.73 46908655     0.00     0.00  hzns2(double*, prop_type&, propa_type&)
  5.51   4513.43   272.27 93815942     0.00     0.00  z1sq2(double*, double const&, double const&, double&, double&)
  2.98   4660.87   147.43 46908655     0.00     0.00  point_to_point(double*, double, double, double, double, double, double, int, int, double, double, double&, char*, int&)
  1.20   4720.39    59.52 140725896     0.00     0.00  saalos(double, prop_type&, propa_type&)
  1.08   4773.61    53.22 234451967     0.00     0.00  adiff2(double, prop_type&, propa_type&)
  0.79   4812.73    39.12 366451526     0.00     0.00  GetElevation(site)
  0.46   4835.27    22.54    50416     0.00     0.00  ReadPath(site, site)
  0.43   4856.64    21.37        1     0.02     0.02  WritePPMSS(char*, unsigned char, unsigned char, unsigned char, site*, unsigned char)
  0.37   4874.87    18.23 242625519     0.00     0.00  OrMask(double, double, int)
  0.30   4889.75    14.88 46908655     0.00     0.00  avar(double, double, double, prop_type&, propv_type&)
  0.17   4898.02     8.27    50400     0.00     0.00  PlotLRPath(site, site, unsigned char, _IO_FILE*)
  0.12   4903.99     5.97 140725965     0.00     0.00  curve(double const&, double const&, double const&, double const&, double const&, double const&)
  0.12   4909.87     5.88 46908655     0.00     0.00  GetSignal(double, double)
  0.11   4915.10     5.23 46908655     0.00     0.00  lrprop2(double, prop_type&, propa_type&)
  0.09   4919.31     4.21 93817310     0.00     0.00  qerfi(double)
  0.06   4922.42     3.11 46908655     0.00     0.00  PutMask(double, double, int)
  0.05   4924.78     2.36 46908655     0.00     0.00  PutSignal(double, double, unsigned char)
  0.05   4927.02     2.24 31822382     0.00     0.00  ascat(double, prop_type&, propa_type&)
  0.04   4929.11     2.09 46908655     0.00     0.00  qlrpfl2(double*, int, int, prop_type&, propa_type&, propv_type&)
  0.04   4931.19     2.08 178121741     0.00     0.00  fht(double const&, double const&)
  0.04   4933.18     1.99 46959071     0.00     0.00  Azimuth(site, site)
  0.03   4934.90     1.72 279194753     0.00     0.00  aknfe(double const&)
  0.03   4936.39     1.49 46908655     0.00     0.00  qlrps(double, double, double, int, double, double, prop_type&)
  0.03   4937.76     1.37 366350162     0.00     0.00  arccos(double, double)
  0.02   4938.74     0.98       13     0.00     0.00  LoadSDF_SDF(char*)
  0.02   4939.48     0.75 31822382     0.00     0.00  h0f(double, double)
  0.01   4939.83     0.35 15911191     0.00     0.00  ahd(double)
  0.01   4940.16     0.33                             interpolate(int, int, int, int, int)
  0.01   4940.45     0.29 242625111     0.00     0.00  GetMask(double, double)
  0.00   4940.64     0.19 31043118     0.00     0.00  alos2(double, prop_type&, propa_type&)
  0.00   4940.78     0.14       13     0.00     0.00  LoadSDF(char*)
  0.00   4940.86     0.08    50416     0.00     0.00  Distance(site, site)
  0.00   4940.92     0.06                             FORTRAN_DIM(double const&, double const&)
  0.00   4940.97     0.05                             adiff(double, prop_type&, propa_type&)
  0.00   4941.01     0.04                             z1sq1(double*, double const&, double const&, double&, double&)
  0.00   4941.04     0.04                             point_to_point_ITM(double*, double, double, double, double, double, double, int, int, double, double, double&, char*, int&)
  0.00   4941.08     0.04                             abq_alos(std::complex<double>)
  0.00   4941.11     0.03        2     0.00     0.00  dec2dms(double)
  0.00   4941.13     0.02                             qlrpfl(double*, int, int, prop_type&, propa_type&, propv_type&)
  0.00   4941.14     0.02                             alos(double, prop_type&, propa_type&)
  0.00   4941.16     0.02                             lrprop(double, prop_type&, propa_type&)
  0.00   4941.17     0.01        1     0.00     4.92  PlotLRMap(site, double, char*)
  0.00   4941.18     0.01                             hzns(double*, prop_type&)
  0.00   4941.19     0.01                             d1thx(double*, double const&, double const&)
  0.00   4941.19     0.00       16     0.00     0.00  AverageTerrain(site, double, double, double)
  0.00   4941.19     0.00        4     0.00     0.00  LoadSDF_BZ(char*)
  0.00   4941.19     0.00        2     0.00     0.00  ReadBearing(char*)
  0.00   4941.19     0.00        2     0.00     0.00  LoadTopoData(int, int, int, int)
  0.00   4941.19     0.00        1     0.00     0.00  ReadLRParm(site, char)
  0.00   4941.19     0.00        1     0.00     0.00  SiteReport(site)
  0.00   4941.19     0.00        1     0.00     0.00  PlaceMarker(site)
  0.00   4941.19     0.00        1     0.00     0.00  LoadSignalColors(site)
  0.00   4941.19     0.00        1     0.00     0.00  haat(site)
  0.00   4941.19     0.00        1     0.00     0.00  LoadPAT(char*)
  0.00   4941.19     0.00        1     0.00     0.00  LoadQTH(char*)

 %         the percentage of the total running time of the
time       program used by this function.

cumulative a running sum of the number of seconds accounted
 seconds   for by this function and those listed above it.

 self      the number of seconds accounted for by this
seconds    function alone.  This is the major sort for this
           listing.

calls      the number of times this function was invoked, if
           this function is profiled, else blank.
 
 self      the average number of milliseconds spent in this
ms/call    function per call, if this function is profiled,
	   else blank.

 total     the average number of milliseconds spent in this
ms/call    function and its descendents per call, if this 
	   function is profiled, else blank.

name       the name of the function.  This is the minor sort
           for this listing. The index shows the location of
	   the function in the gprof listing. If the index is
	   in parenthesis it shows where it would appear in
	   the gprof listing if it were to be printed.

		     Call graph (explanation follows)


granularity: each sample hit covers 2 byte(s) for 0.00% of 4941.19 seconds

index % time    self  children    called     name
                                                 <spontaneous>
[1]    100.0    0.00 4940.57                 main [1]
                0.01 4918.02       1/1           PlotLRMap(site, double, char*) [2]
               21.37    0.00       1/1           WritePPMSS(char*, unsigned char, unsigned char, unsigned char, site*, unsigned char) [15]
                0.00    1.12       2/2           LoadTopoData(int, int, int, int) [30]
                0.00    0.05       1/1           SiteReport(site) [39]
                0.00    0.00       1/1           PlaceMarker(site) [52]
                0.00    0.00       1/366451526     GetElevation(site) [14]
                0.00    0.00       1/1           LoadQTH(char*) [63]
                0.00    0.00       1/1           ReadLRParm(site, char) [60]
-----------------------------------------------
                0.01 4918.02       1/1           main [1]
[2]     99.5    0.01 4918.02       1         PlotLRMap(site, double, char*) [2]
                8.27 4909.75   50400/50400       PlotLRPath(site, site, unsigned char, _IO_FILE*) [3]
-----------------------------------------------
                8.27 4909.75   50400/50400       PlotLRMap(site, double, char*) [2]
[3]     99.5    8.27 4909.75   50400         PlotLRPath(site, site, unsigned char, _IO_FILE*) [3]
              147.43 4667.36 46908655/46908655     point_to_point(double*, double, double, double, double, double, double, int, int, double, double, double&, char*, int&) [4]
               22.53   40.56   50400/50416       ReadPath(site, site) [12]
               18.23    0.00 242623654/242625519     OrMask(double, double, int) [17]
                5.88    0.00 46908655/46908655     GetSignal(double, double) [19]
                3.11    0.00 46908655/46908655     PutMask(double, double, int) [22]
                2.36    0.00 46908655/46908655     PutSignal(double, double, unsigned char) [23]
                1.99    0.00 46908655/46959071     Azimuth(site, site) [25]
                0.29    0.00 242623654/242625111     GetMask(double, double) [35]
-----------------------------------------------
              147.43 4667.36 46908655/46908655     PlotLRPath(site, site, unsigned char, _IO_FILE*) [3]
[4]     97.4  147.43 4667.36 46908655         point_to_point(double*, double, double, double, double, double, double, int, int, double, double, double&, char*, int&) [4]
                2.09 4638.72 46908655/46908655     qlrpfl2(double*, int, int, prop_type&, propa_type&, propv_type&) [5]
               14.88    5.97 46908655/46908655     avar(double, double, double, prop_type&, propv_type&) [16]
                4.21    0.00 93817310/93817310     qerfi(double) [20]
                1.49    0.00 46908655/46908655     qlrps(double, double, double, int, double, double, prop_type&) [27]
-----------------------------------------------
                2.09 4638.72 46908655/46908655     point_to_point(double*, double, double, double, double, double, double, int, int, double, double, double&, char*, int&) [4]
[5]     93.9    2.09 4638.72 46908655         qlrpfl2(double*, int, int, prop_type&, propa_type&, propv_type&) [5]
             1110.50 2296.07 46908655/46908655     d1thx2(double*, double const&, double const&, propa_type&) [6]
              970.73    0.00 46908655/46908655     hzns2(double*, prop_type&, propa_type&) [8]
              136.13    0.00 46907320/93815942     z1sq2(double*, double const&, double const&, double&, double&) [9]
                5.23  120.06 46908655/46908655     lrprop2(double, prop_type&, propa_type&) [10]
-----------------------------------------------
             1110.50 2296.07 46908655/46908655     qlrpfl2(double*, int, int, prop_type&, propa_type&, propv_type&) [5]
[6]     68.9 1110.50 2296.07 46908655         d1thx2(double*, double const&, double const&, propa_type&) [6]
             2159.93    0.00 93817244/93817244     qtile(int const&, double*, int const&) [7]
              136.13    0.00 46908622/93815942     z1sq2(double*, double const&, double const&, double&, double&) [9]
-----------------------------------------------
             2159.93    0.00 93817244/93817244     d1thx2(double*, double const&, double const&, propa_type&) [6]
[7]     43.7 2159.93    0.00 93817244         qtile(int const&, double*, int const&) [7]
-----------------------------------------------
              970.73    0.00 46908655/46908655     qlrpfl2(double*, int, int, prop_type&, propa_type&, propv_type&) [5]
[8]     19.6  970.73    0.00 46908655         hzns2(double*, prop_type&, propa_type&) [8]
-----------------------------------------------
              136.13    0.00 46907320/93815942     qlrpfl2(double*, int, int, prop_type&, propa_type&, propv_type&) [5]
              136.13    0.00 46908622/93815942     d1thx2(double*, double const&, double const&, propa_type&) [6]
[9]      5.5  272.27    0.00 93815942         z1sq2(double*, double const&, double const&, double&, double&) [9]
-----------------------------------------------
                5.23  120.06 46908655/46908655     qlrpfl2(double*, int, int, prop_type&, propa_type&, propv_type&) [5]
[10]     2.5    5.23  120.06 46908655         lrprop2(double, prop_type&, propa_type&) [10]
               53.22   63.29 234451967/234451967     adiff2(double, prop_type&, propa_type&) [11]
                2.24    1.10 31822382/31822382     ascat(double, prop_type&, propa_type&) [21]
                0.19    0.02 31043118/31043118     alos2(double, prop_type&, propa_type&) [36]
-----------------------------------------------
               53.22   63.29 234451967/234451967     lrprop2(double, prop_type&, propa_type&) [10]
[11]     2.4   53.22   63.29 234451967         adiff2(double, prop_type&, propa_type&) [11]
               59.50    0.00 140680293/140725896     saalos(double, prop_type&, propa_type&) [13]
                2.08    0.00 178121741/178121741     fht(double const&, double const&) [24]
                1.72    0.00 279194753/279194753     aknfe(double const&) [26]
-----------------------------------------------
                0.01    0.01      16/50416       AverageTerrain(site, double, double, double) [45]
               22.53   40.56   50400/50416       PlotLRPath(site, site, unsigned char, _IO_FILE*) [3]
[12]     1.3   22.54   40.57   50416         ReadPath(site, site) [12]
               39.12    0.00 366451506/366451526     GetElevation(site) [14]
                1.37    0.00 366350148/366350162     arccos(double, double) [28]
                0.08    0.00   50416/50416       Distance(site, site) [37]
                0.00    0.00   50416/46959071     Azimuth(site, site) [25]
-----------------------------------------------
                0.02    0.00   45603/140725896     alos2(double, prop_type&, propa_type&) [36]
               59.50    0.00 140680293/140725896     adiff2(double, prop_type&, propa_type&) [11]
[13]     1.2   59.52    0.00 140725896         saalos(double, prop_type&, propa_type&) [13]
-----------------------------------------------
                0.00    0.00       1/366451526     haat(site) [49]
                0.00    0.00       1/366451526     main [1]
                0.00    0.00       2/366451526     SiteReport(site) [39]
                0.00    0.00      16/366451526     AverageTerrain(site, double, double, double) [45]
               39.12    0.00 366451506/366451526     ReadPath(site, site) [12]
[14]     0.8   39.12    0.00 366451526         GetElevation(site) [14]
-----------------------------------------------
               21.37    0.00       1/1           main [1]
[15]     0.4   21.37    0.00       1         WritePPMSS(char*, unsigned char, unsigned char, unsigned char, site*, unsigned char) [15]
                0.00    0.00       1/1           LoadSignalColors(site) [61]
-----------------------------------------------
               14.88    5.97 46908655/46908655     point_to_point(double*, double, double, double, double, double, double, int, int, double, double, double&, char*, int&) [4]
[16]     0.4   14.88    5.97 46908655         avar(double, double, double, prop_type&, propv_type&) [16]
                5.97    0.00 140725965/140725965     curve(double const&, double const&, double const&, double const&, double const&, double const&) [18]
-----------------------------------------------
                0.00    0.00    1865/242625519     PlaceMarker(site) [52]
               18.23    0.00 242623654/242625519     PlotLRPath(site, site, unsigned char, _IO_FILE*) [3]
[17]     0.4   18.23    0.00 242625519         OrMask(double, double, int) [17]
-----------------------------------------------
                5.97    0.00 140725965/140725965     avar(double, double, double, prop_type&, propv_type&) [16]
[18]     0.1    5.97    0.00 140725965         curve(double const&, double const&, double const&, double const&, double const&, double const&) [18]
-----------------------------------------------
                5.88    0.00 46908655/46908655     PlotLRPath(site, site, unsigned char, _IO_FILE*) [3]
[19]     0.1    5.88    0.00 46908655         GetSignal(double, double) [19]
-----------------------------------------------
                4.21    0.00 93817310/93817310     point_to_point(double*, double, double, double, double, double, double, int, int, double, double, double&, char*, int&) [4]
[20]     0.1    4.21    0.00 93817310         qerfi(double) [20]
-----------------------------------------------
                2.24    1.10 31822382/31822382     lrprop2(double, prop_type&, propa_type&) [10]
[21]     0.1    2.24    1.10 31822382         ascat(double, prop_type&, propa_type&) [21]
                0.75    0.00 31822382/31822382     h0f(double, double) [32]
                0.35    0.00 15911191/15911191     ahd(double) [33]
-----------------------------------------------
                3.11    0.00 46908655/46908655     PlotLRPath(site, site, unsigned char, _IO_FILE*) [3]
[22]     0.1    3.11    0.00 46908655         PutMask(double, double, int) [22]
-----------------------------------------------
                2.36    0.00 46908655/46908655     PlotLRPath(site, site, unsigned char, _IO_FILE*) [3]
[23]     0.0    2.36    0.00 46908655         PutSignal(double, double, unsigned char) [23]
-----------------------------------------------
                2.08    0.00 178121741/178121741     adiff2(double, prop_type&, propa_type&) [11]
[24]     0.0    2.08    0.00 178121741         fht(double const&, double const&) [24]
-----------------------------------------------
                0.00    0.00   50416/46959071     ReadPath(site, site) [12]
                1.99    0.00 46908655/46959071     PlotLRPath(site, site, unsigned char, _IO_FILE*) [3]
[25]     0.0    1.99    0.00 46959071         Azimuth(site, site) [25]
-----------------------------------------------
                1.72    0.00 279194753/279194753     adiff2(double, prop_type&, propa_type&) [11]
[26]     0.0    1.72    0.00 279194753         aknfe(double const&) [26]
-----------------------------------------------
                1.49    0.00 46908655/46908655     point_to_point(double*, double, double, double, double, double, double, int, int, double, double, double&, char*, int&) [4]
[27]     0.0    1.49    0.00 46908655         qlrps(double, double, double, int, double, double, prop_type&) [27]
-----------------------------------------------
                0.00    0.00      14/366350162     AverageTerrain(site, double, double, double) [45]
                1.37    0.00 366350148/366350162     ReadPath(site, site) [12]
[28]     0.0    1.37    0.00 366350162         arccos(double, double) [28]
-----------------------------------------------
                0.14    0.98      13/13          LoadTopoData(int, int, int, int) [30]
[29]     0.0    0.14    0.98      13         LoadSDF(char*) [29]
                0.98    0.00      13/13          LoadSDF_SDF(char*) [31]
                0.00    0.00       4/4           LoadSDF_BZ(char*) [58]
-----------------------------------------------
                0.00    1.12       2/2           main [1]
[30]     0.0    0.00    1.12       2         LoadTopoData(int, int, int, int) [30]
                0.14    0.98      13/13          LoadSDF(char*) [29]
-----------------------------------------------
                0.98    0.00      13/13          LoadSDF(char*) [29]
[31]     0.0    0.98    0.00      13         LoadSDF_SDF(char*) [31]
-----------------------------------------------
                0.75    0.00 31822382/31822382     ascat(double, prop_type&, propa_type&) [21]
[32]     0.0    0.75    0.00 31822382         h0f(double, double) [32]
-----------------------------------------------
                0.35    0.00 15911191/15911191     ascat(double, prop_type&, propa_type&) [21]
[33]     0.0    0.35    0.00 15911191         ahd(double) [33]
-----------------------------------------------
                                                 <spontaneous>
[34]     0.0    0.33    0.00                 interpolate(int, int, int, int, int) [34]
-----------------------------------------------
                0.00    0.00    1457/242625111     PlaceMarker(site) [52]
                0.29    0.00 242623654/242625111     PlotLRPath(site, site, unsigned char, _IO_FILE*) [3]
[35]     0.0    0.29    0.00 242625111         GetMask(double, double) [35]
-----------------------------------------------
                0.19    0.02 31043118/31043118     lrprop2(double, prop_type&, propa_type&) [10]
[36]     0.0    0.19    0.02 31043118         alos2(double, prop_type&, propa_type&) [36]
                0.02    0.00   45603/140725896     saalos(double, prop_type&, propa_type&) [13]
-----------------------------------------------
                0.08    0.00   50416/50416       ReadPath(site, site) [12]
[37]     0.0    0.08    0.00   50416         Distance(site, site) [37]
-----------------------------------------------
                                                 <spontaneous>
[38]     0.0    0.06    0.00                 FORTRAN_DIM(double const&, double const&) [38]
-----------------------------------------------
                0.00    0.05       1/1           main [1]
[39]     0.0    0.00    0.05       1         SiteReport(site) [39]
                0.03    0.00       2/2           dec2dms(double) [44]
                0.00    0.01       1/1           haat(site) [49]
                0.00    0.01       8/16          AverageTerrain(site, double, double, double) [45]
                0.00    0.00       2/366451526     GetElevation(site) [14]
-----------------------------------------------
                                                 <spontaneous>
[40]     0.0    0.05    0.00                 adiff(double, prop_type&, propa_type&) [40]
-----------------------------------------------
                                                 <spontaneous>
[41]     0.0    0.04    0.00                 z1sq1(double*, double const&, double const&, double&, double&) [41]
-----------------------------------------------
                                                 <spontaneous>
[42]     0.0    0.04    0.00                 point_to_point_ITM(double*, double, double, double, double, double, double, int, int, double, double, double&, char*, int&) [42]
-----------------------------------------------
                                                 <spontaneous>
[43]     0.0    0.04    0.00                 abq_alos(std::complex<double>) [43]
-----------------------------------------------
                0.03    0.00       2/2           SiteReport(site) [39]
[44]     0.0    0.03    0.00       2         dec2dms(double) [44]
-----------------------------------------------
                0.00    0.01       8/16          haat(site) [49]
                0.00    0.01       8/16          SiteReport(site) [39]
[45]     0.0    0.00    0.02      16         AverageTerrain(site, double, double, double) [45]
                0.01    0.01      16/50416       ReadPath(site, site) [12]
                0.00    0.00      16/366451526     GetElevation(site) [14]
                0.00    0.00      14/366350162     arccos(double, double) [28]
-----------------------------------------------
                                                 <spontaneous>
[46]     0.0    0.02    0.00                 qlrpfl(double*, int, int, prop_type&, propa_type&, propv_type&) [46]
-----------------------------------------------
                                                 <spontaneous>
[47]     0.0    0.02    0.00                 alos(double, prop_type&, propa_type&) [47]
-----------------------------------------------
                                                 <spontaneous>
[48]     0.0    0.02    0.00                 lrprop(double, prop_type&, propa_type&) [48]
-----------------------------------------------
                0.00    0.01       1/1           SiteReport(site) [39]
[49]     0.0    0.00    0.01       1         haat(site) [49]
                0.00    0.01       8/16          AverageTerrain(site, double, double, double) [45]
                0.00    0.00       1/366451526     GetElevation(site) [14]
-----------------------------------------------
                                                 <spontaneous>
[50]     0.0    0.01    0.00                 hzns(double*, prop_type&) [50]
-----------------------------------------------
                                                 <spontaneous>
[51]     0.0    0.01    0.00                 d1thx(double*, double const&, double const&) [51]
-----------------------------------------------
                0.00    0.00       1/1           main [1]
[52]     0.0    0.00    0.00       1         PlaceMarker(site) [52]
                0.00    0.00    1865/242625519     OrMask(double, double, int) [17]
                0.00    0.00    1457/242625111     GetMask(double, double) [35]
-----------------------------------------------
                0.00    0.00       4/4           LoadSDF(char*) [29]
[58]     0.0    0.00    0.00       4         LoadSDF_BZ(char*) [58]
-----------------------------------------------
                0.00    0.00       2/2           LoadQTH(char*) [63]
[59]     0.0    0.00    0.00       2         ReadBearing(char*) [59]
-----------------------------------------------
                0.00    0.00       1/1           main [1]
[60]     0.0    0.00    0.00       1         ReadLRParm(site, char) [60]
                0.00    0.00       1/1           LoadPAT(char*) [62]
-----------------------------------------------
                0.00    0.00       1/1           WritePPMSS(char*, unsigned char, unsigned char, unsigned char, site*, unsigned char) [15]
[61]     0.0    0.00    0.00       1         LoadSignalColors(site) [61]
-----------------------------------------------
                0.00    0.00       1/1           ReadLRParm(site, char) [60]
[62]     0.0    0.00    0.00       1         LoadPAT(char*) [62]
-----------------------------------------------
                0.00    0.00       1/1           main [1]
[63]     0.0    0.00    0.00       1         LoadQTH(char*) [63]
                0.00    0.00       2/2           ReadBearing(char*) [59]
-----------------------------------------------

 This table describes the call tree of the program, and was sorted by
 the total amount of time spent in each function and its children.

 Each entry in this table consists of several lines.  The line with the
 index number at the left hand margin lists the current function.
 The lines above it list the functions that called this function,
 and the lines below it list the functions this one called.
 This line lists:
     index	A unique number given to each element of the table.
		Index numbers are sorted numerically.
		The index number is printed next to every function name so
		it is easier to look up where the function in the table.

     % time	This is the percentage of the `total' time that was spent
		in this function and its children.  Note that due to
		different viewpoints, functions excluded by options, etc,
		these numbers will NOT add up to 100%.

     self	This is the total amount of time spent in this function.

     children	This is the total amount of time propagated into this
		function by its children.

     called	This is the number of times the function was called.
		If the function called itself recursively, the number
		only includes non-recursive calls, and is followed by
		a `+' and the number of recursive calls.

     name	The name of the current function.  The index number is
		printed after it.  If the function is a member of a
		cycle, the cycle number is printed between the
		function's name and the index number.


 For the function's parents, the fields have the following meanings:

     self	This is the amount of time that was propagated directly
		from the function into this parent.

     children	This is the amount of time that was propagated from
		the function's children into this parent.

     called	This is the number of times this parent called the
		function `/' the total number of times the function
		was called.  Recursive calls to the function are not
		included in the number after the `/'.

     name	This is the name of the parent.  The parent's index
		number is printed after it.  If the parent is a
		member of a cycle, the cycle number is printed between
		the name and the index number.

 If the parents of the function cannot be determined, the word
 `<spontaneous>' is printed in the `name' field, and all the other
 fields are blank.

 For the function's children, the fields have the following meanings:

     self	This is the amount of time that was propagated directly
		from the child into the function.

     children	This is the amount of time that was propagated from the
		child's children to the function.

     called	This is the number of times the function called
		this child `/' the total number of times the child
		was called.  Recursive calls by the child are not
		listed in the number after the `/'.

     name	This is the name of the child.  The child's index
		number is printed after it.  If the child is a
		member of a cycle, the cycle number is printed
		between the name and the index number.

 If there are any cycles (circles) in the call graph, there is an
 entry for the cycle-as-a-whole.  This entry shows who called the
 cycle (as parents) and the members of the cycle (as children.)
 The `+' recursive calls entry shows the number of function calls that
 were internal to the cycle, and the calls entry for each member shows,
 for that member, how many times it was called from other members of
 the cycle.


Index by function name

  [58] LoadSDF_BZ(char*)      [47] alos(double, prop_type&, propa_type&) [6] d1thx2(double*, double const&, double const&, propa_type&)
   [3] PlotLRPath(site, site, unsigned char, _IO_FILE*) [16] avar(double, double, double, prop_type&, propv_type&) [48] lrprop(double, prop_type&, propa_type&)
  [60] ReadLRParm(site, char) [49] haat(site)             [46] qlrpfl(double*, int, int, prop_type&, propa_type&, propv_type&)
  [39] SiteReport(site)       [50] hzns(double*, prop_type&) [13] saalos(double, prop_type&, propa_type&)
  [15] WritePPMSS(char*, unsigned char, unsigned char, unsigned char, site*, unsigned char) [40] adiff(double, prop_type&, propa_type&) [25] Azimuth(site, site)
  [38] FORTRAN_DIM(double const&, double const&) [26] aknfe(double const&) [35] GetMask(double, double)
  [31] LoadSDF_SDF(char*)     [36] alos2(double, prop_type&, propa_type&) [62] LoadPAT(char*)
  [52] PlaceMarker(site)      [21] ascat(double, prop_type&, propa_type&) [63] LoadQTH(char*)
  [59] ReadBearing(char*)     [18] curve(double const&, double const&, double const&, double const&, double const&, double const&) [29] LoadSDF(char*)
  [34] interpolate(int, int, int, int, int) [51] d1thx(double*, double const&, double const&) [22] PutMask(double, double, int)
  [14] GetElevation(site)      [8] hzns2(double*, prop_type&, propa_type&) [44] dec2dms(double)
  [30] LoadTopoData(int, int, int, int) [20] qerfi(double) [10] lrprop2(double, prop_type&, propa_type&)
  [45] AverageTerrain(site, double, double, double) [27] qlrps(double, double, double, int, double, double, prop_type&) [5] qlrpfl2(double*, int, int, prop_type&, propa_type&, propv_type&)
   [4] point_to_point(double*, double, double, double, double, double, double, int, int, double, double, double&, char*, int&) [7] qtile(int const&, double*, int const&) [37] Distance(site, site)
  [61] LoadSignalColors(site) [41] z1sq1(double*, double const&, double const&, double&, double&) [12] ReadPath(site, site)
  [42] point_to_point_ITM(double*, double, double, double, double, double, double, int, int, double, double, double&, char*, int&) [9] z1sq2(double*, double const&, double const&, double&, double&) [43] abq_alos(std::complex<double>)
  [33] ahd(double)            [17] OrMask(double, double, int) [19] GetSignal(double, double)
  [24] fht(double const&, double const&) [11] adiff2(double, prop_type&, propa_type&) [2] PlotLRMap(site, double, char*)
  [32] h0f(double, double)    [28] arccos(double, double) [23] PutSignal(double, double, unsigned char)
