Run with 3 miles:
Flat profile:

Each sample counts as 0.01 seconds.
  %   cumulative   self              self     total           
 time   seconds   seconds    calls   s/call   s/call  name    
 33.27      1.83     1.83    14416     0.00     0.00  ReadPath(site, site)
 27.09      3.32     1.49 31283164     0.00     0.00  GetElevation(site)
 13.82      4.08     0.76        1     0.76     0.76  WritePPMSS(char*, unsigned char, unsigned char, unsigned char, site*, unsigned char)
  6.55      4.44     0.36   188400     0.00     0.00  qtile(int const&, double*, int const&)
  2.73      4.59     0.15    94233     0.00     0.00  hzns2(double*, prop_type&, propa_type&)
  2.73      4.74     0.15   282664     0.00     0.00  saalos(double, prop_type&, propa_type&)
  2.00      4.85     0.11 31253849     0.00     0.00  arccos(double, double)
  2.00      4.96     0.11    94233     0.00     0.00  d1thx2(double*, double const&, double const&, propa_type&)
  2.00      5.07     0.11    14400     0.00     0.00  PlotLRPath(site, site, unsigned char, _IO_FILE*)
  2.00      5.18     0.11        2     0.06     0.06  LoadSDF_SDF(char*)
  1.45      5.26     0.08   425169     0.00     0.00  adiff2(double, prop_type&, propa_type&)
  0.91      5.31     0.05   187095     0.00     0.00  z1sq2(double*, double const&, double const&, double&, double&)
  0.73      5.35     0.04  2558003     0.00     0.00  OrMask(double, double, int)
  0.73      5.39     0.04    94233     0.00     0.00  avar(double, double, double, prop_type&, propv_type&)
  0.55      5.42     0.03    94233     0.00     0.00  GetSignal(double, double)
  0.36      5.44     0.02    94233     0.00     0.00  point_to_point(double*, double, double, double, double, double, double, int, int, double, double, double&, char*, int&)
  0.18      5.45     0.01   282699     0.00     0.00  curve(double const&, double const&, double const&, double const&, double const&, double const&)
  0.18      5.46     0.01   188466     0.00     0.00  qerfi(double)
  0.18      5.47     0.01   117231     0.00     0.00  alos2(double, prop_type&, propa_type&)
  0.18      5.48     0.01    94233     0.00     0.00  qlrps(double, double, double, int, double, double, prop_type&)
  0.18      5.49     0.01    94233     0.00     0.00  lrprop2(double, prop_type&, propa_type&)
  0.18      5.50     0.01                             interpolate(int, int, int, int, int)
  0.00      5.50     0.00  2557595     0.00     0.00  GetMask(double, double)
  0.00      5.50     0.00   502246     0.00     0.00  aknfe(double const&)
  0.00      5.50     0.00   301579     0.00     0.00  fht(double const&, double const&)
  0.00      5.50     0.00   108649     0.00     0.00  Azimuth(site, site)
  0.00      5.50     0.00    94233     0.00     0.00  PutMask(double, double, int)
  0.00      5.50     0.00    94233     0.00     0.00  qlrpfl2(double*, int, int, prop_type&, propa_type&, propv_type&)
  0.00      5.50     0.00    94233     0.00     0.00  PutSignal(double, double, unsigned char)
  0.00      5.50     0.00    14416     0.00     0.00  Distance(site, site)
  0.00      5.50     0.00       16     0.00     0.00  AverageTerrain(site, double, double, double)
  0.00      5.50     0.00        2     0.00     0.00  ReadBearing(char*)
  0.00      5.50     0.00        2     0.00     0.06  LoadTopoData(int, int, int, int)
  0.00      5.50     0.00        2     0.00     0.06  LoadSDF(char*)
  0.00      5.50     0.00        2     0.00     0.00  dec2dms(double)
  0.00      5.50     0.00        1     0.00     0.00  LoadSDF_BZ(char*)
  0.00      5.50     0.00        1     0.00     0.00  ReadLRParm(site, char)
  0.00      5.50     0.00        1     0.00     0.00  SiteReport(site)
  0.00      5.50     0.00        1     0.00     0.00  PlaceMarker(site)
  0.00      5.50     0.00        1     0.00     0.00  LoadSignalColors(site)
  0.00      5.50     0.00        1     0.00     0.00  haat(site)
  0.00      5.50     0.00        1     0.00     0.00  LoadPAT(char*)
  0.00      5.50     0.00        1     0.00     0.00  LoadQTH(char*)
  0.00      5.50     0.00        1     0.00     4.62  PlotLRMap(site, double, char*)

 %         the percentage of the total running time of the
time       program used by this function.

cumulative a running sum of the number of seconds accounted
 seconds   for by this function and those listed above it.

 self      the number of seconds accounted for by this
seconds    function alone.  This is the major sort for this
           listing.

calls      the number of times this function was invoked, if
           this function is profiled, else blank.
 
 self      the average number of milliseconds spent in this
ms/call    function per call, if this function is profiled,
	   else blank.

 total     the average number of milliseconds spent in this
ms/call    function and its descendents per call, if this 
	   function is profiled, else blank.

name       the name of the function.  This is the minor sort
           for this listing. The index shows the location of
	   the function in the gprof listing. If the index is
	   in parenthesis it shows where it would appear in
	   the gprof listing if it were to be printed.

		     Call graph (explanation follows)


granularity: each sample hit covers 2 byte(s) for 0.18% of 5.50 seconds

index % time    self  children    called     name
                                                 <spontaneous>
[1]     99.8    0.00    5.49                 main [1]
                0.00    4.62       1/1           PlotLRMap(site, double, char*) [3]
                0.76    0.00       1/1           WritePPMSS(char*, unsigned char, unsigned char, unsigned char, site*, unsigned char) [8]
                0.00    0.11       2/2           LoadTopoData(int, int, int, int) [17]
                0.00    0.00       1/1           SiteReport(site) [28]
                0.00    0.00       1/1           PlaceMarker(site) [31]
                0.00    0.00       1/31283164     GetElevation(site) [5]
                0.00    0.00       1/1           LoadQTH(char*) [50]
                0.00    0.00       1/1           ReadLRParm(site, char) [47]
-----------------------------------------------
                0.11    4.51   14400/14400       PlotLRMap(site, double, char*) [3]
[2]     83.9    0.11    4.51   14400         PlotLRPath(site, site, unsigned char, _IO_FILE*) [2]
                1.83    1.60   14400/14416       ReadPath(site, site) [4]
                0.02    0.99   94233/94233       point_to_point(double*, double, double, double, double, double, double, int, int, double, double, double&, char*, int&) [6]
                0.04    0.00 2556138/2558003     OrMask(double, double, int) [21]
                0.03    0.00   94233/94233       GetSignal(double, double) [22]
                0.00    0.00 2556138/2557595     GetMask(double, double) [37]
                0.00    0.00   94233/108649      Azimuth(site, site) [40]
                0.00    0.00   94233/94233       PutMask(double, double, int) [41]
                0.00    0.00   94233/94233       PutSignal(double, double, unsigned char) [42]
-----------------------------------------------
                0.00    4.62       1/1           main [1]
[3]     83.9    0.00    4.62       1         PlotLRMap(site, double, char*) [3]
                0.11    4.51   14400/14400       PlotLRPath(site, site, unsigned char, _IO_FILE*) [2]
-----------------------------------------------
                0.00    0.00      16/14416       AverageTerrain(site, double, double, double) [29]
                1.83    1.60   14400/14416       PlotLRPath(site, site, unsigned char, _IO_FILE*) [2]
[4]     62.4    1.83    1.60   14416         ReadPath(site, site) [4]
                1.49    0.00 31283144/31283164     GetElevation(site) [5]
                0.11    0.00 31253835/31253849     arccos(double, double) [15]
                0.00    0.00   14416/108649      Azimuth(site, site) [40]
                0.00    0.00   14416/14416       Distance(site, site) [43]
-----------------------------------------------
                0.00    0.00       1/31283164     haat(site) [30]
                0.00    0.00       1/31283164     main [1]
                0.00    0.00       2/31283164     SiteReport(site) [28]
                0.00    0.00      16/31283164     AverageTerrain(site, double, double, double) [29]
                1.49    0.00 31283144/31283164     ReadPath(site, site) [4]
[5]     27.1    1.49    0.00 31283164         GetElevation(site) [5]
-----------------------------------------------
                0.02    0.99   94233/94233       PlotLRPath(site, site, unsigned char, _IO_FILE*) [2]
[6]     18.4    0.02    0.99   94233         point_to_point(double*, double, double, double, double, double, double, int, int, double, double, double&, char*, int&) [6]
                0.00    0.92   94233/94233       qlrpfl2(double*, int, int, prop_type&, propa_type&, propv_type&) [7]
                0.04    0.01   94233/94233       avar(double, double, double, prop_type&, propv_type&) [20]
                0.01    0.00  188466/188466      qerfi(double) [25]
                0.01    0.00   94233/94233       qlrps(double, double, double, int, double, double, prop_type&) [26]
-----------------------------------------------
                0.00    0.92   94233/94233       point_to_point(double*, double, double, double, double, double, double, int, int, double, double, double&, char*, int&) [6]
[7]     16.7    0.00    0.92   94233         qlrpfl2(double*, int, int, prop_type&, propa_type&, propv_type&) [7]
                0.11    0.39   94233/94233       d1thx2(double*, double const&, double const&, propa_type&) [9]
                0.01    0.24   94233/94233       lrprop2(double, prop_type&, propa_type&) [11]
                0.15    0.00   94233/94233       hzns2(double*, prop_type&, propa_type&) [13]
                0.02    0.00   92895/187095      z1sq2(double*, double const&, double const&, double&, double&) [19]
-----------------------------------------------
                0.76    0.00       1/1           main [1]
[8]     13.8    0.76    0.00       1         WritePPMSS(char*, unsigned char, unsigned char, unsigned char, site*, unsigned char) [8]
                0.00    0.00       1/1           LoadSignalColors(site) [48]
-----------------------------------------------
                0.11    0.39   94233/94233       qlrpfl2(double*, int, int, prop_type&, propa_type&, propv_type&) [7]
[9]      9.0    0.11    0.39   94233         d1thx2(double*, double const&, double const&, propa_type&) [9]
                0.36    0.00  188400/188400      qtile(int const&, double*, int const&) [10]
                0.03    0.00   94200/187095      z1sq2(double*, double const&, double const&, double&, double&) [19]
-----------------------------------------------
                0.36    0.00  188400/188400      d1thx2(double*, double const&, double const&, propa_type&) [9]
[10]     6.5    0.36    0.00  188400         qtile(int const&, double*, int const&) [10]
-----------------------------------------------
                0.01    0.24   94233/94233       qlrpfl2(double*, int, int, prop_type&, propa_type&, propv_type&) [7]
[11]     4.5    0.01    0.24   94233         lrprop2(double, prop_type&, propa_type&) [11]
                0.08    0.14  425169/425169      adiff2(double, prop_type&, propa_type&) [12]
                0.01    0.01  117231/117231      alos2(double, prop_type&, propa_type&) [23]
-----------------------------------------------
                0.08    0.14  425169/425169      lrprop2(double, prop_type&, propa_type&) [11]
[12]     4.0    0.08    0.14  425169         adiff2(double, prop_type&, propa_type&) [12]
                0.14    0.00  259701/282664      saalos(double, prop_type&, propa_type&) [14]
                0.00    0.00  502246/502246      aknfe(double const&) [38]
                0.00    0.00  301579/301579      fht(double const&, double const&) [39]
-----------------------------------------------
                0.15    0.00   94233/94233       qlrpfl2(double*, int, int, prop_type&, propa_type&, propv_type&) [7]
[13]     2.7    0.15    0.00   94233         hzns2(double*, prop_type&, propa_type&) [13]
-----------------------------------------------
                0.01    0.00   22963/282664      alos2(double, prop_type&, propa_type&) [23]
                0.14    0.00  259701/282664      adiff2(double, prop_type&, propa_type&) [12]
[14]     2.7    0.15    0.00  282664         saalos(double, prop_type&, propa_type&) [14]
-----------------------------------------------
                0.00    0.00      14/31253849     AverageTerrain(site, double, double, double) [29]
                0.11    0.00 31253835/31253849     ReadPath(site, site) [4]
[15]     2.0    0.11    0.00 31253849         arccos(double, double) [15]
-----------------------------------------------
                0.11    0.00       2/2           LoadSDF(char*) [18]
[16]     2.0    0.11    0.00       2         LoadSDF_SDF(char*) [16]
-----------------------------------------------
                0.00    0.11       2/2           main [1]
[17]     2.0    0.00    0.11       2         LoadTopoData(int, int, int, int) [17]
                0.00    0.11       2/2           LoadSDF(char*) [18]
-----------------------------------------------
                0.00    0.11       2/2           LoadTopoData(int, int, int, int) [17]
[18]     2.0    0.00    0.11       2         LoadSDF(char*) [18]
                0.11    0.00       2/2           LoadSDF_SDF(char*) [16]
                0.00    0.00       1/1           LoadSDF_BZ(char*) [46]
-----------------------------------------------
                0.02    0.00   92895/187095      qlrpfl2(double*, int, int, prop_type&, propa_type&, propv_type&) [7]
                0.03    0.00   94200/187095      d1thx2(double*, double const&, double const&, propa_type&) [9]
[19]     0.9    0.05    0.00  187095         z1sq2(double*, double const&, double const&, double&, double&) [19]
-----------------------------------------------
                0.04    0.01   94233/94233       point_to_point(double*, double, double, double, double, double, double, int, int, double, double, double&, char*, int&) [6]
[20]     0.9    0.04    0.01   94233         avar(double, double, double, prop_type&, propv_type&) [20]
                0.01    0.00  282699/282699      curve(double const&, double const&, double const&, double const&, double const&, double const&) [24]
-----------------------------------------------
                0.00    0.00    1865/2558003     PlaceMarker(site) [31]
                0.04    0.00 2556138/2558003     PlotLRPath(site, site, unsigned char, _IO_FILE*) [2]
[21]     0.7    0.04    0.00 2558003         OrMask(double, double, int) [21]
-----------------------------------------------
                0.03    0.00   94233/94233       PlotLRPath(site, site, unsigned char, _IO_FILE*) [2]
[22]     0.5    0.03    0.00   94233         GetSignal(double, double) [22]
-----------------------------------------------
                0.01    0.01  117231/117231      lrprop2(double, prop_type&, propa_type&) [11]
[23]     0.4    0.01    0.01  117231         alos2(double, prop_type&, propa_type&) [23]
                0.01    0.00   22963/282664      saalos(double, prop_type&, propa_type&) [14]
-----------------------------------------------
                0.01    0.00  282699/282699      avar(double, double, double, prop_type&, propv_type&) [20]
[24]     0.2    0.01    0.00  282699         curve(double const&, double const&, double const&, double const&, double const&, double const&) [24]
-----------------------------------------------
                0.01    0.00  188466/188466      point_to_point(double*, double, double, double, double, double, double, int, int, double, double, double&, char*, int&) [6]
[25]     0.2    0.01    0.00  188466         qerfi(double) [25]
-----------------------------------------------
                0.01    0.00   94233/94233       point_to_point(double*, double, double, double, double, double, double, int, int, double, double, double&, char*, int&) [6]
[26]     0.2    0.01    0.00   94233         qlrps(double, double, double, int, double, double, prop_type&) [26]
-----------------------------------------------
                                                 <spontaneous>
[27]     0.2    0.01    0.00                 interpolate(int, int, int, int, int) [27]
-----------------------------------------------
                0.00    0.00       1/1           main [1]
[28]     0.1    0.00    0.00       1         SiteReport(site) [28]
                0.00    0.00       1/1           haat(site) [30]
                0.00    0.00       8/16          AverageTerrain(site, double, double, double) [29]
                0.00    0.00       2/31283164     GetElevation(site) [5]
                0.00    0.00       2/2           dec2dms(double) [45]
-----------------------------------------------
                0.00    0.00       8/16          haat(site) [30]
                0.00    0.00       8/16          SiteReport(site) [28]
[29]     0.1    0.00    0.00      16         AverageTerrain(site, double, double, double) [29]
                0.00    0.00      16/14416       ReadPath(site, site) [4]
                0.00    0.00      16/31283164     GetElevation(site) [5]
                0.00    0.00      14/31253849     arccos(double, double) [15]
-----------------------------------------------
                0.00    0.00       1/1           SiteReport(site) [28]
[30]     0.0    0.00    0.00       1         haat(site) [30]
                0.00    0.00       8/16          AverageTerrain(site, double, double, double) [29]
                0.00    0.00       1/31283164     GetElevation(site) [5]
-----------------------------------------------
                0.00    0.00       1/1           main [1]
[31]     0.0    0.00    0.00       1         PlaceMarker(site) [31]
                0.00    0.00    1865/2558003     OrMask(double, double, int) [21]
                0.00    0.00    1457/2557595     GetMask(double, double) [37]
-----------------------------------------------
                0.00    0.00    1457/2557595     PlaceMarker(site) [31]
                0.00    0.00 2556138/2557595     PlotLRPath(site, site, unsigned char, _IO_FILE*) [2]
[37]     0.0    0.00    0.00 2557595         GetMask(double, double) [37]
-----------------------------------------------
                0.00    0.00  502246/502246      adiff2(double, prop_type&, propa_type&) [12]
[38]     0.0    0.00    0.00  502246         aknfe(double const&) [38]
-----------------------------------------------
                0.00    0.00  301579/301579      adiff2(double, prop_type&, propa_type&) [12]
[39]     0.0    0.00    0.00  301579         fht(double const&, double const&) [39]
-----------------------------------------------
                0.00    0.00   14416/108649      ReadPath(site, site) [4]
                0.00    0.00   94233/108649      PlotLRPath(site, site, unsigned char, _IO_FILE*) [2]
[40]     0.0    0.00    0.00  108649         Azimuth(site, site) [40]
-----------------------------------------------
                0.00    0.00   94233/94233       PlotLRPath(site, site, unsigned char, _IO_FILE*) [2]
[41]     0.0    0.00    0.00   94233         PutMask(double, double, int) [41]
-----------------------------------------------
                0.00    0.00   94233/94233       PlotLRPath(site, site, unsigned char, _IO_FILE*) [2]
[42]     0.0    0.00    0.00   94233         PutSignal(double, double, unsigned char) [42]
-----------------------------------------------
                0.00    0.00   14416/14416       ReadPath(site, site) [4]
[43]     0.0    0.00    0.00   14416         Distance(site, site) [43]
-----------------------------------------------
                0.00    0.00       2/2           LoadQTH(char*) [50]
[44]     0.0    0.00    0.00       2         ReadBearing(char*) [44]
-----------------------------------------------
                0.00    0.00       2/2           SiteReport(site) [28]
[45]     0.0    0.00    0.00       2         dec2dms(double) [45]
-----------------------------------------------
                0.00    0.00       1/1           LoadSDF(char*) [18]
[46]     0.0    0.00    0.00       1         LoadSDF_BZ(char*) [46]
-----------------------------------------------
                0.00    0.00       1/1           main [1]
[47]     0.0    0.00    0.00       1         ReadLRParm(site, char) [47]
                0.00    0.00       1/1           LoadPAT(char*) [49]
-----------------------------------------------
                0.00    0.00       1/1           WritePPMSS(char*, unsigned char, unsigned char, unsigned char, site*, unsigned char) [8]
[48]     0.0    0.00    0.00       1         LoadSignalColors(site) [48]
-----------------------------------------------
                0.00    0.00       1/1           ReadLRParm(site, char) [47]
[49]     0.0    0.00    0.00       1         LoadPAT(char*) [49]
-----------------------------------------------
                0.00    0.00       1/1           main [1]
[50]     0.0    0.00    0.00       1         LoadQTH(char*) [50]
                0.00    0.00       2/2           ReadBearing(char*) [44]
-----------------------------------------------

 This table describes the call tree of the program, and was sorted by
 the total amount of time spent in each function and its children.

 Each entry in this table consists of several lines.  The line with the
 index number at the left hand margin lists the current function.
 The lines above it list the functions that called this function,
 and the lines below it list the functions this one called.
 This line lists:
     index	A unique number given to each element of the table.
		Index numbers are sorted numerically.
		The index number is printed next to every function name so
		it is easier to look up where the function in the table.

     % time	This is the percentage of the `total' time that was spent
		in this function and its children.  Note that due to
		different viewpoints, functions excluded by options, etc,
		these numbers will NOT add up to 100%.

     self	This is the total amount of time spent in this function.

     children	This is the total amount of time propagated into this
		function by its children.

     called	This is the number of times the function was called.
		If the function called itself recursively, the number
		only includes non-recursive calls, and is followed by
		a `+' and the number of recursive calls.

     name	The name of the current function.  The index number is
		printed after it.  If the function is a member of a
		cycle, the cycle number is printed between the
		function's name and the index number.


 For the function's parents, the fields have the following meanings:

     self	This is the amount of time that was propagated directly
		from the function into this parent.

     children	This is the amount of time that was propagated from
		the function's children into this parent.

     called	This is the number of times this parent called the
		function `/' the total number of times the function
		was called.  Recursive calls to the function are not
		included in the number after the `/'.

     name	This is the name of the parent.  The parent's index
		number is printed after it.  If the parent is a
		member of a cycle, the cycle number is printed between
		the name and the index number.

 If the parents of the function cannot be determined, the word
 `<spontaneous>' is printed in the `name' field, and all the other
 fields are blank.

 For the function's children, the fields have the following meanings:

     self	This is the amount of time that was propagated directly
		from the child into the function.

     children	This is the amount of time that was propagated from the
		child's children to the function.

     called	This is the number of times the function called
		this child `/' the total number of times the child
		was called.  Recursive calls by the child are not
		listed in the number after the `/'.

     name	This is the name of the child.  The child's index
		number is printed after it.  If the child is a
		member of a cycle, the cycle number is printed
		between the name and the index number.

 If there are any cycles (circles) in the call graph, there is an
 entry for the cycle-as-a-whole.  This entry shows who called the
 cycle (as parents) and the members of the cycle (as children.)
 The `+' recursive calls entry shows the number of function calls that
 were internal to the cycle, and the calls entry for each member shows,
 for that member, how many times it was called from other members of
 the cycle.


Index by function name

  [46] LoadSDF_BZ(char*)      [20] avar(double, double, double, prop_type&, propv_type&) [40] Azimuth(site, site)
   [2] PlotLRPath(site, site, unsigned char, _IO_FILE*) [30] haat(site) [37] GetMask(double, double)
  [47] ReadLRParm(site, char) [38] aknfe(double const&)   [49] LoadPAT(char*)
  [28] SiteReport(site)       [23] alos2(double, prop_type&, propa_type&) [50] LoadQTH(char*)
   [8] WritePPMSS(char*, unsigned char, unsigned char, unsigned char, site*, unsigned char) [24] curve(double const&, double const&, double const&, double const&, double const&, double const&) [18] LoadSDF(char*)
  [16] LoadSDF_SDF(char*)     [13] hzns2(double*, prop_type&, propa_type&) [41] PutMask(double, double, int)
  [31] PlaceMarker(site)      [25] qerfi(double)          [45] dec2dms(double)
  [44] ReadBearing(char*)     [26] qlrps(double, double, double, int, double, double, prop_type&) [11] lrprop2(double, prop_type&, propa_type&)
  [27] interpolate(int, int, int, int, int) [10] qtile(int const&, double*, int const&) [7] qlrpfl2(double*, int, int, prop_type&, propa_type&, propv_type&)
   [5] GetElevation(site)     [19] z1sq2(double*, double const&, double const&, double&, double&) [43] Distance(site, site)
  [17] LoadTopoData(int, int, int, int) [21] OrMask(double, double, int) [4] ReadPath(site, site)
  [29] AverageTerrain(site, double, double, double) [12] adiff2(double, prop_type&, propa_type&) [22] GetSignal(double, double)
   [6] point_to_point(double*, double, double, double, double, double, double, int, int, double, double, double&, char*, int&) [15] arccos(double, double) [3] PlotLRMap(site, double, char*)
  [48] LoadSignalColors(site)  [9] d1thx2(double*, double const&, double const&, propa_type&) [42] PutSignal(double, double, unsigned char)
  [39] fht(double const&, double const&) [14] saalos(double, prop_type&, propa_type&)
