Run with 2 miles:
Flat profile:

Each sample counts as 0.01 seconds.
  %   cumulative   self              self     total           
 time   seconds   seconds    calls   s/call   s/call  name    
 36.25      1.74     1.74    14416     0.00     0.00  ReadPath(site, site)
 33.75      3.36     1.62 31283164     0.00     0.00  GetElevation(site)
 16.46      4.15     0.79        1     0.79     0.79  WritePPMSS(char*, unsigned char, unsigned char, unsigned char, site*, unsigned char)
  2.08      4.25     0.10 31253849     0.00     0.00  arccos(double, double)
  2.08      4.35     0.10        2     0.05     0.05  LoadSDF_SDF(char*)
  1.88      4.44     0.09    83784     0.00     0.00  qtile(int const&, double*, int const&)
  1.46      4.51     0.07    14400     0.00     0.00  PlotLRPath(site, site, unsigned char, _IO_FILE*)
  1.04      4.56     0.05   173751     0.00     0.00  adiff2(double, prop_type&, propa_type&)
  0.83      4.60     0.04  1677920     0.00     0.00  OrMask(double, double, int)
  0.83      4.64     0.04    41925     0.00     0.00  GetSignal(double, double)
  0.83      4.68     0.04                             interpolate(int, int, int, int, int)
  0.63      4.71     0.03    82479     0.00     0.00  z1sq2(double*, double const&, double const&, double&, double&)
  0.63      4.74     0.03    41925     0.00     0.00  d1thx2(double*, double const&, double const&, propa_type&)
  0.42      4.76     0.02    41925     0.00     0.00  point_to_point(double*, double, double, double, double, double, double, int, int, double, double, double&, char*, int&)
  0.21      4.77     0.01   125748     0.00     0.00  saalos(double, prop_type&, propa_type&)
  0.21      4.78     0.01    41925     0.00     0.00  avar(double, double, double, prop_type&, propv_type&)
  0.21      4.79     0.01    41925     0.00     0.00  hzns2(double*, prop_type&, propa_type&)
  0.21      4.80     0.01    41925     0.00     0.00  lrprop2(double, prop_type&, propa_type&)
  0.00      4.80     0.00  1677512     0.00     0.00  GetMask(double, double)
  0.00      4.80     0.00   208757     0.00     0.00  aknfe(double const&)
  0.00      4.80     0.00   125775     0.00     0.00  curve(double const&, double const&, double const&, double const&, double const&, double const&)
  0.00      4.80     0.00   120405     0.00     0.00  fht(double const&, double const&)
  0.00      4.80     0.00    83850     0.00     0.00  qerfi(double)
  0.00      4.80     0.00    59862     0.00     0.00  alos2(double, prop_type&, propa_type&)
  0.00      4.80     0.00    56341     0.00     0.00  Azimuth(site, site)
  0.00      4.80     0.00    41925     0.00     0.00  qlrps(double, double, double, int, double, double, prop_type&)
  0.00      4.80     0.00    41925     0.00     0.00  PutMask(double, double, int)
  0.00      4.80     0.00    41925     0.00     0.00  qlrpfl2(double*, int, int, prop_type&, propa_type&, propv_type&)
  0.00      4.80     0.00    41925     0.00     0.00  PutSignal(double, double, unsigned char)
  0.00      4.80     0.00    14416     0.00     0.00  Distance(site, site)
  0.00      4.80     0.00       16     0.00     0.00  AverageTerrain(site, double, double, double)
  0.00      4.80     0.00        2     0.00     0.00  ReadBearing(char*)
  0.00      4.80     0.00        2     0.00     0.05  LoadTopoData(int, int, int, int)
  0.00      4.80     0.00        2     0.00     0.05  LoadSDF(char*)
  0.00      4.80     0.00        2     0.00     0.00  dec2dms(double)
  0.00      4.80     0.00        1     0.00     0.00  LoadSDF_BZ(char*)
  0.00      4.80     0.00        1     0.00     0.00  ReadLRParm(site, char)
  0.00      4.80     0.00        1     0.00     0.00  SiteReport(site)
  0.00      4.80     0.00        1     0.00     0.00  PlaceMarker(site)
  0.00      4.80     0.00        1     0.00     0.00  LoadSignalColors(site)
  0.00      4.80     0.00        1     0.00     0.00  haat(site)
  0.00      4.80     0.00        1     0.00     0.00  LoadPAT(char*)
  0.00      4.80     0.00        1     0.00     0.00  LoadQTH(char*)
  0.00      4.80     0.00        1     0.00     3.87  PlotLRMap(site, double, char*)

 %         the percentage of the total running time of the
time       program used by this function.

cumulative a running sum of the number of seconds accounted
 seconds   for by this function and those listed above it.

 self      the number of seconds accounted for by this
seconds    function alone.  This is the major sort for this
           listing.

calls      the number of times this function was invoked, if
           this function is profiled, else blank.
 
 self      the average number of milliseconds spent in this
ms/call    function per call, if this function is profiled,
	   else blank.

 total     the average number of milliseconds spent in this
ms/call    function and its descendents per call, if this 
	   function is profiled, else blank.

name       the name of the function.  This is the minor sort
           for this listing. The index shows the location of
	   the function in the gprof listing. If the index is
	   in parenthesis it shows where it would appear in
	   the gprof listing if it were to be printed.

		     Call graph (explanation follows)


granularity: each sample hit covers 2 byte(s) for 0.21% of 4.80 seconds

index % time    self  children    called     name
                                                 <spontaneous>
[1]     99.2    0.00    4.76                 main [1]
                0.00    3.87       1/1           PlotLRMap(site, double, char*) [3]
                0.79    0.00       1/1           WritePPMSS(char*, unsigned char, unsigned char, unsigned char, site*, unsigned char) [6]
                0.00    0.10       2/2           LoadTopoData(int, int, int, int) [12]
                0.00    0.00       1/1           SiteReport(site) [24]
                0.00    0.00       1/1           PlaceMarker(site) [28]
                0.00    0.00       1/31283164     GetElevation(site) [5]
                0.00    0.00       1/1           LoadQTH(char*) [50]
                0.00    0.00       1/1           ReadLRParm(site, char) [47]
-----------------------------------------------
                0.07    3.80   14400/14400       PlotLRMap(site, double, char*) [3]
[2]     80.5    0.07    3.80   14400         PlotLRPath(site, site, unsigned char, _IO_FILE*) [2]
                1.74    1.72   14400/14416       ReadPath(site, site) [4]
                0.02    0.24   41925/41925       point_to_point(double*, double, double, double, double, double, double, int, int, double, double, double&, char*, int&) [7]
                0.04    0.00   41925/41925       GetSignal(double, double) [18]
                0.04    0.00 1676055/1677920     OrMask(double, double, int) [17]
                0.00    0.00 1676055/1677512     GetMask(double, double) [34]
                0.00    0.00   41925/56341       Azimuth(site, site) [39]
                0.00    0.00   41925/41925       PutMask(double, double, int) [41]
                0.00    0.00   41925/41925       PutSignal(double, double, unsigned char) [42]
-----------------------------------------------
                0.00    3.87       1/1           main [1]
[3]     80.5    0.00    3.87       1         PlotLRMap(site, double, char*) [3]
                0.07    3.80   14400/14400       PlotLRPath(site, site, unsigned char, _IO_FILE*) [2]
-----------------------------------------------
                0.00    0.00      16/14416       AverageTerrain(site, double, double, double) [25]
                1.74    1.72   14400/14416       PlotLRPath(site, site, unsigned char, _IO_FILE*) [2]
[4]     72.1    1.74    1.72   14416         ReadPath(site, site) [4]
                1.62    0.00 31283144/31283164     GetElevation(site) [5]
                0.10    0.00 31253835/31253849     arccos(double, double) [10]
                0.00    0.00   14416/56341       Azimuth(site, site) [39]
                0.00    0.00   14416/14416       Distance(site, site) [43]
-----------------------------------------------
                0.00    0.00       1/31283164     haat(site) [26]
                0.00    0.00       1/31283164     main [1]
                0.00    0.00       2/31283164     SiteReport(site) [24]
                0.00    0.00      16/31283164     AverageTerrain(site, double, double, double) [25]
                1.62    0.00 31283144/31283164     ReadPath(site, site) [4]
[5]     33.8    1.62    0.00 31283164         GetElevation(site) [5]
-----------------------------------------------
                0.79    0.00       1/1           main [1]
[6]     16.5    0.79    0.00       1         WritePPMSS(char*, unsigned char, unsigned char, unsigned char, site*, unsigned char) [6]
                0.00    0.00       1/1           LoadSignalColors(site) [48]
-----------------------------------------------
                0.02    0.24   41925/41925       PlotLRPath(site, site, unsigned char, _IO_FILE*) [2]
[7]      5.4    0.02    0.24   41925         point_to_point(double*, double, double, double, double, double, double, int, int, double, double, double&, char*, int&) [7]
                0.00    0.23   41925/41925       qlrpfl2(double*, int, int, prop_type&, propa_type&, propv_type&) [8]
                0.01    0.00   41925/41925       avar(double, double, double, prop_type&, propv_type&) [22]
                0.00    0.00   83850/83850       qerfi(double) [38]
                0.00    0.00   41925/41925       qlrps(double, double, double, int, double, double, prop_type&) [40]
-----------------------------------------------
                0.00    0.23   41925/41925       point_to_point(double*, double, double, double, double, double, double, int, int, double, double, double&, char*, int&) [7]
[8]      4.8    0.00    0.23   41925         qlrpfl2(double*, int, int, prop_type&, propa_type&, propv_type&) [8]
                0.03    0.11   41925/41925       d1thx2(double*, double const&, double const&, propa_type&) [9]
                0.01    0.06   41925/41925       lrprop2(double, prop_type&, propa_type&) [15]
                0.01    0.00   40587/82479       z1sq2(double*, double const&, double const&, double&, double&) [20]
                0.01    0.00   41925/41925       hzns2(double*, prop_type&, propa_type&) [23]
-----------------------------------------------
                0.03    0.11   41925/41925       qlrpfl2(double*, int, int, prop_type&, propa_type&, propv_type&) [8]
[9]      2.8    0.03    0.11   41925         d1thx2(double*, double const&, double const&, propa_type&) [9]
                0.09    0.00   83784/83784       qtile(int const&, double*, int const&) [14]
                0.02    0.00   41892/82479       z1sq2(double*, double const&, double const&, double&, double&) [20]
-----------------------------------------------
                0.00    0.00      14/31253849     AverageTerrain(site, double, double, double) [25]
                0.10    0.00 31253835/31253849     ReadPath(site, site) [4]
[10]     2.1    0.10    0.00 31253849         arccos(double, double) [10]
-----------------------------------------------
                0.10    0.00       2/2           LoadSDF(char*) [13]
[11]     2.1    0.10    0.00       2         LoadSDF_SDF(char*) [11]
-----------------------------------------------
                0.00    0.10       2/2           main [1]
[12]     2.1    0.00    0.10       2         LoadTopoData(int, int, int, int) [12]
                0.00    0.10       2/2           LoadSDF(char*) [13]
-----------------------------------------------
                0.00    0.10       2/2           LoadTopoData(int, int, int, int) [12]
[13]     2.1    0.00    0.10       2         LoadSDF(char*) [13]
                0.10    0.00       2/2           LoadSDF_SDF(char*) [11]
                0.00    0.00       1/1           LoadSDF_BZ(char*) [46]
-----------------------------------------------
                0.09    0.00   83784/83784       d1thx2(double*, double const&, double const&, propa_type&) [9]
[14]     1.9    0.09    0.00   83784         qtile(int const&, double*, int const&) [14]
-----------------------------------------------
                0.01    0.06   41925/41925       qlrpfl2(double*, int, int, prop_type&, propa_type&, propv_type&) [8]
[15]     1.5    0.01    0.06   41925         lrprop2(double, prop_type&, propa_type&) [15]
                0.05    0.01  173751/173751      adiff2(double, prop_type&, propa_type&) [16]
                0.00    0.00   59862/59862       alos2(double, prop_type&, propa_type&) [27]
-----------------------------------------------
                0.05    0.01  173751/173751      lrprop2(double, prop_type&, propa_type&) [15]
[16]     1.2    0.05    0.01  173751         adiff2(double, prop_type&, propa_type&) [16]
                0.01    0.00  107838/125748      saalos(double, prop_type&, propa_type&) [21]
                0.00    0.00  208757/208757      aknfe(double const&) [35]
                0.00    0.00  120405/120405      fht(double const&, double const&) [37]
-----------------------------------------------
                0.00    0.00    1865/1677920     PlaceMarker(site) [28]
                0.04    0.00 1676055/1677920     PlotLRPath(site, site, unsigned char, _IO_FILE*) [2]
[17]     0.8    0.04    0.00 1677920         OrMask(double, double, int) [17]
-----------------------------------------------
                0.04    0.00   41925/41925       PlotLRPath(site, site, unsigned char, _IO_FILE*) [2]
[18]     0.8    0.04    0.00   41925         GetSignal(double, double) [18]
-----------------------------------------------
                                                 <spontaneous>
[19]     0.8    0.04    0.00                 interpolate(int, int, int, int, int) [19]
-----------------------------------------------
                0.01    0.00   40587/82479       qlrpfl2(double*, int, int, prop_type&, propa_type&, propv_type&) [8]
                0.02    0.00   41892/82479       d1thx2(double*, double const&, double const&, propa_type&) [9]
[20]     0.6    0.03    0.00   82479         z1sq2(double*, double const&, double const&, double&, double&) [20]
-----------------------------------------------
                0.00    0.00   17910/125748      alos2(double, prop_type&, propa_type&) [27]
                0.01    0.00  107838/125748      adiff2(double, prop_type&, propa_type&) [16]
[21]     0.2    0.01    0.00  125748         saalos(double, prop_type&, propa_type&) [21]
-----------------------------------------------
                0.01    0.00   41925/41925       point_to_point(double*, double, double, double, double, double, double, int, int, double, double, double&, char*, int&) [7]
[22]     0.2    0.01    0.00   41925         avar(double, double, double, prop_type&, propv_type&) [22]
                0.00    0.00  125775/125775      curve(double const&, double const&, double const&, double const&, double const&, double const&) [36]
-----------------------------------------------
                0.01    0.00   41925/41925       qlrpfl2(double*, int, int, prop_type&, propa_type&, propv_type&) [8]
[23]     0.2    0.01    0.00   41925         hzns2(double*, prop_type&, propa_type&) [23]
-----------------------------------------------
                0.00    0.00       1/1           main [1]
[24]     0.1    0.00    0.00       1         SiteReport(site) [24]
                0.00    0.00       1/1           haat(site) [26]
                0.00    0.00       8/16          AverageTerrain(site, double, double, double) [25]
                0.00    0.00       2/31283164     GetElevation(site) [5]
                0.00    0.00       2/2           dec2dms(double) [45]
-----------------------------------------------
                0.00    0.00       8/16          haat(site) [26]
                0.00    0.00       8/16          SiteReport(site) [24]
[25]     0.1    0.00    0.00      16         AverageTerrain(site, double, double, double) [25]
                0.00    0.00      16/14416       ReadPath(site, site) [4]
                0.00    0.00      16/31283164     GetElevation(site) [5]
                0.00    0.00      14/31253849     arccos(double, double) [10]
-----------------------------------------------
                0.00    0.00       1/1           SiteReport(site) [24]
[26]     0.0    0.00    0.00       1         haat(site) [26]
                0.00    0.00       8/16          AverageTerrain(site, double, double, double) [25]
                0.00    0.00       1/31283164     GetElevation(site) [5]
-----------------------------------------------
                0.00    0.00   59862/59862       lrprop2(double, prop_type&, propa_type&) [15]
[27]     0.0    0.00    0.00   59862         alos2(double, prop_type&, propa_type&) [27]
                0.00    0.00   17910/125748      saalos(double, prop_type&, propa_type&) [21]
-----------------------------------------------
                0.00    0.00       1/1           main [1]
[28]     0.0    0.00    0.00       1         PlaceMarker(site) [28]
                0.00    0.00    1865/1677920     OrMask(double, double, int) [17]
                0.00    0.00    1457/1677512     GetMask(double, double) [34]
-----------------------------------------------
                0.00    0.00    1457/1677512     PlaceMarker(site) [28]
                0.00    0.00 1676055/1677512     PlotLRPath(site, site, unsigned char, _IO_FILE*) [2]
[34]     0.0    0.00    0.00 1677512         GetMask(double, double) [34]
-----------------------------------------------
                0.00    0.00  208757/208757      adiff2(double, prop_type&, propa_type&) [16]
[35]     0.0    0.00    0.00  208757         aknfe(double const&) [35]
-----------------------------------------------
                0.00    0.00  125775/125775      avar(double, double, double, prop_type&, propv_type&) [22]
[36]     0.0    0.00    0.00  125775         curve(double const&, double const&, double const&, double const&, double const&, double const&) [36]
-----------------------------------------------
                0.00    0.00  120405/120405      adiff2(double, prop_type&, propa_type&) [16]
[37]     0.0    0.00    0.00  120405         fht(double const&, double const&) [37]
-----------------------------------------------
                0.00    0.00   83850/83850       point_to_point(double*, double, double, double, double, double, double, int, int, double, double, double&, char*, int&) [7]
[38]     0.0    0.00    0.00   83850         qerfi(double) [38]
-----------------------------------------------
                0.00    0.00   14416/56341       ReadPath(site, site) [4]
                0.00    0.00   41925/56341       PlotLRPath(site, site, unsigned char, _IO_FILE*) [2]
[39]     0.0    0.00    0.00   56341         Azimuth(site, site) [39]
-----------------------------------------------
                0.00    0.00   41925/41925       point_to_point(double*, double, double, double, double, double, double, int, int, double, double, double&, char*, int&) [7]
[40]     0.0    0.00    0.00   41925         qlrps(double, double, double, int, double, double, prop_type&) [40]
-----------------------------------------------
                0.00    0.00   41925/41925       PlotLRPath(site, site, unsigned char, _IO_FILE*) [2]
[41]     0.0    0.00    0.00   41925         PutMask(double, double, int) [41]
-----------------------------------------------
                0.00    0.00   41925/41925       PlotLRPath(site, site, unsigned char, _IO_FILE*) [2]
[42]     0.0    0.00    0.00   41925         PutSignal(double, double, unsigned char) [42]
-----------------------------------------------
                0.00    0.00   14416/14416       ReadPath(site, site) [4]
[43]     0.0    0.00    0.00   14416         Distance(site, site) [43]
-----------------------------------------------
                0.00    0.00       2/2           LoadQTH(char*) [50]
[44]     0.0    0.00    0.00       2         ReadBearing(char*) [44]
-----------------------------------------------
                0.00    0.00       2/2           SiteReport(site) [24]
[45]     0.0    0.00    0.00       2         dec2dms(double) [45]
-----------------------------------------------
                0.00    0.00       1/1           LoadSDF(char*) [13]
[46]     0.0    0.00    0.00       1         LoadSDF_BZ(char*) [46]
-----------------------------------------------
                0.00    0.00       1/1           main [1]
[47]     0.0    0.00    0.00       1         ReadLRParm(site, char) [47]
                0.00    0.00       1/1           LoadPAT(char*) [49]
-----------------------------------------------
                0.00    0.00       1/1           WritePPMSS(char*, unsigned char, unsigned char, unsigned char, site*, unsigned char) [6]
[48]     0.0    0.00    0.00       1         LoadSignalColors(site) [48]
-----------------------------------------------
                0.00    0.00       1/1           ReadLRParm(site, char) [47]
[49]     0.0    0.00    0.00       1         LoadPAT(char*) [49]
-----------------------------------------------
                0.00    0.00       1/1           main [1]
[50]     0.0    0.00    0.00       1         LoadQTH(char*) [50]
                0.00    0.00       2/2           ReadBearing(char*) [44]
-----------------------------------------------

 This table describes the call tree of the program, and was sorted by
 the total amount of time spent in each function and its children.

 Each entry in this table consists of several lines.  The line with the
 index number at the left hand margin lists the current function.
 The lines above it list the functions that called this function,
 and the lines below it list the functions this one called.
 This line lists:
     index	A unique number given to each element of the table.
		Index numbers are sorted numerically.
		The index number is printed next to every function name so
		it is easier to look up where the function in the table.

     % time	This is the percentage of the `total' time that was spent
		in this function and its children.  Note that due to
		different viewpoints, functions excluded by options, etc,
		these numbers will NOT add up to 100%.

     self	This is the total amount of time spent in this function.

     children	This is the total amount of time propagated into this
		function by its children.

     called	This is the number of times the function was called.
		If the function called itself recursively, the number
		only includes non-recursive calls, and is followed by
		a `+' and the number of recursive calls.

     name	The name of the current function.  The index number is
		printed after it.  If the function is a member of a
		cycle, the cycle number is printed between the
		function's name and the index number.


 For the function's parents, the fields have the following meanings:

     self	This is the amount of time that was propagated directly
		from the function into this parent.

     children	This is the amount of time that was propagated from
		the function's children into this parent.

     called	This is the number of times this parent called the
		function `/' the total number of times the function
		was called.  Recursive calls to the function are not
		included in the number after the `/'.

     name	This is the name of the parent.  The parent's index
		number is printed after it.  If the parent is a
		member of a cycle, the cycle number is printed between
		the name and the index number.

 If the parents of the function cannot be determined, the word
 `<spontaneous>' is printed in the `name' field, and all the other
 fields are blank.

 For the function's children, the fields have the following meanings:

     self	This is the amount of time that was propagated directly
		from the child into the function.

     children	This is the amount of time that was propagated from the
		child's children to the function.

     called	This is the number of times the function called
		this child `/' the total number of times the child
		was called.  Recursive calls by the child are not
		listed in the number after the `/'.

     name	This is the name of the child.  The child's index
		number is printed after it.  If the child is a
		member of a cycle, the cycle number is printed
		between the name and the index number.

 If there are any cycles (circles) in the call graph, there is an
 entry for the cycle-as-a-whole.  This entry shows who called the
 cycle (as parents) and the members of the cycle (as children.)
 The `+' recursive calls entry shows the number of function calls that
 were internal to the cycle, and the calls entry for each member shows,
 for that member, how many times it was called from other members of
 the cycle.


Index by function name

  [46] LoadSDF_BZ(char*)      [22] avar(double, double, double, prop_type&, propv_type&) [39] Azimuth(site, site)
   [2] PlotLRPath(site, site, unsigned char, _IO_FILE*) [26] haat(site) [34] GetMask(double, double)
  [47] ReadLRParm(site, char) [35] aknfe(double const&)   [49] LoadPAT(char*)
  [24] SiteReport(site)       [27] alos2(double, prop_type&, propa_type&) [50] LoadQTH(char*)
   [6] WritePPMSS(char*, unsigned char, unsigned char, unsigned char, site*, unsigned char) [36] curve(double const&, double const&, double const&, double const&, double const&, double const&) [13] LoadSDF(char*)
  [11] LoadSDF_SDF(char*)     [23] hzns2(double*, prop_type&, propa_type&) [41] PutMask(double, double, int)
  [28] PlaceMarker(site)      [38] qerfi(double)          [45] dec2dms(double)
  [44] ReadBearing(char*)     [40] qlrps(double, double, double, int, double, double, prop_type&) [15] lrprop2(double, prop_type&, propa_type&)
  [19] interpolate(int, int, int, int, int) [14] qtile(int const&, double*, int const&) [8] qlrpfl2(double*, int, int, prop_type&, propa_type&, propv_type&)
   [5] GetElevation(site)     [20] z1sq2(double*, double const&, double const&, double&, double&) [43] Distance(site, site)
  [12] LoadTopoData(int, int, int, int) [17] OrMask(double, double, int) [4] ReadPath(site, site)
  [25] AverageTerrain(site, double, double, double) [16] adiff2(double, prop_type&, propa_type&) [18] GetSignal(double, double)
   [7] point_to_point(double*, double, double, double, double, double, double, int, int, double, double, double&, char*, int&) [10] arccos(double, double) [3] PlotLRMap(site, double, char*)
  [48] LoadSignalColors(site)  [9] d1thx2(double*, double const&, double const&, propa_type&) [42] PutSignal(double, double, unsigned char)
  [37] fht(double const&, double const&) [21] saalos(double, prop_type&, propa_type&)
