Run with 10 miles:
Flat profile:

Each sample counts as 0.01 seconds.
  %   cumulative   self              self     total           
 time   seconds   seconds    calls   s/call   s/call  name    
 28.76      6.87     6.87  2090866     0.00     0.00  qtile(int const&, double*, int const&)
 16.16     10.73     3.86  1045466     0.00     0.00  hzns2(double*, prop_type&, propa_type&)
 15.40     14.41     3.68  1045466     0.00     0.00  d1thx2(double*, double const&, double const&, propa_type&)
  8.08     16.34     1.93    14416     0.00     0.00  ReadPath(site, site)
  6.20     17.82     1.48 31283164     0.00     0.00  GetElevation(site)
  5.48     19.13     1.31  3136346     0.00     0.00  saalos(double, prop_type&, propa_type&)
  4.14     20.12     0.99  5141388     0.00     0.00  adiff2(double, prop_type&, propa_type&)
  3.93     21.06     0.94  2089561     0.00     0.00  z1sq2(double*, double const&, double const&, double&, double&)
  3.35     21.86     0.80        1     0.80     0.80  WritePPMSS(char*, unsigned char, unsigned char, unsigned char, site*, unsigned char)
  1.34     22.18     0.32  1045466     0.00     0.00  avar(double, double, double, prop_type&, propv_type&)
  1.30     22.49     0.31  1045466     0.00     0.00  point_to_point(double*, double, double, double, double, double, double, int, int, double, double, double&, char*, int&)
  1.30     22.80     0.31  9303997     0.00     0.00  OrMask(double, double, int)
  0.75     22.98     0.18    14400     0.00     0.00  PlotLRPath(site, site, unsigned char, _IO_FILE*)
  0.71     23.15     0.17  1045466     0.00     0.00  lrprop2(double, prop_type&, propa_type&)
  0.54     23.28     0.13        2     0.07     0.07  LoadSDF_SDF(char*)
  0.46     23.39     0.11  3136398     0.00     0.00  curve(double const&, double const&, double const&, double const&, double const&, double const&)
  0.42     23.49     0.10 31253849     0.00     0.00  arccos(double, double)
  0.38     23.58     0.09  1045466     0.00     0.00  GetSignal(double, double)
  0.38     23.67     0.09  2090932     0.00     0.00  qerfi(double)
  0.21     23.72     0.05  1045466     0.00     0.00  qlrpfl2(double*, int, int, prop_type&, propa_type&, propv_type&)
  0.17     23.76     0.04  6073968     0.00     0.00  aknfe(double const&)
  0.17     23.80     0.04                             interpolate(int, int, int, int, int)
  0.08     23.82     0.02  1059882     0.00     0.00  Azimuth(site, site)
  0.08     23.84     0.02  1045466     0.00     0.00  qlrps(double, double, double, int, double, double, prop_type&)
  0.08     23.86     0.02  1045466     0.00     0.00  PutMask(double, double, int)
  0.04     23.87     0.01  3639445     0.00     0.00  fht(double const&, double const&)
  0.04     23.88     0.01  1088437     0.00     0.00  alos2(double, prop_type&, propa_type&)
  0.04     23.89     0.01        1     0.01     0.01  LoadPAT(char*)
  0.00     23.89     0.00  9303589     0.00     0.00  GetMask(double, double)
  0.00     23.89     0.00  1045466     0.00     0.00  PutSignal(double, double, unsigned char)
  0.00     23.89     0.00    14416     0.00     0.00  Distance(site, site)
  0.00     23.89     0.00       16     0.00     0.00  AverageTerrain(site, double, double, double)
  0.00     23.89     0.00        2     0.00     0.00  ReadBearing(char*)
  0.00     23.89     0.00        2     0.00     0.07  LoadTopoData(int, int, int, int)
  0.00     23.89     0.00        2     0.00     0.07  LoadSDF(char*)
  0.00     23.89     0.00        2     0.00     0.00  dec2dms(double)
  0.00     23.89     0.00        1     0.00     0.00  LoadSDF_BZ(char*)
  0.00     23.89     0.00        1     0.00     0.01  ReadLRParm(site, char)
  0.00     23.89     0.00        1     0.00     0.00  SiteReport(site)
  0.00     23.89     0.00        1     0.00     0.00  PlaceMarker(site)
  0.00     23.89     0.00        1     0.00     0.00  LoadSignalColors(site)
  0.00     23.89     0.00        1     0.00     0.00  haat(site)
  0.00     23.89     0.00        1     0.00     0.00  LoadQTH(char*)
  0.00     23.89     0.00        1     0.00    22.91  PlotLRMap(site, double, char*)

 %         the percentage of the total running time of the
time       program used by this function.

cumulative a running sum of the number of seconds accounted
 seconds   for by this function and those listed above it.

 self      the number of seconds accounted for by this
seconds    function alone.  This is the major sort for this
           listing.

calls      the number of times this function was invoked, if
           this function is profiled, else blank.
 
 self      the average number of milliseconds spent in this
ms/call    function per call, if this function is profiled,
	   else blank.

 total     the average number of milliseconds spent in this
ms/call    function and its descendents per call, if this 
	   function is profiled, else blank.

name       the name of the function.  This is the minor sort
           for this listing. The index shows the location of
	   the function in the gprof listing. If the index is
	   in parenthesis it shows where it would appear in
	   the gprof listing if it were to be printed.

		     Call graph (explanation follows)


granularity: each sample hit covers 2 byte(s) for 0.04% of 23.89 seconds

index % time    self  children    called     name
                                                 <spontaneous>
[1]     99.8    0.00   23.85                 main [1]
                0.00   22.91       1/1           PlotLRMap(site, double, char*) [3]
                0.80    0.00       1/1           WritePPMSS(char*, unsigned char, unsigned char, unsigned char, site*, unsigned char) [15]
                0.00    0.13       2/2           LoadTopoData(int, int, int, int) [19]
                0.00    0.01       1/1           ReadLRParm(site, char) [32]
                0.00    0.00       1/1           SiteReport(site) [34]
                0.00    0.00       1/1           PlaceMarker(site) [37]
                0.00    0.00       1/31283164     GetElevation(site) [12]
                0.00    0.00       1/1           LoadQTH(char*) [50]
-----------------------------------------------
                0.18   22.73   14400/14400       PlotLRMap(site, double, char*) [3]
[2]     95.9    0.18   22.73   14400         PlotLRPath(site, site, unsigned char, _IO_FILE*) [2]
                0.31   18.47 1045466/1045466     point_to_point(double*, double, double, double, double, double, double, int, int, double, double, double&, char*, int&) [4]
                1.93    1.58   14400/14416       ReadPath(site, site) [9]
                0.31    0.00 9302132/9303997     OrMask(double, double, int) [17]
                0.09    0.00 1045466/1045466     GetSignal(double, double) [23]
                0.02    0.00 1045466/1045466     PutMask(double, double, int) [30]
                0.02    0.00 1045466/1059882     Azimuth(site, site) [28]
                0.00    0.00 9302132/9303589     GetMask(double, double) [43]
                0.00    0.00 1045466/1045466     PutSignal(double, double, unsigned char) [44]
-----------------------------------------------
                0.00   22.91       1/1           main [1]
[3]     95.9    0.00   22.91       1         PlotLRMap(site, double, char*) [3]
                0.18   22.73   14400/14400       PlotLRPath(site, site, unsigned char, _IO_FILE*) [2]
-----------------------------------------------
                0.31   18.47 1045466/1045466     PlotLRPath(site, site, unsigned char, _IO_FILE*) [2]
[4]     78.6    0.31   18.47 1045466         point_to_point(double*, double, double, double, double, double, double, int, int, double, double, double&, char*, int&) [4]
                0.05   17.88 1045466/1045466     qlrpfl2(double*, int, int, prop_type&, propa_type&, propv_type&) [5]
                0.32    0.11 1045466/1045466     avar(double, double, double, prop_type&, propv_type&) [16]
                0.09    0.00 2090932/2090932     qerfi(double) [24]
                0.02    0.00 1045466/1045466     qlrps(double, double, double, int, double, double, prop_type&) [29]
-----------------------------------------------
                0.05   17.88 1045466/1045466     point_to_point(double*, double, double, double, double, double, double, int, int, double, double, double&, char*, int&) [4]
[5]     75.1    0.05   17.88 1045466         qlrpfl2(double*, int, int, prop_type&, propa_type&, propv_type&) [5]
                3.68    7.34 1045466/1045466     d1thx2(double*, double const&, double const&, propa_type&) [6]
                3.86    0.00 1045466/1045466     hzns2(double*, prop_type&, propa_type&) [8]
                0.17    2.36 1045466/1045466     lrprop2(double, prop_type&, propa_type&) [10]
                0.47    0.00 1044128/2089561     z1sq2(double*, double const&, double const&, double&, double&) [14]
-----------------------------------------------
                3.68    7.34 1045466/1045466     qlrpfl2(double*, int, int, prop_type&, propa_type&, propv_type&) [5]
[6]     46.1    3.68    7.34 1045466         d1thx2(double*, double const&, double const&, propa_type&) [6]
                6.87    0.00 2090866/2090866     qtile(int const&, double*, int const&) [7]
                0.47    0.00 1045433/2089561     z1sq2(double*, double const&, double const&, double&, double&) [14]
-----------------------------------------------
                6.87    0.00 2090866/2090866     d1thx2(double*, double const&, double const&, propa_type&) [6]
[7]     28.8    6.87    0.00 2090866         qtile(int const&, double*, int const&) [7]
-----------------------------------------------
                3.86    0.00 1045466/1045466     qlrpfl2(double*, int, int, prop_type&, propa_type&, propv_type&) [5]
[8]     16.2    3.86    0.00 1045466         hzns2(double*, prop_type&, propa_type&) [8]
-----------------------------------------------
                0.00    0.00      16/14416       AverageTerrain(site, double, double, double) [35]
                1.93    1.58   14400/14416       PlotLRPath(site, site, unsigned char, _IO_FILE*) [2]
[9]     14.7    1.93    1.58   14416         ReadPath(site, site) [9]
                1.48    0.00 31283144/31283164     GetElevation(site) [12]
                0.10    0.00 31253835/31253849     arccos(double, double) [22]
                0.00    0.00   14416/1059882     Azimuth(site, site) [28]
                0.00    0.00   14416/14416       Distance(site, site) [45]
-----------------------------------------------
                0.17    2.36 1045466/1045466     qlrpfl2(double*, int, int, prop_type&, propa_type&, propv_type&) [5]
[10]    10.6    0.17    2.36 1045466         lrprop2(double, prop_type&, propa_type&) [10]
                0.99    1.34 5141388/5141388     adiff2(double, prop_type&, propa_type&) [11]
                0.01    0.02 1088437/1088437     alos2(double, prop_type&, propa_type&) [27]
-----------------------------------------------
                0.99    1.34 5141388/5141388     lrprop2(double, prop_type&, propa_type&) [10]
[11]     9.8    0.99    1.34 5141388         adiff2(double, prop_type&, propa_type&) [11]
                1.29    0.00 3093424/3136346     saalos(double, prop_type&, propa_type&) [13]
                0.04    0.00 6073968/6073968     aknfe(double const&) [25]
                0.01    0.00 3639445/3639445     fht(double const&, double const&) [31]
-----------------------------------------------
                0.00    0.00       1/31283164     haat(site) [36]
                0.00    0.00       1/31283164     main [1]
                0.00    0.00       2/31283164     SiteReport(site) [34]
                0.00    0.00      16/31283164     AverageTerrain(site, double, double, double) [35]
                1.48    0.00 31283144/31283164     ReadPath(site, site) [9]
[12]     6.2    1.48    0.00 31283164         GetElevation(site) [12]
-----------------------------------------------
                0.02    0.00   42922/3136346     alos2(double, prop_type&, propa_type&) [27]
                1.29    0.00 3093424/3136346     adiff2(double, prop_type&, propa_type&) [11]
[13]     5.5    1.31    0.00 3136346         saalos(double, prop_type&, propa_type&) [13]
-----------------------------------------------
                0.47    0.00 1044128/2089561     qlrpfl2(double*, int, int, prop_type&, propa_type&, propv_type&) [5]
                0.47    0.00 1045433/2089561     d1thx2(double*, double const&, double const&, propa_type&) [6]
[14]     3.9    0.94    0.00 2089561         z1sq2(double*, double const&, double const&, double&, double&) [14]
-----------------------------------------------
                0.80    0.00       1/1           main [1]
[15]     3.3    0.80    0.00       1         WritePPMSS(char*, unsigned char, unsigned char, unsigned char, site*, unsigned char) [15]
                0.00    0.00       1/1           LoadSignalColors(site) [49]
-----------------------------------------------
                0.32    0.11 1045466/1045466     point_to_point(double*, double, double, double, double, double, double, int, int, double, double, double&, char*, int&) [4]
[16]     1.8    0.32    0.11 1045466         avar(double, double, double, prop_type&, propv_type&) [16]
                0.11    0.00 3136398/3136398     curve(double const&, double const&, double const&, double const&, double const&, double const&) [21]
-----------------------------------------------
                0.00    0.00    1865/9303997     PlaceMarker(site) [37]
                0.31    0.00 9302132/9303997     PlotLRPath(site, site, unsigned char, _IO_FILE*) [2]
[17]     1.3    0.31    0.00 9303997         OrMask(double, double, int) [17]
-----------------------------------------------
                0.13    0.00       2/2           LoadSDF(char*) [20]
[18]     0.5    0.13    0.00       2         LoadSDF_SDF(char*) [18]
-----------------------------------------------
                0.00    0.13       2/2           main [1]
[19]     0.5    0.00    0.13       2         LoadTopoData(int, int, int, int) [19]
                0.00    0.13       2/2           LoadSDF(char*) [20]
-----------------------------------------------
                0.00    0.13       2/2           LoadTopoData(int, int, int, int) [19]
[20]     0.5    0.00    0.13       2         LoadSDF(char*) [20]
                0.13    0.00       2/2           LoadSDF_SDF(char*) [18]
                0.00    0.00       1/1           LoadSDF_BZ(char*) [48]
-----------------------------------------------
                0.11    0.00 3136398/3136398     avar(double, double, double, prop_type&, propv_type&) [16]
[21]     0.5    0.11    0.00 3136398         curve(double const&, double const&, double const&, double const&, double const&, double const&) [21]
-----------------------------------------------
                0.00    0.00      14/31253849     AverageTerrain(site, double, double, double) [35]
                0.10    0.00 31253835/31253849     ReadPath(site, site) [9]
[22]     0.4    0.10    0.00 31253849         arccos(double, double) [22]
-----------------------------------------------
                0.09    0.00 1045466/1045466     PlotLRPath(site, site, unsigned char, _IO_FILE*) [2]
[23]     0.4    0.09    0.00 1045466         GetSignal(double, double) [23]
-----------------------------------------------
                0.09    0.00 2090932/2090932     point_to_point(double*, double, double, double, double, double, double, int, int, double, double, double&, char*, int&) [4]
[24]     0.4    0.09    0.00 2090932         qerfi(double) [24]
-----------------------------------------------
                0.04    0.00 6073968/6073968     adiff2(double, prop_type&, propa_type&) [11]
[25]     0.2    0.04    0.00 6073968         aknfe(double const&) [25]
-----------------------------------------------
                                                 <spontaneous>
[26]     0.2    0.04    0.00                 interpolate(int, int, int, int, int) [26]
-----------------------------------------------
                0.01    0.02 1088437/1088437     lrprop2(double, prop_type&, propa_type&) [10]
[27]     0.1    0.01    0.02 1088437         alos2(double, prop_type&, propa_type&) [27]
                0.02    0.00   42922/3136346     saalos(double, prop_type&, propa_type&) [13]
-----------------------------------------------
                0.00    0.00   14416/1059882     ReadPath(site, site) [9]
                0.02    0.00 1045466/1059882     PlotLRPath(site, site, unsigned char, _IO_FILE*) [2]
[28]     0.1    0.02    0.00 1059882         Azimuth(site, site) [28]
-----------------------------------------------
                0.02    0.00 1045466/1045466     point_to_point(double*, double, double, double, double, double, double, int, int, double, double, double&, char*, int&) [4]
[29]     0.1    0.02    0.00 1045466         qlrps(double, double, double, int, double, double, prop_type&) [29]
-----------------------------------------------
                0.02    0.00 1045466/1045466     PlotLRPath(site, site, unsigned char, _IO_FILE*) [2]
[30]     0.1    0.02    0.00 1045466         PutMask(double, double, int) [30]
-----------------------------------------------
                0.01    0.00 3639445/3639445     adiff2(double, prop_type&, propa_type&) [11]
[31]     0.0    0.01    0.00 3639445         fht(double const&, double const&) [31]
-----------------------------------------------
                0.00    0.01       1/1           main [1]
[32]     0.0    0.00    0.01       1         ReadLRParm(site, char) [32]
                0.01    0.00       1/1           LoadPAT(char*) [33]
-----------------------------------------------
                0.01    0.00       1/1           ReadLRParm(site, char) [32]
[33]     0.0    0.01    0.00       1         LoadPAT(char*) [33]
-----------------------------------------------
                0.00    0.00       1/1           main [1]
[34]     0.0    0.00    0.00       1         SiteReport(site) [34]
                0.00    0.00       1/1           haat(site) [36]
                0.00    0.00       8/16          AverageTerrain(site, double, double, double) [35]
                0.00    0.00       2/31283164     GetElevation(site) [12]
                0.00    0.00       2/2           dec2dms(double) [47]
-----------------------------------------------
                0.00    0.00       8/16          haat(site) [36]
                0.00    0.00       8/16          SiteReport(site) [34]
[35]     0.0    0.00    0.00      16         AverageTerrain(site, double, double, double) [35]
                0.00    0.00      16/14416       ReadPath(site, site) [9]
                0.00    0.00      16/31283164     GetElevation(site) [12]
                0.00    0.00      14/31253849     arccos(double, double) [22]
-----------------------------------------------
                0.00    0.00       1/1           SiteReport(site) [34]
[36]     0.0    0.00    0.00       1         haat(site) [36]
                0.00    0.00       8/16          AverageTerrain(site, double, double, double) [35]
                0.00    0.00       1/31283164     GetElevation(site) [12]
-----------------------------------------------
                0.00    0.00       1/1           main [1]
[37]     0.0    0.00    0.00       1         PlaceMarker(site) [37]
                0.00    0.00    1865/9303997     OrMask(double, double, int) [17]
                0.00    0.00    1457/9303589     GetMask(double, double) [43]
-----------------------------------------------
                0.00    0.00    1457/9303589     PlaceMarker(site) [37]
                0.00    0.00 9302132/9303589     PlotLRPath(site, site, unsigned char, _IO_FILE*) [2]
[43]     0.0    0.00    0.00 9303589         GetMask(double, double) [43]
-----------------------------------------------
                0.00    0.00 1045466/1045466     PlotLRPath(site, site, unsigned char, _IO_FILE*) [2]
[44]     0.0    0.00    0.00 1045466         PutSignal(double, double, unsigned char) [44]
-----------------------------------------------
                0.00    0.00   14416/14416       ReadPath(site, site) [9]
[45]     0.0    0.00    0.00   14416         Distance(site, site) [45]
-----------------------------------------------
                0.00    0.00       2/2           LoadQTH(char*) [50]
[46]     0.0    0.00    0.00       2         ReadBearing(char*) [46]
-----------------------------------------------
                0.00    0.00       2/2           SiteReport(site) [34]
[47]     0.0    0.00    0.00       2         dec2dms(double) [47]
-----------------------------------------------
                0.00    0.00       1/1           LoadSDF(char*) [20]
[48]     0.0    0.00    0.00       1         LoadSDF_BZ(char*) [48]
-----------------------------------------------
                0.00    0.00       1/1           WritePPMSS(char*, unsigned char, unsigned char, unsigned char, site*, unsigned char) [15]
[49]     0.0    0.00    0.00       1         LoadSignalColors(site) [49]
-----------------------------------------------
                0.00    0.00       1/1           main [1]
[50]     0.0    0.00    0.00       1         LoadQTH(char*) [50]
                0.00    0.00       2/2           ReadBearing(char*) [46]
-----------------------------------------------

 This table describes the call tree of the program, and was sorted by
 the total amount of time spent in each function and its children.

 Each entry in this table consists of several lines.  The line with the
 index number at the left hand margin lists the current function.
 The lines above it list the functions that called this function,
 and the lines below it list the functions this one called.
 This line lists:
     index	A unique number given to each element of the table.
		Index numbers are sorted numerically.
		The index number is printed next to every function name so
		it is easier to look up where the function in the table.

     % time	This is the percentage of the `total' time that was spent
		in this function and its children.  Note that due to
		different viewpoints, functions excluded by options, etc,
		these numbers will NOT add up to 100%.

     self	This is the total amount of time spent in this function.

     children	This is the total amount of time propagated into this
		function by its children.

     called	This is the number of times the function was called.
		If the function called itself recursively, the number
		only includes non-recursive calls, and is followed by
		a `+' and the number of recursive calls.

     name	The name of the current function.  The index number is
		printed after it.  If the function is a member of a
		cycle, the cycle number is printed between the
		function's name and the index number.


 For the function's parents, the fields have the following meanings:

     self	This is the amount of time that was propagated directly
		from the function into this parent.

     children	This is the amount of time that was propagated from
		the function's children into this parent.

     called	This is the number of times this parent called the
		function `/' the total number of times the function
		was called.  Recursive calls to the function are not
		included in the number after the `/'.

     name	This is the name of the parent.  The parent's index
		number is printed after it.  If the parent is a
		member of a cycle, the cycle number is printed between
		the name and the index number.

 If the parents of the function cannot be determined, the word
 `<spontaneous>' is printed in the `name' field, and all the other
 fields are blank.

 For the function's children, the fields have the following meanings:

     self	This is the amount of time that was propagated directly
		from the child into the function.

     children	This is the amount of time that was propagated from the
		child's children to the function.

     called	This is the number of times the function called
		this child `/' the total number of times the child
		was called.  Recursive calls by the child are not
		listed in the number after the `/'.

     name	This is the name of the child.  The child's index
		number is printed after it.  If the child is a
		member of a cycle, the cycle number is printed
		between the name and the index number.

 If there are any cycles (circles) in the call graph, there is an
 entry for the cycle-as-a-whole.  This entry shows who called the
 cycle (as parents) and the members of the cycle (as children.)
 The `+' recursive calls entry shows the number of function calls that
 were internal to the cycle, and the calls entry for each member shows,
 for that member, how many times it was called from other members of
 the cycle.


Index by function name

  [48] LoadSDF_BZ(char*)      [16] avar(double, double, double, prop_type&, propv_type&) [28] Azimuth(site, site)
   [2] PlotLRPath(site, site, unsigned char, _IO_FILE*) [36] haat(site) [43] GetMask(double, double)
  [32] ReadLRParm(site, char) [25] aknfe(double const&)   [33] LoadPAT(char*)
  [34] SiteReport(site)       [27] alos2(double, prop_type&, propa_type&) [50] LoadQTH(char*)
  [15] WritePPMSS(char*, unsigned char, unsigned char, unsigned char, site*, unsigned char) [21] curve(double const&, double const&, double const&, double const&, double const&, double const&) [20] LoadSDF(char*)
  [18] LoadSDF_SDF(char*)      [8] hzns2(double*, prop_type&, propa_type&) [30] PutMask(double, double, int)
  [37] PlaceMarker(site)      [24] qerfi(double)          [47] dec2dms(double)
  [46] ReadBearing(char*)     [29] qlrps(double, double, double, int, double, double, prop_type&) [10] lrprop2(double, prop_type&, propa_type&)
  [26] interpolate(int, int, int, int, int) [7] qtile(int const&, double*, int const&) [5] qlrpfl2(double*, int, int, prop_type&, propa_type&, propv_type&)
  [12] GetElevation(site)     [14] z1sq2(double*, double const&, double const&, double&, double&) [45] Distance(site, site)
  [19] LoadTopoData(int, int, int, int) [17] OrMask(double, double, int) [9] ReadPath(site, site)
  [35] AverageTerrain(site, double, double, double) [11] adiff2(double, prop_type&, propa_type&) [23] GetSignal(double, double)
   [4] point_to_point(double*, double, double, double, double, double, double, int, int, double, double, double&, char*, int&) [22] arccos(double, double) [3] PlotLRMap(site, double, char*)
  [49] LoadSignalColors(site)  [6] d1thx2(double*, double const&, double const&, propa_type&) [44] PutSignal(double, double, unsigned char)
  [31] fht(double const&, double const&) [13] saalos(double, prop_type&, propa_type&)
