Run with 89 miles:
Flat profile:

Each sample counts as 0.01 seconds.
  %   cumulative   self              self     total           
 time   seconds   seconds    calls  Ks/call  Ks/call  name    
 35.18   3126.18  3126.18 165545158     0.00     0.00  qtile(int const&, double*, int const&)
 25.50   5392.36  2266.19 82772612     0.00     0.00  hzns2(double*, prop_type&, propa_type&)
 21.79   7328.89  1936.53 82772612     0.00     0.00  d1thx2(double*, double const&, double const&, propa_type&)
  7.10   7960.12   631.23 165543857     0.00     0.00  z1sq2(double*, double const&, double const&, double&, double&)
  3.90   8306.30   346.18 82772612     0.00     0.00  point_to_point(double*, double, double, double, double, double, double, int, int, double, double, double&, char*, int&)
  1.16   8409.62   103.32 248317711     0.00     0.00  saalos(double, prop_type&, propa_type&)
  1.11   8507.99    98.37 603522158     0.00     0.00  GetElevation(site)
  1.05   8600.89    92.90 413771716     0.00     0.00  adiff2(double, prop_type&, propa_type&)
  0.66   8659.98    59.09 416185415     0.00     0.00  OrMask(double, double, int)
  0.55   8708.79    48.80        1     0.05     0.05  WritePPMSS(char*, unsigned char, unsigned char, unsigned char, site*, unsigned char)
  0.41   8744.91    36.12    64816     0.00     0.00  ReadPath(site, site)
  0.29   8770.92    26.01 82772612     0.00     0.00  avar(double, double, double, prop_type&, propv_type&)
  0.22   8790.10    19.18 82772612     0.00     0.00  GetSignal(double, double)
  0.15   8803.74    13.64    64800     0.00     0.00  PlotLRPath(site, site, unsigned char, _IO_FILE*)
  0.15   8816.70    12.96 82772612     0.00     0.00  PutMask(double, double, int)
  0.14   8828.75    12.05 82772612     0.00     0.00  PutSignal(double, double, unsigned char)
  0.12   8839.06    10.31 82772612     0.00     0.00  lrprop2(double, prop_type&, propa_type&)
  0.11   8849.21    10.15 248317836     0.00     0.00  curve(double const&, double const&, double const&, double const&, double const&, double const&)
  0.08   8856.57     7.36 165545224     0.00     0.00  qerfi(double)
  0.06   8861.83     5.26 88458840     0.00     0.00  ascat(double, prop_type&, propa_type&)
  0.04   8865.69     3.87 82772612     0.00     0.00  qlrpfl2(double*, int, int, prop_type&, propa_type&, propv_type&)
  0.04   8869.44     3.75 316258655     0.00     0.00  fht(double const&, double const&)
  0.04   8872.75     3.31 82837428     0.00     0.00  Azimuth(site, site)
  0.03   8875.86     3.11 494348648     0.00     0.00  aknfe(double const&)
  0.03   8878.67     2.81 82772612     0.00     0.00  qlrps(double, double, double, int, double, double, prop_type&)
  0.02   8880.73     2.06 603391974     0.00     0.00  arccos(double, double)
  0.02   8882.47     1.74 88458840     0.00     0.00  h0f(double, double)
  0.02   8883.86     1.39       21     0.00     0.00  LoadSDF_SDF(char*)
  0.01   8884.43     0.57 416185007     0.00     0.00  GetMask(double, double)
  0.01   8885.00     0.57 44229420     0.00     0.00  ahd(double)
  0.01   8885.52     0.52                             interpolate(int, int, int, int, int)
  0.00   8885.85     0.34 38588864     0.00     0.00  alos2(double, prop_type&, propa_type&)
  0.00   8886.08     0.23       21     0.00     0.00  LoadSDF(char*)
  0.00   8886.22     0.14                             FORTRAN_DIM(double const&, double const&)
  0.00   8886.33     0.11                             adiff(double, prop_type&, propa_type&)
  0.00   8886.42     0.09    64816     0.00     0.00  Distance(site, site)
  0.00   8886.48     0.07                             point_to_point_ITM(double*, double, double, double, double, double, double, int, int, double, double, double&, char*, int&)
  0.00   8886.54     0.06                             z1sq1(double*, double const&, double const&, double&, double&)
  0.00   8886.59     0.05        2     0.00     0.00  dec2dms(double)
  0.00   8886.63     0.04                             lrprop(double, prop_type&, propa_type&)
  0.00   8886.66     0.04                             abq_alos(std::complex<double>)
  0.00   8886.69     0.03                             qlrpfl(double*, int, int, prop_type&, propa_type&, propv_type&)
  0.00   8886.71     0.02        1     0.00     8.84  PlotLRMap(site, double, char*)
  0.00   8886.73     0.02                             hzns(double*, prop_type&)
  0.00   8886.74     0.02                             alos(double, prop_type&, propa_type&)
  0.00   8886.75     0.01                             d1thx(double*, double const&, double const&)
  0.00   8886.75     0.00       16     0.00     0.00  AverageTerrain(site, double, double, double)
  0.00   8886.75     0.00        6     0.00     0.00  LoadSDF_BZ(char*)
  0.00   8886.75     0.00        2     0.00     0.00  ReadBearing(char*)
  0.00   8886.75     0.00        2     0.00     0.00  LoadTopoData(int, int, int, int)
  0.00   8886.75     0.00        1     0.00     0.00  ReadLRParm(site, char)
  0.00   8886.75     0.00        1     0.00     0.00  SiteReport(site)
  0.00   8886.75     0.00        1     0.00     0.00  PlaceMarker(site)
  0.00   8886.75     0.00        1     0.00     0.00  LoadSignalColors(site)
  0.00   8886.75     0.00        1     0.00     0.00  haat(site)
  0.00   8886.75     0.00        1     0.00     0.00  LoadPAT(char*)
  0.00   8886.75     0.00        1     0.00     0.00  LoadQTH(char*)

 %         the percentage of the total running time of the
time       program used by this function.

cumulative a running sum of the number of seconds accounted
 seconds   for by this function and those listed above it.

 self      the number of seconds accounted for by this
seconds    function alone.  This is the major sort for this
           listing.

calls      the number of times this function was invoked, if
           this function is profiled, else blank.
 
 self      the average number of milliseconds spent in this
ms/call    function per call, if this function is profiled,
	   else blank.

 total     the average number of milliseconds spent in this
ms/call    function and its descendents per call, if this 
	   function is profiled, else blank.

name       the name of the function.  This is the minor sort
           for this listing. The index shows the location of
	   the function in the gprof listing. If the index is
	   in parenthesis it shows where it would appear in
	   the gprof listing if it were to be printed.

		     Call graph (explanation follows)


granularity: each sample hit covers 2 byte(s) for 0.00% of 8886.75 seconds

index % time    self  children    called     name
                                                 <spontaneous>
[1]    100.0    0.00 8885.72                 main [1]
                0.02 8835.19       1/1           PlotLRMap(site, double, char*) [2]
               48.80    0.00       1/1           WritePPMSS(char*, unsigned char, unsigned char, unsigned char, site*, unsigned char) [16]
                0.00    1.62       2/2           LoadTopoData(int, int, int, int) [31]
                0.00    0.08       1/1           SiteReport(site) [40]
                0.00    0.00       1/1           PlaceMarker(site) [52]
                0.00    0.00       1/603522158     GetElevation(site) [14]
                0.00    0.00       1/1           LoadQTH(char*) [63]
                0.00    0.00       1/1           ReadLRParm(site, char) [60]
-----------------------------------------------
                0.02 8835.19       1/1           main [1]
[2]     99.4    0.02 8835.19       1         PlotLRMap(site, double, char*) [2]
               13.64 8821.55   64800/64800       PlotLRPath(site, site, unsigned char, _IO_FILE*) [3]
-----------------------------------------------
               13.64 8821.55   64800/64800       PlotLRMap(site, double, char*) [2]
[3]     99.4   13.64 8821.55   64800         PlotLRPath(site, site, unsigned char, _IO_FILE*) [3]
              346.18 8231.60 82772612/82772612     point_to_point(double*, double, double, double, double, double, double, int, int, double, double, double&, char*, int&) [4]
               36.11  100.49   64800/64816       ReadPath(site, site) [12]
               59.09    0.00 416183550/416185415     OrMask(double, double, int) [15]
               19.18    0.00 82772612/82772612     GetSignal(double, double) [18]
               12.96    0.00 82772612/82772612     PutMask(double, double, int) [19]
               12.05    0.00 82772612/82772612     PutSignal(double, double, unsigned char) [20]
                3.31    0.00 82772612/82837428     Azimuth(site, site) [25]
                0.57    0.00 416183550/416185007     GetMask(double, double) [33]
-----------------------------------------------
              346.18 8231.60 82772612/82772612     PlotLRPath(site, site, unsigned char, _IO_FILE*) [3]
[4]     96.5  346.18 8231.60 82772612         point_to_point(double*, double, double, double, double, double, double, int, int, double, double, double&, char*, int&) [4]
                3.87 8181.40 82772612/82772612     qlrpfl2(double*, int, int, prop_type&, propa_type&, propv_type&) [5]
               26.01   10.15 82772612/82772612     avar(double, double, double, prop_type&, propv_type&) [17]
                7.36    0.00 165545224/165545224     qerfi(double) [23]
                2.81    0.00 82772612/82772612     qlrps(double, double, double, int, double, double, prop_type&) [27]
-----------------------------------------------
                3.87 8181.40 82772612/82772612     point_to_point(double*, double, double, double, double, double, double, int, int, double, double, double&, char*, int&) [4]
[5]     92.1    3.87 8181.40 82772612         qlrpfl2(double*, int, int, prop_type&, propa_type&, propv_type&) [5]
             1936.53 3441.79 82772612/82772612     d1thx2(double*, double const&, double const&, propa_type&) [6]
             2266.19    0.00 82772612/82772612     hzns2(double*, prop_type&, propa_type&) [8]
              315.61    0.00 82771278/165543857     z1sq2(double*, double const&, double const&, double&, double&) [9]
               10.31  210.98 82772612/82772612     lrprop2(double, prop_type&, propa_type&) [10]
-----------------------------------------------
             1936.53 3441.79 82772612/82772612     qlrpfl2(double*, int, int, prop_type&, propa_type&, propv_type&) [5]
[6]     60.5 1936.53 3441.79 82772612         d1thx2(double*, double const&, double const&, propa_type&) [6]
             3126.18    0.00 165545158/165545158     qtile(int const&, double*, int const&) [7]
              315.62    0.00 82772579/165543857     z1sq2(double*, double const&, double const&, double&, double&) [9]
-----------------------------------------------
             3126.18    0.00 165545158/165545158     d1thx2(double*, double const&, double const&, propa_type&) [6]
[7]     35.2 3126.18    0.00 165545158         qtile(int const&, double*, int const&) [7]
-----------------------------------------------
             2266.19    0.00 82772612/82772612     qlrpfl2(double*, int, int, prop_type&, propa_type&, propv_type&) [5]
[8]     25.5 2266.19    0.00 82772612         hzns2(double*, prop_type&, propa_type&) [8]
-----------------------------------------------
              315.61    0.00 82771278/165543857     qlrpfl2(double*, int, int, prop_type&, propa_type&, propv_type&) [5]
              315.62    0.00 82772579/165543857     d1thx2(double*, double const&, double const&, propa_type&) [6]
[9]      7.1  631.23    0.00 165543857         z1sq2(double*, double const&, double const&, double&, double&) [9]
-----------------------------------------------
               10.31  210.98 82772612/82772612     qlrpfl2(double*, int, int, prop_type&, propa_type&, propv_type&) [5]
[10]     2.5   10.31  210.98 82772612         lrprop2(double, prop_type&, propa_type&) [10]
               92.90  110.15 413771716/413771716     adiff2(double, prop_type&, propa_type&) [11]
                5.26    2.31 88458840/88458840     ascat(double, prop_type&, propa_type&) [22]
                0.34    0.02 38588864/38588864     alos2(double, prop_type&, propa_type&) [36]
-----------------------------------------------
               92.90  110.15 413771716/413771716     lrprop2(double, prop_type&, propa_type&) [10]
[11]     2.3   92.90  110.15 413771716         adiff2(double, prop_type&, propa_type&) [11]
              103.30    0.00 248272092/248317711     saalos(double, prop_type&, propa_type&) [13]
                3.75    0.00 316258655/316258655     fht(double const&, double const&) [24]
                3.11    0.00 494348648/494348648     aknfe(double const&) [26]
-----------------------------------------------
                0.01    0.02      16/64816       AverageTerrain(site, double, double, double) [46]
               36.11  100.49   64800/64816       PlotLRPath(site, site, unsigned char, _IO_FILE*) [3]
[12]     1.5   36.12  100.52   64816         ReadPath(site, site) [12]
               98.37    0.00 603522138/603522158     GetElevation(site) [14]
                2.06    0.00 603391960/603391974     arccos(double, double) [28]
                0.09    0.00   64816/64816       Distance(site, site) [39]
                0.00    0.00   64816/82837428     Azimuth(site, site) [25]
-----------------------------------------------
                0.02    0.00   45619/248317711     alos2(double, prop_type&, propa_type&) [36]
              103.30    0.00 248272092/248317711     adiff2(double, prop_type&, propa_type&) [11]
[13]     1.2  103.32    0.00 248317711         saalos(double, prop_type&, propa_type&) [13]
-----------------------------------------------
                0.00    0.00       1/603522158     haat(site) [49]
                0.00    0.00       1/603522158     main [1]
                0.00    0.00       2/603522158     SiteReport(site) [40]
                0.00    0.00      16/603522158     AverageTerrain(site, double, double, double) [46]
               98.37    0.00 603522138/603522158     ReadPath(site, site) [12]
[14]     1.1   98.37    0.00 603522158         GetElevation(site) [14]
-----------------------------------------------
                0.00    0.00    1865/416185415     PlaceMarker(site) [52]
               59.09    0.00 416183550/416185415     PlotLRPath(site, site, unsigned char, _IO_FILE*) [3]
[15]     0.7   59.09    0.00 416185415         OrMask(double, double, int) [15]
-----------------------------------------------
               48.80    0.00       1/1           main [1]
[16]     0.5   48.80    0.00       1         WritePPMSS(char*, unsigned char, unsigned char, unsigned char, site*, unsigned char) [16]
                0.00    0.00       1/1           LoadSignalColors(site) [61]
-----------------------------------------------
               26.01   10.15 82772612/82772612     point_to_point(double*, double, double, double, double, double, double, int, int, double, double, double&, char*, int&) [4]
[17]     0.4   26.01   10.15 82772612         avar(double, double, double, prop_type&, propv_type&) [17]
               10.15    0.00 248317836/248317836     curve(double const&, double const&, double const&, double const&, double const&, double const&) [21]
-----------------------------------------------
               19.18    0.00 82772612/82772612     PlotLRPath(site, site, unsigned char, _IO_FILE*) [3]
[18]     0.2   19.18    0.00 82772612         GetSignal(double, double) [18]
-----------------------------------------------
               12.96    0.00 82772612/82772612     PlotLRPath(site, site, unsigned char, _IO_FILE*) [3]
[19]     0.1   12.96    0.00 82772612         PutMask(double, double, int) [19]
-----------------------------------------------
               12.05    0.00 82772612/82772612     PlotLRPath(site, site, unsigned char, _IO_FILE*) [3]
[20]     0.1   12.05    0.00 82772612         PutSignal(double, double, unsigned char) [20]
-----------------------------------------------
               10.15    0.00 248317836/248317836     avar(double, double, double, prop_type&, propv_type&) [17]
[21]     0.1   10.15    0.00 248317836         curve(double const&, double const&, double const&, double const&, double const&, double const&) [21]
-----------------------------------------------
                5.26    2.31 88458840/88458840     lrprop2(double, prop_type&, propa_type&) [10]
[22]     0.1    5.26    2.31 88458840         ascat(double, prop_type&, propa_type&) [22]
                1.74    0.00 88458840/88458840     h0f(double, double) [29]
                0.57    0.00 44229420/44229420     ahd(double) [34]
-----------------------------------------------
                7.36    0.00 165545224/165545224     point_to_point(double*, double, double, double, double, double, double, int, int, double, double, double&, char*, int&) [4]
[23]     0.1    7.36    0.00 165545224         qerfi(double) [23]
-----------------------------------------------
                3.75    0.00 316258655/316258655     adiff2(double, prop_type&, propa_type&) [11]
[24]     0.0    3.75    0.00 316258655         fht(double const&, double const&) [24]
-----------------------------------------------
                0.00    0.00   64816/82837428     ReadPath(site, site) [12]
                3.31    0.00 82772612/82837428     PlotLRPath(site, site, unsigned char, _IO_FILE*) [3]
[25]     0.0    3.31    0.00 82837428         Azimuth(site, site) [25]
-----------------------------------------------
                3.11    0.00 494348648/494348648     adiff2(double, prop_type&, propa_type&) [11]
[26]     0.0    3.11    0.00 494348648         aknfe(double const&) [26]
-----------------------------------------------
                2.81    0.00 82772612/82772612     point_to_point(double*, double, double, double, double, double, double, int, int, double, double, double&, char*, int&) [4]
[27]     0.0    2.81    0.00 82772612         qlrps(double, double, double, int, double, double, prop_type&) [27]
-----------------------------------------------
                0.00    0.00      14/603391974     AverageTerrain(site, double, double, double) [46]
                2.06    0.00 603391960/603391974     ReadPath(site, site) [12]
[28]     0.0    2.06    0.00 603391974         arccos(double, double) [28]
-----------------------------------------------
                1.74    0.00 88458840/88458840     ascat(double, prop_type&, propa_type&) [22]
[29]     0.0    1.74    0.00 88458840         h0f(double, double) [29]
-----------------------------------------------
                0.23    1.39      21/21          LoadTopoData(int, int, int, int) [31]
[30]     0.0    0.23    1.39      21         LoadSDF(char*) [30]
                1.39    0.00      21/21          LoadSDF_SDF(char*) [32]
                0.00    0.00       6/6           LoadSDF_BZ(char*) [58]
-----------------------------------------------
                0.00    1.62       2/2           main [1]
[31]     0.0    0.00    1.62       2         LoadTopoData(int, int, int, int) [31]
                0.23    1.39      21/21          LoadSDF(char*) [30]
-----------------------------------------------
                1.39    0.00      21/21          LoadSDF(char*) [30]
[32]     0.0    1.39    0.00      21         LoadSDF_SDF(char*) [32]
-----------------------------------------------
                0.00    0.00    1457/416185007     PlaceMarker(site) [52]
                0.57    0.00 416183550/416185007     PlotLRPath(site, site, unsigned char, _IO_FILE*) [3]
[33]     0.0    0.57    0.00 416185007         GetMask(double, double) [33]
-----------------------------------------------
                0.57    0.00 44229420/44229420     ascat(double, prop_type&, propa_type&) [22]
[34]     0.0    0.57    0.00 44229420         ahd(double) [34]
-----------------------------------------------
                                                 <spontaneous>
[35]     0.0    0.52    0.00                 interpolate(int, int, int, int, int) [35]
-----------------------------------------------
                0.34    0.02 38588864/38588864     lrprop2(double, prop_type&, propa_type&) [10]
[36]     0.0    0.34    0.02 38588864         alos2(double, prop_type&, propa_type&) [36]
                0.02    0.00   45619/248317711     saalos(double, prop_type&, propa_type&) [13]
-----------------------------------------------
                                                 <spontaneous>
[37]     0.0    0.14    0.00                 FORTRAN_DIM(double const&, double const&) [37]
-----------------------------------------------
                                                 <spontaneous>
[38]     0.0    0.11    0.00                 adiff(double, prop_type&, propa_type&) [38]
-----------------------------------------------
                0.09    0.00   64816/64816       ReadPath(site, site) [12]
[39]     0.0    0.09    0.00   64816         Distance(site, site) [39]
-----------------------------------------------
                0.00    0.08       1/1           main [1]
[40]     0.0    0.00    0.08       1         SiteReport(site) [40]
                0.05    0.00       2/2           dec2dms(double) [43]
                0.00    0.02       1/1           haat(site) [49]
                0.00    0.02       8/16          AverageTerrain(site, double, double, double) [46]
                0.00    0.00       2/603522158     GetElevation(site) [14]
-----------------------------------------------
                                                 <spontaneous>
[41]     0.0    0.07    0.00                 point_to_point_ITM(double*, double, double, double, double, double, double, int, int, double, double, double&, char*, int&) [41]
-----------------------------------------------
                                                 <spontaneous>
[42]     0.0    0.06    0.00                 z1sq1(double*, double const&, double const&, double&, double&) [42]
-----------------------------------------------
                0.05    0.00       2/2           SiteReport(site) [40]
[43]     0.0    0.05    0.00       2         dec2dms(double) [43]
-----------------------------------------------
                                                 <spontaneous>
[44]     0.0    0.04    0.00                 lrprop(double, prop_type&, propa_type&) [44]
-----------------------------------------------
                                                 <spontaneous>
[45]     0.0    0.04    0.00                 abq_alos(std::complex<double>) [45]
-----------------------------------------------
                0.00    0.02       8/16          haat(site) [49]
                0.00    0.02       8/16          SiteReport(site) [40]
[46]     0.0    0.00    0.03      16         AverageTerrain(site, double, double, double) [46]
                0.01    0.02      16/64816       ReadPath(site, site) [12]
                0.00    0.00      16/603522158     GetElevation(site) [14]
                0.00    0.00      14/603391974     arccos(double, double) [28]
-----------------------------------------------
                                                 <spontaneous>
[47]     0.0    0.03    0.00                 qlrpfl(double*, int, int, prop_type&, propa_type&, propv_type&) [47]
-----------------------------------------------
                                                 <spontaneous>
[48]     0.0    0.02    0.00                 hzns(double*, prop_type&) [48]
-----------------------------------------------
                0.00    0.02       1/1           SiteReport(site) [40]
[49]     0.0    0.00    0.02       1         haat(site) [49]
                0.00    0.02       8/16          AverageTerrain(site, double, double, double) [46]
                0.00    0.00       1/603522158     GetElevation(site) [14]
-----------------------------------------------
                                                 <spontaneous>
[50]     0.0    0.02    0.00                 alos(double, prop_type&, propa_type&) [50]
-----------------------------------------------
                                                 <spontaneous>
[51]     0.0    0.01    0.00                 d1thx(double*, double const&, double const&) [51]
-----------------------------------------------
                0.00    0.00       1/1           main [1]
[52]     0.0    0.00    0.00       1         PlaceMarker(site) [52]
                0.00    0.00    1865/416185415     OrMask(double, double, int) [15]
                0.00    0.00    1457/416185007     GetMask(double, double) [33]
-----------------------------------------------
                0.00    0.00       6/6           LoadSDF(char*) [30]
[58]     0.0    0.00    0.00       6         LoadSDF_BZ(char*) [58]
-----------------------------------------------
                0.00    0.00       2/2           LoadQTH(char*) [63]
[59]     0.0    0.00    0.00       2         ReadBearing(char*) [59]
-----------------------------------------------
                0.00    0.00       1/1           main [1]
[60]     0.0    0.00    0.00       1         ReadLRParm(site, char) [60]
                0.00    0.00       1/1           LoadPAT(char*) [62]
-----------------------------------------------
                0.00    0.00       1/1           WritePPMSS(char*, unsigned char, unsigned char, unsigned char, site*, unsigned char) [16]
[61]     0.0    0.00    0.00       1         LoadSignalColors(site) [61]
-----------------------------------------------
                0.00    0.00       1/1           ReadLRParm(site, char) [60]
[62]     0.0    0.00    0.00       1         LoadPAT(char*) [62]
-----------------------------------------------
                0.00    0.00       1/1           main [1]
[63]     0.0    0.00    0.00       1         LoadQTH(char*) [63]
                0.00    0.00       2/2           ReadBearing(char*) [59]
-----------------------------------------------

 This table describes the call tree of the program, and was sorted by
 the total amount of time spent in each function and its children.

 Each entry in this table consists of several lines.  The line with the
 index number at the left hand margin lists the current function.
 The lines above it list the functions that called this function,
 and the lines below it list the functions this one called.
 This line lists:
     index	A unique number given to each element of the table.
		Index numbers are sorted numerically.
		The index number is printed next to every function name so
		it is easier to look up where the function in the table.

     % time	This is the percentage of the `total' time that was spent
		in this function and its children.  Note that due to
		different viewpoints, functions excluded by options, etc,
		these numbers will NOT add up to 100%.

     self	This is the total amount of time spent in this function.

     children	This is the total amount of time propagated into this
		function by its children.

     called	This is the number of times the function was called.
		If the function called itself recursively, the number
		only includes non-recursive calls, and is followed by
		a `+' and the number of recursive calls.

     name	The name of the current function.  The index number is
		printed after it.  If the function is a member of a
		cycle, the cycle number is printed between the
		function's name and the index number.


 For the function's parents, the fields have the following meanings:

     self	This is the amount of time that was propagated directly
		from the function into this parent.

     children	This is the amount of time that was propagated from
		the function's children into this parent.

     called	This is the number of times this parent called the
		function `/' the total number of times the function
		was called.  Recursive calls to the function are not
		included in the number after the `/'.

     name	This is the name of the parent.  The parent's index
		number is printed after it.  If the parent is a
		member of a cycle, the cycle number is printed between
		the name and the index number.

 If the parents of the function cannot be determined, the word
 `<spontaneous>' is printed in the `name' field, and all the other
 fields are blank.

 For the function's children, the fields have the following meanings:

     self	This is the amount of time that was propagated directly
		from the child into the function.

     children	This is the amount of time that was propagated from the
		child's children to the function.

     called	This is the number of times the function called
		this child `/' the total number of times the child
		was called.  Recursive calls by the child are not
		listed in the number after the `/'.

     name	This is the name of the child.  The child's index
		number is printed after it.  If the child is a
		member of a cycle, the cycle number is printed
		between the name and the index number.

 If there are any cycles (circles) in the call graph, there is an
 entry for the cycle-as-a-whole.  This entry shows who called the
 cycle (as parents) and the members of the cycle (as children.)
 The `+' recursive calls entry shows the number of function calls that
 were internal to the cycle, and the calls entry for each member shows,
 for that member, how many times it was called from other members of
 the cycle.


Index by function name

  [58] LoadSDF_BZ(char*)      [50] alos(double, prop_type&, propa_type&) [6] d1thx2(double*, double const&, double const&, propa_type&)
   [3] PlotLRPath(site, site, unsigned char, _IO_FILE*) [17] avar(double, double, double, prop_type&, propv_type&) [44] lrprop(double, prop_type&, propa_type&)
  [60] ReadLRParm(site, char) [49] haat(site)             [47] qlrpfl(double*, int, int, prop_type&, propa_type&, propv_type&)
  [40] SiteReport(site)       [48] hzns(double*, prop_type&) [13] saalos(double, prop_type&, propa_type&)
  [16] WritePPMSS(char*, unsigned char, unsigned char, unsigned char, site*, unsigned char) [38] adiff(double, prop_type&, propa_type&) [25] Azimuth(site, site)
  [37] FORTRAN_DIM(double const&, double const&) [26] aknfe(double const&) [33] GetMask(double, double)
  [32] LoadSDF_SDF(char*)     [36] alos2(double, prop_type&, propa_type&) [62] LoadPAT(char*)
  [52] PlaceMarker(site)      [22] ascat(double, prop_type&, propa_type&) [63] LoadQTH(char*)
  [59] ReadBearing(char*)     [21] curve(double const&, double const&, double const&, double const&, double const&, double const&) [30] LoadSDF(char*)
  [35] interpolate(int, int, int, int, int) [51] d1thx(double*, double const&, double const&) [19] PutMask(double, double, int)
  [14] GetElevation(site)      [8] hzns2(double*, prop_type&, propa_type&) [43] dec2dms(double)
  [31] LoadTopoData(int, int, int, int) [23] qerfi(double) [10] lrprop2(double, prop_type&, propa_type&)
  [46] AverageTerrain(site, double, double, double) [27] qlrps(double, double, double, int, double, double, prop_type&) [5] qlrpfl2(double*, int, int, prop_type&, propa_type&, propv_type&)
   [4] point_to_point(double*, double, double, double, double, double, double, int, int, double, double, double&, char*, int&) [7] qtile(int const&, double*, int const&) [39] Distance(site, site)
  [61] LoadSignalColors(site) [42] z1sq1(double*, double const&, double const&, double&, double&) [12] ReadPath(site, site)
  [41] point_to_point_ITM(double*, double, double, double, double, double, double, int, int, double, double, double&, char*, int&) [9] z1sq2(double*, double const&, double const&, double&, double&) [45] abq_alos(std::complex<double>)
  [34] ahd(double)            [15] OrMask(double, double, int) [18] GetSignal(double, double)
  [24] fht(double const&, double const&) [11] adiff2(double, prop_type&, propa_type&) [2] PlotLRMap(site, double, char*)
  [29] h0f(double, double)    [28] arccos(double, double) [20] PutSignal(double, double, unsigned char)
