Run with 1 miles:
Flat profile:

Each sample counts as 0.01 seconds.
  %   cumulative   self              self     total           
 time   seconds   seconds    calls   s/call   s/call  name    
 40.14      1.71     1.71    14416     0.00     0.00  ReadPath(site, site)
 33.34      3.13     1.42 31283164     0.00     0.00  GetElevation(site)
 16.67      3.84     0.71        1     0.71     0.71  WritePPMSS(char*, unsigned char, unsigned char, unsigned char, site*, unsigned char)
  2.82      3.96     0.12        2     0.06     0.06  LoadSDF_SDF(char*)
  2.11      4.05     0.09    14400     0.00     0.00  PlotLRPath(site, site, unsigned char, _IO_FILE*)
  1.41      4.11     0.06 31253849     0.00     0.00  arccos(double, double)
  0.70      4.14     0.03   818750     0.00     0.00  OrMask(double, double, int)
  0.70      4.17     0.03                             interpolate(int, int, int, int, int)
  0.47      4.19     0.02    31548     0.00     0.00  saalos(double, prop_type&, propa_type&)
  0.47      4.21     0.02    10516     0.00     0.00  GetSignal(double, double)
  0.23      4.22     0.01    39782     0.00     0.00  adiff2(double, prop_type&, propa_type&)
  0.23      4.23     0.01    20966     0.00     0.00  qtile(int const&, double*, int const&)
  0.23      4.24     0.01    10516     0.00     0.00  d1thx2(double*, double const&, double const&, propa_type&)
  0.23      4.25     0.01        1     0.01     3.39  PlotLRMap(site, double, char*)
  0.12      4.26     0.01    10516     0.00     0.00  point_to_point(double*, double, double, double, double, double, double, int, int, double, double, double&, char*, int&)
  0.12      4.26     0.01                             point_to_point_ITM(double*, double, double, double, double, double, double, int, int, double, double, double&, char*, int&)
  0.00      4.26     0.00   818342     0.00     0.00  GetMask(double, double)
  0.00      4.26     0.00    48824     0.00     0.00  aknfe(double const&)
  0.00      4.26     0.00    31548     0.00     0.00  curve(double const&, double const&, double const&, double const&, double const&, double const&)
  0.00      4.26     0.00    26281     0.00     0.00  fht(double const&, double const&)
  0.00      4.26     0.00    24932     0.00     0.00  Azimuth(site, site)
  0.00      4.26     0.00    21032     0.00     0.00  qerfi(double)
  0.00      4.26     0.00    19661     0.00     0.00  z1sq2(double*, double const&, double const&, double&, double&)
  0.00      4.26     0.00    16915     0.00     0.00  alos2(double, prop_type&, propa_type&)
  0.00      4.26     0.00    14416     0.00     0.00  Distance(site, site)
  0.00      4.26     0.00    10516     0.00     0.00  avar(double, double, double, prop_type&, propv_type&)
  0.00      4.26     0.00    10516     0.00     0.00  hzns2(double*, prop_type&, propa_type&)
  0.00      4.26     0.00    10516     0.00     0.00  qlrps(double, double, double, int, double, double, prop_type&)
  0.00      4.26     0.00    10516     0.00     0.00  PutMask(double, double, int)
  0.00      4.26     0.00    10516     0.00     0.00  lrprop2(double, prop_type&, propa_type&)
  0.00      4.26     0.00    10516     0.00     0.00  qlrpfl2(double*, int, int, prop_type&, propa_type&, propv_type&)
  0.00      4.26     0.00    10516     0.00     0.00  PutSignal(double, double, unsigned char)
  0.00      4.26     0.00       16     0.00     0.00  AverageTerrain(site, double, double, double)
  0.00      4.26     0.00        2     0.00     0.00  ReadBearing(char*)
  0.00      4.26     0.00        2     0.00     0.06  LoadTopoData(int, int, int, int)
  0.00      4.26     0.00        2     0.00     0.06  LoadSDF(char*)
  0.00      4.26     0.00        2     0.00     0.00  dec2dms(double)
  0.00      4.26     0.00        1     0.00     0.00  LoadSDF_BZ(char*)
  0.00      4.26     0.00        1     0.00     0.00  ReadLRParm(site, char)
  0.00      4.26     0.00        1     0.00     0.00  SiteReport(site)
  0.00      4.26     0.00        1     0.00     0.00  PlaceMarker(site)
  0.00      4.26     0.00        1     0.00     0.00  LoadSignalColors(site)
  0.00      4.26     0.00        1     0.00     0.00  haat(site)
  0.00      4.26     0.00        1     0.00     0.00  LoadPAT(char*)
  0.00      4.26     0.00        1     0.00     0.00  LoadQTH(char*)

 %         the percentage of the total running time of the
time       program used by this function.

cumulative a running sum of the number of seconds accounted
 seconds   for by this function and those listed above it.

 self      the number of seconds accounted for by this
seconds    function alone.  This is the major sort for this
           listing.

calls      the number of times this function was invoked, if
           this function is profiled, else blank.
 
 self      the average number of milliseconds spent in this
ms/call    function per call, if this function is profiled,
	   else blank.

 total     the average number of milliseconds spent in this
ms/call    function and its descendents per call, if this 
	   function is profiled, else blank.

name       the name of the function.  This is the minor sort
           for this listing. The index shows the location of
	   the function in the gprof listing. If the index is
	   in parenthesis it shows where it would appear in
	   the gprof listing if it were to be printed.

		     Call graph (explanation follows)


granularity: each sample hit covers 2 byte(s) for 0.23% of 4.26 seconds

index % time    self  children    called     name
                                                 <spontaneous>
[1]     99.2    0.00    4.23                 main [1]
                0.01    3.38       1/1           PlotLRMap(site, double, char*) [2]
                0.71    0.00       1/1           WritePPMSS(char*, unsigned char, unsigned char, unsigned char, site*, unsigned char) [6]
                0.00    0.12       2/2           LoadTopoData(int, int, int, int) [8]
                0.00    0.00       1/1           SiteReport(site) [23]
                0.00    0.00       1/1           PlaceMarker(site) [26]
                0.00    0.00       1/31283164     GetElevation(site) [5]
                0.00    0.00       1/1           LoadQTH(char*) [51]
                0.00    0.00       1/1           ReadLRParm(site, char) [48]
-----------------------------------------------
                0.01    3.38       1/1           main [1]
[2]     79.6    0.01    3.38       1         PlotLRMap(site, double, char*) [2]
                0.09    3.29   14400/14400       PlotLRPath(site, site, unsigned char, _IO_FILE*) [3]
-----------------------------------------------
                0.09    3.29   14400/14400       PlotLRMap(site, double, char*) [2]
[3]     79.4    0.09    3.29   14400         PlotLRPath(site, site, unsigned char, _IO_FILE*) [3]
                1.71    1.48   14400/14416       ReadPath(site, site) [4]
                0.01    0.05   10516/10516       point_to_point(double*, double, double, double, double, double, double, int, int, double, double, double&, char*, int&) [11]
                0.03    0.00  816885/818750      OrMask(double, double, int) [13]
                0.02    0.00   10516/10516       GetSignal(double, double) [19]
                0.00    0.00  816885/818342      GetMask(double, double) [32]
                0.00    0.00   10516/24932       Azimuth(site, site) [36]
                0.00    0.00   10516/10516       PutMask(double, double, int) [43]
                0.00    0.00   10516/10516       PutSignal(double, double, unsigned char) [44]
-----------------------------------------------
                0.00    0.00      16/14416       AverageTerrain(site, double, double, double) [24]
                1.71    1.48   14400/14416       PlotLRPath(site, site, unsigned char, _IO_FILE*) [3]
[4]     74.9    1.71    1.48   14416         ReadPath(site, site) [4]
                1.42    0.00 31283144/31283164     GetElevation(site) [5]
                0.06    0.00 31253835/31253849     arccos(double, double) [10]
                0.00    0.00   14416/24932       Azimuth(site, site) [36]
                0.00    0.00   14416/14416       Distance(site, site) [39]
-----------------------------------------------
                0.00    0.00       1/31283164     haat(site) [25]
                0.00    0.00       1/31283164     main [1]
                0.00    0.00       2/31283164     SiteReport(site) [23]
                0.00    0.00      16/31283164     AverageTerrain(site, double, double, double) [24]
                1.42    0.00 31283144/31283164     ReadPath(site, site) [4]
[5]     33.3    1.42    0.00 31283164         GetElevation(site) [5]
-----------------------------------------------
                0.71    0.00       1/1           main [1]
[6]     16.7    0.71    0.00       1         WritePPMSS(char*, unsigned char, unsigned char, unsigned char, site*, unsigned char) [6]
                0.00    0.00       1/1           LoadSignalColors(site) [49]
-----------------------------------------------
                0.12    0.00       2/2           LoadSDF(char*) [9]
[7]      2.8    0.12    0.00       2         LoadSDF_SDF(char*) [7]
-----------------------------------------------
                0.00    0.12       2/2           main [1]
[8]      2.8    0.00    0.12       2         LoadTopoData(int, int, int, int) [8]
                0.00    0.12       2/2           LoadSDF(char*) [9]
-----------------------------------------------
                0.00    0.12       2/2           LoadTopoData(int, int, int, int) [8]
[9]      2.8    0.00    0.12       2         LoadSDF(char*) [9]
                0.12    0.00       2/2           LoadSDF_SDF(char*) [7]
                0.00    0.00       1/1           LoadSDF_BZ(char*) [47]
-----------------------------------------------
                0.00    0.00      14/31253849     AverageTerrain(site, double, double, double) [24]
                0.06    0.00 31253835/31253849     ReadPath(site, site) [4]
[10]     1.4    0.06    0.00 31253849         arccos(double, double) [10]
-----------------------------------------------
                0.01    0.05   10516/10516       PlotLRPath(site, site, unsigned char, _IO_FILE*) [3]
[11]     1.3    0.01    0.05   10516         point_to_point(double*, double, double, double, double, double, double, int, int, double, double, double&, char*, int&) [11]
                0.00    0.05   10516/10516       qlrpfl2(double*, int, int, prop_type&, propa_type&, propv_type&) [12]
                0.00    0.00   21032/21032       qerfi(double) [37]
                0.00    0.00   10516/10516       qlrps(double, double, double, int, double, double, prop_type&) [42]
                0.00    0.00   10516/10516       avar(double, double, double, prop_type&, propv_type&) [40]
-----------------------------------------------
                0.00    0.05   10516/10516       point_to_point(double*, double, double, double, double, double, double, int, int, double, double, double&, char*, int&) [11]
[12]     1.2    0.00    0.05   10516         qlrpfl2(double*, int, int, prop_type&, propa_type&, propv_type&) [12]
                0.00    0.03   10516/10516       lrprop2(double, prop_type&, propa_type&) [15]
                0.01    0.01   10516/10516       d1thx2(double*, double const&, double const&, propa_type&) [18]
                0.00    0.00   10516/10516       hzns2(double*, prop_type&, propa_type&) [41]
                0.00    0.00    9178/19661       z1sq2(double*, double const&, double const&, double&, double&) [38]
-----------------------------------------------
                0.00    0.00    1865/818750      PlaceMarker(site) [26]
                0.03    0.00  816885/818750      PlotLRPath(site, site, unsigned char, _IO_FILE*) [3]
[13]     0.7    0.03    0.00  818750         OrMask(double, double, int) [13]
-----------------------------------------------
                                                 <spontaneous>
[14]     0.7    0.03    0.00                 interpolate(int, int, int, int, int) [14]
-----------------------------------------------
                0.00    0.03   10516/10516       qlrpfl2(double*, int, int, prop_type&, propa_type&, propv_type&) [12]
[15]     0.7    0.00    0.03   10516         lrprop2(double, prop_type&, propa_type&) [15]
                0.01    0.02   39782/39782       adiff2(double, prop_type&, propa_type&) [16]
                0.00    0.00   16915/16915       alos2(double, prop_type&, propa_type&) [22]
-----------------------------------------------
                0.01    0.02   39782/39782       lrprop2(double, prop_type&, propa_type&) [15]
[16]     0.6    0.01    0.02   39782         adiff2(double, prop_type&, propa_type&) [16]
                0.02    0.00   25149/31548       saalos(double, prop_type&, propa_type&) [17]
                0.00    0.00   48824/48824       aknfe(double const&) [33]
                0.00    0.00   26281/26281       fht(double const&, double const&) [35]
-----------------------------------------------
                0.00    0.00    6399/31548       alos2(double, prop_type&, propa_type&) [22]
                0.02    0.00   25149/31548       adiff2(double, prop_type&, propa_type&) [16]
[17]     0.5    0.02    0.00   31548         saalos(double, prop_type&, propa_type&) [17]
-----------------------------------------------
                0.01    0.01   10516/10516       qlrpfl2(double*, int, int, prop_type&, propa_type&, propv_type&) [12]
[18]     0.5    0.01    0.01   10516         d1thx2(double*, double const&, double const&, propa_type&) [18]
                0.01    0.00   20966/20966       qtile(int const&, double*, int const&) [20]
                0.00    0.00   10483/19661       z1sq2(double*, double const&, double const&, double&, double&) [38]
-----------------------------------------------
                0.02    0.00   10516/10516       PlotLRPath(site, site, unsigned char, _IO_FILE*) [3]
[19]     0.5    0.02    0.00   10516         GetSignal(double, double) [19]
-----------------------------------------------
                0.01    0.00   20966/20966       d1thx2(double*, double const&, double const&, propa_type&) [18]
[20]     0.2    0.01    0.00   20966         qtile(int const&, double*, int const&) [20]
-----------------------------------------------
                                                 <spontaneous>
[21]     0.1    0.01    0.00                 point_to_point_ITM(double*, double, double, double, double, double, double, int, int, double, double, double&, char*, int&) [21]
-----------------------------------------------
                0.00    0.00   16915/16915       lrprop2(double, prop_type&, propa_type&) [15]
[22]     0.1    0.00    0.00   16915         alos2(double, prop_type&, propa_type&) [22]
                0.00    0.00    6399/31548       saalos(double, prop_type&, propa_type&) [17]
-----------------------------------------------
                0.00    0.00       1/1           main [1]
[23]     0.1    0.00    0.00       1         SiteReport(site) [23]
                0.00    0.00       1/1           haat(site) [25]
                0.00    0.00       8/16          AverageTerrain(site, double, double, double) [24]
                0.00    0.00       2/31283164     GetElevation(site) [5]
                0.00    0.00       2/2           dec2dms(double) [46]
-----------------------------------------------
                0.00    0.00       8/16          haat(site) [25]
                0.00    0.00       8/16          SiteReport(site) [23]
[24]     0.1    0.00    0.00      16         AverageTerrain(site, double, double, double) [24]
                0.00    0.00      16/14416       ReadPath(site, site) [4]
                0.00    0.00      16/31283164     GetElevation(site) [5]
                0.00    0.00      14/31253849     arccos(double, double) [10]
-----------------------------------------------
                0.00    0.00       1/1           SiteReport(site) [23]
[25]     0.0    0.00    0.00       1         haat(site) [25]
                0.00    0.00       8/16          AverageTerrain(site, double, double, double) [24]
                0.00    0.00       1/31283164     GetElevation(site) [5]
-----------------------------------------------
                0.00    0.00       1/1           main [1]
[26]     0.0    0.00    0.00       1         PlaceMarker(site) [26]
                0.00    0.00    1865/818750      OrMask(double, double, int) [13]
                0.00    0.00    1457/818342      GetMask(double, double) [32]
-----------------------------------------------
                0.00    0.00    1457/818342      PlaceMarker(site) [26]
                0.00    0.00  816885/818342      PlotLRPath(site, site, unsigned char, _IO_FILE*) [3]
[32]     0.0    0.00    0.00  818342         GetMask(double, double) [32]
-----------------------------------------------
                0.00    0.00   48824/48824       adiff2(double, prop_type&, propa_type&) [16]
[33]     0.0    0.00    0.00   48824         aknfe(double const&) [33]
-----------------------------------------------
                0.00    0.00   31548/31548       avar(double, double, double, prop_type&, propv_type&) [40]
[34]     0.0    0.00    0.00   31548         curve(double const&, double const&, double const&, double const&, double const&, double const&) [34]
-----------------------------------------------
                0.00    0.00   26281/26281       adiff2(double, prop_type&, propa_type&) [16]
[35]     0.0    0.00    0.00   26281         fht(double const&, double const&) [35]
-----------------------------------------------
                0.00    0.00   10516/24932       PlotLRPath(site, site, unsigned char, _IO_FILE*) [3]
                0.00    0.00   14416/24932       ReadPath(site, site) [4]
[36]     0.0    0.00    0.00   24932         Azimuth(site, site) [36]
-----------------------------------------------
                0.00    0.00   21032/21032       point_to_point(double*, double, double, double, double, double, double, int, int, double, double, double&, char*, int&) [11]
[37]     0.0    0.00    0.00   21032         qerfi(double) [37]
-----------------------------------------------
                0.00    0.00    9178/19661       qlrpfl2(double*, int, int, prop_type&, propa_type&, propv_type&) [12]
                0.00    0.00   10483/19661       d1thx2(double*, double const&, double const&, propa_type&) [18]
[38]     0.0    0.00    0.00   19661         z1sq2(double*, double const&, double const&, double&, double&) [38]
-----------------------------------------------
                0.00    0.00   14416/14416       ReadPath(site, site) [4]
[39]     0.0    0.00    0.00   14416         Distance(site, site) [39]
-----------------------------------------------
                0.00    0.00   10516/10516       point_to_point(double*, double, double, double, double, double, double, int, int, double, double, double&, char*, int&) [11]
[40]     0.0    0.00    0.00   10516         avar(double, double, double, prop_type&, propv_type&) [40]
                0.00    0.00   31548/31548       curve(double const&, double const&, double const&, double const&, double const&, double const&) [34]
-----------------------------------------------
                0.00    0.00   10516/10516       qlrpfl2(double*, int, int, prop_type&, propa_type&, propv_type&) [12]
[41]     0.0    0.00    0.00   10516         hzns2(double*, prop_type&, propa_type&) [41]
-----------------------------------------------
                0.00    0.00   10516/10516       point_to_point(double*, double, double, double, double, double, double, int, int, double, double, double&, char*, int&) [11]
[42]     0.0    0.00    0.00   10516         qlrps(double, double, double, int, double, double, prop_type&) [42]
-----------------------------------------------
                0.00    0.00   10516/10516       PlotLRPath(site, site, unsigned char, _IO_FILE*) [3]
[43]     0.0    0.00    0.00   10516         PutMask(double, double, int) [43]
-----------------------------------------------
                0.00    0.00   10516/10516       PlotLRPath(site, site, unsigned char, _IO_FILE*) [3]
[44]     0.0    0.00    0.00   10516         PutSignal(double, double, unsigned char) [44]
-----------------------------------------------
                0.00    0.00       2/2           LoadQTH(char*) [51]
[45]     0.0    0.00    0.00       2         ReadBearing(char*) [45]
-----------------------------------------------
                0.00    0.00       2/2           SiteReport(site) [23]
[46]     0.0    0.00    0.00       2         dec2dms(double) [46]
-----------------------------------------------
                0.00    0.00       1/1           LoadSDF(char*) [9]
[47]     0.0    0.00    0.00       1         LoadSDF_BZ(char*) [47]
-----------------------------------------------
                0.00    0.00       1/1           main [1]
[48]     0.0    0.00    0.00       1         ReadLRParm(site, char) [48]
                0.00    0.00       1/1           LoadPAT(char*) [50]
-----------------------------------------------
                0.00    0.00       1/1           WritePPMSS(char*, unsigned char, unsigned char, unsigned char, site*, unsigned char) [6]
[49]     0.0    0.00    0.00       1         LoadSignalColors(site) [49]
-----------------------------------------------
                0.00    0.00       1/1           ReadLRParm(site, char) [48]
[50]     0.0    0.00    0.00       1         LoadPAT(char*) [50]
-----------------------------------------------
                0.00    0.00       1/1           main [1]
[51]     0.0    0.00    0.00       1         LoadQTH(char*) [51]
                0.00    0.00       2/2           ReadBearing(char*) [45]
-----------------------------------------------

 This table describes the call tree of the program, and was sorted by
 the total amount of time spent in each function and its children.

 Each entry in this table consists of several lines.  The line with the
 index number at the left hand margin lists the current function.
 The lines above it list the functions that called this function,
 and the lines below it list the functions this one called.
 This line lists:
     index	A unique number given to each element of the table.
		Index numbers are sorted numerically.
		The index number is printed next to every function name so
		it is easier to look up where the function in the table.

     % time	This is the percentage of the `total' time that was spent
		in this function and its children.  Note that due to
		different viewpoints, functions excluded by options, etc,
		these numbers will NOT add up to 100%.

     self	This is the total amount of time spent in this function.

     children	This is the total amount of time propagated into this
		function by its children.

     called	This is the number of times the function was called.
		If the function called itself recursively, the number
		only includes non-recursive calls, and is followed by
		a `+' and the number of recursive calls.

     name	The name of the current function.  The index number is
		printed after it.  If the function is a member of a
		cycle, the cycle number is printed between the
		function's name and the index number.


 For the function's parents, the fields have the following meanings:

     self	This is the amount of time that was propagated directly
		from the function into this parent.

     children	This is the amount of time that was propagated from
		the function's children into this parent.

     called	This is the number of times this parent called the
		function `/' the total number of times the function
		was called.  Recursive calls to the function are not
		included in the number after the `/'.

     name	This is the name of the parent.  The parent's index
		number is printed after it.  If the parent is a
		member of a cycle, the cycle number is printed between
		the name and the index number.

 If the parents of the function cannot be determined, the word
 `<spontaneous>' is printed in the `name' field, and all the other
 fields are blank.

 For the function's children, the fields have the following meanings:

     self	This is the amount of time that was propagated directly
		from the child into the function.

     children	This is the amount of time that was propagated from the
		child's children to the function.

     called	This is the number of times the function called
		this child `/' the total number of times the child
		was called.  Recursive calls by the child are not
		listed in the number after the `/'.

     name	This is the name of the child.  The child's index
		number is printed after it.  If the child is a
		member of a cycle, the cycle number is printed
		between the name and the index number.

 If there are any cycles (circles) in the call graph, there is an
 entry for the cycle-as-a-whole.  This entry shows who called the
 cycle (as parents) and the members of the cycle (as children.)
 The `+' recursive calls entry shows the number of function calls that
 were internal to the cycle, and the calls entry for each member shows,
 for that member, how many times it was called from other members of
 the cycle.


Index by function name

  [47] LoadSDF_BZ(char*)      [35] fht(double const&, double const&) [17] saalos(double, prop_type&, propa_type&)
   [3] PlotLRPath(site, site, unsigned char, _IO_FILE*) [40] avar(double, double, double, prop_type&, propv_type&) [36] Azimuth(site, site)
  [48] ReadLRParm(site, char) [25] haat(site)             [32] GetMask(double, double)
  [23] SiteReport(site)       [33] aknfe(double const&)   [50] LoadPAT(char*)
   [6] WritePPMSS(char*, unsigned char, unsigned char, unsigned char, site*, unsigned char) [22] alos2(double, prop_type&, propa_type&) [51] LoadQTH(char*)
   [7] LoadSDF_SDF(char*)     [34] curve(double const&, double const&, double const&, double const&, double const&, double const&) [9] LoadSDF(char*)
  [26] PlaceMarker(site)      [41] hzns2(double*, prop_type&, propa_type&) [43] PutMask(double, double, int)
  [45] ReadBearing(char*)     [37] qerfi(double)          [46] dec2dms(double)
  [14] interpolate(int, int, int, int, int) [42] qlrps(double, double, double, int, double, double, prop_type&) [15] lrprop2(double, prop_type&, propa_type&)
   [5] GetElevation(site)     [20] qtile(int const&, double*, int const&) [12] qlrpfl2(double*, int, int, prop_type&, propa_type&, propv_type&)
   [8] LoadTopoData(int, int, int, int) [38] z1sq2(double*, double const&, double const&, double&, double&) [39] Distance(site, site)
  [24] AverageTerrain(site, double, double, double) [13] OrMask(double, double, int) [4] ReadPath(site, site)
  [11] point_to_point(double*, double, double, double, double, double, double, int, int, double, double, double&, char*, int&) [16] adiff2(double, prop_type&, propa_type&) [19] GetSignal(double, double)
  [49] LoadSignalColors(site) [10] arccos(double, double)  [2] PlotLRMap(site, double, char*)
  [21] point_to_point_ITM(double*, double, double, double, double, double, double, int, int, double, double, double&, char*, int&) [18] d1thx2(double*, double const&, double const&, propa_type&) [44] PutSignal(double, double, unsigned char)
