Run with 11 miles:
Flat profile:

Each sample counts as 0.01 seconds.
  %   cumulative   self              self     total           
 time   seconds   seconds    calls   s/call   s/call  name    
 30.79      9.30     9.30  2529678     0.00     0.00  qtile(int const&, double*, int const&)
 16.56     14.30     5.00  1264872     0.00     0.00  d1thx2(double*, double const&, double const&, propa_type&)
 16.23     19.20     4.90  1264872     0.00     0.00  hzns2(double*, prop_type&, propa_type&)
  6.13     21.05     1.85    14416     0.00     0.00  ReadPath(site, site)
  5.70     22.77     1.72  3794564     0.00     0.00  saalos(double, prop_type&, propa_type&)
  4.31     24.07     1.30  6238350     0.00     0.00  adiff2(double, prop_type&, propa_type&)
  4.21     25.34     1.27 31283164     0.00     0.00  GetElevation(site)
  4.19     26.60     1.27  2528373     0.00     0.00  z1sq2(double*, double const&, double const&, double&, double&)
  2.45     27.34     0.74        1     0.74     0.74  WritePPMSS(char*, unsigned char, unsigned char, unsigned char, site*, unsigned char)
  2.07     27.97     0.63  1264872     0.00     0.00  point_to_point(double*, double, double, double, double, double, double, int, int, double, double, double&, char*, int&)
  1.33     28.37     0.40  1264872     0.00     0.00  avar(double, double, double, prop_type&, propv_type&)
  1.29     28.76     0.39 10351148     0.00     0.00  OrMask(double, double, int)
  1.29     29.15     0.39    14400     0.00     0.00  PlotLRPath(site, site, unsigned char, _IO_FILE*)
  0.50     29.30     0.15        2     0.08     0.08  LoadSDF_SDF(char*)
  0.43     29.43     0.13  3794616     0.00     0.00  curve(double const&, double const&, double const&, double const&, double const&, double const&)
  0.40     29.55     0.12  2529744     0.00     0.00  qerfi(double)
  0.40     29.67     0.12  1264872     0.00     0.00  lrprop2(double, prop_type&, propa_type&)
  0.36     29.78     0.11 31253849     0.00     0.00  arccos(double, double)
  0.36     29.89     0.11  1264872     0.00     0.00  GetSignal(double, double)
  0.17     29.94     0.05  4420813     0.00     0.00  fht(double const&, double const&)
  0.13     29.98     0.04  1264872     0.00     0.00  qlrps(double, double, double, int, double, double, prop_type&)
  0.13     30.02     0.04                             interpolate(int, int, int, int, int)
  0.10     30.05     0.03 10350740     0.00     0.00  GetMask(double, double)
  0.10     30.08     0.03  1307877     0.00     0.00  alos2(double, prop_type&, propa_type&)
  0.10     30.11     0.03  1264872     0.00     0.00  PutMask(double, double, int)
  0.07     30.13     0.02  7381194     0.00     0.00  aknfe(double const&)
  0.07     30.15     0.02  1279288     0.00     0.00  Azimuth(site, site)
  0.07     30.17     0.02  1264872     0.00     0.00  PutSignal(double, double, unsigned char)
  0.03     30.18     0.01  1264872     0.00     0.00  qlrpfl2(double*, int, int, prop_type&, propa_type&, propv_type&)
  0.03     30.19     0.01                             abq_alos(std::complex<double>)
  0.02     30.19     0.01                             point_to_point_ITM(double*, double, double, double, double, double, double, int, int, double, double, double&, char*, int&)
  0.00     30.19     0.00    14416     0.00     0.00  Distance(site, site)
  0.00     30.19     0.00       16     0.00     0.00  AverageTerrain(site, double, double, double)
  0.00     30.19     0.00        2     0.00     0.00  ReadBearing(char*)
  0.00     30.19     0.00        2     0.00     0.08  LoadTopoData(int, int, int, int)
  0.00     30.19     0.00        2     0.00     0.08  LoadSDF(char*)
  0.00     30.19     0.00        2     0.00     0.00  dec2dms(double)
  0.00     30.19     0.00        1     0.00     0.00  LoadSDF_BZ(char*)
  0.00     30.19     0.00        1     0.00     0.00  ReadLRParm(site, char)
  0.00     30.19     0.00        1     0.00     0.00  SiteReport(site)
  0.00     30.19     0.00        1     0.00     0.00  PlaceMarker(site)
  0.00     30.19     0.00        1     0.00     0.00  LoadSignalColors(site)
  0.00     30.19     0.00        1     0.00     0.00  haat(site)
  0.00     30.19     0.00        1     0.00     0.00  LoadPAT(char*)
  0.00     30.19     0.00        1     0.00     0.00  LoadQTH(char*)
  0.00     30.19     0.00        1     0.00    29.24  PlotLRMap(site, double, char*)

 %         the percentage of the total running time of the
time       program used by this function.

cumulative a running sum of the number of seconds accounted
 seconds   for by this function and those listed above it.

 self      the number of seconds accounted for by this
seconds    function alone.  This is the major sort for this
           listing.

calls      the number of times this function was invoked, if
           this function is profiled, else blank.
 
 self      the average number of milliseconds spent in this
ms/call    function per call, if this function is profiled,
	   else blank.

 total     the average number of milliseconds spent in this
ms/call    function and its descendents per call, if this 
	   function is profiled, else blank.

name       the name of the function.  This is the minor sort
           for this listing. The index shows the location of
	   the function in the gprof listing. If the index is
	   in parenthesis it shows where it would appear in
	   the gprof listing if it were to be printed.

		     Call graph (explanation follows)


granularity: each sample hit covers 2 byte(s) for 0.03% of 30.19 seconds

index % time    self  children    called     name
                                                 <spontaneous>
[1]     99.8    0.00   30.14                 main [1]
                0.00   29.24       1/1           PlotLRMap(site, double, char*) [3]
                0.74    0.00       1/1           WritePPMSS(char*, unsigned char, unsigned char, unsigned char, site*, unsigned char) [15]
                0.00    0.15       2/2           LoadTopoData(int, int, int, int) [19]
                0.00    0.00       1/1           SiteReport(site) [36]
                0.00    0.00       1/1           PlaceMarker(site) [39]
                0.00    0.00       1/31283164     GetElevation(site) [13]
                0.00    0.00       1/1           LoadQTH(char*) [52]
                0.00    0.00       1/1           ReadLRParm(site, char) [49]
-----------------------------------------------
                0.39   28.85   14400/14400       PlotLRMap(site, double, char*) [3]
[2]     96.9    0.39   28.85   14400         PlotLRPath(site, site, unsigned char, _IO_FILE*) [2]
                0.63   24.40 1264872/1264872     point_to_point(double*, double, double, double, double, double, double, int, int, double, double, double&, char*, int&) [4]
                1.85    1.38   14400/14416       ReadPath(site, site) [10]
                0.39    0.00 10349283/10351148     OrMask(double, double, int) [17]
                0.11    0.00 1264872/1264872     GetSignal(double, double) [24]
                0.03    0.00 1264872/1264872     PutMask(double, double, int) [30]
                0.03    0.00 10349283/10350740     GetMask(double, double) [29]
                0.02    0.00 1264872/1264872     PutSignal(double, double, unsigned char) [33]
                0.02    0.00 1264872/1279288     Azimuth(site, site) [32]
-----------------------------------------------
                0.00   29.24       1/1           main [1]
[3]     96.9    0.00   29.24       1         PlotLRMap(site, double, char*) [3]
                0.39   28.85   14400/14400       PlotLRPath(site, site, unsigned char, _IO_FILE*) [2]
-----------------------------------------------
                0.63   24.40 1264872/1264872     PlotLRPath(site, site, unsigned char, _IO_FILE*) [2]
[4]     82.9    0.63   24.40 1264872         point_to_point(double*, double, double, double, double, double, double, int, int, double, double, double&, char*, int&) [4]
                0.01   23.70 1264872/1264872     qlrpfl2(double*, int, int, prop_type&, propa_type&, propv_type&) [5]
                0.40    0.13 1264872/1264872     avar(double, double, double, prop_type&, propv_type&) [16]
                0.12    0.00 2529744/2529744     qerfi(double) [22]
                0.04    0.00 1264872/1264872     qlrps(double, double, double, int, double, double, prop_type&) [27]
-----------------------------------------------
                0.01   23.70 1264872/1264872     point_to_point(double*, double, double, double, double, double, double, int, int, double, double, double&, char*, int&) [4]
[5]     78.5    0.01   23.70 1264872         qlrpfl2(double*, int, int, prop_type&, propa_type&, propv_type&) [5]
                5.00    9.93 1264872/1264872     d1thx2(double*, double const&, double const&, propa_type&) [6]
                4.90    0.00 1264872/1264872     hzns2(double*, prop_type&, propa_type&) [8]
                0.12    3.12 1264872/1264872     lrprop2(double, prop_type&, propa_type&) [9]
                0.63    0.00 1263534/2528373     z1sq2(double*, double const&, double const&, double&, double&) [14]
-----------------------------------------------
                5.00    9.93 1264872/1264872     qlrpfl2(double*, int, int, prop_type&, propa_type&, propv_type&) [5]
[6]     49.4    5.00    9.93 1264872         d1thx2(double*, double const&, double const&, propa_type&) [6]
                9.30    0.00 2529678/2529678     qtile(int const&, double*, int const&) [7]
                0.63    0.00 1264839/2528373     z1sq2(double*, double const&, double const&, double&, double&) [14]
-----------------------------------------------
                9.30    0.00 2529678/2529678     d1thx2(double*, double const&, double const&, propa_type&) [6]
[7]     30.8    9.30    0.00 2529678         qtile(int const&, double*, int const&) [7]
-----------------------------------------------
                4.90    0.00 1264872/1264872     qlrpfl2(double*, int, int, prop_type&, propa_type&, propv_type&) [5]
[8]     16.2    4.90    0.00 1264872         hzns2(double*, prop_type&, propa_type&) [8]
-----------------------------------------------
                0.12    3.12 1264872/1264872     qlrpfl2(double*, int, int, prop_type&, propa_type&, propv_type&) [5]
[9]     10.7    0.12    3.12 1264872         lrprop2(double, prop_type&, propa_type&) [9]
                1.30    1.77 6238350/6238350     adiff2(double, prop_type&, propa_type&) [11]
                0.03    0.02 1307877/1307877     alos2(double, prop_type&, propa_type&) [26]
-----------------------------------------------
                0.00    0.00      16/14416       AverageTerrain(site, double, double, double) [37]
                1.85    1.38   14400/14416       PlotLRPath(site, site, unsigned char, _IO_FILE*) [2]
[10]    10.7    1.85    1.38   14416         ReadPath(site, site) [10]
                1.27    0.00 31283144/31283164     GetElevation(site) [13]
                0.11    0.00 31253835/31253849     arccos(double, double) [23]
                0.00    0.00   14416/1279288     Azimuth(site, site) [32]
                0.00    0.00   14416/14416       Distance(site, site) [45]
-----------------------------------------------
                1.30    1.77 6238350/6238350     lrprop2(double, prop_type&, propa_type&) [9]
[11]    10.2    1.30    1.77 6238350         adiff2(double, prop_type&, propa_type&) [11]
                1.70    0.00 3751608/3794564     saalos(double, prop_type&, propa_type&) [12]
                0.05    0.00 4420813/4420813     fht(double const&, double const&) [25]
                0.02    0.00 7381194/7381194     aknfe(double const&) [31]
-----------------------------------------------
                0.02    0.00   42956/3794564     alos2(double, prop_type&, propa_type&) [26]
                1.70    0.00 3751608/3794564     adiff2(double, prop_type&, propa_type&) [11]
[12]     5.7    1.72    0.00 3794564         saalos(double, prop_type&, propa_type&) [12]
-----------------------------------------------
                0.00    0.00       1/31283164     haat(site) [38]
                0.00    0.00       1/31283164     main [1]
                0.00    0.00       2/31283164     SiteReport(site) [36]
                0.00    0.00      16/31283164     AverageTerrain(site, double, double, double) [37]
                1.27    0.00 31283144/31283164     ReadPath(site, site) [10]
[13]     4.2    1.27    0.00 31283164         GetElevation(site) [13]
-----------------------------------------------
                0.63    0.00 1263534/2528373     qlrpfl2(double*, int, int, prop_type&, propa_type&, propv_type&) [5]
                0.63    0.00 1264839/2528373     d1thx2(double*, double const&, double const&, propa_type&) [6]
[14]     4.2    1.27    0.00 2528373         z1sq2(double*, double const&, double const&, double&, double&) [14]
-----------------------------------------------
                0.74    0.00       1/1           main [1]
[15]     2.5    0.74    0.00       1         WritePPMSS(char*, unsigned char, unsigned char, unsigned char, site*, unsigned char) [15]
                0.00    0.00       1/1           LoadSignalColors(site) [50]
-----------------------------------------------
                0.40    0.13 1264872/1264872     point_to_point(double*, double, double, double, double, double, double, int, int, double, double, double&, char*, int&) [4]
[16]     1.8    0.40    0.13 1264872         avar(double, double, double, prop_type&, propv_type&) [16]
                0.13    0.00 3794616/3794616     curve(double const&, double const&, double const&, double const&, double const&, double const&) [21]
-----------------------------------------------
                0.00    0.00    1865/10351148     PlaceMarker(site) [39]
                0.39    0.00 10349283/10351148     PlotLRPath(site, site, unsigned char, _IO_FILE*) [2]
[17]     1.3    0.39    0.00 10351148         OrMask(double, double, int) [17]
-----------------------------------------------
                0.15    0.00       2/2           LoadSDF(char*) [20]
[18]     0.5    0.15    0.00       2         LoadSDF_SDF(char*) [18]
-----------------------------------------------
                0.00    0.15       2/2           main [1]
[19]     0.5    0.00    0.15       2         LoadTopoData(int, int, int, int) [19]
                0.00    0.15       2/2           LoadSDF(char*) [20]
-----------------------------------------------
                0.00    0.15       2/2           LoadTopoData(int, int, int, int) [19]
[20]     0.5    0.00    0.15       2         LoadSDF(char*) [20]
                0.15    0.00       2/2           LoadSDF_SDF(char*) [18]
                0.00    0.00       1/1           LoadSDF_BZ(char*) [48]
-----------------------------------------------
                0.13    0.00 3794616/3794616     avar(double, double, double, prop_type&, propv_type&) [16]
[21]     0.4    0.13    0.00 3794616         curve(double const&, double const&, double const&, double const&, double const&, double const&) [21]
-----------------------------------------------
                0.12    0.00 2529744/2529744     point_to_point(double*, double, double, double, double, double, double, int, int, double, double, double&, char*, int&) [4]
[22]     0.4    0.12    0.00 2529744         qerfi(double) [22]
-----------------------------------------------
                0.00    0.00      14/31253849     AverageTerrain(site, double, double, double) [37]
                0.11    0.00 31253835/31253849     ReadPath(site, site) [10]
[23]     0.4    0.11    0.00 31253849         arccos(double, double) [23]
-----------------------------------------------
                0.11    0.00 1264872/1264872     PlotLRPath(site, site, unsigned char, _IO_FILE*) [2]
[24]     0.4    0.11    0.00 1264872         GetSignal(double, double) [24]
-----------------------------------------------
                0.05    0.00 4420813/4420813     adiff2(double, prop_type&, propa_type&) [11]
[25]     0.2    0.05    0.00 4420813         fht(double const&, double const&) [25]
-----------------------------------------------
                0.03    0.02 1307877/1307877     lrprop2(double, prop_type&, propa_type&) [9]
[26]     0.2    0.03    0.02 1307877         alos2(double, prop_type&, propa_type&) [26]
                0.02    0.00   42956/3794564     saalos(double, prop_type&, propa_type&) [12]
-----------------------------------------------
                0.04    0.00 1264872/1264872     point_to_point(double*, double, double, double, double, double, double, int, int, double, double, double&, char*, int&) [4]
[27]     0.1    0.04    0.00 1264872         qlrps(double, double, double, int, double, double, prop_type&) [27]
-----------------------------------------------
                                                 <spontaneous>
[28]     0.1    0.04    0.00                 interpolate(int, int, int, int, int) [28]
-----------------------------------------------
                0.00    0.00    1457/10350740     PlaceMarker(site) [39]
                0.03    0.00 10349283/10350740     PlotLRPath(site, site, unsigned char, _IO_FILE*) [2]
[29]     0.1    0.03    0.00 10350740         GetMask(double, double) [29]
-----------------------------------------------
                0.03    0.00 1264872/1264872     PlotLRPath(site, site, unsigned char, _IO_FILE*) [2]
[30]     0.1    0.03    0.00 1264872         PutMask(double, double, int) [30]
-----------------------------------------------
                0.02    0.00 7381194/7381194     adiff2(double, prop_type&, propa_type&) [11]
[31]     0.1    0.02    0.00 7381194         aknfe(double const&) [31]
-----------------------------------------------
                0.00    0.00   14416/1279288     ReadPath(site, site) [10]
                0.02    0.00 1264872/1279288     PlotLRPath(site, site, unsigned char, _IO_FILE*) [2]
[32]     0.1    0.02    0.00 1279288         Azimuth(site, site) [32]
-----------------------------------------------
                0.02    0.00 1264872/1264872     PlotLRPath(site, site, unsigned char, _IO_FILE*) [2]
[33]     0.1    0.02    0.00 1264872         PutSignal(double, double, unsigned char) [33]
-----------------------------------------------
                                                 <spontaneous>
[34]     0.0    0.01    0.00                 abq_alos(std::complex<double>) [34]
-----------------------------------------------
                                                 <spontaneous>
[35]     0.0    0.01    0.00                 point_to_point_ITM(double*, double, double, double, double, double, double, int, int, double, double, double&, char*, int&) [35]
-----------------------------------------------
                0.00    0.00       1/1           main [1]
[36]     0.0    0.00    0.00       1         SiteReport(site) [36]
                0.00    0.00       1/1           haat(site) [38]
                0.00    0.00       8/16          AverageTerrain(site, double, double, double) [37]
                0.00    0.00       2/31283164     GetElevation(site) [13]
                0.00    0.00       2/2           dec2dms(double) [47]
-----------------------------------------------
                0.00    0.00       8/16          haat(site) [38]
                0.00    0.00       8/16          SiteReport(site) [36]
[37]     0.0    0.00    0.00      16         AverageTerrain(site, double, double, double) [37]
                0.00    0.00      16/14416       ReadPath(site, site) [10]
                0.00    0.00      16/31283164     GetElevation(site) [13]
                0.00    0.00      14/31253849     arccos(double, double) [23]
-----------------------------------------------
                0.00    0.00       1/1           SiteReport(site) [36]
[38]     0.0    0.00    0.00       1         haat(site) [38]
                0.00    0.00       8/16          AverageTerrain(site, double, double, double) [37]
                0.00    0.00       1/31283164     GetElevation(site) [13]
-----------------------------------------------
                0.00    0.00       1/1           main [1]
[39]     0.0    0.00    0.00       1         PlaceMarker(site) [39]
                0.00    0.00    1865/10351148     OrMask(double, double, int) [17]
                0.00    0.00    1457/10350740     GetMask(double, double) [29]
-----------------------------------------------
                0.00    0.00   14416/14416       ReadPath(site, site) [10]
[45]     0.0    0.00    0.00   14416         Distance(site, site) [45]
-----------------------------------------------
                0.00    0.00       2/2           LoadQTH(char*) [52]
[46]     0.0    0.00    0.00       2         ReadBearing(char*) [46]
-----------------------------------------------
                0.00    0.00       2/2           SiteReport(site) [36]
[47]     0.0    0.00    0.00       2         dec2dms(double) [47]
-----------------------------------------------
                0.00    0.00       1/1           LoadSDF(char*) [20]
[48]     0.0    0.00    0.00       1         LoadSDF_BZ(char*) [48]
-----------------------------------------------
                0.00    0.00       1/1           main [1]
[49]     0.0    0.00    0.00       1         ReadLRParm(site, char) [49]
                0.00    0.00       1/1           LoadPAT(char*) [51]
-----------------------------------------------
                0.00    0.00       1/1           WritePPMSS(char*, unsigned char, unsigned char, unsigned char, site*, unsigned char) [15]
[50]     0.0    0.00    0.00       1         LoadSignalColors(site) [50]
-----------------------------------------------
                0.00    0.00       1/1           ReadLRParm(site, char) [49]
[51]     0.0    0.00    0.00       1         LoadPAT(char*) [51]
-----------------------------------------------
                0.00    0.00       1/1           main [1]
[52]     0.0    0.00    0.00       1         LoadQTH(char*) [52]
                0.00    0.00       2/2           ReadBearing(char*) [46]
-----------------------------------------------

 This table describes the call tree of the program, and was sorted by
 the total amount of time spent in each function and its children.

 Each entry in this table consists of several lines.  The line with the
 index number at the left hand margin lists the current function.
 The lines above it list the functions that called this function,
 and the lines below it list the functions this one called.
 This line lists:
     index	A unique number given to each element of the table.
		Index numbers are sorted numerically.
		The index number is printed next to every function name so
		it is easier to look up where the function in the table.

     % time	This is the percentage of the `total' time that was spent
		in this function and its children.  Note that due to
		different viewpoints, functions excluded by options, etc,
		these numbers will NOT add up to 100%.

     self	This is the total amount of time spent in this function.

     children	This is the total amount of time propagated into this
		function by its children.

     called	This is the number of times the function was called.
		If the function called itself recursively, the number
		only includes non-recursive calls, and is followed by
		a `+' and the number of recursive calls.

     name	The name of the current function.  The index number is
		printed after it.  If the function is a member of a
		cycle, the cycle number is printed between the
		function's name and the index number.


 For the function's parents, the fields have the following meanings:

     self	This is the amount of time that was propagated directly
		from the function into this parent.

     children	This is the amount of time that was propagated from
		the function's children into this parent.

     called	This is the number of times this parent called the
		function `/' the total number of times the function
		was called.  Recursive calls to the function are not
		included in the number after the `/'.

     name	This is the name of the parent.  The parent's index
		number is printed after it.  If the parent is a
		member of a cycle, the cycle number is printed between
		the name and the index number.

 If the parents of the function cannot be determined, the word
 `<spontaneous>' is printed in the `name' field, and all the other
 fields are blank.

 For the function's children, the fields have the following meanings:

     self	This is the amount of time that was propagated directly
		from the child into the function.

     children	This is the amount of time that was propagated from the
		child's children to the function.

     called	This is the number of times the function called
		this child `/' the total number of times the child
		was called.  Recursive calls by the child are not
		listed in the number after the `/'.

     name	This is the name of the child.  The child's index
		number is printed after it.  If the child is a
		member of a cycle, the cycle number is printed
		between the name and the index number.

 If there are any cycles (circles) in the call graph, there is an
 entry for the cycle-as-a-whole.  This entry shows who called the
 cycle (as parents) and the members of the cycle (as children.)
 The `+' recursive calls entry shows the number of function calls that
 were internal to the cycle, and the calls entry for each member shows,
 for that member, how many times it was called from other members of
 the cycle.


Index by function name

  [48] LoadSDF_BZ(char*)      [16] avar(double, double, double, prop_type&, propv_type&) [29] GetMask(double, double)
   [2] PlotLRPath(site, site, unsigned char, _IO_FILE*) [38] haat(site) [51] LoadPAT(char*)
  [49] ReadLRParm(site, char) [31] aknfe(double const&)   [52] LoadQTH(char*)
  [36] SiteReport(site)       [26] alos2(double, prop_type&, propa_type&) [20] LoadSDF(char*)
  [15] WritePPMSS(char*, unsigned char, unsigned char, unsigned char, site*, unsigned char) [21] curve(double const&, double const&, double const&, double const&, double const&, double const&) [30] PutMask(double, double, int)
  [18] LoadSDF_SDF(char*)      [8] hzns2(double*, prop_type&, propa_type&) [47] dec2dms(double)
  [39] PlaceMarker(site)      [22] qerfi(double)           [9] lrprop2(double, prop_type&, propa_type&)
  [46] ReadBearing(char*)     [27] qlrps(double, double, double, int, double, double, prop_type&) [5] qlrpfl2(double*, int, int, prop_type&, propa_type&, propv_type&)
  [28] interpolate(int, int, int, int, int) [7] qtile(int const&, double*, int const&) [45] Distance(site, site)
  [13] GetElevation(site)     [14] z1sq2(double*, double const&, double const&, double&, double&) [10] ReadPath(site, site)
  [19] LoadTopoData(int, int, int, int) [17] OrMask(double, double, int) [34] abq_alos(std::complex<double>)
  [37] AverageTerrain(site, double, double, double) [11] adiff2(double, prop_type&, propa_type&) [24] GetSignal(double, double)
   [4] point_to_point(double*, double, double, double, double, double, double, int, int, double, double, double&, char*, int&) [23] arccos(double, double) [3] PlotLRMap(site, double, char*)
  [50] LoadSignalColors(site)  [6] d1thx2(double*, double const&, double const&, propa_type&) [33] PutSignal(double, double, unsigned char)
  [35] point_to_point_ITM(double*, double, double, double, double, double, double, int, int, double, double, double&, char*, int&) [12] saalos(double, prop_type&, propa_type&)
  [25] fht(double const&, double const&) [32] Azimuth(site, site)
