Run with 30 miles:
Flat profile:

Each sample counts as 0.01 seconds.
  %   cumulative   self              self     total           
 time   seconds   seconds    calls   s/call   s/call  name    
 38.07    171.98   171.98 18810558     0.00     0.00  qtile(int const&, double*, int const&)
 21.98    271.28    99.30  9405312     0.00     0.00  d1thx2(double*, double const&, double const&, propa_type&)
 19.15    357.79    86.50  9405312     0.00     0.00  hzns2(double*, prop_type&, propa_type&)
  5.43    382.31    24.53 18809254     0.00     0.00  z1sq2(double*, double const&, double const&, double&, double&)
  3.05    396.07    13.76  9405312     0.00     0.00  point_to_point(double*, double, double, double, double, double, double, int, int, double, double, double&, char*, int&)
  2.47    407.23    11.16 28215887     0.00     0.00  saalos(double, prop_type&, propa_type&)
  2.46    418.35    11.12 46935182     0.00     0.00  adiff2(double, prop_type&, propa_type&)
  1.79    426.42     8.07 123857898     0.00     0.00  GetElevation(site)
  1.68    434.01     7.59    28816     0.00     0.00  ReadPath(site, site)
  0.86    437.91     3.90        1     3.90     3.90  WritePPMSS(char*, unsigned char, unsigned char, unsigned char, site*, unsigned char)
  0.70    441.08     3.17  9405312     0.00     0.00  avar(double, double, double, prop_type&, propv_type&)
  0.46    443.16     2.08 58999126     0.00     0.00  OrMask(double, double, int)
  0.35    444.75     1.58    28800     0.00     0.02  PlotLRPath(site, site, unsigned char, _IO_FILE*)
  0.23    445.78     1.04  9405312     0.00     0.00  lrprop2(double, prop_type&, propa_type&)
  0.20    446.69     0.91 28215936     0.00     0.00  curve(double const&, double const&, double const&, double const&, double const&, double const&)
  0.18    447.52     0.84 18810624     0.00     0.00  qerfi(double)
  0.16    448.25     0.73  9405312     0.00     0.00  GetSignal(double, double)
  0.11    448.73     0.48  9405312     0.00     0.00  qlrpfl2(double*, int, int, prop_type&, propa_type&, propv_type&)
  0.10    449.18     0.45 123799759     0.00     0.00  arccos(double, double)
  0.10    449.63     0.45 35412831     0.00     0.00  fht(double const&, double const&)
  0.09    450.05     0.42  9405312     0.00     0.00  qlrps(double, double, double, int, double, double, prop_type&)
  0.08    450.41     0.36  9434128     0.00     0.00  Azimuth(site, site)
  0.06    450.70     0.29 55675645     0.00     0.00  aknfe(double const&)
  0.06    450.98     0.28        5     0.06     0.06  LoadSDF_SDF(char*)
  0.05    451.21     0.23  9405312     0.00     0.00  PutMask(double, double, int)
  0.03    451.33     0.12                             interpolate(int, int, int, int, int)
  0.03    451.45     0.12  9405312     0.00     0.00  PutSignal(double, double, unsigned char)
  0.02    451.52     0.07 58998718     0.00     0.00  GetMask(double, double)
  0.01    451.58     0.06  9451001     0.00     0.00  alos2(double, prop_type&, propa_type&)
  0.01    451.63     0.05        5     0.01     0.07  LoadSDF(char*)
  0.01    451.66     0.03                             z1sq1(double*, double const&, double const&, double&, double&)
  0.01    451.69     0.03                             lrprop(double, prop_type&, propa_type&)
  0.01    451.72     0.03                             ascat(double, prop_type&, propa_type&)
  0.00    451.73     0.01    28816     0.00     0.00  Distance(site, site)
  0.00    451.74     0.01                             point_to_point_ITM(double*, double, double, double, double, double, double, int, int, double, double, double&, char*, int&)
  0.00    451.75     0.01                             hzns(double*, prop_type&)
  0.00    451.76     0.01                             adiff(double, prop_type&, propa_type&)
  0.00    451.76     0.00       16     0.00     0.00  AverageTerrain(site, double, double, double)
  0.00    451.76     0.00        2     0.00     0.00  LoadSDF_BZ(char*)
  0.00    451.76     0.00        2     0.00     0.00  ReadBearing(char*)
  0.00    451.76     0.00        2     0.00     0.17  LoadTopoData(int, int, int, int)
  0.00    451.76     0.00        2     0.00     0.00  dec2dms(double)
  0.00    451.76     0.00        1     0.00     0.00  ReadLRParm(site, char)
  0.00    451.76     0.00        1     0.00     0.01  SiteReport(site)
  0.00    451.76     0.00        1     0.00     0.00  PlaceMarker(site)
  0.00    451.76     0.00        1     0.00     0.00  LoadSignalColors(site)
  0.00    451.76     0.00        1     0.00     0.00  haat(site)
  0.00    451.76     0.00        1     0.00     0.00  LoadPAT(char*)
  0.00    451.76     0.00        1     0.00     0.00  LoadQTH(char*)
  0.00    451.76     0.00        1     0.00   447.28  PlotLRMap(site, double, char*)

 %         the percentage of the total running time of the
time       program used by this function.

cumulative a running sum of the number of seconds accounted
 seconds   for by this function and those listed above it.

 self      the number of seconds accounted for by this
seconds    function alone.  This is the major sort for this
           listing.

calls      the number of times this function was invoked, if
           this function is profiled, else blank.
 
 self      the average number of milliseconds spent in this
ms/call    function per call, if this function is profiled,
	   else blank.

 total     the average number of milliseconds spent in this
ms/call    function and its descendents per call, if this 
	   function is profiled, else blank.

name       the name of the function.  This is the minor sort
           for this listing. The index shows the location of
	   the function in the gprof listing. If the index is
	   in parenthesis it shows where it would appear in
	   the gprof listing if it were to be printed.

		     Call graph (explanation follows)


granularity: each sample hit covers 2 byte(s) for 0.00% of 451.76 seconds

index % time    self  children    called     name
                                                 <spontaneous>
[1]     99.9    0.00  451.52                 main [1]
                0.00  447.28       1/1           PlotLRMap(site, double, char*) [3]
                3.90    0.00       1/1           WritePPMSS(char*, unsigned char, unsigned char, unsigned char, site*, unsigned char) [16]
                0.00    0.33       2/2           LoadTopoData(int, int, int, int) [26]
                0.00    0.01       1/1           SiteReport(site) [41]
                0.00    0.00       1/1           PlaceMarker(site) [44]
                0.00    0.00       1/123857898     GetElevation(site) [14]
                0.00    0.00       1/1           LoadQTH(char*) [56]
                0.00    0.00       1/1           ReadLRParm(site, char) [53]
-----------------------------------------------
                1.58  445.70   28800/28800       PlotLRMap(site, double, char*) [3]
[2]     99.0    1.58  445.70   28800         PlotLRPath(site, site, unsigned char, _IO_FILE*) [2]
               13.76  412.24 9405312/9405312     point_to_point(double*, double, double, double, double, double, double, int, int, double, double, double&, char*, int&) [4]
                7.59    8.53   28800/28816       ReadPath(site, site) [12]
                2.08    0.00 58997261/58999126     OrMask(double, double, int) [17]
                0.73    0.00 9405312/9405312     GetSignal(double, double) [20]
                0.36    0.00 9405312/9434128     Azimuth(site, site) [24]
                0.23    0.00 9405312/9405312     PutMask(double, double, int) [29]
                0.12    0.00 9405312/9405312     PutSignal(double, double, unsigned char) [31]
                0.07    0.00 58997261/58998718     GetMask(double, double) [33]
-----------------------------------------------
                0.00  447.28       1/1           main [1]
[3]     99.0    0.00  447.28       1         PlotLRMap(site, double, char*) [3]
                1.58  445.70   28800/28800       PlotLRPath(site, site, unsigned char, _IO_FILE*) [2]
-----------------------------------------------
               13.76  412.24 9405312/9405312     PlotLRPath(site, site, unsigned char, _IO_FILE*) [2]
[4]     94.3   13.76  412.24 9405312         point_to_point(double*, double, double, double, double, double, double, int, int, double, double, double&, char*, int&) [4]
                0.48  406.43 9405312/9405312     qlrpfl2(double*, int, int, prop_type&, propa_type&, propv_type&) [5]
                3.17    0.91 9405312/9405312     avar(double, double, double, prop_type&, propv_type&) [15]
                0.84    0.00 18810624/18810624     qerfi(double) [19]
                0.42    0.00 9405312/9405312     qlrps(double, double, double, int, double, double, prop_type&) [23]
-----------------------------------------------
                0.48  406.43 9405312/9405312     point_to_point(double*, double, double, double, double, double, double, int, int, double, double, double&, char*, int&) [4]
[5]     90.1    0.48  406.43 9405312         qlrpfl2(double*, int, int, prop_type&, propa_type&, propv_type&) [5]
               99.30  184.25 9405312/9405312     d1thx2(double*, double const&, double const&, propa_type&) [6]
               86.50    0.00 9405312/9405312     hzns2(double*, prop_type&, propa_type&) [8]
                1.04   23.08 9405312/9405312     lrprop2(double, prop_type&, propa_type&) [10]
               12.26    0.00 9403975/18809254     z1sq2(double*, double const&, double const&, double&, double&) [9]
-----------------------------------------------
               99.30  184.25 9405312/9405312     qlrpfl2(double*, int, int, prop_type&, propa_type&, propv_type&) [5]
[6]     62.8   99.30  184.25 9405312         d1thx2(double*, double const&, double const&, propa_type&) [6]
              171.98    0.00 18810558/18810558     qtile(int const&, double*, int const&) [7]
               12.26    0.00 9405279/18809254     z1sq2(double*, double const&, double const&, double&, double&) [9]
-----------------------------------------------
              171.98    0.00 18810558/18810558     d1thx2(double*, double const&, double const&, propa_type&) [6]
[7]     38.1  171.98    0.00 18810558         qtile(int const&, double*, int const&) [7]
-----------------------------------------------
               86.50    0.00 9405312/9405312     qlrpfl2(double*, int, int, prop_type&, propa_type&, propv_type&) [5]
[8]     19.1   86.50    0.00 9405312         hzns2(double*, prop_type&, propa_type&) [8]
-----------------------------------------------
               12.26    0.00 9403975/18809254     qlrpfl2(double*, int, int, prop_type&, propa_type&, propv_type&) [5]
               12.26    0.00 9405279/18809254     d1thx2(double*, double const&, double const&, propa_type&) [6]
[9]      5.4   24.53    0.00 18809254         z1sq2(double*, double const&, double const&, double&, double&) [9]
-----------------------------------------------
                1.04   23.08 9405312/9405312     qlrpfl2(double*, int, int, prop_type&, propa_type&, propv_type&) [5]
[10]     5.3    1.04   23.08 9405312         lrprop2(double, prop_type&, propa_type&) [10]
               11.12   11.88 46935182/46935182     adiff2(double, prop_type&, propa_type&) [11]
                0.06    0.02 9451001/9451001     alos2(double, prop_type&, propa_type&) [32]
-----------------------------------------------
               11.12   11.88 46935182/46935182     lrprop2(double, prop_type&, propa_type&) [10]
[11]     5.1   11.12   11.88 46935182         adiff2(double, prop_type&, propa_type&) [11]
               11.14    0.00 28170244/28215887     saalos(double, prop_type&, propa_type&) [13]
                0.45    0.00 35412831/35412831     fht(double const&, double const&) [22]
                0.29    0.00 55675645/55675645     aknfe(double const&) [27]
-----------------------------------------------
                0.00    0.00      16/28816       AverageTerrain(site, double, double, double) [42]
                7.59    8.53   28800/28816       PlotLRPath(site, site, unsigned char, _IO_FILE*) [2]
[12]     3.6    7.59    8.53   28816         ReadPath(site, site) [12]
                8.07    0.00 123857878/123857898     GetElevation(site) [14]
                0.45    0.00 123799745/123799759     arccos(double, double) [21]
                0.01    0.00   28816/28816       Distance(site, site) [37]
                0.00    0.00   28816/9434128     Azimuth(site, site) [24]
-----------------------------------------------
                0.02    0.00   45643/28215887     alos2(double, prop_type&, propa_type&) [32]
               11.14    0.00 28170244/28215887     adiff2(double, prop_type&, propa_type&) [11]
[13]     2.5   11.16    0.00 28215887         saalos(double, prop_type&, propa_type&) [13]
-----------------------------------------------
                0.00    0.00       1/123857898     haat(site) [43]
                0.00    0.00       1/123857898     main [1]
                0.00    0.00       2/123857898     SiteReport(site) [41]
                0.00    0.00      16/123857898     AverageTerrain(site, double, double, double) [42]
                8.07    0.00 123857878/123857898     ReadPath(site, site) [12]
[14]     1.8    8.07    0.00 123857898         GetElevation(site) [14]
-----------------------------------------------
                3.17    0.91 9405312/9405312     point_to_point(double*, double, double, double, double, double, double, int, int, double, double, double&, char*, int&) [4]
[15]     0.9    3.17    0.91 9405312         avar(double, double, double, prop_type&, propv_type&) [15]
                0.91    0.00 28215936/28215936     curve(double const&, double const&, double const&, double const&, double const&, double const&) [18]
-----------------------------------------------
                3.90    0.00       1/1           main [1]
[16]     0.9    3.90    0.00       1         WritePPMSS(char*, unsigned char, unsigned char, unsigned char, site*, unsigned char) [16]
                0.00    0.00       1/1           LoadSignalColors(site) [54]
-----------------------------------------------
                0.00    0.00    1865/58999126     PlaceMarker(site) [44]
                2.08    0.00 58997261/58999126     PlotLRPath(site, site, unsigned char, _IO_FILE*) [2]
[17]     0.5    2.08    0.00 58999126         OrMask(double, double, int) [17]
-----------------------------------------------
                0.91    0.00 28215936/28215936     avar(double, double, double, prop_type&, propv_type&) [15]
[18]     0.2    0.91    0.00 28215936         curve(double const&, double const&, double const&, double const&, double const&, double const&) [18]
-----------------------------------------------
                0.84    0.00 18810624/18810624     point_to_point(double*, double, double, double, double, double, double, int, int, double, double, double&, char*, int&) [4]
[19]     0.2    0.84    0.00 18810624         qerfi(double) [19]
-----------------------------------------------
                0.73    0.00 9405312/9405312     PlotLRPath(site, site, unsigned char, _IO_FILE*) [2]
[20]     0.2    0.73    0.00 9405312         GetSignal(double, double) [20]
-----------------------------------------------
                0.00    0.00      14/123799759     AverageTerrain(site, double, double, double) [42]
                0.45    0.00 123799745/123799759     ReadPath(site, site) [12]
[21]     0.1    0.45    0.00 123799759         arccos(double, double) [21]
-----------------------------------------------
                0.45    0.00 35412831/35412831     adiff2(double, prop_type&, propa_type&) [11]
[22]     0.1    0.45    0.00 35412831         fht(double const&, double const&) [22]
-----------------------------------------------
                0.42    0.00 9405312/9405312     point_to_point(double*, double, double, double, double, double, double, int, int, double, double, double&, char*, int&) [4]
[23]     0.1    0.42    0.00 9405312         qlrps(double, double, double, int, double, double, prop_type&) [23]
-----------------------------------------------
                0.00    0.00   28816/9434128     ReadPath(site, site) [12]
                0.36    0.00 9405312/9434128     PlotLRPath(site, site, unsigned char, _IO_FILE*) [2]
[24]     0.1    0.36    0.00 9434128         Azimuth(site, site) [24]
-----------------------------------------------
                0.05    0.28       5/5           LoadTopoData(int, int, int, int) [26]
[25]     0.1    0.05    0.28       5         LoadSDF(char*) [25]
                0.28    0.00       5/5           LoadSDF_SDF(char*) [28]
                0.00    0.00       2/2           LoadSDF_BZ(char*) [50]
-----------------------------------------------
                0.00    0.33       2/2           main [1]
[26]     0.1    0.00    0.33       2         LoadTopoData(int, int, int, int) [26]
                0.05    0.28       5/5           LoadSDF(char*) [25]
-----------------------------------------------
                0.29    0.00 55675645/55675645     adiff2(double, prop_type&, propa_type&) [11]
[27]     0.1    0.29    0.00 55675645         aknfe(double const&) [27]
-----------------------------------------------
                0.28    0.00       5/5           LoadSDF(char*) [25]
[28]     0.1    0.28    0.00       5         LoadSDF_SDF(char*) [28]
-----------------------------------------------
                0.23    0.00 9405312/9405312     PlotLRPath(site, site, unsigned char, _IO_FILE*) [2]
[29]     0.1    0.23    0.00 9405312         PutMask(double, double, int) [29]
-----------------------------------------------
                                                 <spontaneous>
[30]     0.0    0.12    0.00                 interpolate(int, int, int, int, int) [30]
-----------------------------------------------
                0.12    0.00 9405312/9405312     PlotLRPath(site, site, unsigned char, _IO_FILE*) [2]
[31]     0.0    0.12    0.00 9405312         PutSignal(double, double, unsigned char) [31]
-----------------------------------------------
                0.06    0.02 9451001/9451001     lrprop2(double, prop_type&, propa_type&) [10]
[32]     0.0    0.06    0.02 9451001         alos2(double, prop_type&, propa_type&) [32]
                0.02    0.00   45643/28215887     saalos(double, prop_type&, propa_type&) [13]
-----------------------------------------------
                0.00    0.00    1457/58998718     PlaceMarker(site) [44]
                0.07    0.00 58997261/58998718     PlotLRPath(site, site, unsigned char, _IO_FILE*) [2]
[33]     0.0    0.07    0.00 58998718         GetMask(double, double) [33]
-----------------------------------------------
                                                 <spontaneous>
[34]     0.0    0.03    0.00                 z1sq1(double*, double const&, double const&, double&, double&) [34]
-----------------------------------------------
                                                 <spontaneous>
[35]     0.0    0.03    0.00                 lrprop(double, prop_type&, propa_type&) [35]
-----------------------------------------------
                                                 <spontaneous>
[36]     0.0    0.03    0.00                 ascat(double, prop_type&, propa_type&) [36]
-----------------------------------------------
                0.01    0.00   28816/28816       ReadPath(site, site) [12]
[37]     0.0    0.01    0.00   28816         Distance(site, site) [37]
-----------------------------------------------
                                                 <spontaneous>
[38]     0.0    0.01    0.00                 point_to_point_ITM(double*, double, double, double, double, double, double, int, int, double, double, double&, char*, int&) [38]
-----------------------------------------------
                                                 <spontaneous>
[39]     0.0    0.01    0.00                 hzns(double*, prop_type&) [39]
-----------------------------------------------
                                                 <spontaneous>
[40]     0.0    0.01    0.00                 adiff(double, prop_type&, propa_type&) [40]
-----------------------------------------------
                0.00    0.01       1/1           main [1]
[41]     0.0    0.00    0.01       1         SiteReport(site) [41]
                0.00    0.00       1/1           haat(site) [43]
                0.00    0.00       8/16          AverageTerrain(site, double, double, double) [42]
                0.00    0.00       2/123857898     GetElevation(site) [14]
                0.00    0.00       2/2           dec2dms(double) [52]
-----------------------------------------------
                0.00    0.00       8/16          haat(site) [43]
                0.00    0.00       8/16          SiteReport(site) [41]
[42]     0.0    0.00    0.01      16         AverageTerrain(site, double, double, double) [42]
                0.00    0.00      16/28816       ReadPath(site, site) [12]
                0.00    0.00      16/123857898     GetElevation(site) [14]
                0.00    0.00      14/123799759     arccos(double, double) [21]
-----------------------------------------------
                0.00    0.00       1/1           SiteReport(site) [41]
[43]     0.0    0.00    0.00       1         haat(site) [43]
                0.00    0.00       8/16          AverageTerrain(site, double, double, double) [42]
                0.00    0.00       1/123857898     GetElevation(site) [14]
-----------------------------------------------
                0.00    0.00       1/1           main [1]
[44]     0.0    0.00    0.00       1         PlaceMarker(site) [44]
                0.00    0.00    1865/58999126     OrMask(double, double, int) [17]
                0.00    0.00    1457/58998718     GetMask(double, double) [33]
-----------------------------------------------
                0.00    0.00       2/2           LoadSDF(char*) [25]
[50]     0.0    0.00    0.00       2         LoadSDF_BZ(char*) [50]
-----------------------------------------------
                0.00    0.00       2/2           LoadQTH(char*) [56]
[51]     0.0    0.00    0.00       2         ReadBearing(char*) [51]
-----------------------------------------------
                0.00    0.00       2/2           SiteReport(site) [41]
[52]     0.0    0.00    0.00       2         dec2dms(double) [52]
-----------------------------------------------
                0.00    0.00       1/1           main [1]
[53]     0.0    0.00    0.00       1         ReadLRParm(site, char) [53]
                0.00    0.00       1/1           LoadPAT(char*) [55]
-----------------------------------------------
                0.00    0.00       1/1           WritePPMSS(char*, unsigned char, unsigned char, unsigned char, site*, unsigned char) [16]
[54]     0.0    0.00    0.00       1         LoadSignalColors(site) [54]
-----------------------------------------------
                0.00    0.00       1/1           ReadLRParm(site, char) [53]
[55]     0.0    0.00    0.00       1         LoadPAT(char*) [55]
-----------------------------------------------
                0.00    0.00       1/1           main [1]
[56]     0.0    0.00    0.00       1         LoadQTH(char*) [56]
                0.00    0.00       2/2           ReadBearing(char*) [51]
-----------------------------------------------

 This table describes the call tree of the program, and was sorted by
 the total amount of time spent in each function and its children.

 Each entry in this table consists of several lines.  The line with the
 index number at the left hand margin lists the current function.
 The lines above it list the functions that called this function,
 and the lines below it list the functions this one called.
 This line lists:
     index	A unique number given to each element of the table.
		Index numbers are sorted numerically.
		The index number is printed next to every function name so
		it is easier to look up where the function in the table.

     % time	This is the percentage of the `total' time that was spent
		in this function and its children.  Note that due to
		different viewpoints, functions excluded by options, etc,
		these numbers will NOT add up to 100%.

     self	This is the total amount of time spent in this function.

     children	This is the total amount of time propagated into this
		function by its children.

     called	This is the number of times the function was called.
		If the function called itself recursively, the number
		only includes non-recursive calls, and is followed by
		a `+' and the number of recursive calls.

     name	The name of the current function.  The index number is
		printed after it.  If the function is a member of a
		cycle, the cycle number is printed between the
		function's name and the index number.


 For the function's parents, the fields have the following meanings:

     self	This is the amount of time that was propagated directly
		from the function into this parent.

     children	This is the amount of time that was propagated from
		the function's children into this parent.

     called	This is the number of times this parent called the
		function `/' the total number of times the function
		was called.  Recursive calls to the function are not
		included in the number after the `/'.

     name	This is the name of the parent.  The parent's index
		number is printed after it.  If the parent is a
		member of a cycle, the cycle number is printed between
		the name and the index number.

 If the parents of the function cannot be determined, the word
 `<spontaneous>' is printed in the `name' field, and all the other
 fields are blank.

 For the function's children, the fields have the following meanings:

     self	This is the amount of time that was propagated directly
		from the child into the function.

     children	This is the amount of time that was propagated from the
		child's children to the function.

     called	This is the number of times the function called
		this child `/' the total number of times the child
		was called.  Recursive calls by the child are not
		listed in the number after the `/'.

     name	This is the name of the child.  The child's index
		number is printed after it.  If the child is a
		member of a cycle, the cycle number is printed
		between the name and the index number.

 If there are any cycles (circles) in the call graph, there is an
 entry for the cycle-as-a-whole.  This entry shows who called the
 cycle (as parents) and the members of the cycle (as children.)
 The `+' recursive calls entry shows the number of function calls that
 were internal to the cycle, and the calls entry for each member shows,
 for that member, how many times it was called from other members of
 the cycle.


Index by function name

  [50] LoadSDF_BZ(char*)      [43] haat(site)             [35] lrprop(double, prop_type&, propa_type&)
   [2] PlotLRPath(site, site, unsigned char, _IO_FILE*) [39] hzns(double*, prop_type&) [13] saalos(double, prop_type&, propa_type&)
  [53] ReadLRParm(site, char) [40] adiff(double, prop_type&, propa_type&) [24] Azimuth(site, site)
  [41] SiteReport(site)       [27] aknfe(double const&)   [33] GetMask(double, double)
  [16] WritePPMSS(char*, unsigned char, unsigned char, unsigned char, site*, unsigned char) [32] alos2(double, prop_type&, propa_type&) [55] LoadPAT(char*)
  [28] LoadSDF_SDF(char*)     [36] ascat(double, prop_type&, propa_type&) [56] LoadQTH(char*)
  [44] PlaceMarker(site)      [18] curve(double const&, double const&, double const&, double const&, double const&, double const&) [25] LoadSDF(char*)
  [51] ReadBearing(char*)      [8] hzns2(double*, prop_type&, propa_type&) [29] PutMask(double, double, int)
  [30] interpolate(int, int, int, int, int) [19] qerfi(double) [52] dec2dms(double)
  [14] GetElevation(site)     [23] qlrps(double, double, double, int, double, double, prop_type&) [10] lrprop2(double, prop_type&, propa_type&)
  [26] LoadTopoData(int, int, int, int) [7] qtile(int const&, double*, int const&) [5] qlrpfl2(double*, int, int, prop_type&, propa_type&, propv_type&)
  [42] AverageTerrain(site, double, double, double) [34] z1sq1(double*, double const&, double const&, double&, double&) [37] Distance(site, site)
   [4] point_to_point(double*, double, double, double, double, double, double, int, int, double, double, double&, char*, int&) [9] z1sq2(double*, double const&, double const&, double&, double&) [12] ReadPath(site, site)
  [54] LoadSignalColors(site) [17] OrMask(double, double, int) [20] GetSignal(double, double)
  [38] point_to_point_ITM(double*, double, double, double, double, double, double, int, int, double, double, double&, char*, int&) [11] adiff2(double, prop_type&, propa_type&) [3] PlotLRMap(site, double, char*)
  [22] fht(double const&, double const&) [21] arccos(double, double) [31] PutSignal(double, double, unsigned char)
  [15] avar(double, double, double, prop_type&, propv_type&) [6] d1thx2(double*, double const&, double const&, propa_type&)
