Run with 56 miles:
Flat profile:

Each sample counts as 0.01 seconds.
  %   cumulative   self              self     total           
 time   seconds   seconds    calls  Ks/call  Ks/call  name    
 42.47   1214.37  1214.37 65540764     0.00     0.00  qtile(int const&, double*, int const&)
 22.59   1860.31   645.95 32770415     0.00     0.00  d1thx2(double*, double const&, double const&, propa_type&)
 19.96   2431.08   570.77 32770415     0.00     0.00  hzns2(double*, prop_type&, propa_type&)
  5.43   2586.37   155.28 65539459     0.00     0.00  z1sq2(double*, double const&, double const&, double&, double&)
  3.03   2673.07    86.70 32770415     0.00     0.00  point_to_point(double*, double, double, double, double, double, double, int, int, double, double, double&, char*, int&)
  1.40   2712.99    39.93 98311185     0.00     0.00  saalos(double, prop_type&, propa_type&)
  1.27   2749.23    36.24 163760761     0.00     0.00  adiff2(double, prop_type&, propa_type&)
  0.86   2773.90    24.66 269311012     0.00     0.00  GetElevation(site)
  0.59   2790.72    16.82    43216     0.00     0.00  ReadPath(site, site)
  0.45   2803.52    12.80        1     0.01     0.01  WritePPMSS(char*, unsigned char, unsigned char, unsigned char, site*, unsigned char)
  0.40   2814.95    11.44 32770415     0.00     0.00  avar(double, double, double, prop_type&, propv_type&)
  0.38   2825.74    10.79 171747605     0.00     0.00  OrMask(double, double, int)
  0.19   2831.11     5.37    43200     0.00     0.00  PlotLRPath(site, site, unsigned char, _IO_FILE*)
  0.14   2835.24     4.13 32770415     0.00     0.00  lrprop2(double, prop_type&, propa_type&)
  0.13   2838.94     3.71 98311245     0.00     0.00  curve(double const&, double const&, double const&, double const&, double const&, double const&)
  0.12   2842.51     3.56 32770415     0.00     0.00  GetSignal(double, double)
  0.10   2845.25     2.74 65540830     0.00     0.00  qerfi(double)
  0.08   2847.43     2.18 32770415     0.00     0.00  PutMask(double, double, int)
  0.06   2849.04     1.61 32770415     0.00     0.00  PutSignal(double, double, unsigned char)
  0.05   2850.54     1.50 32770415     0.00     0.00  qlrpfl2(double*, int, int, prop_type&, propa_type&, propv_type&)
  0.04   2851.82     1.28 32813631     0.00     0.00  Azimuth(site, site)
  0.04   2853.08     1.27 124138820     0.00     0.00  fht(double const&, double const&)
  0.04   2854.25     1.17 32770415     0.00     0.00  qlrps(double, double, double, int, double, double, prop_type&)
  0.04   2855.40     1.15 194502976     0.00     0.00  aknfe(double const&)
  0.04   2856.43     1.03 269224048     0.00     0.00  arccos(double, double)
  0.03   2857.34     0.91 15300190     0.00     0.00  ascat(double, prop_type&, propa_type&)
  0.03   2858.21     0.87       10     0.00     0.00  LoadSDF_SDF(char*)
  0.01   2858.58     0.38 15300190     0.00     0.00  h0f(double, double)
  0.01   2858.81     0.23 171747197     0.00     0.00  GetMask(double, double)
  0.01   2859.04     0.23                             interpolate(int, int, int, int, int)
  0.01   2859.19     0.15  7650095     0.00     0.00  ahd(double)
  0.01   2859.34     0.15 25165977     0.00     0.00  alos2(double, prop_type&, propa_type&)
  0.00   2859.39     0.05       10     0.00     0.00  LoadSDF(char*)
  0.00   2859.43     0.05                             adiff(double, prop_type&, propa_type&)
  0.00   2859.48     0.05                             abq_alos(std::complex<double>)
  0.00   2859.52     0.04        2     0.00     0.00  dec2dms(double)
  0.00   2859.56     0.04                             FORTRAN_DIM(double const&, double const&)
  0.00   2859.59     0.04                             z1sq1(double*, double const&, double const&, double&, double&)
  0.00   2859.62     0.03                             lrprop(double, prop_type&, propa_type&)
  0.00   2859.64     0.02        1     0.00     2.85  PlotLRMap(site, double, char*)
  0.00   2859.65     0.02                             point_to_point_ITM(double*, double, double, double, double, double, double, int, int, double, double, double&, char*, int&)
  0.00   2859.67     0.02                             hzns(double*, prop_type&)
  0.00   2859.68     0.01    43216     0.00     0.00  Distance(site, site)
  0.00   2859.69     0.01                             d1thx(double*, double const&, double const&)
  0.00   2859.70     0.01                             qlrpfl(double*, int, int, prop_type&, propa_type&, propv_type&)
  0.00   2859.70     0.01                             alos(double, prop_type&, propa_type&)
  0.00   2859.70     0.00       16     0.00     0.00  AverageTerrain(site, double, double, double)
  0.00   2859.70     0.00        2     0.00     0.00  LoadSDF_BZ(char*)
  0.00   2859.70     0.00        2     0.00     0.00  ReadBearing(char*)
  0.00   2859.70     0.00        2     0.00     0.00  LoadTopoData(int, int, int, int)
  0.00   2859.70     0.00        1     0.00     0.00  ReadLRParm(site, char)
  0.00   2859.70     0.00        1     0.00     0.00  SiteReport(site)
  0.00   2859.70     0.00        1     0.00     0.00  PlaceMarker(site)
  0.00   2859.70     0.00        1     0.00     0.00  LoadSignalColors(site)
  0.00   2859.70     0.00        1     0.00     0.00  haat(site)
  0.00   2859.70     0.00        1     0.00     0.00  LoadPAT(char*)
  0.00   2859.70     0.00        1     0.00     0.00  LoadQTH(char*)

 %         the percentage of the total running time of the
time       program used by this function.

cumulative a running sum of the number of seconds accounted
 seconds   for by this function and those listed above it.

 self      the number of seconds accounted for by this
seconds    function alone.  This is the major sort for this
           listing.

calls      the number of times this function was invoked, if
           this function is profiled, else blank.
 
 self      the average number of milliseconds spent in this
ms/call    function per call, if this function is profiled,
	   else blank.

 total     the average number of milliseconds spent in this
ms/call    function and its descendents per call, if this 
	   function is profiled, else blank.

name       the name of the function.  This is the minor sort
           for this listing. The index shows the location of
	   the function in the gprof listing. If the index is
	   in parenthesis it shows where it would appear in
	   the gprof listing if it were to be printed.

		     Call graph (explanation follows)


granularity: each sample hit covers 2 byte(s) for 0.00% of 2859.70 seconds

index % time    self  children    called     name
                                                 <spontaneous>
[1]    100.0    0.00 2859.23                 main [1]
                0.02 2845.43       1/1           PlotLRMap(site, double, char*) [2]
               12.80    0.00       1/1           WritePPMSS(char*, unsigned char, unsigned char, unsigned char, site*, unsigned char) [16]
                0.00    0.92       2/2           LoadTopoData(int, int, int, int) [30]
                0.00    0.06       1/1           SiteReport(site) [37]
                0.00    0.00       1/1           PlaceMarker(site) [52]
                0.00    0.00       1/269311012     GetElevation(site) [14]
                0.00    0.00       1/1           LoadQTH(char*) [63]
                0.00    0.00       1/1           ReadLRParm(site, char) [60]
-----------------------------------------------
                0.02 2845.43       1/1           main [1]
[2]     99.5    0.02 2845.43       1         PlotLRMap(site, double, char*) [2]
                5.37 2840.06   43200/43200       PlotLRPath(site, site, unsigned char, _IO_FILE*) [3]
-----------------------------------------------
                5.37 2840.06   43200/43200       PlotLRMap(site, double, char*) [2]
[3]     99.5    5.37 2840.06   43200         PlotLRPath(site, site, unsigned char, _IO_FILE*) [3]
               86.70 2691.20 32770415/32770415     point_to_point(double*, double, double, double, double, double, double, int, int, double, double, double&, char*, int&) [4]
               16.81   25.69   43200/43216       ReadPath(site, site) [12]
               10.79    0.00 171745740/171747605     OrMask(double, double, int) [17]
                3.56    0.00 32770415/32770415     GetSignal(double, double) [19]
                2.18    0.00 32770415/32770415     PutMask(double, double, int) [21]
                1.61    0.00 32770415/32770415     PutSignal(double, double, unsigned char) [22]
                1.28    0.00 32770415/32813631     Azimuth(site, site) [24]
                0.23    0.00 171745740/171747197     GetMask(double, double) [33]
-----------------------------------------------
               86.70 2691.20 32770415/32770415     PlotLRPath(site, site, unsigned char, _IO_FILE*) [3]
[4]     97.1   86.70 2691.20 32770415         point_to_point(double*, double, double, double, double, double, double, int, int, double, double, double&, char*, int&) [4]
                1.50 2670.66 32770415/32770415     qlrpfl2(double*, int, int, prop_type&, propa_type&, propv_type&) [5]
               11.44    3.71 32770415/32770415     avar(double, double, double, prop_type&, propv_type&) [15]
                2.74    0.00 65540830/65540830     qerfi(double) [20]
                1.17    0.00 32770415/32770415     qlrps(double, double, double, int, double, double, prop_type&) [26]
-----------------------------------------------
                1.50 2670.66 32770415/32770415     point_to_point(double*, double, double, double, double, double, double, int, int, double, double, double&, char*, int&) [4]
[5]     93.4    1.50 2670.66 32770415         qlrpfl2(double*, int, int, prop_type&, propa_type&, propv_type&) [5]
              645.95 1292.01 32770415/32770415     d1thx2(double*, double const&, double const&, propa_type&) [6]
              570.77    0.00 32770415/32770415     hzns2(double*, prop_type&, propa_type&) [8]
                4.13   80.16 32770415/32770415     lrprop2(double, prop_type&, propa_type&) [10]
               77.64    0.00 32769077/65539459     z1sq2(double*, double const&, double const&, double&, double&) [9]
-----------------------------------------------
              645.95 1292.01 32770415/32770415     qlrpfl2(double*, int, int, prop_type&, propa_type&, propv_type&) [5]
[6]     67.8  645.95 1292.01 32770415         d1thx2(double*, double const&, double const&, propa_type&) [6]
             1214.37    0.00 65540764/65540764     qtile(int const&, double*, int const&) [7]
               77.64    0.00 32770382/65539459     z1sq2(double*, double const&, double const&, double&, double&) [9]
-----------------------------------------------
             1214.37    0.00 65540764/65540764     d1thx2(double*, double const&, double const&, propa_type&) [6]
[7]     42.5 1214.37    0.00 65540764         qtile(int const&, double*, int const&) [7]
-----------------------------------------------
              570.77    0.00 32770415/32770415     qlrpfl2(double*, int, int, prop_type&, propa_type&, propv_type&) [5]
[8]     20.0  570.77    0.00 32770415         hzns2(double*, prop_type&, propa_type&) [8]
-----------------------------------------------
               77.64    0.00 32769077/65539459     qlrpfl2(double*, int, int, prop_type&, propa_type&, propv_type&) [5]
               77.64    0.00 32770382/65539459     d1thx2(double*, double const&, double const&, propa_type&) [6]
[9]      5.4  155.28    0.00 65539459         z1sq2(double*, double const&, double const&, double&, double&) [9]
-----------------------------------------------
                4.13   80.16 32770415/32770415     qlrpfl2(double*, int, int, prop_type&, propa_type&, propv_type&) [5]
[10]     2.9    4.13   80.16 32770415         lrprop2(double, prop_type&, propa_type&) [10]
               36.24   42.32 163760761/163760761     adiff2(double, prop_type&, propa_type&) [11]
                0.91    0.53 15300190/15300190     ascat(double, prop_type&, propa_type&) [23]
                0.15    0.02 25165977/25165977     alos2(double, prop_type&, propa_type&) [35]
-----------------------------------------------
               36.24   42.32 163760761/163760761     lrprop2(double, prop_type&, propa_type&) [10]
[11]     2.7   36.24   42.32 163760761         adiff2(double, prop_type&, propa_type&) [11]
               39.91    0.00 98265576/98311185     saalos(double, prop_type&, propa_type&) [13]
                1.27    0.00 124138820/124138820     fht(double const&, double const&) [25]
                1.15    0.00 194502976/194502976     aknfe(double const&) [27]
-----------------------------------------------
                0.01    0.01      16/43216       AverageTerrain(site, double, double, double) [44]
               16.81   25.69   43200/43216       PlotLRPath(site, site, unsigned char, _IO_FILE*) [3]
[12]     1.5   16.82   25.70   43216         ReadPath(site, site) [12]
               24.66    0.00 269310992/269311012     GetElevation(site) [14]
                1.03    0.00 269224034/269224048     arccos(double, double) [28]
                0.01    0.00   43216/43216       Distance(site, site) [47]
                0.00    0.00   43216/32813631     Azimuth(site, site) [24]
-----------------------------------------------
                0.02    0.00   45609/98311185     alos2(double, prop_type&, propa_type&) [35]
               39.91    0.00 98265576/98311185     adiff2(double, prop_type&, propa_type&) [11]
[13]     1.4   39.93    0.00 98311185         saalos(double, prop_type&, propa_type&) [13]
-----------------------------------------------
                0.00    0.00       1/269311012     haat(site) [50]
                0.00    0.00       1/269311012     main [1]
                0.00    0.00       2/269311012     SiteReport(site) [37]
                0.00    0.00      16/269311012     AverageTerrain(site, double, double, double) [44]
               24.66    0.00 269310992/269311012     ReadPath(site, site) [12]
[14]     0.9   24.66    0.00 269311012         GetElevation(site) [14]
-----------------------------------------------
               11.44    3.71 32770415/32770415     point_to_point(double*, double, double, double, double, double, double, int, int, double, double, double&, char*, int&) [4]
[15]     0.5   11.44    3.71 32770415         avar(double, double, double, prop_type&, propv_type&) [15]
                3.71    0.00 98311245/98311245     curve(double const&, double const&, double const&, double const&, double const&, double const&) [18]
-----------------------------------------------
               12.80    0.00       1/1           main [1]
[16]     0.4   12.80    0.00       1         WritePPMSS(char*, unsigned char, unsigned char, unsigned char, site*, unsigned char) [16]
                0.00    0.00       1/1           LoadSignalColors(site) [61]
-----------------------------------------------
                0.00    0.00    1865/171747605     PlaceMarker(site) [52]
               10.79    0.00 171745740/171747605     PlotLRPath(site, site, unsigned char, _IO_FILE*) [3]
[17]     0.4   10.79    0.00 171747605         OrMask(double, double, int) [17]
-----------------------------------------------
                3.71    0.00 98311245/98311245     avar(double, double, double, prop_type&, propv_type&) [15]
[18]     0.1    3.71    0.00 98311245         curve(double const&, double const&, double const&, double const&, double const&, double const&) [18]
-----------------------------------------------
                3.56    0.00 32770415/32770415     PlotLRPath(site, site, unsigned char, _IO_FILE*) [3]
[19]     0.1    3.56    0.00 32770415         GetSignal(double, double) [19]
-----------------------------------------------
                2.74    0.00 65540830/65540830     point_to_point(double*, double, double, double, double, double, double, int, int, double, double, double&, char*, int&) [4]
[20]     0.1    2.74    0.00 65540830         qerfi(double) [20]
-----------------------------------------------
                2.18    0.00 32770415/32770415     PlotLRPath(site, site, unsigned char, _IO_FILE*) [3]
[21]     0.1    2.18    0.00 32770415         PutMask(double, double, int) [21]
-----------------------------------------------
                1.61    0.00 32770415/32770415     PlotLRPath(site, site, unsigned char, _IO_FILE*) [3]
[22]     0.1    1.61    0.00 32770415         PutSignal(double, double, unsigned char) [22]
-----------------------------------------------
                0.91    0.53 15300190/15300190     lrprop2(double, prop_type&, propa_type&) [10]
[23]     0.1    0.91    0.53 15300190         ascat(double, prop_type&, propa_type&) [23]
                0.38    0.00 15300190/15300190     h0f(double, double) [32]
                0.15    0.00 7650095/7650095     ahd(double) [36]
-----------------------------------------------
                0.00    0.00   43216/32813631     ReadPath(site, site) [12]
                1.28    0.00 32770415/32813631     PlotLRPath(site, site, unsigned char, _IO_FILE*) [3]
[24]     0.0    1.28    0.00 32813631         Azimuth(site, site) [24]
-----------------------------------------------
                1.27    0.00 124138820/124138820     adiff2(double, prop_type&, propa_type&) [11]
[25]     0.0    1.27    0.00 124138820         fht(double const&, double const&) [25]
-----------------------------------------------
                1.17    0.00 32770415/32770415     point_to_point(double*, double, double, double, double, double, double, int, int, double, double, double&, char*, int&) [4]
[26]     0.0    1.17    0.00 32770415         qlrps(double, double, double, int, double, double, prop_type&) [26]
-----------------------------------------------
                1.15    0.00 194502976/194502976     adiff2(double, prop_type&, propa_type&) [11]
[27]     0.0    1.15    0.00 194502976         aknfe(double const&) [27]
-----------------------------------------------
                0.00    0.00      14/269224048     AverageTerrain(site, double, double, double) [44]
                1.03    0.00 269224034/269224048     ReadPath(site, site) [12]
[28]     0.0    1.03    0.00 269224048         arccos(double, double) [28]
-----------------------------------------------
                0.05    0.87      10/10          LoadTopoData(int, int, int, int) [30]
[29]     0.0    0.05    0.87      10         LoadSDF(char*) [29]
                0.87    0.00      10/10          LoadSDF_SDF(char*) [31]
                0.00    0.00       2/2           LoadSDF_BZ(char*) [58]
-----------------------------------------------
                0.00    0.92       2/2           main [1]
[30]     0.0    0.00    0.92       2         LoadTopoData(int, int, int, int) [30]
                0.05    0.87      10/10          LoadSDF(char*) [29]
-----------------------------------------------
                0.87    0.00      10/10          LoadSDF(char*) [29]
[31]     0.0    0.87    0.00      10         LoadSDF_SDF(char*) [31]
-----------------------------------------------
                0.38    0.00 15300190/15300190     ascat(double, prop_type&, propa_type&) [23]
[32]     0.0    0.38    0.00 15300190         h0f(double, double) [32]
-----------------------------------------------
                0.00    0.00    1457/171747197     PlaceMarker(site) [52]
                0.23    0.00 171745740/171747197     PlotLRPath(site, site, unsigned char, _IO_FILE*) [3]
[33]     0.0    0.23    0.00 171747197         GetMask(double, double) [33]
-----------------------------------------------
                                                 <spontaneous>
[34]     0.0    0.23    0.00                 interpolate(int, int, int, int, int) [34]
-----------------------------------------------
                0.15    0.02 25165977/25165977     lrprop2(double, prop_type&, propa_type&) [10]
[35]     0.0    0.15    0.02 25165977         alos2(double, prop_type&, propa_type&) [35]
                0.02    0.00   45609/98311185     saalos(double, prop_type&, propa_type&) [13]
-----------------------------------------------
                0.15    0.00 7650095/7650095     ascat(double, prop_type&, propa_type&) [23]
[36]     0.0    0.15    0.00 7650095         ahd(double) [36]
-----------------------------------------------
                0.00    0.06       1/1           main [1]
[37]     0.0    0.00    0.06       1         SiteReport(site) [37]
                0.04    0.00       2/2           dec2dms(double) [40]
                0.00    0.01       1/1           haat(site) [50]
                0.00    0.01       8/16          AverageTerrain(site, double, double, double) [44]
                0.00    0.00       2/269311012     GetElevation(site) [14]
-----------------------------------------------
                                                 <spontaneous>
[38]     0.0    0.05    0.00                 adiff(double, prop_type&, propa_type&) [38]
-----------------------------------------------
                                                 <spontaneous>
[39]     0.0    0.05    0.00                 abq_alos(std::complex<double>) [39]
-----------------------------------------------
                0.04    0.00       2/2           SiteReport(site) [37]
[40]     0.0    0.04    0.00       2         dec2dms(double) [40]
-----------------------------------------------
                                                 <spontaneous>
[41]     0.0    0.04    0.00                 FORTRAN_DIM(double const&, double const&) [41]
-----------------------------------------------
                                                 <spontaneous>
[42]     0.0    0.04    0.00                 z1sq1(double*, double const&, double const&, double&, double&) [42]
-----------------------------------------------
                                                 <spontaneous>
[43]     0.0    0.03    0.00                 lrprop(double, prop_type&, propa_type&) [43]
-----------------------------------------------
                0.00    0.01       8/16          haat(site) [50]
                0.00    0.01       8/16          SiteReport(site) [37]
[44]     0.0    0.00    0.02      16         AverageTerrain(site, double, double, double) [44]
                0.01    0.01      16/43216       ReadPath(site, site) [12]
                0.00    0.00      16/269311012     GetElevation(site) [14]
                0.00    0.00      14/269224048     arccos(double, double) [28]
-----------------------------------------------
                                                 <spontaneous>
[45]     0.0    0.02    0.00                 point_to_point_ITM(double*, double, double, double, double, double, double, int, int, double, double, double&, char*, int&) [45]
-----------------------------------------------
                                                 <spontaneous>
[46]     0.0    0.02    0.00                 hzns(double*, prop_type&) [46]
-----------------------------------------------
                0.01    0.00   43216/43216       ReadPath(site, site) [12]
[47]     0.0    0.01    0.00   43216         Distance(site, site) [47]
-----------------------------------------------
                                                 <spontaneous>
[48]     0.0    0.01    0.00                 d1thx(double*, double const&, double const&) [48]
-----------------------------------------------
                                                 <spontaneous>
[49]     0.0    0.01    0.00                 qlrpfl(double*, int, int, prop_type&, propa_type&, propv_type&) [49]
-----------------------------------------------
                0.00    0.01       1/1           SiteReport(site) [37]
[50]     0.0    0.00    0.01       1         haat(site) [50]
                0.00    0.01       8/16          AverageTerrain(site, double, double, double) [44]
                0.00    0.00       1/269311012     GetElevation(site) [14]
-----------------------------------------------
                                                 <spontaneous>
[51]     0.0    0.01    0.00                 alos(double, prop_type&, propa_type&) [51]
-----------------------------------------------
                0.00    0.00       1/1           main [1]
[52]     0.0    0.00    0.00       1         PlaceMarker(site) [52]
                0.00    0.00    1865/171747605     OrMask(double, double, int) [17]
                0.00    0.00    1457/171747197     GetMask(double, double) [33]
-----------------------------------------------
                0.00    0.00       2/2           LoadSDF(char*) [29]
[58]     0.0    0.00    0.00       2         LoadSDF_BZ(char*) [58]
-----------------------------------------------
                0.00    0.00       2/2           LoadQTH(char*) [63]
[59]     0.0    0.00    0.00       2         ReadBearing(char*) [59]
-----------------------------------------------
                0.00    0.00       1/1           main [1]
[60]     0.0    0.00    0.00       1         ReadLRParm(site, char) [60]
                0.00    0.00       1/1           LoadPAT(char*) [62]
-----------------------------------------------
                0.00    0.00       1/1           WritePPMSS(char*, unsigned char, unsigned char, unsigned char, site*, unsigned char) [16]
[61]     0.0    0.00    0.00       1         LoadSignalColors(site) [61]
-----------------------------------------------
                0.00    0.00       1/1           ReadLRParm(site, char) [60]
[62]     0.0    0.00    0.00       1         LoadPAT(char*) [62]
-----------------------------------------------
                0.00    0.00       1/1           main [1]
[63]     0.0    0.00    0.00       1         LoadQTH(char*) [63]
                0.00    0.00       2/2           ReadBearing(char*) [59]
-----------------------------------------------

 This table describes the call tree of the program, and was sorted by
 the total amount of time spent in each function and its children.

 Each entry in this table consists of several lines.  The line with the
 index number at the left hand margin lists the current function.
 The lines above it list the functions that called this function,
 and the lines below it list the functions this one called.
 This line lists:
     index	A unique number given to each element of the table.
		Index numbers are sorted numerically.
		The index number is printed next to every function name so
		it is easier to look up where the function in the table.

     % time	This is the percentage of the `total' time that was spent
		in this function and its children.  Note that due to
		different viewpoints, functions excluded by options, etc,
		these numbers will NOT add up to 100%.

     self	This is the total amount of time spent in this function.

     children	This is the total amount of time propagated into this
		function by its children.

     called	This is the number of times the function was called.
		If the function called itself recursively, the number
		only includes non-recursive calls, and is followed by
		a `+' and the number of recursive calls.

     name	The name of the current function.  The index number is
		printed after it.  If the function is a member of a
		cycle, the cycle number is printed between the
		function's name and the index number.


 For the function's parents, the fields have the following meanings:

     self	This is the amount of time that was propagated directly
		from the function into this parent.

     children	This is the amount of time that was propagated from
		the function's children into this parent.

     called	This is the number of times this parent called the
		function `/' the total number of times the function
		was called.  Recursive calls to the function are not
		included in the number after the `/'.

     name	This is the name of the parent.  The parent's index
		number is printed after it.  If the parent is a
		member of a cycle, the cycle number is printed between
		the name and the index number.

 If the parents of the function cannot be determined, the word
 `<spontaneous>' is printed in the `name' field, and all the other
 fields are blank.

 For the function's children, the fields have the following meanings:

     self	This is the amount of time that was propagated directly
		from the child into the function.

     children	This is the amount of time that was propagated from the
		child's children to the function.

     called	This is the number of times the function called
		this child `/' the total number of times the child
		was called.  Recursive calls by the child are not
		listed in the number after the `/'.

     name	This is the name of the child.  The child's index
		number is printed after it.  If the child is a
		member of a cycle, the cycle number is printed
		between the name and the index number.

 If there are any cycles (circles) in the call graph, there is an
 entry for the cycle-as-a-whole.  This entry shows who called the
 cycle (as parents) and the members of the cycle (as children.)
 The `+' recursive calls entry shows the number of function calls that
 were internal to the cycle, and the calls entry for each member shows,
 for that member, how many times it was called from other members of
 the cycle.


Index by function name

  [58] LoadSDF_BZ(char*)      [51] alos(double, prop_type&, propa_type&) [6] d1thx2(double*, double const&, double const&, propa_type&)
   [3] PlotLRPath(site, site, unsigned char, _IO_FILE*) [15] avar(double, double, double, prop_type&, propv_type&) [43] lrprop(double, prop_type&, propa_type&)
  [60] ReadLRParm(site, char) [50] haat(site)             [49] qlrpfl(double*, int, int, prop_type&, propa_type&, propv_type&)
  [37] SiteReport(site)       [46] hzns(double*, prop_type&) [13] saalos(double, prop_type&, propa_type&)
  [16] WritePPMSS(char*, unsigned char, unsigned char, unsigned char, site*, unsigned char) [38] adiff(double, prop_type&, propa_type&) [24] Azimuth(site, site)
  [41] FORTRAN_DIM(double const&, double const&) [27] aknfe(double const&) [33] GetMask(double, double)
  [31] LoadSDF_SDF(char*)     [35] alos2(double, prop_type&, propa_type&) [62] LoadPAT(char*)
  [52] PlaceMarker(site)      [23] ascat(double, prop_type&, propa_type&) [63] LoadQTH(char*)
  [59] ReadBearing(char*)     [18] curve(double const&, double const&, double const&, double const&, double const&, double const&) [29] LoadSDF(char*)
  [34] interpolate(int, int, int, int, int) [48] d1thx(double*, double const&, double const&) [21] PutMask(double, double, int)
  [14] GetElevation(site)      [8] hzns2(double*, prop_type&, propa_type&) [40] dec2dms(double)
  [30] LoadTopoData(int, int, int, int) [20] qerfi(double) [10] lrprop2(double, prop_type&, propa_type&)
  [44] AverageTerrain(site, double, double, double) [26] qlrps(double, double, double, int, double, double, prop_type&) [5] qlrpfl2(double*, int, int, prop_type&, propa_type&, propv_type&)
   [4] point_to_point(double*, double, double, double, double, double, double, int, int, double, double, double&, char*, int&) [7] qtile(int const&, double*, int const&) [47] Distance(site, site)
  [61] LoadSignalColors(site) [42] z1sq1(double*, double const&, double const&, double&, double&) [12] ReadPath(site, site)
  [45] point_to_point_ITM(double*, double, double, double, double, double, double, int, int, double, double, double&, char*, int&) [9] z1sq2(double*, double const&, double const&, double&, double&) [39] abq_alos(std::complex<double>)
  [36] ahd(double)            [17] OrMask(double, double, int) [19] GetSignal(double, double)
  [25] fht(double const&, double const&) [11] adiff2(double, prop_type&, propa_type&) [2] PlotLRMap(site, double, char*)
  [32] h0f(double, double)    [28] arccos(double, double) [22] PutSignal(double, double, unsigned char)
