Run with 57 miles:
Flat profile:

Each sample counts as 0.01 seconds.
  %   cumulative   self              self     total           
 time   seconds   seconds    calls  Ks/call  Ks/call  name    
 42.46   1282.34  1282.34 67902206     0.00     0.00  qtile(int const&, double*, int const&)
 22.71   1968.20   685.86 33951136     0.00     0.00  d1thx2(double*, double const&, double const&, propa_type&)
 19.83   2567.24   599.04 33951136     0.00     0.00  hzns2(double*, prop_type&, propa_type&)
  5.59   2736.13   168.89 67900901     0.00     0.00  z1sq2(double*, double const&, double const&, double&, double&)
  3.03   2827.64    91.52 33951136     0.00     0.00  point_to_point(double*, double, double, double, double, double, double, int, int, double, double, double&, char*, int&)
  1.37   2868.93    41.28 101853348     0.00     0.00  saalos(double, prop_type&, propa_type&)
  1.24   2906.45    37.53 169664366     0.00     0.00  adiff2(double, prop_type&, propa_type&)
  0.83   2931.48    25.02 269311012     0.00     0.00  GetElevation(site)
  0.55   2948.07    16.59    43216     0.00     0.00  ReadPath(site, site)
  0.44   2961.23    13.16        1     0.01     0.01  WritePPMSS(char*, unsigned char, unsigned char, unsigned char, site*, unsigned char)
  0.38   2972.62    11.39 33951136     0.00     0.00  avar(double, double, double, prop_type&, propv_type&)
  0.37   2983.89    11.27 175411144     0.00     0.00  OrMask(double, double, int)
  0.19   2989.77     5.88    43200     0.00     0.00  PlotLRPath(site, site, unsigned char, _IO_FILE*)
  0.15   2994.19     4.43 33951136     0.00     0.00  lrprop2(double, prop_type&, propa_type&)
  0.14   2998.41     4.22 101853408     0.00     0.00  curve(double const&, double const&, double const&, double const&, double const&, double const&)
  0.13   3002.32     3.91 33951136     0.00     0.00  GetSignal(double, double)
  0.10   3005.40     3.08 67902272     0.00     0.00  qerfi(double)
  0.07   3007.51     2.11 33951136     0.00     0.00  PutMask(double, double, int)
  0.06   3009.40     1.89 33951136     0.00     0.00  PutSignal(double, double, unsigned char)
  0.05   3011.01     1.61 128647582     0.00     0.00  fht(double const&, double const&)
  0.05   3012.62     1.61 33951136     0.00     0.00  qlrpfl2(double*, int, int, prop_type&, propa_type&, propv_type&)
  0.05   3014.00     1.38 33994352     0.00     0.00  Azimuth(site, site)
  0.04   3015.28     1.28 201558388     0.00     0.00  aknfe(double const&)
  0.04   3016.53     1.25 33951136     0.00     0.00  qlrps(double, double, double, int, double, double, prop_type&)
  0.03   3017.48     0.96 16324326     0.00     0.00  ascat(double, prop_type&, propa_type&)
  0.03   3018.40     0.92 269224048     0.00     0.00  arccos(double, double)
  0.02   3019.13     0.73       10     0.00     0.00  LoadSDF_SDF(char*)
  0.01   3019.55     0.42 16324326     0.00     0.00  h0f(double, double)
  0.01   3019.80     0.25                             interpolate(int, int, int, int, int)
  0.01   3020.00     0.20 175410736     0.00     0.00  GetMask(double, double)
  0.00   3020.13     0.13 25834630     0.00     0.00  alos2(double, prop_type&, propa_type&)
  0.00   3020.25     0.12  8162163     0.00     0.00  ahd(double)
  0.00   3020.32     0.08                             FORTRAN_DIM(double const&, double const&)
  0.00   3020.39     0.07                             adiff(double, prop_type&, propa_type&)
  0.00   3020.44     0.05       10     0.00     0.00  LoadSDF(char*)
  0.00   3020.47     0.04                             z1sq1(double*, double const&, double const&, double&, double&)
  0.00   3020.50     0.03                             abq_alos(std::complex<double>)
  0.00   3020.52     0.02                             hzns(double*, prop_type&)
  0.00   3020.54     0.02                             lrprop(double, prop_type&, propa_type&)
  0.00   3020.55     0.01    43216     0.00     0.00  Distance(site, site)
  0.00   3020.56     0.01        2     0.00     0.00  dec2dms(double)
  0.00   3020.57     0.01                             point_to_point_ITM(double*, double, double, double, double, double, double, int, int, double, double, double&, char*, int&)
  0.00   3020.58     0.01                             alos(double, prop_type&, propa_type&)
  0.00   3020.59     0.01                             d1thx(double*, double const&, double const&)
  0.00   3020.59     0.01                             qlrpfl(double*, int, int, prop_type&, propa_type&, propv_type&)
  0.00   3020.59     0.00       16     0.00     0.00  AverageTerrain(site, double, double, double)
  0.00   3020.59     0.00        2     0.00     0.00  LoadSDF_BZ(char*)
  0.00   3020.59     0.00        2     0.00     0.00  ReadBearing(char*)
  0.00   3020.59     0.00        2     0.00     0.00  LoadTopoData(int, int, int, int)
  0.00   3020.59     0.00        1     0.00     0.00  ReadLRParm(site, char)
  0.00   3020.59     0.00        1     0.00     0.00  SiteReport(site)
  0.00   3020.59     0.00        1     0.00     0.00  PlaceMarker(site)
  0.00   3020.59     0.00        1     0.00     0.00  LoadSignalColors(site)
  0.00   3020.59     0.00        1     0.00     0.00  haat(site)
  0.00   3020.59     0.00        1     0.00     0.00  LoadPAT(char*)
  0.00   3020.59     0.00        1     0.00     0.00  LoadQTH(char*)
  0.00   3020.59     0.00        1     0.00     3.01  PlotLRMap(site, double, char*)

 %         the percentage of the total running time of the
time       program used by this function.

cumulative a running sum of the number of seconds accounted
 seconds   for by this function and those listed above it.

 self      the number of seconds accounted for by this
seconds    function alone.  This is the major sort for this
           listing.

calls      the number of times this function was invoked, if
           this function is profiled, else blank.
 
 self      the average number of milliseconds spent in this
ms/call    function per call, if this function is profiled,
	   else blank.

 total     the average number of milliseconds spent in this
ms/call    function and its descendents per call, if this 
	   function is profiled, else blank.

name       the name of the function.  This is the minor sort
           for this listing. The index shows the location of
	   the function in the gprof listing. If the index is
	   in parenthesis it shows where it would appear in
	   the gprof listing if it were to be printed.

		     Call graph (explanation follows)


granularity: each sample hit covers 2 byte(s) for 0.00% of 3020.59 seconds

index % time    self  children    called     name
                                                 <spontaneous>
[1]    100.0    0.00 3020.07                 main [1]
                0.00 3006.10       1/1           PlotLRMap(site, double, char*) [3]
               13.16    0.00       1/1           WritePPMSS(char*, unsigned char, unsigned char, unsigned char, site*, unsigned char) [16]
                0.00    0.78       2/2           LoadTopoData(int, int, int, int) [30]
                0.00    0.03       1/1           SiteReport(site) [41]
                0.00    0.00       1/1           PlaceMarker(site) [52]
                0.00    0.00       1/269311012     GetElevation(site) [14]
                0.00    0.00       1/1           LoadQTH(char*) [63]
                0.00    0.00       1/1           ReadLRParm(site, char) [60]
-----------------------------------------------
                5.88 3000.22   43200/43200       PlotLRMap(site, double, char*) [3]
[2]     99.5    5.88 3000.22   43200         PlotLRPath(site, site, unsigned char, _IO_FILE*) [2]
               91.52 2845.42 33951136/33951136     point_to_point(double*, double, double, double, double, double, double, int, int, double, double, double&, char*, int&) [4]
               16.58   25.94   43200/43216       ReadPath(site, site) [12]
               11.27    0.00 175409279/175411144     OrMask(double, double, int) [17]
                3.91    0.00 33951136/33951136     GetSignal(double, double) [19]
                2.11    0.00 33951136/33951136     PutMask(double, double, int) [21]
                1.89    0.00 33951136/33951136     PutSignal(double, double, unsigned char) [22]
                1.38    0.00 33951136/33994352     Azimuth(site, site) [25]
                0.20    0.00 175409279/175410736     GetMask(double, double) [34]
-----------------------------------------------
                0.00 3006.10       1/1           main [1]
[3]     99.5    0.00 3006.10       1         PlotLRMap(site, double, char*) [3]
                5.88 3000.22   43200/43200       PlotLRPath(site, site, unsigned char, _IO_FILE*) [2]
-----------------------------------------------
               91.52 2845.42 33951136/33951136     PlotLRPath(site, site, unsigned char, _IO_FILE*) [2]
[4]     97.2   91.52 2845.42 33951136         point_to_point(double*, double, double, double, double, double, double, int, int, double, double, double&, char*, int&) [4]
                1.61 2823.87 33951136/33951136     qlrpfl2(double*, int, int, prop_type&, propa_type&, propv_type&) [5]
               11.39    4.22 33951136/33951136     avar(double, double, double, prop_type&, propv_type&) [15]
                3.08    0.00 67902272/67902272     qerfi(double) [20]
                1.25    0.00 33951136/33951136     qlrps(double, double, double, int, double, double, prop_type&) [27]
-----------------------------------------------
                1.61 2823.87 33951136/33951136     point_to_point(double*, double, double, double, double, double, double, int, int, double, double, double&, char*, int&) [4]
[5]     93.5    1.61 2823.87 33951136         qlrpfl2(double*, int, int, prop_type&, propa_type&, propv_type&) [5]
              685.86 1366.78 33951136/33951136     d1thx2(double*, double const&, double const&, propa_type&) [6]
              599.04    0.00 33951136/33951136     hzns2(double*, prop_type&, propa_type&) [8]
                4.43   83.32 33951136/33951136     lrprop2(double, prop_type&, propa_type&) [10]
               84.44    0.00 33949798/67900901     z1sq2(double*, double const&, double const&, double&, double&) [9]
-----------------------------------------------
              685.86 1366.78 33951136/33951136     qlrpfl2(double*, int, int, prop_type&, propa_type&, propv_type&) [5]
[6]     68.0  685.86 1366.78 33951136         d1thx2(double*, double const&, double const&, propa_type&) [6]
             1282.34    0.00 67902206/67902206     qtile(int const&, double*, int const&) [7]
               84.45    0.00 33951103/67900901     z1sq2(double*, double const&, double const&, double&, double&) [9]
-----------------------------------------------
             1282.34    0.00 67902206/67902206     d1thx2(double*, double const&, double const&, propa_type&) [6]
[7]     42.5 1282.34    0.00 67902206         qtile(int const&, double*, int const&) [7]
-----------------------------------------------
              599.04    0.00 33951136/33951136     qlrpfl2(double*, int, int, prop_type&, propa_type&, propv_type&) [5]
[8]     19.8  599.04    0.00 33951136         hzns2(double*, prop_type&, propa_type&) [8]
-----------------------------------------------
               84.44    0.00 33949798/67900901     qlrpfl2(double*, int, int, prop_type&, propa_type&, propv_type&) [5]
               84.45    0.00 33951103/67900901     d1thx2(double*, double const&, double const&, propa_type&) [6]
[9]      5.6  168.89    0.00 67900901         z1sq2(double*, double const&, double const&, double&, double&) [9]
-----------------------------------------------
                4.43   83.32 33951136/33951136     qlrpfl2(double*, int, int, prop_type&, propa_type&, propv_type&) [5]
[10]     2.9    4.43   83.32 33951136         lrprop2(double, prop_type&, propa_type&) [10]
               37.53   44.15 169664366/169664366     adiff2(double, prop_type&, propa_type&) [11]
                0.96    0.54 16324326/16324326     ascat(double, prop_type&, propa_type&) [24]
                0.13    0.02 25834630/25834630     alos2(double, prop_type&, propa_type&) [35]
-----------------------------------------------
               37.53   44.15 169664366/169664366     lrprop2(double, prop_type&, propa_type&) [10]
[11]     2.7   37.53   44.15 169664366         adiff2(double, prop_type&, propa_type&) [11]
               41.26    0.00 101807739/101853348     saalos(double, prop_type&, propa_type&) [13]
                1.61    0.00 128647582/128647582     fht(double const&, double const&) [23]
                1.28    0.00 201558388/201558388     aknfe(double const&) [26]
-----------------------------------------------
                0.01    0.01      16/43216       AverageTerrain(site, double, double, double) [43]
               16.58   25.94   43200/43216       PlotLRPath(site, site, unsigned char, _IO_FILE*) [2]
[12]     1.4   16.59   25.95   43216         ReadPath(site, site) [12]
               25.02    0.00 269310992/269311012     GetElevation(site) [14]
                0.92    0.00 269224034/269224048     arccos(double, double) [28]
                0.01    0.00   43216/43216       Distance(site, site) [45]
                0.00    0.00   43216/33994352     Azimuth(site, site) [25]
-----------------------------------------------
                0.02    0.00   45609/101853348     alos2(double, prop_type&, propa_type&) [35]
               41.26    0.00 101807739/101853348     adiff2(double, prop_type&, propa_type&) [11]
[13]     1.4   41.28    0.00 101853348         saalos(double, prop_type&, propa_type&) [13]
-----------------------------------------------
                0.00    0.00       1/269311012     haat(site) [50]
                0.00    0.00       1/269311012     main [1]
                0.00    0.00       2/269311012     SiteReport(site) [41]
                0.00    0.00      16/269311012     AverageTerrain(site, double, double, double) [43]
               25.02    0.00 269310992/269311012     ReadPath(site, site) [12]
[14]     0.8   25.02    0.00 269311012         GetElevation(site) [14]
-----------------------------------------------
               11.39    4.22 33951136/33951136     point_to_point(double*, double, double, double, double, double, double, int, int, double, double, double&, char*, int&) [4]
[15]     0.5   11.39    4.22 33951136         avar(double, double, double, prop_type&, propv_type&) [15]
                4.22    0.00 101853408/101853408     curve(double const&, double const&, double const&, double const&, double const&, double const&) [18]
-----------------------------------------------
               13.16    0.00       1/1           main [1]
[16]     0.4   13.16    0.00       1         WritePPMSS(char*, unsigned char, unsigned char, unsigned char, site*, unsigned char) [16]
                0.00    0.00       1/1           LoadSignalColors(site) [61]
-----------------------------------------------
                0.00    0.00    1865/175411144     PlaceMarker(site) [52]
               11.27    0.00 175409279/175411144     PlotLRPath(site, site, unsigned char, _IO_FILE*) [2]
[17]     0.4   11.27    0.00 175411144         OrMask(double, double, int) [17]
-----------------------------------------------
                4.22    0.00 101853408/101853408     avar(double, double, double, prop_type&, propv_type&) [15]
[18]     0.1    4.22    0.00 101853408         curve(double const&, double const&, double const&, double const&, double const&, double const&) [18]
-----------------------------------------------
                3.91    0.00 33951136/33951136     PlotLRPath(site, site, unsigned char, _IO_FILE*) [2]
[19]     0.1    3.91    0.00 33951136         GetSignal(double, double) [19]
-----------------------------------------------
                3.08    0.00 67902272/67902272     point_to_point(double*, double, double, double, double, double, double, int, int, double, double, double&, char*, int&) [4]
[20]     0.1    3.08    0.00 67902272         qerfi(double) [20]
-----------------------------------------------
                2.11    0.00 33951136/33951136     PlotLRPath(site, site, unsigned char, _IO_FILE*) [2]
[21]     0.1    2.11    0.00 33951136         PutMask(double, double, int) [21]
-----------------------------------------------
                1.89    0.00 33951136/33951136     PlotLRPath(site, site, unsigned char, _IO_FILE*) [2]
[22]     0.1    1.89    0.00 33951136         PutSignal(double, double, unsigned char) [22]
-----------------------------------------------
                1.61    0.00 128647582/128647582     adiff2(double, prop_type&, propa_type&) [11]
[23]     0.1    1.61    0.00 128647582         fht(double const&, double const&) [23]
-----------------------------------------------
                0.96    0.54 16324326/16324326     lrprop2(double, prop_type&, propa_type&) [10]
[24]     0.0    0.96    0.54 16324326         ascat(double, prop_type&, propa_type&) [24]
                0.42    0.00 16324326/16324326     h0f(double, double) [32]
                0.12    0.00 8162163/8162163     ahd(double) [36]
-----------------------------------------------
                0.00    0.00   43216/33994352     ReadPath(site, site) [12]
                1.38    0.00 33951136/33994352     PlotLRPath(site, site, unsigned char, _IO_FILE*) [2]
[25]     0.0    1.38    0.00 33994352         Azimuth(site, site) [25]
-----------------------------------------------
                1.28    0.00 201558388/201558388     adiff2(double, prop_type&, propa_type&) [11]
[26]     0.0    1.28    0.00 201558388         aknfe(double const&) [26]
-----------------------------------------------
                1.25    0.00 33951136/33951136     point_to_point(double*, double, double, double, double, double, double, int, int, double, double, double&, char*, int&) [4]
[27]     0.0    1.25    0.00 33951136         qlrps(double, double, double, int, double, double, prop_type&) [27]
-----------------------------------------------
                0.00    0.00      14/269224048     AverageTerrain(site, double, double, double) [43]
                0.92    0.00 269224034/269224048     ReadPath(site, site) [12]
[28]     0.0    0.92    0.00 269224048         arccos(double, double) [28]
-----------------------------------------------
                0.05    0.73      10/10          LoadTopoData(int, int, int, int) [30]
[29]     0.0    0.05    0.73      10         LoadSDF(char*) [29]
                0.73    0.00      10/10          LoadSDF_SDF(char*) [31]
                0.00    0.00       2/2           LoadSDF_BZ(char*) [58]
-----------------------------------------------
                0.00    0.78       2/2           main [1]
[30]     0.0    0.00    0.78       2         LoadTopoData(int, int, int, int) [30]
                0.05    0.73      10/10          LoadSDF(char*) [29]
-----------------------------------------------
                0.73    0.00      10/10          LoadSDF(char*) [29]
[31]     0.0    0.73    0.00      10         LoadSDF_SDF(char*) [31]
-----------------------------------------------
                0.42    0.00 16324326/16324326     ascat(double, prop_type&, propa_type&) [24]
[32]     0.0    0.42    0.00 16324326         h0f(double, double) [32]
-----------------------------------------------
                                                 <spontaneous>
[33]     0.0    0.25    0.00                 interpolate(int, int, int, int, int) [33]
-----------------------------------------------
                0.00    0.00    1457/175410736     PlaceMarker(site) [52]
                0.20    0.00 175409279/175410736     PlotLRPath(site, site, unsigned char, _IO_FILE*) [2]
[34]     0.0    0.20    0.00 175410736         GetMask(double, double) [34]
-----------------------------------------------
                0.13    0.02 25834630/25834630     lrprop2(double, prop_type&, propa_type&) [10]
[35]     0.0    0.13    0.02 25834630         alos2(double, prop_type&, propa_type&) [35]
                0.02    0.00   45609/101853348     saalos(double, prop_type&, propa_type&) [13]
-----------------------------------------------
                0.12    0.00 8162163/8162163     ascat(double, prop_type&, propa_type&) [24]
[36]     0.0    0.12    0.00 8162163         ahd(double) [36]
-----------------------------------------------
                                                 <spontaneous>
[37]     0.0    0.08    0.00                 FORTRAN_DIM(double const&, double const&) [37]
-----------------------------------------------
                                                 <spontaneous>
[38]     0.0    0.07    0.00                 adiff(double, prop_type&, propa_type&) [38]
-----------------------------------------------
                                                 <spontaneous>
[39]     0.0    0.04    0.00                 z1sq1(double*, double const&, double const&, double&, double&) [39]
-----------------------------------------------
                                                 <spontaneous>
[40]     0.0    0.03    0.00                 abq_alos(std::complex<double>) [40]
-----------------------------------------------
                0.00    0.03       1/1           main [1]
[41]     0.0    0.00    0.03       1         SiteReport(site) [41]
                0.01    0.00       2/2           dec2dms(double) [46]
                0.00    0.01       1/1           haat(site) [50]
                0.00    0.01       8/16          AverageTerrain(site, double, double, double) [43]
                0.00    0.00       2/269311012     GetElevation(site) [14]
-----------------------------------------------
                                                 <spontaneous>
[42]     0.0    0.02    0.00                 hzns(double*, prop_type&) [42]
-----------------------------------------------
                0.00    0.01       8/16          haat(site) [50]
                0.00    0.01       8/16          SiteReport(site) [41]
[43]     0.0    0.00    0.02      16         AverageTerrain(site, double, double, double) [43]
                0.01    0.01      16/43216       ReadPath(site, site) [12]
                0.00    0.00      16/269311012     GetElevation(site) [14]
                0.00    0.00      14/269224048     arccos(double, double) [28]
-----------------------------------------------
                                                 <spontaneous>
[44]     0.0    0.02    0.00                 lrprop(double, prop_type&, propa_type&) [44]
-----------------------------------------------
                0.01    0.00   43216/43216       ReadPath(site, site) [12]
[45]     0.0    0.01    0.00   43216         Distance(site, site) [45]
-----------------------------------------------
                0.01    0.00       2/2           SiteReport(site) [41]
[46]     0.0    0.01    0.00       2         dec2dms(double) [46]
-----------------------------------------------
                                                 <spontaneous>
[47]     0.0    0.01    0.00                 point_to_point_ITM(double*, double, double, double, double, double, double, int, int, double, double, double&, char*, int&) [47]
-----------------------------------------------
                                                 <spontaneous>
[48]     0.0    0.01    0.00                 alos(double, prop_type&, propa_type&) [48]
-----------------------------------------------
                                                 <spontaneous>
[49]     0.0    0.01    0.00                 d1thx(double*, double const&, double const&) [49]
-----------------------------------------------
                0.00    0.01       1/1           SiteReport(site) [41]
[50]     0.0    0.00    0.01       1         haat(site) [50]
                0.00    0.01       8/16          AverageTerrain(site, double, double, double) [43]
                0.00    0.00       1/269311012     GetElevation(site) [14]
-----------------------------------------------
                                                 <spontaneous>
[51]     0.0    0.01    0.00                 qlrpfl(double*, int, int, prop_type&, propa_type&, propv_type&) [51]
-----------------------------------------------
                0.00    0.00       1/1           main [1]
[52]     0.0    0.00    0.00       1         PlaceMarker(site) [52]
                0.00    0.00    1865/175411144     OrMask(double, double, int) [17]
                0.00    0.00    1457/175410736     GetMask(double, double) [34]
-----------------------------------------------
                0.00    0.00       2/2           LoadSDF(char*) [29]
[58]     0.0    0.00    0.00       2         LoadSDF_BZ(char*) [58]
-----------------------------------------------
                0.00    0.00       2/2           LoadQTH(char*) [63]
[59]     0.0    0.00    0.00       2         ReadBearing(char*) [59]
-----------------------------------------------
                0.00    0.00       1/1           main [1]
[60]     0.0    0.00    0.00       1         ReadLRParm(site, char) [60]
                0.00    0.00       1/1           LoadPAT(char*) [62]
-----------------------------------------------
                0.00    0.00       1/1           WritePPMSS(char*, unsigned char, unsigned char, unsigned char, site*, unsigned char) [16]
[61]     0.0    0.00    0.00       1         LoadSignalColors(site) [61]
-----------------------------------------------
                0.00    0.00       1/1           ReadLRParm(site, char) [60]
[62]     0.0    0.00    0.00       1         LoadPAT(char*) [62]
-----------------------------------------------
                0.00    0.00       1/1           main [1]
[63]     0.0    0.00    0.00       1         LoadQTH(char*) [63]
                0.00    0.00       2/2           ReadBearing(char*) [59]
-----------------------------------------------

 This table describes the call tree of the program, and was sorted by
 the total amount of time spent in each function and its children.

 Each entry in this table consists of several lines.  The line with the
 index number at the left hand margin lists the current function.
 The lines above it list the functions that called this function,
 and the lines below it list the functions this one called.
 This line lists:
     index	A unique number given to each element of the table.
		Index numbers are sorted numerically.
		The index number is printed next to every function name so
		it is easier to look up where the function in the table.

     % time	This is the percentage of the `total' time that was spent
		in this function and its children.  Note that due to
		different viewpoints, functions excluded by options, etc,
		these numbers will NOT add up to 100%.

     self	This is the total amount of time spent in this function.

     children	This is the total amount of time propagated into this
		function by its children.

     called	This is the number of times the function was called.
		If the function called itself recursively, the number
		only includes non-recursive calls, and is followed by
		a `+' and the number of recursive calls.

     name	The name of the current function.  The index number is
		printed after it.  If the function is a member of a
		cycle, the cycle number is printed between the
		function's name and the index number.


 For the function's parents, the fields have the following meanings:

     self	This is the amount of time that was propagated directly
		from the function into this parent.

     children	This is the amount of time that was propagated from
		the function's children into this parent.

     called	This is the number of times this parent called the
		function `/' the total number of times the function
		was called.  Recursive calls to the function are not
		included in the number after the `/'.

     name	This is the name of the parent.  The parent's index
		number is printed after it.  If the parent is a
		member of a cycle, the cycle number is printed between
		the name and the index number.

 If the parents of the function cannot be determined, the word
 `<spontaneous>' is printed in the `name' field, and all the other
 fields are blank.

 For the function's children, the fields have the following meanings:

     self	This is the amount of time that was propagated directly
		from the child into the function.

     children	This is the amount of time that was propagated from the
		child's children to the function.

     called	This is the number of times the function called
		this child `/' the total number of times the child
		was called.  Recursive calls by the child are not
		listed in the number after the `/'.

     name	This is the name of the child.  The child's index
		number is printed after it.  If the child is a
		member of a cycle, the cycle number is printed
		between the name and the index number.

 If there are any cycles (circles) in the call graph, there is an
 entry for the cycle-as-a-whole.  This entry shows who called the
 cycle (as parents) and the members of the cycle (as children.)
 The `+' recursive calls entry shows the number of function calls that
 were internal to the cycle, and the calls entry for each member shows,
 for that member, how many times it was called from other members of
 the cycle.


Index by function name

  [58] LoadSDF_BZ(char*)      [48] alos(double, prop_type&, propa_type&) [6] d1thx2(double*, double const&, double const&, propa_type&)
   [2] PlotLRPath(site, site, unsigned char, _IO_FILE*) [15] avar(double, double, double, prop_type&, propv_type&) [44] lrprop(double, prop_type&, propa_type&)
  [60] ReadLRParm(site, char) [50] haat(site)             [51] qlrpfl(double*, int, int, prop_type&, propa_type&, propv_type&)
  [41] SiteReport(site)       [42] hzns(double*, prop_type&) [13] saalos(double, prop_type&, propa_type&)
  [16] WritePPMSS(char*, unsigned char, unsigned char, unsigned char, site*, unsigned char) [38] adiff(double, prop_type&, propa_type&) [25] Azimuth(site, site)
  [37] FORTRAN_DIM(double const&, double const&) [26] aknfe(double const&) [34] GetMask(double, double)
  [31] LoadSDF_SDF(char*)     [35] alos2(double, prop_type&, propa_type&) [62] LoadPAT(char*)
  [52] PlaceMarker(site)      [24] ascat(double, prop_type&, propa_type&) [63] LoadQTH(char*)
  [59] ReadBearing(char*)     [18] curve(double const&, double const&, double const&, double const&, double const&, double const&) [29] LoadSDF(char*)
  [33] interpolate(int, int, int, int, int) [49] d1thx(double*, double const&, double const&) [21] PutMask(double, double, int)
  [14] GetElevation(site)      [8] hzns2(double*, prop_type&, propa_type&) [46] dec2dms(double)
  [30] LoadTopoData(int, int, int, int) [20] qerfi(double) [10] lrprop2(double, prop_type&, propa_type&)
  [43] AverageTerrain(site, double, double, double) [27] qlrps(double, double, double, int, double, double, prop_type&) [5] qlrpfl2(double*, int, int, prop_type&, propa_type&, propv_type&)
   [4] point_to_point(double*, double, double, double, double, double, double, int, int, double, double, double&, char*, int&) [7] qtile(int const&, double*, int const&) [45] Distance(site, site)
  [61] LoadSignalColors(site) [39] z1sq1(double*, double const&, double const&, double&, double&) [12] ReadPath(site, site)
  [47] point_to_point_ITM(double*, double, double, double, double, double, double, int, int, double, double, double&, char*, int&) [9] z1sq2(double*, double const&, double const&, double&, double&) [40] abq_alos(std::complex<double>)
  [36] ahd(double)            [17] OrMask(double, double, int) [19] GetSignal(double, double)
  [23] fht(double const&, double const&) [11] adiff2(double, prop_type&, propa_type&) [3] PlotLRMap(site, double, char*)
  [32] h0f(double, double)    [28] arccos(double, double) [22] PutSignal(double, double, unsigned char)
