Run with 86 miles:
Flat profile:

Each sample counts as 0.01 seconds.
  %   cumulative   self              self     total           
 time   seconds   seconds    calls  Ks/call  Ks/call  name    
 32.41   2481.57  2481.57 154573638     0.00     0.00  qtile(int const&, double*, int const&)
 26.73   4528.62  2047.05 77286852     0.00     0.00  hzns2(double*, prop_type&, propa_type&)
 22.04   6216.78  1688.16 77286852     0.00     0.00  d1thx2(double*, double const&, double const&, propa_type&)
  7.48   6789.29   572.51 154572337     0.00     0.00  z1sq2(double*, double const&, double const&, double&, double&)
  4.03   7097.95   308.66 77286852     0.00     0.00  point_to_point(double*, double, double, double, double, double, double, int, int, double, double, double&, char*, int&)
  1.27   7195.52    97.57 603522158     0.00     0.00  GetElevation(site)
  1.25   7290.86    95.35 231860437     0.00     0.00  saalos(double, prop_type&, propa_type&)
  1.14   7378.45    87.58 386342916     0.00     0.00  adiff2(double, prop_type&, propa_type&)
  0.77   7437.04    58.59 399457759     0.00     0.00  OrMask(double, double, int)
  0.65   7487.07    50.03        1     0.05     0.05  WritePPMSS(char*, unsigned char, unsigned char, unsigned char, site*, unsigned char)
  0.49   7524.51    37.44    64816     0.00     0.00  ReadPath(site, site)
  0.32   7548.69    24.18 77286852     0.00     0.00  avar(double, double, double, prop_type&, propv_type&)
  0.24   7567.17    18.48 77286852     0.00     0.00  GetSignal(double, double)
  0.17   7580.36    13.19    64800     0.00     0.00  PlotLRPath(site, site, unsigned char, _IO_FILE*)
  0.17   7593.01    12.65 77286852     0.00     0.00  PutMask(double, double, int)
  0.16   7605.21    12.20 77286852     0.00     0.00  PutSignal(double, double, unsigned char)
  0.12   7614.39     9.18 77286852     0.00     0.00  lrprop2(double, prop_type&, propa_type&)
  0.12   7623.37     8.98 231860556     0.00     0.00  curve(double const&, double const&, double const&, double const&, double const&, double const&)
  0.10   7630.76     7.39 154573704     0.00     0.00  qerfi(double)
  0.06   7635.04     4.28 79115194     0.00     0.00  ascat(double, prop_type&, propa_type&)
  0.04   7638.48     3.44 77286852     0.00     0.00  qlrpfl2(double*, int, int, prop_type&, propa_type&, propv_type&)
  0.04   7641.64     3.17 295051841     0.00     0.00  fht(double const&, double const&)
  0.04   7644.70     3.06 461434094     0.00     0.00  aknfe(double const&)
  0.04   7647.68     2.98 77351668     0.00     0.00  Azimuth(site, site)
  0.03   7650.24     2.56 77286852     0.00     0.00  qlrps(double, double, double, int, double, double, prop_type&)
  0.02   7652.05     1.81 603391974     0.00     0.00  arccos(double, double)
  0.02   7653.74     1.69 79115194     0.00     0.00  h0f(double, double)
  0.02   7655.39     1.65       21     0.00     0.00  LoadSDF_SDF(char*)
  0.01   7656.10     0.72 39557597     0.00     0.00  ahd(double)
  0.01   7656.66     0.56                             interpolate(int, int, int, int, int)
  0.01   7657.13     0.47 399457351     0.00     0.00  GetMask(double, double)
  0.00   7657.36     0.23       21     0.00     0.00  LoadSDF(char*)
  0.00   7657.52     0.16 37774927     0.00     0.00  alos2(double, prop_type&, propa_type&)
  0.00   7657.67     0.15                             FORTRAN_DIM(double const&, double const&)
  0.00   7657.81     0.14                             adiff(double, prop_type&, propa_type&)
  0.00   7657.89     0.08                             z1sq1(double*, double const&, double const&, double&, double&)
  0.00   7657.95     0.06    64816     0.00     0.00  Distance(site, site)
  0.00   7658.01     0.06        2     0.00     0.00  dec2dms(double)
  0.00   7658.06     0.05        1     0.00     7.61  PlotLRMap(site, double, char*)
  0.00   7658.10     0.04                             abq_alos(std::complex<double>)
  0.00   7658.12     0.03                             point_to_point_ITM(double*, double, double, double, double, double, double, int, int, double, double, double&, char*, int&)
  0.00   7658.15     0.03                             hzns(double*, prop_type&)
  0.00   7658.17     0.02                             d1thx(double*, double const&, double const&)
  0.00   7658.19     0.02                             lrprop(double, prop_type&, propa_type&)
  0.00   7658.20     0.01                             alos(double, prop_type&, propa_type&)
  0.00   7658.21     0.01                             PlotPath(site, site, char)
  0.00   7658.21     0.01                             qlrpfl(double*, int, int, prop_type&, propa_type&, propv_type&)
  0.00   7658.21     0.00       16     0.00     0.00  AverageTerrain(site, double, double, double)
  0.00   7658.21     0.00        6     0.00     0.00  LoadSDF_BZ(char*)
  0.00   7658.21     0.00        2     0.00     0.00  ReadBearing(char*)
  0.00   7658.21     0.00        2     0.00     0.00  LoadTopoData(int, int, int, int)
  0.00   7658.21     0.00        1     0.00     0.00  ReadLRParm(site, char)
  0.00   7658.21     0.00        1     0.00     0.00  SiteReport(site)
  0.00   7658.21     0.00        1     0.00     0.00  PlaceMarker(site)
  0.00   7658.21     0.00        1     0.00     0.00  LoadSignalColors(site)
  0.00   7658.21     0.00        1     0.00     0.00  haat(site)
  0.00   7658.21     0.00        1     0.00     0.00  LoadPAT(char*)
  0.00   7658.21     0.00        1     0.00     0.00  LoadQTH(char*)

 %         the percentage of the total running time of the
time       program used by this function.

cumulative a running sum of the number of seconds accounted
 seconds   for by this function and those listed above it.

 self      the number of seconds accounted for by this
seconds    function alone.  This is the major sort for this
           listing.

calls      the number of times this function was invoked, if
           this function is profiled, else blank.
 
 self      the average number of milliseconds spent in this
ms/call    function per call, if this function is profiled,
	   else blank.

 total     the average number of milliseconds spent in this
ms/call    function and its descendents per call, if this 
	   function is profiled, else blank.

name       the name of the function.  This is the minor sort
           for this listing. The index shows the location of
	   the function in the gprof listing. If the index is
	   in parenthesis it shows where it would appear in
	   the gprof listing if it were to be printed.

		     Call graph (explanation follows)


granularity: each sample hit covers 2 byte(s) for 0.00% of 7658.21 seconds

index % time    self  children    called     name
                                                 <spontaneous>
[1]    100.0    0.00 7657.13                 main [1]
                0.05 7605.07       1/1           PlotLRMap(site, double, char*) [2]
               50.03    0.00       1/1           WritePPMSS(char*, unsigned char, unsigned char, unsigned char, site*, unsigned char) [16]
                0.00    1.88       2/2           LoadTopoData(int, int, int, int) [29]
                0.00    0.09       1/1           SiteReport(site) [39]
                0.00    0.00       1/1           PlaceMarker(site) [53]
                0.00    0.00       1/603522158     GetElevation(site) [13]
                0.00    0.00       1/1           LoadQTH(char*) [64]
                0.00    0.00       1/1           ReadLRParm(site, char) [61]
-----------------------------------------------
                0.05 7605.07       1/1           main [1]
[2]     99.3    0.05 7605.07       1         PlotLRMap(site, double, char*) [2]
               13.19 7591.88   64800/64800       PlotLRPath(site, site, unsigned char, _IO_FILE*) [3]
-----------------------------------------------
               13.19 7591.88   64800/64800       PlotLRMap(site, double, char*) [2]
[3]     99.3   13.19 7591.88   64800         PlotLRPath(site, site, unsigned char, _IO_FILE*) [3]
              308.66 7041.00 77286852/77286852     point_to_point(double*, double, double, double, double, double, double, int, int, double, double, double&, char*, int&) [4]
               37.43   99.41   64800/64816       ReadPath(site, site) [12]
               58.59    0.00 399455894/399457759     OrMask(double, double, int) [15]
               18.48    0.00 77286852/77286852     GetSignal(double, double) [18]
               12.65    0.00 77286852/77286852     PutMask(double, double, int) [19]
               12.20    0.00 77286852/77286852     PutSignal(double, double, unsigned char) [20]
                2.98    0.00 77286852/77351668     Azimuth(site, site) [26]
                0.47    0.00 399455894/399457351     GetMask(double, double) [35]
-----------------------------------------------
              308.66 7041.00 77286852/77286852     PlotLRPath(site, site, unsigned char, _IO_FILE*) [3]
[4]     96.0  308.66 7041.00 77286852         point_to_point(double*, double, double, double, double, double, double, int, int, double, double, double&, char*, int&) [4]
                3.44 6994.46 77286852/77286852     qlrpfl2(double*, int, int, prop_type&, propa_type&, propv_type&) [5]
               24.18    8.98 77286852/77286852     avar(double, double, double, prop_type&, propv_type&) [17]
                7.39    0.00 154573704/154573704     qerfi(double) [22]
                2.56    0.00 77286852/77286852     qlrps(double, double, double, int, double, double, prop_type&) [27]
-----------------------------------------------
                3.44 6994.46 77286852/77286852     point_to_point(double*, double, double, double, double, double, double, int, int, double, double, double&, char*, int&) [4]
[5]     91.4    3.44 6994.46 77286852         qlrpfl2(double*, int, int, prop_type&, propa_type&, propv_type&) [5]
             1688.16 2767.83 77286852/77286852     d1thx2(double*, double const&, double const&, propa_type&) [6]
             2047.05    0.00 77286852/77286852     hzns2(double*, prop_type&, propa_type&) [8]
              286.25    0.00 77285518/154572337     z1sq2(double*, double const&, double const&, double&, double&) [9]
                9.18  196.00 77286852/77286852     lrprop2(double, prop_type&, propa_type&) [10]
-----------------------------------------------
             1688.16 2767.83 77286852/77286852     qlrpfl2(double*, int, int, prop_type&, propa_type&, propv_type&) [5]
[6]     58.2 1688.16 2767.83 77286852         d1thx2(double*, double const&, double const&, propa_type&) [6]
             2481.57    0.00 154573638/154573638     qtile(int const&, double*, int const&) [7]
              286.26    0.00 77286819/154572337     z1sq2(double*, double const&, double const&, double&, double&) [9]
-----------------------------------------------
             2481.57    0.00 154573638/154573638     d1thx2(double*, double const&, double const&, propa_type&) [6]
[7]     32.4 2481.57    0.00 154573638         qtile(int const&, double*, int const&) [7]
-----------------------------------------------
             2047.05    0.00 77286852/77286852     qlrpfl2(double*, int, int, prop_type&, propa_type&, propv_type&) [5]
[8]     26.7 2047.05    0.00 77286852         hzns2(double*, prop_type&, propa_type&) [8]
-----------------------------------------------
              286.25    0.00 77285518/154572337     qlrpfl2(double*, int, int, prop_type&, propa_type&, propv_type&) [5]
              286.26    0.00 77286819/154572337     d1thx2(double*, double const&, double const&, propa_type&) [6]
[9]      7.5  572.51    0.00 154572337         z1sq2(double*, double const&, double const&, double&, double&) [9]
-----------------------------------------------
                9.18  196.00 77286852/77286852     qlrpfl2(double*, int, int, prop_type&, propa_type&, propv_type&) [5]
[10]     2.7    9.18  196.00 77286852         lrprop2(double, prop_type&, propa_type&) [10]
               87.58  101.55 386342916/386342916     adiff2(double, prop_type&, propa_type&) [11]
                4.28    2.40 79115194/79115194     ascat(double, prop_type&, propa_type&) [23]
                0.16    0.02 37774927/37774927     alos2(double, prop_type&, propa_type&) [36]
-----------------------------------------------
               87.58  101.55 386342916/386342916     lrprop2(double, prop_type&, propa_type&) [10]
[11]     2.5   87.58  101.55 386342916         adiff2(double, prop_type&, propa_type&) [11]
               95.33    0.00 231814818/231860437     saalos(double, prop_type&, propa_type&) [14]
                3.17    0.00 295051841/295051841     fht(double const&, double const&) [24]
                3.06    0.00 461434094/461434094     aknfe(double const&) [25]
-----------------------------------------------
                0.01    0.02      16/64816       AverageTerrain(site, double, double, double) [44]
               37.43   99.41   64800/64816       PlotLRPath(site, site, unsigned char, _IO_FILE*) [3]
[12]     1.8   37.44   99.44   64816         ReadPath(site, site) [12]
               97.57    0.00 603522138/603522158     GetElevation(site) [13]
                1.81    0.00 603391960/603391974     arccos(double, double) [30]
                0.06    0.00   64816/64816       Distance(site, site) [41]
                0.00    0.00   64816/77351668     Azimuth(site, site) [26]
-----------------------------------------------
                0.00    0.00       1/603522158     haat(site) [49]
                0.00    0.00       1/603522158     main [1]
                0.00    0.00       2/603522158     SiteReport(site) [39]
                0.00    0.00      16/603522158     AverageTerrain(site, double, double, double) [44]
               97.57    0.00 603522138/603522158     ReadPath(site, site) [12]
[13]     1.3   97.57    0.00 603522158         GetElevation(site) [13]
-----------------------------------------------
                0.02    0.00   45619/231860437     alos2(double, prop_type&, propa_type&) [36]
               95.33    0.00 231814818/231860437     adiff2(double, prop_type&, propa_type&) [11]
[14]     1.2   95.35    0.00 231860437         saalos(double, prop_type&, propa_type&) [14]
-----------------------------------------------
                0.00    0.00    1865/399457759     PlaceMarker(site) [53]
               58.59    0.00 399455894/399457759     PlotLRPath(site, site, unsigned char, _IO_FILE*) [3]
[15]     0.8   58.59    0.00 399457759         OrMask(double, double, int) [15]
-----------------------------------------------
               50.03    0.00       1/1           main [1]
[16]     0.7   50.03    0.00       1         WritePPMSS(char*, unsigned char, unsigned char, unsigned char, site*, unsigned char) [16]
                0.00    0.00       1/1           LoadSignalColors(site) [62]
-----------------------------------------------
               24.18    8.98 77286852/77286852     point_to_point(double*, double, double, double, double, double, double, int, int, double, double, double&, char*, int&) [4]
[17]     0.4   24.18    8.98 77286852         avar(double, double, double, prop_type&, propv_type&) [17]
                8.98    0.00 231860556/231860556     curve(double const&, double const&, double const&, double const&, double const&, double const&) [21]
-----------------------------------------------
               18.48    0.00 77286852/77286852     PlotLRPath(site, site, unsigned char, _IO_FILE*) [3]
[18]     0.2   18.48    0.00 77286852         GetSignal(double, double) [18]
-----------------------------------------------
               12.65    0.00 77286852/77286852     PlotLRPath(site, site, unsigned char, _IO_FILE*) [3]
[19]     0.2   12.65    0.00 77286852         PutMask(double, double, int) [19]
-----------------------------------------------
               12.20    0.00 77286852/77286852     PlotLRPath(site, site, unsigned char, _IO_FILE*) [3]
[20]     0.2   12.20    0.00 77286852         PutSignal(double, double, unsigned char) [20]
-----------------------------------------------
                8.98    0.00 231860556/231860556     avar(double, double, double, prop_type&, propv_type&) [17]
[21]     0.1    8.98    0.00 231860556         curve(double const&, double const&, double const&, double const&, double const&, double const&) [21]
-----------------------------------------------
                7.39    0.00 154573704/154573704     point_to_point(double*, double, double, double, double, double, double, int, int, double, double, double&, char*, int&) [4]
[22]     0.1    7.39    0.00 154573704         qerfi(double) [22]
-----------------------------------------------
                4.28    2.40 79115194/79115194     lrprop2(double, prop_type&, propa_type&) [10]
[23]     0.1    4.28    2.40 79115194         ascat(double, prop_type&, propa_type&) [23]
                1.69    0.00 79115194/79115194     h0f(double, double) [31]
                0.72    0.00 39557597/39557597     ahd(double) [33]
-----------------------------------------------
                3.17    0.00 295051841/295051841     adiff2(double, prop_type&, propa_type&) [11]
[24]     0.0    3.17    0.00 295051841         fht(double const&, double const&) [24]
-----------------------------------------------
                3.06    0.00 461434094/461434094     adiff2(double, prop_type&, propa_type&) [11]
[25]     0.0    3.06    0.00 461434094         aknfe(double const&) [25]
-----------------------------------------------
                0.00    0.00   64816/77351668     ReadPath(site, site) [12]
                2.98    0.00 77286852/77351668     PlotLRPath(site, site, unsigned char, _IO_FILE*) [3]
[26]     0.0    2.98    0.00 77351668         Azimuth(site, site) [26]
-----------------------------------------------
                2.56    0.00 77286852/77286852     point_to_point(double*, double, double, double, double, double, double, int, int, double, double, double&, char*, int&) [4]
[27]     0.0    2.56    0.00 77286852         qlrps(double, double, double, int, double, double, prop_type&) [27]
-----------------------------------------------
                0.23    1.65      21/21          LoadTopoData(int, int, int, int) [29]
[28]     0.0    0.23    1.65      21         LoadSDF(char*) [28]
                1.65    0.00      21/21          LoadSDF_SDF(char*) [32]
                0.00    0.00       6/6           LoadSDF_BZ(char*) [59]
-----------------------------------------------
                0.00    1.88       2/2           main [1]
[29]     0.0    0.00    1.88       2         LoadTopoData(int, int, int, int) [29]
                0.23    1.65      21/21          LoadSDF(char*) [28]
-----------------------------------------------
                0.00    0.00      14/603391974     AverageTerrain(site, double, double, double) [44]
                1.81    0.00 603391960/603391974     ReadPath(site, site) [12]
[30]     0.0    1.81    0.00 603391974         arccos(double, double) [30]
-----------------------------------------------
                1.69    0.00 79115194/79115194     ascat(double, prop_type&, propa_type&) [23]
[31]     0.0    1.69    0.00 79115194         h0f(double, double) [31]
-----------------------------------------------
                1.65    0.00      21/21          LoadSDF(char*) [28]
[32]     0.0    1.65    0.00      21         LoadSDF_SDF(char*) [32]
-----------------------------------------------
                0.72    0.00 39557597/39557597     ascat(double, prop_type&, propa_type&) [23]
[33]     0.0    0.72    0.00 39557597         ahd(double) [33]
-----------------------------------------------
                                                 <spontaneous>
[34]     0.0    0.56    0.00                 interpolate(int, int, int, int, int) [34]
-----------------------------------------------
                0.00    0.00    1457/399457351     PlaceMarker(site) [53]
                0.47    0.00 399455894/399457351     PlotLRPath(site, site, unsigned char, _IO_FILE*) [3]
[35]     0.0    0.47    0.00 399457351         GetMask(double, double) [35]
-----------------------------------------------
                0.16    0.02 37774927/37774927     lrprop2(double, prop_type&, propa_type&) [10]
[36]     0.0    0.16    0.02 37774927         alos2(double, prop_type&, propa_type&) [36]
                0.02    0.00   45619/231860437     saalos(double, prop_type&, propa_type&) [14]
-----------------------------------------------
                                                 <spontaneous>
[37]     0.0    0.15    0.00                 FORTRAN_DIM(double const&, double const&) [37]
-----------------------------------------------
                                                 <spontaneous>
[38]     0.0    0.14    0.00                 adiff(double, prop_type&, propa_type&) [38]
-----------------------------------------------
                0.00    0.09       1/1           main [1]
[39]     0.0    0.00    0.09       1         SiteReport(site) [39]
                0.06    0.00       2/2           dec2dms(double) [42]
                0.00    0.02       1/1           haat(site) [49]
                0.00    0.02       8/16          AverageTerrain(site, double, double, double) [44]
                0.00    0.00       2/603522158     GetElevation(site) [13]
-----------------------------------------------
                                                 <spontaneous>
[40]     0.0    0.08    0.00                 z1sq1(double*, double const&, double const&, double&, double&) [40]
-----------------------------------------------
                0.06    0.00   64816/64816       ReadPath(site, site) [12]
[41]     0.0    0.06    0.00   64816         Distance(site, site) [41]
-----------------------------------------------
                0.06    0.00       2/2           SiteReport(site) [39]
[42]     0.0    0.06    0.00       2         dec2dms(double) [42]
-----------------------------------------------
                                                 <spontaneous>
[43]     0.0    0.04    0.00                 abq_alos(std::complex<double>) [43]
-----------------------------------------------
                0.00    0.02       8/16          haat(site) [49]
                0.00    0.02       8/16          SiteReport(site) [39]
[44]     0.0    0.00    0.03      16         AverageTerrain(site, double, double, double) [44]
                0.01    0.02      16/64816       ReadPath(site, site) [12]
                0.00    0.00      16/603522158     GetElevation(site) [13]
                0.00    0.00      14/603391974     arccos(double, double) [30]
-----------------------------------------------
                                                 <spontaneous>
[45]     0.0    0.03    0.00                 point_to_point_ITM(double*, double, double, double, double, double, double, int, int, double, double, double&, char*, int&) [45]
-----------------------------------------------
                                                 <spontaneous>
[46]     0.0    0.03    0.00                 hzns(double*, prop_type&) [46]
-----------------------------------------------
                                                 <spontaneous>
[47]     0.0    0.02    0.00                 d1thx(double*, double const&, double const&) [47]
-----------------------------------------------
                                                 <spontaneous>
[48]     0.0    0.02    0.00                 lrprop(double, prop_type&, propa_type&) [48]
-----------------------------------------------
                0.00    0.02       1/1           SiteReport(site) [39]
[49]     0.0    0.00    0.02       1         haat(site) [49]
                0.00    0.02       8/16          AverageTerrain(site, double, double, double) [44]
                0.00    0.00       1/603522158     GetElevation(site) [13]
-----------------------------------------------
                                                 <spontaneous>
[50]     0.0    0.01    0.00                 alos(double, prop_type&, propa_type&) [50]
-----------------------------------------------
                                                 <spontaneous>
[51]     0.0    0.01    0.00                 PlotPath(site, site, char) [51]
-----------------------------------------------
                                                 <spontaneous>
[52]     0.0    0.01    0.00                 qlrpfl(double*, int, int, prop_type&, propa_type&, propv_type&) [52]
-----------------------------------------------
                0.00    0.00       1/1           main [1]
[53]     0.0    0.00    0.00       1         PlaceMarker(site) [53]
                0.00    0.00    1865/399457759     OrMask(double, double, int) [15]
                0.00    0.00    1457/399457351     GetMask(double, double) [35]
-----------------------------------------------
                0.00    0.00       6/6           LoadSDF(char*) [28]
[59]     0.0    0.00    0.00       6         LoadSDF_BZ(char*) [59]
-----------------------------------------------
                0.00    0.00       2/2           LoadQTH(char*) [64]
[60]     0.0    0.00    0.00       2         ReadBearing(char*) [60]
-----------------------------------------------
                0.00    0.00       1/1           main [1]
[61]     0.0    0.00    0.00       1         ReadLRParm(site, char) [61]
                0.00    0.00       1/1           LoadPAT(char*) [63]
-----------------------------------------------
                0.00    0.00       1/1           WritePPMSS(char*, unsigned char, unsigned char, unsigned char, site*, unsigned char) [16]
[62]     0.0    0.00    0.00       1         LoadSignalColors(site) [62]
-----------------------------------------------
                0.00    0.00       1/1           ReadLRParm(site, char) [61]
[63]     0.0    0.00    0.00       1         LoadPAT(char*) [63]
-----------------------------------------------
                0.00    0.00       1/1           main [1]
[64]     0.0    0.00    0.00       1         LoadQTH(char*) [64]
                0.00    0.00       2/2           ReadBearing(char*) [60]
-----------------------------------------------

 This table describes the call tree of the program, and was sorted by
 the total amount of time spent in each function and its children.

 Each entry in this table consists of several lines.  The line with the
 index number at the left hand margin lists the current function.
 The lines above it list the functions that called this function,
 and the lines below it list the functions this one called.
 This line lists:
     index	A unique number given to each element of the table.
		Index numbers are sorted numerically.
		The index number is printed next to every function name so
		it is easier to look up where the function in the table.

     % time	This is the percentage of the `total' time that was spent
		in this function and its children.  Note that due to
		different viewpoints, functions excluded by options, etc,
		these numbers will NOT add up to 100%.

     self	This is the total amount of time spent in this function.

     children	This is the total amount of time propagated into this
		function by its children.

     called	This is the number of times the function was called.
		If the function called itself recursively, the number
		only includes non-recursive calls, and is followed by
		a `+' and the number of recursive calls.

     name	The name of the current function.  The index number is
		printed after it.  If the function is a member of a
		cycle, the cycle number is printed between the
		function's name and the index number.


 For the function's parents, the fields have the following meanings:

     self	This is the amount of time that was propagated directly
		from the function into this parent.

     children	This is the amount of time that was propagated from
		the function's children into this parent.

     called	This is the number of times this parent called the
		function `/' the total number of times the function
		was called.  Recursive calls to the function are not
		included in the number after the `/'.

     name	This is the name of the parent.  The parent's index
		number is printed after it.  If the parent is a
		member of a cycle, the cycle number is printed between
		the name and the index number.

 If the parents of the function cannot be determined, the word
 `<spontaneous>' is printed in the `name' field, and all the other
 fields are blank.

 For the function's children, the fields have the following meanings:

     self	This is the amount of time that was propagated directly
		from the child into the function.

     children	This is the amount of time that was propagated from the
		child's children to the function.

     called	This is the number of times the function called
		this child `/' the total number of times the child
		was called.  Recursive calls by the child are not
		listed in the number after the `/'.

     name	This is the name of the child.  The child's index
		number is printed after it.  If the child is a
		member of a cycle, the cycle number is printed
		between the name and the index number.

 If there are any cycles (circles) in the call graph, there is an
 entry for the cycle-as-a-whole.  This entry shows who called the
 cycle (as parents) and the members of the cycle (as children.)
 The `+' recursive calls entry shows the number of function calls that
 were internal to the cycle, and the calls entry for each member shows,
 for that member, how many times it was called from other members of
 the cycle.


Index by function name

  [59] LoadSDF_BZ(char*)      [17] avar(double, double, double, prop_type&, propv_type&) [52] qlrpfl(double*, int, int, prop_type&, propa_type&, propv_type&)
   [3] PlotLRPath(site, site, unsigned char, _IO_FILE*) [49] haat(site) [14] saalos(double, prop_type&, propa_type&)
  [61] ReadLRParm(site, char) [46] hzns(double*, prop_type&) [26] Azimuth(site, site)
  [39] SiteReport(site)       [38] adiff(double, prop_type&, propa_type&) [35] GetMask(double, double)
  [16] WritePPMSS(char*, unsigned char, unsigned char, unsigned char, site*, unsigned char) [25] aknfe(double const&) [63] LoadPAT(char*)
  [37] FORTRAN_DIM(double const&, double const&) [36] alos2(double, prop_type&, propa_type&) [64] LoadQTH(char*)
  [32] LoadSDF_SDF(char*)     [23] ascat(double, prop_type&, propa_type&) [28] LoadSDF(char*)
  [53] PlaceMarker(site)      [21] curve(double const&, double const&, double const&, double const&, double const&, double const&) [19] PutMask(double, double, int)
  [60] ReadBearing(char*)     [47] d1thx(double*, double const&, double const&) [42] dec2dms(double)
  [34] interpolate(int, int, int, int, int) [8] hzns2(double*, prop_type&, propa_type&) [10] lrprop2(double, prop_type&, propa_type&)
  [13] GetElevation(site)     [22] qerfi(double)           [5] qlrpfl2(double*, int, int, prop_type&, propa_type&, propv_type&)
  [29] LoadTopoData(int, int, int, int) [27] qlrps(double, double, double, int, double, double, prop_type&) [41] Distance(site, site)
  [44] AverageTerrain(site, double, double, double) [7] qtile(int const&, double*, int const&) [51] PlotPath(site, site, char)
   [4] point_to_point(double*, double, double, double, double, double, double, int, int, double, double, double&, char*, int&) [40] z1sq1(double*, double const&, double const&, double&, double&) [12] ReadPath(site, site)
  [62] LoadSignalColors(site)  [9] z1sq2(double*, double const&, double const&, double&, double&) [43] abq_alos(std::complex<double>)
  [45] point_to_point_ITM(double*, double, double, double, double, double, double, int, int, double, double, double&, char*, int&) [15] OrMask(double, double, int) [18] GetSignal(double, double)
  [33] ahd(double)            [11] adiff2(double, prop_type&, propa_type&) [2] PlotLRMap(site, double, char*)
  [24] fht(double const&, double const&) [30] arccos(double, double) [20] PutSignal(double, double, unsigned char)
  [31] h0f(double, double)     [6] d1thx2(double*, double const&, double const&, propa_type&)
  [50] alos(double, prop_type&, propa_type&) [48] lrprop(double, prop_type&, propa_type&)
