Run with 53 miles:
Flat profile:

Each sample counts as 0.01 seconds.
  %   cumulative   self              self     total           
 time   seconds   seconds    calls  Ks/call  Ks/call  name    
 42.01   1022.46  1022.46 58706804     0.00     0.00  qtile(int const&, double*, int const&)
 22.62   1572.97   550.51 29353435     0.00     0.00  d1thx2(double*, double const&, double const&, propa_type&)
 19.67   2051.65   478.68 29353435     0.00     0.00  hzns2(double*, prop_type&, propa_type&)
  5.48   2185.08   133.43 58705499     0.00     0.00  z1sq2(double*, double const&, double const&, double&, double&)
  3.03   2258.92    73.84 29353435     0.00     0.00  point_to_point(double*, double, double, double, double, double, double, int, int, double, double, double&, char*, int&)
  1.50   2295.44    36.52 88060245     0.00     0.00  saalos(double, prop_type&, propa_type&)
  1.32   2327.48    32.03 146675861     0.00     0.00  adiff2(double, prop_type&, propa_type&)
  1.03   2352.52    25.04 269311012     0.00     0.00  GetElevation(site)
  0.67   2368.82    16.30    43216     0.00     0.00  ReadPath(site, site)
  0.53   2381.73    12.91        1     0.01     0.01  WritePPMSS(char*, unsigned char, unsigned char, unsigned char, site*, unsigned char)
  0.44   2392.41    10.68 160882075     0.00     0.00  OrMask(double, double, int)
  0.39   2401.95     9.54 29353435     0.00     0.00  avar(double, double, double, prop_type&, propv_type&)
  0.22   2407.37     5.42    43200     0.00     0.00  PlotLRPath(site, site, unsigned char, _IO_FILE*)
  0.17   2411.53     4.16 88060305     0.00     0.00  curve(double const&, double const&, double const&, double const&, double const&, double const&)
  0.15   2415.27     3.75 29353435     0.00     0.00  lrprop2(double, prop_type&, propa_type&)
  0.13   2418.32     3.05 29353435     0.00     0.00  GetSignal(double, double)
  0.11   2421.03     2.71 58706870     0.00     0.00  qerfi(double)
  0.07   2422.73     1.70 29353435     0.00     0.00  PutMask(double, double, int)
  0.06   2424.24     1.51 29353435     0.00     0.00  PutSignal(double, double, unsigned char)
  0.06   2425.64     1.40 29353435     0.00     0.00  qlrpfl2(double*, int, int, prop_type&, propa_type&, propv_type&)
  0.05   2426.92     1.28 29396651     0.00     0.00  Azimuth(site, site)
  0.05   2428.15     1.23 174117645     0.00     0.00  aknfe(double const&)
  0.05   2429.34     1.20 111143886     0.00     0.00  fht(double const&, double const&)
  0.04   2430.39     1.05 29353435     0.00     0.00  qlrps(double, double, double, int, double, double, prop_type&)
  0.04   2431.33     0.94 269224048     0.00     0.00  arccos(double, double)
  0.04   2432.19     0.86       10     0.00     0.00  LoadSDF_SDF(char*)
  0.03   2432.93     0.74 12605060     0.00     0.00  ascat(double, prop_type&, propa_type&)
  0.01   2433.28     0.35 12605060     0.00     0.00  h0f(double, double)
  0.01   2433.49     0.21 160881667     0.00     0.00  GetMask(double, double)
  0.01   2433.68     0.19                             interpolate(int, int, int, int, int)
  0.00   2433.78     0.10 23096562     0.00     0.00  alos2(double, prop_type&, propa_type&)
  0.00   2433.85     0.08  6302530     0.00     0.00  ahd(double)
  0.00   2433.90     0.05       10     0.00     0.00  LoadSDF(char*)
  0.00   2433.94     0.04                             lrprop(double, prop_type&, propa_type&)
  0.00   2433.98     0.04                             adiff(double, prop_type&, propa_type&)
  0.00   2434.01     0.03        2     0.00     0.00  dec2dms(double)
  0.00   2434.04     0.03                             z1sq1(double*, double const&, double const&, double&, double&)
  0.00   2434.07     0.03                             abq_alos(std::complex<double>)
  0.00   2434.09     0.03                             FORTRAN_DIM(double const&, double const&)
  0.00   2434.12     0.03                             point_to_point_ITM(double*, double, double, double, double, double, double, int, int, double, double, double&, char*, int&)
  0.00   2434.13     0.01    43216     0.00     0.00  Distance(site, site)
  0.00   2434.14     0.01                             alos(double, prop_type&, propa_type&)
  0.00   2434.15     0.01                             hzns(double*, prop_type&)
  0.00   2434.16     0.01                             d1thx(double*, double const&, double const&)
  0.00   2434.17     0.01                             qlrpfl(double*, int, int, prop_type&, propa_type&, propv_type&)
  0.00   2434.17     0.00       16     0.00     0.00  AverageTerrain(site, double, double, double)
  0.00   2434.17     0.00        2     0.00     0.00  LoadSDF_BZ(char*)
  0.00   2434.17     0.00        2     0.00     0.00  ReadBearing(char*)
  0.00   2434.17     0.00        2     0.00     0.00  LoadTopoData(int, int, int, int)
  0.00   2434.17     0.00        1     0.00     0.00  ReadLRParm(site, char)
  0.00   2434.17     0.00        1     0.00     0.00  SiteReport(site)
  0.00   2434.17     0.00        1     0.00     0.00  PlaceMarker(site)
  0.00   2434.17     0.00        1     0.00     0.00  LoadSignalColors(site)
  0.00   2434.17     0.00        1     0.00     0.00  haat(site)
  0.00   2434.17     0.00        1     0.00     0.00  LoadPAT(char*)
  0.00   2434.17     0.00        1     0.00     0.00  LoadQTH(char*)
  0.00   2434.17     0.00        1     0.00     2.42  PlotLRMap(site, double, char*)

 %         the percentage of the total running time of the
time       program used by this function.

cumulative a running sum of the number of seconds accounted
 seconds   for by this function and those listed above it.

 self      the number of seconds accounted for by this
seconds    function alone.  This is the major sort for this
           listing.

calls      the number of times this function was invoked, if
           this function is profiled, else blank.
 
 self      the average number of milliseconds spent in this
ms/call    function per call, if this function is profiled,
	   else blank.

 total     the average number of milliseconds spent in this
ms/call    function and its descendents per call, if this 
	   function is profiled, else blank.

name       the name of the function.  This is the minor sort
           for this listing. The index shows the location of
	   the function in the gprof listing. If the index is
	   in parenthesis it shows where it would appear in
	   the gprof listing if it were to be printed.

		     Call graph (explanation follows)


granularity: each sample hit covers 2 byte(s) for 0.00% of 2434.17 seconds

index % time    self  children    called     name
                                                 <spontaneous>
[1]    100.0    0.00 2433.75                 main [1]
                0.00 2419.89       1/1           PlotLRMap(site, double, char*) [3]
               12.91    0.00       1/1           WritePPMSS(char*, unsigned char, unsigned char, unsigned char, site*, unsigned char) [16]
                0.00    0.91       2/2           LoadTopoData(int, int, int, int) [30]
                0.00    0.05       1/1           SiteReport(site) [37]
                0.00    0.00       1/1           PlaceMarker(site) [52]
                0.00    0.00       1/269311012     GetElevation(site) [14]
                0.00    0.00       1/1           LoadQTH(char*) [63]
                0.00    0.00       1/1           ReadLRParm(site, char) [60]
-----------------------------------------------
                5.42 2414.47   43200/43200       PlotLRMap(site, double, char*) [3]
[2]     99.4    5.42 2414.47   43200         PlotLRPath(site, site, unsigned char, _IO_FILE*) [2]
               73.84 2279.92 29353435/29353435     point_to_point(double*, double, double, double, double, double, double, int, int, double, double, double&, char*, int&) [4]
               16.29   25.98   43200/43216       ReadPath(site, site) [12]
               10.68    0.00 160880210/160882075     OrMask(double, double, int) [17]
                3.05    0.00 29353435/29353435     GetSignal(double, double) [19]
                1.70    0.00 29353435/29353435     PutMask(double, double, int) [21]
                1.51    0.00 29353435/29353435     PutSignal(double, double, unsigned char) [22]
                1.28    0.00 29353435/29396651     Azimuth(site, site) [23]
                0.21    0.00 160880210/160881667     GetMask(double, double) [33]
-----------------------------------------------
                0.00 2419.89       1/1           main [1]
[3]     99.4    0.00 2419.89       1         PlotLRMap(site, double, char*) [3]
                5.42 2414.47   43200/43200       PlotLRPath(site, site, unsigned char, _IO_FILE*) [2]
-----------------------------------------------
               73.84 2279.92 29353435/29353435     PlotLRPath(site, site, unsigned char, _IO_FILE*) [2]
[4]     96.7   73.84 2279.92 29353435         point_to_point(double*, double, double, double, double, double, double, int, int, double, double, double&, char*, int&) [4]
                1.40 2261.07 29353435/29353435     qlrpfl2(double*, int, int, prop_type&, propa_type&, propv_type&) [5]
                9.54    4.16 29353435/29353435     avar(double, double, double, prop_type&, propv_type&) [15]
                2.71    0.00 58706870/58706870     qerfi(double) [20]
                1.05    0.00 29353435/29353435     qlrps(double, double, double, int, double, double, prop_type&) [27]
-----------------------------------------------
                1.40 2261.07 29353435/29353435     point_to_point(double*, double, double, double, double, double, double, int, int, double, double, double&, char*, int&) [4]
[5]     92.9    1.40 2261.07 29353435         qlrpfl2(double*, int, int, prop_type&, propa_type&, propv_type&) [5]
              550.51 1089.18 29353435/29353435     d1thx2(double*, double const&, double const&, propa_type&) [6]
              478.68    0.00 29353435/29353435     hzns2(double*, prop_type&, propa_type&) [8]
                3.75   72.24 29353435/29353435     lrprop2(double, prop_type&, propa_type&) [10]
               66.71    0.00 29352097/58705499     z1sq2(double*, double const&, double const&, double&, double&) [9]
-----------------------------------------------
              550.51 1089.18 29353435/29353435     qlrpfl2(double*, int, int, prop_type&, propa_type&, propv_type&) [5]
[6]     67.4  550.51 1089.18 29353435         d1thx2(double*, double const&, double const&, propa_type&) [6]
             1022.46    0.00 58706804/58706804     qtile(int const&, double*, int const&) [7]
               66.72    0.00 29353402/58705499     z1sq2(double*, double const&, double const&, double&, double&) [9]
-----------------------------------------------
             1022.46    0.00 58706804/58706804     d1thx2(double*, double const&, double const&, propa_type&) [6]
[7]     42.0 1022.46    0.00 58706804         qtile(int const&, double*, int const&) [7]
-----------------------------------------------
              478.68    0.00 29353435/29353435     qlrpfl2(double*, int, int, prop_type&, propa_type&, propv_type&) [5]
[8]     19.7  478.68    0.00 29353435         hzns2(double*, prop_type&, propa_type&) [8]
-----------------------------------------------
               66.71    0.00 29352097/58705499     qlrpfl2(double*, int, int, prop_type&, propa_type&, propv_type&) [5]
               66.72    0.00 29353402/58705499     d1thx2(double*, double const&, double const&, propa_type&) [6]
[9]      5.5  133.43    0.00 58705499         z1sq2(double*, double const&, double const&, double&, double&) [9]
-----------------------------------------------
                3.75   72.24 29353435/29353435     qlrpfl2(double*, int, int, prop_type&, propa_type&, propv_type&) [5]
[10]     3.1    3.75   72.24 29353435         lrprop2(double, prop_type&, propa_type&) [10]
               32.03   38.92 146675861/146675861     adiff2(double, prop_type&, propa_type&) [11]
                0.74    0.43 12605060/12605060     ascat(double, prop_type&, propa_type&) [26]
                0.10    0.02 23096562/23096562     alos2(double, prop_type&, propa_type&) [35]
-----------------------------------------------
               32.03   38.92 146675861/146675861     lrprop2(double, prop_type&, propa_type&) [10]
[11]     2.9   32.03   38.92 146675861         adiff2(double, prop_type&, propa_type&) [11]
               36.50    0.00 88014636/88060245     saalos(double, prop_type&, propa_type&) [13]
                1.23    0.00 174117645/174117645     aknfe(double const&) [24]
                1.20    0.00 111143886/111143886     fht(double const&, double const&) [25]
-----------------------------------------------
                0.01    0.01      16/43216       AverageTerrain(site, double, double, double) [45]
               16.29   25.98   43200/43216       PlotLRPath(site, site, unsigned char, _IO_FILE*) [2]
[12]     1.7   16.30   25.99   43216         ReadPath(site, site) [12]
               25.04    0.00 269310992/269311012     GetElevation(site) [14]
                0.94    0.00 269224034/269224048     arccos(double, double) [28]
                0.01    0.00   43216/43216       Distance(site, site) [46]
                0.00    0.00   43216/29396651     Azimuth(site, site) [23]
-----------------------------------------------
                0.02    0.00   45609/88060245     alos2(double, prop_type&, propa_type&) [35]
               36.50    0.00 88014636/88060245     adiff2(double, prop_type&, propa_type&) [11]
[13]     1.5   36.52    0.00 88060245         saalos(double, prop_type&, propa_type&) [13]
-----------------------------------------------
                0.00    0.00       1/269311012     haat(site) [51]
                0.00    0.00       1/269311012     main [1]
                0.00    0.00       2/269311012     SiteReport(site) [37]
                0.00    0.00      16/269311012     AverageTerrain(site, double, double, double) [45]
               25.04    0.00 269310992/269311012     ReadPath(site, site) [12]
[14]     1.0   25.04    0.00 269311012         GetElevation(site) [14]
-----------------------------------------------
                9.54    4.16 29353435/29353435     point_to_point(double*, double, double, double, double, double, double, int, int, double, double, double&, char*, int&) [4]
[15]     0.6    9.54    4.16 29353435         avar(double, double, double, prop_type&, propv_type&) [15]
                4.16    0.00 88060305/88060305     curve(double const&, double const&, double const&, double const&, double const&, double const&) [18]
-----------------------------------------------
               12.91    0.00       1/1           main [1]
[16]     0.5   12.91    0.00       1         WritePPMSS(char*, unsigned char, unsigned char, unsigned char, site*, unsigned char) [16]
                0.00    0.00       1/1           LoadSignalColors(site) [61]
-----------------------------------------------
                0.00    0.00    1865/160882075     PlaceMarker(site) [52]
               10.68    0.00 160880210/160882075     PlotLRPath(site, site, unsigned char, _IO_FILE*) [2]
[17]     0.4   10.68    0.00 160882075         OrMask(double, double, int) [17]
-----------------------------------------------
                4.16    0.00 88060305/88060305     avar(double, double, double, prop_type&, propv_type&) [15]
[18]     0.2    4.16    0.00 88060305         curve(double const&, double const&, double const&, double const&, double const&, double const&) [18]
-----------------------------------------------
                3.05    0.00 29353435/29353435     PlotLRPath(site, site, unsigned char, _IO_FILE*) [2]
[19]     0.1    3.05    0.00 29353435         GetSignal(double, double) [19]
-----------------------------------------------
                2.71    0.00 58706870/58706870     point_to_point(double*, double, double, double, double, double, double, int, int, double, double, double&, char*, int&) [4]
[20]     0.1    2.71    0.00 58706870         qerfi(double) [20]
-----------------------------------------------
                1.70    0.00 29353435/29353435     PlotLRPath(site, site, unsigned char, _IO_FILE*) [2]
[21]     0.1    1.70    0.00 29353435         PutMask(double, double, int) [21]
-----------------------------------------------
                1.51    0.00 29353435/29353435     PlotLRPath(site, site, unsigned char, _IO_FILE*) [2]
[22]     0.1    1.51    0.00 29353435         PutSignal(double, double, unsigned char) [22]
-----------------------------------------------
                0.00    0.00   43216/29396651     ReadPath(site, site) [12]
                1.28    0.00 29353435/29396651     PlotLRPath(site, site, unsigned char, _IO_FILE*) [2]
[23]     0.1    1.28    0.00 29396651         Azimuth(site, site) [23]
-----------------------------------------------
                1.23    0.00 174117645/174117645     adiff2(double, prop_type&, propa_type&) [11]
[24]     0.1    1.23    0.00 174117645         aknfe(double const&) [24]
-----------------------------------------------
                1.20    0.00 111143886/111143886     adiff2(double, prop_type&, propa_type&) [11]
[25]     0.0    1.20    0.00 111143886         fht(double const&, double const&) [25]
-----------------------------------------------
                0.74    0.43 12605060/12605060     lrprop2(double, prop_type&, propa_type&) [10]
[26]     0.0    0.74    0.43 12605060         ascat(double, prop_type&, propa_type&) [26]
                0.35    0.00 12605060/12605060     h0f(double, double) [32]
                0.08    0.00 6302530/6302530     ahd(double) [36]
-----------------------------------------------
                1.05    0.00 29353435/29353435     point_to_point(double*, double, double, double, double, double, double, int, int, double, double, double&, char*, int&) [4]
[27]     0.0    1.05    0.00 29353435         qlrps(double, double, double, int, double, double, prop_type&) [27]
-----------------------------------------------
                0.00    0.00      14/269224048     AverageTerrain(site, double, double, double) [45]
                0.94    0.00 269224034/269224048     ReadPath(site, site) [12]
[28]     0.0    0.94    0.00 269224048         arccos(double, double) [28]
-----------------------------------------------
                0.05    0.86      10/10          LoadTopoData(int, int, int, int) [30]
[29]     0.0    0.05    0.86      10         LoadSDF(char*) [29]
                0.86    0.00      10/10          LoadSDF_SDF(char*) [31]
                0.00    0.00       2/2           LoadSDF_BZ(char*) [58]
-----------------------------------------------
                0.00    0.91       2/2           main [1]
[30]     0.0    0.00    0.91       2         LoadTopoData(int, int, int, int) [30]
                0.05    0.86      10/10          LoadSDF(char*) [29]
-----------------------------------------------
                0.86    0.00      10/10          LoadSDF(char*) [29]
[31]     0.0    0.86    0.00      10         LoadSDF_SDF(char*) [31]
-----------------------------------------------
                0.35    0.00 12605060/12605060     ascat(double, prop_type&, propa_type&) [26]
[32]     0.0    0.35    0.00 12605060         h0f(double, double) [32]
-----------------------------------------------
                0.00    0.00    1457/160881667     PlaceMarker(site) [52]
                0.21    0.00 160880210/160881667     PlotLRPath(site, site, unsigned char, _IO_FILE*) [2]
[33]     0.0    0.21    0.00 160881667         GetMask(double, double) [33]
-----------------------------------------------
                                                 <spontaneous>
[34]     0.0    0.19    0.00                 interpolate(int, int, int, int, int) [34]
-----------------------------------------------
                0.10    0.02 23096562/23096562     lrprop2(double, prop_type&, propa_type&) [10]
[35]     0.0    0.10    0.02 23096562         alos2(double, prop_type&, propa_type&) [35]
                0.02    0.00   45609/88060245     saalos(double, prop_type&, propa_type&) [13]
-----------------------------------------------
                0.08    0.00 6302530/6302530     ascat(double, prop_type&, propa_type&) [26]
[36]     0.0    0.08    0.00 6302530         ahd(double) [36]
-----------------------------------------------
                0.00    0.05       1/1           main [1]
[37]     0.0    0.00    0.05       1         SiteReport(site) [37]
                0.03    0.00       2/2           dec2dms(double) [40]
                0.00    0.01       1/1           haat(site) [51]
                0.00    0.01       8/16          AverageTerrain(site, double, double, double) [45]
                0.00    0.00       2/269311012     GetElevation(site) [14]
-----------------------------------------------
                                                 <spontaneous>
[38]     0.0    0.04    0.00                 lrprop(double, prop_type&, propa_type&) [38]
-----------------------------------------------
                                                 <spontaneous>
[39]     0.0    0.04    0.00                 adiff(double, prop_type&, propa_type&) [39]
-----------------------------------------------
                0.03    0.00       2/2           SiteReport(site) [37]
[40]     0.0    0.03    0.00       2         dec2dms(double) [40]
-----------------------------------------------
                                                 <spontaneous>
[41]     0.0    0.03    0.00                 z1sq1(double*, double const&, double const&, double&, double&) [41]
-----------------------------------------------
                                                 <spontaneous>
[42]     0.0    0.03    0.00                 abq_alos(std::complex<double>) [42]
-----------------------------------------------
                                                 <spontaneous>
[43]     0.0    0.03    0.00                 FORTRAN_DIM(double const&, double const&) [43]
-----------------------------------------------
                                                 <spontaneous>
[44]     0.0    0.03    0.00                 point_to_point_ITM(double*, double, double, double, double, double, double, int, int, double, double, double&, char*, int&) [44]
-----------------------------------------------
                0.00    0.01       8/16          haat(site) [51]
                0.00    0.01       8/16          SiteReport(site) [37]
[45]     0.0    0.00    0.02      16         AverageTerrain(site, double, double, double) [45]
                0.01    0.01      16/43216       ReadPath(site, site) [12]
                0.00    0.00      16/269311012     GetElevation(site) [14]
                0.00    0.00      14/269224048     arccos(double, double) [28]
-----------------------------------------------
                0.01    0.00   43216/43216       ReadPath(site, site) [12]
[46]     0.0    0.01    0.00   43216         Distance(site, site) [46]
-----------------------------------------------
                                                 <spontaneous>
[47]     0.0    0.01    0.00                 alos(double, prop_type&, propa_type&) [47]
-----------------------------------------------
                                                 <spontaneous>
[48]     0.0    0.01    0.00                 hzns(double*, prop_type&) [48]
-----------------------------------------------
                                                 <spontaneous>
[49]     0.0    0.01    0.00                 d1thx(double*, double const&, double const&) [49]
-----------------------------------------------
                                                 <spontaneous>
[50]     0.0    0.01    0.00                 qlrpfl(double*, int, int, prop_type&, propa_type&, propv_type&) [50]
-----------------------------------------------
                0.00    0.01       1/1           SiteReport(site) [37]
[51]     0.0    0.00    0.01       1         haat(site) [51]
                0.00    0.01       8/16          AverageTerrain(site, double, double, double) [45]
                0.00    0.00       1/269311012     GetElevation(site) [14]
-----------------------------------------------
                0.00    0.00       1/1           main [1]
[52]     0.0    0.00    0.00       1         PlaceMarker(site) [52]
                0.00    0.00    1865/160882075     OrMask(double, double, int) [17]
                0.00    0.00    1457/160881667     GetMask(double, double) [33]
-----------------------------------------------
                0.00    0.00       2/2           LoadSDF(char*) [29]
[58]     0.0    0.00    0.00       2         LoadSDF_BZ(char*) [58]
-----------------------------------------------
                0.00    0.00       2/2           LoadQTH(char*) [63]
[59]     0.0    0.00    0.00       2         ReadBearing(char*) [59]
-----------------------------------------------
                0.00    0.00       1/1           main [1]
[60]     0.0    0.00    0.00       1         ReadLRParm(site, char) [60]
                0.00    0.00       1/1           LoadPAT(char*) [62]
-----------------------------------------------
                0.00    0.00       1/1           WritePPMSS(char*, unsigned char, unsigned char, unsigned char, site*, unsigned char) [16]
[61]     0.0    0.00    0.00       1         LoadSignalColors(site) [61]
-----------------------------------------------
                0.00    0.00       1/1           ReadLRParm(site, char) [60]
[62]     0.0    0.00    0.00       1         LoadPAT(char*) [62]
-----------------------------------------------
                0.00    0.00       1/1           main [1]
[63]     0.0    0.00    0.00       1         LoadQTH(char*) [63]
                0.00    0.00       2/2           ReadBearing(char*) [59]
-----------------------------------------------

 This table describes the call tree of the program, and was sorted by
 the total amount of time spent in each function and its children.

 Each entry in this table consists of several lines.  The line with the
 index number at the left hand margin lists the current function.
 The lines above it list the functions that called this function,
 and the lines below it list the functions this one called.
 This line lists:
     index	A unique number given to each element of the table.
		Index numbers are sorted numerically.
		The index number is printed next to every function name so
		it is easier to look up where the function in the table.

     % time	This is the percentage of the `total' time that was spent
		in this function and its children.  Note that due to
		different viewpoints, functions excluded by options, etc,
		these numbers will NOT add up to 100%.

     self	This is the total amount of time spent in this function.

     children	This is the total amount of time propagated into this
		function by its children.

     called	This is the number of times the function was called.
		If the function called itself recursively, the number
		only includes non-recursive calls, and is followed by
		a `+' and the number of recursive calls.

     name	The name of the current function.  The index number is
		printed after it.  If the function is a member of a
		cycle, the cycle number is printed between the
		function's name and the index number.


 For the function's parents, the fields have the following meanings:

     self	This is the amount of time that was propagated directly
		from the function into this parent.

     children	This is the amount of time that was propagated from
		the function's children into this parent.

     called	This is the number of times this parent called the
		function `/' the total number of times the function
		was called.  Recursive calls to the function are not
		included in the number after the `/'.

     name	This is the name of the parent.  The parent's index
		number is printed after it.  If the parent is a
		member of a cycle, the cycle number is printed between
		the name and the index number.

 If the parents of the function cannot be determined, the word
 `<spontaneous>' is printed in the `name' field, and all the other
 fields are blank.

 For the function's children, the fields have the following meanings:

     self	This is the amount of time that was propagated directly
		from the child into the function.

     children	This is the amount of time that was propagated from the
		child's children to the function.

     called	This is the number of times the function called
		this child `/' the total number of times the child
		was called.  Recursive calls by the child are not
		listed in the number after the `/'.

     name	This is the name of the child.  The child's index
		number is printed after it.  If the child is a
		member of a cycle, the cycle number is printed
		between the name and the index number.

 If there are any cycles (circles) in the call graph, there is an
 entry for the cycle-as-a-whole.  This entry shows who called the
 cycle (as parents) and the members of the cycle (as children.)
 The `+' recursive calls entry shows the number of function calls that
 were internal to the cycle, and the calls entry for each member shows,
 for that member, how many times it was called from other members of
 the cycle.


Index by function name

  [58] LoadSDF_BZ(char*)      [47] alos(double, prop_type&, propa_type&) [6] d1thx2(double*, double const&, double const&, propa_type&)
   [2] PlotLRPath(site, site, unsigned char, _IO_FILE*) [15] avar(double, double, double, prop_type&, propv_type&) [38] lrprop(double, prop_type&, propa_type&)
  [60] ReadLRParm(site, char) [51] haat(site)             [50] qlrpfl(double*, int, int, prop_type&, propa_type&, propv_type&)
  [37] SiteReport(site)       [48] hzns(double*, prop_type&) [13] saalos(double, prop_type&, propa_type&)
  [16] WritePPMSS(char*, unsigned char, unsigned char, unsigned char, site*, unsigned char) [39] adiff(double, prop_type&, propa_type&) [23] Azimuth(site, site)
  [43] FORTRAN_DIM(double const&, double const&) [24] aknfe(double const&) [33] GetMask(double, double)
  [31] LoadSDF_SDF(char*)     [35] alos2(double, prop_type&, propa_type&) [62] LoadPAT(char*)
  [52] PlaceMarker(site)      [26] ascat(double, prop_type&, propa_type&) [63] LoadQTH(char*)
  [59] ReadBearing(char*)     [18] curve(double const&, double const&, double const&, double const&, double const&, double const&) [29] LoadSDF(char*)
  [34] interpolate(int, int, int, int, int) [49] d1thx(double*, double const&, double const&) [21] PutMask(double, double, int)
  [14] GetElevation(site)      [8] hzns2(double*, prop_type&, propa_type&) [40] dec2dms(double)
  [30] LoadTopoData(int, int, int, int) [20] qerfi(double) [10] lrprop2(double, prop_type&, propa_type&)
  [45] AverageTerrain(site, double, double, double) [27] qlrps(double, double, double, int, double, double, prop_type&) [5] qlrpfl2(double*, int, int, prop_type&, propa_type&, propv_type&)
   [4] point_to_point(double*, double, double, double, double, double, double, int, int, double, double, double&, char*, int&) [7] qtile(int const&, double*, int const&) [46] Distance(site, site)
  [61] LoadSignalColors(site) [41] z1sq1(double*, double const&, double const&, double&, double&) [12] ReadPath(site, site)
  [44] point_to_point_ITM(double*, double, double, double, double, double, double, int, int, double, double, double&, char*, int&) [9] z1sq2(double*, double const&, double const&, double&, double&) [42] abq_alos(std::complex<double>)
  [36] ahd(double)            [17] OrMask(double, double, int) [19] GetSignal(double, double)
  [25] fht(double const&, double const&) [11] adiff2(double, prop_type&, propa_type&) [3] PlotLRMap(site, double, char*)
  [32] h0f(double, double)    [28] arccos(double, double) [22] PutSignal(double, double, unsigned char)
