Run with 29 miles:
Flat profile:

Each sample counts as 0.01 seconds.
  %   cumulative   self              self     total           
 time   seconds   seconds    calls   s/call   s/call  name    
 38.08    157.14   157.14 17577370     0.00     0.00  qtile(int const&, double*, int const&)
 21.72    246.75    89.62  8788718     0.00     0.00  d1thx2(double*, double const&, double const&, propa_type&)
 18.84    324.52    77.76  8788718     0.00     0.00  hzns2(double*, prop_type&, propa_type&)
  5.39    346.75    22.23 17576066     0.00     0.00  z1sq2(double*, double const&, double const&, double&, double&)
  2.85    358.53    11.78  8788718     0.00     0.00  point_to_point(double*, double, double, double, double, double, double, int, int, double, double, double&, char*, int&)
  2.65    369.46    10.94 26366105     0.00     0.00  saalos(double, prop_type&, propa_type&)
  2.40    379.36     9.90 43852212     0.00     0.00  adiff2(double, prop_type&, propa_type&)
  1.96    387.44     8.08    28816     0.00     0.00  ReadPath(site, site)
  1.88    395.20     7.76 123857898     0.00     0.00  GetElevation(site)
  0.95    399.10     3.90        1     3.90     3.90  WritePPMSS(char*, unsigned char, unsigned char, unsigned char, site*, unsigned char)
  0.72    402.08     2.98  8788718     0.00     0.00  avar(double, double, double, prop_type&, propv_type&)
  0.56    404.38     2.30 56727837     0.00     0.00  OrMask(double, double, int)
  0.45    406.23     1.85    28800     0.00     0.01  PlotLRPath(site, site, unsigned char, _IO_FILE*)
  0.27    407.32     1.10  8788718     0.00     0.00  lrprop2(double, prop_type&, propa_type&)
  0.25    408.37     1.05 26366154     0.00     0.00  curve(double const&, double const&, double const&, double const&, double const&, double const&)
  0.19    409.17     0.80 17577436     0.00     0.00  qerfi(double)
  0.13    409.72     0.55  8788718     0.00     0.00  GetSignal(double, double)
  0.10    410.12     0.40  8817534     0.00     0.00  Azimuth(site, site)
  0.09    410.47     0.36  8788718     0.00     0.00  qlrps(double, double, double, int, double, double, prop_type&)
  0.08    410.81     0.34 52018437     0.00     0.00  aknfe(double const&)
  0.08    411.14     0.33  8788718     0.00     0.00  qlrpfl2(double*, int, int, prop_type&, propa_type&, propv_type&)
  0.08    411.45     0.31        5     0.06     0.06  LoadSDF_SDF(char*)
  0.07    411.73     0.28 33055975     0.00     0.00  fht(double const&, double const&)
  0.07    412.01     0.28 123799759     0.00     0.00  arccos(double, double)
  0.05    412.21     0.20  8788718     0.00     0.00  PutMask(double, double, int)
  0.04    412.36     0.15  8788718     0.00     0.00  PutSignal(double, double, unsigned char)
  0.02    412.45     0.09                             interpolate(int, int, int, int, int)
  0.01    412.50     0.05 56727429     0.00     0.00  GetMask(double, double)
  0.01    412.55     0.05  8834407     0.00     0.00  alos2(double, prop_type&, propa_type&)
  0.01    412.59     0.04        5     0.01     0.07  LoadSDF(char*)
  0.01    412.62     0.03                             FORTRAN_DIM(double const&, double const&)
  0.00    412.64     0.02    28816     0.00     0.00  Distance(site, site)
  0.00    412.66     0.02                             adiff(double, prop_type&, propa_type&)
  0.00    412.67     0.01        1     0.01   408.27  PlotLRMap(site, double, char*)
  0.00    412.68     0.01                             z1sq1(double*, double const&, double const&, double&, double&)
  0.00    412.69     0.01                             lrprop(double, prop_type&, propa_type&)
  0.00    412.69     0.01                             point_to_point_ITM(double*, double, double, double, double, double, double, int, int, double, double, double&, char*, int&)
  0.00    412.70     0.01                             ascat(double, prop_type&, propa_type&)
  0.00    412.70     0.01                             abq_alos(std::complex<double>)
  0.00    412.70     0.00       16     0.00     0.00  AverageTerrain(site, double, double, double)
  0.00    412.70     0.00        2     0.00     0.00  LoadSDF_BZ(char*)
  0.00    412.70     0.00        2     0.00     0.00  ReadBearing(char*)
  0.00    412.70     0.00        2     0.00     0.18  LoadTopoData(int, int, int, int)
  0.00    412.70     0.00        2     0.00     0.00  dec2dms(double)
  0.00    412.70     0.00        1     0.00     0.00  ReadLRParm(site, char)
  0.00    412.70     0.00        1     0.00     0.01  SiteReport(site)
  0.00    412.70     0.00        1     0.00     0.00  PlaceMarker(site)
  0.00    412.70     0.00        1     0.00     0.00  LoadSignalColors(site)
  0.00    412.70     0.00        1     0.00     0.00  haat(site)
  0.00    412.70     0.00        1     0.00     0.00  LoadPAT(char*)
  0.00    412.70     0.00        1     0.00     0.00  LoadQTH(char*)

 %         the percentage of the total running time of the
time       program used by this function.

cumulative a running sum of the number of seconds accounted
 seconds   for by this function and those listed above it.

 self      the number of seconds accounted for by this
seconds    function alone.  This is the major sort for this
           listing.

calls      the number of times this function was invoked, if
           this function is profiled, else blank.
 
 self      the average number of milliseconds spent in this
ms/call    function per call, if this function is profiled,
	   else blank.

 total     the average number of milliseconds spent in this
ms/call    function and its descendents per call, if this 
	   function is profiled, else blank.

name       the name of the function.  This is the minor sort
           for this listing. The index shows the location of
	   the function in the gprof listing. If the index is
	   in parenthesis it shows where it would appear in
	   the gprof listing if it were to be printed.

		     Call graph (explanation follows)


granularity: each sample hit covers 2 byte(s) for 0.00% of 412.70 seconds

index % time    self  children    called     name
                                                 <spontaneous>
[1]    100.0    0.00  412.53                 main [1]
                0.01  408.26       1/1           PlotLRMap(site, double, char*) [2]
                3.90    0.00       1/1           WritePPMSS(char*, unsigned char, unsigned char, unsigned char, site*, unsigned char) [16]
                0.00    0.35       2/2           LoadTopoData(int, int, int, int) [24]
                0.00    0.01       1/1           SiteReport(site) [39]
                0.00    0.00       1/1           PlaceMarker(site) [45]
                0.00    0.00       1/123857898     GetElevation(site) [14]
                0.00    0.00       1/1           LoadQTH(char*) [57]
                0.00    0.00       1/1           ReadLRParm(site, char) [54]
-----------------------------------------------
                0.01  408.26       1/1           main [1]
[2]     98.9    0.01  408.26       1         PlotLRMap(site, double, char*) [2]
                1.85  406.41   28800/28800       PlotLRPath(site, site, unsigned char, _IO_FILE*) [3]
-----------------------------------------------
                1.85  406.41   28800/28800       PlotLRMap(site, double, char*) [2]
[3]     98.9    1.85  406.41   28800         PlotLRPath(site, site, unsigned char, _IO_FILE*) [3]
               11.78  374.86 8788718/8788718     point_to_point(double*, double, double, double, double, double, double, int, int, double, double, double&, char*, int&) [4]
                8.08    8.06   28800/28816       ReadPath(site, site) [12]
                2.30    0.00 56725972/56727837     OrMask(double, double, int) [17]
                0.55    0.00 8788718/8788718     GetSignal(double, double) [20]
                0.40    0.00 8788718/8817534     Azimuth(site, site) [21]
                0.20    0.00 8788718/8788718     PutMask(double, double, int) [29]
                0.15    0.00 8788718/8788718     PutSignal(double, double, unsigned char) [30]
                0.05    0.00 56725972/56727429     GetMask(double, double) [33]
-----------------------------------------------
               11.78  374.86 8788718/8788718     PlotLRPath(site, site, unsigned char, _IO_FILE*) [3]
[4]     93.7   11.78  374.86 8788718         point_to_point(double*, double, double, double, double, double, double, int, int, double, double, double&, char*, int&) [4]
                0.33  369.35 8788718/8788718     qlrpfl2(double*, int, int, prop_type&, propa_type&, propv_type&) [5]
                2.98    1.05 8788718/8788718     avar(double, double, double, prop_type&, propv_type&) [15]
                0.80    0.00 17577436/17577436     qerfi(double) [19]
                0.36    0.00 8788718/8788718     qlrps(double, double, double, int, double, double, prop_type&) [22]
-----------------------------------------------
                0.33  369.35 8788718/8788718     point_to_point(double*, double, double, double, double, double, double, int, int, double, double, double&, char*, int&) [4]
[5]     89.6    0.33  369.35 8788718         qlrpfl2(double*, int, int, prop_type&, propa_type&, propv_type&) [5]
               89.62  168.26 8788718/8788718     d1thx2(double*, double const&, double const&, propa_type&) [6]
               77.76    0.00 8788718/8788718     hzns2(double*, prop_type&, propa_type&) [8]
                1.10   21.50 8788718/8788718     lrprop2(double, prop_type&, propa_type&) [9]
               11.11    0.00 8787381/17576066     z1sq2(double*, double const&, double const&, double&, double&) [10]
-----------------------------------------------
               89.62  168.26 8788718/8788718     qlrpfl2(double*, int, int, prop_type&, propa_type&, propv_type&) [5]
[6]     62.5   89.62  168.26 8788718         d1thx2(double*, double const&, double const&, propa_type&) [6]
              157.14    0.00 17577370/17577370     qtile(int const&, double*, int const&) [7]
               11.12    0.00 8788685/17576066     z1sq2(double*, double const&, double const&, double&, double&) [10]
-----------------------------------------------
              157.14    0.00 17577370/17577370     d1thx2(double*, double const&, double const&, propa_type&) [6]
[7]     38.1  157.14    0.00 17577370         qtile(int const&, double*, int const&) [7]
-----------------------------------------------
               77.76    0.00 8788718/8788718     qlrpfl2(double*, int, int, prop_type&, propa_type&, propv_type&) [5]
[8]     18.8   77.76    0.00 8788718         hzns2(double*, prop_type&, propa_type&) [8]
-----------------------------------------------
                1.10   21.50 8788718/8788718     qlrpfl2(double*, int, int, prop_type&, propa_type&, propv_type&) [5]
[9]      5.5    1.10   21.50 8788718         lrprop2(double, prop_type&, propa_type&) [9]
                9.90   11.54 43852212/43852212     adiff2(double, prop_type&, propa_type&) [11]
                0.05    0.02 8834407/8834407     alos2(double, prop_type&, propa_type&) [32]
-----------------------------------------------
               11.11    0.00 8787381/17576066     qlrpfl2(double*, int, int, prop_type&, propa_type&, propv_type&) [5]
               11.12    0.00 8788685/17576066     d1thx2(double*, double const&, double const&, propa_type&) [6]
[10]     5.4   22.23    0.00 17576066         z1sq2(double*, double const&, double const&, double&, double&) [10]
-----------------------------------------------
                9.90   11.54 43852212/43852212     lrprop2(double, prop_type&, propa_type&) [9]
[11]     5.2    9.90   11.54 43852212         adiff2(double, prop_type&, propa_type&) [11]
               10.92    0.00 26320462/26366105     saalos(double, prop_type&, propa_type&) [13]
                0.34    0.00 52018437/52018437     aknfe(double const&) [25]
                0.28    0.00 33055975/33055975     fht(double const&, double const&) [27]
-----------------------------------------------
                0.00    0.00      16/28816       AverageTerrain(site, double, double, double) [40]
                8.08    8.06   28800/28816       PlotLRPath(site, site, unsigned char, _IO_FILE*) [3]
[12]     3.9    8.08    8.06   28816         ReadPath(site, site) [12]
                7.76    0.00 123857878/123857898     GetElevation(site) [14]
                0.28    0.00 123799745/123799759     arccos(double, double) [28]
                0.02    0.00   28816/28816       Distance(site, site) [35]
                0.00    0.00   28816/8817534     Azimuth(site, site) [21]
-----------------------------------------------
                0.02    0.00   45643/26366105     alos2(double, prop_type&, propa_type&) [32]
               10.92    0.00 26320462/26366105     adiff2(double, prop_type&, propa_type&) [11]
[13]     2.6   10.94    0.00 26366105         saalos(double, prop_type&, propa_type&) [13]
-----------------------------------------------
                0.00    0.00       1/123857898     haat(site) [44]
                0.00    0.00       1/123857898     main [1]
                0.00    0.00       2/123857898     SiteReport(site) [39]
                0.00    0.00      16/123857898     AverageTerrain(site, double, double, double) [40]
                7.76    0.00 123857878/123857898     ReadPath(site, site) [12]
[14]     1.9    7.76    0.00 123857898         GetElevation(site) [14]
-----------------------------------------------
                2.98    1.05 8788718/8788718     point_to_point(double*, double, double, double, double, double, double, int, int, double, double, double&, char*, int&) [4]
[15]     1.0    2.98    1.05 8788718         avar(double, double, double, prop_type&, propv_type&) [15]
                1.05    0.00 26366154/26366154     curve(double const&, double const&, double const&, double const&, double const&, double const&) [18]
-----------------------------------------------
                3.90    0.00       1/1           main [1]
[16]     0.9    3.90    0.00       1         WritePPMSS(char*, unsigned char, unsigned char, unsigned char, site*, unsigned char) [16]
                0.00    0.00       1/1           LoadSignalColors(site) [55]
-----------------------------------------------
                0.00    0.00    1865/56727837     PlaceMarker(site) [45]
                2.30    0.00 56725972/56727837     PlotLRPath(site, site, unsigned char, _IO_FILE*) [3]
[17]     0.6    2.30    0.00 56727837         OrMask(double, double, int) [17]
-----------------------------------------------
                1.05    0.00 26366154/26366154     avar(double, double, double, prop_type&, propv_type&) [15]
[18]     0.3    1.05    0.00 26366154         curve(double const&, double const&, double const&, double const&, double const&, double const&) [18]
-----------------------------------------------
                0.80    0.00 17577436/17577436     point_to_point(double*, double, double, double, double, double, double, int, int, double, double, double&, char*, int&) [4]
[19]     0.2    0.80    0.00 17577436         qerfi(double) [19]
-----------------------------------------------
                0.55    0.00 8788718/8788718     PlotLRPath(site, site, unsigned char, _IO_FILE*) [3]
[20]     0.1    0.55    0.00 8788718         GetSignal(double, double) [20]
-----------------------------------------------
                0.00    0.00   28816/8817534     ReadPath(site, site) [12]
                0.40    0.00 8788718/8817534     PlotLRPath(site, site, unsigned char, _IO_FILE*) [3]
[21]     0.1    0.40    0.00 8817534         Azimuth(site, site) [21]
-----------------------------------------------
                0.36    0.00 8788718/8788718     point_to_point(double*, double, double, double, double, double, double, int, int, double, double, double&, char*, int&) [4]
[22]     0.1    0.36    0.00 8788718         qlrps(double, double, double, int, double, double, prop_type&) [22]
-----------------------------------------------
                0.04    0.31       5/5           LoadTopoData(int, int, int, int) [24]
[23]     0.1    0.04    0.31       5         LoadSDF(char*) [23]
                0.31    0.00       5/5           LoadSDF_SDF(char*) [26]
                0.00    0.00       2/2           LoadSDF_BZ(char*) [51]
-----------------------------------------------
                0.00    0.35       2/2           main [1]
[24]     0.1    0.00    0.35       2         LoadTopoData(int, int, int, int) [24]
                0.04    0.31       5/5           LoadSDF(char*) [23]
-----------------------------------------------
                0.34    0.00 52018437/52018437     adiff2(double, prop_type&, propa_type&) [11]
[25]     0.1    0.34    0.00 52018437         aknfe(double const&) [25]
-----------------------------------------------
                0.31    0.00       5/5           LoadSDF(char*) [23]
[26]     0.1    0.31    0.00       5         LoadSDF_SDF(char*) [26]
-----------------------------------------------
                0.28    0.00 33055975/33055975     adiff2(double, prop_type&, propa_type&) [11]
[27]     0.1    0.28    0.00 33055975         fht(double const&, double const&) [27]
-----------------------------------------------
                0.00    0.00      14/123799759     AverageTerrain(site, double, double, double) [40]
                0.28    0.00 123799745/123799759     ReadPath(site, site) [12]
[28]     0.1    0.28    0.00 123799759         arccos(double, double) [28]
-----------------------------------------------
                0.20    0.00 8788718/8788718     PlotLRPath(site, site, unsigned char, _IO_FILE*) [3]
[29]     0.0    0.20    0.00 8788718         PutMask(double, double, int) [29]
-----------------------------------------------
                0.15    0.00 8788718/8788718     PlotLRPath(site, site, unsigned char, _IO_FILE*) [3]
[30]     0.0    0.15    0.00 8788718         PutSignal(double, double, unsigned char) [30]
-----------------------------------------------
                                                 <spontaneous>
[31]     0.0    0.09    0.00                 interpolate(int, int, int, int, int) [31]
-----------------------------------------------
                0.05    0.02 8834407/8834407     lrprop2(double, prop_type&, propa_type&) [9]
[32]     0.0    0.05    0.02 8834407         alos2(double, prop_type&, propa_type&) [32]
                0.02    0.00   45643/26366105     saalos(double, prop_type&, propa_type&) [13]
-----------------------------------------------
                0.00    0.00    1457/56727429     PlaceMarker(site) [45]
                0.05    0.00 56725972/56727429     PlotLRPath(site, site, unsigned char, _IO_FILE*) [3]
[33]     0.0    0.05    0.00 56727429         GetMask(double, double) [33]
-----------------------------------------------
                                                 <spontaneous>
[34]     0.0    0.03    0.00                 FORTRAN_DIM(double const&, double const&) [34]
-----------------------------------------------
                0.02    0.00   28816/28816       ReadPath(site, site) [12]
[35]     0.0    0.02    0.00   28816         Distance(site, site) [35]
-----------------------------------------------
                                                 <spontaneous>
[36]     0.0    0.02    0.00                 adiff(double, prop_type&, propa_type&) [36]
-----------------------------------------------
                                                 <spontaneous>
[37]     0.0    0.01    0.00                 z1sq1(double*, double const&, double const&, double&, double&) [37]
-----------------------------------------------
                                                 <spontaneous>
[38]     0.0    0.01    0.00                 lrprop(double, prop_type&, propa_type&) [38]
-----------------------------------------------
                0.00    0.01       1/1           main [1]
[39]     0.0    0.00    0.01       1         SiteReport(site) [39]
                0.00    0.00       1/1           haat(site) [44]
                0.00    0.00       8/16          AverageTerrain(site, double, double, double) [40]
                0.00    0.00       2/123857898     GetElevation(site) [14]
                0.00    0.00       2/2           dec2dms(double) [53]
-----------------------------------------------
                0.00    0.00       8/16          haat(site) [44]
                0.00    0.00       8/16          SiteReport(site) [39]
[40]     0.0    0.00    0.01      16         AverageTerrain(site, double, double, double) [40]
                0.00    0.00      16/28816       ReadPath(site, site) [12]
                0.00    0.00      16/123857898     GetElevation(site) [14]
                0.00    0.00      14/123799759     arccos(double, double) [28]
-----------------------------------------------
                                                 <spontaneous>
[41]     0.0    0.01    0.00                 point_to_point_ITM(double*, double, double, double, double, double, double, int, int, double, double, double&, char*, int&) [41]
-----------------------------------------------
                                                 <spontaneous>
[42]     0.0    0.01    0.00                 ascat(double, prop_type&, propa_type&) [42]
-----------------------------------------------
                                                 <spontaneous>
[43]     0.0    0.01    0.00                 abq_alos(std::complex<double>) [43]
-----------------------------------------------
                0.00    0.00       1/1           SiteReport(site) [39]
[44]     0.0    0.00    0.00       1         haat(site) [44]
                0.00    0.00       8/16          AverageTerrain(site, double, double, double) [40]
                0.00    0.00       1/123857898     GetElevation(site) [14]
-----------------------------------------------
                0.00    0.00       1/1           main [1]
[45]     0.0    0.00    0.00       1         PlaceMarker(site) [45]
                0.00    0.00    1865/56727837     OrMask(double, double, int) [17]
                0.00    0.00    1457/56727429     GetMask(double, double) [33]
-----------------------------------------------
                0.00    0.00       2/2           LoadSDF(char*) [23]
[51]     0.0    0.00    0.00       2         LoadSDF_BZ(char*) [51]
-----------------------------------------------
                0.00    0.00       2/2           LoadQTH(char*) [57]
[52]     0.0    0.00    0.00       2         ReadBearing(char*) [52]
-----------------------------------------------
                0.00    0.00       2/2           SiteReport(site) [39]
[53]     0.0    0.00    0.00       2         dec2dms(double) [53]
-----------------------------------------------
                0.00    0.00       1/1           main [1]
[54]     0.0    0.00    0.00       1         ReadLRParm(site, char) [54]
                0.00    0.00       1/1           LoadPAT(char*) [56]
-----------------------------------------------
                0.00    0.00       1/1           WritePPMSS(char*, unsigned char, unsigned char, unsigned char, site*, unsigned char) [16]
[55]     0.0    0.00    0.00       1         LoadSignalColors(site) [55]
-----------------------------------------------
                0.00    0.00       1/1           ReadLRParm(site, char) [54]
[56]     0.0    0.00    0.00       1         LoadPAT(char*) [56]
-----------------------------------------------
                0.00    0.00       1/1           main [1]
[57]     0.0    0.00    0.00       1         LoadQTH(char*) [57]
                0.00    0.00       2/2           ReadBearing(char*) [52]
-----------------------------------------------

 This table describes the call tree of the program, and was sorted by
 the total amount of time spent in each function and its children.

 Each entry in this table consists of several lines.  The line with the
 index number at the left hand margin lists the current function.
 The lines above it list the functions that called this function,
 and the lines below it list the functions this one called.
 This line lists:
     index	A unique number given to each element of the table.
		Index numbers are sorted numerically.
		The index number is printed next to every function name so
		it is easier to look up where the function in the table.

     % time	This is the percentage of the `total' time that was spent
		in this function and its children.  Note that due to
		different viewpoints, functions excluded by options, etc,
		these numbers will NOT add up to 100%.

     self	This is the total amount of time spent in this function.

     children	This is the total amount of time propagated into this
		function by its children.

     called	This is the number of times the function was called.
		If the function called itself recursively, the number
		only includes non-recursive calls, and is followed by
		a `+' and the number of recursive calls.

     name	The name of the current function.  The index number is
		printed after it.  If the function is a member of a
		cycle, the cycle number is printed between the
		function's name and the index number.


 For the function's parents, the fields have the following meanings:

     self	This is the amount of time that was propagated directly
		from the function into this parent.

     children	This is the amount of time that was propagated from
		the function's children into this parent.

     called	This is the number of times this parent called the
		function `/' the total number of times the function
		was called.  Recursive calls to the function are not
		included in the number after the `/'.

     name	This is the name of the parent.  The parent's index
		number is printed after it.  If the parent is a
		member of a cycle, the cycle number is printed between
		the name and the index number.

 If the parents of the function cannot be determined, the word
 `<spontaneous>' is printed in the `name' field, and all the other
 fields are blank.

 For the function's children, the fields have the following meanings:

     self	This is the amount of time that was propagated directly
		from the child into the function.

     children	This is the amount of time that was propagated from the
		child's children to the function.

     called	This is the number of times the function called
		this child `/' the total number of times the child
		was called.  Recursive calls by the child are not
		listed in the number after the `/'.

     name	This is the name of the child.  The child's index
		number is printed after it.  If the child is a
		member of a cycle, the cycle number is printed
		between the name and the index number.

 If there are any cycles (circles) in the call graph, there is an
 entry for the cycle-as-a-whole.  This entry shows who called the
 cycle (as parents) and the members of the cycle (as children.)
 The `+' recursive calls entry shows the number of function calls that
 were internal to the cycle, and the calls entry for each member shows,
 for that member, how many times it was called from other members of
 the cycle.


Index by function name

  [51] LoadSDF_BZ(char*)      [15] avar(double, double, double, prop_type&, propv_type&) [38] lrprop(double, prop_type&, propa_type&)
   [3] PlotLRPath(site, site, unsigned char, _IO_FILE*) [44] haat(site) [13] saalos(double, prop_type&, propa_type&)
  [54] ReadLRParm(site, char) [36] adiff(double, prop_type&, propa_type&) [21] Azimuth(site, site)
  [39] SiteReport(site)       [25] aknfe(double const&)   [33] GetMask(double, double)
  [16] WritePPMSS(char*, unsigned char, unsigned char, unsigned char, site*, unsigned char) [32] alos2(double, prop_type&, propa_type&) [56] LoadPAT(char*)
  [34] FORTRAN_DIM(double const&, double const&) [42] ascat(double, prop_type&, propa_type&) [57] LoadQTH(char*)
  [26] LoadSDF_SDF(char*)     [18] curve(double const&, double const&, double const&, double const&, double const&, double const&) [23] LoadSDF(char*)
  [45] PlaceMarker(site)       [8] hzns2(double*, prop_type&, propa_type&) [29] PutMask(double, double, int)
  [52] ReadBearing(char*)     [19] qerfi(double)          [53] dec2dms(double)
  [31] interpolate(int, int, int, int, int) [22] qlrps(double, double, double, int, double, double, prop_type&) [9] lrprop2(double, prop_type&, propa_type&)
  [14] GetElevation(site)      [7] qtile(int const&, double*, int const&) [5] qlrpfl2(double*, int, int, prop_type&, propa_type&, propv_type&)
  [24] LoadTopoData(int, int, int, int) [37] z1sq1(double*, double const&, double const&, double&, double&) [35] Distance(site, site)
  [40] AverageTerrain(site, double, double, double) [10] z1sq2(double*, double const&, double const&, double&, double&) [12] ReadPath(site, site)
   [4] point_to_point(double*, double, double, double, double, double, double, int, int, double, double, double&, char*, int&) [17] OrMask(double, double, int) [43] abq_alos(std::complex<double>)
  [55] LoadSignalColors(site) [11] adiff2(double, prop_type&, propa_type&) [20] GetSignal(double, double)
  [41] point_to_point_ITM(double*, double, double, double, double, double, double, int, int, double, double, double&, char*, int&) [28] arccos(double, double) [2] PlotLRMap(site, double, char*)
  [27] fht(double const&, double const&) [6] d1thx2(double*, double const&, double const&, propa_type&) [30] PutSignal(double, double, unsigned char)
