Run with 94 miles:
Flat profile:

Each sample counts as 0.01 seconds.
  %   cumulative   self              self     total           
 time   seconds   seconds    calls  Ks/call  Ks/call  name    
 39.04   4381.72  4381.72 184657284     0.00     0.00  qtile(int const&, double*, int const&)
 23.77   7049.73  2668.01 92328675     0.00     0.00  hzns2(double*, prop_type&, propa_type&)
 21.37   9449.00  2399.27 92328675     0.00     0.00  d1thx2(double*, double const&, double const&, propa_type&)
  6.64  10194.34   745.34 184655983     0.00     0.00  z1sq2(double*, double const&, double const&, double&, double&)
  3.58  10596.40   402.06 92328675     0.00     0.00  point_to_point(double*, double, double, double, double, double, double, int, int, double, double, double&, char*, int&)
  1.03  10712.31   115.91 276985876     0.00     0.00  saalos(double, prop_type&, propa_type&)
  0.91  10814.12   101.81 461552031     0.00     0.00  adiff2(double, prop_type&, propa_type&)
  0.87  10911.49    97.37 603522158     0.00     0.00  GetElevation(site)
  0.59  10978.24    66.75 444477946     0.00     0.00  OrMask(double, double, int)
  0.44  11027.69    49.44        1     0.05     0.05  WritePPMSS(char*, unsigned char, unsigned char, unsigned char, site*, unsigned char)
  0.33  11064.46    36.77    64816     0.00     0.00  ReadPath(site, site)
  0.26  11093.44    28.98 92328675     0.00     0.00  avar(double, double, double, prop_type&, propv_type&)
  0.19  11114.76    21.32 92328675     0.00     0.00  GetSignal(double, double)
  0.14  11130.53    15.77 92328675     0.00     0.00  PutMask(double, double, int)
  0.13  11145.53    15.00    64800     0.00     0.00  PlotLRPath(site, site, unsigned char, _IO_FILE*)
  0.12  11159.18    13.65 92328675     0.00     0.00  PutSignal(double, double, unsigned char)
  0.10  11170.57    11.39 92328675     0.00     0.00  lrprop2(double, prop_type&, propa_type&)
  0.10  11181.46    10.89 276986025     0.00     0.00  curve(double const&, double const&, double const&, double const&, double const&, double const&)
  0.07  11189.81     8.35 184657350     0.00     0.00  qerfi(double)
  0.06  11197.09     7.28 105127474     0.00     0.00  ascat(double, prop_type&, propa_type&)
  0.04  11201.14     4.05 92328675     0.00     0.00  qlrpfl2(double*, int, int, prop_type&, propa_type&, propv_type&)
  0.03  11204.99     3.85 353130597     0.00     0.00  fht(double const&, double const&)
  0.03  11208.82     3.84 551685002     0.00     0.00  aknfe(double const&)
  0.03  11212.55     3.73 92328675     0.00     0.00  qlrps(double, double, double, int, double, double, prop_type&)
  0.03  11216.21     3.66 92393491     0.00     0.00  Azimuth(site, site)
  0.02  11218.85     2.65 105127474     0.00     0.00  h0f(double, double)
  0.02  11221.05     2.20 603391974     0.00     0.00  arccos(double, double)
  0.02  11222.74     1.69       21     0.00     0.00  LoadSDF_SDF(char*)
  0.01  11223.65     0.91 52563737     0.00     0.00  ahd(double)
  0.00  11224.18     0.53 444477538     0.00     0.00  GetMask(double, double)
  0.00  11224.65     0.47                             interpolate(int, int, int, int, int)
  0.00  11224.88     0.23       21     0.00     0.00  LoadSDF(char*)
  0.00  11225.05     0.17 39810610     0.00     0.00  alos2(double, prop_type&, propa_type&)
  0.00  11225.17     0.12                             adiff(double, prop_type&, propa_type&)
  0.00  11225.28     0.12                             FORTRAN_DIM(double const&, double const&)
  0.00  11225.38     0.10                             abq_alos(std::complex<double>)
  0.00  11225.45     0.07                             z1sq1(double*, double const&, double const&, double&, double&)
  0.00  11225.51     0.06        2     0.00     0.00  dec2dms(double)
  0.00  11225.56     0.05                             point_to_point_ITM(double*, double, double, double, double, double, double, int, int, double, double, double&, char*, int&)
  0.00  11225.60     0.04                             qlrpfl(double*, int, int, prop_type&, propa_type&, propv_type&)
  0.00  11225.63     0.03    64816     0.00     0.00  Distance(site, site)
  0.00  11225.66     0.03                             hzns(double*, prop_type&)
  0.00  11225.69     0.03                             lrprop(double, prop_type&, propa_type&)
  0.00  11225.71     0.03                             d1thx(double*, double const&, double const&)
  0.00  11225.72     0.01                             alos(double, prop_type&, propa_type&)
  0.00  11225.72     0.00       16     0.00     0.00  AverageTerrain(site, double, double, double)
  0.00  11225.72     0.00        6     0.00     0.00  LoadSDF_BZ(char*)
  0.00  11225.72     0.00        2     0.00     0.00  ReadBearing(char*)
  0.00  11225.72     0.00        2     0.00     0.00  LoadTopoData(int, int, int, int)
  0.00  11225.72     0.00        1     0.00     0.00  ReadLRParm(site, char)
  0.00  11225.72     0.00        1     0.00     0.00  SiteReport(site)
  0.00  11225.72     0.00        1     0.00     0.00  PlaceMarker(site)
  0.00  11225.72     0.00        1     0.00     0.00  LoadSignalColors(site)
  0.00  11225.72     0.00        1     0.00     0.00  haat(site)
  0.00  11225.72     0.00        1     0.00     0.00  LoadPAT(char*)
  0.00  11225.72     0.00        1     0.00     0.00  LoadQTH(char*)
  0.00  11225.72     0.00        1     0.00    11.17  PlotLRMap(site, double, char*)

 %         the percentage of the total running time of the
time       program used by this function.

cumulative a running sum of the number of seconds accounted
 seconds   for by this function and those listed above it.

 self      the number of seconds accounted for by this
seconds    function alone.  This is the major sort for this
           listing.

calls      the number of times this function was invoked, if
           this function is profiled, else blank.
 
 self      the average number of milliseconds spent in this
ms/call    function per call, if this function is profiled,
	   else blank.

 total     the average number of milliseconds spent in this
ms/call    function and its descendents per call, if this 
	   function is profiled, else blank.

name       the name of the function.  This is the minor sort
           for this listing. The index shows the location of
	   the function in the gprof listing. If the index is
	   in parenthesis it shows where it would appear in
	   the gprof listing if it were to be printed.

		     Call graph (explanation follows)


granularity: each sample hit covers 2 byte(s) for 0.00% of 11225.72 seconds

index % time    self  children    called     name
                                                 <spontaneous>
[1]    100.0    0.00 11224.67                 main [1]
                0.00 11173.21       1/1           PlotLRMap(site, double, char*) [3]
               49.44    0.00       1/1           WritePPMSS(char*, unsigned char, unsigned char, unsigned char, site*, unsigned char) [16]
                0.00    1.92       2/2           LoadTopoData(int, int, int, int) [31]
                0.00    0.09       1/1           SiteReport(site) [40]
                0.00    0.00       1/1           PlaceMarker(site) [52]
                0.00    0.00       1/603522158     GetElevation(site) [14]
                0.00    0.00       1/1           LoadQTH(char*) [63]
                0.00    0.00       1/1           ReadLRParm(site, char) [60]
-----------------------------------------------
               15.00 11158.21   64800/64800       PlotLRMap(site, double, char*) [3]
[2]     99.5   15.00 11158.21   64800         PlotLRPath(site, site, unsigned char, _IO_FILE*) [2]
              402.06 10498.13 92328675/92328675     point_to_point(double*, double, double, double, double, double, double, int, int, double, double, double&, char*, int&) [4]
               36.76   99.57   64800/64816       ReadPath(site, site) [12]
               66.75    0.00 444476081/444477946     OrMask(double, double, int) [15]
               21.32    0.00 92328675/92328675     GetSignal(double, double) [18]
               15.77    0.00 92328675/92328675     PutMask(double, double, int) [19]
               13.65    0.00 92328675/92328675     PutSignal(double, double, unsigned char) [20]
                3.66    0.00 92328675/92393491     Azimuth(site, site) [27]
                0.53    0.00 444476081/444477538     GetMask(double, double) [34]
-----------------------------------------------
                0.00 11173.21       1/1           main [1]
[3]     99.5    0.00 11173.21       1         PlotLRMap(site, double, char*) [3]
               15.00 11158.21   64800/64800       PlotLRPath(site, site, unsigned char, _IO_FILE*) [2]
-----------------------------------------------
              402.06 10498.13 92328675/92328675     PlotLRPath(site, site, unsigned char, _IO_FILE*) [2]
[4]     97.1  402.06 10498.13 92328675         point_to_point(double*, double, double, double, double, double, double, int, int, double, double, double&, char*, int&) [4]
                4.05 10442.13 92328675/92328675     qlrpfl2(double*, int, int, prop_type&, propa_type&, propv_type&) [5]
               28.98   10.89 92328675/92328675     avar(double, double, double, prop_type&, propv_type&) [17]
                8.35    0.00 184657350/184657350     qerfi(double) [23]
                3.73    0.00 92328675/92328675     qlrps(double, double, double, int, double, double, prop_type&) [26]
-----------------------------------------------
                4.05 10442.13 92328675/92328675     point_to_point(double*, double, double, double, double, double, double, int, int, double, double, double&, char*, int&) [4]
[5]     93.1    4.05 10442.13 92328675         qlrpfl2(double*, int, int, prop_type&, propa_type&, propv_type&) [5]
             2399.27 4754.39 92328675/92328675     d1thx2(double*, double const&, double const&, propa_type&) [6]
             2668.01    0.00 92328675/92328675     hzns2(double*, prop_type&, propa_type&) [8]
              372.67    0.00 92327341/184655983     z1sq2(double*, double const&, double const&, double&, double&) [9]
               11.39  236.41 92328675/92328675     lrprop2(double, prop_type&, propa_type&) [10]
-----------------------------------------------
             2399.27 4754.39 92328675/92328675     qlrpfl2(double*, int, int, prop_type&, propa_type&, propv_type&) [5]
[6]     63.7 2399.27 4754.39 92328675         d1thx2(double*, double const&, double const&, propa_type&) [6]
             4381.72    0.00 184657284/184657284     qtile(int const&, double*, int const&) [7]
              372.67    0.00 92328642/184655983     z1sq2(double*, double const&, double const&, double&, double&) [9]
-----------------------------------------------
             4381.72    0.00 184657284/184657284     d1thx2(double*, double const&, double const&, propa_type&) [6]
[7]     39.0 4381.72    0.00 184657284         qtile(int const&, double*, int const&) [7]
-----------------------------------------------
             2668.01    0.00 92328675/92328675     qlrpfl2(double*, int, int, prop_type&, propa_type&, propv_type&) [5]
[8]     23.8 2668.01    0.00 92328675         hzns2(double*, prop_type&, propa_type&) [8]
-----------------------------------------------
              372.67    0.00 92327341/184655983     qlrpfl2(double*, int, int, prop_type&, propa_type&, propv_type&) [5]
              372.67    0.00 92328642/184655983     d1thx2(double*, double const&, double const&, propa_type&) [6]
[9]      6.6  745.34    0.00 184655983         z1sq2(double*, double const&, double const&, double&, double&) [9]
-----------------------------------------------
               11.39  236.41 92328675/92328675     qlrpfl2(double*, int, int, prop_type&, propa_type&, propv_type&) [5]
[10]     2.2   11.39  236.41 92328675         lrprop2(double, prop_type&, propa_type&) [10]
              101.81  123.58 461552031/461552031     adiff2(double, prop_type&, propa_type&) [11]
                7.28    3.55 105127474/105127474     ascat(double, prop_type&, propa_type&) [22]
                0.17    0.02 39810610/39810610     alos2(double, prop_type&, propa_type&) [36]
-----------------------------------------------
              101.81  123.58 461552031/461552031     lrprop2(double, prop_type&, propa_type&) [10]
[11]     2.0  101.81  123.58 461552031         adiff2(double, prop_type&, propa_type&) [11]
              115.89    0.00 276940257/276985876     saalos(double, prop_type&, propa_type&) [13]
                3.85    0.00 353130597/353130597     fht(double const&, double const&) [24]
                3.84    0.00 551685002/551685002     aknfe(double const&) [25]
-----------------------------------------------
                0.01    0.02      16/64816       AverageTerrain(site, double, double, double) [45]
               36.76   99.57   64800/64816       PlotLRPath(site, site, unsigned char, _IO_FILE*) [2]
[12]     1.2   36.77   99.60   64816         ReadPath(site, site) [12]
               97.37    0.00 603522138/603522158     GetElevation(site) [14]
                2.20    0.00 603391960/603391974     arccos(double, double) [29]
                0.03    0.00   64816/64816       Distance(site, site) [46]
                0.00    0.00   64816/92393491     Azimuth(site, site) [27]
-----------------------------------------------
                0.02    0.00   45619/276985876     alos2(double, prop_type&, propa_type&) [36]
              115.89    0.00 276940257/276985876     adiff2(double, prop_type&, propa_type&) [11]
[13]     1.0  115.91    0.00 276985876         saalos(double, prop_type&, propa_type&) [13]
-----------------------------------------------
                0.00    0.00       1/603522158     haat(site) [50]
                0.00    0.00       1/603522158     main [1]
                0.00    0.00       2/603522158     SiteReport(site) [40]
                0.00    0.00      16/603522158     AverageTerrain(site, double, double, double) [45]
               97.37    0.00 603522138/603522158     ReadPath(site, site) [12]
[14]     0.9   97.37    0.00 603522158         GetElevation(site) [14]
-----------------------------------------------
                0.00    0.00    1865/444477946     PlaceMarker(site) [52]
               66.75    0.00 444476081/444477946     PlotLRPath(site, site, unsigned char, _IO_FILE*) [2]
[15]     0.6   66.75    0.00 444477946         OrMask(double, double, int) [15]
-----------------------------------------------
               49.44    0.00       1/1           main [1]
[16]     0.4   49.44    0.00       1         WritePPMSS(char*, unsigned char, unsigned char, unsigned char, site*, unsigned char) [16]
                0.00    0.00       1/1           LoadSignalColors(site) [61]
-----------------------------------------------
               28.98   10.89 92328675/92328675     point_to_point(double*, double, double, double, double, double, double, int, int, double, double, double&, char*, int&) [4]
[17]     0.4   28.98   10.89 92328675         avar(double, double, double, prop_type&, propv_type&) [17]
               10.89    0.00 276986025/276986025     curve(double const&, double const&, double const&, double const&, double const&, double const&) [21]
-----------------------------------------------
               21.32    0.00 92328675/92328675     PlotLRPath(site, site, unsigned char, _IO_FILE*) [2]
[18]     0.2   21.32    0.00 92328675         GetSignal(double, double) [18]
-----------------------------------------------
               15.77    0.00 92328675/92328675     PlotLRPath(site, site, unsigned char, _IO_FILE*) [2]
[19]     0.1   15.77    0.00 92328675         PutMask(double, double, int) [19]
-----------------------------------------------
               13.65    0.00 92328675/92328675     PlotLRPath(site, site, unsigned char, _IO_FILE*) [2]
[20]     0.1   13.65    0.00 92328675         PutSignal(double, double, unsigned char) [20]
-----------------------------------------------
               10.89    0.00 276986025/276986025     avar(double, double, double, prop_type&, propv_type&) [17]
[21]     0.1   10.89    0.00 276986025         curve(double const&, double const&, double const&, double const&, double const&, double const&) [21]
-----------------------------------------------
                7.28    3.55 105127474/105127474     lrprop2(double, prop_type&, propa_type&) [10]
[22]     0.1    7.28    3.55 105127474         ascat(double, prop_type&, propa_type&) [22]
                2.65    0.00 105127474/105127474     h0f(double, double) [28]
                0.91    0.00 52563737/52563737     ahd(double) [33]
-----------------------------------------------
                8.35    0.00 184657350/184657350     point_to_point(double*, double, double, double, double, double, double, int, int, double, double, double&, char*, int&) [4]
[23]     0.1    8.35    0.00 184657350         qerfi(double) [23]
-----------------------------------------------
                3.85    0.00 353130597/353130597     adiff2(double, prop_type&, propa_type&) [11]
[24]     0.0    3.85    0.00 353130597         fht(double const&, double const&) [24]
-----------------------------------------------
                3.84    0.00 551685002/551685002     adiff2(double, prop_type&, propa_type&) [11]
[25]     0.0    3.84    0.00 551685002         aknfe(double const&) [25]
-----------------------------------------------
                3.73    0.00 92328675/92328675     point_to_point(double*, double, double, double, double, double, double, int, int, double, double, double&, char*, int&) [4]
[26]     0.0    3.73    0.00 92328675         qlrps(double, double, double, int, double, double, prop_type&) [26]
-----------------------------------------------
                0.00    0.00   64816/92393491     ReadPath(site, site) [12]
                3.66    0.00 92328675/92393491     PlotLRPath(site, site, unsigned char, _IO_FILE*) [2]
[27]     0.0    3.66    0.00 92393491         Azimuth(site, site) [27]
-----------------------------------------------
                2.65    0.00 105127474/105127474     ascat(double, prop_type&, propa_type&) [22]
[28]     0.0    2.65    0.00 105127474         h0f(double, double) [28]
-----------------------------------------------
                0.00    0.00      14/603391974     AverageTerrain(site, double, double, double) [45]
                2.20    0.00 603391960/603391974     ReadPath(site, site) [12]
[29]     0.0    2.20    0.00 603391974         arccos(double, double) [29]
-----------------------------------------------
                0.23    1.69      21/21          LoadTopoData(int, int, int, int) [31]
[30]     0.0    0.23    1.69      21         LoadSDF(char*) [30]
                1.69    0.00      21/21          LoadSDF_SDF(char*) [32]
                0.00    0.00       6/6           LoadSDF_BZ(char*) [58]
-----------------------------------------------
                0.00    1.92       2/2           main [1]
[31]     0.0    0.00    1.92       2         LoadTopoData(int, int, int, int) [31]
                0.23    1.69      21/21          LoadSDF(char*) [30]
-----------------------------------------------
                1.69    0.00      21/21          LoadSDF(char*) [30]
[32]     0.0    1.69    0.00      21         LoadSDF_SDF(char*) [32]
-----------------------------------------------
                0.91    0.00 52563737/52563737     ascat(double, prop_type&, propa_type&) [22]
[33]     0.0    0.91    0.00 52563737         ahd(double) [33]
-----------------------------------------------
                0.00    0.00    1457/444477538     PlaceMarker(site) [52]
                0.53    0.00 444476081/444477538     PlotLRPath(site, site, unsigned char, _IO_FILE*) [2]
[34]     0.0    0.53    0.00 444477538         GetMask(double, double) [34]
-----------------------------------------------
                                                 <spontaneous>
[35]     0.0    0.47    0.00                 interpolate(int, int, int, int, int) [35]
-----------------------------------------------
                0.17    0.02 39810610/39810610     lrprop2(double, prop_type&, propa_type&) [10]
[36]     0.0    0.17    0.02 39810610         alos2(double, prop_type&, propa_type&) [36]
                0.02    0.00   45619/276985876     saalos(double, prop_type&, propa_type&) [13]
-----------------------------------------------
                                                 <spontaneous>
[37]     0.0    0.12    0.00                 adiff(double, prop_type&, propa_type&) [37]
-----------------------------------------------
                                                 <spontaneous>
[38]     0.0    0.12    0.00                 FORTRAN_DIM(double const&, double const&) [38]
-----------------------------------------------
                                                 <spontaneous>
[39]     0.0    0.10    0.00                 abq_alos(std::complex<double>) [39]
-----------------------------------------------
                0.00    0.09       1/1           main [1]
[40]     0.0    0.00    0.09       1         SiteReport(site) [40]
                0.06    0.00       2/2           dec2dms(double) [42]
                0.00    0.02       1/1           haat(site) [50]
                0.00    0.02       8/16          AverageTerrain(site, double, double, double) [45]
                0.00    0.00       2/603522158     GetElevation(site) [14]
-----------------------------------------------
                                                 <spontaneous>
[41]     0.0    0.07    0.00                 z1sq1(double*, double const&, double const&, double&, double&) [41]
-----------------------------------------------
                0.06    0.00       2/2           SiteReport(site) [40]
[42]     0.0    0.06    0.00       2         dec2dms(double) [42]
-----------------------------------------------
                                                 <spontaneous>
[43]     0.0    0.05    0.00                 point_to_point_ITM(double*, double, double, double, double, double, double, int, int, double, double, double&, char*, int&) [43]
-----------------------------------------------
                                                 <spontaneous>
[44]     0.0    0.04    0.00                 qlrpfl(double*, int, int, prop_type&, propa_type&, propv_type&) [44]
-----------------------------------------------
                0.00    0.02       8/16          haat(site) [50]
                0.00    0.02       8/16          SiteReport(site) [40]
[45]     0.0    0.00    0.03      16         AverageTerrain(site, double, double, double) [45]
                0.01    0.02      16/64816       ReadPath(site, site) [12]
                0.00    0.00      16/603522158     GetElevation(site) [14]
                0.00    0.00      14/603391974     arccos(double, double) [29]
-----------------------------------------------
                0.03    0.00   64816/64816       ReadPath(site, site) [12]
[46]     0.0    0.03    0.00   64816         Distance(site, site) [46]
-----------------------------------------------
                                                 <spontaneous>
[47]     0.0    0.03    0.00                 hzns(double*, prop_type&) [47]
-----------------------------------------------
                                                 <spontaneous>
[48]     0.0    0.03    0.00                 lrprop(double, prop_type&, propa_type&) [48]
-----------------------------------------------
                                                 <spontaneous>
[49]     0.0    0.03    0.00                 d1thx(double*, double const&, double const&) [49]
-----------------------------------------------
                0.00    0.02       1/1           SiteReport(site) [40]
[50]     0.0    0.00    0.02       1         haat(site) [50]
                0.00    0.02       8/16          AverageTerrain(site, double, double, double) [45]
                0.00    0.00       1/603522158     GetElevation(site) [14]
-----------------------------------------------
                                                 <spontaneous>
[51]     0.0    0.01    0.00                 alos(double, prop_type&, propa_type&) [51]
-----------------------------------------------
                0.00    0.00       1/1           main [1]
[52]     0.0    0.00    0.00       1         PlaceMarker(site) [52]
                0.00    0.00    1865/444477946     OrMask(double, double, int) [15]
                0.00    0.00    1457/444477538     GetMask(double, double) [34]
-----------------------------------------------
                0.00    0.00       6/6           LoadSDF(char*) [30]
[58]     0.0    0.00    0.00       6         LoadSDF_BZ(char*) [58]
-----------------------------------------------
                0.00    0.00       2/2           LoadQTH(char*) [63]
[59]     0.0    0.00    0.00       2         ReadBearing(char*) [59]
-----------------------------------------------
                0.00    0.00       1/1           main [1]
[60]     0.0    0.00    0.00       1         ReadLRParm(site, char) [60]
                0.00    0.00       1/1           LoadPAT(char*) [62]
-----------------------------------------------
                0.00    0.00       1/1           WritePPMSS(char*, unsigned char, unsigned char, unsigned char, site*, unsigned char) [16]
[61]     0.0    0.00    0.00       1         LoadSignalColors(site) [61]
-----------------------------------------------
                0.00    0.00       1/1           ReadLRParm(site, char) [60]
[62]     0.0    0.00    0.00       1         LoadPAT(char*) [62]
-----------------------------------------------
                0.00    0.00       1/1           main [1]
[63]     0.0    0.00    0.00       1         LoadQTH(char*) [63]
                0.00    0.00       2/2           ReadBearing(char*) [59]
-----------------------------------------------

 This table describes the call tree of the program, and was sorted by
 the total amount of time spent in each function and its children.

 Each entry in this table consists of several lines.  The line with the
 index number at the left hand margin lists the current function.
 The lines above it list the functions that called this function,
 and the lines below it list the functions this one called.
 This line lists:
     index	A unique number given to each element of the table.
		Index numbers are sorted numerically.
		The index number is printed next to every function name so
		it is easier to look up where the function in the table.

     % time	This is the percentage of the `total' time that was spent
		in this function and its children.  Note that due to
		different viewpoints, functions excluded by options, etc,
		these numbers will NOT add up to 100%.

     self	This is the total amount of time spent in this function.

     children	This is the total amount of time propagated into this
		function by its children.

     called	This is the number of times the function was called.
		If the function called itself recursively, the number
		only includes non-recursive calls, and is followed by
		a `+' and the number of recursive calls.

     name	The name of the current function.  The index number is
		printed after it.  If the function is a member of a
		cycle, the cycle number is printed between the
		function's name and the index number.


 For the function's parents, the fields have the following meanings:

     self	This is the amount of time that was propagated directly
		from the function into this parent.

     children	This is the amount of time that was propagated from
		the function's children into this parent.

     called	This is the number of times this parent called the
		function `/' the total number of times the function
		was called.  Recursive calls to the function are not
		included in the number after the `/'.

     name	This is the name of the parent.  The parent's index
		number is printed after it.  If the parent is a
		member of a cycle, the cycle number is printed between
		the name and the index number.

 If the parents of the function cannot be determined, the word
 `<spontaneous>' is printed in the `name' field, and all the other
 fields are blank.

 For the function's children, the fields have the following meanings:

     self	This is the amount of time that was propagated directly
		from the child into the function.

     children	This is the amount of time that was propagated from the
		child's children to the function.

     called	This is the number of times the function called
		this child `/' the total number of times the child
		was called.  Recursive calls by the child are not
		listed in the number after the `/'.

     name	This is the name of the child.  The child's index
		number is printed after it.  If the child is a
		member of a cycle, the cycle number is printed
		between the name and the index number.

 If there are any cycles (circles) in the call graph, there is an
 entry for the cycle-as-a-whole.  This entry shows who called the
 cycle (as parents) and the members of the cycle (as children.)
 The `+' recursive calls entry shows the number of function calls that
 were internal to the cycle, and the calls entry for each member shows,
 for that member, how many times it was called from other members of
 the cycle.


Index by function name

  [58] LoadSDF_BZ(char*)      [51] alos(double, prop_type&, propa_type&) [6] d1thx2(double*, double const&, double const&, propa_type&)
   [2] PlotLRPath(site, site, unsigned char, _IO_FILE*) [17] avar(double, double, double, prop_type&, propv_type&) [48] lrprop(double, prop_type&, propa_type&)
  [60] ReadLRParm(site, char) [50] haat(site)             [44] qlrpfl(double*, int, int, prop_type&, propa_type&, propv_type&)
  [40] SiteReport(site)       [47] hzns(double*, prop_type&) [13] saalos(double, prop_type&, propa_type&)
  [16] WritePPMSS(char*, unsigned char, unsigned char, unsigned char, site*, unsigned char) [37] adiff(double, prop_type&, propa_type&) [27] Azimuth(site, site)
  [38] FORTRAN_DIM(double const&, double const&) [25] aknfe(double const&) [34] GetMask(double, double)
  [32] LoadSDF_SDF(char*)     [36] alos2(double, prop_type&, propa_type&) [62] LoadPAT(char*)
  [52] PlaceMarker(site)      [22] ascat(double, prop_type&, propa_type&) [63] LoadQTH(char*)
  [59] ReadBearing(char*)     [21] curve(double const&, double const&, double const&, double const&, double const&, double const&) [30] LoadSDF(char*)
  [35] interpolate(int, int, int, int, int) [49] d1thx(double*, double const&, double const&) [19] PutMask(double, double, int)
  [14] GetElevation(site)      [8] hzns2(double*, prop_type&, propa_type&) [42] dec2dms(double)
  [31] LoadTopoData(int, int, int, int) [23] qerfi(double) [10] lrprop2(double, prop_type&, propa_type&)
  [45] AverageTerrain(site, double, double, double) [26] qlrps(double, double, double, int, double, double, prop_type&) [5] qlrpfl2(double*, int, int, prop_type&, propa_type&, propv_type&)
   [4] point_to_point(double*, double, double, double, double, double, double, int, int, double, double, double&, char*, int&) [7] qtile(int const&, double*, int const&) [46] Distance(site, site)
  [61] LoadSignalColors(site) [41] z1sq1(double*, double const&, double const&, double&, double&) [12] ReadPath(site, site)
  [43] point_to_point_ITM(double*, double, double, double, double, double, double, int, int, double, double, double&, char*, int&) [9] z1sq2(double*, double const&, double const&, double&, double&) [39] abq_alos(std::complex<double>)
  [33] ahd(double)            [15] OrMask(double, double, int) [18] GetSignal(double, double)
  [24] fht(double const&, double const&) [11] adiff2(double, prop_type&, propa_type&) [3] PlotLRMap(site, double, char*)
  [28] h0f(double, double)    [29] arccos(double, double) [20] PutSignal(double, double, unsigned char)
