Run with 035 miles:
Flat profile:

Each sample counts as 0.01 seconds.
  %   cumulative   self              self     total           
 time   seconds   seconds    calls  ms/call  ms/call  name    
 38.82    271.93   271.93 25590090     0.01     0.01  qtile(int const&, double*, int const&)
 22.62    430.39   158.45 12795078     0.01     0.04  d1thx2(double*, double const&, double const&, propa_type&)
 19.51    567.02   136.63 12795078     0.01     0.01  hzns2(double*, prop_type&, propa_type&)
  6.39    611.78    44.76 25588786     0.00     0.00  z1sq2(double*, double const&, double const&, double&, double&)
  3.03    633.00    21.22 12795078     0.00     0.05  point_to_point(double*, double, double, double, double, double, double, int, int, double, double, double&, char*, int&)
  2.22    648.54    15.54 38385185     0.00     0.00  saalos(double, prop_type&, propa_type&)
  1.98    662.40    13.86 63884012     0.00     0.00  adiff2(double, prop_type&, propa_type&)
  1.11    670.15     7.75 123857897     0.00     0.00  GetElevation(site)
  1.10    677.88     7.73    28816     0.27     0.55  ReadPath(site, site)
  0.59    682.04     4.16                             WritePPMSS(char*, unsigned char, unsigned char, unsigned char, site*, unsigned char)
  0.55    685.88     3.85 12795078     0.00     0.00  avar(double, double, double, prop_type&, propv_type&)
  0.41    688.76     2.88 70661133     0.00     0.00  OrMask(double, double, int)
  0.33    691.05     2.29    28800     0.08    24.15  PlotLRPath(site, site, unsigned char, _IO_FILE*)
  0.20    692.43     1.38 12795078     0.00     0.00  lrprop2(double, prop_type&, propa_type&)
  0.19    693.79     1.37 38385234     0.00     0.00  curve(double const&, double const&, double const&, double const&, double const&, double const&)
  0.17    694.99     1.20 25590156     0.00     0.00  qerfi(double)
  0.13    695.88     0.89 12795078     0.00     0.00  GetSignal(double, double)
  0.08    696.45     0.57 12823894     0.00     0.00  Azimuth(site, site)
  0.08    697.01     0.56 12795078     0.00     0.05  qlrpfl2(double*, int, int, prop_type&, propa_type&, propv_type&)
  0.08    697.55     0.54 75763626     0.00     0.00  aknfe(double const&)
  0.07    698.06     0.52 48424717     0.00     0.00  fht(double const&, double const&)
  0.07    698.53     0.47 12795078     0.00     0.00  PutMask(double, double, int)
  0.06    698.99     0.46 12795078     0.00     0.00  qlrps(double, double, double, int, double, double, prop_type&)
  0.06    699.43     0.44 123799759     0.00     0.00  arccos(double, double)
  0.05    699.80     0.37        5    74.00    74.00  LoadSDF_SDF(char*)
  0.03    699.99     0.19 12795078     0.00     0.00  PutSignal(double, double, unsigned char)
  0.02    700.11     0.12                             interpolate(int, int, int, int, int)
  0.01    700.20     0.10 12692208     0.00     0.00  alos2(double, prop_type&, propa_type&)
  0.01    700.25     0.05        5    10.00    84.01  LoadSDF(char*)
  0.01    700.29     0.04 70660725     0.00     0.00  GetMask(double, double)
  0.00    700.33     0.04                             FORTRAN_DIM(double const&, double const&)
  0.00    700.36     0.03                             adiff(double, prop_type&, propa_type&)
  0.00    700.39     0.03                             z1sq1(double*, double const&, double const&, double&, double&)
  0.00    700.41     0.03   297118     0.00     0.00  ascat(double, prop_type&, propa_type&)
  0.00    700.43     0.02                             hzns(double*, prop_type&)
  0.00    700.44     0.02                             abq_alos(std::complex<double>)
  0.00    700.45     0.01    28816     0.00     0.00  Distance(site, site)
  0.00    700.46     0.01        2     5.00     5.00  dec2dms(double)
  0.00    700.47     0.01        1    10.00    10.00  LoadPAT(char*)
  0.00    700.48     0.01                             alos(double, prop_type&, propa_type&)
  0.00    700.48     0.01                             d1thx(double*, double const&, double const&)
  0.00    700.49     0.01                             lrprop(double, prop_type&, propa_type&)
  0.00    700.49     0.01                             qlrpfl(double*, int, int, prop_type&, propa_type&, propv_type&)
  0.00    700.49     0.00   297118     0.00     0.00  h0f(double, double)
  0.00    700.49     0.00   148559     0.00     0.00  ahd(double)
  0.00    700.49     0.00       16     0.00     0.55  AverageTerrain(site, double, double, double)
  0.00    700.49     0.00        6     0.00     0.00  ReduceAngle(double)
  0.00    700.49     0.00        2     0.00     0.00  LoadSDF_BZ(char*)
  0.00    700.49     0.00        2     0.00     0.00  ReadBearing(char*)
  0.00    700.49     0.00        1     0.00     0.00  LoadSignalColors(site)
  0.00    700.49     0.00        1     0.00     4.42  haat(site)

 %         the percentage of the total running time of the
time       program used by this function.

cumulative a running sum of the number of seconds accounted
 seconds   for by this function and those listed above it.

 self      the number of seconds accounted for by this
seconds    function alone.  This is the major sort for this
           listing.

calls      the number of times this function was invoked, if
           this function is profiled, else blank.
 
 self      the average number of milliseconds spent in this
ms/call    function per call, if this function is profiled,
	   else blank.

 total     the average number of milliseconds spent in this
ms/call    function and its descendents per call, if this 
	   function is profiled, else blank.

name       the name of the function.  This is the minor sort
           for this listing. The index shows the location of
	   the function in the gprof listing. If the index is
	   in parenthesis it shows where it would appear in
	   the gprof listing if it were to be printed.

		     Call graph (explanation follows)


granularity: each sample hit covers 2 byte(s) for 0.00% of 700.49 seconds

index % time    self  children    called     name
                2.29  693.33   28800/28800       PlotLRMap(site, double, char*) [2]
[1]     99.3    2.29  693.33   28800         PlotLRPath(site, site, unsigned char, _IO_FILE*) [1]
               21.22  651.15 12795078/12795078     point_to_point(double*, double, double, double, double, double, double, int, int, double, double, double&, char*, int&) [3]
                7.73    8.20   28800/28816       ReadPath(site, site) [11]
                2.88    0.00 70659268/70661133     OrMask(double, double, int) [16]
                0.89    0.00 12795078/12795078     GetSignal(double, double) [19]
                0.57    0.00 12795078/12823894     Azimuth(site, site) [20]
                0.47    0.00 12795078/12795078     PutMask(double, double, int) [23]
                0.19    0.00 12795078/12795078     PutSignal(double, double, unsigned char) [29]
                0.04    0.00 70659268/70660725     GetMask(double, double) [32]
-----------------------------------------------
                                                 <spontaneous>
[2]     99.3    0.00  695.62                 PlotLRMap(site, double, char*) [2]
                2.29  693.33   28800/28800       PlotLRPath(site, site, unsigned char, _IO_FILE*) [1]
                0.00    0.00       2/6           ReduceAngle(double) [59]
-----------------------------------------------
               21.22  651.15 12795078/12795078     PlotLRPath(site, site, unsigned char, _IO_FILE*) [1]
[3]     96.0   21.22  651.15 12795078         point_to_point(double*, double, double, double, double, double, double, int, int, double, double, double&, char*, int&) [3]
                0.56  643.73 12795078/12795078     qlrpfl2(double*, int, int, prop_type&, propa_type&, propv_type&) [4]
                3.85    1.37 12795078/12795078     avar(double, double, double, prop_type&, propv_type&) [14]
                1.20    0.00 25590156/25590156     qerfi(double) [18]
                0.46    0.00 12795078/12795078     qlrps(double, double, double, int, double, double, prop_type&) [24]
-----------------------------------------------
                0.56  643.73 12795078/12795078     point_to_point(double*, double, double, double, double, double, double, int, int, double, double, double&, char*, int&) [3]
[4]     92.0    0.56  643.73 12795078         qlrpfl2(double*, int, int, prop_type&, propa_type&, propv_type&) [4]
              158.45  294.31 12795078/12795078     d1thx2(double*, double const&, double const&, propa_type&) [5]
              136.63    0.00 12795078/12795078     hzns2(double*, prop_type&, propa_type&) [7]
                1.38   30.57 12795078/12795078     lrprop2(double, prop_type&, propa_type&) [9]
               22.38    0.00 12793741/25588786     z1sq2(double*, double const&, double const&, double&, double&) [8]
-----------------------------------------------
              158.45  294.31 12795078/12795078     qlrpfl2(double*, int, int, prop_type&, propa_type&, propv_type&) [4]
[5]     64.6  158.45  294.31 12795078         d1thx2(double*, double const&, double const&, propa_type&) [5]
              271.93    0.00 25590090/25590090     qtile(int const&, double*, int const&) [6]
               22.38    0.00 12795045/25588786     z1sq2(double*, double const&, double const&, double&, double&) [8]
-----------------------------------------------
              271.93    0.00 25590090/25590090     d1thx2(double*, double const&, double const&, propa_type&) [5]
[6]     38.8  271.93    0.00 25590090         qtile(int const&, double*, int const&) [6]
-----------------------------------------------
              136.63    0.00 12795078/12795078     qlrpfl2(double*, int, int, prop_type&, propa_type&, propv_type&) [4]
[7]     19.5  136.63    0.00 12795078         hzns2(double*, prop_type&, propa_type&) [7]
-----------------------------------------------
               22.38    0.00 12793741/25588786     qlrpfl2(double*, int, int, prop_type&, propa_type&, propv_type&) [4]
               22.38    0.00 12795045/25588786     d1thx2(double*, double const&, double const&, propa_type&) [5]
[8]      6.4   44.76    0.00 25588786         z1sq2(double*, double const&, double const&, double&, double&) [8]
-----------------------------------------------
                1.38   30.57 12795078/12795078     qlrpfl2(double*, int, int, prop_type&, propa_type&, propv_type&) [4]
[9]      4.6    1.38   30.57 12795078         lrprop2(double, prop_type&, propa_type&) [9]
               13.86   16.57 63884012/63884012     adiff2(double, prop_type&, propa_type&) [10]
                0.10    0.02 12692208/12692208     alos2(double, prop_type&, propa_type&) [31]
                0.03    0.00  297118/297118      ascat(double, prop_type&, propa_type&) [36]
-----------------------------------------------
               13.86   16.57 63884012/63884012     lrprop2(double, prop_type&, propa_type&) [9]
[10]     4.3   13.86   16.57 63884012         adiff2(double, prop_type&, propa_type&) [10]
               15.52    0.00 38339542/38385185     saalos(double, prop_type&, propa_type&) [12]
                0.54    0.00 75763626/75763626     aknfe(double const&) [21]
                0.52    0.00 48424717/48424717     fht(double const&, double const&) [22]
-----------------------------------------------
                0.00    0.00      16/28816       AverageTerrain(site, double, double, double) [44]
                7.73    8.20   28800/28816       PlotLRPath(site, site, unsigned char, _IO_FILE*) [1]
[11]     2.3    7.73    8.20   28816         ReadPath(site, site) [11]
                7.75    0.00 123857878/123857897     GetElevation(site) [13]
                0.44    0.00 123799745/123799759     arccos(double, double) [25]
                0.01    0.00   28816/28816       Distance(site, site) [40]
                0.00    0.00   28816/12823894     Azimuth(site, site) [20]
-----------------------------------------------
                0.02    0.00   45643/38385185     alos2(double, prop_type&, propa_type&) [31]
               15.52    0.00 38339542/38385185     adiff2(double, prop_type&, propa_type&) [10]
[12]     2.2   15.54    0.00 38385185         saalos(double, prop_type&, propa_type&) [12]
-----------------------------------------------
                0.00    0.00       1/123857897     haat(site) [49]
                0.00    0.00       2/123857897     SiteReport(site) [37]
                0.00    0.00      16/123857897     AverageTerrain(site, double, double, double) [44]
                7.75    0.00 123857878/123857897     ReadPath(site, site) [11]
[13]     1.1    7.75    0.00 123857897         GetElevation(site) [13]
-----------------------------------------------
                3.85    1.37 12795078/12795078     point_to_point(double*, double, double, double, double, double, double, int, int, double, double, double&, char*, int&) [3]
[14]     0.7    3.85    1.37 12795078         avar(double, double, double, prop_type&, propv_type&) [14]
                1.37    0.00 38385234/38385234     curve(double const&, double const&, double const&, double const&, double const&, double const&) [17]
-----------------------------------------------
                                                 <spontaneous>
[15]     0.6    4.16    0.00                 WritePPMSS(char*, unsigned char, unsigned char, unsigned char, site*, unsigned char) [15]
                0.00    0.00       2/6           ReduceAngle(double) [59]
                0.00    0.00       1/1           LoadSignalColors(site) [62]
-----------------------------------------------
                0.00    0.00    1865/70661133     PlaceMarker(site) [50]
                2.88    0.00 70659268/70661133     PlotLRPath(site, site, unsigned char, _IO_FILE*) [1]
[16]     0.4    2.88    0.00 70661133         OrMask(double, double, int) [16]
-----------------------------------------------
                1.37    0.00 38385234/38385234     avar(double, double, double, prop_type&, propv_type&) [14]
[17]     0.2    1.37    0.00 38385234         curve(double const&, double const&, double const&, double const&, double const&, double const&) [17]
-----------------------------------------------
                1.20    0.00 25590156/25590156     point_to_point(double*, double, double, double, double, double, double, int, int, double, double, double&, char*, int&) [3]
[18]     0.2    1.20    0.00 25590156         qerfi(double) [18]
-----------------------------------------------
                0.89    0.00 12795078/12795078     PlotLRPath(site, site, unsigned char, _IO_FILE*) [1]
[19]     0.1    0.89    0.00 12795078         GetSignal(double, double) [19]
-----------------------------------------------
                0.00    0.00   28816/12823894     ReadPath(site, site) [11]
                0.57    0.00 12795078/12823894     PlotLRPath(site, site, unsigned char, _IO_FILE*) [1]
[20]     0.1    0.57    0.00 12823894         Azimuth(site, site) [20]
-----------------------------------------------
                0.54    0.00 75763626/75763626     adiff2(double, prop_type&, propa_type&) [10]
[21]     0.1    0.54    0.00 75763626         aknfe(double const&) [21]
-----------------------------------------------
                0.52    0.00 48424717/48424717     adiff2(double, prop_type&, propa_type&) [10]
[22]     0.1    0.52    0.00 48424717         fht(double const&, double const&) [22]
-----------------------------------------------
                0.47    0.00 12795078/12795078     PlotLRPath(site, site, unsigned char, _IO_FILE*) [1]
[23]     0.1    0.47    0.00 12795078         PutMask(double, double, int) [23]
-----------------------------------------------
                0.46    0.00 12795078/12795078     point_to_point(double*, double, double, double, double, double, double, int, int, double, double, double&, char*, int&) [3]
[24]     0.1    0.46    0.00 12795078         qlrps(double, double, double, int, double, double, prop_type&) [24]
-----------------------------------------------
                0.00    0.00      14/123799759     AverageTerrain(site, double, double, double) [44]
                0.44    0.00 123799745/123799759     ReadPath(site, site) [11]
[25]     0.1    0.44    0.00 123799759         arccos(double, double) [25]
-----------------------------------------------
                0.05    0.37       5/5           LoadTopoData(int, int, int, int) [27]
[26]     0.1    0.05    0.37       5         LoadSDF(char*) [26]
                0.37    0.00       5/5           LoadSDF_SDF(char*) [28]
                0.00    0.00       2/2           LoadSDF_BZ(char*) [60]
-----------------------------------------------
                                                 <spontaneous>
[27]     0.1    0.00    0.42                 LoadTopoData(int, int, int, int) [27]
                0.05    0.37       5/5           LoadSDF(char*) [26]
                0.00    0.00       2/6           ReduceAngle(double) [59]
-----------------------------------------------
                0.37    0.00       5/5           LoadSDF(char*) [26]
[28]     0.1    0.37    0.00       5         LoadSDF_SDF(char*) [28]
-----------------------------------------------
                0.19    0.00 12795078/12795078     PlotLRPath(site, site, unsigned char, _IO_FILE*) [1]
[29]     0.0    0.19    0.00 12795078         PutSignal(double, double, unsigned char) [29]
-----------------------------------------------
                                                 <spontaneous>
[30]     0.0    0.12    0.00                 interpolate(int, int, int, int, int) [30]
-----------------------------------------------
                0.10    0.02 12692208/12692208     lrprop2(double, prop_type&, propa_type&) [9]
[31]     0.0    0.10    0.02 12692208         alos2(double, prop_type&, propa_type&) [31]
                0.02    0.00   45643/38385185     saalos(double, prop_type&, propa_type&) [12]
-----------------------------------------------
                0.00    0.00    1457/70660725     PlaceMarker(site) [50]
                0.04    0.00 70659268/70660725     PlotLRPath(site, site, unsigned char, _IO_FILE*) [1]
[32]     0.0    0.04    0.00 70660725         GetMask(double, double) [32]
-----------------------------------------------
                                                 <spontaneous>
[33]     0.0    0.04    0.00                 FORTRAN_DIM(double const&, double const&) [33]
-----------------------------------------------
                                                 <spontaneous>
[34]     0.0    0.03    0.00                 adiff(double, prop_type&, propa_type&) [34]
-----------------------------------------------
                                                 <spontaneous>
[35]     0.0    0.03    0.00                 z1sq1(double*, double const&, double const&, double&, double&) [35]
-----------------------------------------------
                0.03    0.00  297118/297118      lrprop2(double, prop_type&, propa_type&) [9]
[36]     0.0    0.03    0.00  297118         ascat(double, prop_type&, propa_type&) [36]
                0.00    0.00  297118/297118      h0f(double, double) [57]
                0.00    0.00  148559/148559      ahd(double) [58]
-----------------------------------------------
                                                 <spontaneous>
[37]     0.0    0.00    0.02                 SiteReport(site) [37]
                0.01    0.00       2/2           dec2dms(double) [41]
                0.00    0.00       1/1           haat(site) [49]
                0.00    0.00       8/16          AverageTerrain(site, double, double, double) [44]
                0.00    0.00       2/123857897     GetElevation(site) [13]
-----------------------------------------------
                                                 <spontaneous>
[38]     0.0    0.02    0.00                 hzns(double*, prop_type&) [38]
-----------------------------------------------
                                                 <spontaneous>
[39]     0.0    0.02    0.00                 abq_alos(std::complex<double>) [39]
-----------------------------------------------
                0.01    0.00   28816/28816       ReadPath(site, site) [11]
[40]     0.0    0.01    0.00   28816         Distance(site, site) [40]
-----------------------------------------------
                0.01    0.00       2/2           SiteReport(site) [37]
[41]     0.0    0.01    0.00       2         dec2dms(double) [41]
-----------------------------------------------
                0.01    0.00       1/1           ReadLRParm(site, char) [43]
[42]     0.0    0.01    0.00       1         LoadPAT(char*) [42]
-----------------------------------------------
                                                 <spontaneous>
[43]     0.0    0.00    0.01                 ReadLRParm(site, char) [43]
                0.01    0.00       1/1           LoadPAT(char*) [42]
-----------------------------------------------
                0.00    0.00       8/16          haat(site) [49]
                0.00    0.00       8/16          SiteReport(site) [37]
[44]     0.0    0.00    0.01      16         AverageTerrain(site, double, double, double) [44]
                0.00    0.00      16/28816       ReadPath(site, site) [11]
                0.00    0.00      16/123857897     GetElevation(site) [13]
                0.00    0.00      14/123799759     arccos(double, double) [25]
-----------------------------------------------
                                                 <spontaneous>
[45]     0.0    0.01    0.00                 alos(double, prop_type&, propa_type&) [45]
-----------------------------------------------
                                                 <spontaneous>
[46]     0.0    0.01    0.00                 d1thx(double*, double const&, double const&) [46]
-----------------------------------------------
                                                 <spontaneous>
[47]     0.0    0.01    0.00                 lrprop(double, prop_type&, propa_type&) [47]
-----------------------------------------------
                                                 <spontaneous>
[48]     0.0    0.01    0.00                 qlrpfl(double*, int, int, prop_type&, propa_type&, propv_type&) [48]
-----------------------------------------------
                0.00    0.00       1/1           SiteReport(site) [37]
[49]     0.0    0.00    0.00       1         haat(site) [49]
                0.00    0.00       8/16          AverageTerrain(site, double, double, double) [44]
                0.00    0.00       1/123857897     GetElevation(site) [13]
-----------------------------------------------
                                                 <spontaneous>
[50]     0.0    0.00    0.00                 PlaceMarker(site) [50]
                0.00    0.00    1865/70661133     OrMask(double, double, int) [16]
                0.00    0.00    1457/70660725     GetMask(double, double) [32]
-----------------------------------------------
                0.00    0.00  297118/297118      ascat(double, prop_type&, propa_type&) [36]
[57]     0.0    0.00    0.00  297118         h0f(double, double) [57]
-----------------------------------------------
                0.00    0.00  148559/148559      ascat(double, prop_type&, propa_type&) [36]
[58]     0.0    0.00    0.00  148559         ahd(double) [58]
-----------------------------------------------
                0.00    0.00       2/6           PlotLRMap(site, double, char*) [2]
                0.00    0.00       2/6           WritePPMSS(char*, unsigned char, unsigned char, unsigned char, site*, unsigned char) [15]
                0.00    0.00       2/6           LoadTopoData(int, int, int, int) [27]
[59]     0.0    0.00    0.00       6         ReduceAngle(double) [59]
-----------------------------------------------
                0.00    0.00       2/2           LoadSDF(char*) [26]
[60]     0.0    0.00    0.00       2         LoadSDF_BZ(char*) [60]
-----------------------------------------------
                0.00    0.00       2/2           LoadQTH(char*) [92]
[61]     0.0    0.00    0.00       2         ReadBearing(char*) [61]
-----------------------------------------------
                0.00    0.00       1/1           WritePPMSS(char*, unsigned char, unsigned char, unsigned char, site*, unsigned char) [15]
[62]     0.0    0.00    0.00       1         LoadSignalColors(site) [62]
-----------------------------------------------

 This table describes the call tree of the program, and was sorted by
 the total amount of time spent in each function and its children.

 Each entry in this table consists of several lines.  The line with the
 index number at the left hand margin lists the current function.
 The lines above it list the functions that called this function,
 and the lines below it list the functions this one called.
 This line lists:
     index	A unique number given to each element of the table.
		Index numbers are sorted numerically.
		The index number is printed next to every function name so
		it is easier to look up where the function in the table.

     % time	This is the percentage of the `total' time that was spent
		in this function and its children.  Note that due to
		different viewpoints, functions excluded by options, etc,
		these numbers will NOT add up to 100%.

     self	This is the total amount of time spent in this function.

     children	This is the total amount of time propagated into this
		function by its children.

     called	This is the number of times the function was called.
		If the function called itself recursively, the number
		only includes non-recursive calls, and is followed by
		a `+' and the number of recursive calls.

     name	The name of the current function.  The index number is
		printed after it.  If the function is a member of a
		cycle, the cycle number is printed between the
		function's name and the index number.


 For the function's parents, the fields have the following meanings:

     self	This is the amount of time that was propagated directly
		from the function into this parent.

     children	This is the amount of time that was propagated from
		the function's children into this parent.

     called	This is the number of times this parent called the
		function `/' the total number of times the function
		was called.  Recursive calls to the function are not
		included in the number after the `/'.

     name	This is the name of the parent.  The parent's index
		number is printed after it.  If the parent is a
		member of a cycle, the cycle number is printed between
		the name and the index number.

 If the parents of the function cannot be determined, the word
 `<spontaneous>' is printed in the `name' field, and all the other
 fields are blank.

 For the function's children, the fields have the following meanings:

     self	This is the amount of time that was propagated directly
		from the child into the function.

     children	This is the amount of time that was propagated from the
		child's children to the function.

     called	This is the number of times the function called
		this child `/' the total number of times the child
		was called.  Recursive calls by the child are not
		listed in the number after the `/'.

     name	This is the name of the child.  The child's index
		number is printed after it.  If the child is a
		member of a cycle, the cycle number is printed
		between the name and the index number.

 If there are any cycles (circles) in the call graph, there is an
 entry for the cycle-as-a-whole.  This entry shows who called the
 cycle (as parents) and the members of the cycle (as children.)
 The `+' recursive calls entry shows the number of function calls that
 were internal to the cycle, and the calls entry for each member shows,
 for that member, how many times it was called from other members of
 the cycle.


Index by function name

  [60] LoadSDF_BZ(char*)      [49] haat(site)              [5] d1thx2(double*, double const&, double const&, propa_type&)
   [1] PlotLRPath(site, site, unsigned char, _IO_FILE*) [38] hzns(double*, prop_type&) [47] lrprop(double, prop_type&, propa_type&)
  [15] WritePPMSS(char*, unsigned char, unsigned char, unsigned char, site*, unsigned char) [34] adiff(double, prop_type&, propa_type&) [48] qlrpfl(double*, int, int, prop_type&, propa_type&, propv_type&)
  [33] FORTRAN_DIM(double const&, double const&) [21] aknfe(double const&) [12] saalos(double, prop_type&, propa_type&)
  [28] LoadSDF_SDF(char*)     [31] alos2(double, prop_type&, propa_type&) [20] Azimuth(site, site)
  [61] ReadBearing(char*)     [36] ascat(double, prop_type&, propa_type&) [32] GetMask(double, double)
  [59] ReduceAngle(double)    [17] curve(double const&, double const&, double const&, double const&, double const&, double const&) [42] LoadPAT(char*)
  [30] interpolate(int, int, int, int, int) [46] d1thx(double*, double const&, double const&) [26] LoadSDF(char*)
  [13] GetElevation(site)      [7] hzns2(double*, prop_type&, propa_type&) [23] PutMask(double, double, int)
  [44] AverageTerrain(site, double, double, double) [18] qerfi(double) [41] dec2dms(double)
   [3] point_to_point(double*, double, double, double, double, double, double, int, int, double, double, double&, char*, int&) [24] qlrps(double, double, double, int, double, double, prop_type&) [9] lrprop2(double, prop_type&, propa_type&)
  [62] LoadSignalColors(site)  [6] qtile(int const&, double*, int const&) [4] qlrpfl2(double*, int, int, prop_type&, propa_type&, propv_type&)
  [58] ahd(double)            [35] z1sq1(double*, double const&, double const&, double&, double&) [40] Distance(site, site)
  [22] fht(double const&, double const&) [8] z1sq2(double*, double const&, double const&, double&, double&) [11] ReadPath(site, site)
  [57] h0f(double, double)    [16] OrMask(double, double, int) [39] abq_alos(std::complex<double>)
  [45] alos(double, prop_type&, propa_type&) [10] adiff2(double, prop_type&, propa_type&) [19] GetSignal(double, double)
  [14] avar(double, double, double, prop_type&, propv_type&) [25] arccos(double, double) [29] PutSignal(double, double, unsigned char)
