Run with 047 miles:
Flat profile:

Each sample counts as 0.01 seconds.
  %   cumulative   self              self     total           
 time   seconds   seconds    calls  ms/call  ms/call  name    
 41.41    637.50   637.50 43395064     0.01     0.01  qtile(int const&, double*, int const&)
 22.64    986.07   348.58 21697565     0.02     0.05  d1thx2(double*, double const&, double const&, propa_type&)
 19.96   1293.29   307.21 21697565     0.01     0.01  hzns2(double*, prop_type&, propa_type&)
  6.35   1391.05    97.77 43393760     0.00     0.00  z1sq2(double*, double const&, double const&, double&, double&)
  2.99   1437.09    46.03 21697565     0.00     0.07  point_to_point(double*, double, double, double, double, double, double, int, int, double, double, double&, char*, int&)
  1.74   1463.91    26.82 65092646     0.00     0.00  saalos(double, prop_type&, propa_type&)
  1.61   1488.73    24.83 108396447     0.00     0.00  adiff2(double, prop_type&, propa_type&)
  0.52   1496.69     7.96    28816     0.28     0.54  ReadPath(site, site)
  0.47   1503.94     7.25 123857897     0.00     0.00  GetElevation(site)
  0.45   1510.90     6.95 21697565     0.00     0.00  avar(double, double, double, prop_type&, propv_type&)
  0.32   1515.85     4.95 98207208     0.00     0.00  OrMask(double, double, int)
  0.24   1519.60     3.75                             WritePPMSS(char*, unsigned char, unsigned char, unsigned char, site*, unsigned char)
  0.22   1522.93     3.33    28800     0.12    53.30  PlotLRPath(site, site, unsigned char, _IO_FILE*)
  0.17   1525.60     2.68 21697565     0.00     0.00  lrprop2(double, prop_type&, propa_type&)
  0.17   1528.19     2.59 65092695     0.00     0.00  curve(double const&, double const&, double const&, double const&, double const&, double const&)
  0.13   1530.26     2.07 43395130     0.00     0.00  qerfi(double)
  0.10   1531.75     1.49 21697565     0.00     0.00  GetSignal(double, double)
  0.06   1532.71     0.97 21697565     0.00     0.07  qlrpfl2(double*, int, int, prop_type&, propa_type&, propv_type&)
  0.06   1533.60     0.89 128477024     0.00     0.00  aknfe(double const&)
  0.06   1534.45     0.85 21726381     0.00     0.00  Azimuth(site, site)
  0.06   1535.30     0.85 21697565     0.00     0.00  PutMask(double, double, int)
  0.05   1536.13     0.83 82434231     0.00     0.00  fht(double const&, double const&)
  0.05   1536.88     0.76 21697565     0.00     0.00  qlrps(double, double, double, int, double, double, prop_type&)
  0.04   1537.57     0.69  7908328     0.00     0.00  ascat(double, prop_type&, propa_type&)
  0.03   1537.98     0.41 123799759     0.00     0.00  arccos(double, double)
  0.02   1538.36     0.38 21697565     0.00     0.00  PutSignal(double, double, unsigned char)
  0.02   1538.69     0.33        5    66.00    66.00  LoadSDF_SDF(char*)
  0.01   1538.87     0.18  7908328     0.00     0.00  h0f(double, double)
  0.01   1539.00     0.14 17789090     0.00     0.00  alos2(double, prop_type&, propa_type&)
  0.01   1539.09     0.09 98206800     0.00     0.00  GetMask(double, double)
  0.00   1539.16     0.07                             adiff(double, prop_type&, propa_type&)
  0.00   1539.22     0.06        5    12.00    78.00  LoadSDF(char*)
  0.00   1539.28     0.06                             interpolate(int, int, int, int, int)
  0.00   1539.31     0.03    28816     0.00     0.00  Distance(site, site)
  0.00   1539.34     0.03                             point_to_point_ITM(double*, double, double, double, double, double, double, int, int, double, double, double&, char*, int&)
  0.00   1539.36     0.03  3954164     0.00     0.00  ahd(double)
  0.00   1539.39     0.03                             FORTRAN_DIM(double const&, double const&)
  0.00   1539.41     0.02                             PlotLRMap(site, double, char*)
  0.00   1539.42     0.02                             hzns(double*, prop_type&)
  0.00   1539.44     0.02                             z1sq1(double*, double const&, double const&, double&, double&)
  0.00   1539.45     0.02                             lrprop(double, prop_type&, propa_type&)
  0.00   1539.46     0.01                             abq_alos(std::complex<double>)
  0.00   1539.47     0.01                             alos(double, prop_type&, propa_type&)
  0.00   1539.47     0.01                             d1thx(double*, double const&, double const&)
  0.00   1539.48     0.01                             qlrpfl(double*, int, int, prop_type&, propa_type&, propv_type&)
  0.00   1539.48     0.00       16     0.00     0.54  AverageTerrain(site, double, double, double)
  0.00   1539.48     0.00        6     0.00     0.00  ReduceAngle(double)
  0.00   1539.48     0.00        2     0.00     0.00  LoadSDF_BZ(char*)
  0.00   1539.48     0.00        2     0.00     0.00  ReadBearing(char*)
  0.00   1539.48     0.00        2     0.00     0.00  dec2dms(double)
  0.00   1539.48     0.00        1     0.00     0.00  LoadSignalColors(site)
  0.00   1539.48     0.00        1     0.00     4.35  haat(site)
  0.00   1539.48     0.00        1     0.00     0.00  LoadPAT(char*)

 %         the percentage of the total running time of the
time       program used by this function.

cumulative a running sum of the number of seconds accounted
 seconds   for by this function and those listed above it.

 self      the number of seconds accounted for by this
seconds    function alone.  This is the major sort for this
           listing.

calls      the number of times this function was invoked, if
           this function is profiled, else blank.
 
 self      the average number of milliseconds spent in this
ms/call    function per call, if this function is profiled,
	   else blank.

 total     the average number of milliseconds spent in this
ms/call    function and its descendents per call, if this 
	   function is profiled, else blank.

name       the name of the function.  This is the minor sort
           for this listing. The index shows the location of
	   the function in the gprof listing. If the index is
	   in parenthesis it shows where it would appear in
	   the gprof listing if it were to be printed.

		     Call graph (explanation follows)


granularity: each sample hit covers 2 byte(s) for 0.00% of 1539.48 seconds

index % time    self  children    called     name
                                                 <spontaneous>
[1]     99.7    0.02 1535.06                 PlotLRMap(site, double, char*) [1]
                3.33 1531.73   28800/28800       PlotLRPath(site, site, unsigned char, _IO_FILE*) [2]
                0.00    0.00       2/6           ReduceAngle(double) [57]
-----------------------------------------------
                3.33 1531.73   28800/28800       PlotLRMap(site, double, char*) [1]
[2]     99.7    3.33 1531.73   28800         PlotLRPath(site, site, unsigned char, _IO_FILE*) [2]
               46.03 1461.44 21697565/21697565     point_to_point(double*, double, double, double, double, double, double, int, int, double, double, double&, char*, int&) [3]
                7.96    7.69   28800/28816       ReadPath(site, site) [12]
                4.95    0.00 98205343/98207208     OrMask(double, double, int) [15]
                1.49    0.00 21697565/21697565     GetSignal(double, double) [19]
                0.85    0.00 21697565/21697565     PutMask(double, double, int) [23]
                0.85    0.00 21697565/21726381     Azimuth(site, site) [22]
                0.38    0.00 21697565/21697565     PutSignal(double, double, unsigned char) [29]
                0.09    0.00 98205343/98206800     GetMask(double, double) [33]
-----------------------------------------------
               46.03 1461.44 21697565/21697565     PlotLRPath(site, site, unsigned char, _IO_FILE*) [2]
[3]     97.9   46.03 1461.44 21697565         point_to_point(double*, double, double, double, double, double, double, int, int, double, double, double&, char*, int&) [3]
                0.97 1448.12 21697565/21697565     qlrpfl2(double*, int, int, prop_type&, propa_type&, propv_type&) [4]
                6.95    2.59 21697565/21697565     avar(double, double, double, prop_type&, propv_type&) [13]
                2.07    0.00 43395130/43395130     qerfi(double) [18]
                0.76    0.00 21697565/21697565     qlrps(double, double, double, int, double, double, prop_type&) [25]
-----------------------------------------------
                0.97 1448.12 21697565/21697565     point_to_point(double*, double, double, double, double, double, double, int, int, double, double, double&, char*, int&) [3]
[4]     94.1    0.97 1448.12 21697565         qlrpfl2(double*, int, int, prop_type&, propa_type&, propv_type&) [4]
              348.58  686.38 21697565/21697565     d1thx2(double*, double const&, double const&, propa_type&) [5]
              307.21    0.00 21697565/21697565     hzns2(double*, prop_type&, propa_type&) [7]
                2.68   54.39 21697565/21697565     lrprop2(double, prop_type&, propa_type&) [9]
               48.88    0.00 21696228/43393760     z1sq2(double*, double const&, double const&, double&, double&) [8]
-----------------------------------------------
              348.58  686.38 21697565/21697565     qlrpfl2(double*, int, int, prop_type&, propa_type&, propv_type&) [4]
[5]     67.2  348.58  686.38 21697565         d1thx2(double*, double const&, double const&, propa_type&) [5]
              637.50    0.00 43395064/43395064     qtile(int const&, double*, int const&) [6]
               48.88    0.00 21697532/43393760     z1sq2(double*, double const&, double const&, double&, double&) [8]
-----------------------------------------------
              637.50    0.00 43395064/43395064     d1thx2(double*, double const&, double const&, propa_type&) [5]
[6]     41.4  637.50    0.00 43395064         qtile(int const&, double*, int const&) [6]
-----------------------------------------------
              307.21    0.00 21697565/21697565     qlrpfl2(double*, int, int, prop_type&, propa_type&, propv_type&) [4]
[7]     20.0  307.21    0.00 21697565         hzns2(double*, prop_type&, propa_type&) [7]
-----------------------------------------------
               48.88    0.00 21696228/43393760     qlrpfl2(double*, int, int, prop_type&, propa_type&, propv_type&) [4]
               48.88    0.00 21697532/43393760     d1thx2(double*, double const&, double const&, propa_type&) [5]
[8]      6.4   97.77    0.00 43393760         z1sq2(double*, double const&, double const&, double&, double&) [8]
-----------------------------------------------
                2.68   54.39 21697565/21697565     qlrpfl2(double*, int, int, prop_type&, propa_type&, propv_type&) [4]
[9]      3.7    2.68   54.39 21697565         lrprop2(double, prop_type&, propa_type&) [9]
               24.83   28.52 108396447/108396447     adiff2(double, prop_type&, propa_type&) [10]
                0.69    0.20 7908328/7908328     ascat(double, prop_type&, propa_type&) [21]
                0.14    0.02 17789090/17789090     alos2(double, prop_type&, propa_type&) [32]
-----------------------------------------------
               24.83   28.52 108396447/108396447     lrprop2(double, prop_type&, propa_type&) [9]
[10]     3.5   24.83   28.52 108396447         adiff2(double, prop_type&, propa_type&) [10]
               26.80    0.00 65047003/65092646     saalos(double, prop_type&, propa_type&) [11]
                0.89    0.00 128477024/128477024     aknfe(double const&) [20]
                0.83    0.00 82434231/82434231     fht(double const&, double const&) [24]
-----------------------------------------------
                0.02    0.00   45643/65092646     alos2(double, prop_type&, propa_type&) [32]
               26.80    0.00 65047003/65092646     adiff2(double, prop_type&, propa_type&) [10]
[11]     1.7   26.82    0.00 65092646         saalos(double, prop_type&, propa_type&) [11]
-----------------------------------------------
                0.00    0.00      16/28816       AverageTerrain(site, double, double, double) [45]
                7.96    7.69   28800/28816       PlotLRPath(site, site, unsigned char, _IO_FILE*) [2]
[12]     1.0    7.96    7.69   28816         ReadPath(site, site) [12]
                7.25    0.00 123857878/123857897     GetElevation(site) [14]
                0.41    0.00 123799745/123799759     arccos(double, double) [26]
                0.03    0.00   28816/28816       Distance(site, site) [36]
                0.00    0.00   28816/21726381     Azimuth(site, site) [22]
-----------------------------------------------
                6.95    2.59 21697565/21697565     point_to_point(double*, double, double, double, double, double, double, int, int, double, double, double&, char*, int&) [3]
[13]     0.6    6.95    2.59 21697565         avar(double, double, double, prop_type&, propv_type&) [13]
                2.59    0.00 65092695/65092695     curve(double const&, double const&, double const&, double const&, double const&, double const&) [17]
-----------------------------------------------
                0.00    0.00       1/123857897     haat(site) [49]
                0.00    0.00       2/123857897     SiteReport(site) [44]
                0.00    0.00      16/123857897     AverageTerrain(site, double, double, double) [45]
                7.25    0.00 123857878/123857897     ReadPath(site, site) [12]
[14]     0.5    7.25    0.00 123857897         GetElevation(site) [14]
-----------------------------------------------
                0.00    0.00    1865/98207208     PlaceMarker(site) [50]
                4.95    0.00 98205343/98207208     PlotLRPath(site, site, unsigned char, _IO_FILE*) [2]
[15]     0.3    4.95    0.00 98207208         OrMask(double, double, int) [15]
-----------------------------------------------
                                                 <spontaneous>
[16]     0.2    3.75    0.00                 WritePPMSS(char*, unsigned char, unsigned char, unsigned char, site*, unsigned char) [16]
                0.00    0.00       2/6           ReduceAngle(double) [57]
                0.00    0.00       1/1           LoadSignalColors(site) [61]
-----------------------------------------------
                2.59    0.00 65092695/65092695     avar(double, double, double, prop_type&, propv_type&) [13]
[17]     0.2    2.59    0.00 65092695         curve(double const&, double const&, double const&, double const&, double const&, double const&) [17]
-----------------------------------------------
                2.07    0.00 43395130/43395130     point_to_point(double*, double, double, double, double, double, double, int, int, double, double, double&, char*, int&) [3]
[18]     0.1    2.07    0.00 43395130         qerfi(double) [18]
-----------------------------------------------
                1.49    0.00 21697565/21697565     PlotLRPath(site, site, unsigned char, _IO_FILE*) [2]
[19]     0.1    1.49    0.00 21697565         GetSignal(double, double) [19]
-----------------------------------------------
                0.89    0.00 128477024/128477024     adiff2(double, prop_type&, propa_type&) [10]
[20]     0.1    0.89    0.00 128477024         aknfe(double const&) [20]
-----------------------------------------------
                0.69    0.20 7908328/7908328     lrprop2(double, prop_type&, propa_type&) [9]
[21]     0.1    0.69    0.20 7908328         ascat(double, prop_type&, propa_type&) [21]
                0.18    0.00 7908328/7908328     h0f(double, double) [31]
                0.03    0.00 3954164/3954164     ahd(double) [38]
-----------------------------------------------
                0.00    0.00   28816/21726381     ReadPath(site, site) [12]
                0.85    0.00 21697565/21726381     PlotLRPath(site, site, unsigned char, _IO_FILE*) [2]
[22]     0.1    0.85    0.00 21726381         Azimuth(site, site) [22]
-----------------------------------------------
                0.85    0.00 21697565/21697565     PlotLRPath(site, site, unsigned char, _IO_FILE*) [2]
[23]     0.1    0.85    0.00 21697565         PutMask(double, double, int) [23]
-----------------------------------------------
                0.83    0.00 82434231/82434231     adiff2(double, prop_type&, propa_type&) [10]
[24]     0.1    0.83    0.00 82434231         fht(double const&, double const&) [24]
-----------------------------------------------
                0.76    0.00 21697565/21697565     point_to_point(double*, double, double, double, double, double, double, int, int, double, double, double&, char*, int&) [3]
[25]     0.0    0.76    0.00 21697565         qlrps(double, double, double, int, double, double, prop_type&) [25]
-----------------------------------------------
                0.00    0.00      14/123799759     AverageTerrain(site, double, double, double) [45]
                0.41    0.00 123799745/123799759     ReadPath(site, site) [12]
[26]     0.0    0.41    0.00 123799759         arccos(double, double) [26]
-----------------------------------------------
                0.06    0.33       5/5           LoadTopoData(int, int, int, int) [28]
[27]     0.0    0.06    0.33       5         LoadSDF(char*) [27]
                0.33    0.00       5/5           LoadSDF_SDF(char*) [30]
                0.00    0.00       2/2           LoadSDF_BZ(char*) [58]
-----------------------------------------------
                                                 <spontaneous>
[28]     0.0    0.00    0.39                 LoadTopoData(int, int, int, int) [28]
                0.06    0.33       5/5           LoadSDF(char*) [27]
                0.00    0.00       2/6           ReduceAngle(double) [57]
-----------------------------------------------
                0.38    0.00 21697565/21697565     PlotLRPath(site, site, unsigned char, _IO_FILE*) [2]
[29]     0.0    0.38    0.00 21697565         PutSignal(double, double, unsigned char) [29]
-----------------------------------------------
                0.33    0.00       5/5           LoadSDF(char*) [27]
[30]     0.0    0.33    0.00       5         LoadSDF_SDF(char*) [30]
-----------------------------------------------
                0.18    0.00 7908328/7908328     ascat(double, prop_type&, propa_type&) [21]
[31]     0.0    0.18    0.00 7908328         h0f(double, double) [31]
-----------------------------------------------
                0.14    0.02 17789090/17789090     lrprop2(double, prop_type&, propa_type&) [9]
[32]     0.0    0.14    0.02 17789090         alos2(double, prop_type&, propa_type&) [32]
                0.02    0.00   45643/65092646     saalos(double, prop_type&, propa_type&) [11]
-----------------------------------------------
                0.00    0.00    1457/98206800     PlaceMarker(site) [50]
                0.09    0.00 98205343/98206800     PlotLRPath(site, site, unsigned char, _IO_FILE*) [2]
[33]     0.0    0.09    0.00 98206800         GetMask(double, double) [33]
-----------------------------------------------
                                                 <spontaneous>
[34]     0.0    0.07    0.00                 adiff(double, prop_type&, propa_type&) [34]
-----------------------------------------------
                                                 <spontaneous>
[35]     0.0    0.06    0.00                 interpolate(int, int, int, int, int) [35]
-----------------------------------------------
                0.03    0.00   28816/28816       ReadPath(site, site) [12]
[36]     0.0    0.03    0.00   28816         Distance(site, site) [36]
-----------------------------------------------
                                                 <spontaneous>
[37]     0.0    0.03    0.00                 point_to_point_ITM(double*, double, double, double, double, double, double, int, int, double, double, double&, char*, int&) [37]
-----------------------------------------------
                0.03    0.00 3954164/3954164     ascat(double, prop_type&, propa_type&) [21]
[38]     0.0    0.03    0.00 3954164         ahd(double) [38]
-----------------------------------------------
                                                 <spontaneous>
[39]     0.0    0.03    0.00                 FORTRAN_DIM(double const&, double const&) [39]
-----------------------------------------------
                                                 <spontaneous>
[40]     0.0    0.02    0.00                 hzns(double*, prop_type&) [40]
-----------------------------------------------
                                                 <spontaneous>
[41]     0.0    0.02    0.00                 z1sq1(double*, double const&, double const&, double&, double&) [41]
-----------------------------------------------
                                                 <spontaneous>
[42]     0.0    0.02    0.00                 lrprop(double, prop_type&, propa_type&) [42]
-----------------------------------------------
                                                 <spontaneous>
[43]     0.0    0.01    0.00                 abq_alos(std::complex<double>) [43]
-----------------------------------------------
                                                 <spontaneous>
[44]     0.0    0.00    0.01                 SiteReport(site) [44]
                0.00    0.00       1/1           haat(site) [49]
                0.00    0.00       8/16          AverageTerrain(site, double, double, double) [45]
                0.00    0.00       2/123857897     GetElevation(site) [14]
                0.00    0.00       2/2           dec2dms(double) [60]
-----------------------------------------------
                0.00    0.00       8/16          haat(site) [49]
                0.00    0.00       8/16          SiteReport(site) [44]
[45]     0.0    0.00    0.01      16         AverageTerrain(site, double, double, double) [45]
                0.00    0.00      16/28816       ReadPath(site, site) [12]
                0.00    0.00      16/123857897     GetElevation(site) [14]
                0.00    0.00      14/123799759     arccos(double, double) [26]
-----------------------------------------------
                                                 <spontaneous>
[46]     0.0    0.01    0.00                 alos(double, prop_type&, propa_type&) [46]
-----------------------------------------------
                                                 <spontaneous>
[47]     0.0    0.01    0.00                 d1thx(double*, double const&, double const&) [47]
-----------------------------------------------
                                                 <spontaneous>
[48]     0.0    0.01    0.00                 qlrpfl(double*, int, int, prop_type&, propa_type&, propv_type&) [48]
-----------------------------------------------
                0.00    0.00       1/1           SiteReport(site) [44]
[49]     0.0    0.00    0.00       1         haat(site) [49]
                0.00    0.00       8/16          AverageTerrain(site, double, double, double) [45]
                0.00    0.00       1/123857897     GetElevation(site) [14]
-----------------------------------------------
                                                 <spontaneous>
[50]     0.0    0.00    0.00                 PlaceMarker(site) [50]
                0.00    0.00    1865/98207208     OrMask(double, double, int) [15]
                0.00    0.00    1457/98206800     GetMask(double, double) [33]
-----------------------------------------------
                0.00    0.00       2/6           PlotLRMap(site, double, char*) [1]
                0.00    0.00       2/6           WritePPMSS(char*, unsigned char, unsigned char, unsigned char, site*, unsigned char) [16]
                0.00    0.00       2/6           LoadTopoData(int, int, int, int) [28]
[57]     0.0    0.00    0.00       6         ReduceAngle(double) [57]
-----------------------------------------------
                0.00    0.00       2/2           LoadSDF(char*) [27]
[58]     0.0    0.00    0.00       2         LoadSDF_BZ(char*) [58]
-----------------------------------------------
                0.00    0.00       2/2           LoadQTH(char*) [92]
[59]     0.0    0.00    0.00       2         ReadBearing(char*) [59]
-----------------------------------------------
                0.00    0.00       2/2           SiteReport(site) [44]
[60]     0.0    0.00    0.00       2         dec2dms(double) [60]
-----------------------------------------------
                0.00    0.00       1/1           WritePPMSS(char*, unsigned char, unsigned char, unsigned char, site*, unsigned char) [16]
[61]     0.0    0.00    0.00       1         LoadSignalColors(site) [61]
-----------------------------------------------
                0.00    0.00       1/1           ReadLRParm(site, char) [66]
[62]     0.0    0.00    0.00       1         LoadPAT(char*) [62]
-----------------------------------------------

 This table describes the call tree of the program, and was sorted by
 the total amount of time spent in each function and its children.

 Each entry in this table consists of several lines.  The line with the
 index number at the left hand margin lists the current function.
 The lines above it list the functions that called this function,
 and the lines below it list the functions this one called.
 This line lists:
     index	A unique number given to each element of the table.
		Index numbers are sorted numerically.
		The index number is printed next to every function name so
		it is easier to look up where the function in the table.

     % time	This is the percentage of the `total' time that was spent
		in this function and its children.  Note that due to
		different viewpoints, functions excluded by options, etc,
		these numbers will NOT add up to 100%.

     self	This is the total amount of time spent in this function.

     children	This is the total amount of time propagated into this
		function by its children.

     called	This is the number of times the function was called.
		If the function called itself recursively, the number
		only includes non-recursive calls, and is followed by
		a `+' and the number of recursive calls.

     name	The name of the current function.  The index number is
		printed after it.  If the function is a member of a
		cycle, the cycle number is printed between the
		function's name and the index number.


 For the function's parents, the fields have the following meanings:

     self	This is the amount of time that was propagated directly
		from the function into this parent.

     children	This is the amount of time that was propagated from
		the function's children into this parent.

     called	This is the number of times this parent called the
		function `/' the total number of times the function
		was called.  Recursive calls to the function are not
		included in the number after the `/'.

     name	This is the name of the parent.  The parent's index
		number is printed after it.  If the parent is a
		member of a cycle, the cycle number is printed between
		the name and the index number.

 If the parents of the function cannot be determined, the word
 `<spontaneous>' is printed in the `name' field, and all the other
 fields are blank.

 For the function's children, the fields have the following meanings:

     self	This is the amount of time that was propagated directly
		from the child into the function.

     children	This is the amount of time that was propagated from the
		child's children to the function.

     called	This is the number of times the function called
		this child `/' the total number of times the child
		was called.  Recursive calls by the child are not
		listed in the number after the `/'.

     name	This is the name of the child.  The child's index
		number is printed after it.  If the child is a
		member of a cycle, the cycle number is printed
		between the name and the index number.

 If there are any cycles (circles) in the call graph, there is an
 entry for the cycle-as-a-whole.  This entry shows who called the
 cycle (as parents) and the members of the cycle (as children.)
 The `+' recursive calls entry shows the number of function calls that
 were internal to the cycle, and the calls entry for each member shows,
 for that member, how many times it was called from other members of
 the cycle.


Index by function name

  [58] LoadSDF_BZ(char*)      [49] haat(site)             [42] lrprop(double, prop_type&, propa_type&)
   [2] PlotLRPath(site, site, unsigned char, _IO_FILE*) [40] hzns(double*, prop_type&) [48] qlrpfl(double*, int, int, prop_type&, propa_type&, propv_type&)
  [16] WritePPMSS(char*, unsigned char, unsigned char, unsigned char, site*, unsigned char) [34] adiff(double, prop_type&, propa_type&) [11] saalos(double, prop_type&, propa_type&)
  [39] FORTRAN_DIM(double const&, double const&) [20] aknfe(double const&) [22] Azimuth(site, site)
  [30] LoadSDF_SDF(char*)     [32] alos2(double, prop_type&, propa_type&) [33] GetMask(double, double)
  [59] ReadBearing(char*)     [21] ascat(double, prop_type&, propa_type&) [62] LoadPAT(char*)
  [57] ReduceAngle(double)    [17] curve(double const&, double const&, double const&, double const&, double const&, double const&) [27] LoadSDF(char*)
  [35] interpolate(int, int, int, int, int) [47] d1thx(double*, double const&, double const&) [23] PutMask(double, double, int)
  [14] GetElevation(site)      [7] hzns2(double*, prop_type&, propa_type&) [60] dec2dms(double)
  [45] AverageTerrain(site, double, double, double) [18] qerfi(double) [9] lrprop2(double, prop_type&, propa_type&)
   [3] point_to_point(double*, double, double, double, double, double, double, int, int, double, double, double&, char*, int&) [25] qlrps(double, double, double, int, double, double, prop_type&) [4] qlrpfl2(double*, int, int, prop_type&, propa_type&, propv_type&)
  [61] LoadSignalColors(site)  [6] qtile(int const&, double*, int const&) [36] Distance(site, site)
  [37] point_to_point_ITM(double*, double, double, double, double, double, double, int, int, double, double, double&, char*, int&) [41] z1sq1(double*, double const&, double const&, double&, double&) [12] ReadPath(site, site)
  [38] ahd(double)             [8] z1sq2(double*, double const&, double const&, double&, double&) [43] abq_alos(std::complex<double>)
  [24] fht(double const&, double const&) [15] OrMask(double, double, int) [19] GetSignal(double, double)
  [31] h0f(double, double)    [10] adiff2(double, prop_type&, propa_type&) [1] PlotLRMap(site, double, char*)
  [46] alos(double, prop_type&, propa_type&) [26] arccos(double, double) [29] PutSignal(double, double, unsigned char)
  [13] avar(double, double, double, prop_type&, propv_type&) [5] d1thx2(double*, double const&, double const&, propa_type&)
