Run with 098 miles:
Flat profile:

Each sample counts as 0.01 seconds.
  %   cumulative   self              self     total           
 time   seconds   seconds    calls  ms/call  ms/call  name    
 42.06   2420.63  2420.63 99663640     0.02     0.02  qtile(int const&, double*, int const&)
 23.34   3763.80  1343.17 49831853     0.03     0.08  d1thx2(double*, double const&, double const&, propa_type&)
 21.37   4993.61  1229.81 49831853     0.02     0.02  hzns2(double*, prop_type&, propa_type&)
  6.49   5366.97   373.36 99662336     0.00     0.00  z1sq2(double*, double const&, double const&, double&, double&)
  3.13   5547.18   180.21 49831853     0.00     0.11  point_to_point(double*, double, double, double, double, double, double, int, int, double, double, double&, char*, int&)
  1.08   5609.19    62.01 149495504     0.00     0.00  saalos(double, prop_type&, propa_type&)
  0.95   5663.68    54.48 249067887     0.00     0.00  adiff2(double, prop_type&, propa_type&)
  0.27   5679.17    15.50 49831853     0.00     0.00  avar(double, double, double, prop_type&, propv_type&)
  0.16   5688.11     8.94 171566452     0.00     0.00  OrMask(double, double, int)
  0.14   5695.93     7.82 123857897     0.00     0.00  GetElevation(site)
  0.13   5703.55     7.62    28816     0.26     0.55  ReadPath(site, site)
  0.13   5711.13     7.58    28800     0.26   199.68  PlotLRPath(site, site, unsigned char, _IO_FILE*)
  0.11   5717.29     6.15 149495559     0.00     0.00  curve(double const&, double const&, double const&, double const&, double const&, double const&)
  0.10   5722.91     5.62 49831853     0.00     0.00  lrprop2(double, prop_type&, propa_type&)
  0.08   5727.67     4.76 99663706     0.00     0.00  qerfi(double)
  0.07   5731.75     4.08 49831853     0.00     0.00  GetSignal(double, double)
  0.07   5735.70     3.96 57060994     0.00     0.00  ascat(double, prop_type&, propa_type&)
  0.06   5739.36     3.66                             WritePPMSS(char*, unsigned char, unsigned char, unsigned char, site*, unsigned char)
  0.04   5741.77     2.41 193200243     0.00     0.00  fht(double const&, double const&)
  0.04   5744.04     2.27 49831853     0.00     0.00  PutMask(double, double, int)
  0.03   5746.05     2.01 49831853     0.00     0.11  qlrpfl2(double*, int, int, prop_type&, propa_type&, propv_type&)
  0.03   5748.05     2.00 296695930     0.00     0.00  aknfe(double const&)
  0.03   5749.76     1.71 49860669     0.00     0.00  Azimuth(site, site)
  0.02   5751.18     1.42 49831853     0.00     0.00  qlrps(double, double, double, int, double, double, prop_type&)
  0.02   5752.43     1.25 57060994     0.00     0.00  h0f(double, double)
  0.02   5753.54     1.11 49831853     0.00     0.00  PutSignal(double, double, unsigned char)
  0.01   5753.99     0.45 123799759     0.00     0.00  arccos(double, double)
  0.01   5754.33     0.34        5    68.00    68.00  LoadSDF_SDF(char*)
  0.00   5754.57     0.25 28530497     0.00     0.00  ahd(double)
  0.00   5754.68     0.11                             adiff(double, prop_type&, propa_type&)
  0.00   5754.76     0.09 21347045     0.00     0.00  alos2(double, prop_type&, propa_type&)
  0.00   5754.83     0.07    28816     0.00     0.00  Distance(site, site)
  0.00   5754.90     0.07                             FORTRAN_DIM(double const&, double const&)
  0.00   5754.96     0.06 171566044     0.00     0.00  GetMask(double, double)
  0.00   5755.02     0.06                             z1sq1(double*, double const&, double const&, double&, double&)
  0.00   5755.07     0.06                             abq_alos(std::complex<double>)
  0.00   5755.12     0.05        5    10.00    78.00  LoadSDF(char*)
  0.00   5755.17     0.05                             PlotLRMap(site, double, char*)
  0.00   5755.21     0.04                             interpolate(int, int, int, int, int)
  0.00   5755.24     0.03                             point_to_point_ITM(double*, double, double, double, double, double, double, int, int, double, double, double&, char*, int&)
  0.00   5755.27     0.03                             lrprop(double, prop_type&, propa_type&)
  0.00   5755.29     0.02        2    10.00    10.00  dec2dms(double)
  0.00   5755.31     0.02                             hzns(double*, prop_type&)
  0.00   5755.32     0.01                             d1thx(double*, double const&, double const&)
  0.00   5755.33     0.01                             qlrpfl(double*, int, int, prop_type&, propa_type&, propv_type&)
  0.00   5755.33     0.01                             alos(double, prop_type&, propa_type&)
  0.00   5755.33     0.00       16     0.00     0.55  AverageTerrain(site, double, double, double)
  0.00   5755.33     0.00        6     0.00     0.00  ReduceAngle(double)
  0.00   5755.33     0.00        2     0.00     0.00  LoadSDF_BZ(char*)
  0.00   5755.33     0.00        2     0.00     0.00  ReadBearing(char*)
  0.00   5755.33     0.00        1     0.00     0.00  LoadSignalColors(site)
  0.00   5755.33     0.00        1     0.00     4.43  haat(site)
  0.00   5755.33     0.00        1     0.00     0.00  LoadPAT(char*)

 %         the percentage of the total running time of the
time       program used by this function.

cumulative a running sum of the number of seconds accounted
 seconds   for by this function and those listed above it.

 self      the number of seconds accounted for by this
seconds    function alone.  This is the major sort for this
           listing.

calls      the number of times this function was invoked, if
           this function is profiled, else blank.
 
 self      the average number of milliseconds spent in this
ms/call    function per call, if this function is profiled,
	   else blank.

 total     the average number of milliseconds spent in this
ms/call    function and its descendents per call, if this 
	   function is profiled, else blank.

name       the name of the function.  This is the minor sort
           for this listing. The index shows the location of
	   the function in the gprof listing. If the index is
	   in parenthesis it shows where it would appear in
	   the gprof listing if it were to be printed.

		     Call graph (explanation follows)


granularity: each sample hit covers 2 byte(s) for 0.00% of 5755.33 seconds

index % time    self  children    called     name
                                                 <spontaneous>
[1]     99.9    0.05 5750.78                 PlotLRMap(site, double, char*) [1]
                7.58 5743.20   28800/28800       PlotLRPath(site, site, unsigned char, _IO_FILE*) [2]
                0.00    0.00       2/6           ReduceAngle(double) [58]
-----------------------------------------------
                7.58 5743.20   28800/28800       PlotLRMap(site, double, char*) [1]
[2]     99.9    7.58 5743.20   28800         PlotLRPath(site, site, unsigned char, _IO_FILE*) [2]
              180.21 5528.86 49831853/49831853     point_to_point(double*, double, double, double, double, double, double, int, int, double, double, double&, char*, int&) [3]
                7.62    8.34   28800/28816       ReadPath(site, site) [13]
                8.94    0.00 171564587/171566452     OrMask(double, double, int) [14]
                4.08    0.00 49831853/49831853     GetSignal(double, double) [19]
                2.27    0.00 49831853/49831853     PutMask(double, double, int) [22]
                1.71    0.00 49831853/49860669     Azimuth(site, site) [24]
                1.11    0.00 49831853/49831853     PutSignal(double, double, unsigned char) [27]
                0.06    0.00 171564587/171566044     GetMask(double, double) [37]
-----------------------------------------------
              180.21 5528.86 49831853/49831853     PlotLRPath(site, site, unsigned char, _IO_FILE*) [2]
[3]     99.2  180.21 5528.86 49831853         point_to_point(double*, double, double, double, double, double, double, int, int, double, double, double&, char*, int&) [3]
                2.01 5499.03 49831853/49831853     qlrpfl2(double*, int, int, prop_type&, propa_type&, propv_type&) [4]
               15.50    6.15 49831853/49831853     avar(double, double, double, prop_type&, propv_type&) [12]
                4.76    0.00 99663706/99663706     qerfi(double) [18]
                1.42    0.00 49831853/49831853     qlrps(double, double, double, int, double, double, prop_type&) [25]
-----------------------------------------------
                2.01 5499.03 49831853/49831853     point_to_point(double*, double, double, double, double, double, double, int, int, double, double, double&, char*, int&) [3]
[4]     95.6    2.01 5499.03 49831853         qlrpfl2(double*, int, int, prop_type&, propa_type&, propv_type&) [4]
             1343.17 2607.31 49831853/49831853     d1thx2(double*, double const&, double const&, propa_type&) [5]
             1229.81    0.00 49831853/49831853     hzns2(double*, prop_type&, propa_type&) [7]
              186.68    0.00 49830516/99662336     z1sq2(double*, double const&, double const&, double&, double&) [8]
                5.62  126.43 49831853/49831853     lrprop2(double, prop_type&, propa_type&) [9]
-----------------------------------------------
             1343.17 2607.31 49831853/49831853     qlrpfl2(double*, int, int, prop_type&, propa_type&, propv_type&) [4]
[5]     68.6 1343.17 2607.31 49831853         d1thx2(double*, double const&, double const&, propa_type&) [5]
             2420.63    0.00 99663640/99663640     qtile(int const&, double*, int const&) [6]
              186.68    0.00 49831820/99662336     z1sq2(double*, double const&, double const&, double&, double&) [8]
-----------------------------------------------
             2420.63    0.00 99663640/99663640     d1thx2(double*, double const&, double const&, propa_type&) [5]
[6]     42.1 2420.63    0.00 99663640         qtile(int const&, double*, int const&) [6]
-----------------------------------------------
             1229.81    0.00 49831853/49831853     qlrpfl2(double*, int, int, prop_type&, propa_type&, propv_type&) [4]
[7]     21.4 1229.81    0.00 49831853         hzns2(double*, prop_type&, propa_type&) [7]
-----------------------------------------------
              186.68    0.00 49830516/99662336     qlrpfl2(double*, int, int, prop_type&, propa_type&, propv_type&) [4]
              186.68    0.00 49831820/99662336     d1thx2(double*, double const&, double const&, propa_type&) [5]
[8]      6.5  373.36    0.00 99662336         z1sq2(double*, double const&, double const&, double&, double&) [8]
-----------------------------------------------
                5.62  126.43 49831853/49831853     qlrpfl2(double*, int, int, prop_type&, propa_type&, propv_type&) [4]
[9]      2.3    5.62  126.43 49831853         lrprop2(double, prop_type&, propa_type&) [9]
               54.48   66.40 249067887/249067887     adiff2(double, prop_type&, propa_type&) [10]
                3.96    1.50 57060994/57060994     ascat(double, prop_type&, propa_type&) [17]
                0.09    0.02 21347045/21347045     alos2(double, prop_type&, propa_type&) [34]
-----------------------------------------------
               54.48   66.40 249067887/249067887     lrprop2(double, prop_type&, propa_type&) [9]
[10]     2.1   54.48   66.40 249067887         adiff2(double, prop_type&, propa_type&) [10]
               61.99    0.00 149449861/149495504     saalos(double, prop_type&, propa_type&) [11]
                2.41    0.00 193200243/193200243     fht(double const&, double const&) [21]
                2.00    0.00 296695930/296695930     aknfe(double const&) [23]
-----------------------------------------------
                0.02    0.00   45643/149495504     alos2(double, prop_type&, propa_type&) [34]
               61.99    0.00 149449861/149495504     adiff2(double, prop_type&, propa_type&) [10]
[11]     1.1   62.01    0.00 149495504         saalos(double, prop_type&, propa_type&) [11]
-----------------------------------------------
               15.50    6.15 49831853/49831853     point_to_point(double*, double, double, double, double, double, double, int, int, double, double, double&, char*, int&) [3]
[12]     0.4   15.50    6.15 49831853         avar(double, double, double, prop_type&, propv_type&) [12]
                6.15    0.00 149495559/149495559     curve(double const&, double const&, double const&, double const&, double const&, double const&) [16]
-----------------------------------------------
                0.00    0.00      16/28816       AverageTerrain(site, double, double, double) [48]
                7.62    8.34   28800/28816       PlotLRPath(site, site, unsigned char, _IO_FILE*) [2]
[13]     0.3    7.62    8.34   28816         ReadPath(site, site) [13]
                7.82    0.00 123857878/123857897     GetElevation(site) [15]
                0.45    0.00 123799745/123799759     arccos(double, double) [28]
                0.07    0.00   28816/28816       Distance(site, site) [35]
                0.00    0.00   28816/49860669     Azimuth(site, site) [24]
-----------------------------------------------
                0.00    0.00    1865/171566452     PlaceMarker(site) [51]
                8.94    0.00 171564587/171566452     PlotLRPath(site, site, unsigned char, _IO_FILE*) [2]
[14]     0.2    8.94    0.00 171566452         OrMask(double, double, int) [14]
-----------------------------------------------
                0.00    0.00       1/123857897     haat(site) [50]
                0.00    0.00       2/123857897     SiteReport(site) [42]
                0.00    0.00      16/123857897     AverageTerrain(site, double, double, double) [48]
                7.82    0.00 123857878/123857897     ReadPath(site, site) [13]
[15]     0.1    7.82    0.00 123857897         GetElevation(site) [15]
-----------------------------------------------
                6.15    0.00 149495559/149495559     avar(double, double, double, prop_type&, propv_type&) [12]
[16]     0.1    6.15    0.00 149495559         curve(double const&, double const&, double const&, double const&, double const&, double const&) [16]
-----------------------------------------------
                3.96    1.50 57060994/57060994     lrprop2(double, prop_type&, propa_type&) [9]
[17]     0.1    3.96    1.50 57060994         ascat(double, prop_type&, propa_type&) [17]
                1.25    0.00 57060994/57060994     h0f(double, double) [26]
                0.25    0.00 28530497/28530497     ahd(double) [32]
-----------------------------------------------
                4.76    0.00 99663706/99663706     point_to_point(double*, double, double, double, double, double, double, int, int, double, double, double&, char*, int&) [3]
[18]     0.1    4.76    0.00 99663706         qerfi(double) [18]
-----------------------------------------------
                4.08    0.00 49831853/49831853     PlotLRPath(site, site, unsigned char, _IO_FILE*) [2]
[19]     0.1    4.08    0.00 49831853         GetSignal(double, double) [19]
-----------------------------------------------
                                                 <spontaneous>
[20]     0.1    3.66    0.00                 WritePPMSS(char*, unsigned char, unsigned char, unsigned char, site*, unsigned char) [20]
                0.00    0.00       2/6           ReduceAngle(double) [58]
                0.00    0.00       1/1           LoadSignalColors(site) [61]
-----------------------------------------------
                2.41    0.00 193200243/193200243     adiff2(double, prop_type&, propa_type&) [10]
[21]     0.0    2.41    0.00 193200243         fht(double const&, double const&) [21]
-----------------------------------------------
                2.27    0.00 49831853/49831853     PlotLRPath(site, site, unsigned char, _IO_FILE*) [2]
[22]     0.0    2.27    0.00 49831853         PutMask(double, double, int) [22]
-----------------------------------------------
                2.00    0.00 296695930/296695930     adiff2(double, prop_type&, propa_type&) [10]
[23]     0.0    2.00    0.00 296695930         aknfe(double const&) [23]
-----------------------------------------------
                0.00    0.00   28816/49860669     ReadPath(site, site) [13]
                1.71    0.00 49831853/49860669     PlotLRPath(site, site, unsigned char, _IO_FILE*) [2]
[24]     0.0    1.71    0.00 49860669         Azimuth(site, site) [24]
-----------------------------------------------
                1.42    0.00 49831853/49831853     point_to_point(double*, double, double, double, double, double, double, int, int, double, double, double&, char*, int&) [3]
[25]     0.0    1.42    0.00 49831853         qlrps(double, double, double, int, double, double, prop_type&) [25]
-----------------------------------------------
                1.25    0.00 57060994/57060994     ascat(double, prop_type&, propa_type&) [17]
[26]     0.0    1.25    0.00 57060994         h0f(double, double) [26]
-----------------------------------------------
                1.11    0.00 49831853/49831853     PlotLRPath(site, site, unsigned char, _IO_FILE*) [2]
[27]     0.0    1.11    0.00 49831853         PutSignal(double, double, unsigned char) [27]
-----------------------------------------------
                0.00    0.00      14/123799759     AverageTerrain(site, double, double, double) [48]
                0.45    0.00 123799745/123799759     ReadPath(site, site) [13]
[28]     0.0    0.45    0.00 123799759         arccos(double, double) [28]
-----------------------------------------------
                0.05    0.34       5/5           LoadTopoData(int, int, int, int) [30]
[29]     0.0    0.05    0.34       5         LoadSDF(char*) [29]
                0.34    0.00       5/5           LoadSDF_SDF(char*) [31]
                0.00    0.00       2/2           LoadSDF_BZ(char*) [59]
-----------------------------------------------
                                                 <spontaneous>
[30]     0.0    0.00    0.39                 LoadTopoData(int, int, int, int) [30]
                0.05    0.34       5/5           LoadSDF(char*) [29]
                0.00    0.00       2/6           ReduceAngle(double) [58]
-----------------------------------------------
                0.34    0.00       5/5           LoadSDF(char*) [29]
[31]     0.0    0.34    0.00       5         LoadSDF_SDF(char*) [31]
-----------------------------------------------
                0.25    0.00 28530497/28530497     ascat(double, prop_type&, propa_type&) [17]
[32]     0.0    0.25    0.00 28530497         ahd(double) [32]
-----------------------------------------------
                                                 <spontaneous>
[33]     0.0    0.11    0.00                 adiff(double, prop_type&, propa_type&) [33]
-----------------------------------------------
                0.09    0.02 21347045/21347045     lrprop2(double, prop_type&, propa_type&) [9]
[34]     0.0    0.09    0.02 21347045         alos2(double, prop_type&, propa_type&) [34]
                0.02    0.00   45643/149495504     saalos(double, prop_type&, propa_type&) [11]
-----------------------------------------------
                0.07    0.00   28816/28816       ReadPath(site, site) [13]
[35]     0.0    0.07    0.00   28816         Distance(site, site) [35]
-----------------------------------------------
                                                 <spontaneous>
[36]     0.0    0.07    0.00                 FORTRAN_DIM(double const&, double const&) [36]
-----------------------------------------------
                0.00    0.00    1457/171566044     PlaceMarker(site) [51]
                0.06    0.00 171564587/171566044     PlotLRPath(site, site, unsigned char, _IO_FILE*) [2]
[37]     0.0    0.06    0.00 171566044         GetMask(double, double) [37]
-----------------------------------------------
                                                 <spontaneous>
[38]     0.0    0.06    0.00                 z1sq1(double*, double const&, double const&, double&, double&) [38]
-----------------------------------------------
                                                 <spontaneous>
[39]     0.0    0.06    0.00                 abq_alos(std::complex<double>) [39]
-----------------------------------------------
                                                 <spontaneous>
[40]     0.0    0.04    0.00                 interpolate(int, int, int, int, int) [40]
-----------------------------------------------
                                                 <spontaneous>
[41]     0.0    0.03    0.00                 point_to_point_ITM(double*, double, double, double, double, double, double, int, int, double, double, double&, char*, int&) [41]
-----------------------------------------------
                                                 <spontaneous>
[42]     0.0    0.00    0.03                 SiteReport(site) [42]
                0.02    0.00       2/2           dec2dms(double) [44]
                0.00    0.00       1/1           haat(site) [50]
                0.00    0.00       8/16          AverageTerrain(site, double, double, double) [48]
                0.00    0.00       2/123857897     GetElevation(site) [15]
-----------------------------------------------
                                                 <spontaneous>
[43]     0.0    0.03    0.00                 lrprop(double, prop_type&, propa_type&) [43]
-----------------------------------------------
                0.02    0.00       2/2           SiteReport(site) [42]
[44]     0.0    0.02    0.00       2         dec2dms(double) [44]
-----------------------------------------------
                                                 <spontaneous>
[45]     0.0    0.02    0.00                 hzns(double*, prop_type&) [45]
-----------------------------------------------
                                                 <spontaneous>
[46]     0.0    0.01    0.00                 d1thx(double*, double const&, double const&) [46]
-----------------------------------------------
                                                 <spontaneous>
[47]     0.0    0.01    0.00                 qlrpfl(double*, int, int, prop_type&, propa_type&, propv_type&) [47]
-----------------------------------------------
                0.00    0.00       8/16          haat(site) [50]
                0.00    0.00       8/16          SiteReport(site) [42]
[48]     0.0    0.00    0.01      16         AverageTerrain(site, double, double, double) [48]
                0.00    0.00      16/28816       ReadPath(site, site) [13]
                0.00    0.00      16/123857897     GetElevation(site) [15]
                0.00    0.00      14/123799759     arccos(double, double) [28]
-----------------------------------------------
                                                 <spontaneous>
[49]     0.0    0.01    0.00                 alos(double, prop_type&, propa_type&) [49]
-----------------------------------------------
                0.00    0.00       1/1           SiteReport(site) [42]
[50]     0.0    0.00    0.00       1         haat(site) [50]
                0.00    0.00       8/16          AverageTerrain(site, double, double, double) [48]
                0.00    0.00       1/123857897     GetElevation(site) [15]
-----------------------------------------------
                                                 <spontaneous>
[51]     0.0    0.00    0.00                 PlaceMarker(site) [51]
                0.00    0.00    1865/171566452     OrMask(double, double, int) [14]
                0.00    0.00    1457/171566044     GetMask(double, double) [37]
-----------------------------------------------
                0.00    0.00       2/6           PlotLRMap(site, double, char*) [1]
                0.00    0.00       2/6           WritePPMSS(char*, unsigned char, unsigned char, unsigned char, site*, unsigned char) [20]
                0.00    0.00       2/6           LoadTopoData(int, int, int, int) [30]
[58]     0.0    0.00    0.00       6         ReduceAngle(double) [58]
-----------------------------------------------
                0.00    0.00       2/2           LoadSDF(char*) [29]
[59]     0.0    0.00    0.00       2         LoadSDF_BZ(char*) [59]
-----------------------------------------------
                0.00    0.00       2/2           LoadQTH(char*) [92]
[60]     0.0    0.00    0.00       2         ReadBearing(char*) [60]
-----------------------------------------------
                0.00    0.00       1/1           WritePPMSS(char*, unsigned char, unsigned char, unsigned char, site*, unsigned char) [20]
[61]     0.0    0.00    0.00       1         LoadSignalColors(site) [61]
-----------------------------------------------
                0.00    0.00       1/1           ReadLRParm(site, char) [66]
[62]     0.0    0.00    0.00       1         LoadPAT(char*) [62]
-----------------------------------------------

 This table describes the call tree of the program, and was sorted by
 the total amount of time spent in each function and its children.

 Each entry in this table consists of several lines.  The line with the
 index number at the left hand margin lists the current function.
 The lines above it list the functions that called this function,
 and the lines below it list the functions this one called.
 This line lists:
     index	A unique number given to each element of the table.
		Index numbers are sorted numerically.
		The index number is printed next to every function name so
		it is easier to look up where the function in the table.

     % time	This is the percentage of the `total' time that was spent
		in this function and its children.  Note that due to
		different viewpoints, functions excluded by options, etc,
		these numbers will NOT add up to 100%.

     self	This is the total amount of time spent in this function.

     children	This is the total amount of time propagated into this
		function by its children.

     called	This is the number of times the function was called.
		If the function called itself recursively, the number
		only includes non-recursive calls, and is followed by
		a `+' and the number of recursive calls.

     name	The name of the current function.  The index number is
		printed after it.  If the function is a member of a
		cycle, the cycle number is printed between the
		function's name and the index number.


 For the function's parents, the fields have the following meanings:

     self	This is the amount of time that was propagated directly
		from the function into this parent.

     children	This is the amount of time that was propagated from
		the function's children into this parent.

     called	This is the number of times this parent called the
		function `/' the total number of times the function
		was called.  Recursive calls to the function are not
		included in the number after the `/'.

     name	This is the name of the parent.  The parent's index
		number is printed after it.  If the parent is a
		member of a cycle, the cycle number is printed between
		the name and the index number.

 If the parents of the function cannot be determined, the word
 `<spontaneous>' is printed in the `name' field, and all the other
 fields are blank.

 For the function's children, the fields have the following meanings:

     self	This is the amount of time that was propagated directly
		from the child into the function.

     children	This is the amount of time that was propagated from the
		child's children to the function.

     called	This is the number of times the function called
		this child `/' the total number of times the child
		was called.  Recursive calls by the child are not
		listed in the number after the `/'.

     name	This is the name of the child.  The child's index
		number is printed after it.  If the child is a
		member of a cycle, the cycle number is printed
		between the name and the index number.

 If there are any cycles (circles) in the call graph, there is an
 entry for the cycle-as-a-whole.  This entry shows who called the
 cycle (as parents) and the members of the cycle (as children.)
 The `+' recursive calls entry shows the number of function calls that
 were internal to the cycle, and the calls entry for each member shows,
 for that member, how many times it was called from other members of
 the cycle.


Index by function name

  [59] LoadSDF_BZ(char*)      [50] haat(site)             [43] lrprop(double, prop_type&, propa_type&)
   [2] PlotLRPath(site, site, unsigned char, _IO_FILE*) [45] hzns(double*, prop_type&) [47] qlrpfl(double*, int, int, prop_type&, propa_type&, propv_type&)
  [20] WritePPMSS(char*, unsigned char, unsigned char, unsigned char, site*, unsigned char) [33] adiff(double, prop_type&, propa_type&) [11] saalos(double, prop_type&, propa_type&)
  [36] FORTRAN_DIM(double const&, double const&) [23] aknfe(double const&) [24] Azimuth(site, site)
  [31] LoadSDF_SDF(char*)     [34] alos2(double, prop_type&, propa_type&) [37] GetMask(double, double)
  [60] ReadBearing(char*)     [17] ascat(double, prop_type&, propa_type&) [62] LoadPAT(char*)
  [58] ReduceAngle(double)    [16] curve(double const&, double const&, double const&, double const&, double const&, double const&) [29] LoadSDF(char*)
  [40] interpolate(int, int, int, int, int) [46] d1thx(double*, double const&, double const&) [22] PutMask(double, double, int)
  [15] GetElevation(site)      [7] hzns2(double*, prop_type&, propa_type&) [44] dec2dms(double)
  [48] AverageTerrain(site, double, double, double) [18] qerfi(double) [9] lrprop2(double, prop_type&, propa_type&)
   [3] point_to_point(double*, double, double, double, double, double, double, int, int, double, double, double&, char*, int&) [25] qlrps(double, double, double, int, double, double, prop_type&) [4] qlrpfl2(double*, int, int, prop_type&, propa_type&, propv_type&)
  [61] LoadSignalColors(site)  [6] qtile(int const&, double*, int const&) [35] Distance(site, site)
  [41] point_to_point_ITM(double*, double, double, double, double, double, double, int, int, double, double, double&, char*, int&) [38] z1sq1(double*, double const&, double const&, double&, double&) [13] ReadPath(site, site)
  [32] ahd(double)             [8] z1sq2(double*, double const&, double const&, double&, double&) [39] abq_alos(std::complex<double>)
  [21] fht(double const&, double const&) [14] OrMask(double, double, int) [19] GetSignal(double, double)
  [26] h0f(double, double)    [10] adiff2(double, prop_type&, propa_type&) [1] PlotLRMap(site, double, char*)
  [49] alos(double, prop_type&, propa_type&) [28] arccos(double, double) [27] PutSignal(double, double, unsigned char)
  [12] avar(double, double, double, prop_type&, propv_type&) [5] d1thx2(double*, double const&, double const&, propa_type&)
