Run with 036 miles:
Flat profile:

Each sample counts as 0.01 seconds.
  %   cumulative   self              self     total           
 time   seconds   seconds    calls  ms/call  ms/call  name    
 39.11    296.18   296.18 27066892     0.01     0.01  qtile(int const&, double*, int const&)
 22.66    467.79   171.61 13533479     0.01     0.04  d1thx2(double*, double const&, double const&, propa_type&)
 19.42    614.88   147.09 13533479     0.01     0.01  hzns2(double*, prop_type&, propa_type&)
  6.36    663.05    48.17 27065588     0.00     0.00  z1sq2(double*, double const&, double const&, double&, double&)
  3.07    686.28    23.23 13533479     0.00     0.05  point_to_point(double*, double, double, double, double, double, double, int, int, double, double, double&, char*, int&)
  2.25    703.35    17.07 40600388     0.00     0.00  saalos(double, prop_type&, propa_type&)
  2.03    718.70    15.34 67576017     0.00     0.00  adiff2(double, prop_type&, propa_type&)
  1.04    726.57     7.87    28816     0.27     0.54  ReadPath(site, site)
  0.96    733.82     7.25 123857897     0.00     0.00  GetElevation(site)
  0.57    738.17     4.35 13533479     0.00     0.00  avar(double, double, double, prop_type&, propv_type&)
  0.53    742.16     3.99                             WritePPMSS(char*, unsigned char, unsigned char, unsigned char, site*, unsigned char)
  0.43    745.42     3.26 73054030     0.00     0.00  OrMask(double, double, int)
  0.29    747.63     2.21    28800     0.08    26.14  PlotLRPath(site, site, unsigned char, _IO_FILE*)
  0.25    749.56     1.93 40600437     0.00     0.00  curve(double const&, double const&, double const&, double const&, double const&, double const&)
  0.19    750.97     1.41 13533479     0.00     0.00  lrprop2(double, prop_type&, propa_type&)
  0.14    751.99     1.03 27066958     0.00     0.00  qerfi(double)
  0.12    752.91     0.92 13533479     0.00     0.00  GetSignal(double, double)
  0.10    753.66     0.75 13533479     0.00     0.05  qlrpfl2(double*, int, int, prop_type&, propa_type&, propv_type&)
  0.08    754.27     0.61 80141852     0.00     0.00  aknfe(double const&)
  0.06    754.76     0.49 51258979     0.00     0.00  fht(double const&, double const&)
  0.06    755.21     0.45 13533479     0.00     0.00  PutMask(double, double, int)
  0.05    755.62     0.42 13533479     0.00     0.00  qlrps(double, double, double, int, double, double, prop_type&)
  0.05    755.99     0.37 123799759     0.00     0.00  arccos(double, double)
  0.05    756.35     0.36 13562295     0.00     0.00  Azimuth(site, site)
  0.03    756.61     0.26        5    52.00    52.00  LoadSDF_SDF(char*)
  0.03    756.83     0.22 13533479     0.00     0.00  PutSignal(double, double, unsigned char)
  0.01    756.92     0.09 13160256     0.00     0.00  alos2(double, prop_type&, propa_type&)
  0.01    756.98     0.06   837824     0.00     0.00  ascat(double, prop_type&, propa_type&)
  0.01    757.04     0.06                             z1sq1(double*, double const&, double const&, double&, double&)
  0.01    757.09     0.05        5    10.00    62.00  LoadSDF(char*)
  0.01    757.13     0.04                             interpolate(int, int, int, int, int)
  0.00    757.16     0.03                             FORTRAN_DIM(double const&, double const&)
  0.00    757.18     0.03   837824     0.00     0.00  h0f(double, double)
  0.00    757.20     0.02 73053622     0.00     0.00  GetMask(double, double)
  0.00    757.22     0.02        2    10.00    10.00  dec2dms(double)
  0.00    757.24     0.02                             adiff(double, prop_type&, propa_type&)
  0.00    757.26     0.02                             abq_alos(std::complex<double>)
  0.00    757.28     0.02   418912     0.00     0.00  ahd(double)
  0.00    757.29     0.01    28816     0.00     0.00  Distance(site, site)
  0.00    757.30     0.01        1    10.00    10.00  LoadPAT(char*)
  0.00    757.31     0.01                             point_to_point_ITM(double*, double, double, double, double, double, double, int, int, double, double, double&, char*, int&)
  0.00    757.32     0.01                             lrprop(double, prop_type&, propa_type&)
  0.00    757.32     0.01                             d1thx(double*, double const&, double const&)
  0.00    757.33     0.01                             qlrpfl(double*, int, int, prop_type&, propa_type&, propv_type&)
  0.00    757.33     0.00       16     0.00     0.54  AverageTerrain(site, double, double, double)
  0.00    757.33     0.00        6     0.00     0.00  ReduceAngle(double)
  0.00    757.33     0.00        2     0.00     0.00  LoadSDF_BZ(char*)
  0.00    757.33     0.00        2     0.00     0.00  ReadBearing(char*)
  0.00    757.33     0.00        1     0.00     0.00  LoadSignalColors(site)
  0.00    757.33     0.00        1     0.00     4.30  haat(site)

 %         the percentage of the total running time of the
time       program used by this function.

cumulative a running sum of the number of seconds accounted
 seconds   for by this function and those listed above it.

 self      the number of seconds accounted for by this
seconds    function alone.  This is the major sort for this
           listing.

calls      the number of times this function was invoked, if
           this function is profiled, else blank.
 
 self      the average number of milliseconds spent in this
ms/call    function per call, if this function is profiled,
	   else blank.

 total     the average number of milliseconds spent in this
ms/call    function and its descendents per call, if this 
	   function is profiled, else blank.

name       the name of the function.  This is the minor sort
           for this listing. The index shows the location of
	   the function in the gprof listing. If the index is
	   in parenthesis it shows where it would appear in
	   the gprof listing if it were to be printed.

		     Call graph (explanation follows)


granularity: each sample hit covers 2 byte(s) for 0.00% of 757.33 seconds

index % time    self  children    called     name
                2.21  750.58   28800/28800       PlotLRMap(site, double, char*) [2]
[1]     99.4    2.21  750.58   28800         PlotLRPath(site, site, unsigned char, _IO_FILE*) [1]
               23.23  706.63 13533479/13533479     point_to_point(double*, double, double, double, double, double, double, int, int, double, double, double&, char*, int&) [3]
                7.87    7.63   28800/28816       ReadPath(site, site) [12]
                3.26    0.00 73052165/73054030     OrMask(double, double, int) [16]
                0.92    0.00 13533479/13533479     GetSignal(double, double) [19]
                0.45    0.00 13533479/13533479     PutMask(double, double, int) [22]
                0.36    0.00 13533479/13562295     Azimuth(site, site) [25]
                0.22    0.00 13533479/13533479     PutSignal(double, double, unsigned char) [29]
                0.02    0.00 73052165/73053622     GetMask(double, double) [37]
-----------------------------------------------
                                                 <spontaneous>
[2]     99.4    0.00  752.79                 PlotLRMap(site, double, char*) [2]
                2.21  750.58   28800/28800       PlotLRPath(site, site, unsigned char, _IO_FILE*) [1]
                0.00    0.00       2/6           ReduceAngle(double) [58]
-----------------------------------------------
               23.23  706.63 13533479/13533479     PlotLRPath(site, site, unsigned char, _IO_FILE*) [1]
[3]     96.4   23.23  706.63 13533479         point_to_point(double*, double, double, double, double, double, double, int, int, double, double, double&, char*, int&) [3]
                0.75  698.16 13533479/13533479     qlrpfl2(double*, int, int, prop_type&, propa_type&, propv_type&) [4]
                4.35    1.93 13533479/13533479     avar(double, double, double, prop_type&, propv_type&) [14]
                1.03    0.00 27066958/27066958     qerfi(double) [18]
                0.42    0.00 13533479/13533479     qlrps(double, double, double, int, double, double, prop_type&) [23]
-----------------------------------------------
                0.75  698.16 13533479/13533479     point_to_point(double*, double, double, double, double, double, double, int, int, double, double, double&, char*, int&) [3]
[4]     92.3    0.75  698.16 13533479         qlrpfl2(double*, int, int, prop_type&, propa_type&, propv_type&) [4]
              171.61  320.27 13533479/13533479     d1thx2(double*, double const&, double const&, propa_type&) [5]
              147.09    0.00 13533479/13533479     hzns2(double*, prop_type&, propa_type&) [7]
                1.41   33.70 13533479/13533479     lrprop2(double, prop_type&, propa_type&) [9]
               24.09    0.00 13532142/27065588     z1sq2(double*, double const&, double const&, double&, double&) [8]
-----------------------------------------------
              171.61  320.27 13533479/13533479     qlrpfl2(double*, int, int, prop_type&, propa_type&, propv_type&) [4]
[5]     64.9  171.61  320.27 13533479         d1thx2(double*, double const&, double const&, propa_type&) [5]
              296.18    0.00 27066892/27066892     qtile(int const&, double*, int const&) [6]
               24.09    0.00 13533446/27065588     z1sq2(double*, double const&, double const&, double&, double&) [8]
-----------------------------------------------
              296.18    0.00 27066892/27066892     d1thx2(double*, double const&, double const&, propa_type&) [5]
[6]     39.1  296.18    0.00 27066892         qtile(int const&, double*, int const&) [6]
-----------------------------------------------
              147.09    0.00 13533479/13533479     qlrpfl2(double*, int, int, prop_type&, propa_type&, propv_type&) [4]
[7]     19.4  147.09    0.00 13533479         hzns2(double*, prop_type&, propa_type&) [7]
-----------------------------------------------
               24.09    0.00 13532142/27065588     qlrpfl2(double*, int, int, prop_type&, propa_type&, propv_type&) [4]
               24.09    0.00 13533446/27065588     d1thx2(double*, double const&, double const&, propa_type&) [5]
[8]      6.4   48.17    0.00 27065588         z1sq2(double*, double const&, double const&, double&, double&) [8]
-----------------------------------------------
                1.41   33.70 13533479/13533479     qlrpfl2(double*, int, int, prop_type&, propa_type&, propv_type&) [4]
[9]      4.6    1.41   33.70 13533479         lrprop2(double, prop_type&, propa_type&) [9]
               15.34   18.15 67576017/67576017     adiff2(double, prop_type&, propa_type&) [10]
                0.09    0.02 13160256/13160256     alos2(double, prop_type&, propa_type&) [30]
                0.06    0.04  837824/837824      ascat(double, prop_type&, propa_type&) [31]
-----------------------------------------------
               15.34   18.15 67576017/67576017     lrprop2(double, prop_type&, propa_type&) [9]
[10]     4.4   15.34   18.15 67576017         adiff2(double, prop_type&, propa_type&) [10]
               17.05    0.00 40554745/40600388     saalos(double, prop_type&, propa_type&) [11]
                0.61    0.00 80141852/80141852     aknfe(double const&) [20]
                0.49    0.00 51258979/51258979     fht(double const&, double const&) [21]
-----------------------------------------------
                0.02    0.00   45643/40600388     alos2(double, prop_type&, propa_type&) [30]
               17.05    0.00 40554745/40600388     adiff2(double, prop_type&, propa_type&) [10]
[11]     2.3   17.07    0.00 40600388         saalos(double, prop_type&, propa_type&) [11]
-----------------------------------------------
                0.00    0.00      16/28816       AverageTerrain(site, double, double, double) [47]
                7.87    7.63   28800/28816       PlotLRPath(site, site, unsigned char, _IO_FILE*) [1]
[12]     2.0    7.87    7.63   28816         ReadPath(site, site) [12]
                7.25    0.00 123857878/123857897     GetElevation(site) [13]
                0.37    0.00 123799745/123799759     arccos(double, double) [24]
                0.01    0.00   28816/28816       Distance(site, site) [42]
                0.00    0.00   28816/13562295     Azimuth(site, site) [25]
-----------------------------------------------
                0.00    0.00       1/123857897     haat(site) [50]
                0.00    0.00       2/123857897     SiteReport(site) [35]
                0.00    0.00      16/123857897     AverageTerrain(site, double, double, double) [47]
                7.25    0.00 123857878/123857897     ReadPath(site, site) [12]
[13]     1.0    7.25    0.00 123857897         GetElevation(site) [13]
-----------------------------------------------
                4.35    1.93 13533479/13533479     point_to_point(double*, double, double, double, double, double, double, int, int, double, double, double&, char*, int&) [3]
[14]     0.8    4.35    1.93 13533479         avar(double, double, double, prop_type&, propv_type&) [14]
                1.93    0.00 40600437/40600437     curve(double const&, double const&, double const&, double const&, double const&, double const&) [17]
-----------------------------------------------
                                                 <spontaneous>
[15]     0.5    3.99    0.00                 WritePPMSS(char*, unsigned char, unsigned char, unsigned char, site*, unsigned char) [15]
                0.00    0.00       2/6           ReduceAngle(double) [58]
                0.00    0.00       1/1           LoadSignalColors(site) [61]
-----------------------------------------------
                0.00    0.00    1865/73054030     PlaceMarker(site) [51]
                3.26    0.00 73052165/73054030     PlotLRPath(site, site, unsigned char, _IO_FILE*) [1]
[16]     0.4    3.26    0.00 73054030         OrMask(double, double, int) [16]
-----------------------------------------------
                1.93    0.00 40600437/40600437     avar(double, double, double, prop_type&, propv_type&) [14]
[17]     0.3    1.93    0.00 40600437         curve(double const&, double const&, double const&, double const&, double const&, double const&) [17]
-----------------------------------------------
                1.03    0.00 27066958/27066958     point_to_point(double*, double, double, double, double, double, double, int, int, double, double, double&, char*, int&) [3]
[18]     0.1    1.03    0.00 27066958         qerfi(double) [18]
-----------------------------------------------
                0.92    0.00 13533479/13533479     PlotLRPath(site, site, unsigned char, _IO_FILE*) [1]
[19]     0.1    0.92    0.00 13533479         GetSignal(double, double) [19]
-----------------------------------------------
                0.61    0.00 80141852/80141852     adiff2(double, prop_type&, propa_type&) [10]
[20]     0.1    0.61    0.00 80141852         aknfe(double const&) [20]
-----------------------------------------------
                0.49    0.00 51258979/51258979     adiff2(double, prop_type&, propa_type&) [10]
[21]     0.1    0.49    0.00 51258979         fht(double const&, double const&) [21]
-----------------------------------------------
                0.45    0.00 13533479/13533479     PlotLRPath(site, site, unsigned char, _IO_FILE*) [1]
[22]     0.1    0.45    0.00 13533479         PutMask(double, double, int) [22]
-----------------------------------------------
                0.42    0.00 13533479/13533479     point_to_point(double*, double, double, double, double, double, double, int, int, double, double, double&, char*, int&) [3]
[23]     0.1    0.42    0.00 13533479         qlrps(double, double, double, int, double, double, prop_type&) [23]
-----------------------------------------------
                0.00    0.00      14/123799759     AverageTerrain(site, double, double, double) [47]
                0.37    0.00 123799745/123799759     ReadPath(site, site) [12]
[24]     0.0    0.37    0.00 123799759         arccos(double, double) [24]
-----------------------------------------------
                0.00    0.00   28816/13562295     ReadPath(site, site) [12]
                0.36    0.00 13533479/13562295     PlotLRPath(site, site, unsigned char, _IO_FILE*) [1]
[25]     0.0    0.36    0.00 13562295         Azimuth(site, site) [25]
-----------------------------------------------
                0.05    0.26       5/5           LoadTopoData(int, int, int, int) [27]
[26]     0.0    0.05    0.26       5         LoadSDF(char*) [26]
                0.26    0.00       5/5           LoadSDF_SDF(char*) [28]
                0.00    0.00       2/2           LoadSDF_BZ(char*) [59]
-----------------------------------------------
                                                 <spontaneous>
[27]     0.0    0.00    0.31                 LoadTopoData(int, int, int, int) [27]
                0.05    0.26       5/5           LoadSDF(char*) [26]
                0.00    0.00       2/6           ReduceAngle(double) [58]
-----------------------------------------------
                0.26    0.00       5/5           LoadSDF(char*) [26]
[28]     0.0    0.26    0.00       5         LoadSDF_SDF(char*) [28]
-----------------------------------------------
                0.22    0.00 13533479/13533479     PlotLRPath(site, site, unsigned char, _IO_FILE*) [1]
[29]     0.0    0.22    0.00 13533479         PutSignal(double, double, unsigned char) [29]
-----------------------------------------------
                0.09    0.02 13160256/13160256     lrprop2(double, prop_type&, propa_type&) [9]
[30]     0.0    0.09    0.02 13160256         alos2(double, prop_type&, propa_type&) [30]
                0.02    0.00   45643/40600388     saalos(double, prop_type&, propa_type&) [11]
-----------------------------------------------
                0.06    0.04  837824/837824      lrprop2(double, prop_type&, propa_type&) [9]
[31]     0.0    0.06    0.04  837824         ascat(double, prop_type&, propa_type&) [31]
                0.03    0.00  837824/837824      h0f(double, double) [36]
                0.02    0.00  418912/418912      ahd(double) [41]
-----------------------------------------------
                                                 <spontaneous>
[32]     0.0    0.06    0.00                 z1sq1(double*, double const&, double const&, double&, double&) [32]
-----------------------------------------------
                                                 <spontaneous>
[33]     0.0    0.04    0.00                 interpolate(int, int, int, int, int) [33]
-----------------------------------------------
                                                 <spontaneous>
[34]     0.0    0.03    0.00                 FORTRAN_DIM(double const&, double const&) [34]
-----------------------------------------------
                                                 <spontaneous>
[35]     0.0    0.00    0.03                 SiteReport(site) [35]
                0.02    0.00       2/2           dec2dms(double) [38]
                0.00    0.00       1/1           haat(site) [50]
                0.00    0.00       8/16          AverageTerrain(site, double, double, double) [47]
                0.00    0.00       2/123857897     GetElevation(site) [13]
-----------------------------------------------
                0.03    0.00  837824/837824      ascat(double, prop_type&, propa_type&) [31]
[36]     0.0    0.03    0.00  837824         h0f(double, double) [36]
-----------------------------------------------
                0.00    0.00    1457/73053622     PlaceMarker(site) [51]
                0.02    0.00 73052165/73053622     PlotLRPath(site, site, unsigned char, _IO_FILE*) [1]
[37]     0.0    0.02    0.00 73053622         GetMask(double, double) [37]
-----------------------------------------------
                0.02    0.00       2/2           SiteReport(site) [35]
[38]     0.0    0.02    0.00       2         dec2dms(double) [38]
-----------------------------------------------
                                                 <spontaneous>
[39]     0.0    0.02    0.00                 adiff(double, prop_type&, propa_type&) [39]
-----------------------------------------------
                                                 <spontaneous>
[40]     0.0    0.02    0.00                 abq_alos(std::complex<double>) [40]
-----------------------------------------------
                0.02    0.00  418912/418912      ascat(double, prop_type&, propa_type&) [31]
[41]     0.0    0.02    0.00  418912         ahd(double) [41]
-----------------------------------------------
                0.01    0.00   28816/28816       ReadPath(site, site) [12]
[42]     0.0    0.01    0.00   28816         Distance(site, site) [42]
-----------------------------------------------
                0.01    0.00       1/1           ReadLRParm(site, char) [44]
[43]     0.0    0.01    0.00       1         LoadPAT(char*) [43]
-----------------------------------------------
                                                 <spontaneous>
[44]     0.0    0.00    0.01                 ReadLRParm(site, char) [44]
                0.01    0.00       1/1           LoadPAT(char*) [43]
-----------------------------------------------
                                                 <spontaneous>
[45]     0.0    0.01    0.00                 point_to_point_ITM(double*, double, double, double, double, double, double, int, int, double, double, double&, char*, int&) [45]
-----------------------------------------------
                                                 <spontaneous>
[46]     0.0    0.01    0.00                 lrprop(double, prop_type&, propa_type&) [46]
-----------------------------------------------
                0.00    0.00       8/16          haat(site) [50]
                0.00    0.00       8/16          SiteReport(site) [35]
[47]     0.0    0.00    0.01      16         AverageTerrain(site, double, double, double) [47]
                0.00    0.00      16/28816       ReadPath(site, site) [12]
                0.00    0.00      16/123857897     GetElevation(site) [13]
                0.00    0.00      14/123799759     arccos(double, double) [24]
-----------------------------------------------
                                                 <spontaneous>
[48]     0.0    0.01    0.00                 d1thx(double*, double const&, double const&) [48]
-----------------------------------------------
                                                 <spontaneous>
[49]     0.0    0.01    0.00                 qlrpfl(double*, int, int, prop_type&, propa_type&, propv_type&) [49]
-----------------------------------------------
                0.00    0.00       1/1           SiteReport(site) [35]
[50]     0.0    0.00    0.00       1         haat(site) [50]
                0.00    0.00       8/16          AverageTerrain(site, double, double, double) [47]
                0.00    0.00       1/123857897     GetElevation(site) [13]
-----------------------------------------------
                                                 <spontaneous>
[51]     0.0    0.00    0.00                 PlaceMarker(site) [51]
                0.00    0.00    1865/73054030     OrMask(double, double, int) [16]
                0.00    0.00    1457/73053622     GetMask(double, double) [37]
-----------------------------------------------
                0.00    0.00       2/6           PlotLRMap(site, double, char*) [2]
                0.00    0.00       2/6           WritePPMSS(char*, unsigned char, unsigned char, unsigned char, site*, unsigned char) [15]
                0.00    0.00       2/6           LoadTopoData(int, int, int, int) [27]
[58]     0.0    0.00    0.00       6         ReduceAngle(double) [58]
-----------------------------------------------
                0.00    0.00       2/2           LoadSDF(char*) [26]
[59]     0.0    0.00    0.00       2         LoadSDF_BZ(char*) [59]
-----------------------------------------------
                0.00    0.00       2/2           LoadQTH(char*) [92]
[60]     0.0    0.00    0.00       2         ReadBearing(char*) [60]
-----------------------------------------------
                0.00    0.00       1/1           WritePPMSS(char*, unsigned char, unsigned char, unsigned char, site*, unsigned char) [15]
[61]     0.0    0.00    0.00       1         LoadSignalColors(site) [61]
-----------------------------------------------

 This table describes the call tree of the program, and was sorted by
 the total amount of time spent in each function and its children.

 Each entry in this table consists of several lines.  The line with the
 index number at the left hand margin lists the current function.
 The lines above it list the functions that called this function,
 and the lines below it list the functions this one called.
 This line lists:
     index	A unique number given to each element of the table.
		Index numbers are sorted numerically.
		The index number is printed next to every function name so
		it is easier to look up where the function in the table.

     % time	This is the percentage of the `total' time that was spent
		in this function and its children.  Note that due to
		different viewpoints, functions excluded by options, etc,
		these numbers will NOT add up to 100%.

     self	This is the total amount of time spent in this function.

     children	This is the total amount of time propagated into this
		function by its children.

     called	This is the number of times the function was called.
		If the function called itself recursively, the number
		only includes non-recursive calls, and is followed by
		a `+' and the number of recursive calls.

     name	The name of the current function.  The index number is
		printed after it.  If the function is a member of a
		cycle, the cycle number is printed between the
		function's name and the index number.


 For the function's parents, the fields have the following meanings:

     self	This is the amount of time that was propagated directly
		from the function into this parent.

     children	This is the amount of time that was propagated from
		the function's children into this parent.

     called	This is the number of times this parent called the
		function `/' the total number of times the function
		was called.  Recursive calls to the function are not
		included in the number after the `/'.

     name	This is the name of the parent.  The parent's index
		number is printed after it.  If the parent is a
		member of a cycle, the cycle number is printed between
		the name and the index number.

 If the parents of the function cannot be determined, the word
 `<spontaneous>' is printed in the `name' field, and all the other
 fields are blank.

 For the function's children, the fields have the following meanings:

     self	This is the amount of time that was propagated directly
		from the child into the function.

     children	This is the amount of time that was propagated from the
		child's children to the function.

     called	This is the number of times the function called
		this child `/' the total number of times the child
		was called.  Recursive calls by the child are not
		listed in the number after the `/'.

     name	This is the name of the child.  The child's index
		number is printed after it.  If the child is a
		member of a cycle, the cycle number is printed
		between the name and the index number.

 If there are any cycles (circles) in the call graph, there is an
 entry for the cycle-as-a-whole.  This entry shows who called the
 cycle (as parents) and the members of the cycle (as children.)
 The `+' recursive calls entry shows the number of function calls that
 were internal to the cycle, and the calls entry for each member shows,
 for that member, how many times it was called from other members of
 the cycle.


Index by function name

  [59] LoadSDF_BZ(char*)      [50] haat(site)             [46] lrprop(double, prop_type&, propa_type&)
   [1] PlotLRPath(site, site, unsigned char, _IO_FILE*) [39] adiff(double, prop_type&, propa_type&) [49] qlrpfl(double*, int, int, prop_type&, propa_type&, propv_type&)
  [15] WritePPMSS(char*, unsigned char, unsigned char, unsigned char, site*, unsigned char) [20] aknfe(double const&) [11] saalos(double, prop_type&, propa_type&)
  [34] FORTRAN_DIM(double const&, double const&) [30] alos2(double, prop_type&, propa_type&) [25] Azimuth(site, site)
  [28] LoadSDF_SDF(char*)     [31] ascat(double, prop_type&, propa_type&) [37] GetMask(double, double)
  [60] ReadBearing(char*)     [17] curve(double const&, double const&, double const&, double const&, double const&, double const&) [43] LoadPAT(char*)
  [58] ReduceAngle(double)    [48] d1thx(double*, double const&, double const&) [26] LoadSDF(char*)
  [33] interpolate(int, int, int, int, int) [7] hzns2(double*, prop_type&, propa_type&) [22] PutMask(double, double, int)
  [13] GetElevation(site)     [18] qerfi(double)          [38] dec2dms(double)
  [47] AverageTerrain(site, double, double, double) [23] qlrps(double, double, double, int, double, double, prop_type&) [9] lrprop2(double, prop_type&, propa_type&)
   [3] point_to_point(double*, double, double, double, double, double, double, int, int, double, double, double&, char*, int&) [6] qtile(int const&, double*, int const&) [4] qlrpfl2(double*, int, int, prop_type&, propa_type&, propv_type&)
  [61] LoadSignalColors(site) [32] z1sq1(double*, double const&, double const&, double&, double&) [42] Distance(site, site)
  [45] point_to_point_ITM(double*, double, double, double, double, double, double, int, int, double, double, double&, char*, int&) [8] z1sq2(double*, double const&, double const&, double&, double&) [12] ReadPath(site, site)
  [41] ahd(double)            [16] OrMask(double, double, int) [40] abq_alos(std::complex<double>)
  [21] fht(double const&, double const&) [10] adiff2(double, prop_type&, propa_type&) [19] GetSignal(double, double)
  [36] h0f(double, double)    [24] arccos(double, double) [29] PutSignal(double, double, unsigned char)
  [14] avar(double, double, double, prop_type&, propv_type&) [5] d1thx2(double*, double const&, double const&, propa_type&)
