Run with 023 miles:
Flat profile:

Each sample counts as 0.01 seconds.
  %   cumulative   self              self     total           
 time   seconds   seconds    calls  ms/call  ms/call  name    
 34.80     77.77    77.77 11057076     0.01     0.01  qtile(int const&, double*, int const&)
 20.38    123.31    45.54  5528571     0.01     0.02  d1thx2(double*, double const&, double const&, propa_type&)
 17.78    163.05    39.73  5528571     0.01     0.01  hzns2(double*, prop_type&, propa_type&)
  6.04    176.53    13.49 11055772     0.00     0.00  z1sq2(double*, double const&, double const&, double&, double&)
  3.74    184.89     8.36 123857897     0.00     0.00  GetElevation(site)
  3.34    192.35     7.46    28816     0.26     0.56  ReadPath(site, site)
  2.92    198.88     6.53 16585664     0.00     0.00  saalos(double, prop_type&, propa_type&)
  2.76    205.06     6.18 27556935     0.00     0.00  adiff2(double, prop_type&, propa_type&)
  2.60    210.88     5.82  5528571     0.00     0.04  point_to_point(double*, double, double, double, double, double, double, int, int, double, double, double&, char*, int&)
  1.67    214.62     3.74                             WritePPMSS(char*, unsigned char, unsigned char, unsigned char, site*, unsigned char)
  0.77    216.33     1.71  5528571     0.00     0.00  avar(double, double, double, prop_type&, propv_type&)
  0.72    217.94     1.61 43540757     0.00     0.00  OrMask(double, double, int)
  0.46    218.97     1.03    28800     0.04     7.61  PlotLRPath(site, site, unsigned char, _IO_FILE*)
  0.30    219.65     0.68  5528571     0.00     0.00  lrprop2(double, prop_type&, propa_type&)
  0.26    220.24     0.59 16585713     0.00     0.00  curve(double const&, double const&, double const&, double const&, double const&, double const&)
  0.24    220.78     0.55 11057142     0.00     0.00  qerfi(double)
  0.17    221.15     0.37  5528571     0.00     0.00  GetSignal(double, double)
  0.16    221.51     0.36 123799759     0.00     0.00  arccos(double, double)
  0.14    221.83     0.32        5    64.00    64.00  LoadSDF_SDF(char*)
  0.12    222.10     0.27  5557387     0.00     0.00  Azimuth(site, site)
  0.10    222.33     0.23 32700574     0.00     0.00  aknfe(double const&)
  0.10    222.56     0.23 20616993     0.00     0.00  fht(double const&, double const&)
  0.10    222.79     0.23  5528571     0.00     0.03  qlrpfl2(double*, int, int, prop_type&, propa_type&, propv_type&)
  0.08    222.96     0.17  5528571     0.00     0.00  PutMask(double, double, int)
  0.04    223.06     0.10  5528571     0.00     0.00  qlrps(double, double, double, int, double, double, prop_type&)
  0.04    223.16     0.10  5571531     0.00     0.00  alos2(double, prop_type&, propa_type&)
  0.04    223.25     0.09                             interpolate(int, int, int, int, int)
  0.03    223.32     0.07  5528571     0.00     0.00  PutSignal(double, double, unsigned char)
  0.03    223.38     0.06        5    12.00    76.00  LoadSDF(char*)
  0.01    223.41     0.03                             z1sq1(double*, double const&, double const&, double&, double&)
  0.01    223.42     0.02                             ascat(double, prop_type&, propa_type&)
  0.00    223.43     0.01 43540349     0.00     0.00  GetMask(double, double)
  0.00    223.44     0.01    28816     0.00     0.00  Distance(site, site)
  0.00    223.45     0.01        2     5.00     5.00  dec2dms(double)
  0.00    223.46     0.01                             FORTRAN_DIM(double const&, double const&)
  0.00    223.47     0.01                             alos(double, prop_type&, propa_type&)
  0.00    223.47     0.01                             adiff(double, prop_type&, propa_type&)
  0.00    223.47     0.00       16     0.00     0.56  AverageTerrain(site, double, double, double)
  0.00    223.47     0.00        6     0.00     0.00  ReduceAngle(double)
  0.00    223.47     0.00        2     0.00     0.00  LoadSDF_BZ(char*)
  0.00    223.47     0.00        2     0.00     0.00  ReadBearing(char*)
  0.00    223.47     0.00        1     0.00     0.00  LoadSignalColors(site)
  0.00    223.47     0.00        1     0.00     4.50  haat(site)
  0.00    223.47     0.00        1     0.00     0.00  LoadPAT(char*)

 %         the percentage of the total running time of the
time       program used by this function.

cumulative a running sum of the number of seconds accounted
 seconds   for by this function and those listed above it.

 self      the number of seconds accounted for by this
seconds    function alone.  This is the major sort for this
           listing.

calls      the number of times this function was invoked, if
           this function is profiled, else blank.
 
 self      the average number of milliseconds spent in this
ms/call    function per call, if this function is profiled,
	   else blank.

 total     the average number of milliseconds spent in this
ms/call    function and its descendents per call, if this 
	   function is profiled, else blank.

name       the name of the function.  This is the minor sort
           for this listing. The index shows the location of
	   the function in the gprof listing. If the index is
	   in parenthesis it shows where it would appear in
	   the gprof listing if it were to be printed.

		     Call graph (explanation follows)


granularity: each sample hit covers 2 byte(s) for 0.00% of 223.47 seconds

index % time    self  children    called     name
                1.03  218.15   28800/28800       PlotLRMap(site, double, char*) [2]
[1]     98.1    1.03  218.15   28800         PlotLRPath(site, site, unsigned char, _IO_FILE*) [1]
                5.82  193.65 5528571/5528571     point_to_point(double*, double, double, double, double, double, double, int, int, double, double, double&, char*, int&) [3]
                7.46    8.73   28800/28816       ReadPath(site, site) [8]
                1.61    0.00 43538892/43540757     OrMask(double, double, int) [16]
                0.37    0.00 5528571/5528571     GetSignal(double, double) [21]
                0.27    0.00 5528571/5557387     Azimuth(site, site) [24]
                0.17    0.00 5528571/5528571     PutMask(double, double, int) [27]
                0.07    0.00 5528571/5528571     PutSignal(double, double, unsigned char) [31]
                0.01    0.00 43538892/43540349     GetMask(double, double) [35]
-----------------------------------------------
                                                 <spontaneous>
[2]     98.1    0.00  219.18                 PlotLRMap(site, double, char*) [2]
                1.03  218.15   28800/28800       PlotLRPath(site, site, unsigned char, _IO_FILE*) [1]
                0.00    0.00       2/6           ReduceAngle(double) [50]
-----------------------------------------------
                5.82  193.65 5528571/5528571     PlotLRPath(site, site, unsigned char, _IO_FILE*) [1]
[3]     89.3    5.82  193.65 5528571         point_to_point(double*, double, double, double, double, double, double, int, int, double, double, double&, char*, int&) [3]
                0.23  190.47 5528571/5528571     qlrpfl2(double*, int, int, prop_type&, propa_type&, propv_type&) [4]
                1.71    0.59 5528571/5528571     avar(double, double, double, prop_type&, propv_type&) [15]
                0.55    0.00 11057142/11057142     qerfi(double) [18]
                0.10    0.00 5528571/5528571     qlrps(double, double, double, int, double, double, prop_type&) [29]
-----------------------------------------------
                0.23  190.47 5528571/5528571     point_to_point(double*, double, double, double, double, double, double, int, int, double, double, double&, char*, int&) [3]
[4]     85.3    0.23  190.47 5528571         qlrpfl2(double*, int, int, prop_type&, propa_type&, propv_type&) [4]
               45.54   84.51 5528571/5528571     d1thx2(double*, double const&, double const&, propa_type&) [5]
               39.73    0.00 5528571/5528571     hzns2(double*, prop_type&, propa_type&) [7]
                0.68   13.26 5528571/5528571     lrprop2(double, prop_type&, propa_type&) [9]
                6.74    0.00 5527234/11055772     z1sq2(double*, double const&, double const&, double&, double&) [10]
-----------------------------------------------
               45.54   84.51 5528571/5528571     qlrpfl2(double*, int, int, prop_type&, propa_type&, propv_type&) [4]
[5]     58.2   45.54   84.51 5528571         d1thx2(double*, double const&, double const&, propa_type&) [5]
               77.77    0.00 11057076/11057076     qtile(int const&, double*, int const&) [6]
                6.74    0.00 5528538/11055772     z1sq2(double*, double const&, double const&, double&, double&) [10]
-----------------------------------------------
               77.77    0.00 11057076/11057076     d1thx2(double*, double const&, double const&, propa_type&) [5]
[6]     34.8   77.77    0.00 11057076         qtile(int const&, double*, int const&) [6]
-----------------------------------------------
               39.73    0.00 5528571/5528571     qlrpfl2(double*, int, int, prop_type&, propa_type&, propv_type&) [4]
[7]     17.8   39.73    0.00 5528571         hzns2(double*, prop_type&, propa_type&) [7]
-----------------------------------------------
                0.00    0.00      16/28816       AverageTerrain(site, double, double, double) [39]
                7.46    8.73   28800/28816       PlotLRPath(site, site, unsigned char, _IO_FILE*) [1]
[8]      7.2    7.46    8.73   28816         ReadPath(site, site) [8]
                8.36    0.00 123857878/123857897     GetElevation(site) [12]
                0.36    0.00 123799745/123799759     arccos(double, double) [22]
                0.01    0.00   28816/28816       Distance(site, site) [36]
                0.00    0.00   28816/5557387     Azimuth(site, site) [24]
-----------------------------------------------
                0.68   13.26 5528571/5528571     qlrpfl2(double*, int, int, prop_type&, propa_type&, propv_type&) [4]
[9]      6.2    0.68   13.26 5528571         lrprop2(double, prop_type&, propa_type&) [9]
                6.18    6.97 27556935/27556935     adiff2(double, prop_type&, propa_type&) [11]
                0.10    0.02 5571531/5571531     alos2(double, prop_type&, propa_type&) [28]
-----------------------------------------------
                6.74    0.00 5527234/11055772     qlrpfl2(double*, int, int, prop_type&, propa_type&, propv_type&) [4]
                6.74    0.00 5528538/11055772     d1thx2(double*, double const&, double const&, propa_type&) [5]
[10]     6.0   13.49    0.00 11055772         z1sq2(double*, double const&, double const&, double&, double&) [10]
-----------------------------------------------
                6.18    6.97 27556935/27556935     lrprop2(double, prop_type&, propa_type&) [9]
[11]     5.9    6.18    6.97 27556935         adiff2(double, prop_type&, propa_type&) [11]
                6.51    0.00 16542750/16585664     saalos(double, prop_type&, propa_type&) [13]
                0.23    0.00 32700574/32700574     aknfe(double const&) [25]
                0.23    0.00 20616993/20616993     fht(double const&, double const&) [26]
-----------------------------------------------
                0.00    0.00       1/123857897     haat(site) [42]
                0.00    0.00       2/123857897     SiteReport(site) [33]
                0.00    0.00      16/123857897     AverageTerrain(site, double, double, double) [39]
                8.36    0.00 123857878/123857897     ReadPath(site, site) [8]
[12]     3.7    8.36    0.00 123857897         GetElevation(site) [12]
-----------------------------------------------
                0.02    0.00   42914/16585664     alos2(double, prop_type&, propa_type&) [28]
                6.51    0.00 16542750/16585664     adiff2(double, prop_type&, propa_type&) [11]
[13]     2.9    6.53    0.00 16585664         saalos(double, prop_type&, propa_type&) [13]
-----------------------------------------------
                                                 <spontaneous>
[14]     1.7    3.74    0.00                 WritePPMSS(char*, unsigned char, unsigned char, unsigned char, site*, unsigned char) [14]
                0.00    0.00       2/6           ReduceAngle(double) [50]
                0.00    0.00       1/1           LoadSignalColors(site) [53]
-----------------------------------------------
                1.71    0.59 5528571/5528571     point_to_point(double*, double, double, double, double, double, double, int, int, double, double, double&, char*, int&) [3]
[15]     1.0    1.71    0.59 5528571         avar(double, double, double, prop_type&, propv_type&) [15]
                0.59    0.00 16585713/16585713     curve(double const&, double const&, double const&, double const&, double const&, double const&) [17]
-----------------------------------------------
                0.00    0.00    1865/43540757     PlaceMarker(site) [43]
                1.61    0.00 43538892/43540757     PlotLRPath(site, site, unsigned char, _IO_FILE*) [1]
[16]     0.7    1.61    0.00 43540757         OrMask(double, double, int) [16]
-----------------------------------------------
                0.59    0.00 16585713/16585713     avar(double, double, double, prop_type&, propv_type&) [15]
[17]     0.3    0.59    0.00 16585713         curve(double const&, double const&, double const&, double const&, double const&, double const&) [17]
-----------------------------------------------
                0.55    0.00 11057142/11057142     point_to_point(double*, double, double, double, double, double, double, int, int, double, double, double&, char*, int&) [3]
[18]     0.2    0.55    0.00 11057142         qerfi(double) [18]
-----------------------------------------------
                0.06    0.32       5/5           LoadTopoData(int, int, int, int) [20]
[19]     0.2    0.06    0.32       5         LoadSDF(char*) [19]
                0.32    0.00       5/5           LoadSDF_SDF(char*) [23]
                0.00    0.00       2/2           LoadSDF_BZ(char*) [51]
-----------------------------------------------
                                                 <spontaneous>
[20]     0.2    0.00    0.38                 LoadTopoData(int, int, int, int) [20]
                0.06    0.32       5/5           LoadSDF(char*) [19]
                0.00    0.00       2/6           ReduceAngle(double) [50]
-----------------------------------------------
                0.37    0.00 5528571/5528571     PlotLRPath(site, site, unsigned char, _IO_FILE*) [1]
[21]     0.2    0.37    0.00 5528571         GetSignal(double, double) [21]
-----------------------------------------------
                0.00    0.00      14/123799759     AverageTerrain(site, double, double, double) [39]
                0.36    0.00 123799745/123799759     ReadPath(site, site) [8]
[22]     0.2    0.36    0.00 123799759         arccos(double, double) [22]
-----------------------------------------------
                0.32    0.00       5/5           LoadSDF(char*) [19]
[23]     0.1    0.32    0.00       5         LoadSDF_SDF(char*) [23]
-----------------------------------------------
                0.00    0.00   28816/5557387     ReadPath(site, site) [8]
                0.27    0.00 5528571/5557387     PlotLRPath(site, site, unsigned char, _IO_FILE*) [1]
[24]     0.1    0.27    0.00 5557387         Azimuth(site, site) [24]
-----------------------------------------------
                0.23    0.00 32700574/32700574     adiff2(double, prop_type&, propa_type&) [11]
[25]     0.1    0.23    0.00 32700574         aknfe(double const&) [25]
-----------------------------------------------
                0.23    0.00 20616993/20616993     adiff2(double, prop_type&, propa_type&) [11]
[26]     0.1    0.23    0.00 20616993         fht(double const&, double const&) [26]
-----------------------------------------------
                0.17    0.00 5528571/5528571     PlotLRPath(site, site, unsigned char, _IO_FILE*) [1]
[27]     0.1    0.17    0.00 5528571         PutMask(double, double, int) [27]
-----------------------------------------------
                0.10    0.02 5571531/5571531     lrprop2(double, prop_type&, propa_type&) [9]
[28]     0.1    0.10    0.02 5571531         alos2(double, prop_type&, propa_type&) [28]
                0.02    0.00   42914/16585664     saalos(double, prop_type&, propa_type&) [13]
-----------------------------------------------
                0.10    0.00 5528571/5528571     point_to_point(double*, double, double, double, double, double, double, int, int, double, double, double&, char*, int&) [3]
[29]     0.0    0.10    0.00 5528571         qlrps(double, double, double, int, double, double, prop_type&) [29]
-----------------------------------------------
                                                 <spontaneous>
[30]     0.0    0.09    0.00                 interpolate(int, int, int, int, int) [30]
-----------------------------------------------
                0.07    0.00 5528571/5528571     PlotLRPath(site, site, unsigned char, _IO_FILE*) [1]
[31]     0.0    0.07    0.00 5528571         PutSignal(double, double, unsigned char) [31]
-----------------------------------------------
                                                 <spontaneous>
[32]     0.0    0.03    0.00                 z1sq1(double*, double const&, double const&, double&, double&) [32]
-----------------------------------------------
                                                 <spontaneous>
[33]     0.0    0.00    0.02                 SiteReport(site) [33]
                0.01    0.00       2/2           dec2dms(double) [37]
                0.00    0.00       1/1           haat(site) [42]
                0.00    0.00       8/16          AverageTerrain(site, double, double, double) [39]
                0.00    0.00       2/123857897     GetElevation(site) [12]
-----------------------------------------------
                                                 <spontaneous>
[34]     0.0    0.02    0.00                 ascat(double, prop_type&, propa_type&) [34]
-----------------------------------------------
                0.00    0.00    1457/43540349     PlaceMarker(site) [43]
                0.01    0.00 43538892/43540349     PlotLRPath(site, site, unsigned char, _IO_FILE*) [1]
[35]     0.0    0.01    0.00 43540349         GetMask(double, double) [35]
-----------------------------------------------
                0.01    0.00   28816/28816       ReadPath(site, site) [8]
[36]     0.0    0.01    0.00   28816         Distance(site, site) [36]
-----------------------------------------------
                0.01    0.00       2/2           SiteReport(site) [33]
[37]     0.0    0.01    0.00       2         dec2dms(double) [37]
-----------------------------------------------
                                                 <spontaneous>
[38]     0.0    0.01    0.00                 FORTRAN_DIM(double const&, double const&) [38]
-----------------------------------------------
                0.00    0.00       8/16          haat(site) [42]
                0.00    0.00       8/16          SiteReport(site) [33]
[39]     0.0    0.00    0.01      16         AverageTerrain(site, double, double, double) [39]
                0.00    0.00      16/28816       ReadPath(site, site) [8]
                0.00    0.00      16/123857897     GetElevation(site) [12]
                0.00    0.00      14/123799759     arccos(double, double) [22]
-----------------------------------------------
                                                 <spontaneous>
[40]     0.0    0.01    0.00                 alos(double, prop_type&, propa_type&) [40]
-----------------------------------------------
                                                 <spontaneous>
[41]     0.0    0.01    0.00                 adiff(double, prop_type&, propa_type&) [41]
-----------------------------------------------
                0.00    0.00       1/1           SiteReport(site) [33]
[42]     0.0    0.00    0.00       1         haat(site) [42]
                0.00    0.00       8/16          AverageTerrain(site, double, double, double) [39]
                0.00    0.00       1/123857897     GetElevation(site) [12]
-----------------------------------------------
                                                 <spontaneous>
[43]     0.0    0.00    0.00                 PlaceMarker(site) [43]
                0.00    0.00    1865/43540757     OrMask(double, double, int) [16]
                0.00    0.00    1457/43540349     GetMask(double, double) [35]
-----------------------------------------------
                0.00    0.00       2/6           PlotLRMap(site, double, char*) [2]
                0.00    0.00       2/6           WritePPMSS(char*, unsigned char, unsigned char, unsigned char, site*, unsigned char) [14]
                0.00    0.00       2/6           LoadTopoData(int, int, int, int) [20]
[50]     0.0    0.00    0.00       6         ReduceAngle(double) [50]
-----------------------------------------------
                0.00    0.00       2/2           LoadSDF(char*) [19]
[51]     0.0    0.00    0.00       2         LoadSDF_BZ(char*) [51]
-----------------------------------------------
                0.00    0.00       2/2           LoadQTH(char*) [91]
[52]     0.0    0.00    0.00       2         ReadBearing(char*) [52]
-----------------------------------------------
                0.00    0.00       1/1           WritePPMSS(char*, unsigned char, unsigned char, unsigned char, site*, unsigned char) [14]
[53]     0.0    0.00    0.00       1         LoadSignalColors(site) [53]
-----------------------------------------------
                0.00    0.00       1/1           ReadLRParm(site, char) [58]
[54]     0.0    0.00    0.00       1         LoadPAT(char*) [54]
-----------------------------------------------

 This table describes the call tree of the program, and was sorted by
 the total amount of time spent in each function and its children.

 Each entry in this table consists of several lines.  The line with the
 index number at the left hand margin lists the current function.
 The lines above it list the functions that called this function,
 and the lines below it list the functions this one called.
 This line lists:
     index	A unique number given to each element of the table.
		Index numbers are sorted numerically.
		The index number is printed next to every function name so
		it is easier to look up where the function in the table.

     % time	This is the percentage of the `total' time that was spent
		in this function and its children.  Note that due to
		different viewpoints, functions excluded by options, etc,
		these numbers will NOT add up to 100%.

     self	This is the total amount of time spent in this function.

     children	This is the total amount of time propagated into this
		function by its children.

     called	This is the number of times the function was called.
		If the function called itself recursively, the number
		only includes non-recursive calls, and is followed by
		a `+' and the number of recursive calls.

     name	The name of the current function.  The index number is
		printed after it.  If the function is a member of a
		cycle, the cycle number is printed between the
		function's name and the index number.


 For the function's parents, the fields have the following meanings:

     self	This is the amount of time that was propagated directly
		from the function into this parent.

     children	This is the amount of time that was propagated from
		the function's children into this parent.

     called	This is the number of times this parent called the
		function `/' the total number of times the function
		was called.  Recursive calls to the function are not
		included in the number after the `/'.

     name	This is the name of the parent.  The parent's index
		number is printed after it.  If the parent is a
		member of a cycle, the cycle number is printed between
		the name and the index number.

 If the parents of the function cannot be determined, the word
 `<spontaneous>' is printed in the `name' field, and all the other
 fields are blank.

 For the function's children, the fields have the following meanings:

     self	This is the amount of time that was propagated directly
		from the child into the function.

     children	This is the amount of time that was propagated from the
		child's children to the function.

     called	This is the number of times the function called
		this child `/' the total number of times the child
		was called.  Recursive calls by the child are not
		listed in the number after the `/'.

     name	This is the name of the child.  The child's index
		number is printed after it.  If the child is a
		member of a cycle, the cycle number is printed
		between the name and the index number.

 If there are any cycles (circles) in the call graph, there is an
 entry for the cycle-as-a-whole.  This entry shows who called the
 cycle (as parents) and the members of the cycle (as children.)
 The `+' recursive calls entry shows the number of function calls that
 were internal to the cycle, and the calls entry for each member shows,
 for that member, how many times it was called from other members of
 the cycle.


Index by function name

  [51] LoadSDF_BZ(char*)      [42] haat(site)              [5] d1thx2(double*, double const&, double const&, propa_type&)
   [1] PlotLRPath(site, site, unsigned char, _IO_FILE*) [41] adiff(double, prop_type&, propa_type&) [13] saalos(double, prop_type&, propa_type&)
  [14] WritePPMSS(char*, unsigned char, unsigned char, unsigned char, site*, unsigned char) [25] aknfe(double const&) [24] Azimuth(site, site)
  [38] FORTRAN_DIM(double const&, double const&) [28] alos2(double, prop_type&, propa_type&) [35] GetMask(double, double)
  [23] LoadSDF_SDF(char*)     [34] ascat(double, prop_type&, propa_type&) [54] LoadPAT(char*)
  [52] ReadBearing(char*)     [17] curve(double const&, double const&, double const&, double const&, double const&, double const&) [19] LoadSDF(char*)
  [50] ReduceAngle(double)     [7] hzns2(double*, prop_type&, propa_type&) [27] PutMask(double, double, int)
  [30] interpolate(int, int, int, int, int) [18] qerfi(double) [37] dec2dms(double)
  [12] GetElevation(site)     [29] qlrps(double, double, double, int, double, double, prop_type&) [9] lrprop2(double, prop_type&, propa_type&)
  [39] AverageTerrain(site, double, double, double) [6] qtile(int const&, double*, int const&) [4] qlrpfl2(double*, int, int, prop_type&, propa_type&, propv_type&)
   [3] point_to_point(double*, double, double, double, double, double, double, int, int, double, double, double&, char*, int&) [32] z1sq1(double*, double const&, double const&, double&, double&) [36] Distance(site, site)
  [53] LoadSignalColors(site) [10] z1sq2(double*, double const&, double const&, double&, double&) [8] ReadPath(site, site)
  [26] fht(double const&, double const&) [16] OrMask(double, double, int) [21] GetSignal(double, double)
  [40] alos(double, prop_type&, propa_type&) [11] adiff2(double, prop_type&, propa_type&) [31] PutSignal(double, double, unsigned char)
  [15] avar(double, double, double, prop_type&, propv_type&) [22] arccos(double, double)
