Run with 041 miles:
Flat profile:

Each sample counts as 0.01 seconds.
  %   cumulative   self              self     total           
 time   seconds   seconds    calls  ms/call  ms/call  name    
 40.31    436.76   436.76 34448856     0.01     0.01  qtile(int const&, double*, int const&)
 22.60    681.59   244.83 17224461     0.01     0.04  d1thx2(double*, double const&, double const&, propa_type&)
 19.78    895.94   214.35 17224461     0.01     0.01  hzns2(double*, prop_type&, propa_type&)
  6.42    965.45    69.51 34447552     0.00     0.00  z1sq2(double*, double const&, double const&, double&, double&)
  3.06    998.55    33.10 17224461     0.00     0.06  point_to_point(double*, double, double, double, double, double, double, int, int, double, double, double&, char*, int&)
  2.01   1020.28    21.73 51673334     0.00     0.00  saalos(double, prop_type&, propa_type&)
  1.80   1039.79    19.51 86030927     0.00     0.00  adiff2(double, prop_type&, propa_type&)
  0.76   1048.05     8.26 123857897     0.00     0.00  GetElevation(site)
  0.69   1055.50     7.45    28816     0.26     0.56  ReadPath(site, site)
  0.48   1060.67     5.17 17224461     0.00     0.00  avar(double, double, double, prop_type&, propv_type&)
  0.36   1064.58     3.91                             WritePPMSS(char*, unsigned char, unsigned char, unsigned char, site*, unsigned char)
  0.32   1068.08     3.50 84724849     0.00     0.00  OrMask(double, double, int)
  0.25   1070.79     2.71    28800     0.09    37.47  PlotLRPath(site, site, unsigned char, _IO_FILE*)
  0.19   1072.81     2.02 17224461     0.00     0.00  lrprop2(double, prop_type&, propa_type&)
  0.18   1074.74     1.94 51673383     0.00     0.00  curve(double const&, double const&, double const&, double const&, double const&, double const&)
  0.14   1076.25     1.51 34448922     0.00     0.00  qerfi(double)
  0.11   1077.44     1.19 17224461     0.00     0.00  GetSignal(double, double)
  0.07   1078.19     0.75 17224461     0.00     0.00  qlrps(double, double, double, int, double, double, prop_type&)
  0.07   1078.92     0.73 17253277     0.00     0.00  Azimuth(site, site)
  0.07   1079.65     0.73 102000380     0.00     0.00  aknfe(double const&)
  0.07   1080.37     0.73 65375633     0.00     0.00  fht(double const&, double const&)
  0.06   1081.06     0.69 17224461     0.00     0.06  qlrpfl2(double*, int, int, prop_type&, propa_type&, propv_type&)
  0.05   1081.60     0.54 17224461     0.00     0.00  PutMask(double, double, int)
  0.05   1082.13     0.53 123799759     0.00     0.00  arccos(double, double)
  0.03   1082.48     0.35 17224461     0.00     0.00  PutSignal(double, double, unsigned char)
  0.03   1082.80     0.32        5    64.00    64.00  LoadSDF_SDF(char*)
  0.02   1083.04     0.24  3759860     0.00     0.00  ascat(double, prop_type&, propa_type&)
  0.01   1083.12     0.08 15390220     0.00     0.00  alos2(double, prop_type&, propa_type&)
  0.01   1083.20     0.08                             interpolate(int, int, int, int, int)
  0.01   1083.27     0.07  3759860     0.00     0.00  h0f(double, double)
  0.00   1083.32     0.05        5    10.00    74.00  LoadSDF(char*)
  0.00   1083.35     0.03 84724441     0.00     0.00  GetMask(double, double)
  0.00   1083.37     0.02                             point_to_point_ITM(double*, double, double, double, double, double, double, int, int, double, double, double&, char*, int&)
  0.00   1083.39     0.02                             adiff(double, prop_type&, propa_type&)
  0.00   1083.41     0.02                             abq_alos(std::complex<double>)
  0.00   1083.43     0.02                             FORTRAN_DIM(double const&, double const&)
  0.00   1083.44     0.01  1879930     0.00     0.00  ahd(double)
  0.00   1083.45     0.01        1    10.00    10.00  LoadPAT(char*)
  0.00   1083.46     0.01                             PlotLRMap(site, double, char*)
  0.00   1083.46     0.01                             hzns(double*, prop_type&)
  0.00   1083.47     0.01                             z1sq1(double*, double const&, double const&, double&, double&)
  0.00   1083.47     0.00    28816     0.00     0.00  Distance(site, site)
  0.00   1083.47     0.00       16     0.00     0.56  AverageTerrain(site, double, double, double)
  0.00   1083.47     0.00        6     0.00     0.00  ReduceAngle(double)
  0.00   1083.47     0.00        2     0.00     0.00  LoadSDF_BZ(char*)
  0.00   1083.47     0.00        2     0.00     0.00  ReadBearing(char*)
  0.00   1083.47     0.00        2     0.00     0.00  dec2dms(double)
  0.00   1083.47     0.00        1     0.00     0.00  LoadSignalColors(site)
  0.00   1083.47     0.00        1     0.00     4.51  haat(site)

 %         the percentage of the total running time of the
time       program used by this function.

cumulative a running sum of the number of seconds accounted
 seconds   for by this function and those listed above it.

 self      the number of seconds accounted for by this
seconds    function alone.  This is the major sort for this
           listing.

calls      the number of times this function was invoked, if
           this function is profiled, else blank.
 
 self      the average number of milliseconds spent in this
ms/call    function per call, if this function is profiled,
	   else blank.

 total     the average number of milliseconds spent in this
ms/call    function and its descendents per call, if this 
	   function is profiled, else blank.

name       the name of the function.  This is the minor sort
           for this listing. The index shows the location of
	   the function in the gprof listing. If the index is
	   in parenthesis it shows where it would appear in
	   the gprof listing if it were to be printed.

		     Call graph (explanation follows)


granularity: each sample hit covers 2 byte(s) for 0.00% of 1083.47 seconds

index % time    self  children    called     name
                                                 <spontaneous>
[1]     99.6    0.01 1078.99                 PlotLRMap(site, double, char*) [1]
                2.71 1076.28   28800/28800       PlotLRPath(site, site, unsigned char, _IO_FILE*) [2]
                0.00    0.00       2/6           ReduceAngle(double) [55]
-----------------------------------------------
                2.71 1076.28   28800/28800       PlotLRMap(site, double, char*) [1]
[2]     99.6    2.71 1076.28   28800         PlotLRPath(site, site, unsigned char, _IO_FILE*) [2]
               33.10 1020.61 17224461/17224461     point_to_point(double*, double, double, double, double, double, double, int, int, double, double, double&, char*, int&) [3]
                7.45    8.79   28800/28816       ReadPath(site, site) [12]
                3.50    0.00 84722984/84724849     OrMask(double, double, int) [16]
                1.19    0.00 17224461/17224461     GetSignal(double, double) [19]
                0.73    0.00 17224461/17253277     Azimuth(site, site) [21]
                0.54    0.00 17224461/17224461     PutMask(double, double, int) [24]
                0.35    0.00 17224461/17224461     PutSignal(double, double, unsigned char) [28]
                0.03    0.00 84722984/84724441     GetMask(double, double) [34]
-----------------------------------------------
               33.10 1020.61 17224461/17224461     PlotLRPath(site, site, unsigned char, _IO_FILE*) [2]
[3]     97.3   33.10 1020.61 17224461         point_to_point(double*, double, double, double, double, double, double, int, int, double, double, double&, char*, int&) [3]
                0.69 1010.56 17224461/17224461     qlrpfl2(double*, int, int, prop_type&, propa_type&, propv_type&) [4]
                5.17    1.94 17224461/17224461     avar(double, double, double, prop_type&, propv_type&) [14]
                1.51    0.00 34448922/34448922     qerfi(double) [18]
                0.75    0.00 17224461/17224461     qlrps(double, double, double, int, double, double, prop_type&) [20]
-----------------------------------------------
                0.69 1010.56 17224461/17224461     point_to_point(double*, double, double, double, double, double, double, int, int, double, double, double&, char*, int&) [3]
[4]     93.3    0.69 1010.56 17224461         qlrpfl2(double*, int, int, prop_type&, propa_type&, propv_type&) [4]
              244.83  471.52 17224461/17224461     d1thx2(double*, double const&, double const&, propa_type&) [5]
              214.35    0.00 17224461/17224461     hzns2(double*, prop_type&, propa_type&) [7]
                2.02   43.09 17224461/17224461     lrprop2(double, prop_type&, propa_type&) [9]
               34.76    0.00 17223124/34447552     z1sq2(double*, double const&, double const&, double&, double&) [8]
-----------------------------------------------
              244.83  471.52 17224461/17224461     qlrpfl2(double*, int, int, prop_type&, propa_type&, propv_type&) [4]
[5]     66.1  244.83  471.52 17224461         d1thx2(double*, double const&, double const&, propa_type&) [5]
              436.76    0.00 34448856/34448856     qtile(int const&, double*, int const&) [6]
               34.76    0.00 17224428/34447552     z1sq2(double*, double const&, double const&, double&, double&) [8]
-----------------------------------------------
              436.76    0.00 34448856/34448856     d1thx2(double*, double const&, double const&, propa_type&) [5]
[6]     40.3  436.76    0.00 34448856         qtile(int const&, double*, int const&) [6]
-----------------------------------------------
              214.35    0.00 17224461/17224461     qlrpfl2(double*, int, int, prop_type&, propa_type&, propv_type&) [4]
[7]     19.8  214.35    0.00 17224461         hzns2(double*, prop_type&, propa_type&) [7]
-----------------------------------------------
               34.76    0.00 17223124/34447552     qlrpfl2(double*, int, int, prop_type&, propa_type&, propv_type&) [4]
               34.76    0.00 17224428/34447552     d1thx2(double*, double const&, double const&, propa_type&) [5]
[8]      6.4   69.51    0.00 34447552         z1sq2(double*, double const&, double const&, double&, double&) [8]
-----------------------------------------------
                2.02   43.09 17224461/17224461     qlrpfl2(double*, int, int, prop_type&, propa_type&, propv_type&) [4]
[9]      4.2    2.02   43.09 17224461         lrprop2(double, prop_type&, propa_type&) [9]
               19.51   23.17 86030927/86030927     adiff2(double, prop_type&, propa_type&) [10]
                0.24    0.08 3759860/3759860     ascat(double, prop_type&, propa_type&) [29]
                0.08    0.02 15390220/15390220     alos2(double, prop_type&, propa_type&) [31]
-----------------------------------------------
               19.51   23.17 86030927/86030927     lrprop2(double, prop_type&, propa_type&) [9]
[10]     3.9   19.51   23.17 86030927         adiff2(double, prop_type&, propa_type&) [10]
               21.71    0.00 51627691/51673334     saalos(double, prop_type&, propa_type&) [11]
                0.73    0.00 102000380/102000380     aknfe(double const&) [22]
                0.73    0.00 65375633/65375633     fht(double const&, double const&) [23]
-----------------------------------------------
                0.02    0.00   45643/51673334     alos2(double, prop_type&, propa_type&) [31]
               21.71    0.00 51627691/51673334     adiff2(double, prop_type&, propa_type&) [10]
[11]     2.0   21.73    0.00 51673334         saalos(double, prop_type&, propa_type&) [11]
-----------------------------------------------
                0.00    0.00      16/28816       AverageTerrain(site, double, double, double) [43]
                7.45    8.79   28800/28816       PlotLRPath(site, site, unsigned char, _IO_FILE*) [2]
[12]     1.5    7.45    8.79   28816         ReadPath(site, site) [12]
                8.26    0.00 123857878/123857897     GetElevation(site) [13]
                0.53    0.00 123799745/123799759     arccos(double, double) [25]
                0.00    0.00   28816/17253277     Azimuth(site, site) [21]
                0.00    0.00   28816/28816       Distance(site, site) [54]
-----------------------------------------------
                0.00    0.00       1/123857897     haat(site) [46]
                0.00    0.00       2/123857897     SiteReport(site) [42]
                0.00    0.00      16/123857897     AverageTerrain(site, double, double, double) [43]
                8.26    0.00 123857878/123857897     ReadPath(site, site) [12]
[13]     0.8    8.26    0.00 123857897         GetElevation(site) [13]
-----------------------------------------------
                5.17    1.94 17224461/17224461     point_to_point(double*, double, double, double, double, double, double, int, int, double, double, double&, char*, int&) [3]
[14]     0.7    5.17    1.94 17224461         avar(double, double, double, prop_type&, propv_type&) [14]
                1.94    0.00 51673383/51673383     curve(double const&, double const&, double const&, double const&, double const&, double const&) [17]
-----------------------------------------------
                                                 <spontaneous>
[15]     0.4    3.91    0.00                 WritePPMSS(char*, unsigned char, unsigned char, unsigned char, site*, unsigned char) [15]
                0.00    0.00       2/6           ReduceAngle(double) [55]
                0.00    0.00       1/1           LoadSignalColors(site) [59]
-----------------------------------------------
                0.00    0.00    1865/84724849     PlaceMarker(site) [47]
                3.50    0.00 84722984/84724849     PlotLRPath(site, site, unsigned char, _IO_FILE*) [2]
[16]     0.3    3.50    0.00 84724849         OrMask(double, double, int) [16]
-----------------------------------------------
                1.94    0.00 51673383/51673383     avar(double, double, double, prop_type&, propv_type&) [14]
[17]     0.2    1.94    0.00 51673383         curve(double const&, double const&, double const&, double const&, double const&, double const&) [17]
-----------------------------------------------
                1.51    0.00 34448922/34448922     point_to_point(double*, double, double, double, double, double, double, int, int, double, double, double&, char*, int&) [3]
[18]     0.1    1.51    0.00 34448922         qerfi(double) [18]
-----------------------------------------------
                1.19    0.00 17224461/17224461     PlotLRPath(site, site, unsigned char, _IO_FILE*) [2]
[19]     0.1    1.19    0.00 17224461         GetSignal(double, double) [19]
-----------------------------------------------
                0.75    0.00 17224461/17224461     point_to_point(double*, double, double, double, double, double, double, int, int, double, double, double&, char*, int&) [3]
[20]     0.1    0.75    0.00 17224461         qlrps(double, double, double, int, double, double, prop_type&) [20]
-----------------------------------------------
                0.00    0.00   28816/17253277     ReadPath(site, site) [12]
                0.73    0.00 17224461/17253277     PlotLRPath(site, site, unsigned char, _IO_FILE*) [2]
[21]     0.1    0.73    0.00 17253277         Azimuth(site, site) [21]
-----------------------------------------------
                0.73    0.00 102000380/102000380     adiff2(double, prop_type&, propa_type&) [10]
[22]     0.1    0.73    0.00 102000380         aknfe(double const&) [22]
-----------------------------------------------
                0.73    0.00 65375633/65375633     adiff2(double, prop_type&, propa_type&) [10]
[23]     0.1    0.73    0.00 65375633         fht(double const&, double const&) [23]
-----------------------------------------------
                0.54    0.00 17224461/17224461     PlotLRPath(site, site, unsigned char, _IO_FILE*) [2]
[24]     0.0    0.54    0.00 17224461         PutMask(double, double, int) [24]
-----------------------------------------------
                0.00    0.00      14/123799759     AverageTerrain(site, double, double, double) [43]
                0.53    0.00 123799745/123799759     ReadPath(site, site) [12]
[25]     0.0    0.53    0.00 123799759         arccos(double, double) [25]
-----------------------------------------------
                0.05    0.32       5/5           LoadTopoData(int, int, int, int) [27]
[26]     0.0    0.05    0.32       5         LoadSDF(char*) [26]
                0.32    0.00       5/5           LoadSDF_SDF(char*) [30]
                0.00    0.00       2/2           LoadSDF_BZ(char*) [56]
-----------------------------------------------
                                                 <spontaneous>
[27]     0.0    0.00    0.37                 LoadTopoData(int, int, int, int) [27]
                0.05    0.32       5/5           LoadSDF(char*) [26]
                0.00    0.00       2/6           ReduceAngle(double) [55]
-----------------------------------------------
                0.35    0.00 17224461/17224461     PlotLRPath(site, site, unsigned char, _IO_FILE*) [2]
[28]     0.0    0.35    0.00 17224461         PutSignal(double, double, unsigned char) [28]
-----------------------------------------------
                0.24    0.08 3759860/3759860     lrprop2(double, prop_type&, propa_type&) [9]
[29]     0.0    0.24    0.08 3759860         ascat(double, prop_type&, propa_type&) [29]
                0.07    0.00 3759860/3759860     h0f(double, double) [33]
                0.01    0.00 1879930/1879930     ahd(double) [39]
-----------------------------------------------
                0.32    0.00       5/5           LoadSDF(char*) [26]
[30]     0.0    0.32    0.00       5         LoadSDF_SDF(char*) [30]
-----------------------------------------------
                0.08    0.02 15390220/15390220     lrprop2(double, prop_type&, propa_type&) [9]
[31]     0.0    0.08    0.02 15390220         alos2(double, prop_type&, propa_type&) [31]
                0.02    0.00   45643/51673334     saalos(double, prop_type&, propa_type&) [11]
-----------------------------------------------
                                                 <spontaneous>
[32]     0.0    0.08    0.00                 interpolate(int, int, int, int, int) [32]
-----------------------------------------------
                0.07    0.00 3759860/3759860     ascat(double, prop_type&, propa_type&) [29]
[33]     0.0    0.07    0.00 3759860         h0f(double, double) [33]
-----------------------------------------------
                0.00    0.00    1457/84724441     PlaceMarker(site) [47]
                0.03    0.00 84722984/84724441     PlotLRPath(site, site, unsigned char, _IO_FILE*) [2]
[34]     0.0    0.03    0.00 84724441         GetMask(double, double) [34]
-----------------------------------------------
                                                 <spontaneous>
[35]     0.0    0.02    0.00                 point_to_point_ITM(double*, double, double, double, double, double, double, int, int, double, double, double&, char*, int&) [35]
-----------------------------------------------
                                                 <spontaneous>
[36]     0.0    0.02    0.00                 adiff(double, prop_type&, propa_type&) [36]
-----------------------------------------------
                                                 <spontaneous>
[37]     0.0    0.02    0.00                 abq_alos(std::complex<double>) [37]
-----------------------------------------------
                                                 <spontaneous>
[38]     0.0    0.02    0.00                 FORTRAN_DIM(double const&, double const&) [38]
-----------------------------------------------
                0.01    0.00 1879930/1879930     ascat(double, prop_type&, propa_type&) [29]
[39]     0.0    0.01    0.00 1879930         ahd(double) [39]
-----------------------------------------------
                0.01    0.00       1/1           ReadLRParm(site, char) [41]
[40]     0.0    0.01    0.00       1         LoadPAT(char*) [40]
-----------------------------------------------
                                                 <spontaneous>
[41]     0.0    0.00    0.01                 ReadLRParm(site, char) [41]
                0.01    0.00       1/1           LoadPAT(char*) [40]
-----------------------------------------------
                                                 <spontaneous>
[42]     0.0    0.00    0.01                 SiteReport(site) [42]
                0.00    0.00       1/1           haat(site) [46]
                0.00    0.00       8/16          AverageTerrain(site, double, double, double) [43]
                0.00    0.00       2/123857897     GetElevation(site) [13]
                0.00    0.00       2/2           dec2dms(double) [58]
-----------------------------------------------
                0.00    0.00       8/16          haat(site) [46]
                0.00    0.00       8/16          SiteReport(site) [42]
[43]     0.0    0.00    0.01      16         AverageTerrain(site, double, double, double) [43]
                0.00    0.00      16/28816       ReadPath(site, site) [12]
                0.00    0.00      16/123857897     GetElevation(site) [13]
                0.00    0.00      14/123799759     arccos(double, double) [25]
-----------------------------------------------
                                                 <spontaneous>
[44]     0.0    0.01    0.00                 hzns(double*, prop_type&) [44]
-----------------------------------------------
                                                 <spontaneous>
[45]     0.0    0.01    0.00                 z1sq1(double*, double const&, double const&, double&, double&) [45]
-----------------------------------------------
                0.00    0.00       1/1           SiteReport(site) [42]
[46]     0.0    0.00    0.00       1         haat(site) [46]
                0.00    0.00       8/16          AverageTerrain(site, double, double, double) [43]
                0.00    0.00       1/123857897     GetElevation(site) [13]
-----------------------------------------------
                                                 <spontaneous>
[47]     0.0    0.00    0.00                 PlaceMarker(site) [47]
                0.00    0.00    1865/84724849     OrMask(double, double, int) [16]
                0.00    0.00    1457/84724441     GetMask(double, double) [34]
-----------------------------------------------
                0.00    0.00   28816/28816       ReadPath(site, site) [12]
[54]     0.0    0.00    0.00   28816         Distance(site, site) [54]
-----------------------------------------------
                0.00    0.00       2/6           PlotLRMap(site, double, char*) [1]
                0.00    0.00       2/6           WritePPMSS(char*, unsigned char, unsigned char, unsigned char, site*, unsigned char) [15]
                0.00    0.00       2/6           LoadTopoData(int, int, int, int) [27]
[55]     0.0    0.00    0.00       6         ReduceAngle(double) [55]
-----------------------------------------------
                0.00    0.00       2/2           LoadSDF(char*) [26]
[56]     0.0    0.00    0.00       2         LoadSDF_BZ(char*) [56]
-----------------------------------------------
                0.00    0.00       2/2           LoadQTH(char*) [92]
[57]     0.0    0.00    0.00       2         ReadBearing(char*) [57]
-----------------------------------------------
                0.00    0.00       2/2           SiteReport(site) [42]
[58]     0.0    0.00    0.00       2         dec2dms(double) [58]
-----------------------------------------------
                0.00    0.00       1/1           WritePPMSS(char*, unsigned char, unsigned char, unsigned char, site*, unsigned char) [15]
[59]     0.0    0.00    0.00       1         LoadSignalColors(site) [59]
-----------------------------------------------

 This table describes the call tree of the program, and was sorted by
 the total amount of time spent in each function and its children.

 Each entry in this table consists of several lines.  The line with the
 index number at the left hand margin lists the current function.
 The lines above it list the functions that called this function,
 and the lines below it list the functions this one called.
 This line lists:
     index	A unique number given to each element of the table.
		Index numbers are sorted numerically.
		The index number is printed next to every function name so
		it is easier to look up where the function in the table.

     % time	This is the percentage of the `total' time that was spent
		in this function and its children.  Note that due to
		different viewpoints, functions excluded by options, etc,
		these numbers will NOT add up to 100%.

     self	This is the total amount of time spent in this function.

     children	This is the total amount of time propagated into this
		function by its children.

     called	This is the number of times the function was called.
		If the function called itself recursively, the number
		only includes non-recursive calls, and is followed by
		a `+' and the number of recursive calls.

     name	The name of the current function.  The index number is
		printed after it.  If the function is a member of a
		cycle, the cycle number is printed between the
		function's name and the index number.


 For the function's parents, the fields have the following meanings:

     self	This is the amount of time that was propagated directly
		from the function into this parent.

     children	This is the amount of time that was propagated from
		the function's children into this parent.

     called	This is the number of times this parent called the
		function `/' the total number of times the function
		was called.  Recursive calls to the function are not
		included in the number after the `/'.

     name	This is the name of the parent.  The parent's index
		number is printed after it.  If the parent is a
		member of a cycle, the cycle number is printed between
		the name and the index number.

 If the parents of the function cannot be determined, the word
 `<spontaneous>' is printed in the `name' field, and all the other
 fields are blank.

 For the function's children, the fields have the following meanings:

     self	This is the amount of time that was propagated directly
		from the child into the function.

     children	This is the amount of time that was propagated from the
		child's children to the function.

     called	This is the number of times the function called
		this child `/' the total number of times the child
		was called.  Recursive calls by the child are not
		listed in the number after the `/'.

     name	This is the name of the child.  The child's index
		number is printed after it.  If the child is a
		member of a cycle, the cycle number is printed
		between the name and the index number.

 If there are any cycles (circles) in the call graph, there is an
 entry for the cycle-as-a-whole.  This entry shows who called the
 cycle (as parents) and the members of the cycle (as children.)
 The `+' recursive calls entry shows the number of function calls that
 were internal to the cycle, and the calls entry for each member shows,
 for that member, how many times it was called from other members of
 the cycle.


Index by function name

  [56] LoadSDF_BZ(char*)      [46] haat(site)             [11] saalos(double, prop_type&, propa_type&)
   [2] PlotLRPath(site, site, unsigned char, _IO_FILE*) [44] hzns(double*, prop_type&) [21] Azimuth(site, site)
  [15] WritePPMSS(char*, unsigned char, unsigned char, unsigned char, site*, unsigned char) [36] adiff(double, prop_type&, propa_type&) [34] GetMask(double, double)
  [38] FORTRAN_DIM(double const&, double const&) [22] aknfe(double const&) [40] LoadPAT(char*)
  [30] LoadSDF_SDF(char*)     [31] alos2(double, prop_type&, propa_type&) [26] LoadSDF(char*)
  [57] ReadBearing(char*)     [29] ascat(double, prop_type&, propa_type&) [24] PutMask(double, double, int)
  [55] ReduceAngle(double)    [17] curve(double const&, double const&, double const&, double const&, double const&, double const&) [58] dec2dms(double)
  [32] interpolate(int, int, int, int, int) [7] hzns2(double*, prop_type&, propa_type&) [9] lrprop2(double, prop_type&, propa_type&)
  [13] GetElevation(site)     [18] qerfi(double)           [4] qlrpfl2(double*, int, int, prop_type&, propa_type&, propv_type&)
  [43] AverageTerrain(site, double, double, double) [20] qlrps(double, double, double, int, double, double, prop_type&) [54] Distance(site, site)
   [3] point_to_point(double*, double, double, double, double, double, double, int, int, double, double, double&, char*, int&) [6] qtile(int const&, double*, int const&) [12] ReadPath(site, site)
  [59] LoadSignalColors(site) [45] z1sq1(double*, double const&, double const&, double&, double&) [37] abq_alos(std::complex<double>)
  [35] point_to_point_ITM(double*, double, double, double, double, double, double, int, int, double, double, double&, char*, int&) [8] z1sq2(double*, double const&, double const&, double&, double&) [19] GetSignal(double, double)
  [39] ahd(double)            [16] OrMask(double, double, int) [1] PlotLRMap(site, double, char*)
  [23] fht(double const&, double const&) [10] adiff2(double, prop_type&, propa_type&) [28] PutSignal(double, double, unsigned char)
  [33] h0f(double, double)    [25] arccos(double, double)
  [14] avar(double, double, double, prop_type&, propv_type&) [5] d1thx2(double*, double const&, double const&, propa_type&)
