Run with 068 miles:
Flat profile:

Each sample counts as 0.01 seconds.
  %   cumulative   self              self     total           
 time   seconds   seconds    calls  ms/call  ms/call  name    
 45.77   1636.19  1636.19 71394316     0.02     0.02  qtile(int const&, double*, int const&)
 21.46   2403.47   767.28 35697191     0.02     0.07  d1thx2(double*, double const&, double const&, propa_type&)
 19.53   3101.60   698.13 35697191     0.02     0.02  hzns2(double*, prop_type&, propa_type&)
  6.06   3318.21   216.61 71393012     0.00     0.00  z1sq2(double*, double const&, double const&, double&, double&)
  2.84   3419.87   101.66 35697191     0.00     0.10  point_to_point(double*, double, double, double, double, double, double, int, int, double, double, double&, char*, int&)
  1.24   3464.30    44.43 107091518     0.00     0.00  saalos(double, prop_type&, propa_type&)
  1.14   3505.07    40.77 178394577     0.00     0.00  adiff2(double, prop_type&, propa_type&)
  0.30   3515.67    10.60 35697191     0.00     0.00  avar(double, double, double, prop_type&, propv_type&)
  0.22   3523.64     7.97 123857897     0.00     0.00  GetElevation(site)
  0.20   3530.70     7.06    28816     0.25     0.54  ReadPath(site, site)
  0.19   3537.59     6.89 137197236     0.00     0.00  OrMask(double, double, int)
  0.14   3542.70     5.11    28800     0.18   123.97  PlotLRPath(site, site, unsigned char, _IO_FILE*)
  0.12   3546.99     4.30 107091573     0.00     0.00  curve(double const&, double const&, double const&, double const&, double const&, double const&)
  0.12   3551.19     4.20 35697191     0.00     0.00  lrprop2(double, prop_type&, propa_type&)
  0.10   3554.89     3.70                             WritePPMSS(char*, unsigned char, unsigned char, unsigned char, site*, unsigned char)
  0.10   3558.57     3.68 71394382     0.00     0.00  qerfi(double)
  0.08   3561.34     2.77 35697191     0.00     0.00  GetSignal(double, double)
  0.05   3563.13     1.80 28791886     0.00     0.00  ascat(double, prop_type&, propa_type&)
  0.05   3564.89     1.76 35697191     0.00     0.10  qlrpfl2(double*, int, int, prop_type&, propa_type&, propv_type&)
  0.05   3566.59     1.71 136681207     0.00     0.00  fht(double const&, double const&)
  0.04   3568.06     1.47 35726007     0.00     0.00  Azimuth(site, site)
  0.04   3569.48     1.42 211904686     0.00     0.00  aknfe(double const&)
  0.04   3570.81     1.33 35697191     0.00     0.00  PutMask(double, double, int)
  0.03   3572.03     1.22 35697191     0.00     0.00  qlrps(double, double, double, int, double, double, prop_type&)
  0.02   3572.76     0.73 35697191     0.00     0.00  PutSignal(double, double, unsigned char)
  0.02   3573.42     0.65 28791886     0.00     0.00  h0f(double, double)
  0.01   3573.82     0.40 123799759     0.00     0.00  arccos(double, double)
  0.01   3574.20     0.38        5    76.00    76.00  LoadSDF_SDF(char*)
  0.00   3574.34     0.14 21346937     0.00     0.00  alos2(double, prop_type&, propa_type&)
  0.00   3574.47     0.14 14395943     0.00     0.00  ahd(double)
  0.00   3574.55     0.08                             FORTRAN_DIM(double const&, double const&)
  0.00   3574.61     0.06                             interpolate(int, int, int, int, int)
  0.00   3574.67     0.06                             point_to_point_ITM(double*, double, double, double, double, double, double, int, int, double, double, double&, char*, int&)
  0.00   3574.72     0.05 137196828     0.00     0.00  GetMask(double, double)
  0.00   3574.77     0.05        5    10.00    86.01  LoadSDF(char*)
  0.00   3574.81     0.04                             adiff(double, prop_type&, propa_type&)
  0.00   3574.85     0.04                             z1sq1(double*, double const&, double const&, double&, double&)
  0.00   3574.89     0.04                             abq_alos(std::complex<double>)
  0.00   3574.91     0.02    28816     0.00     0.00  Distance(site, site)
  0.00   3574.93     0.02                             d1thx(double*, double const&, double const&)
  0.00   3574.94     0.01        2     5.00     5.00  dec2dms(double)
  0.00   3574.95     0.01                             alos(double, prop_type&, propa_type&)
  0.00   3574.96     0.01                             lrprop(double, prop_type&, propa_type&)
  0.00   3574.96     0.01                             hzns(double*, prop_type&)
  0.00   3574.97     0.01                             qlrpfl(double*, int, int, prop_type&, propa_type&, propv_type&)
  0.00   3574.97     0.00       16     0.00     0.54  AverageTerrain(site, double, double, double)
  0.00   3574.97     0.00        6     0.00     0.00  ReduceAngle(double)
  0.00   3574.97     0.00        2     0.00     0.00  LoadSDF_BZ(char*)
  0.00   3574.97     0.00        2     0.00     0.00  ReadBearing(char*)
  0.00   3574.97     0.00        1     0.00     0.00  LoadSignalColors(site)
  0.00   3574.97     0.00        1     0.00     4.29  haat(site)
  0.00   3574.97     0.00        1     0.00     0.00  LoadPAT(char*)

 %         the percentage of the total running time of the
time       program used by this function.

cumulative a running sum of the number of seconds accounted
 seconds   for by this function and those listed above it.

 self      the number of seconds accounted for by this
seconds    function alone.  This is the major sort for this
           listing.

calls      the number of times this function was invoked, if
           this function is profiled, else blank.
 
 self      the average number of milliseconds spent in this
ms/call    function per call, if this function is profiled,
	   else blank.

 total     the average number of milliseconds spent in this
ms/call    function and its descendents per call, if this 
	   function is profiled, else blank.

name       the name of the function.  This is the minor sort
           for this listing. The index shows the location of
	   the function in the gprof listing. If the index is
	   in parenthesis it shows where it would appear in
	   the gprof listing if it were to be printed.

		     Call graph (explanation follows)


granularity: each sample hit covers 2 byte(s) for 0.00% of 3574.97 seconds

index % time    self  children    called     name
                5.11 3565.34   28800/28800       PlotLRMap(site, double, char*) [2]
[1]     99.9    5.11 3565.34   28800         PlotLRPath(site, site, unsigned char, _IO_FILE*) [1]
              101.66 3435.00 35697191/35697191     point_to_point(double*, double, double, double, double, double, double, int, int, double, double, double&, char*, int&) [3]
                7.06    8.39   28800/28816       ReadPath(site, site) [12]
                6.89    0.00 137195371/137197236     OrMask(double, double, int) [15]
                2.77    0.00 35697191/35697191     GetSignal(double, double) [19]
                1.47    0.00 35697191/35726007     Azimuth(site, site) [22]
                1.33    0.00 35697191/35697191     PutMask(double, double, int) [24]
                0.73    0.00 35697191/35697191     PutSignal(double, double, unsigned char) [26]
                0.05    0.00 137195371/137196828     GetMask(double, double) [37]
-----------------------------------------------
                                                 <spontaneous>
[2]     99.9    0.00 3570.45                 PlotLRMap(site, double, char*) [2]
                5.11 3565.34   28800/28800       PlotLRPath(site, site, unsigned char, _IO_FILE*) [1]
                0.00    0.00       2/6           ReduceAngle(double) [58]
-----------------------------------------------
              101.66 3435.00 35697191/35697191     PlotLRPath(site, site, unsigned char, _IO_FILE*) [1]
[3]     98.9  101.66 3435.00 35697191         point_to_point(double*, double, double, double, double, double, double, int, int, double, double, double&, char*, int&) [3]
                1.76 3413.46 35697191/35697191     qlrpfl2(double*, int, int, prop_type&, propa_type&, propv_type&) [4]
               10.60    4.30 35697191/35697191     avar(double, double, double, prop_type&, propv_type&) [13]
                3.68    0.00 71394382/71394382     qerfi(double) [18]
                1.22    0.00 35697191/35697191     qlrps(double, double, double, int, double, double, prop_type&) [25]
-----------------------------------------------
                1.76 3413.46 35697191/35697191     point_to_point(double*, double, double, double, double, double, double, int, int, double, double, double&, char*, int&) [3]
[4]     95.5    1.76 3413.46 35697191         qlrpfl2(double*, int, int, prop_type&, propa_type&, propv_type&) [4]
              767.28 1744.50 35697191/35697191     d1thx2(double*, double const&, double const&, propa_type&) [5]
              698.13    0.00 35697191/35697191     hzns2(double*, prop_type&, propa_type&) [7]
              108.30    0.00 35695854/71393012     z1sq2(double*, double const&, double const&, double&, double&) [8]
                4.20   91.05 35697191/35697191     lrprop2(double, prop_type&, propa_type&) [9]
-----------------------------------------------
              767.28 1744.50 35697191/35697191     qlrpfl2(double*, int, int, prop_type&, propa_type&, propv_type&) [4]
[5]     70.3  767.28 1744.50 35697191         d1thx2(double*, double const&, double const&, propa_type&) [5]
             1636.19    0.00 71394316/71394316     qtile(int const&, double*, int const&) [6]
              108.31    0.00 35697158/71393012     z1sq2(double*, double const&, double const&, double&, double&) [8]
-----------------------------------------------
             1636.19    0.00 71394316/71394316     d1thx2(double*, double const&, double const&, propa_type&) [5]
[6]     45.8 1636.19    0.00 71394316         qtile(int const&, double*, int const&) [6]
-----------------------------------------------
              698.13    0.00 35697191/35697191     qlrpfl2(double*, int, int, prop_type&, propa_type&, propv_type&) [4]
[7]     19.5  698.13    0.00 35697191         hzns2(double*, prop_type&, propa_type&) [7]
-----------------------------------------------
              108.30    0.00 35695854/71393012     qlrpfl2(double*, int, int, prop_type&, propa_type&, propv_type&) [4]
              108.31    0.00 35697158/71393012     d1thx2(double*, double const&, double const&, propa_type&) [5]
[8]      6.1  216.61    0.00 71393012         z1sq2(double*, double const&, double const&, double&, double&) [8]
-----------------------------------------------
                4.20   91.05 35697191/35697191     qlrpfl2(double*, int, int, prop_type&, propa_type&, propv_type&) [4]
[9]      2.7    4.20   91.05 35697191         lrprop2(double, prop_type&, propa_type&) [9]
               40.77   47.53 178394577/178394577     adiff2(double, prop_type&, propa_type&) [10]
                1.80    0.79 28791886/28791886     ascat(double, prop_type&, propa_type&) [20]
                0.14    0.02 21346937/21346937     alos2(double, prop_type&, propa_type&) [32]
-----------------------------------------------
               40.77   47.53 178394577/178394577     lrprop2(double, prop_type&, propa_type&) [9]
[10]     2.5   40.77   47.53 178394577         adiff2(double, prop_type&, propa_type&) [10]
               44.41    0.00 107045875/107091518     saalos(double, prop_type&, propa_type&) [11]
                1.71    0.00 136681207/136681207     fht(double const&, double const&) [21]
                1.42    0.00 211904686/211904686     aknfe(double const&) [23]
-----------------------------------------------
                0.02    0.00   45643/107091518     alos2(double, prop_type&, propa_type&) [32]
               44.41    0.00 107045875/107091518     adiff2(double, prop_type&, propa_type&) [10]
[11]     1.2   44.43    0.00 107091518         saalos(double, prop_type&, propa_type&) [11]
-----------------------------------------------
                0.00    0.00      16/28816       AverageTerrain(site, double, double, double) [47]
                7.06    8.39   28800/28816       PlotLRPath(site, site, unsigned char, _IO_FILE*) [1]
[12]     0.4    7.06    8.39   28816         ReadPath(site, site) [12]
                7.97    0.00 123857878/123857897     GetElevation(site) [14]
                0.40    0.00 123799745/123799759     arccos(double, double) [30]
                0.02    0.00   28816/28816       Distance(site, site) [41]
                0.00    0.00   28816/35726007     Azimuth(site, site) [22]
-----------------------------------------------
               10.60    4.30 35697191/35697191     point_to_point(double*, double, double, double, double, double, double, int, int, double, double, double&, char*, int&) [3]
[13]     0.4   10.60    4.30 35697191         avar(double, double, double, prop_type&, propv_type&) [13]
                4.30    0.00 107091573/107091573     curve(double const&, double const&, double const&, double const&, double const&, double const&) [16]
-----------------------------------------------
                0.00    0.00       1/123857897     haat(site) [50]
                0.00    0.00       2/123857897     SiteReport(site) [43]
                0.00    0.00      16/123857897     AverageTerrain(site, double, double, double) [47]
                7.97    0.00 123857878/123857897     ReadPath(site, site) [12]
[14]     0.2    7.97    0.00 123857897         GetElevation(site) [14]
-----------------------------------------------
                0.00    0.00    1865/137197236     PlaceMarker(site) [51]
                6.89    0.00 137195371/137197236     PlotLRPath(site, site, unsigned char, _IO_FILE*) [1]
[15]     0.2    6.89    0.00 137197236         OrMask(double, double, int) [15]
-----------------------------------------------
                4.30    0.00 107091573/107091573     avar(double, double, double, prop_type&, propv_type&) [13]
[16]     0.1    4.30    0.00 107091573         curve(double const&, double const&, double const&, double const&, double const&, double const&) [16]
-----------------------------------------------
                                                 <spontaneous>
[17]     0.1    3.70    0.00                 WritePPMSS(char*, unsigned char, unsigned char, unsigned char, site*, unsigned char) [17]
                0.00    0.00       2/6           ReduceAngle(double) [58]
                0.00    0.00       1/1           LoadSignalColors(site) [61]
-----------------------------------------------
                3.68    0.00 71394382/71394382     point_to_point(double*, double, double, double, double, double, double, int, int, double, double, double&, char*, int&) [3]
[18]     0.1    3.68    0.00 71394382         qerfi(double) [18]
-----------------------------------------------
                2.77    0.00 35697191/35697191     PlotLRPath(site, site, unsigned char, _IO_FILE*) [1]
[19]     0.1    2.77    0.00 35697191         GetSignal(double, double) [19]
-----------------------------------------------
                1.80    0.79 28791886/28791886     lrprop2(double, prop_type&, propa_type&) [9]
[20]     0.1    1.80    0.79 28791886         ascat(double, prop_type&, propa_type&) [20]
                0.65    0.00 28791886/28791886     h0f(double, double) [27]
                0.14    0.00 14395943/14395943     ahd(double) [33]
-----------------------------------------------
                1.71    0.00 136681207/136681207     adiff2(double, prop_type&, propa_type&) [10]
[21]     0.0    1.71    0.00 136681207         fht(double const&, double const&) [21]
-----------------------------------------------
                0.00    0.00   28816/35726007     ReadPath(site, site) [12]
                1.47    0.00 35697191/35726007     PlotLRPath(site, site, unsigned char, _IO_FILE*) [1]
[22]     0.0    1.47    0.00 35726007         Azimuth(site, site) [22]
-----------------------------------------------
                1.42    0.00 211904686/211904686     adiff2(double, prop_type&, propa_type&) [10]
[23]     0.0    1.42    0.00 211904686         aknfe(double const&) [23]
-----------------------------------------------
                1.33    0.00 35697191/35697191     PlotLRPath(site, site, unsigned char, _IO_FILE*) [1]
[24]     0.0    1.33    0.00 35697191         PutMask(double, double, int) [24]
-----------------------------------------------
                1.22    0.00 35697191/35697191     point_to_point(double*, double, double, double, double, double, double, int, int, double, double, double&, char*, int&) [3]
[25]     0.0    1.22    0.00 35697191         qlrps(double, double, double, int, double, double, prop_type&) [25]
-----------------------------------------------
                0.73    0.00 35697191/35697191     PlotLRPath(site, site, unsigned char, _IO_FILE*) [1]
[26]     0.0    0.73    0.00 35697191         PutSignal(double, double, unsigned char) [26]
-----------------------------------------------
                0.65    0.00 28791886/28791886     ascat(double, prop_type&, propa_type&) [20]
[27]     0.0    0.65    0.00 28791886         h0f(double, double) [27]
-----------------------------------------------
                0.05    0.38       5/5           LoadTopoData(int, int, int, int) [29]
[28]     0.0    0.05    0.38       5         LoadSDF(char*) [28]
                0.38    0.00       5/5           LoadSDF_SDF(char*) [31]
                0.00    0.00       2/2           LoadSDF_BZ(char*) [59]
-----------------------------------------------
                                                 <spontaneous>
[29]     0.0    0.00    0.43                 LoadTopoData(int, int, int, int) [29]
                0.05    0.38       5/5           LoadSDF(char*) [28]
                0.00    0.00       2/6           ReduceAngle(double) [58]
-----------------------------------------------
                0.00    0.00      14/123799759     AverageTerrain(site, double, double, double) [47]
                0.40    0.00 123799745/123799759     ReadPath(site, site) [12]
[30]     0.0    0.40    0.00 123799759         arccos(double, double) [30]
-----------------------------------------------
                0.38    0.00       5/5           LoadSDF(char*) [28]
[31]     0.0    0.38    0.00       5         LoadSDF_SDF(char*) [31]
-----------------------------------------------
                0.14    0.02 21346937/21346937     lrprop2(double, prop_type&, propa_type&) [9]
[32]     0.0    0.14    0.02 21346937         alos2(double, prop_type&, propa_type&) [32]
                0.02    0.00   45643/107091518     saalos(double, prop_type&, propa_type&) [11]
-----------------------------------------------
                0.14    0.00 14395943/14395943     ascat(double, prop_type&, propa_type&) [20]
[33]     0.0    0.14    0.00 14395943         ahd(double) [33]
-----------------------------------------------
                                                 <spontaneous>
[34]     0.0    0.08    0.00                 FORTRAN_DIM(double const&, double const&) [34]
-----------------------------------------------
                                                 <spontaneous>
[35]     0.0    0.06    0.00                 interpolate(int, int, int, int, int) [35]
-----------------------------------------------
                                                 <spontaneous>
[36]     0.0    0.06    0.00                 point_to_point_ITM(double*, double, double, double, double, double, double, int, int, double, double, double&, char*, int&) [36]
-----------------------------------------------
                0.00    0.00    1457/137196828     PlaceMarker(site) [51]
                0.05    0.00 137195371/137196828     PlotLRPath(site, site, unsigned char, _IO_FILE*) [1]
[37]     0.0    0.05    0.00 137196828         GetMask(double, double) [37]
-----------------------------------------------
                                                 <spontaneous>
[38]     0.0    0.04    0.00                 adiff(double, prop_type&, propa_type&) [38]
-----------------------------------------------
                                                 <spontaneous>
[39]     0.0    0.04    0.00                 z1sq1(double*, double const&, double const&, double&, double&) [39]
-----------------------------------------------
                                                 <spontaneous>
[40]     0.0    0.04    0.00                 abq_alos(std::complex<double>) [40]
-----------------------------------------------
                0.02    0.00   28816/28816       ReadPath(site, site) [12]
[41]     0.0    0.02    0.00   28816         Distance(site, site) [41]
-----------------------------------------------
                                                 <spontaneous>
[42]     0.0    0.02    0.00                 d1thx(double*, double const&, double const&) [42]
-----------------------------------------------
                                                 <spontaneous>
[43]     0.0    0.00    0.02                 SiteReport(site) [43]
                0.01    0.00       2/2           dec2dms(double) [44]
                0.00    0.00       1/1           haat(site) [50]
                0.00    0.00       8/16          AverageTerrain(site, double, double, double) [47]
                0.00    0.00       2/123857897     GetElevation(site) [14]
-----------------------------------------------
                0.01    0.00       2/2           SiteReport(site) [43]
[44]     0.0    0.01    0.00       2         dec2dms(double) [44]
-----------------------------------------------
                                                 <spontaneous>
[45]     0.0    0.01    0.00                 alos(double, prop_type&, propa_type&) [45]
-----------------------------------------------
                                                 <spontaneous>
[46]     0.0    0.01    0.00                 lrprop(double, prop_type&, propa_type&) [46]
-----------------------------------------------
                0.00    0.00       8/16          haat(site) [50]
                0.00    0.00       8/16          SiteReport(site) [43]
[47]     0.0    0.00    0.01      16         AverageTerrain(site, double, double, double) [47]
                0.00    0.00      16/28816       ReadPath(site, site) [12]
                0.00    0.00      16/123857897     GetElevation(site) [14]
                0.00    0.00      14/123799759     arccos(double, double) [30]
-----------------------------------------------
                                                 <spontaneous>
[48]     0.0    0.01    0.00                 hzns(double*, prop_type&) [48]
-----------------------------------------------
                                                 <spontaneous>
[49]     0.0    0.01    0.00                 qlrpfl(double*, int, int, prop_type&, propa_type&, propv_type&) [49]
-----------------------------------------------
                0.00    0.00       1/1           SiteReport(site) [43]
[50]     0.0    0.00    0.00       1         haat(site) [50]
                0.00    0.00       8/16          AverageTerrain(site, double, double, double) [47]
                0.00    0.00       1/123857897     GetElevation(site) [14]
-----------------------------------------------
                                                 <spontaneous>
[51]     0.0    0.00    0.00                 PlaceMarker(site) [51]
                0.00    0.00    1865/137197236     OrMask(double, double, int) [15]
                0.00    0.00    1457/137196828     GetMask(double, double) [37]
-----------------------------------------------
                0.00    0.00       2/6           PlotLRMap(site, double, char*) [2]
                0.00    0.00       2/6           WritePPMSS(char*, unsigned char, unsigned char, unsigned char, site*, unsigned char) [17]
                0.00    0.00       2/6           LoadTopoData(int, int, int, int) [29]
[58]     0.0    0.00    0.00       6         ReduceAngle(double) [58]
-----------------------------------------------
                0.00    0.00       2/2           LoadSDF(char*) [28]
[59]     0.0    0.00    0.00       2         LoadSDF_BZ(char*) [59]
-----------------------------------------------
                0.00    0.00       2/2           LoadQTH(char*) [92]
[60]     0.0    0.00    0.00       2         ReadBearing(char*) [60]
-----------------------------------------------
                0.00    0.00       1/1           WritePPMSS(char*, unsigned char, unsigned char, unsigned char, site*, unsigned char) [17]
[61]     0.0    0.00    0.00       1         LoadSignalColors(site) [61]
-----------------------------------------------
                0.00    0.00       1/1           ReadLRParm(site, char) [66]
[62]     0.0    0.00    0.00       1         LoadPAT(char*) [62]
-----------------------------------------------

 This table describes the call tree of the program, and was sorted by
 the total amount of time spent in each function and its children.

 Each entry in this table consists of several lines.  The line with the
 index number at the left hand margin lists the current function.
 The lines above it list the functions that called this function,
 and the lines below it list the functions this one called.
 This line lists:
     index	A unique number given to each element of the table.
		Index numbers are sorted numerically.
		The index number is printed next to every function name so
		it is easier to look up where the function in the table.

     % time	This is the percentage of the `total' time that was spent
		in this function and its children.  Note that due to
		different viewpoints, functions excluded by options, etc,
		these numbers will NOT add up to 100%.

     self	This is the total amount of time spent in this function.

     children	This is the total amount of time propagated into this
		function by its children.

     called	This is the number of times the function was called.
		If the function called itself recursively, the number
		only includes non-recursive calls, and is followed by
		a `+' and the number of recursive calls.

     name	The name of the current function.  The index number is
		printed after it.  If the function is a member of a
		cycle, the cycle number is printed between the
		function's name and the index number.


 For the function's parents, the fields have the following meanings:

     self	This is the amount of time that was propagated directly
		from the function into this parent.

     children	This is the amount of time that was propagated from
		the function's children into this parent.

     called	This is the number of times this parent called the
		function `/' the total number of times the function
		was called.  Recursive calls to the function are not
		included in the number after the `/'.

     name	This is the name of the parent.  The parent's index
		number is printed after it.  If the parent is a
		member of a cycle, the cycle number is printed between
		the name and the index number.

 If the parents of the function cannot be determined, the word
 `<spontaneous>' is printed in the `name' field, and all the other
 fields are blank.

 For the function's children, the fields have the following meanings:

     self	This is the amount of time that was propagated directly
		from the child into the function.

     children	This is the amount of time that was propagated from the
		child's children to the function.

     called	This is the number of times the function called
		this child `/' the total number of times the child
		was called.  Recursive calls by the child are not
		listed in the number after the `/'.

     name	This is the name of the child.  The child's index
		number is printed after it.  If the child is a
		member of a cycle, the cycle number is printed
		between the name and the index number.

 If there are any cycles (circles) in the call graph, there is an
 entry for the cycle-as-a-whole.  This entry shows who called the
 cycle (as parents) and the members of the cycle (as children.)
 The `+' recursive calls entry shows the number of function calls that
 were internal to the cycle, and the calls entry for each member shows,
 for that member, how many times it was called from other members of
 the cycle.


Index by function name

  [59] LoadSDF_BZ(char*)      [50] haat(site)             [46] lrprop(double, prop_type&, propa_type&)
   [1] PlotLRPath(site, site, unsigned char, _IO_FILE*) [48] hzns(double*, prop_type&) [49] qlrpfl(double*, int, int, prop_type&, propa_type&, propv_type&)
  [17] WritePPMSS(char*, unsigned char, unsigned char, unsigned char, site*, unsigned char) [38] adiff(double, prop_type&, propa_type&) [11] saalos(double, prop_type&, propa_type&)
  [34] FORTRAN_DIM(double const&, double const&) [23] aknfe(double const&) [22] Azimuth(site, site)
  [31] LoadSDF_SDF(char*)     [32] alos2(double, prop_type&, propa_type&) [37] GetMask(double, double)
  [60] ReadBearing(char*)     [20] ascat(double, prop_type&, propa_type&) [62] LoadPAT(char*)
  [58] ReduceAngle(double)    [16] curve(double const&, double const&, double const&, double const&, double const&, double const&) [28] LoadSDF(char*)
  [35] interpolate(int, int, int, int, int) [42] d1thx(double*, double const&, double const&) [24] PutMask(double, double, int)
  [14] GetElevation(site)      [7] hzns2(double*, prop_type&, propa_type&) [44] dec2dms(double)
  [47] AverageTerrain(site, double, double, double) [18] qerfi(double) [9] lrprop2(double, prop_type&, propa_type&)
   [3] point_to_point(double*, double, double, double, double, double, double, int, int, double, double, double&, char*, int&) [25] qlrps(double, double, double, int, double, double, prop_type&) [4] qlrpfl2(double*, int, int, prop_type&, propa_type&, propv_type&)
  [61] LoadSignalColors(site)  [6] qtile(int const&, double*, int const&) [41] Distance(site, site)
  [36] point_to_point_ITM(double*, double, double, double, double, double, double, int, int, double, double, double&, char*, int&) [39] z1sq1(double*, double const&, double const&, double&, double&) [12] ReadPath(site, site)
  [33] ahd(double)             [8] z1sq2(double*, double const&, double const&, double&, double&) [40] abq_alos(std::complex<double>)
  [21] fht(double const&, double const&) [15] OrMask(double, double, int) [19] GetSignal(double, double)
  [27] h0f(double, double)    [10] adiff2(double, prop_type&, propa_type&) [26] PutSignal(double, double, unsigned char)
  [45] alos(double, prop_type&, propa_type&) [30] arccos(double, double)
  [13] avar(double, double, double, prop_type&, propv_type&) [5] d1thx2(double*, double const&, double const&, propa_type&)
