Run with 024 miles:
Flat profile:

Each sample counts as 0.01 seconds.
  %   cumulative   self              self     total           
 time   seconds   seconds    calls  ms/call  ms/call  name    
 35.95     89.77    89.77 12039276     0.01     0.01  qtile(int const&, double*, int const&)
 20.44    140.81    51.04  6019671     0.01     0.02  d1thx2(double*, double const&, double const&, propa_type&)
 17.88    185.45    44.64  6019671     0.01     0.01  hzns2(double*, prop_type&, propa_type&)
  5.94    200.29    14.84 12037972     0.00     0.00  z1sq2(double*, double const&, double const&, double&, double&)
  3.07    207.95     7.66 123857897     0.00     0.00  GetElevation(site)
  2.92    215.25     7.30    28816     0.25     0.53  ReadPath(site, site)
  2.89    222.46     7.21 18058964     0.00     0.00  saalos(double, prop_type&, propa_type&)
  2.81    229.48     7.02  6019671     0.00     0.04  point_to_point(double*, double, double, double, double, double, double, int, int, double, double, double&, char*, int&)
  2.79    236.44     6.96 30012435     0.00     0.00  adiff2(double, prop_type&, propa_type&)
  1.32    239.74     3.30                             WritePPMSS(char*, unsigned char, unsigned char, unsigned char, site*, unsigned char)
  0.78    241.69     1.95  6019671     0.00     0.00  avar(double, double, double, prop_type&, propv_type&)
  0.70    243.43     1.74 45686309     0.00     0.00  OrMask(double, double, int)
  0.50    244.67     1.24    28800     0.04     8.53  PlotLRPath(site, site, unsigned char, _IO_FILE*)
  0.33    245.50     0.83  6019671     0.00     0.00  lrprop2(double, prop_type&, propa_type&)
  0.29    246.23     0.74 18059013     0.00     0.00  curve(double const&, double const&, double const&, double const&, double const&, double const&)
  0.23    246.80     0.57 12039342     0.00     0.00  qerfi(double)
  0.16    247.19     0.39  6019671     0.00     0.00  GetSignal(double, double)
  0.15    247.57     0.38 123799759     0.00     0.00  arccos(double, double)
  0.12    247.87     0.30  6019671     0.00     0.04  qlrpfl2(double*, int, int, prop_type&, propa_type&, propv_type&)
  0.12    248.17     0.30        5    60.00    60.00  LoadSDF_SDF(char*)
  0.10    248.43     0.26 22503559     0.00     0.00  fht(double const&, double const&)
  0.10    248.68     0.25  6048487     0.00     0.00  Azimuth(site, site)
  0.09    248.91     0.23 35615126     0.00     0.00  aknfe(double const&)
  0.09    249.13     0.22  6019671     0.00     0.00  PutMask(double, double, int)
  0.08    249.32     0.20  6019671     0.00     0.00  qlrps(double, double, double, int, double, double, prop_type&)
  0.04    249.42     0.10                             interpolate(int, int, int, int, int)
  0.02    249.48     0.06        5    12.00    72.00  LoadSDF(char*)
  0.02    249.52     0.04  6019671     0.00     0.00  PutSignal(double, double, unsigned char)
  0.01    249.55     0.03 45685901     0.00     0.00  GetMask(double, double)
  0.01    249.58     0.03                             point_to_point_ITM(double*, double, double, double, double, double, double, int, int, double, double, double&, char*, int&)
  0.01    249.61     0.03                             PlotLRMap(site, double, char*)
  0.01    249.63     0.02  6062631     0.00     0.00  alos2(double, prop_type&, propa_type&)
  0.01    249.65     0.02                             FORTRAN_DIM(double const&, double const&)
  0.01    249.66     0.02                             z1sq1(double*, double const&, double const&, double&, double&)
  0.00    249.67     0.01        1    10.00    10.00  LoadPAT(char*)
  0.00    249.68     0.01                             adiff(double, prop_type&, propa_type&)
  0.00    249.69     0.01                             ascat(double, prop_type&, propa_type&)
  0.00    249.69     0.00    28816     0.00     0.00  Distance(site, site)
  0.00    249.69     0.00       16     0.00     0.53  AverageTerrain(site, double, double, double)
  0.00    249.69     0.00        6     0.00     0.00  ReduceAngle(double)
  0.00    249.69     0.00        2     0.00     0.00  LoadSDF_BZ(char*)
  0.00    249.69     0.00        2     0.00     0.00  ReadBearing(char*)
  0.00    249.69     0.00        2     0.00     0.00  dec2dms(double)
  0.00    249.69     0.00        1     0.00     0.00  LoadSignalColors(site)
  0.00    249.69     0.00        1     0.00     4.26  haat(site)

 %         the percentage of the total running time of the
time       program used by this function.

cumulative a running sum of the number of seconds accounted
 seconds   for by this function and those listed above it.

 self      the number of seconds accounted for by this
seconds    function alone.  This is the major sort for this
           listing.

calls      the number of times this function was invoked, if
           this function is profiled, else blank.
 
 self      the average number of milliseconds spent in this
ms/call    function per call, if this function is profiled,
	   else blank.

 total     the average number of milliseconds spent in this
ms/call    function and its descendents per call, if this 
	   function is profiled, else blank.

name       the name of the function.  This is the minor sort
           for this listing. The index shows the location of
	   the function in the gprof listing. If the index is
	   in parenthesis it shows where it would appear in
	   the gprof listing if it were to be printed.

		     Call graph (explanation follows)


granularity: each sample hit covers 2 byte(s) for 0.00% of 249.69 seconds

index % time    self  children    called     name
                                                 <spontaneous>
[1]     98.5    0.03  245.80                 PlotLRMap(site, double, char*) [1]
                1.24  244.56   28800/28800       PlotLRPath(site, site, unsigned char, _IO_FILE*) [2]
                0.00    0.00       2/6           ReduceAngle(double) [51]
-----------------------------------------------
                1.24  244.56   28800/28800       PlotLRMap(site, double, char*) [1]
[2]     98.4    1.24  244.56   28800         PlotLRPath(site, site, unsigned char, _IO_FILE*) [2]
                7.02  219.54 6019671/6019671     point_to_point(double*, double, double, double, double, double, double, int, int, double, double, double&, char*, int&) [3]
                7.30    8.04   28800/28816       ReadPath(site, site) [9]
                1.74    0.00 45684444/45686309     OrMask(double, double, int) [16]
                0.39    0.00 6019671/6019671     GetSignal(double, double) [19]
                0.25    0.00 6019671/6048487     Azimuth(site, site) [25]
                0.22    0.00 6019671/6019671     PutMask(double, double, int) [27]
                0.04    0.00 6019671/6019671     PutSignal(double, double, unsigned char) [30]
                0.03    0.00 45684444/45685901     GetMask(double, double) [32]
-----------------------------------------------
                7.02  219.54 6019671/6019671     PlotLRPath(site, site, unsigned char, _IO_FILE*) [2]
[3]     90.7    7.02  219.54 6019671         point_to_point(double*, double, double, double, double, double, double, int, int, double, double, double&, char*, int&) [3]
                0.30  215.79 6019671/6019671     qlrpfl2(double*, int, int, prop_type&, propa_type&, propv_type&) [4]
                1.95    0.74 6019671/6019671     avar(double, double, double, prop_type&, propv_type&) [15]
                0.57    0.00 12039342/12039342     qerfi(double) [18]
                0.20    0.00 6019671/6019671     qlrps(double, double, double, int, double, double, prop_type&) [28]
-----------------------------------------------
                0.30  215.79 6019671/6019671     point_to_point(double*, double, double, double, double, double, double, int, int, double, double, double&, char*, int&) [3]
[4]     86.5    0.30  215.79 6019671         qlrpfl2(double*, int, int, prop_type&, propa_type&, propv_type&) [4]
               51.04   97.18 6019671/6019671     d1thx2(double*, double const&, double const&, propa_type&) [5]
               44.64    0.00 6019671/6019671     hzns2(double*, prop_type&, propa_type&) [7]
                0.83   14.68 6019671/6019671     lrprop2(double, prop_type&, propa_type&) [8]
                7.42    0.00 6018334/12037972     z1sq2(double*, double const&, double const&, double&, double&) [10]
-----------------------------------------------
               51.04   97.18 6019671/6019671     qlrpfl2(double*, int, int, prop_type&, propa_type&, propv_type&) [4]
[5]     59.4   51.04   97.18 6019671         d1thx2(double*, double const&, double const&, propa_type&) [5]
               89.77    0.00 12039276/12039276     qtile(int const&, double*, int const&) [6]
                7.42    0.00 6019638/12037972     z1sq2(double*, double const&, double const&, double&, double&) [10]
-----------------------------------------------
               89.77    0.00 12039276/12039276     d1thx2(double*, double const&, double const&, propa_type&) [5]
[6]     36.0   89.77    0.00 12039276         qtile(int const&, double*, int const&) [6]
-----------------------------------------------
               44.64    0.00 6019671/6019671     qlrpfl2(double*, int, int, prop_type&, propa_type&, propv_type&) [4]
[7]     17.9   44.64    0.00 6019671         hzns2(double*, prop_type&, propa_type&) [7]
-----------------------------------------------
                0.83   14.68 6019671/6019671     qlrpfl2(double*, int, int, prop_type&, propa_type&, propv_type&) [4]
[8]      6.2    0.83   14.68 6019671         lrprop2(double, prop_type&, propa_type&) [8]
                6.96    7.68 30012435/30012435     adiff2(double, prop_type&, propa_type&) [11]
                0.02    0.02 6062631/6062631     alos2(double, prop_type&, propa_type&) [31]
-----------------------------------------------
                0.00    0.00      16/28816       AverageTerrain(site, double, double, double) [40]
                7.30    8.04   28800/28816       PlotLRPath(site, site, unsigned char, _IO_FILE*) [2]
[9]      6.1    7.30    8.04   28816         ReadPath(site, site) [9]
                7.66    0.00 123857878/123857897     GetElevation(site) [12]
                0.38    0.00 123799745/123799759     arccos(double, double) [20]
                0.00    0.00   28816/6048487     Azimuth(site, site) [25]
                0.00    0.00   28816/28816       Distance(site, site) [50]
-----------------------------------------------
                7.42    0.00 6018334/12037972     qlrpfl2(double*, int, int, prop_type&, propa_type&, propv_type&) [4]
                7.42    0.00 6019638/12037972     d1thx2(double*, double const&, double const&, propa_type&) [5]
[10]     5.9   14.84    0.00 12037972         z1sq2(double*, double const&, double const&, double&, double&) [10]
-----------------------------------------------
                6.96    7.68 30012435/30012435     lrprop2(double, prop_type&, propa_type&) [8]
[11]     5.9    6.96    7.68 30012435         adiff2(double, prop_type&, propa_type&) [11]
                7.19    0.00 18016050/18058964     saalos(double, prop_type&, propa_type&) [13]
                0.26    0.00 22503559/22503559     fht(double const&, double const&) [24]
                0.23    0.00 35615126/35615126     aknfe(double const&) [26]
-----------------------------------------------
                0.00    0.00       1/123857897     haat(site) [42]
                0.00    0.00       2/123857897     SiteReport(site) [39]
                0.00    0.00      16/123857897     AverageTerrain(site, double, double, double) [40]
                7.66    0.00 123857878/123857897     ReadPath(site, site) [9]
[12]     3.1    7.66    0.00 123857897         GetElevation(site) [12]
-----------------------------------------------
                0.02    0.00   42914/18058964     alos2(double, prop_type&, propa_type&) [31]
                7.19    0.00 18016050/18058964     adiff2(double, prop_type&, propa_type&) [11]
[13]     2.9    7.21    0.00 18058964         saalos(double, prop_type&, propa_type&) [13]
-----------------------------------------------
                                                 <spontaneous>
[14]     1.3    3.30    0.00                 WritePPMSS(char*, unsigned char, unsigned char, unsigned char, site*, unsigned char) [14]
                0.00    0.00       2/6           ReduceAngle(double) [51]
                0.00    0.00       1/1           LoadSignalColors(site) [55]
-----------------------------------------------
                1.95    0.74 6019671/6019671     point_to_point(double*, double, double, double, double, double, double, int, int, double, double, double&, char*, int&) [3]
[15]     1.1    1.95    0.74 6019671         avar(double, double, double, prop_type&, propv_type&) [15]
                0.74    0.00 18059013/18059013     curve(double const&, double const&, double const&, double const&, double const&, double const&) [17]
-----------------------------------------------
                0.00    0.00    1865/45686309     PlaceMarker(site) [43]
                1.74    0.00 45684444/45686309     PlotLRPath(site, site, unsigned char, _IO_FILE*) [2]
[16]     0.7    1.74    0.00 45686309         OrMask(double, double, int) [16]
-----------------------------------------------
                0.74    0.00 18059013/18059013     avar(double, double, double, prop_type&, propv_type&) [15]
[17]     0.3    0.74    0.00 18059013         curve(double const&, double const&, double const&, double const&, double const&, double const&) [17]
-----------------------------------------------
                0.57    0.00 12039342/12039342     point_to_point(double*, double, double, double, double, double, double, int, int, double, double, double&, char*, int&) [3]
[18]     0.2    0.57    0.00 12039342         qerfi(double) [18]
-----------------------------------------------
                0.39    0.00 6019671/6019671     PlotLRPath(site, site, unsigned char, _IO_FILE*) [2]
[19]     0.2    0.39    0.00 6019671         GetSignal(double, double) [19]
-----------------------------------------------
                0.00    0.00      14/123799759     AverageTerrain(site, double, double, double) [40]
                0.38    0.00 123799745/123799759     ReadPath(site, site) [9]
[20]     0.2    0.38    0.00 123799759         arccos(double, double) [20]
-----------------------------------------------
                0.06    0.30       5/5           LoadTopoData(int, int, int, int) [22]
[21]     0.1    0.06    0.30       5         LoadSDF(char*) [21]
                0.30    0.00       5/5           LoadSDF_SDF(char*) [23]
                0.00    0.00       2/2           LoadSDF_BZ(char*) [52]
-----------------------------------------------
                                                 <spontaneous>
[22]     0.1    0.00    0.36                 LoadTopoData(int, int, int, int) [22]
                0.06    0.30       5/5           LoadSDF(char*) [21]
                0.00    0.00       2/6           ReduceAngle(double) [51]
-----------------------------------------------
                0.30    0.00       5/5           LoadSDF(char*) [21]
[23]     0.1    0.30    0.00       5         LoadSDF_SDF(char*) [23]
-----------------------------------------------
                0.26    0.00 22503559/22503559     adiff2(double, prop_type&, propa_type&) [11]
[24]     0.1    0.26    0.00 22503559         fht(double const&, double const&) [24]
-----------------------------------------------
                0.00    0.00   28816/6048487     ReadPath(site, site) [9]
                0.25    0.00 6019671/6048487     PlotLRPath(site, site, unsigned char, _IO_FILE*) [2]
[25]     0.1    0.25    0.00 6048487         Azimuth(site, site) [25]
-----------------------------------------------
                0.23    0.00 35615126/35615126     adiff2(double, prop_type&, propa_type&) [11]
[26]     0.1    0.23    0.00 35615126         aknfe(double const&) [26]
-----------------------------------------------
                0.22    0.00 6019671/6019671     PlotLRPath(site, site, unsigned char, _IO_FILE*) [2]
[27]     0.1    0.22    0.00 6019671         PutMask(double, double, int) [27]
-----------------------------------------------
                0.20    0.00 6019671/6019671     point_to_point(double*, double, double, double, double, double, double, int, int, double, double, double&, char*, int&) [3]
[28]     0.1    0.20    0.00 6019671         qlrps(double, double, double, int, double, double, prop_type&) [28]
-----------------------------------------------
                                                 <spontaneous>
[29]     0.0    0.10    0.00                 interpolate(int, int, int, int, int) [29]
-----------------------------------------------
                0.04    0.00 6019671/6019671     PlotLRPath(site, site, unsigned char, _IO_FILE*) [2]
[30]     0.0    0.04    0.00 6019671         PutSignal(double, double, unsigned char) [30]
-----------------------------------------------
                0.02    0.02 6062631/6062631     lrprop2(double, prop_type&, propa_type&) [8]
[31]     0.0    0.02    0.02 6062631         alos2(double, prop_type&, propa_type&) [31]
                0.02    0.00   42914/18058964     saalos(double, prop_type&, propa_type&) [13]
-----------------------------------------------
                0.00    0.00    1457/45685901     PlaceMarker(site) [43]
                0.03    0.00 45684444/45685901     PlotLRPath(site, site, unsigned char, _IO_FILE*) [2]
[32]     0.0    0.03    0.00 45685901         GetMask(double, double) [32]
-----------------------------------------------
                                                 <spontaneous>
[33]     0.0    0.03    0.00                 point_to_point_ITM(double*, double, double, double, double, double, double, int, int, double, double, double&, char*, int&) [33]
-----------------------------------------------
                                                 <spontaneous>
[34]     0.0    0.02    0.00                 FORTRAN_DIM(double const&, double const&) [34]
-----------------------------------------------
                                                 <spontaneous>
[35]     0.0    0.02    0.00                 z1sq1(double*, double const&, double const&, double&, double&) [35]
-----------------------------------------------
                0.01    0.00       1/1           ReadLRParm(site, char) [37]
[36]     0.0    0.01    0.00       1         LoadPAT(char*) [36]
-----------------------------------------------
                                                 <spontaneous>
[37]     0.0    0.00    0.01                 ReadLRParm(site, char) [37]
                0.01    0.00       1/1           LoadPAT(char*) [36]
-----------------------------------------------
                                                 <spontaneous>
[38]     0.0    0.01    0.00                 adiff(double, prop_type&, propa_type&) [38]
-----------------------------------------------
                                                 <spontaneous>
[39]     0.0    0.00    0.01                 SiteReport(site) [39]
                0.00    0.00       1/1           haat(site) [42]
                0.00    0.00       8/16          AverageTerrain(site, double, double, double) [40]
                0.00    0.00       2/123857897     GetElevation(site) [12]
                0.00    0.00       2/2           dec2dms(double) [54]
-----------------------------------------------
                0.00    0.00       8/16          haat(site) [42]
                0.00    0.00       8/16          SiteReport(site) [39]
[40]     0.0    0.00    0.01      16         AverageTerrain(site, double, double, double) [40]
                0.00    0.00      16/28816       ReadPath(site, site) [9]
                0.00    0.00      16/123857897     GetElevation(site) [12]
                0.00    0.00      14/123799759     arccos(double, double) [20]
-----------------------------------------------
                                                 <spontaneous>
[41]     0.0    0.01    0.00                 ascat(double, prop_type&, propa_type&) [41]
-----------------------------------------------
                0.00    0.00       1/1           SiteReport(site) [39]
[42]     0.0    0.00    0.00       1         haat(site) [42]
                0.00    0.00       8/16          AverageTerrain(site, double, double, double) [40]
                0.00    0.00       1/123857897     GetElevation(site) [12]
-----------------------------------------------
                                                 <spontaneous>
[43]     0.0    0.00    0.00                 PlaceMarker(site) [43]
                0.00    0.00    1865/45686309     OrMask(double, double, int) [16]
                0.00    0.00    1457/45685901     GetMask(double, double) [32]
-----------------------------------------------
                0.00    0.00   28816/28816       ReadPath(site, site) [9]
[50]     0.0    0.00    0.00   28816         Distance(site, site) [50]
-----------------------------------------------
                0.00    0.00       2/6           PlotLRMap(site, double, char*) [1]
                0.00    0.00       2/6           WritePPMSS(char*, unsigned char, unsigned char, unsigned char, site*, unsigned char) [14]
                0.00    0.00       2/6           LoadTopoData(int, int, int, int) [22]
[51]     0.0    0.00    0.00       6         ReduceAngle(double) [51]
-----------------------------------------------
                0.00    0.00       2/2           LoadSDF(char*) [21]
[52]     0.0    0.00    0.00       2         LoadSDF_BZ(char*) [52]
-----------------------------------------------
                0.00    0.00       2/2           LoadQTH(char*) [91]
[53]     0.0    0.00    0.00       2         ReadBearing(char*) [53]
-----------------------------------------------
                0.00    0.00       2/2           SiteReport(site) [39]
[54]     0.0    0.00    0.00       2         dec2dms(double) [54]
-----------------------------------------------
                0.00    0.00       1/1           WritePPMSS(char*, unsigned char, unsigned char, unsigned char, site*, unsigned char) [14]
[55]     0.0    0.00    0.00       1         LoadSignalColors(site) [55]
-----------------------------------------------

 This table describes the call tree of the program, and was sorted by
 the total amount of time spent in each function and its children.

 Each entry in this table consists of several lines.  The line with the
 index number at the left hand margin lists the current function.
 The lines above it list the functions that called this function,
 and the lines below it list the functions this one called.
 This line lists:
     index	A unique number given to each element of the table.
		Index numbers are sorted numerically.
		The index number is printed next to every function name so
		it is easier to look up where the function in the table.

     % time	This is the percentage of the `total' time that was spent
		in this function and its children.  Note that due to
		different viewpoints, functions excluded by options, etc,
		these numbers will NOT add up to 100%.

     self	This is the total amount of time spent in this function.

     children	This is the total amount of time propagated into this
		function by its children.

     called	This is the number of times the function was called.
		If the function called itself recursively, the number
		only includes non-recursive calls, and is followed by
		a `+' and the number of recursive calls.

     name	The name of the current function.  The index number is
		printed after it.  If the function is a member of a
		cycle, the cycle number is printed between the
		function's name and the index number.


 For the function's parents, the fields have the following meanings:

     self	This is the amount of time that was propagated directly
		from the function into this parent.

     children	This is the amount of time that was propagated from
		the function's children into this parent.

     called	This is the number of times this parent called the
		function `/' the total number of times the function
		was called.  Recursive calls to the function are not
		included in the number after the `/'.

     name	This is the name of the parent.  The parent's index
		number is printed after it.  If the parent is a
		member of a cycle, the cycle number is printed between
		the name and the index number.

 If the parents of the function cannot be determined, the word
 `<spontaneous>' is printed in the `name' field, and all the other
 fields are blank.

 For the function's children, the fields have the following meanings:

     self	This is the amount of time that was propagated directly
		from the child into the function.

     children	This is the amount of time that was propagated from the
		child's children to the function.

     called	This is the number of times the function called
		this child `/' the total number of times the child
		was called.  Recursive calls by the child are not
		listed in the number after the `/'.

     name	This is the name of the child.  The child's index
		number is printed after it.  If the child is a
		member of a cycle, the cycle number is printed
		between the name and the index number.

 If there are any cycles (circles) in the call graph, there is an
 entry for the cycle-as-a-whole.  This entry shows who called the
 cycle (as parents) and the members of the cycle (as children.)
 The `+' recursive calls entry shows the number of function calls that
 were internal to the cycle, and the calls entry for each member shows,
 for that member, how many times it was called from other members of
 the cycle.


Index by function name

  [52] LoadSDF_BZ(char*)      [42] haat(site)              [5] d1thx2(double*, double const&, double const&, propa_type&)
   [2] PlotLRPath(site, site, unsigned char, _IO_FILE*) [38] adiff(double, prop_type&, propa_type&) [13] saalos(double, prop_type&, propa_type&)
  [14] WritePPMSS(char*, unsigned char, unsigned char, unsigned char, site*, unsigned char) [26] aknfe(double const&) [25] Azimuth(site, site)
  [34] FORTRAN_DIM(double const&, double const&) [31] alos2(double, prop_type&, propa_type&) [32] GetMask(double, double)
  [23] LoadSDF_SDF(char*)     [41] ascat(double, prop_type&, propa_type&) [36] LoadPAT(char*)
  [53] ReadBearing(char*)     [17] curve(double const&, double const&, double const&, double const&, double const&, double const&) [21] LoadSDF(char*)
  [51] ReduceAngle(double)     [7] hzns2(double*, prop_type&, propa_type&) [27] PutMask(double, double, int)
  [29] interpolate(int, int, int, int, int) [18] qerfi(double) [54] dec2dms(double)
  [12] GetElevation(site)     [28] qlrps(double, double, double, int, double, double, prop_type&) [8] lrprop2(double, prop_type&, propa_type&)
  [40] AverageTerrain(site, double, double, double) [6] qtile(int const&, double*, int const&) [4] qlrpfl2(double*, int, int, prop_type&, propa_type&, propv_type&)
   [3] point_to_point(double*, double, double, double, double, double, double, int, int, double, double, double&, char*, int&) [35] z1sq1(double*, double const&, double const&, double&, double&) [50] Distance(site, site)
  [55] LoadSignalColors(site) [10] z1sq2(double*, double const&, double const&, double&, double&) [9] ReadPath(site, site)
  [33] point_to_point_ITM(double*, double, double, double, double, double, double, int, int, double, double, double&, char*, int&) [16] OrMask(double, double, int) [19] GetSignal(double, double)
  [24] fht(double const&, double const&) [11] adiff2(double, prop_type&, propa_type&) [1] PlotLRMap(site, double, char*)
  [15] avar(double, double, double, prop_type&, propv_type&) [20] arccos(double, double) [30] PutSignal(double, double, unsigned char)
