Run with 095 miles:
Flat profile:

Each sample counts as 0.01 seconds.
  %   cumulative   self              self     total           
 time   seconds   seconds    calls  ms/call  ms/call  name    
 52.41   3609.58  3609.58 98645132     0.04     0.04  qtile(int const&, double*, int const&)
 19.19   4930.91  1321.32 49322599     0.03     0.10  d1thx2(double*, double const&, double const&, propa_type&)
 17.57   6140.93  1210.02 49322599     0.02     0.02  hzns2(double*, prop_type&, propa_type&)
  5.31   6506.80   365.88 98643828     0.00     0.00  z1sq2(double*, double const&, double const&, double&, double&)
  2.54   6681.47   174.66 49322599     0.00     0.14  point_to_point(double*, double, double, double, double, double, double, int, int, double, double, double&, char*, int&)
  0.88   6742.00    60.53 147967742     0.00     0.00  saalos(double, prop_type&, propa_type&)
  0.81   6797.75    55.75 246521617     0.00     0.00  adiff2(double, prop_type&, propa_type&)
  0.21   6812.33    14.58 49322599     0.00     0.00  avar(double, double, double, prop_type&, propv_type&)
  0.13   6821.19     8.86 170310259     0.00     0.00  OrMask(double, double, int)
  0.11   6828.96     7.77    28816     0.27     0.53  ReadPath(site, site)
  0.11   6836.21     7.25    28800     0.25   238.99  PlotLRPath(site, site, unsigned char, _IO_FILE*)
  0.10   6843.27     7.06 123857897     0.00     0.00  GetElevation(site)
  0.09   6849.41     6.14 49322599     0.00     0.00  lrprop2(double, prop_type&, propa_type&)
  0.08   6855.00     5.59 147967797     0.00     0.00  curve(double const&, double const&, double const&, double const&, double const&, double const&)
  0.07   6859.58     4.58 98645198     0.00     0.00  qerfi(double)
  0.06   6863.93     4.35 49322599     0.00     0.00  GetSignal(double, double)
  0.05   6867.52     3.59                             WritePPMSS(char*, unsigned char, unsigned char, unsigned char, site*, unsigned char)
  0.05   6870.90     3.38 56042518     0.00     0.00  ascat(double, prop_type&, propa_type&)
  0.03   6873.23     2.34 191164465     0.00     0.00  fht(double const&, double const&)
  0.03   6875.53     2.30 49322599     0.00     0.13  qlrpfl2(double*, int, int, prop_type&, propa_type&, propv_type&)
  0.03   6877.50     1.97 49322599     0.00     0.00  PutMask(double, double, int)
  0.03   6879.43     1.94 293640406     0.00     0.00  aknfe(double const&)
  0.03   6881.31     1.88 49351415     0.00     0.00  Azimuth(site, site)
  0.02   6882.99     1.68 49322599     0.00     0.00  qlrps(double, double, double, int, double, double, prop_type&)
  0.02   6884.45     1.46 56042518     0.00     0.00  h0f(double, double)
  0.02   6885.78     1.33 49322599     0.00     0.00  PutSignal(double, double, unsigned char)
  0.01   6886.28     0.50 123799759     0.00     0.00  arccos(double, double)
  0.01   6886.67     0.39        5    78.00    78.00  LoadSDF_SDF(char*)
  0.00   6886.85     0.18 28021259     0.00     0.00  ahd(double)
  0.00   6886.94     0.09 21347029     0.00     0.00  alos2(double, prop_type&, propa_type&)
  0.00   6887.02     0.08 170309851     0.00     0.00  GetMask(double, double)
  0.00   6887.10     0.08                             interpolate(int, int, int, int, int)
  0.00   6887.17     0.08                             FORTRAN_DIM(double const&, double const&)
  0.00   6887.23     0.06        5    12.00    90.01  LoadSDF(char*)
  0.00   6887.29     0.06                             abq_alos(std::complex<double>)
  0.00   6887.34     0.05                             z1sq1(double*, double const&, double const&, double&, double&)
  0.00   6887.38     0.04                             point_to_point_ITM(double*, double, double, double, double, double, double, int, int, double, double, double&, char*, int&)
  0.00   6887.42     0.04                             adiff(double, prop_type&, propa_type&)
  0.00   6887.45     0.03        2    15.00    15.00  dec2dms(double)
  0.00   6887.47     0.03                             lrprop(double, prop_type&, propa_type&)
  0.00   6887.49     0.02                             d1thx(double*, double const&, double const&)
  0.00   6887.51     0.02                             qlrpfl(double*, int, int, prop_type&, propa_type&, propv_type&)
  0.00   6887.52     0.01    28816     0.00     0.00  Distance(site, site)
  0.00   6887.52     0.01                             hzns(double*, prop_type&)
  0.00   6887.52     0.00       16     0.00     0.53  AverageTerrain(site, double, double, double)
  0.00   6887.52     0.00        6     0.00     0.00  ReduceAngle(double)
  0.00   6887.52     0.00        2     0.00     0.00  LoadSDF_BZ(char*)
  0.00   6887.52     0.00        2     0.00     0.00  ReadBearing(char*)
  0.00   6887.52     0.00        1     0.00     0.00  LoadSignalColors(site)
  0.00   6887.52     0.00        1     0.00     4.26  haat(site)
  0.00   6887.52     0.00        1     0.00     0.00  LoadPAT(char*)

 %         the percentage of the total running time of the
time       program used by this function.

cumulative a running sum of the number of seconds accounted
 seconds   for by this function and those listed above it.

 self      the number of seconds accounted for by this
seconds    function alone.  This is the major sort for this
           listing.

calls      the number of times this function was invoked, if
           this function is profiled, else blank.
 
 self      the average number of milliseconds spent in this
ms/call    function per call, if this function is profiled,
	   else blank.

 total     the average number of milliseconds spent in this
ms/call    function and its descendents per call, if this 
	   function is profiled, else blank.

name       the name of the function.  This is the minor sort
           for this listing. The index shows the location of
	   the function in the gprof listing. If the index is
	   in parenthesis it shows where it would appear in
	   the gprof listing if it were to be printed.

		     Call graph (explanation follows)


granularity: each sample hit covers 2 byte(s) for 0.00% of 6887.52 seconds

index % time    self  children    called     name
                7.25 6875.79   28800/28800       PlotLRMap(site, double, char*) [2]
[1]     99.9    7.25 6875.79   28800         PlotLRPath(site, site, unsigned char, _IO_FILE*) [1]
              174.66 6667.32 49322599/49322599     point_to_point(double*, double, double, double, double, double, double, int, int, double, double, double&, char*, int&) [3]
                7.77    7.57   28800/28816       ReadPath(site, site) [13]
                8.86    0.00 170308394/170310259     OrMask(double, double, int) [14]
                4.35    0.00 49322599/49322599     GetSignal(double, double) [19]
                1.97    0.00 49322599/49322599     PutMask(double, double, int) [22]
                1.88    0.00 49322599/49351415     Azimuth(site, site) [24]
                1.33    0.00 49322599/49322599     PutSignal(double, double, unsigned char) [27]
                0.08    0.00 170308394/170309851     GetMask(double, double) [34]
-----------------------------------------------
                                                 <spontaneous>
[2]     99.9    0.00 6883.04                 PlotLRMap(site, double, char*) [2]
                7.25 6875.79   28800/28800       PlotLRPath(site, site, unsigned char, _IO_FILE*) [1]
                0.00    0.00       2/6           ReduceAngle(double) [57]
-----------------------------------------------
              174.66 6667.32 49322599/49322599     PlotLRPath(site, site, unsigned char, _IO_FILE*) [1]
[3]     99.3  174.66 6667.32 49322599         point_to_point(double*, double, double, double, double, double, double, int, int, double, double, double&, char*, int&) [3]
                2.30 6638.61 49322599/49322599     qlrpfl2(double*, int, int, prop_type&, propa_type&, propv_type&) [4]
               14.58    5.59 49322599/49322599     avar(double, double, double, prop_type&, propv_type&) [12]
                4.58    0.00 98645198/98645198     qerfi(double) [18]
                1.68    0.00 49322599/49322599     qlrps(double, double, double, int, double, double, prop_type&) [25]
-----------------------------------------------
                2.30 6638.61 49322599/49322599     point_to_point(double*, double, double, double, double, double, double, int, int, double, double, double&, char*, int&) [3]
[4]     96.4    2.30 6638.61 49322599         qlrpfl2(double*, int, int, prop_type&, propa_type&, propv_type&) [4]
             1321.32 3792.52 49322599/49322599     d1thx2(double*, double const&, double const&, propa_type&) [5]
             1210.02    0.00 49322599/49322599     hzns2(double*, prop_type&, propa_type&) [7]
              182.94    0.00 49321262/98643828     z1sq2(double*, double const&, double const&, double&, double&) [8]
                6.14  125.66 49322599/49322599     lrprop2(double, prop_type&, propa_type&) [9]
-----------------------------------------------
             1321.32 3792.52 49322599/49322599     qlrpfl2(double*, int, int, prop_type&, propa_type&, propv_type&) [4]
[5]     74.2 1321.32 3792.52 49322599         d1thx2(double*, double const&, double const&, propa_type&) [5]
             3609.58    0.00 98645132/98645132     qtile(int const&, double*, int const&) [6]
              182.94    0.00 49322566/98643828     z1sq2(double*, double const&, double const&, double&, double&) [8]
-----------------------------------------------
             3609.58    0.00 98645132/98645132     d1thx2(double*, double const&, double const&, propa_type&) [5]
[6]     52.4 3609.58    0.00 98645132         qtile(int const&, double*, int const&) [6]
-----------------------------------------------
             1210.02    0.00 49322599/49322599     qlrpfl2(double*, int, int, prop_type&, propa_type&, propv_type&) [4]
[7]     17.6 1210.02    0.00 49322599         hzns2(double*, prop_type&, propa_type&) [7]
-----------------------------------------------
              182.94    0.00 49321262/98643828     qlrpfl2(double*, int, int, prop_type&, propa_type&, propv_type&) [4]
              182.94    0.00 49322566/98643828     d1thx2(double*, double const&, double const&, propa_type&) [5]
[8]      5.3  365.88    0.00 98643828         z1sq2(double*, double const&, double const&, double&, double&) [8]
-----------------------------------------------
                6.14  125.66 49322599/49322599     qlrpfl2(double*, int, int, prop_type&, propa_type&, propv_type&) [4]
[9]      1.9    6.14  125.66 49322599         lrprop2(double, prop_type&, propa_type&) [9]
               55.75   64.79 246521617/246521617     adiff2(double, prop_type&, propa_type&) [10]
                3.38    1.64 56042518/56042518     ascat(double, prop_type&, propa_type&) [17]
                0.09    0.02 21347029/21347029     alos2(double, prop_type&, propa_type&) [33]
-----------------------------------------------
               55.75   64.79 246521617/246521617     lrprop2(double, prop_type&, propa_type&) [9]
[10]     1.8   55.75   64.79 246521617         adiff2(double, prop_type&, propa_type&) [10]
               60.52    0.00 147922099/147967742     saalos(double, prop_type&, propa_type&) [11]
                2.34    0.00 191164465/191164465     fht(double const&, double const&) [21]
                1.94    0.00 293640406/293640406     aknfe(double const&) [23]
-----------------------------------------------
                0.02    0.00   45643/147967742     alos2(double, prop_type&, propa_type&) [33]
               60.52    0.00 147922099/147967742     adiff2(double, prop_type&, propa_type&) [10]
[11]     0.9   60.53    0.00 147967742         saalos(double, prop_type&, propa_type&) [11]
-----------------------------------------------
               14.58    5.59 49322599/49322599     point_to_point(double*, double, double, double, double, double, double, int, int, double, double, double&, char*, int&) [3]
[12]     0.3   14.58    5.59 49322599         avar(double, double, double, prop_type&, propv_type&) [12]
                5.59    0.00 147967797/147967797     curve(double const&, double const&, double const&, double const&, double const&, double const&) [16]
-----------------------------------------------
                0.00    0.00      16/28816       AverageTerrain(site, double, double, double) [47]
                7.77    7.57   28800/28816       PlotLRPath(site, site, unsigned char, _IO_FILE*) [1]
[13]     0.2    7.77    7.57   28816         ReadPath(site, site) [13]
                7.06    0.00 123857878/123857897     GetElevation(site) [15]
                0.50    0.00 123799745/123799759     arccos(double, double) [28]
                0.01    0.00   28816/28816       Distance(site, site) [46]
                0.00    0.00   28816/49351415     Azimuth(site, site) [24]
-----------------------------------------------
                0.00    0.00    1865/170310259     PlaceMarker(site) [50]
                8.86    0.00 170308394/170310259     PlotLRPath(site, site, unsigned char, _IO_FILE*) [1]
[14]     0.1    8.86    0.00 170310259         OrMask(double, double, int) [14]
-----------------------------------------------
                0.00    0.00       1/123857897     haat(site) [49]
                0.00    0.00       2/123857897     SiteReport(site) [40]
                0.00    0.00      16/123857897     AverageTerrain(site, double, double, double) [47]
                7.06    0.00 123857878/123857897     ReadPath(site, site) [13]
[15]     0.1    7.06    0.00 123857897         GetElevation(site) [15]
-----------------------------------------------
                5.59    0.00 147967797/147967797     avar(double, double, double, prop_type&, propv_type&) [12]
[16]     0.1    5.59    0.00 147967797         curve(double const&, double const&, double const&, double const&, double const&, double const&) [16]
-----------------------------------------------
                3.38    1.64 56042518/56042518     lrprop2(double, prop_type&, propa_type&) [9]
[17]     0.1    3.38    1.64 56042518         ascat(double, prop_type&, propa_type&) [17]
                1.46    0.00 56042518/56042518     h0f(double, double) [26]
                0.18    0.00 28021259/28021259     ahd(double) [32]
-----------------------------------------------
                4.58    0.00 98645198/98645198     point_to_point(double*, double, double, double, double, double, double, int, int, double, double, double&, char*, int&) [3]
[18]     0.1    4.58    0.00 98645198         qerfi(double) [18]
-----------------------------------------------
                4.35    0.00 49322599/49322599     PlotLRPath(site, site, unsigned char, _IO_FILE*) [1]
[19]     0.1    4.35    0.00 49322599         GetSignal(double, double) [19]
-----------------------------------------------
                                                 <spontaneous>
[20]     0.1    3.59    0.00                 WritePPMSS(char*, unsigned char, unsigned char, unsigned char, site*, unsigned char) [20]
                0.00    0.00       2/6           ReduceAngle(double) [57]
                0.00    0.00       1/1           LoadSignalColors(site) [60]
-----------------------------------------------
                2.34    0.00 191164465/191164465     adiff2(double, prop_type&, propa_type&) [10]
[21]     0.0    2.34    0.00 191164465         fht(double const&, double const&) [21]
-----------------------------------------------
                1.97    0.00 49322599/49322599     PlotLRPath(site, site, unsigned char, _IO_FILE*) [1]
[22]     0.0    1.97    0.00 49322599         PutMask(double, double, int) [22]
-----------------------------------------------
                1.94    0.00 293640406/293640406     adiff2(double, prop_type&, propa_type&) [10]
[23]     0.0    1.94    0.00 293640406         aknfe(double const&) [23]
-----------------------------------------------
                0.00    0.00   28816/49351415     ReadPath(site, site) [13]
                1.88    0.00 49322599/49351415     PlotLRPath(site, site, unsigned char, _IO_FILE*) [1]
[24]     0.0    1.88    0.00 49351415         Azimuth(site, site) [24]
-----------------------------------------------
                1.68    0.00 49322599/49322599     point_to_point(double*, double, double, double, double, double, double, int, int, double, double, double&, char*, int&) [3]
[25]     0.0    1.68    0.00 49322599         qlrps(double, double, double, int, double, double, prop_type&) [25]
-----------------------------------------------
                1.46    0.00 56042518/56042518     ascat(double, prop_type&, propa_type&) [17]
[26]     0.0    1.46    0.00 56042518         h0f(double, double) [26]
-----------------------------------------------
                1.33    0.00 49322599/49322599     PlotLRPath(site, site, unsigned char, _IO_FILE*) [1]
[27]     0.0    1.33    0.00 49322599         PutSignal(double, double, unsigned char) [27]
-----------------------------------------------
                0.00    0.00      14/123799759     AverageTerrain(site, double, double, double) [47]
                0.50    0.00 123799745/123799759     ReadPath(site, site) [13]
[28]     0.0    0.50    0.00 123799759         arccos(double, double) [28]
-----------------------------------------------
                0.06    0.39       5/5           LoadTopoData(int, int, int, int) [30]
[29]     0.0    0.06    0.39       5         LoadSDF(char*) [29]
                0.39    0.00       5/5           LoadSDF_SDF(char*) [31]
                0.00    0.00       2/2           LoadSDF_BZ(char*) [58]
-----------------------------------------------
                                                 <spontaneous>
[30]     0.0    0.00    0.45                 LoadTopoData(int, int, int, int) [30]
                0.06    0.39       5/5           LoadSDF(char*) [29]
                0.00    0.00       2/6           ReduceAngle(double) [57]
-----------------------------------------------
                0.39    0.00       5/5           LoadSDF(char*) [29]
[31]     0.0    0.39    0.00       5         LoadSDF_SDF(char*) [31]
-----------------------------------------------
                0.18    0.00 28021259/28021259     ascat(double, prop_type&, propa_type&) [17]
[32]     0.0    0.18    0.00 28021259         ahd(double) [32]
-----------------------------------------------
                0.09    0.02 21347029/21347029     lrprop2(double, prop_type&, propa_type&) [9]
[33]     0.0    0.09    0.02 21347029         alos2(double, prop_type&, propa_type&) [33]
                0.02    0.00   45643/147967742     saalos(double, prop_type&, propa_type&) [11]
-----------------------------------------------
                0.00    0.00    1457/170309851     PlaceMarker(site) [50]
                0.08    0.00 170308394/170309851     PlotLRPath(site, site, unsigned char, _IO_FILE*) [1]
[34]     0.0    0.08    0.00 170309851         GetMask(double, double) [34]
-----------------------------------------------
                                                 <spontaneous>
[35]     0.0    0.08    0.00                 interpolate(int, int, int, int, int) [35]
-----------------------------------------------
                                                 <spontaneous>
[36]     0.0    0.08    0.00                 FORTRAN_DIM(double const&, double const&) [36]
-----------------------------------------------
                                                 <spontaneous>
[37]     0.0    0.06    0.00                 abq_alos(std::complex<double>) [37]
-----------------------------------------------
                                                 <spontaneous>
[38]     0.0    0.05    0.00                 z1sq1(double*, double const&, double const&, double&, double&) [38]
-----------------------------------------------
                                                 <spontaneous>
[39]     0.0    0.04    0.00                 point_to_point_ITM(double*, double, double, double, double, double, double, int, int, double, double, double&, char*, int&) [39]
-----------------------------------------------
                                                 <spontaneous>
[40]     0.0    0.00    0.04                 SiteReport(site) [40]
                0.03    0.00       2/2           dec2dms(double) [42]
                0.00    0.00       1/1           haat(site) [49]
                0.00    0.00       8/16          AverageTerrain(site, double, double, double) [47]
                0.00    0.00       2/123857897     GetElevation(site) [15]
-----------------------------------------------
                                                 <spontaneous>
[41]     0.0    0.04    0.00                 adiff(double, prop_type&, propa_type&) [41]
-----------------------------------------------
                0.03    0.00       2/2           SiteReport(site) [40]
[42]     0.0    0.03    0.00       2         dec2dms(double) [42]
-----------------------------------------------
                                                 <spontaneous>
[43]     0.0    0.03    0.00                 lrprop(double, prop_type&, propa_type&) [43]
-----------------------------------------------
                                                 <spontaneous>
[44]     0.0    0.02    0.00                 d1thx(double*, double const&, double const&) [44]
-----------------------------------------------
                                                 <spontaneous>
[45]     0.0    0.02    0.00                 qlrpfl(double*, int, int, prop_type&, propa_type&, propv_type&) [45]
-----------------------------------------------
                0.01    0.00   28816/28816       ReadPath(site, site) [13]
[46]     0.0    0.01    0.00   28816         Distance(site, site) [46]
-----------------------------------------------
                0.00    0.00       8/16          haat(site) [49]
                0.00    0.00       8/16          SiteReport(site) [40]
[47]     0.0    0.00    0.01      16         AverageTerrain(site, double, double, double) [47]
                0.00    0.00      16/28816       ReadPath(site, site) [13]
                0.00    0.00      16/123857897     GetElevation(site) [15]
                0.00    0.00      14/123799759     arccos(double, double) [28]
-----------------------------------------------
                                                 <spontaneous>
[48]     0.0    0.01    0.00                 hzns(double*, prop_type&) [48]
-----------------------------------------------
                0.00    0.00       1/1           SiteReport(site) [40]
[49]     0.0    0.00    0.00       1         haat(site) [49]
                0.00    0.00       8/16          AverageTerrain(site, double, double, double) [47]
                0.00    0.00       1/123857897     GetElevation(site) [15]
-----------------------------------------------
                                                 <spontaneous>
[50]     0.0    0.00    0.00                 PlaceMarker(site) [50]
                0.00    0.00    1865/170310259     OrMask(double, double, int) [14]
                0.00    0.00    1457/170309851     GetMask(double, double) [34]
-----------------------------------------------
                0.00    0.00       2/6           PlotLRMap(site, double, char*) [2]
                0.00    0.00       2/6           WritePPMSS(char*, unsigned char, unsigned char, unsigned char, site*, unsigned char) [20]
                0.00    0.00       2/6           LoadTopoData(int, int, int, int) [30]
[57]     0.0    0.00    0.00       6         ReduceAngle(double) [57]
-----------------------------------------------
                0.00    0.00       2/2           LoadSDF(char*) [29]
[58]     0.0    0.00    0.00       2         LoadSDF_BZ(char*) [58]
-----------------------------------------------
                0.00    0.00       2/2           LoadQTH(char*) [92]
[59]     0.0    0.00    0.00       2         ReadBearing(char*) [59]
-----------------------------------------------
                0.00    0.00       1/1           WritePPMSS(char*, unsigned char, unsigned char, unsigned char, site*, unsigned char) [20]
[60]     0.0    0.00    0.00       1         LoadSignalColors(site) [60]
-----------------------------------------------
                0.00    0.00       1/1           ReadLRParm(site, char) [65]
[61]     0.0    0.00    0.00       1         LoadPAT(char*) [61]
-----------------------------------------------

 This table describes the call tree of the program, and was sorted by
 the total amount of time spent in each function and its children.

 Each entry in this table consists of several lines.  The line with the
 index number at the left hand margin lists the current function.
 The lines above it list the functions that called this function,
 and the lines below it list the functions this one called.
 This line lists:
     index	A unique number given to each element of the table.
		Index numbers are sorted numerically.
		The index number is printed next to every function name so
		it is easier to look up where the function in the table.

     % time	This is the percentage of the `total' time that was spent
		in this function and its children.  Note that due to
		different viewpoints, functions excluded by options, etc,
		these numbers will NOT add up to 100%.

     self	This is the total amount of time spent in this function.

     children	This is the total amount of time propagated into this
		function by its children.

     called	This is the number of times the function was called.
		If the function called itself recursively, the number
		only includes non-recursive calls, and is followed by
		a `+' and the number of recursive calls.

     name	The name of the current function.  The index number is
		printed after it.  If the function is a member of a
		cycle, the cycle number is printed between the
		function's name and the index number.


 For the function's parents, the fields have the following meanings:

     self	This is the amount of time that was propagated directly
		from the function into this parent.

     children	This is the amount of time that was propagated from
		the function's children into this parent.

     called	This is the number of times this parent called the
		function `/' the total number of times the function
		was called.  Recursive calls to the function are not
		included in the number after the `/'.

     name	This is the name of the parent.  The parent's index
		number is printed after it.  If the parent is a
		member of a cycle, the cycle number is printed between
		the name and the index number.

 If the parents of the function cannot be determined, the word
 `<spontaneous>' is printed in the `name' field, and all the other
 fields are blank.

 For the function's children, the fields have the following meanings:

     self	This is the amount of time that was propagated directly
		from the child into the function.

     children	This is the amount of time that was propagated from the
		child's children to the function.

     called	This is the number of times the function called
		this child `/' the total number of times the child
		was called.  Recursive calls by the child are not
		listed in the number after the `/'.

     name	This is the name of the child.  The child's index
		number is printed after it.  If the child is a
		member of a cycle, the cycle number is printed
		between the name and the index number.

 If there are any cycles (circles) in the call graph, there is an
 entry for the cycle-as-a-whole.  This entry shows who called the
 cycle (as parents) and the members of the cycle (as children.)
 The `+' recursive calls entry shows the number of function calls that
 were internal to the cycle, and the calls entry for each member shows,
 for that member, how many times it was called from other members of
 the cycle.


Index by function name

  [58] LoadSDF_BZ(char*)      [49] haat(site)              [5] d1thx2(double*, double const&, double const&, propa_type&)
   [1] PlotLRPath(site, site, unsigned char, _IO_FILE*) [48] hzns(double*, prop_type&) [43] lrprop(double, prop_type&, propa_type&)
  [20] WritePPMSS(char*, unsigned char, unsigned char, unsigned char, site*, unsigned char) [41] adiff(double, prop_type&, propa_type&) [45] qlrpfl(double*, int, int, prop_type&, propa_type&, propv_type&)
  [36] FORTRAN_DIM(double const&, double const&) [23] aknfe(double const&) [11] saalos(double, prop_type&, propa_type&)
  [31] LoadSDF_SDF(char*)     [33] alos2(double, prop_type&, propa_type&) [24] Azimuth(site, site)
  [59] ReadBearing(char*)     [17] ascat(double, prop_type&, propa_type&) [34] GetMask(double, double)
  [57] ReduceAngle(double)    [16] curve(double const&, double const&, double const&, double const&, double const&, double const&) [61] LoadPAT(char*)
  [35] interpolate(int, int, int, int, int) [44] d1thx(double*, double const&, double const&) [29] LoadSDF(char*)
  [15] GetElevation(site)      [7] hzns2(double*, prop_type&, propa_type&) [22] PutMask(double, double, int)
  [47] AverageTerrain(site, double, double, double) [18] qerfi(double) [42] dec2dms(double)
   [3] point_to_point(double*, double, double, double, double, double, double, int, int, double, double, double&, char*, int&) [25] qlrps(double, double, double, int, double, double, prop_type&) [9] lrprop2(double, prop_type&, propa_type&)
  [60] LoadSignalColors(site)  [6] qtile(int const&, double*, int const&) [4] qlrpfl2(double*, int, int, prop_type&, propa_type&, propv_type&)
  [39] point_to_point_ITM(double*, double, double, double, double, double, double, int, int, double, double, double&, char*, int&) [38] z1sq1(double*, double const&, double const&, double&, double&) [46] Distance(site, site)
  [32] ahd(double)             [8] z1sq2(double*, double const&, double const&, double&, double&) [13] ReadPath(site, site)
  [21] fht(double const&, double const&) [14] OrMask(double, double, int) [37] abq_alos(std::complex<double>)
  [26] h0f(double, double)    [10] adiff2(double, prop_type&, propa_type&) [19] GetSignal(double, double)
  [12] avar(double, double, double, prop_type&, propv_type&) [28] arccos(double, double) [27] PutSignal(double, double, unsigned char)
