Run with 046 miles:
Flat profile:

Each sample counts as 0.01 seconds.
  %   cumulative   self              self     total           
 time   seconds   seconds    calls  ms/call  ms/call  name    
 41.31    601.23   601.23 41872184     0.01     0.01  qtile(int const&, double*, int const&)
 22.54    929.28   328.05 20936125     0.02     0.05  d1thx2(double*, double const&, double const&, propa_type&)
 20.05   1221.17   291.89 20936125     0.01     0.01  hzns2(double*, prop_type&, propa_type&)
  6.38   1314.09    92.93 41870880     0.00     0.00  z1sq2(double*, double const&, double const&, double&, double&)
  3.04   1358.33    44.23 20936125     0.00     0.07  point_to_point(double*, double, double, double, double, double, double, int, int, double, double, double&, char*, int&)
  1.76   1383.97    25.64 62808326     0.00     0.00  saalos(double, prop_type&, propa_type&)
  1.64   1407.83    23.87 104589247     0.00     0.00  adiff2(double, prop_type&, propa_type&)
  0.56   1415.97     8.14 123857897     0.00     0.00  GetElevation(site)
  0.49   1423.08     7.11    28816     0.25     0.55  ReadPath(site, site)
  0.44   1429.46     6.37 20936125     0.00     0.00  avar(double, double, double, prop_type&, propv_type&)
  0.26   1433.24     3.78 95972839     0.00     0.00  OrMask(double, double, int)
  0.25   1436.86     3.62                             WritePPMSS(char*, unsigned char, unsigned char, unsigned char, site*, unsigned char)
  0.24   1440.29     3.43    28800     0.12    50.39  PlotLRPath(site, site, unsigned char, _IO_FILE*)
  0.17   1442.71     2.42 20936125     0.00     0.00  lrprop2(double, prop_type&, propa_type&)
  0.16   1445.06     2.35 62808375     0.00     0.00  curve(double const&, double const&, double const&, double const&, double const&, double const&)
  0.13   1446.94     1.88 41872250     0.00     0.00  qerfi(double)
  0.11   1448.50     1.56 20936125     0.00     0.00  GetSignal(double, double)
  0.06   1449.41     0.92 20936125     0.00     0.07  qlrpfl2(double*, int, int, prop_type&, propa_type&, propv_type&)
  0.06   1450.23     0.82 20964941     0.00     0.00  Azimuth(site, site)
  0.05   1450.98     0.75 79552045     0.00     0.00  fht(double const&, double const&)
  0.05   1451.67     0.69 20936125     0.00     0.00  PutMask(double, double, int)
  0.05   1452.35     0.69 123968424     0.00     0.00  aknfe(double const&)
  0.05   1453.03     0.68 20936125     0.00     0.00  qlrps(double, double, double, int, double, double, prop_type&)
  0.04   1453.59     0.56  7167956     0.00     0.00  ascat(double, prop_type&, propa_type&)
  0.04   1454.12     0.53 123799759     0.00     0.00  arccos(double, double)
  0.03   1454.52     0.40 20936125     0.00     0.00  PutSignal(double, double, unsigned char)
  0.02   1454.84     0.32        5    64.00    64.00  LoadSDF_SDF(char*)
  0.01   1455.01     0.18  7167956     0.00     0.00  h0f(double, double)
  0.01   1455.15     0.14 17397836     0.00     0.00  alos2(double, prop_type&, propa_type&)
  0.01   1455.24     0.09                             interpolate(int, int, int, int, int)
  0.00   1455.30     0.06        5    12.00    76.00  LoadSDF(char*)
  0.00   1455.35     0.05                             adiff(double, prop_type&, propa_type&)
  0.00   1455.39     0.04 95972431     0.00     0.00  GetMask(double, double)
  0.00   1455.42     0.04  3583978     0.00     0.00  ahd(double)
  0.00   1455.45     0.03                             z1sq1(double*, double const&, double const&, double&, double&)
  0.00   1455.47     0.02                             FORTRAN_DIM(double const&, double const&)
  0.00   1455.48     0.01    28816     0.00     0.00  Distance(site, site)
  0.00   1455.49     0.01        2     5.00     5.00  dec2dms(double)
  0.00   1455.50     0.01                             hzns(double*, prop_type&)
  0.00   1455.51     0.01                             abq_alos(std::complex<double>)
  0.00   1455.52     0.01                             PlotLRMap(site, double, char*)
  0.00   1455.52     0.01                             alos(double, prop_type&, propa_type&)
  0.00   1455.53     0.01                             d1thx(double*, double const&, double const&)
  0.00   1455.53     0.01                             qlrpfl(double*, int, int, prop_type&, propa_type&, propv_type&)
  0.00   1455.53     0.00       16     0.00     0.55  AverageTerrain(site, double, double, double)
  0.00   1455.53     0.00        6     0.00     0.00  ReduceAngle(double)
  0.00   1455.53     0.00        2     0.00     0.00  LoadSDF_BZ(char*)
  0.00   1455.53     0.00        2     0.00     0.00  ReadBearing(char*)
  0.00   1455.53     0.00        1     0.00     0.00  LoadSignalColors(site)
  0.00   1455.53     0.00        1     0.00     4.38  haat(site)
  0.00   1455.53     0.00        1     0.00     0.00  LoadPAT(char*)

 %         the percentage of the total running time of the
time       program used by this function.

cumulative a running sum of the number of seconds accounted
 seconds   for by this function and those listed above it.

 self      the number of seconds accounted for by this
seconds    function alone.  This is the major sort for this
           listing.

calls      the number of times this function was invoked, if
           this function is profiled, else blank.
 
 self      the average number of milliseconds spent in this
ms/call    function per call, if this function is profiled,
	   else blank.

 total     the average number of milliseconds spent in this
ms/call    function and its descendents per call, if this 
	   function is profiled, else blank.

name       the name of the function.  This is the minor sort
           for this listing. The index shows the location of
	   the function in the gprof listing. If the index is
	   in parenthesis it shows where it would appear in
	   the gprof listing if it were to be printed.

		     Call graph (explanation follows)


granularity: each sample hit covers 2 byte(s) for 0.00% of 1455.53 seconds

index % time    self  children    called     name
                                                 <spontaneous>
[1]     99.7    0.01 1451.28                 PlotLRMap(site, double, char*) [1]
                3.43 1447.85   28800/28800       PlotLRPath(site, site, unsigned char, _IO_FILE*) [2]
                0.00    0.00       2/6           ReduceAngle(double) [56]
-----------------------------------------------
                3.43 1447.85   28800/28800       PlotLRMap(site, double, char*) [1]
[2]     99.7    3.43 1447.85   28800         PlotLRPath(site, site, unsigned char, _IO_FILE*) [2]
               44.23 1380.55 20936125/20936125     point_to_point(double*, double, double, double, double, double, double, int, int, double, double, double&, char*, int&) [3]
                7.11    8.68   28800/28816       ReadPath(site, site) [12]
                3.78    0.00 95970974/95972839     OrMask(double, double, int) [15]
                1.56    0.00 20936125/20936125     GetSignal(double, double) [19]
                0.82    0.00 20936125/20964941     Azimuth(site, site) [20]
                0.69    0.00 20936125/20936125     PutMask(double, double, int) [23]
                0.40    0.00 20936125/20936125     PutSignal(double, double, unsigned char) [27]
                0.04    0.00 95970974/95972431     GetMask(double, double) [35]
-----------------------------------------------
               44.23 1380.55 20936125/20936125     PlotLRPath(site, site, unsigned char, _IO_FILE*) [2]
[3]     97.9   44.23 1380.55 20936125         point_to_point(double*, double, double, double, double, double, double, int, int, double, double, double&, char*, int&) [3]
                0.92 1368.36 20936125/20936125     qlrpfl2(double*, int, int, prop_type&, propa_type&, propv_type&) [4]
                6.37    2.35 20936125/20936125     avar(double, double, double, prop_type&, propv_type&) [13]
                1.88    0.00 41872250/41872250     qerfi(double) [18]
                0.68    0.00 20936125/20936125     qlrps(double, double, double, int, double, double, prop_type&) [25]
-----------------------------------------------
                0.92 1368.36 20936125/20936125     point_to_point(double*, double, double, double, double, double, double, int, int, double, double, double&, char*, int&) [3]
[4]     94.1    0.92 1368.36 20936125         qlrpfl2(double*, int, int, prop_type&, propa_type&, propv_type&) [4]
              328.05  647.70 20936125/20936125     d1thx2(double*, double const&, double const&, propa_type&) [5]
              291.89    0.00 20936125/20936125     hzns2(double*, prop_type&, propa_type&) [7]
                2.42   51.84 20936125/20936125     lrprop2(double, prop_type&, propa_type&) [9]
               46.46    0.00 20934788/41870880     z1sq2(double*, double const&, double const&, double&, double&) [8]
-----------------------------------------------
              328.05  647.70 20936125/20936125     qlrpfl2(double*, int, int, prop_type&, propa_type&, propv_type&) [4]
[5]     67.0  328.05  647.70 20936125         d1thx2(double*, double const&, double const&, propa_type&) [5]
              601.23    0.00 41872184/41872184     qtile(int const&, double*, int const&) [6]
               46.46    0.00 20936092/41870880     z1sq2(double*, double const&, double const&, double&, double&) [8]
-----------------------------------------------
              601.23    0.00 41872184/41872184     d1thx2(double*, double const&, double const&, propa_type&) [5]
[6]     41.3  601.23    0.00 41872184         qtile(int const&, double*, int const&) [6]
-----------------------------------------------
              291.89    0.00 20936125/20936125     qlrpfl2(double*, int, int, prop_type&, propa_type&, propv_type&) [4]
[7]     20.1  291.89    0.00 20936125         hzns2(double*, prop_type&, propa_type&) [7]
-----------------------------------------------
               46.46    0.00 20934788/41870880     qlrpfl2(double*, int, int, prop_type&, propa_type&, propv_type&) [4]
               46.46    0.00 20936092/41870880     d1thx2(double*, double const&, double const&, propa_type&) [5]
[8]      6.4   92.93    0.00 41870880         z1sq2(double*, double const&, double const&, double&, double&) [8]
-----------------------------------------------
                2.42   51.84 20936125/20936125     qlrpfl2(double*, int, int, prop_type&, propa_type&, propv_type&) [4]
[9]      3.7    2.42   51.84 20936125         lrprop2(double, prop_type&, propa_type&) [9]
               23.87   27.05 104589247/104589247     adiff2(double, prop_type&, propa_type&) [10]
                0.56    0.21 7167956/7167956     ascat(double, prop_type&, propa_type&) [21]
                0.14    0.02 17397836/17397836     alos2(double, prop_type&, propa_type&) [32]
-----------------------------------------------
               23.87   27.05 104589247/104589247     lrprop2(double, prop_type&, propa_type&) [9]
[10]     3.5   23.87   27.05 104589247         adiff2(double, prop_type&, propa_type&) [10]
               25.62    0.00 62762683/62808326     saalos(double, prop_type&, propa_type&) [11]
                0.75    0.00 79552045/79552045     fht(double const&, double const&) [22]
                0.69    0.00 123968424/123968424     aknfe(double const&) [24]
-----------------------------------------------
                0.02    0.00   45643/62808326     alos2(double, prop_type&, propa_type&) [32]
               25.62    0.00 62762683/62808326     adiff2(double, prop_type&, propa_type&) [10]
[11]     1.8   25.64    0.00 62808326         saalos(double, prop_type&, propa_type&) [11]
-----------------------------------------------
                0.00    0.00      16/28816       AverageTerrain(site, double, double, double) [44]
                7.11    8.68   28800/28816       PlotLRPath(site, site, unsigned char, _IO_FILE*) [2]
[12]     1.1    7.11    8.68   28816         ReadPath(site, site) [12]
                8.14    0.00 123857878/123857897     GetElevation(site) [14]
                0.53    0.00 123799745/123799759     arccos(double, double) [26]
                0.01    0.00   28816/28816       Distance(site, site) [40]
                0.00    0.00   28816/20964941     Azimuth(site, site) [20]
-----------------------------------------------
                6.37    2.35 20936125/20936125     point_to_point(double*, double, double, double, double, double, double, int, int, double, double, double&, char*, int&) [3]
[13]     0.6    6.37    2.35 20936125         avar(double, double, double, prop_type&, propv_type&) [13]
                2.35    0.00 62808375/62808375     curve(double const&, double const&, double const&, double const&, double const&, double const&) [17]
-----------------------------------------------
                0.00    0.00       1/123857897     haat(site) [48]
                0.00    0.00       2/123857897     SiteReport(site) [39]
                0.00    0.00      16/123857897     AverageTerrain(site, double, double, double) [44]
                8.14    0.00 123857878/123857897     ReadPath(site, site) [12]
[14]     0.6    8.14    0.00 123857897         GetElevation(site) [14]
-----------------------------------------------
                0.00    0.00    1865/95972839     PlaceMarker(site) [49]
                3.78    0.00 95970974/95972839     PlotLRPath(site, site, unsigned char, _IO_FILE*) [2]
[15]     0.3    3.78    0.00 95972839         OrMask(double, double, int) [15]
-----------------------------------------------
                                                 <spontaneous>
[16]     0.2    3.62    0.00                 WritePPMSS(char*, unsigned char, unsigned char, unsigned char, site*, unsigned char) [16]
                0.00    0.00       2/6           ReduceAngle(double) [56]
                0.00    0.00       1/1           LoadSignalColors(site) [59]
-----------------------------------------------
                2.35    0.00 62808375/62808375     avar(double, double, double, prop_type&, propv_type&) [13]
[17]     0.2    2.35    0.00 62808375         curve(double const&, double const&, double const&, double const&, double const&, double const&) [17]
-----------------------------------------------
                1.88    0.00 41872250/41872250     point_to_point(double*, double, double, double, double, double, double, int, int, double, double, double&, char*, int&) [3]
[18]     0.1    1.88    0.00 41872250         qerfi(double) [18]
-----------------------------------------------
                1.56    0.00 20936125/20936125     PlotLRPath(site, site, unsigned char, _IO_FILE*) [2]
[19]     0.1    1.56    0.00 20936125         GetSignal(double, double) [19]
-----------------------------------------------
                0.00    0.00   28816/20964941     ReadPath(site, site) [12]
                0.82    0.00 20936125/20964941     PlotLRPath(site, site, unsigned char, _IO_FILE*) [2]
[20]     0.1    0.82    0.00 20964941         Azimuth(site, site) [20]
-----------------------------------------------
                0.56    0.21 7167956/7167956     lrprop2(double, prop_type&, propa_type&) [9]
[21]     0.1    0.56    0.21 7167956         ascat(double, prop_type&, propa_type&) [21]
                0.18    0.00 7167956/7167956     h0f(double, double) [31]
                0.04    0.00 3583978/3583978     ahd(double) [36]
-----------------------------------------------
                0.75    0.00 79552045/79552045     adiff2(double, prop_type&, propa_type&) [10]
[22]     0.1    0.75    0.00 79552045         fht(double const&, double const&) [22]
-----------------------------------------------
                0.69    0.00 20936125/20936125     PlotLRPath(site, site, unsigned char, _IO_FILE*) [2]
[23]     0.0    0.69    0.00 20936125         PutMask(double, double, int) [23]
-----------------------------------------------
                0.69    0.00 123968424/123968424     adiff2(double, prop_type&, propa_type&) [10]
[24]     0.0    0.69    0.00 123968424         aknfe(double const&) [24]
-----------------------------------------------
                0.68    0.00 20936125/20936125     point_to_point(double*, double, double, double, double, double, double, int, int, double, double, double&, char*, int&) [3]
[25]     0.0    0.68    0.00 20936125         qlrps(double, double, double, int, double, double, prop_type&) [25]
-----------------------------------------------
                0.00    0.00      14/123799759     AverageTerrain(site, double, double, double) [44]
                0.53    0.00 123799745/123799759     ReadPath(site, site) [12]
[26]     0.0    0.53    0.00 123799759         arccos(double, double) [26]
-----------------------------------------------
                0.40    0.00 20936125/20936125     PlotLRPath(site, site, unsigned char, _IO_FILE*) [2]
[27]     0.0    0.40    0.00 20936125         PutSignal(double, double, unsigned char) [27]
-----------------------------------------------
                0.06    0.32       5/5           LoadTopoData(int, int, int, int) [29]
[28]     0.0    0.06    0.32       5         LoadSDF(char*) [28]
                0.32    0.00       5/5           LoadSDF_SDF(char*) [30]
                0.00    0.00       2/2           LoadSDF_BZ(char*) [57]
-----------------------------------------------
                                                 <spontaneous>
[29]     0.0    0.00    0.38                 LoadTopoData(int, int, int, int) [29]
                0.06    0.32       5/5           LoadSDF(char*) [28]
                0.00    0.00       2/6           ReduceAngle(double) [56]
-----------------------------------------------
                0.32    0.00       5/5           LoadSDF(char*) [28]
[30]     0.0    0.32    0.00       5         LoadSDF_SDF(char*) [30]
-----------------------------------------------
                0.18    0.00 7167956/7167956     ascat(double, prop_type&, propa_type&) [21]
[31]     0.0    0.18    0.00 7167956         h0f(double, double) [31]
-----------------------------------------------
                0.14    0.02 17397836/17397836     lrprop2(double, prop_type&, propa_type&) [9]
[32]     0.0    0.14    0.02 17397836         alos2(double, prop_type&, propa_type&) [32]
                0.02    0.00   45643/62808326     saalos(double, prop_type&, propa_type&) [11]
-----------------------------------------------
                                                 <spontaneous>
[33]     0.0    0.09    0.00                 interpolate(int, int, int, int, int) [33]
-----------------------------------------------
                                                 <spontaneous>
[34]     0.0    0.05    0.00                 adiff(double, prop_type&, propa_type&) [34]
-----------------------------------------------
                0.00    0.00    1457/95972431     PlaceMarker(site) [49]
                0.04    0.00 95970974/95972431     PlotLRPath(site, site, unsigned char, _IO_FILE*) [2]
[35]     0.0    0.04    0.00 95972431         GetMask(double, double) [35]
-----------------------------------------------
                0.04    0.00 3583978/3583978     ascat(double, prop_type&, propa_type&) [21]
[36]     0.0    0.04    0.00 3583978         ahd(double) [36]
-----------------------------------------------
                                                 <spontaneous>
[37]     0.0    0.03    0.00                 z1sq1(double*, double const&, double const&, double&, double&) [37]
-----------------------------------------------
                                                 <spontaneous>
[38]     0.0    0.02    0.00                 FORTRAN_DIM(double const&, double const&) [38]
-----------------------------------------------
                                                 <spontaneous>
[39]     0.0    0.00    0.02                 SiteReport(site) [39]
                0.01    0.00       2/2           dec2dms(double) [41]
                0.00    0.00       1/1           haat(site) [48]
                0.00    0.00       8/16          AverageTerrain(site, double, double, double) [44]
                0.00    0.00       2/123857897     GetElevation(site) [14]
-----------------------------------------------
                0.01    0.00   28816/28816       ReadPath(site, site) [12]
[40]     0.0    0.01    0.00   28816         Distance(site, site) [40]
-----------------------------------------------
                0.01    0.00       2/2           SiteReport(site) [39]
[41]     0.0    0.01    0.00       2         dec2dms(double) [41]
-----------------------------------------------
                                                 <spontaneous>
[42]     0.0    0.01    0.00                 hzns(double*, prop_type&) [42]
-----------------------------------------------
                                                 <spontaneous>
[43]     0.0    0.01    0.00                 abq_alos(std::complex<double>) [43]
-----------------------------------------------
                0.00    0.00       8/16          haat(site) [48]
                0.00    0.00       8/16          SiteReport(site) [39]
[44]     0.0    0.00    0.01      16         AverageTerrain(site, double, double, double) [44]
                0.00    0.00      16/28816       ReadPath(site, site) [12]
                0.00    0.00      16/123857897     GetElevation(site) [14]
                0.00    0.00      14/123799759     arccos(double, double) [26]
-----------------------------------------------
                                                 <spontaneous>
[45]     0.0    0.01    0.00                 alos(double, prop_type&, propa_type&) [45]
-----------------------------------------------
                                                 <spontaneous>
[46]     0.0    0.01    0.00                 d1thx(double*, double const&, double const&) [46]
-----------------------------------------------
                                                 <spontaneous>
[47]     0.0    0.01    0.00                 qlrpfl(double*, int, int, prop_type&, propa_type&, propv_type&) [47]
-----------------------------------------------
                0.00    0.00       1/1           SiteReport(site) [39]
[48]     0.0    0.00    0.00       1         haat(site) [48]
                0.00    0.00       8/16          AverageTerrain(site, double, double, double) [44]
                0.00    0.00       1/123857897     GetElevation(site) [14]
-----------------------------------------------
                                                 <spontaneous>
[49]     0.0    0.00    0.00                 PlaceMarker(site) [49]
                0.00    0.00    1865/95972839     OrMask(double, double, int) [15]
                0.00    0.00    1457/95972431     GetMask(double, double) [35]
-----------------------------------------------
                0.00    0.00       2/6           PlotLRMap(site, double, char*) [1]
                0.00    0.00       2/6           WritePPMSS(char*, unsigned char, unsigned char, unsigned char, site*, unsigned char) [16]
                0.00    0.00       2/6           LoadTopoData(int, int, int, int) [29]
[56]     0.0    0.00    0.00       6         ReduceAngle(double) [56]
-----------------------------------------------
                0.00    0.00       2/2           LoadSDF(char*) [28]
[57]     0.0    0.00    0.00       2         LoadSDF_BZ(char*) [57]
-----------------------------------------------
                0.00    0.00       2/2           LoadQTH(char*) [92]
[58]     0.0    0.00    0.00       2         ReadBearing(char*) [58]
-----------------------------------------------
                0.00    0.00       1/1           WritePPMSS(char*, unsigned char, unsigned char, unsigned char, site*, unsigned char) [16]
[59]     0.0    0.00    0.00       1         LoadSignalColors(site) [59]
-----------------------------------------------
                0.00    0.00       1/1           ReadLRParm(site, char) [64]
[60]     0.0    0.00    0.00       1         LoadPAT(char*) [60]
-----------------------------------------------

 This table describes the call tree of the program, and was sorted by
 the total amount of time spent in each function and its children.

 Each entry in this table consists of several lines.  The line with the
 index number at the left hand margin lists the current function.
 The lines above it list the functions that called this function,
 and the lines below it list the functions this one called.
 This line lists:
     index	A unique number given to each element of the table.
		Index numbers are sorted numerically.
		The index number is printed next to every function name so
		it is easier to look up where the function in the table.

     % time	This is the percentage of the `total' time that was spent
		in this function and its children.  Note that due to
		different viewpoints, functions excluded by options, etc,
		these numbers will NOT add up to 100%.

     self	This is the total amount of time spent in this function.

     children	This is the total amount of time propagated into this
		function by its children.

     called	This is the number of times the function was called.
		If the function called itself recursively, the number
		only includes non-recursive calls, and is followed by
		a `+' and the number of recursive calls.

     name	The name of the current function.  The index number is
		printed after it.  If the function is a member of a
		cycle, the cycle number is printed between the
		function's name and the index number.


 For the function's parents, the fields have the following meanings:

     self	This is the amount of time that was propagated directly
		from the function into this parent.

     children	This is the amount of time that was propagated from
		the function's children into this parent.

     called	This is the number of times this parent called the
		function `/' the total number of times the function
		was called.  Recursive calls to the function are not
		included in the number after the `/'.

     name	This is the name of the parent.  The parent's index
		number is printed after it.  If the parent is a
		member of a cycle, the cycle number is printed between
		the name and the index number.

 If the parents of the function cannot be determined, the word
 `<spontaneous>' is printed in the `name' field, and all the other
 fields are blank.

 For the function's children, the fields have the following meanings:

     self	This is the amount of time that was propagated directly
		from the child into the function.

     children	This is the amount of time that was propagated from the
		child's children to the function.

     called	This is the number of times the function called
		this child `/' the total number of times the child
		was called.  Recursive calls by the child are not
		listed in the number after the `/'.

     name	This is the name of the child.  The child's index
		number is printed after it.  If the child is a
		member of a cycle, the cycle number is printed
		between the name and the index number.

 If there are any cycles (circles) in the call graph, there is an
 entry for the cycle-as-a-whole.  This entry shows who called the
 cycle (as parents) and the members of the cycle (as children.)
 The `+' recursive calls entry shows the number of function calls that
 were internal to the cycle, and the calls entry for each member shows,
 for that member, how many times it was called from other members of
 the cycle.


Index by function name

  [57] LoadSDF_BZ(char*)      [48] haat(site)              [5] d1thx2(double*, double const&, double const&, propa_type&)
   [2] PlotLRPath(site, site, unsigned char, _IO_FILE*) [42] hzns(double*, prop_type&) [47] qlrpfl(double*, int, int, prop_type&, propa_type&, propv_type&)
  [16] WritePPMSS(char*, unsigned char, unsigned char, unsigned char, site*, unsigned char) [34] adiff(double, prop_type&, propa_type&) [11] saalos(double, prop_type&, propa_type&)
  [38] FORTRAN_DIM(double const&, double const&) [24] aknfe(double const&) [20] Azimuth(site, site)
  [30] LoadSDF_SDF(char*)     [32] alos2(double, prop_type&, propa_type&) [35] GetMask(double, double)
  [58] ReadBearing(char*)     [21] ascat(double, prop_type&, propa_type&) [60] LoadPAT(char*)
  [56] ReduceAngle(double)    [17] curve(double const&, double const&, double const&, double const&, double const&, double const&) [28] LoadSDF(char*)
  [33] interpolate(int, int, int, int, int) [46] d1thx(double*, double const&, double const&) [23] PutMask(double, double, int)
  [14] GetElevation(site)      [7] hzns2(double*, prop_type&, propa_type&) [41] dec2dms(double)
  [44] AverageTerrain(site, double, double, double) [18] qerfi(double) [9] lrprop2(double, prop_type&, propa_type&)
   [3] point_to_point(double*, double, double, double, double, double, double, int, int, double, double, double&, char*, int&) [25] qlrps(double, double, double, int, double, double, prop_type&) [4] qlrpfl2(double*, int, int, prop_type&, propa_type&, propv_type&)
  [59] LoadSignalColors(site)  [6] qtile(int const&, double*, int const&) [40] Distance(site, site)
  [36] ahd(double)            [37] z1sq1(double*, double const&, double const&, double&, double&) [12] ReadPath(site, site)
  [22] fht(double const&, double const&) [8] z1sq2(double*, double const&, double const&, double&, double&) [43] abq_alos(std::complex<double>)
  [31] h0f(double, double)    [15] OrMask(double, double, int) [19] GetSignal(double, double)
  [45] alos(double, prop_type&, propa_type&) [10] adiff2(double, prop_type&, propa_type&) [1] PlotLRMap(site, double, char*)
  [13] avar(double, double, double, prop_type&, propv_type&) [26] arccos(double, double) [27] PutSignal(double, double, unsigned char)
