Run with 089 miles:
Flat profile:

Each sample counts as 0.01 seconds.
  %   cumulative   self              self     total           
 time   seconds   seconds    calls  ms/call  ms/call  name    
 51.30   3243.55  3243.55 95131778     0.03     0.03  qtile(int const&, double*, int const&)
 19.58   4481.47  1237.92 47565922     0.03     0.10  d1thx2(double*, double const&, double const&, propa_type&)
 17.91   5613.78  1132.31 47565922     0.02     0.02  hzns2(double*, prop_type&, propa_type&)
  5.49   5960.86   347.08 95130474     0.00     0.00  z1sq2(double*, double const&, double const&, double&, double&)
  2.59   6124.90   164.04 47565922     0.00     0.13  point_to_point(double*, double, double, double, double, double, double, int, int, double, double, double&, char*, int&)
  0.91   6182.62    57.73 142697711     0.00     0.00  saalos(double, prop_type&, propa_type&)
  0.83   6235.14    52.51 237738232     0.00     0.00  adiff2(double, prop_type&, propa_type&)
  0.23   6249.63    14.50 47565922     0.00     0.00  avar(double, double, double, prop_type&, propv_type&)
  0.14   6258.45     8.82 166125463     0.00     0.00  OrMask(double, double, int)
  0.12   6266.18     7.73 123857897     0.00     0.00  GetElevation(site)
  0.12   6273.72     7.53    28816     0.26     0.55  ReadPath(site, site)
  0.11   6280.72     7.00    28800     0.24   219.38  PlotLRPath(site, site, unsigned char, _IO_FILE*)
  0.09   6286.63     5.91 142697766     0.00     0.00  curve(double const&, double const&, double const&, double const&, double const&, double const&)
  0.08   6291.93     5.30 47565922     0.00     0.00  lrprop2(double, prop_type&, propa_type&)
  0.06   6295.53     3.61 95131844     0.00     0.00  qerfi(double)
  0.06   6299.12     3.59                             WritePPMSS(char*, unsigned char, unsigned char, unsigned char, site*, unsigned char)
  0.05   6302.56     3.44 52529208     0.00     0.00  ascat(double, prop_type&, propa_type&)
  0.05   6305.97     3.41 47565922     0.00     0.00  GetSignal(double, double)
  0.04   6308.52     2.56 47565922     0.00     0.13  qlrpfl2(double*, int, int, prop_type&, propa_type&, propv_type&)
  0.03   6310.68     2.16 47565922     0.00     0.00  PutMask(double, double, int)
  0.03   6312.61     1.93 184149975     0.00     0.00  fht(double const&, double const&)
  0.03   6314.51     1.90 283100344     0.00     0.00  aknfe(double const&)
  0.03   6316.37     1.86 47594738     0.00     0.00  Azimuth(site, site)
  0.03   6318.00     1.63 47565922     0.00     0.00  qlrps(double, double, double, int, double, double, prop_type&)
  0.02   6319.51     1.51 47565922     0.00     0.00  PutSignal(double, double, unsigned char)
  0.02   6320.67     1.17 52529208     0.00     0.00  h0f(double, double)
  0.01   6321.20     0.53 123799759     0.00     0.00  arccos(double, double)
  0.01   6321.52     0.32 26264604     0.00     0.00  ahd(double)
  0.00   6321.82     0.30        5    60.00    60.00  LoadSDF_SDF(char*)
  0.00   6321.96     0.14 21347007     0.00     0.00  alos2(double, prop_type&, propa_type&)
  0.00   6322.07     0.11 166125055     0.00     0.00  GetMask(double, double)
  0.00   6322.15     0.08                             point_to_point_ITM(double*, double, double, double, double, double, double, int, int, double, double, double&, char*, int&)
  0.00   6322.23     0.08                             adiff(double, prop_type&, propa_type&)
  0.00   6322.31     0.08                             z1sq1(double*, double const&, double const&, double&, double&)
  0.00   6322.38     0.07                             FORTRAN_DIM(double const&, double const&)
  0.00   6322.45     0.07                             interpolate(int, int, int, int, int)
  0.00   6322.51     0.06    28816     0.00     0.00  Distance(site, site)
  0.00   6322.57     0.06        5    12.00    72.00  LoadSDF(char*)
  0.00   6322.62     0.05                             abq_alos(std::complex<double>)
  0.00   6322.65     0.03                             d1thx(double*, double const&, double const&)
  0.00   6322.67     0.03                             lrprop(double, prop_type&, propa_type&)
  0.00   6322.70     0.03                             qlrpfl(double*, int, int, prop_type&, propa_type&, propv_type&)
  0.00   6322.72     0.02        2    10.00    10.00  dec2dms(double)
  0.00   6322.73     0.01                             alos(double, prop_type&, propa_type&)
  0.00   6322.74     0.01                             hzns(double*, prop_type&)
  0.00   6322.74     0.00       16     0.00     0.55  AverageTerrain(site, double, double, double)
  0.00   6322.74     0.00        6     0.00     0.00  ReduceAngle(double)
  0.00   6322.74     0.00        2     0.00     0.00  LoadSDF_BZ(char*)
  0.00   6322.74     0.00        2     0.00     0.00  ReadBearing(char*)
  0.00   6322.74     0.00        1     0.00     0.00  LoadSignalColors(site)
  0.00   6322.74     0.00        1     0.00     4.40  haat(site)
  0.00   6322.74     0.00        1     0.00     0.00  LoadPAT(char*)

 %         the percentage of the total running time of the
time       program used by this function.

cumulative a running sum of the number of seconds accounted
 seconds   for by this function and those listed above it.

 self      the number of seconds accounted for by this
seconds    function alone.  This is the major sort for this
           listing.

calls      the number of times this function was invoked, if
           this function is profiled, else blank.
 
 self      the average number of milliseconds spent in this
ms/call    function per call, if this function is profiled,
	   else blank.

 total     the average number of milliseconds spent in this
ms/call    function and its descendents per call, if this 
	   function is profiled, else blank.

name       the name of the function.  This is the minor sort
           for this listing. The index shows the location of
	   the function in the gprof listing. If the index is
	   in parenthesis it shows where it would appear in
	   the gprof listing if it were to be printed.

		     Call graph (explanation follows)


granularity: each sample hit covers 2 byte(s) for 0.00% of 6322.74 seconds

index % time    self  children    called     name
                7.00 6311.23   28800/28800       PlotLRMap(site, double, char*) [2]
[1]     99.9    7.00 6311.23   28800         PlotLRPath(site, site, unsigned char, _IO_FILE*) [1]
              164.04 6113.48 47565922/47565922     point_to_point(double*, double, double, double, double, double, double, int, int, double, double, double&, char*, int&) [3]
                7.53    8.32   28800/28816       ReadPath(site, site) [13]
                8.82    0.00 166123598/166125463     OrMask(double, double, int) [14]
                3.41    0.00 47565922/47565922     GetSignal(double, double) [20]
                2.16    0.00 47565922/47565922     PutMask(double, double, int) [21]
                1.86    0.00 47565922/47594738     Azimuth(site, site) [24]
                1.51    0.00 47565922/47565922     PutSignal(double, double, unsigned char) [26]
                0.11    0.00 166123598/166125055     GetMask(double, double) [34]
-----------------------------------------------
                                                 <spontaneous>
[2]     99.9    0.00 6318.23                 PlotLRMap(site, double, char*) [2]
                7.00 6311.23   28800/28800       PlotLRPath(site, site, unsigned char, _IO_FILE*) [1]
                0.00    0.00       2/6           ReduceAngle(double) [58]
-----------------------------------------------
              164.04 6113.48 47565922/47565922     PlotLRPath(site, site, unsigned char, _IO_FILE*) [1]
[3]     99.3  164.04 6113.48 47565922         point_to_point(double*, double, double, double, double, double, double, int, int, double, double, double&, char*, int&) [3]
                2.56 6085.28 47565922/47565922     qlrpfl2(double*, int, int, prop_type&, propa_type&, propv_type&) [4]
               14.50    5.91 47565922/47565922     avar(double, double, double, prop_type&, propv_type&) [12]
                3.61    0.00 95131844/95131844     qerfi(double) [18]
                1.63    0.00 47565922/47565922     qlrps(double, double, double, int, double, double, prop_type&) [25]
-----------------------------------------------
                2.56 6085.28 47565922/47565922     point_to_point(double*, double, double, double, double, double, double, int, int, double, double, double&, char*, int&) [3]
[4]     96.3    2.56 6085.28 47565922         qlrpfl2(double*, int, int, prop_type&, propa_type&, propv_type&) [4]
             1237.92 3417.09 47565922/47565922     d1thx2(double*, double const&, double const&, propa_type&) [5]
             1132.31    0.00 47565922/47565922     hzns2(double*, prop_type&, propa_type&) [7]
              173.54    0.00 47564585/95130474     z1sq2(double*, double const&, double const&, double&, double&) [8]
                5.30  119.13 47565922/47565922     lrprop2(double, prop_type&, propa_type&) [9]
-----------------------------------------------
             1237.92 3417.09 47565922/47565922     qlrpfl2(double*, int, int, prop_type&, propa_type&, propv_type&) [4]
[5]     73.6 1237.92 3417.09 47565922         d1thx2(double*, double const&, double const&, propa_type&) [5]
             3243.55    0.00 95131778/95131778     qtile(int const&, double*, int const&) [6]
              173.54    0.00 47565889/95130474     z1sq2(double*, double const&, double const&, double&, double&) [8]
-----------------------------------------------
             3243.55    0.00 95131778/95131778     d1thx2(double*, double const&, double const&, propa_type&) [5]
[6]     51.3 3243.55    0.00 95131778         qtile(int const&, double*, int const&) [6]
-----------------------------------------------
             1132.31    0.00 47565922/47565922     qlrpfl2(double*, int, int, prop_type&, propa_type&, propv_type&) [4]
[7]     17.9 1132.31    0.00 47565922         hzns2(double*, prop_type&, propa_type&) [7]
-----------------------------------------------
              173.54    0.00 47564585/95130474     qlrpfl2(double*, int, int, prop_type&, propa_type&, propv_type&) [4]
              173.54    0.00 47565889/95130474     d1thx2(double*, double const&, double const&, propa_type&) [5]
[8]      5.5  347.08    0.00 95130474         z1sq2(double*, double const&, double const&, double&, double&) [8]
-----------------------------------------------
                5.30  119.13 47565922/47565922     qlrpfl2(double*, int, int, prop_type&, propa_type&, propv_type&) [4]
[9]      2.0    5.30  119.13 47565922         lrprop2(double, prop_type&, propa_type&) [9]
               52.51   61.54 237738232/237738232     adiff2(double, prop_type&, propa_type&) [10]
                3.44    1.49 52529208/52529208     ascat(double, prop_type&, propa_type&) [17]
                0.14    0.02 21347007/21347007     alos2(double, prop_type&, propa_type&) [33]
-----------------------------------------------
               52.51   61.54 237738232/237738232     lrprop2(double, prop_type&, propa_type&) [9]
[10]     1.8   52.51   61.54 237738232         adiff2(double, prop_type&, propa_type&) [10]
               57.71    0.00 142652068/142697711     saalos(double, prop_type&, propa_type&) [11]
                1.93    0.00 184149975/184149975     fht(double const&, double const&) [22]
                1.90    0.00 283100344/283100344     aknfe(double const&) [23]
-----------------------------------------------
                0.02    0.00   45643/142697711     alos2(double, prop_type&, propa_type&) [33]
               57.71    0.00 142652068/142697711     adiff2(double, prop_type&, propa_type&) [10]
[11]     0.9   57.73    0.00 142697711         saalos(double, prop_type&, propa_type&) [11]
-----------------------------------------------
               14.50    5.91 47565922/47565922     point_to_point(double*, double, double, double, double, double, double, int, int, double, double, double&, char*, int&) [3]
[12]     0.3   14.50    5.91 47565922         avar(double, double, double, prop_type&, propv_type&) [12]
                5.91    0.00 142697766/142697766     curve(double const&, double const&, double const&, double const&, double const&, double const&) [16]
-----------------------------------------------
                0.00    0.00      16/28816       AverageTerrain(site, double, double, double) [49]
                7.53    8.32   28800/28816       PlotLRPath(site, site, unsigned char, _IO_FILE*) [1]
[13]     0.3    7.53    8.32   28816         ReadPath(site, site) [13]
                7.73    0.00 123857878/123857897     GetElevation(site) [15]
                0.53    0.00 123799745/123799759     arccos(double, double) [28]
                0.06    0.00   28816/28816       Distance(site, site) [40]
                0.00    0.00   28816/47594738     Azimuth(site, site) [24]
-----------------------------------------------
                0.00    0.00    1865/166125463     PlaceMarker(site) [51]
                8.82    0.00 166123598/166125463     PlotLRPath(site, site, unsigned char, _IO_FILE*) [1]
[14]     0.1    8.82    0.00 166125463         OrMask(double, double, int) [14]
-----------------------------------------------
                0.00    0.00       1/123857897     haat(site) [50]
                0.00    0.00       2/123857897     SiteReport(site) [43]
                0.00    0.00      16/123857897     AverageTerrain(site, double, double, double) [49]
                7.73    0.00 123857878/123857897     ReadPath(site, site) [13]
[15]     0.1    7.73    0.00 123857897         GetElevation(site) [15]
-----------------------------------------------
                5.91    0.00 142697766/142697766     avar(double, double, double, prop_type&, propv_type&) [12]
[16]     0.1    5.91    0.00 142697766         curve(double const&, double const&, double const&, double const&, double const&, double const&) [16]
-----------------------------------------------
                3.44    1.49 52529208/52529208     lrprop2(double, prop_type&, propa_type&) [9]
[17]     0.1    3.44    1.49 52529208         ascat(double, prop_type&, propa_type&) [17]
                1.17    0.00 52529208/52529208     h0f(double, double) [27]
                0.32    0.00 26264604/26264604     ahd(double) [31]
-----------------------------------------------
                3.61    0.00 95131844/95131844     point_to_point(double*, double, double, double, double, double, double, int, int, double, double, double&, char*, int&) [3]
[18]     0.1    3.61    0.00 95131844         qerfi(double) [18]
-----------------------------------------------
                                                 <spontaneous>
[19]     0.1    3.59    0.00                 WritePPMSS(char*, unsigned char, unsigned char, unsigned char, site*, unsigned char) [19]
                0.00    0.00       2/6           ReduceAngle(double) [58]
                0.00    0.00       1/1           LoadSignalColors(site) [61]
-----------------------------------------------
                3.41    0.00 47565922/47565922     PlotLRPath(site, site, unsigned char, _IO_FILE*) [1]
[20]     0.1    3.41    0.00 47565922         GetSignal(double, double) [20]
-----------------------------------------------
                2.16    0.00 47565922/47565922     PlotLRPath(site, site, unsigned char, _IO_FILE*) [1]
[21]     0.0    2.16    0.00 47565922         PutMask(double, double, int) [21]
-----------------------------------------------
                1.93    0.00 184149975/184149975     adiff2(double, prop_type&, propa_type&) [10]
[22]     0.0    1.93    0.00 184149975         fht(double const&, double const&) [22]
-----------------------------------------------
                1.90    0.00 283100344/283100344     adiff2(double, prop_type&, propa_type&) [10]
[23]     0.0    1.90    0.00 283100344         aknfe(double const&) [23]
-----------------------------------------------
                0.00    0.00   28816/47594738     ReadPath(site, site) [13]
                1.86    0.00 47565922/47594738     PlotLRPath(site, site, unsigned char, _IO_FILE*) [1]
[24]     0.0    1.86    0.00 47594738         Azimuth(site, site) [24]
-----------------------------------------------
                1.63    0.00 47565922/47565922     point_to_point(double*, double, double, double, double, double, double, int, int, double, double, double&, char*, int&) [3]
[25]     0.0    1.63    0.00 47565922         qlrps(double, double, double, int, double, double, prop_type&) [25]
-----------------------------------------------
                1.51    0.00 47565922/47565922     PlotLRPath(site, site, unsigned char, _IO_FILE*) [1]
[26]     0.0    1.51    0.00 47565922         PutSignal(double, double, unsigned char) [26]
-----------------------------------------------
                1.17    0.00 52529208/52529208     ascat(double, prop_type&, propa_type&) [17]
[27]     0.0    1.17    0.00 52529208         h0f(double, double) [27]
-----------------------------------------------
                0.00    0.00      14/123799759     AverageTerrain(site, double, double, double) [49]
                0.53    0.00 123799745/123799759     ReadPath(site, site) [13]
[28]     0.0    0.53    0.00 123799759         arccos(double, double) [28]
-----------------------------------------------
                0.06    0.30       5/5           LoadTopoData(int, int, int, int) [30]
[29]     0.0    0.06    0.30       5         LoadSDF(char*) [29]
                0.30    0.00       5/5           LoadSDF_SDF(char*) [32]
                0.00    0.00       2/2           LoadSDF_BZ(char*) [59]
-----------------------------------------------
                                                 <spontaneous>
[30]     0.0    0.00    0.36                 LoadTopoData(int, int, int, int) [30]
                0.06    0.30       5/5           LoadSDF(char*) [29]
                0.00    0.00       2/6           ReduceAngle(double) [58]
-----------------------------------------------
                0.32    0.00 26264604/26264604     ascat(double, prop_type&, propa_type&) [17]
[31]     0.0    0.32    0.00 26264604         ahd(double) [31]
-----------------------------------------------
                0.30    0.00       5/5           LoadSDF(char*) [29]
[32]     0.0    0.30    0.00       5         LoadSDF_SDF(char*) [32]
-----------------------------------------------
                0.14    0.02 21347007/21347007     lrprop2(double, prop_type&, propa_type&) [9]
[33]     0.0    0.14    0.02 21347007         alos2(double, prop_type&, propa_type&) [33]
                0.02    0.00   45643/142697711     saalos(double, prop_type&, propa_type&) [11]
-----------------------------------------------
                0.00    0.00    1457/166125055     PlaceMarker(site) [51]
                0.11    0.00 166123598/166125055     PlotLRPath(site, site, unsigned char, _IO_FILE*) [1]
[34]     0.0    0.11    0.00 166125055         GetMask(double, double) [34]
-----------------------------------------------
                                                 <spontaneous>
[35]     0.0    0.08    0.00                 point_to_point_ITM(double*, double, double, double, double, double, double, int, int, double, double, double&, char*, int&) [35]
-----------------------------------------------
                                                 <spontaneous>
[36]     0.0    0.08    0.00                 adiff(double, prop_type&, propa_type&) [36]
-----------------------------------------------
                                                 <spontaneous>
[37]     0.0    0.08    0.00                 z1sq1(double*, double const&, double const&, double&, double&) [37]
-----------------------------------------------
                                                 <spontaneous>
[38]     0.0    0.07    0.00                 FORTRAN_DIM(double const&, double const&) [38]
-----------------------------------------------
                                                 <spontaneous>
[39]     0.0    0.07    0.00                 interpolate(int, int, int, int, int) [39]
-----------------------------------------------
                0.06    0.00   28816/28816       ReadPath(site, site) [13]
[40]     0.0    0.06    0.00   28816         Distance(site, site) [40]
-----------------------------------------------
                                                 <spontaneous>
[41]     0.0    0.05    0.00                 abq_alos(std::complex<double>) [41]
-----------------------------------------------
                                                 <spontaneous>
[42]     0.0    0.03    0.00                 d1thx(double*, double const&, double const&) [42]
-----------------------------------------------
                                                 <spontaneous>
[43]     0.0    0.00    0.03                 SiteReport(site) [43]
                0.02    0.00       2/2           dec2dms(double) [46]
                0.00    0.00       1/1           haat(site) [50]
                0.00    0.00       8/16          AverageTerrain(site, double, double, double) [49]
                0.00    0.00       2/123857897     GetElevation(site) [15]
-----------------------------------------------
                                                 <spontaneous>
[44]     0.0    0.03    0.00                 lrprop(double, prop_type&, propa_type&) [44]
-----------------------------------------------
                                                 <spontaneous>
[45]     0.0    0.03    0.00                 qlrpfl(double*, int, int, prop_type&, propa_type&, propv_type&) [45]
-----------------------------------------------
                0.02    0.00       2/2           SiteReport(site) [43]
[46]     0.0    0.02    0.00       2         dec2dms(double) [46]
-----------------------------------------------
                                                 <spontaneous>
[47]     0.0    0.01    0.00                 alos(double, prop_type&, propa_type&) [47]
-----------------------------------------------
                                                 <spontaneous>
[48]     0.0    0.01    0.00                 hzns(double*, prop_type&) [48]
-----------------------------------------------
                0.00    0.00       8/16          haat(site) [50]
                0.00    0.00       8/16          SiteReport(site) [43]
[49]     0.0    0.00    0.01      16         AverageTerrain(site, double, double, double) [49]
                0.00    0.00      16/28816       ReadPath(site, site) [13]
                0.00    0.00      16/123857897     GetElevation(site) [15]
                0.00    0.00      14/123799759     arccos(double, double) [28]
-----------------------------------------------
                0.00    0.00       1/1           SiteReport(site) [43]
[50]     0.0    0.00    0.00       1         haat(site) [50]
                0.00    0.00       8/16          AverageTerrain(site, double, double, double) [49]
                0.00    0.00       1/123857897     GetElevation(site) [15]
-----------------------------------------------
                                                 <spontaneous>
[51]     0.0    0.00    0.00                 PlaceMarker(site) [51]
                0.00    0.00    1865/166125463     OrMask(double, double, int) [14]
                0.00    0.00    1457/166125055     GetMask(double, double) [34]
-----------------------------------------------
                0.00    0.00       2/6           PlotLRMap(site, double, char*) [2]
                0.00    0.00       2/6           WritePPMSS(char*, unsigned char, unsigned char, unsigned char, site*, unsigned char) [19]
                0.00    0.00       2/6           LoadTopoData(int, int, int, int) [30]
[58]     0.0    0.00    0.00       6         ReduceAngle(double) [58]
-----------------------------------------------
                0.00    0.00       2/2           LoadSDF(char*) [29]
[59]     0.0    0.00    0.00       2         LoadSDF_BZ(char*) [59]
-----------------------------------------------
                0.00    0.00       2/2           LoadQTH(char*) [92]
[60]     0.0    0.00    0.00       2         ReadBearing(char*) [60]
-----------------------------------------------
                0.00    0.00       1/1           WritePPMSS(char*, unsigned char, unsigned char, unsigned char, site*, unsigned char) [19]
[61]     0.0    0.00    0.00       1         LoadSignalColors(site) [61]
-----------------------------------------------
                0.00    0.00       1/1           ReadLRParm(site, char) [66]
[62]     0.0    0.00    0.00       1         LoadPAT(char*) [62]
-----------------------------------------------

 This table describes the call tree of the program, and was sorted by
 the total amount of time spent in each function and its children.

 Each entry in this table consists of several lines.  The line with the
 index number at the left hand margin lists the current function.
 The lines above it list the functions that called this function,
 and the lines below it list the functions this one called.
 This line lists:
     index	A unique number given to each element of the table.
		Index numbers are sorted numerically.
		The index number is printed next to every function name so
		it is easier to look up where the function in the table.

     % time	This is the percentage of the `total' time that was spent
		in this function and its children.  Note that due to
		different viewpoints, functions excluded by options, etc,
		these numbers will NOT add up to 100%.

     self	This is the total amount of time spent in this function.

     children	This is the total amount of time propagated into this
		function by its children.

     called	This is the number of times the function was called.
		If the function called itself recursively, the number
		only includes non-recursive calls, and is followed by
		a `+' and the number of recursive calls.

     name	The name of the current function.  The index number is
		printed after it.  If the function is a member of a
		cycle, the cycle number is printed between the
		function's name and the index number.


 For the function's parents, the fields have the following meanings:

     self	This is the amount of time that was propagated directly
		from the function into this parent.

     children	This is the amount of time that was propagated from
		the function's children into this parent.

     called	This is the number of times this parent called the
		function `/' the total number of times the function
		was called.  Recursive calls to the function are not
		included in the number after the `/'.

     name	This is the name of the parent.  The parent's index
		number is printed after it.  If the parent is a
		member of a cycle, the cycle number is printed between
		the name and the index number.

 If the parents of the function cannot be determined, the word
 `<spontaneous>' is printed in the `name' field, and all the other
 fields are blank.

 For the function's children, the fields have the following meanings:

     self	This is the amount of time that was propagated directly
		from the child into the function.

     children	This is the amount of time that was propagated from the
		child's children to the function.

     called	This is the number of times the function called
		this child `/' the total number of times the child
		was called.  Recursive calls by the child are not
		listed in the number after the `/'.

     name	This is the name of the child.  The child's index
		number is printed after it.  If the child is a
		member of a cycle, the cycle number is printed
		between the name and the index number.

 If there are any cycles (circles) in the call graph, there is an
 entry for the cycle-as-a-whole.  This entry shows who called the
 cycle (as parents) and the members of the cycle (as children.)
 The `+' recursive calls entry shows the number of function calls that
 were internal to the cycle, and the calls entry for each member shows,
 for that member, how many times it was called from other members of
 the cycle.


Index by function name

  [59] LoadSDF_BZ(char*)      [50] haat(site)             [44] lrprop(double, prop_type&, propa_type&)
   [1] PlotLRPath(site, site, unsigned char, _IO_FILE*) [48] hzns(double*, prop_type&) [45] qlrpfl(double*, int, int, prop_type&, propa_type&, propv_type&)
  [19] WritePPMSS(char*, unsigned char, unsigned char, unsigned char, site*, unsigned char) [36] adiff(double, prop_type&, propa_type&) [11] saalos(double, prop_type&, propa_type&)
  [38] FORTRAN_DIM(double const&, double const&) [23] aknfe(double const&) [24] Azimuth(site, site)
  [32] LoadSDF_SDF(char*)     [33] alos2(double, prop_type&, propa_type&) [34] GetMask(double, double)
  [60] ReadBearing(char*)     [17] ascat(double, prop_type&, propa_type&) [62] LoadPAT(char*)
  [58] ReduceAngle(double)    [16] curve(double const&, double const&, double const&, double const&, double const&, double const&) [29] LoadSDF(char*)
  [39] interpolate(int, int, int, int, int) [42] d1thx(double*, double const&, double const&) [21] PutMask(double, double, int)
  [15] GetElevation(site)      [7] hzns2(double*, prop_type&, propa_type&) [46] dec2dms(double)
  [49] AverageTerrain(site, double, double, double) [18] qerfi(double) [9] lrprop2(double, prop_type&, propa_type&)
   [3] point_to_point(double*, double, double, double, double, double, double, int, int, double, double, double&, char*, int&) [25] qlrps(double, double, double, int, double, double, prop_type&) [4] qlrpfl2(double*, int, int, prop_type&, propa_type&, propv_type&)
  [61] LoadSignalColors(site)  [6] qtile(int const&, double*, int const&) [40] Distance(site, site)
  [35] point_to_point_ITM(double*, double, double, double, double, double, double, int, int, double, double, double&, char*, int&) [37] z1sq1(double*, double const&, double const&, double&, double&) [13] ReadPath(site, site)
  [31] ahd(double)             [8] z1sq2(double*, double const&, double const&, double&, double&) [41] abq_alos(std::complex<double>)
  [22] fht(double const&, double const&) [14] OrMask(double, double, int) [20] GetSignal(double, double)
  [27] h0f(double, double)    [10] adiff2(double, prop_type&, propa_type&) [26] PutSignal(double, double, unsigned char)
  [47] alos(double, prop_type&, propa_type&) [28] arccos(double, double)
  [12] avar(double, double, double, prop_type&, propv_type&) [5] d1thx2(double*, double const&, double const&, propa_type&)
