Run with 014 miles:
Flat profile:

Each sample counts as 0.01 seconds.
  %   cumulative   self              self     total           
 time   seconds   seconds    calls  ms/call  ms/call  name    
 33.84     18.41    18.41  4096940     0.00     0.00  qtile(int const&, double*, int const&)
 18.68     28.57    10.16  2048503     0.00     0.01  d1thx2(double*, double const&, double const&, propa_type&)
 18.38     38.57    10.00  2048503     0.00     0.00  hzns2(double*, prop_type&, propa_type&)
  5.33     41.47     2.90  4095635     0.00     0.00  z1sq2(double*, double const&, double const&, double&, double&)
  4.14     43.72     2.25 10156505     0.00     0.00  adiff2(double, prop_type&, propa_type&)
  4.05     45.93     2.21  6145457     0.00     0.00  saalos(double, prop_type&, propa_type&)
  3.13     47.63     1.70    14416     0.12     0.24  ReadPath(site, site)
  3.11     49.32     1.69 31283163     0.00     0.00  GetElevation(site)
  2.37     50.61     1.29  2048503     0.00     0.02  point_to_point(double*, double, double, double, double, double, double, int, int, double, double, double&, char*, int&)
  1.27     51.30     0.69  2048503     0.00     0.00  avar(double, double, double, prop_type&, propv_type&)
  1.27     51.99     0.69                             WritePPMSS(char*, unsigned char, unsigned char, unsigned char, site*, unsigned char)
  0.79     52.42     0.43    14400     0.03     3.72  PlotLRPath(site, site, unsigned char, _IO_FILE*)
  0.75     52.83     0.41 13617992     0.00     0.00  OrMask(double, double, int)
  0.48     53.09     0.26  6145509     0.00     0.00  curve(double const&, double const&, double const&, double const&, double const&, double const&)
  0.44     53.33     0.24  2048503     0.00     0.00  lrprop2(double, prop_type&, propa_type&)
  0.28     53.48     0.15  4097006     0.00     0.00  qerfi(double)
  0.26     53.62     0.14  2048503     0.00     0.00  GetSignal(double, double)
  0.20     53.73     0.11  2048503     0.00     0.02  qlrpfl2(double*, int, int, prop_type&, propa_type&, propv_type&)
  0.20     53.84     0.11        2    55.00    55.00  LoadSDF_SDF(char*)
  0.18     53.94     0.10  2062919     0.00     0.00  Azimuth(site, site)
  0.17     54.03     0.10  7304473     0.00     0.00  fht(double const&, double const&)
  0.15     54.11     0.08 12048487     0.00     0.00  aknfe(double const&)
  0.15     54.19     0.08  2048503     0.00     0.00  qlrps(double, double, double, int, double, double, prop_type&)
  0.13     54.26     0.07 31253849     0.00     0.00  arccos(double, double)
  0.07     54.30     0.04  2048503     0.00     0.00  PutMask(double, double, int)
  0.06     54.33     0.03                             interpolate(int, int, int, int, int)
  0.04     54.35     0.02  2091508     0.00     0.00  alos2(double, prop_type&, propa_type&)
  0.04     54.37     0.02                             point_to_point_ITM(double*, double, double, double, double, double, double, int, int, double, double, double&, char*, int&)
  0.02     54.38     0.01 13617584     0.00     0.00  GetMask(double, double)
  0.02     54.39     0.01                             lrprop(double, prop_type&, propa_type&)
  0.01     54.40     0.01                             FORTRAN_DIM(double const&, double const&)
  0.01     54.40     0.01                             abq_alos(std::complex<double>)
  0.00     54.40     0.00  2048503     0.00     0.00  PutSignal(double, double, unsigned char)
  0.00     54.40     0.00    14416     0.00     0.00  Distance(site, site)
  0.00     54.40     0.00       16     0.00     0.24  AverageTerrain(site, double, double, double)
  0.00     54.40     0.00        6     0.00     0.00  ReduceAngle(double)
  0.00     54.40     0.00        2     0.00     0.00  ReadBearing(char*)
  0.00     54.40     0.00        2     0.00    55.00  LoadSDF(char*)
  0.00     54.40     0.00        2     0.00     0.00  dec2dms(double)
  0.00     54.40     0.00        1     0.00     0.00  LoadSDF_BZ(char*)
  0.00     54.40     0.00        1     0.00     0.00  LoadSignalColors(site)
  0.00     54.40     0.00        1     0.00     1.92  haat(site)
  0.00     54.40     0.00        1     0.00     0.00  LoadPAT(char*)

 %         the percentage of the total running time of the
time       program used by this function.

cumulative a running sum of the number of seconds accounted
 seconds   for by this function and those listed above it.

 self      the number of seconds accounted for by this
seconds    function alone.  This is the major sort for this
           listing.

calls      the number of times this function was invoked, if
           this function is profiled, else blank.
 
 self      the average number of milliseconds spent in this
ms/call    function per call, if this function is profiled,
	   else blank.

 total     the average number of milliseconds spent in this
ms/call    function and its descendents per call, if this 
	   function is profiled, else blank.

name       the name of the function.  This is the minor sort
           for this listing. The index shows the location of
	   the function in the gprof listing. If the index is
	   in parenthesis it shows where it would appear in
	   the gprof listing if it were to be printed.

		     Call graph (explanation follows)


granularity: each sample hit covers 2 byte(s) for 0.02% of 54.40 seconds

index % time    self  children    called     name
                0.43   53.10   14400/14400       PlotLRMap(site, double, char*) [2]
[1]     98.4    0.43   53.10   14400         PlotLRPath(site, site, unsigned char, _IO_FILE*) [1]
                1.29   47.65 2048503/2048503     point_to_point(double*, double, double, double, double, double, double, int, int, double, double, double&, char*, int&) [3]
                1.70    1.76   14400/14416       ReadPath(site, site) [10]
                0.41    0.00 13616127/13617992     OrMask(double, double, int) [16]
                0.14    0.00 2048503/2048503     GetSignal(double, double) [19]
                0.10    0.00 2048503/2062919     Azimuth(site, site) [23]
                0.04    0.00 2048503/2048503     PutMask(double, double, int) [28]
                0.01    0.00 13616127/13617584     GetMask(double, double) [32]
                0.00    0.00 2048503/2048503     PutSignal(double, double, unsigned char) [46]
-----------------------------------------------
                                                 <spontaneous>
[2]     98.4    0.00   53.53                 PlotLRMap(site, double, char*) [2]
                0.43   53.10   14400/14400       PlotLRPath(site, site, unsigned char, _IO_FILE*) [1]
                0.00    0.00       2/6           ReduceAngle(double) [48]
-----------------------------------------------
                1.29   47.65 2048503/2048503     PlotLRPath(site, site, unsigned char, _IO_FILE*) [1]
[3]     90.0    1.29   47.65 2048503         point_to_point(double*, double, double, double, double, double, double, int, int, double, double, double&, char*, int&) [3]
                0.11   46.36 2048503/2048503     qlrpfl2(double*, int, int, prop_type&, propa_type&, propv_type&) [4]
                0.69    0.26 2048503/2048503     avar(double, double, double, prop_type&, propv_type&) [14]
                0.15    0.00 4097006/4097006     qerfi(double) [18]
                0.08    0.00 2048503/2048503     qlrps(double, double, double, int, double, double, prop_type&) [26]
-----------------------------------------------
                0.11   46.36 2048503/2048503     point_to_point(double*, double, double, double, double, double, double, int, int, double, double, double&, char*, int&) [3]
[4]     85.4    0.11   46.36 2048503         qlrpfl2(double*, int, int, prop_type&, propa_type&, propv_type&) [4]
               10.16   19.86 2048503/2048503     d1thx2(double*, double const&, double const&, propa_type&) [5]
               10.00    0.00 2048503/2048503     hzns2(double*, prop_type&, propa_type&) [7]
                0.24    4.65 2048503/2048503     lrprop2(double, prop_type&, propa_type&) [8]
                1.45    0.00 2047165/4095635     z1sq2(double*, double const&, double const&, double&, double&) [11]
-----------------------------------------------
               10.16   19.86 2048503/2048503     qlrpfl2(double*, int, int, prop_type&, propa_type&, propv_type&) [4]
[5]     55.2   10.16   19.86 2048503         d1thx2(double*, double const&, double const&, propa_type&) [5]
               18.41    0.00 4096940/4096940     qtile(int const&, double*, int const&) [6]
                1.45    0.00 2048470/4095635     z1sq2(double*, double const&, double const&, double&, double&) [11]
-----------------------------------------------
               18.41    0.00 4096940/4096940     d1thx2(double*, double const&, double const&, propa_type&) [5]
[6]     33.8   18.41    0.00 4096940         qtile(int const&, double*, int const&) [6]
-----------------------------------------------
               10.00    0.00 2048503/2048503     qlrpfl2(double*, int, int, prop_type&, propa_type&, propv_type&) [4]
[7]     18.4   10.00    0.00 2048503         hzns2(double*, prop_type&, propa_type&) [7]
-----------------------------------------------
                0.24    4.65 2048503/2048503     qlrpfl2(double*, int, int, prop_type&, propa_type&, propv_type&) [4]
[8]      9.0    0.24    4.65 2048503         lrprop2(double, prop_type&, propa_type&) [8]
                2.25    2.36 10156505/10156505     adiff2(double, prop_type&, propa_type&) [9]
                0.02    0.02 2091508/2091508     alos2(double, prop_type&, propa_type&) [29]
-----------------------------------------------
                2.25    2.36 10156505/10156505     lrprop2(double, prop_type&, propa_type&) [8]
[9]      8.5    2.25    2.36 10156505         adiff2(double, prop_type&, propa_type&) [9]
                2.19    0.00 6102501/6145457     saalos(double, prop_type&, propa_type&) [12]
                0.10    0.00 7304473/7304473     fht(double const&, double const&) [24]
                0.08    0.00 12048487/12048487     aknfe(double const&) [25]
-----------------------------------------------
                0.00    0.00      16/14416       AverageTerrain(site, double, double, double) [37]
                1.70    1.76   14400/14416       PlotLRPath(site, site, unsigned char, _IO_FILE*) [1]
[10]     6.4    1.70    1.76   14416         ReadPath(site, site) [10]
                1.69    0.00 31283144/31283163     GetElevation(site) [13]
                0.07    0.00 31253835/31253849     arccos(double, double) [27]
                0.00    0.00   14416/2062919     Azimuth(site, site) [23]
                0.00    0.00   14416/14416       Distance(site, site) [47]
-----------------------------------------------
                1.45    0.00 2047165/4095635     qlrpfl2(double*, int, int, prop_type&, propa_type&, propv_type&) [4]
                1.45    0.00 2048470/4095635     d1thx2(double*, double const&, double const&, propa_type&) [5]
[11]     5.3    2.90    0.00 4095635         z1sq2(double*, double const&, double const&, double&, double&) [11]
-----------------------------------------------
                0.02    0.00   42956/6145457     alos2(double, prop_type&, propa_type&) [29]
                2.19    0.00 6102501/6145457     adiff2(double, prop_type&, propa_type&) [9]
[12]     4.1    2.21    0.00 6145457         saalos(double, prop_type&, propa_type&) [12]
-----------------------------------------------
                0.00    0.00       1/31283163     haat(site) [38]
                0.00    0.00       2/31283163     SiteReport(site) [36]
                0.00    0.00      16/31283163     AverageTerrain(site, double, double, double) [37]
                1.69    0.00 31283144/31283163     ReadPath(site, site) [10]
[13]     3.1    1.69    0.00 31283163         GetElevation(site) [13]
-----------------------------------------------
                0.69    0.26 2048503/2048503     point_to_point(double*, double, double, double, double, double, double, int, int, double, double, double&, char*, int&) [3]
[14]     1.7    0.69    0.26 2048503         avar(double, double, double, prop_type&, propv_type&) [14]
                0.26    0.00 6145509/6145509     curve(double const&, double const&, double const&, double const&, double const&, double const&) [17]
-----------------------------------------------
                                                 <spontaneous>
[15]     1.3    0.69    0.00                 WritePPMSS(char*, unsigned char, unsigned char, unsigned char, site*, unsigned char) [15]
                0.00    0.00       2/6           ReduceAngle(double) [48]
                0.00    0.00       1/1           LoadSignalColors(site) [52]
-----------------------------------------------
                0.00    0.00    1865/13617992     PlaceMarker(site) [39]
                0.41    0.00 13616127/13617992     PlotLRPath(site, site, unsigned char, _IO_FILE*) [1]
[16]     0.8    0.41    0.00 13617992         OrMask(double, double, int) [16]
-----------------------------------------------
                0.26    0.00 6145509/6145509     avar(double, double, double, prop_type&, propv_type&) [14]
[17]     0.5    0.26    0.00 6145509         curve(double const&, double const&, double const&, double const&, double const&, double const&) [17]
-----------------------------------------------
                0.15    0.00 4097006/4097006     point_to_point(double*, double, double, double, double, double, double, int, int, double, double, double&, char*, int&) [3]
[18]     0.3    0.15    0.00 4097006         qerfi(double) [18]
-----------------------------------------------
                0.14    0.00 2048503/2048503     PlotLRPath(site, site, unsigned char, _IO_FILE*) [1]
[19]     0.3    0.14    0.00 2048503         GetSignal(double, double) [19]
-----------------------------------------------
                0.11    0.00       2/2           LoadSDF(char*) [21]
[20]     0.2    0.11    0.00       2         LoadSDF_SDF(char*) [20]
-----------------------------------------------
                0.00    0.11       2/2           LoadTopoData(int, int, int, int) [22]
[21]     0.2    0.00    0.11       2         LoadSDF(char*) [21]
                0.11    0.00       2/2           LoadSDF_SDF(char*) [20]
                0.00    0.00       1/1           LoadSDF_BZ(char*) [51]
-----------------------------------------------
                                                 <spontaneous>
[22]     0.2    0.00    0.11                 LoadTopoData(int, int, int, int) [22]
                0.00    0.11       2/2           LoadSDF(char*) [21]
                0.00    0.00       2/6           ReduceAngle(double) [48]
-----------------------------------------------
                0.00    0.00   14416/2062919     ReadPath(site, site) [10]
                0.10    0.00 2048503/2062919     PlotLRPath(site, site, unsigned char, _IO_FILE*) [1]
[23]     0.2    0.10    0.00 2062919         Azimuth(site, site) [23]
-----------------------------------------------
                0.10    0.00 7304473/7304473     adiff2(double, prop_type&, propa_type&) [9]
[24]     0.2    0.10    0.00 7304473         fht(double const&, double const&) [24]
-----------------------------------------------
                0.08    0.00 12048487/12048487     adiff2(double, prop_type&, propa_type&) [9]
[25]     0.1    0.08    0.00 12048487         aknfe(double const&) [25]
-----------------------------------------------
                0.08    0.00 2048503/2048503     point_to_point(double*, double, double, double, double, double, double, int, int, double, double, double&, char*, int&) [3]
[26]     0.1    0.08    0.00 2048503         qlrps(double, double, double, int, double, double, prop_type&) [26]
-----------------------------------------------
                0.00    0.00      14/31253849     AverageTerrain(site, double, double, double) [37]
                0.07    0.00 31253835/31253849     ReadPath(site, site) [10]
[27]     0.1    0.07    0.00 31253849         arccos(double, double) [27]
-----------------------------------------------
                0.04    0.00 2048503/2048503     PlotLRPath(site, site, unsigned char, _IO_FILE*) [1]
[28]     0.1    0.04    0.00 2048503         PutMask(double, double, int) [28]
-----------------------------------------------
                0.02    0.02 2091508/2091508     lrprop2(double, prop_type&, propa_type&) [8]
[29]     0.1    0.02    0.02 2091508         alos2(double, prop_type&, propa_type&) [29]
                0.02    0.00   42956/6145457     saalos(double, prop_type&, propa_type&) [12]
-----------------------------------------------
                                                 <spontaneous>
[30]     0.1    0.03    0.00                 interpolate(int, int, int, int, int) [30]
-----------------------------------------------
                                                 <spontaneous>
[31]     0.0    0.02    0.00                 point_to_point_ITM(double*, double, double, double, double, double, double, int, int, double, double, double&, char*, int&) [31]
-----------------------------------------------
                0.00    0.00    1457/13617584     PlaceMarker(site) [39]
                0.01    0.00 13616127/13617584     PlotLRPath(site, site, unsigned char, _IO_FILE*) [1]
[32]     0.0    0.01    0.00 13617584         GetMask(double, double) [32]
-----------------------------------------------
                                                 <spontaneous>
[33]     0.0    0.01    0.00                 lrprop(double, prop_type&, propa_type&) [33]
-----------------------------------------------
                                                 <spontaneous>
[34]     0.0    0.01    0.00                 FORTRAN_DIM(double const&, double const&) [34]
-----------------------------------------------
                                                 <spontaneous>
[35]     0.0    0.01    0.00                 abq_alos(std::complex<double>) [35]
-----------------------------------------------
                                                 <spontaneous>
[36]     0.0    0.00    0.00                 SiteReport(site) [36]
                0.00    0.00       1/1           haat(site) [38]
                0.00    0.00       8/16          AverageTerrain(site, double, double, double) [37]
                0.00    0.00       2/31283163     GetElevation(site) [13]
                0.00    0.00       2/2           dec2dms(double) [50]
-----------------------------------------------
                0.00    0.00       8/16          haat(site) [38]
                0.00    0.00       8/16          SiteReport(site) [36]
[37]     0.0    0.00    0.00      16         AverageTerrain(site, double, double, double) [37]
                0.00    0.00      16/14416       ReadPath(site, site) [10]
                0.00    0.00      16/31283163     GetElevation(site) [13]
                0.00    0.00      14/31253849     arccos(double, double) [27]
-----------------------------------------------
                0.00    0.00       1/1           SiteReport(site) [36]
[38]     0.0    0.00    0.00       1         haat(site) [38]
                0.00    0.00       8/16          AverageTerrain(site, double, double, double) [37]
                0.00    0.00       1/31283163     GetElevation(site) [13]
-----------------------------------------------
                                                 <spontaneous>
[39]     0.0    0.00    0.00                 PlaceMarker(site) [39]
                0.00    0.00    1865/13617992     OrMask(double, double, int) [16]
                0.00    0.00    1457/13617584     GetMask(double, double) [32]
-----------------------------------------------
                0.00    0.00 2048503/2048503     PlotLRPath(site, site, unsigned char, _IO_FILE*) [1]
[46]     0.0    0.00    0.00 2048503         PutSignal(double, double, unsigned char) [46]
-----------------------------------------------
                0.00    0.00   14416/14416       ReadPath(site, site) [10]
[47]     0.0    0.00    0.00   14416         Distance(site, site) [47]
-----------------------------------------------
                0.00    0.00       2/6           PlotLRMap(site, double, char*) [2]
                0.00    0.00       2/6           WritePPMSS(char*, unsigned char, unsigned char, unsigned char, site*, unsigned char) [15]
                0.00    0.00       2/6           LoadTopoData(int, int, int, int) [22]
[48]     0.0    0.00    0.00       6         ReduceAngle(double) [48]
-----------------------------------------------
                0.00    0.00       2/2           LoadQTH(char*) [92]
[49]     0.0    0.00    0.00       2         ReadBearing(char*) [49]
-----------------------------------------------
                0.00    0.00       2/2           SiteReport(site) [36]
[50]     0.0    0.00    0.00       2         dec2dms(double) [50]
-----------------------------------------------
                0.00    0.00       1/1           LoadSDF(char*) [21]
[51]     0.0    0.00    0.00       1         LoadSDF_BZ(char*) [51]
-----------------------------------------------
                0.00    0.00       1/1           WritePPMSS(char*, unsigned char, unsigned char, unsigned char, site*, unsigned char) [15]
[52]     0.0    0.00    0.00       1         LoadSignalColors(site) [52]
-----------------------------------------------
                0.00    0.00       1/1           ReadLRParm(site, char) [57]
[53]     0.0    0.00    0.00       1         LoadPAT(char*) [53]
-----------------------------------------------

 This table describes the call tree of the program, and was sorted by
 the total amount of time spent in each function and its children.

 Each entry in this table consists of several lines.  The line with the
 index number at the left hand margin lists the current function.
 The lines above it list the functions that called this function,
 and the lines below it list the functions this one called.
 This line lists:
     index	A unique number given to each element of the table.
		Index numbers are sorted numerically.
		The index number is printed next to every function name so
		it is easier to look up where the function in the table.

     % time	This is the percentage of the `total' time that was spent
		in this function and its children.  Note that due to
		different viewpoints, functions excluded by options, etc,
		these numbers will NOT add up to 100%.

     self	This is the total amount of time spent in this function.

     children	This is the total amount of time propagated into this
		function by its children.

     called	This is the number of times the function was called.
		If the function called itself recursively, the number
		only includes non-recursive calls, and is followed by
		a `+' and the number of recursive calls.

     name	The name of the current function.  The index number is
		printed after it.  If the function is a member of a
		cycle, the cycle number is printed between the
		function's name and the index number.


 For the function's parents, the fields have the following meanings:

     self	This is the amount of time that was propagated directly
		from the function into this parent.

     children	This is the amount of time that was propagated from
		the function's children into this parent.

     called	This is the number of times this parent called the
		function `/' the total number of times the function
		was called.  Recursive calls to the function are not
		included in the number after the `/'.

     name	This is the name of the parent.  The parent's index
		number is printed after it.  If the parent is a
		member of a cycle, the cycle number is printed between
		the name and the index number.

 If the parents of the function cannot be determined, the word
 `<spontaneous>' is printed in the `name' field, and all the other
 fields are blank.

 For the function's children, the fields have the following meanings:

     self	This is the amount of time that was propagated directly
		from the child into the function.

     children	This is the amount of time that was propagated from the
		child's children to the function.

     called	This is the number of times the function called
		this child `/' the total number of times the child
		was called.  Recursive calls by the child are not
		listed in the number after the `/'.

     name	This is the name of the child.  The child's index
		number is printed after it.  If the child is a
		member of a cycle, the cycle number is printed
		between the name and the index number.

 If there are any cycles (circles) in the call graph, there is an
 entry for the cycle-as-a-whole.  This entry shows who called the
 cycle (as parents) and the members of the cycle (as children.)
 The `+' recursive calls entry shows the number of function calls that
 were internal to the cycle, and the calls entry for each member shows,
 for that member, how many times it was called from other members of
 the cycle.


Index by function name

  [51] LoadSDF_BZ(char*)      [38] haat(site)             [23] Azimuth(site, site)
   [1] PlotLRPath(site, site, unsigned char, _IO_FILE*) [25] aknfe(double const&) [32] GetMask(double, double)
  [15] WritePPMSS(char*, unsigned char, unsigned char, unsigned char, site*, unsigned char) [29] alos2(double, prop_type&, propa_type&) [53] LoadPAT(char*)
  [34] FORTRAN_DIM(double const&, double const&) [17] curve(double const&, double const&, double const&, double const&, double const&, double const&) [21] LoadSDF(char*)
  [20] LoadSDF_SDF(char*)      [7] hzns2(double*, prop_type&, propa_type&) [28] PutMask(double, double, int)
  [49] ReadBearing(char*)     [18] qerfi(double)          [50] dec2dms(double)
  [48] ReduceAngle(double)    [26] qlrps(double, double, double, int, double, double, prop_type&) [8] lrprop2(double, prop_type&, propa_type&)
  [30] interpolate(int, int, int, int, int) [6] qtile(int const&, double*, int const&) [4] qlrpfl2(double*, int, int, prop_type&, propa_type&, propv_type&)
  [13] GetElevation(site)     [11] z1sq2(double*, double const&, double const&, double&, double&) [47] Distance(site, site)
  [37] AverageTerrain(site, double, double, double) [16] OrMask(double, double, int) [10] ReadPath(site, site)
   [3] point_to_point(double*, double, double, double, double, double, double, int, int, double, double, double&, char*, int&) [9] adiff2(double, prop_type&, propa_type&) [35] abq_alos(std::complex<double>)
  [52] LoadSignalColors(site) [27] arccos(double, double) [19] GetSignal(double, double)
  [31] point_to_point_ITM(double*, double, double, double, double, double, double, int, int, double, double, double&, char*, int&) [5] d1thx2(double*, double const&, double const&, propa_type&) [46] PutSignal(double, double, unsigned char)
  [24] fht(double const&, double const&) [33] lrprop(double, prop_type&, propa_type&)
  [14] avar(double, double, double, prop_type&, propv_type&) [12] saalos(double, prop_type&, propa_type&)
