Run with 090 miles:
Flat profile:

Each sample counts as 0.01 seconds.
  %   cumulative   self              self     total           
 time   seconds   seconds    calls  ms/call  ms/call  name    
 51.47   3312.05  3312.05 95952558     0.03     0.03  qtile(int const&, double*, int const&)
 19.57   4571.40  1259.34 47976312     0.03     0.10  d1thx2(double*, double const&, double const&, propa_type&)
 17.82   5717.69  1146.29 47976312     0.02     0.02  hzns2(double*, prop_type&, propa_type&)
  5.44   6067.57   349.88 95951254     0.00     0.00  z1sq2(double*, double const&, double const&, double&, double&)
  2.60   6234.63   167.06 47976312     0.00     0.13  point_to_point(double*, double, double, double, double, double, double, int, int, double, double, double&, char*, int&)
  0.91   6293.35    58.72 143928881     0.00     0.00  saalos(double, prop_type&, propa_type&)
  0.84   6347.48    54.13 239790182     0.00     0.00  adiff2(double, prop_type&, propa_type&)
  0.22   6361.75    14.27 47976312     0.00     0.00  avar(double, double, double, prop_type&, propv_type&)
  0.13   6370.00     8.25 167076220     0.00     0.00  OrMask(double, double, int)
  0.12   6377.89     7.89 123857897     0.00     0.00  GetElevation(site)
  0.11   6385.19     7.30    28816     0.25     0.55  ReadPath(site, site)
  0.10   6391.65     6.46    28800     0.22   223.27  PlotLRPath(site, site, unsigned char, _IO_FILE*)
  0.10   6397.78     6.13 47976312     0.00     0.00  lrprop2(double, prop_type&, propa_type&)
  0.08   6403.22     5.45 143928936     0.00     0.00  curve(double const&, double const&, double const&, double const&, double const&, double const&)
  0.07   6407.89     4.67 95952624     0.00     0.00  qerfi(double)
  0.06   6411.55     3.66                             WritePPMSS(char*, unsigned char, unsigned char, unsigned char, site*, unsigned char)
  0.05   6414.90     3.35 47976312     0.00     0.00  GetSignal(double, double)
  0.05   6418.21     3.31 53349978     0.00     0.00  ascat(double, prop_type&, propa_type&)
  0.03   6420.41     2.20 47976312     0.00     0.13  qlrpfl2(double*, int, int, prop_type&, propa_type&, propv_type&)
  0.03   6422.48     2.07 185785325     0.00     0.00  fht(double const&, double const&)
  0.03   6424.50     2.02 47976312     0.00     0.00  PutMask(double, double, int)
  0.03   6426.51     2.01 47976312     0.00     0.00  PutSignal(double, double, unsigned char)
  0.03   6428.42     1.91 48005128     0.00     0.00  Azimuth(site, site)
  0.03   6430.16     1.74 285562684     0.00     0.00  aknfe(double const&)
  0.02   6431.55     1.39 47976312     0.00     0.00  qlrps(double, double, double, int, double, double, prop_type&)
  0.02   6432.80     1.25 53349978     0.00     0.00  h0f(double, double)
  0.01   6433.31     0.51 123799759     0.00     0.00  arccos(double, double)
  0.00   6433.61     0.30        5    60.00    60.00  LoadSDF_SDF(char*)
  0.00   6433.82     0.21                             z1sq1(double*, double const&, double const&, double&, double&)
  0.00   6434.02     0.20 26674989     0.00     0.00  ahd(double)
  0.00   6434.17     0.16 21347012     0.00     0.00  alos2(double, prop_type&, propa_type&)
  0.00   6434.29     0.12 167075812     0.00     0.00  GetMask(double, double)
  0.00   6434.38     0.09                             interpolate(int, int, int, int, int)
  0.00   6434.46     0.08                             adiff(double, prop_type&, propa_type&)
  0.00   6434.52     0.06                             FORTRAN_DIM(double const&, double const&)
  0.00   6434.57     0.05        5    10.00    70.00  LoadSDF(char*)
  0.00   6434.61     0.04                             point_to_point_ITM(double*, double, double, double, double, double, double, int, int, double, double, double&, char*, int&)
  0.00   6434.64     0.03                             abq_alos(std::complex<double>)
  0.00   6434.66     0.02    28816     0.00     0.00  Distance(site, site)
  0.00   6434.67     0.01        2     5.00     5.00  dec2dms(double)
  0.00   6434.68     0.01                             AddElevation(double, double, double)
  0.00   6434.69     0.01                             hzns(double*, prop_type&)
  0.00   6434.70     0.01                             lrprop(double, prop_type&, propa_type&)
  0.00   6434.71     0.01                             qlrpfl(double*, int, int, prop_type&, propa_type&, propv_type&)
  0.00   6434.71     0.01                             alos(double, prop_type&, propa_type&)
  0.00   6434.72     0.01                             d1thx(double*, double const&, double const&)
  0.00   6434.72     0.00       16     0.00     0.55  AverageTerrain(site, double, double, double)
  0.00   6434.72     0.00        6     0.00     0.00  ReduceAngle(double)
  0.00   6434.72     0.00        2     0.00     0.00  LoadSDF_BZ(char*)
  0.00   6434.72     0.00        2     0.00     0.00  ReadBearing(char*)
  0.00   6434.72     0.00        1     0.00     0.00  LoadSignalColors(site)
  0.00   6434.72     0.00        1     0.00     4.37  haat(site)
  0.00   6434.72     0.00        1     0.00     0.00  LoadPAT(char*)

 %         the percentage of the total running time of the
time       program used by this function.

cumulative a running sum of the number of seconds accounted
 seconds   for by this function and those listed above it.

 self      the number of seconds accounted for by this
seconds    function alone.  This is the major sort for this
           listing.

calls      the number of times this function was invoked, if
           this function is profiled, else blank.
 
 self      the average number of milliseconds spent in this
ms/call    function per call, if this function is profiled,
	   else blank.

 total     the average number of milliseconds spent in this
ms/call    function and its descendents per call, if this 
	   function is profiled, else blank.

name       the name of the function.  This is the minor sort
           for this listing. The index shows the location of
	   the function in the gprof listing. If the index is
	   in parenthesis it shows where it would appear in
	   the gprof listing if it were to be printed.

		     Call graph (explanation follows)


granularity: each sample hit covers 2 byte(s) for 0.00% of 6434.72 seconds

index % time    self  children    called     name
                6.46 6423.67   28800/28800       PlotLRMap(site, double, char*) [2]
[1]     99.9    6.46 6423.67   28800         PlotLRPath(site, site, unsigned char, _IO_FILE*) [1]
              167.06 6223.24 47976312/47976312     point_to_point(double*, double, double, double, double, double, double, int, int, double, double, double&, char*, int&) [3]
                7.30    8.42   28800/28816       ReadPath(site, site) [13]
                8.25    0.00 167074355/167076220     OrMask(double, double, int) [14]
                3.35    0.00 47976312/47976312     GetSignal(double, double) [20]
                2.02    0.00 47976312/47976312     PutMask(double, double, int) [22]
                2.01    0.00 47976312/47976312     PutSignal(double, double, unsigned char) [23]
                1.91    0.00 47976312/48005128     Azimuth(site, site) [24]
                0.12    0.00 167074355/167075812     GetMask(double, double) [35]
-----------------------------------------------
                                                 <spontaneous>
[2]     99.9    0.00 6430.13                 PlotLRMap(site, double, char*) [2]
                6.46 6423.67   28800/28800       PlotLRPath(site, site, unsigned char, _IO_FILE*) [1]
                0.00    0.00       2/6           ReduceAngle(double) [59]
-----------------------------------------------
              167.06 6223.24 47976312/47976312     PlotLRPath(site, site, unsigned char, _IO_FILE*) [1]
[3]     99.3  167.06 6223.24 47976312         point_to_point(double*, double, double, double, double, double, double, int, int, double, double, double&, char*, int&) [3]
                2.20 6195.27 47976312/47976312     qlrpfl2(double*, int, int, prop_type&, propa_type&, propv_type&) [4]
               14.27    5.45 47976312/47976312     avar(double, double, double, prop_type&, propv_type&) [12]
                4.67    0.00 95952624/95952624     qerfi(double) [18]
                1.39    0.00 47976312/47976312     qlrps(double, double, double, int, double, double, prop_type&) [26]
-----------------------------------------------
                2.20 6195.27 47976312/47976312     point_to_point(double*, double, double, double, double, double, double, int, int, double, double, double&, char*, int&) [3]
[4]     96.3    2.20 6195.27 47976312         qlrpfl2(double*, int, int, prop_type&, propa_type&, propv_type&) [4]
             1259.34 3486.99 47976312/47976312     d1thx2(double*, double const&, double const&, propa_type&) [5]
             1146.29    0.00 47976312/47976312     hzns2(double*, prop_type&, propa_type&) [7]
              174.94    0.00 47974975/95951254     z1sq2(double*, double const&, double const&, double&, double&) [8]
                6.13  121.57 47976312/47976312     lrprop2(double, prop_type&, propa_type&) [9]
-----------------------------------------------
             1259.34 3486.99 47976312/47976312     qlrpfl2(double*, int, int, prop_type&, propa_type&, propv_type&) [4]
[5]     73.8 1259.34 3486.99 47976312         d1thx2(double*, double const&, double const&, propa_type&) [5]
             3312.05    0.00 95952558/95952558     qtile(int const&, double*, int const&) [6]
              174.94    0.00 47976279/95951254     z1sq2(double*, double const&, double const&, double&, double&) [8]
-----------------------------------------------
             3312.05    0.00 95952558/95952558     d1thx2(double*, double const&, double const&, propa_type&) [5]
[6]     51.5 3312.05    0.00 95952558         qtile(int const&, double*, int const&) [6]
-----------------------------------------------
             1146.29    0.00 47976312/47976312     qlrpfl2(double*, int, int, prop_type&, propa_type&, propv_type&) [4]
[7]     17.8 1146.29    0.00 47976312         hzns2(double*, prop_type&, propa_type&) [7]
-----------------------------------------------
              174.94    0.00 47974975/95951254     qlrpfl2(double*, int, int, prop_type&, propa_type&, propv_type&) [4]
              174.94    0.00 47976279/95951254     d1thx2(double*, double const&, double const&, propa_type&) [5]
[8]      5.4  349.88    0.00 95951254         z1sq2(double*, double const&, double const&, double&, double&) [8]
-----------------------------------------------
                6.13  121.57 47976312/47976312     qlrpfl2(double*, int, int, prop_type&, propa_type&, propv_type&) [4]
[9]      2.0    6.13  121.57 47976312         lrprop2(double, prop_type&, propa_type&) [9]
               54.13   62.52 239790182/239790182     adiff2(double, prop_type&, propa_type&) [10]
                3.31    1.45 53349978/53349978     ascat(double, prop_type&, propa_type&) [17]
                0.16    0.02 21347012/21347012     alos2(double, prop_type&, propa_type&) [34]
-----------------------------------------------
               54.13   62.52 239790182/239790182     lrprop2(double, prop_type&, propa_type&) [9]
[10]     1.8   54.13   62.52 239790182         adiff2(double, prop_type&, propa_type&) [10]
               58.71    0.00 143883238/143928881     saalos(double, prop_type&, propa_type&) [11]
                2.07    0.00 185785325/185785325     fht(double const&, double const&) [21]
                1.74    0.00 285562684/285562684     aknfe(double const&) [25]
-----------------------------------------------
                0.02    0.00   45643/143928881     alos2(double, prop_type&, propa_type&) [34]
               58.71    0.00 143883238/143928881     adiff2(double, prop_type&, propa_type&) [10]
[11]     0.9   58.72    0.00 143928881         saalos(double, prop_type&, propa_type&) [11]
-----------------------------------------------
               14.27    5.45 47976312/47976312     point_to_point(double*, double, double, double, double, double, double, int, int, double, double, double&, char*, int&) [3]
[12]     0.3   14.27    5.45 47976312         avar(double, double, double, prop_type&, propv_type&) [12]
                5.45    0.00 143928936/143928936     curve(double const&, double const&, double const&, double const&, double const&, double const&) [16]
-----------------------------------------------
                0.00    0.00      16/28816       AverageTerrain(site, double, double, double) [48]
                7.30    8.42   28800/28816       PlotLRPath(site, site, unsigned char, _IO_FILE*) [1]
[13]     0.2    7.30    8.42   28816         ReadPath(site, site) [13]
                7.89    0.00 123857878/123857897     GetElevation(site) [15]
                0.51    0.00 123799745/123799759     arccos(double, double) [28]
                0.02    0.00   28816/28816       Distance(site, site) [41]
                0.00    0.00   28816/48005128     Azimuth(site, site) [24]
-----------------------------------------------
                0.00    0.00    1865/167076220     PlaceMarker(site) [52]
                8.25    0.00 167074355/167076220     PlotLRPath(site, site, unsigned char, _IO_FILE*) [1]
[14]     0.1    8.25    0.00 167076220         OrMask(double, double, int) [14]
-----------------------------------------------
                0.00    0.00       1/123857897     haat(site) [51]
                0.00    0.00       2/123857897     SiteReport(site) [42]
                0.00    0.00      16/123857897     AverageTerrain(site, double, double, double) [48]
                7.89    0.00 123857878/123857897     ReadPath(site, site) [13]
[15]     0.1    7.89    0.00 123857897         GetElevation(site) [15]
-----------------------------------------------
                5.45    0.00 143928936/143928936     avar(double, double, double, prop_type&, propv_type&) [12]
[16]     0.1    5.45    0.00 143928936         curve(double const&, double const&, double const&, double const&, double const&, double const&) [16]
-----------------------------------------------
                3.31    1.45 53349978/53349978     lrprop2(double, prop_type&, propa_type&) [9]
[17]     0.1    3.31    1.45 53349978         ascat(double, prop_type&, propa_type&) [17]
                1.25    0.00 53349978/53349978     h0f(double, double) [27]
                0.20    0.00 26674989/26674989     ahd(double) [33]
-----------------------------------------------
                4.67    0.00 95952624/95952624     point_to_point(double*, double, double, double, double, double, double, int, int, double, double, double&, char*, int&) [3]
[18]     0.1    4.67    0.00 95952624         qerfi(double) [18]
-----------------------------------------------
                                                 <spontaneous>
[19]     0.1    3.66    0.00                 WritePPMSS(char*, unsigned char, unsigned char, unsigned char, site*, unsigned char) [19]
                0.00    0.00       2/6           ReduceAngle(double) [59]
                0.00    0.00       1/1           LoadSignalColors(site) [62]
-----------------------------------------------
                3.35    0.00 47976312/47976312     PlotLRPath(site, site, unsigned char, _IO_FILE*) [1]
[20]     0.1    3.35    0.00 47976312         GetSignal(double, double) [20]
-----------------------------------------------
                2.07    0.00 185785325/185785325     adiff2(double, prop_type&, propa_type&) [10]
[21]     0.0    2.07    0.00 185785325         fht(double const&, double const&) [21]
-----------------------------------------------
                2.02    0.00 47976312/47976312     PlotLRPath(site, site, unsigned char, _IO_FILE*) [1]
[22]     0.0    2.02    0.00 47976312         PutMask(double, double, int) [22]
-----------------------------------------------
                2.01    0.00 47976312/47976312     PlotLRPath(site, site, unsigned char, _IO_FILE*) [1]
[23]     0.0    2.01    0.00 47976312         PutSignal(double, double, unsigned char) [23]
-----------------------------------------------
                0.00    0.00   28816/48005128     ReadPath(site, site) [13]
                1.91    0.00 47976312/48005128     PlotLRPath(site, site, unsigned char, _IO_FILE*) [1]
[24]     0.0    1.91    0.00 48005128         Azimuth(site, site) [24]
-----------------------------------------------
                1.74    0.00 285562684/285562684     adiff2(double, prop_type&, propa_type&) [10]
[25]     0.0    1.74    0.00 285562684         aknfe(double const&) [25]
-----------------------------------------------
                1.39    0.00 47976312/47976312     point_to_point(double*, double, double, double, double, double, double, int, int, double, double, double&, char*, int&) [3]
[26]     0.0    1.39    0.00 47976312         qlrps(double, double, double, int, double, double, prop_type&) [26]
-----------------------------------------------
                1.25    0.00 53349978/53349978     ascat(double, prop_type&, propa_type&) [17]
[27]     0.0    1.25    0.00 53349978         h0f(double, double) [27]
-----------------------------------------------
                0.00    0.00      14/123799759     AverageTerrain(site, double, double, double) [48]
                0.51    0.00 123799745/123799759     ReadPath(site, site) [13]
[28]     0.0    0.51    0.00 123799759         arccos(double, double) [28]
-----------------------------------------------
                0.05    0.30       5/5           LoadTopoData(int, int, int, int) [30]
[29]     0.0    0.05    0.30       5         LoadSDF(char*) [29]
                0.30    0.00       5/5           LoadSDF_SDF(char*) [31]
                0.00    0.00       2/2           LoadSDF_BZ(char*) [60]
-----------------------------------------------
                                                 <spontaneous>
[30]     0.0    0.00    0.35                 LoadTopoData(int, int, int, int) [30]
                0.05    0.30       5/5           LoadSDF(char*) [29]
                0.00    0.00       2/6           ReduceAngle(double) [59]
-----------------------------------------------
                0.30    0.00       5/5           LoadSDF(char*) [29]
[31]     0.0    0.30    0.00       5         LoadSDF_SDF(char*) [31]
-----------------------------------------------
                                                 <spontaneous>
[32]     0.0    0.21    0.00                 z1sq1(double*, double const&, double const&, double&, double&) [32]
-----------------------------------------------
                0.20    0.00 26674989/26674989     ascat(double, prop_type&, propa_type&) [17]
[33]     0.0    0.20    0.00 26674989         ahd(double) [33]
-----------------------------------------------
                0.16    0.02 21347012/21347012     lrprop2(double, prop_type&, propa_type&) [9]
[34]     0.0    0.16    0.02 21347012         alos2(double, prop_type&, propa_type&) [34]
                0.02    0.00   45643/143928881     saalos(double, prop_type&, propa_type&) [11]
-----------------------------------------------
                0.00    0.00    1457/167075812     PlaceMarker(site) [52]
                0.12    0.00 167074355/167075812     PlotLRPath(site, site, unsigned char, _IO_FILE*) [1]
[35]     0.0    0.12    0.00 167075812         GetMask(double, double) [35]
-----------------------------------------------
                                                 <spontaneous>
[36]     0.0    0.09    0.00                 interpolate(int, int, int, int, int) [36]
-----------------------------------------------
                                                 <spontaneous>
[37]     0.0    0.08    0.00                 adiff(double, prop_type&, propa_type&) [37]
-----------------------------------------------
                                                 <spontaneous>
[38]     0.0    0.06    0.00                 FORTRAN_DIM(double const&, double const&) [38]
-----------------------------------------------
                                                 <spontaneous>
[39]     0.0    0.04    0.00                 point_to_point_ITM(double*, double, double, double, double, double, double, int, int, double, double, double&, char*, int&) [39]
-----------------------------------------------
                                                 <spontaneous>
[40]     0.0    0.03    0.00                 abq_alos(std::complex<double>) [40]
-----------------------------------------------
                0.02    0.00   28816/28816       ReadPath(site, site) [13]
[41]     0.0    0.02    0.00   28816         Distance(site, site) [41]
-----------------------------------------------
                                                 <spontaneous>
[42]     0.0    0.00    0.02                 SiteReport(site) [42]
                0.01    0.00       2/2           dec2dms(double) [43]
                0.00    0.00       1/1           haat(site) [51]
                0.00    0.00       8/16          AverageTerrain(site, double, double, double) [48]
                0.00    0.00       2/123857897     GetElevation(site) [15]
-----------------------------------------------
                0.01    0.00       2/2           SiteReport(site) [42]
[43]     0.0    0.01    0.00       2         dec2dms(double) [43]
-----------------------------------------------
                                                 <spontaneous>
[44]     0.0    0.01    0.00                 AddElevation(double, double, double) [44]
-----------------------------------------------
                                                 <spontaneous>
[45]     0.0    0.01    0.00                 hzns(double*, prop_type&) [45]
-----------------------------------------------
                                                 <spontaneous>
[46]     0.0    0.01    0.00                 lrprop(double, prop_type&, propa_type&) [46]
-----------------------------------------------
                                                 <spontaneous>
[47]     0.0    0.01    0.00                 qlrpfl(double*, int, int, prop_type&, propa_type&, propv_type&) [47]
-----------------------------------------------
                0.00    0.00       8/16          haat(site) [51]
                0.00    0.00       8/16          SiteReport(site) [42]
[48]     0.0    0.00    0.01      16         AverageTerrain(site, double, double, double) [48]
                0.00    0.00      16/28816       ReadPath(site, site) [13]
                0.00    0.00      16/123857897     GetElevation(site) [15]
                0.00    0.00      14/123799759     arccos(double, double) [28]
-----------------------------------------------
                                                 <spontaneous>
[49]     0.0    0.01    0.00                 alos(double, prop_type&, propa_type&) [49]
-----------------------------------------------
                                                 <spontaneous>
[50]     0.0    0.01    0.00                 d1thx(double*, double const&, double const&) [50]
-----------------------------------------------
                0.00    0.00       1/1           SiteReport(site) [42]
[51]     0.0    0.00    0.00       1         haat(site) [51]
                0.00    0.00       8/16          AverageTerrain(site, double, double, double) [48]
                0.00    0.00       1/123857897     GetElevation(site) [15]
-----------------------------------------------
                                                 <spontaneous>
[52]     0.0    0.00    0.00                 PlaceMarker(site) [52]
                0.00    0.00    1865/167076220     OrMask(double, double, int) [14]
                0.00    0.00    1457/167075812     GetMask(double, double) [35]
-----------------------------------------------
                0.00    0.00       2/6           PlotLRMap(site, double, char*) [2]
                0.00    0.00       2/6           WritePPMSS(char*, unsigned char, unsigned char, unsigned char, site*, unsigned char) [19]
                0.00    0.00       2/6           LoadTopoData(int, int, int, int) [30]
[59]     0.0    0.00    0.00       6         ReduceAngle(double) [59]
-----------------------------------------------
                0.00    0.00       2/2           LoadSDF(char*) [29]
[60]     0.0    0.00    0.00       2         LoadSDF_BZ(char*) [60]
-----------------------------------------------
                0.00    0.00       2/2           LoadQTH(char*) [92]
[61]     0.0    0.00    0.00       2         ReadBearing(char*) [61]
-----------------------------------------------
                0.00    0.00       1/1           WritePPMSS(char*, unsigned char, unsigned char, unsigned char, site*, unsigned char) [19]
[62]     0.0    0.00    0.00       1         LoadSignalColors(site) [62]
-----------------------------------------------
                0.00    0.00       1/1           ReadLRParm(site, char) [67]
[63]     0.0    0.00    0.00       1         LoadPAT(char*) [63]
-----------------------------------------------

 This table describes the call tree of the program, and was sorted by
 the total amount of time spent in each function and its children.

 Each entry in this table consists of several lines.  The line with the
 index number at the left hand margin lists the current function.
 The lines above it list the functions that called this function,
 and the lines below it list the functions this one called.
 This line lists:
     index	A unique number given to each element of the table.
		Index numbers are sorted numerically.
		The index number is printed next to every function name so
		it is easier to look up where the function in the table.

     % time	This is the percentage of the `total' time that was spent
		in this function and its children.  Note that due to
		different viewpoints, functions excluded by options, etc,
		these numbers will NOT add up to 100%.

     self	This is the total amount of time spent in this function.

     children	This is the total amount of time propagated into this
		function by its children.

     called	This is the number of times the function was called.
		If the function called itself recursively, the number
		only includes non-recursive calls, and is followed by
		a `+' and the number of recursive calls.

     name	The name of the current function.  The index number is
		printed after it.  If the function is a member of a
		cycle, the cycle number is printed between the
		function's name and the index number.


 For the function's parents, the fields have the following meanings:

     self	This is the amount of time that was propagated directly
		from the function into this parent.

     children	This is the amount of time that was propagated from
		the function's children into this parent.

     called	This is the number of times this parent called the
		function `/' the total number of times the function
		was called.  Recursive calls to the function are not
		included in the number after the `/'.

     name	This is the name of the parent.  The parent's index
		number is printed after it.  If the parent is a
		member of a cycle, the cycle number is printed between
		the name and the index number.

 If the parents of the function cannot be determined, the word
 `<spontaneous>' is printed in the `name' field, and all the other
 fields are blank.

 For the function's children, the fields have the following meanings:

     self	This is the amount of time that was propagated directly
		from the child into the function.

     children	This is the amount of time that was propagated from the
		child's children to the function.

     called	This is the number of times the function called
		this child `/' the total number of times the child
		was called.  Recursive calls by the child are not
		listed in the number after the `/'.

     name	This is the name of the child.  The child's index
		number is printed after it.  If the child is a
		member of a cycle, the cycle number is printed
		between the name and the index number.

 If there are any cycles (circles) in the call graph, there is an
 entry for the cycle-as-a-whole.  This entry shows who called the
 cycle (as parents) and the members of the cycle (as children.)
 The `+' recursive calls entry shows the number of function calls that
 were internal to the cycle, and the calls entry for each member shows,
 for that member, how many times it was called from other members of
 the cycle.


Index by function name

  [60] LoadSDF_BZ(char*)      [12] avar(double, double, double, prop_type&, propv_type&) [5] d1thx2(double*, double const&, double const&, propa_type&)
   [1] PlotLRPath(site, site, unsigned char, _IO_FILE*) [51] haat(site) [46] lrprop(double, prop_type&, propa_type&)
  [19] WritePPMSS(char*, unsigned char, unsigned char, unsigned char, site*, unsigned char) [45] hzns(double*, prop_type&) [47] qlrpfl(double*, int, int, prop_type&, propa_type&, propv_type&)
  [38] FORTRAN_DIM(double const&, double const&) [37] adiff(double, prop_type&, propa_type&) [11] saalos(double, prop_type&, propa_type&)
  [31] LoadSDF_SDF(char*)     [25] aknfe(double const&)   [24] Azimuth(site, site)
  [61] ReadBearing(char*)     [34] alos2(double, prop_type&, propa_type&) [35] GetMask(double, double)
  [59] ReduceAngle(double)    [17] ascat(double, prop_type&, propa_type&) [63] LoadPAT(char*)
  [36] interpolate(int, int, int, int, int) [16] curve(double const&, double const&, double const&, double const&, double const&, double const&) [29] LoadSDF(char*)
  [44] AddElevation(double, double, double) [50] d1thx(double*, double const&, double const&) [22] PutMask(double, double, int)
  [15] GetElevation(site)      [7] hzns2(double*, prop_type&, propa_type&) [43] dec2dms(double)
  [48] AverageTerrain(site, double, double, double) [18] qerfi(double) [9] lrprop2(double, prop_type&, propa_type&)
   [3] point_to_point(double*, double, double, double, double, double, double, int, int, double, double, double&, char*, int&) [26] qlrps(double, double, double, int, double, double, prop_type&) [4] qlrpfl2(double*, int, int, prop_type&, propa_type&, propv_type&)
  [62] LoadSignalColors(site)  [6] qtile(int const&, double*, int const&) [41] Distance(site, site)
  [39] point_to_point_ITM(double*, double, double, double, double, double, double, int, int, double, double, double&, char*, int&) [32] z1sq1(double*, double const&, double const&, double&, double&) [13] ReadPath(site, site)
  [33] ahd(double)             [8] z1sq2(double*, double const&, double const&, double&, double&) [40] abq_alos(std::complex<double>)
  [21] fht(double const&, double const&) [14] OrMask(double, double, int) [20] GetSignal(double, double)
  [27] h0f(double, double)    [10] adiff2(double, prop_type&, propa_type&) [23] PutSignal(double, double, unsigned char)
  [49] alos(double, prop_type&, propa_type&) [28] arccos(double, double)
