Run with 072 miles:
Flat profile:

Each sample counts as 0.01 seconds.
  %   cumulative   self              self     total           
 time   seconds   seconds    calls  ms/call  ms/call  name    
 46.84   1917.43  1917.43 76731920     0.02     0.02  qtile(int const&, double*, int const&)
 21.16   2783.49   866.06 38365993     0.02     0.08  d1thx2(double*, double const&, double const&, propa_type&)
 19.25   3571.69   788.20 38365993     0.02     0.02  hzns2(double*, prop_type&, propa_type&)
  5.89   3812.82   241.13 76730616     0.00     0.00  z1sq2(double*, double const&, double const&, double&, double&)
  2.80   3927.57   114.75 38365993     0.00     0.11  point_to_point(double*, double, double, double, double, double, double, int, int, double, double, double&, char*, int&)
  1.14   3974.25    46.68 115097924     0.00     0.00  saalos(double, prop_type&, propa_type&)
  1.06   4017.47    43.22 191738587     0.00     0.00  adiff2(double, prop_type&, propa_type&)
  0.30   4029.62    12.15 38365993     0.00     0.00  avar(double, double, double, prop_type&, propv_type&)
  0.19   4037.40     7.78 123857897     0.00     0.00  GetElevation(site)
  0.19   4045.08     7.68    28816     0.27     0.56  ReadPath(site, site)
  0.18   4052.40     7.32 143910471     0.00     0.00  OrMask(double, double, int)
  0.16   4058.97     6.57    28800     0.23   141.99  PlotLRPath(site, site, unsigned char, _IO_FILE*)
  0.11   4063.61     4.64 38365993     0.00     0.00  lrprop2(double, prop_type&, propa_type&)
  0.11   4068.06     4.45 115097979     0.00     0.00  curve(double const&, double const&, double const&, double const&, double const&, double const&)
  0.09   4071.77     3.71                             WritePPMSS(char*, unsigned char, unsigned char, unsigned char, site*, unsigned char)
  0.08   4075.20     3.43 76731986     0.00     0.00  qerfi(double)
  0.07   4078.07     2.87 38365993     0.00     0.00  GetSignal(double, double)
  0.05   4080.28     2.21 34129412     0.00     0.00  ascat(double, prop_type&, propa_type&)
  0.04   4082.03     1.75 38365993     0.00     0.10  qlrpfl2(double*, int, int, prop_type&, propa_type&, propv_type&)
  0.04   4083.72     1.70 147354081     0.00     0.00  fht(double const&, double const&)
  0.04   4085.37     1.65 38394809     0.00     0.00  Azimuth(site, site)
  0.04   4087.01     1.64 227901665     0.00     0.00  aknfe(double const&)
  0.04   4088.53     1.53 38365993     0.00     0.00  qlrps(double, double, double, int, double, double, prop_type&)
  0.04   4090.04     1.51 38365993     0.00     0.00  PutMask(double, double, int)
  0.03   4091.23     1.19 38365993     0.00     0.00  PutSignal(double, double, unsigned char)
  0.02   4092.13     0.90 34129412     0.00     0.00  h0f(double, double)
  0.01   4092.66     0.53 123799759     0.00     0.00  arccos(double, double)
  0.01   4092.93     0.27        5    54.00    54.00  LoadSDF_SDF(char*)
  0.00   4093.06     0.13 143910063     0.00     0.00  GetMask(double, double)
  0.00   4093.18     0.12                             interpolate(int, int, int, int, int)
  0.00   4093.29     0.12 17064706     0.00     0.00  ahd(double)
  0.00   4093.40     0.11 21346976     0.00     0.00  alos2(double, prop_type&, propa_type&)
  0.00   4093.49     0.09                             point_to_point_ITM(double*, double, double, double, double, double, double, int, int, double, double, double&, char*, int&)
  0.00   4093.55     0.06                             FORTRAN_DIM(double const&, double const&)
  0.00   4093.61     0.06                             z1sq1(double*, double const&, double const&, double&, double&)
  0.00   4093.66     0.05        5    10.00    64.00  LoadSDF(char*)
  0.00   4093.71     0.05                             adiff(double, prop_type&, propa_type&)
  0.00   4093.75     0.04        2    20.00    20.00  dec2dms(double)
  0.00   4093.77     0.02    28816     0.00     0.00  Distance(site, site)
  0.00   4093.79     0.02                             abq_alos(std::complex<double>)
  0.00   4093.80     0.01        1    10.00    10.00  LoadPAT(char*)
  0.00   4093.81     0.01                             d1thx(double*, double const&, double const&)
  0.00   4093.82     0.01                             lrprop(double, prop_type&, propa_type&)
  0.00   4093.82     0.00       16     0.00     0.56  AverageTerrain(site, double, double, double)
  0.00   4093.82     0.00        6     0.00     0.00  ReduceAngle(double)
  0.00   4093.82     0.00        2     0.00     0.00  LoadSDF_BZ(char*)
  0.00   4093.82     0.00        2     0.00     0.00  ReadBearing(char*)
  0.00   4093.82     0.00        1     0.00     0.00  LoadSignalColors(site)
  0.00   4093.82     0.00        1     0.00     4.45  haat(site)

 %         the percentage of the total running time of the
time       program used by this function.

cumulative a running sum of the number of seconds accounted
 seconds   for by this function and those listed above it.

 self      the number of seconds accounted for by this
seconds    function alone.  This is the major sort for this
           listing.

calls      the number of times this function was invoked, if
           this function is profiled, else blank.
 
 self      the average number of milliseconds spent in this
ms/call    function per call, if this function is profiled,
	   else blank.

 total     the average number of milliseconds spent in this
ms/call    function and its descendents per call, if this 
	   function is profiled, else blank.

name       the name of the function.  This is the minor sort
           for this listing. The index shows the location of
	   the function in the gprof listing. If the index is
	   in parenthesis it shows where it would appear in
	   the gprof listing if it were to be printed.

		     Call graph (explanation follows)


granularity: each sample hit covers 2 byte(s) for 0.00% of 4093.82 seconds

index % time    self  children    called     name
                6.57 4082.74   28800/28800       PlotLRMap(site, double, char*) [2]
[1]     99.9    6.57 4082.74   28800         PlotLRPath(site, site, unsigned char, _IO_FILE*) [1]
              114.75 3937.32 38365993/38365993     point_to_point(double*, double, double, double, double, double, double, int, int, double, double, double&, char*, int&) [3]
                7.68    8.33   28800/28816       ReadPath(site, site) [13]
                7.32    0.00 143908606/143910471     OrMask(double, double, int) [15]
                2.87    0.00 38365993/38365993     GetSignal(double, double) [20]
                1.65    0.00 38365993/38394809     Azimuth(site, site) [22]
                1.51    0.00 38365993/38365993     PutMask(double, double, int) [25]
                1.19    0.00 38365993/38365993     PutSignal(double, double, unsigned char) [26]
                0.13    0.00 143908606/143910063     GetMask(double, double) [32]
-----------------------------------------------
                                                 <spontaneous>
[2]     99.9    0.00 4089.31                 PlotLRMap(site, double, char*) [2]
                6.57 4082.74   28800/28800       PlotLRPath(site, site, unsigned char, _IO_FILE*) [1]
                0.00    0.00       2/6           ReduceAngle(double) [57]
-----------------------------------------------
              114.75 3937.32 38365993/38365993     PlotLRPath(site, site, unsigned char, _IO_FILE*) [1]
[3]     99.0  114.75 3937.32 38365993         point_to_point(double*, double, double, double, double, double, double, int, int, double, double, double&, char*, int&) [3]
                1.75 3914.02 38365993/38365993     qlrpfl2(double*, int, int, prop_type&, propa_type&, propv_type&) [4]
               12.15    4.45 38365993/38365993     avar(double, double, double, prop_type&, propv_type&) [12]
                3.43    0.00 76731986/76731986     qerfi(double) [18]
                1.53    0.00 38365993/38365993     qlrps(double, double, double, int, double, double, prop_type&) [24]
-----------------------------------------------
                1.75 3914.02 38365993/38365993     point_to_point(double*, double, double, double, double, double, double, int, int, double, double, double&, char*, int&) [3]
[4]     95.7    1.75 3914.02 38365993         qlrpfl2(double*, int, int, prop_type&, propa_type&, propv_type&) [4]
              866.06 2037.99 38365993/38365993     d1thx2(double*, double const&, double const&, propa_type&) [5]
              788.20    0.00 38365993/38365993     hzns2(double*, prop_type&, propa_type&) [7]
              120.56    0.00 38364656/76730616     z1sq2(double*, double const&, double const&, double&, double&) [8]
                4.64   96.56 38365993/38365993     lrprop2(double, prop_type&, propa_type&) [9]
-----------------------------------------------
              866.06 2037.99 38365993/38365993     qlrpfl2(double*, int, int, prop_type&, propa_type&, propv_type&) [4]
[5]     70.9  866.06 2037.99 38365993         d1thx2(double*, double const&, double const&, propa_type&) [5]
             1917.43    0.00 76731920/76731920     qtile(int const&, double*, int const&) [6]
              120.57    0.00 38365960/76730616     z1sq2(double*, double const&, double const&, double&, double&) [8]
-----------------------------------------------
             1917.43    0.00 76731920/76731920     d1thx2(double*, double const&, double const&, propa_type&) [5]
[6]     46.8 1917.43    0.00 76731920         qtile(int const&, double*, int const&) [6]
-----------------------------------------------
              788.20    0.00 38365993/38365993     qlrpfl2(double*, int, int, prop_type&, propa_type&, propv_type&) [4]
[7]     19.3  788.20    0.00 38365993         hzns2(double*, prop_type&, propa_type&) [7]
-----------------------------------------------
              120.56    0.00 38364656/76730616     qlrpfl2(double*, int, int, prop_type&, propa_type&, propv_type&) [4]
              120.57    0.00 38365960/76730616     d1thx2(double*, double const&, double const&, propa_type&) [5]
[8]      5.9  241.13    0.00 76730616         z1sq2(double*, double const&, double const&, double&, double&) [8]
-----------------------------------------------
                4.64   96.56 38365993/38365993     qlrpfl2(double*, int, int, prop_type&, propa_type&, propv_type&) [4]
[9]      2.5    4.64   96.56 38365993         lrprop2(double, prop_type&, propa_type&) [9]
               43.22   49.99 191738587/191738587     adiff2(double, prop_type&, propa_type&) [10]
                2.21    1.01 34129412/34129412     ascat(double, prop_type&, propa_type&) [19]
                0.11    0.02 21346976/21346976     alos2(double, prop_type&, propa_type&) [33]
-----------------------------------------------
               43.22   49.99 191738587/191738587     lrprop2(double, prop_type&, propa_type&) [9]
[10]     2.3   43.22   49.99 191738587         adiff2(double, prop_type&, propa_type&) [10]
               46.66    0.00 115052281/115097924     saalos(double, prop_type&, propa_type&) [11]
                1.70    0.00 147354081/147354081     fht(double const&, double const&) [21]
                1.64    0.00 227901665/227901665     aknfe(double const&) [23]
-----------------------------------------------
                0.02    0.00   45643/115097924     alos2(double, prop_type&, propa_type&) [33]
               46.66    0.00 115052281/115097924     adiff2(double, prop_type&, propa_type&) [10]
[11]     1.1   46.68    0.00 115097924         saalos(double, prop_type&, propa_type&) [11]
-----------------------------------------------
               12.15    4.45 38365993/38365993     point_to_point(double*, double, double, double, double, double, double, int, int, double, double, double&, char*, int&) [3]
[12]     0.4   12.15    4.45 38365993         avar(double, double, double, prop_type&, propv_type&) [12]
                4.45    0.00 115097979/115097979     curve(double const&, double const&, double const&, double const&, double const&, double const&) [16]
-----------------------------------------------
                0.00    0.00      16/28816       AverageTerrain(site, double, double, double) [47]
                7.68    8.33   28800/28816       PlotLRPath(site, site, unsigned char, _IO_FILE*) [1]
[13]     0.4    7.68    8.33   28816         ReadPath(site, site) [13]
                7.78    0.00 123857878/123857897     GetElevation(site) [14]
                0.53    0.00 123799745/123799759     arccos(double, double) [28]
                0.02    0.00   28816/28816       Distance(site, site) [42]
                0.00    0.00   28816/38394809     Azimuth(site, site) [22]
-----------------------------------------------
                0.00    0.00       1/123857897     haat(site) [49]
                0.00    0.00       2/123857897     SiteReport(site) [40]
                0.00    0.00      16/123857897     AverageTerrain(site, double, double, double) [47]
                7.78    0.00 123857878/123857897     ReadPath(site, site) [13]
[14]     0.2    7.78    0.00 123857897         GetElevation(site) [14]
-----------------------------------------------
                0.00    0.00    1865/143910471     PlaceMarker(site) [50]
                7.32    0.00 143908606/143910471     PlotLRPath(site, site, unsigned char, _IO_FILE*) [1]
[15]     0.2    7.32    0.00 143910471         OrMask(double, double, int) [15]
-----------------------------------------------
                4.45    0.00 115097979/115097979     avar(double, double, double, prop_type&, propv_type&) [12]
[16]     0.1    4.45    0.00 115097979         curve(double const&, double const&, double const&, double const&, double const&, double const&) [16]
-----------------------------------------------
                                                 <spontaneous>
[17]     0.1    3.71    0.00                 WritePPMSS(char*, unsigned char, unsigned char, unsigned char, site*, unsigned char) [17]
                0.00    0.00       2/6           ReduceAngle(double) [57]
                0.00    0.00       1/1           LoadSignalColors(site) [60]
-----------------------------------------------
                3.43    0.00 76731986/76731986     point_to_point(double*, double, double, double, double, double, double, int, int, double, double, double&, char*, int&) [3]
[18]     0.1    3.43    0.00 76731986         qerfi(double) [18]
-----------------------------------------------
                2.21    1.01 34129412/34129412     lrprop2(double, prop_type&, propa_type&) [9]
[19]     0.1    2.21    1.01 34129412         ascat(double, prop_type&, propa_type&) [19]
                0.90    0.00 34129412/34129412     h0f(double, double) [27]
                0.12    0.00 17064706/17064706     ahd(double) [35]
-----------------------------------------------
                2.87    0.00 38365993/38365993     PlotLRPath(site, site, unsigned char, _IO_FILE*) [1]
[20]     0.1    2.87    0.00 38365993         GetSignal(double, double) [20]
-----------------------------------------------
                1.70    0.00 147354081/147354081     adiff2(double, prop_type&, propa_type&) [10]
[21]     0.0    1.70    0.00 147354081         fht(double const&, double const&) [21]
-----------------------------------------------
                0.00    0.00   28816/38394809     ReadPath(site, site) [13]
                1.65    0.00 38365993/38394809     PlotLRPath(site, site, unsigned char, _IO_FILE*) [1]
[22]     0.0    1.65    0.00 38394809         Azimuth(site, site) [22]
-----------------------------------------------
                1.64    0.00 227901665/227901665     adiff2(double, prop_type&, propa_type&) [10]
[23]     0.0    1.64    0.00 227901665         aknfe(double const&) [23]
-----------------------------------------------
                1.53    0.00 38365993/38365993     point_to_point(double*, double, double, double, double, double, double, int, int, double, double, double&, char*, int&) [3]
[24]     0.0    1.53    0.00 38365993         qlrps(double, double, double, int, double, double, prop_type&) [24]
-----------------------------------------------
                1.51    0.00 38365993/38365993     PlotLRPath(site, site, unsigned char, _IO_FILE*) [1]
[25]     0.0    1.51    0.00 38365993         PutMask(double, double, int) [25]
-----------------------------------------------
                1.19    0.00 38365993/38365993     PlotLRPath(site, site, unsigned char, _IO_FILE*) [1]
[26]     0.0    1.19    0.00 38365993         PutSignal(double, double, unsigned char) [26]
-----------------------------------------------
                0.90    0.00 34129412/34129412     ascat(double, prop_type&, propa_type&) [19]
[27]     0.0    0.90    0.00 34129412         h0f(double, double) [27]
-----------------------------------------------
                0.00    0.00      14/123799759     AverageTerrain(site, double, double, double) [47]
                0.53    0.00 123799745/123799759     ReadPath(site, site) [13]
[28]     0.0    0.53    0.00 123799759         arccos(double, double) [28]
-----------------------------------------------
                0.05    0.27       5/5           LoadTopoData(int, int, int, int) [30]
[29]     0.0    0.05    0.27       5         LoadSDF(char*) [29]
                0.27    0.00       5/5           LoadSDF_SDF(char*) [31]
                0.00    0.00       2/2           LoadSDF_BZ(char*) [58]
-----------------------------------------------
                                                 <spontaneous>
[30]     0.0    0.00    0.32                 LoadTopoData(int, int, int, int) [30]
                0.05    0.27       5/5           LoadSDF(char*) [29]
                0.00    0.00       2/6           ReduceAngle(double) [57]
-----------------------------------------------
                0.27    0.00       5/5           LoadSDF(char*) [29]
[31]     0.0    0.27    0.00       5         LoadSDF_SDF(char*) [31]
-----------------------------------------------
                0.00    0.00    1457/143910063     PlaceMarker(site) [50]
                0.13    0.00 143908606/143910063     PlotLRPath(site, site, unsigned char, _IO_FILE*) [1]
[32]     0.0    0.13    0.00 143910063         GetMask(double, double) [32]
-----------------------------------------------
                0.11    0.02 21346976/21346976     lrprop2(double, prop_type&, propa_type&) [9]
[33]     0.0    0.11    0.02 21346976         alos2(double, prop_type&, propa_type&) [33]
                0.02    0.00   45643/115097924     saalos(double, prop_type&, propa_type&) [11]
-----------------------------------------------
                                                 <spontaneous>
[34]     0.0    0.12    0.00                 interpolate(int, int, int, int, int) [34]
-----------------------------------------------
                0.12    0.00 17064706/17064706     ascat(double, prop_type&, propa_type&) [19]
[35]     0.0    0.12    0.00 17064706         ahd(double) [35]
-----------------------------------------------
                                                 <spontaneous>
[36]     0.0    0.09    0.00                 point_to_point_ITM(double*, double, double, double, double, double, double, int, int, double, double, double&, char*, int&) [36]
-----------------------------------------------
                                                 <spontaneous>
[37]     0.0    0.06    0.00                 FORTRAN_DIM(double const&, double const&) [37]
-----------------------------------------------
                                                 <spontaneous>
[38]     0.0    0.06    0.00                 z1sq1(double*, double const&, double const&, double&, double&) [38]
-----------------------------------------------
                                                 <spontaneous>
[39]     0.0    0.05    0.00                 adiff(double, prop_type&, propa_type&) [39]
-----------------------------------------------
                                                 <spontaneous>
[40]     0.0    0.00    0.05                 SiteReport(site) [40]
                0.04    0.00       2/2           dec2dms(double) [41]
                0.00    0.00       1/1           haat(site) [49]
                0.00    0.00       8/16          AverageTerrain(site, double, double, double) [47]
                0.00    0.00       2/123857897     GetElevation(site) [14]
-----------------------------------------------
                0.04    0.00       2/2           SiteReport(site) [40]
[41]     0.0    0.04    0.00       2         dec2dms(double) [41]
-----------------------------------------------
                0.02    0.00   28816/28816       ReadPath(site, site) [13]
[42]     0.0    0.02    0.00   28816         Distance(site, site) [42]
-----------------------------------------------
                                                 <spontaneous>
[43]     0.0    0.02    0.00                 abq_alos(std::complex<double>) [43]
-----------------------------------------------
                0.01    0.00       1/1           ReadLRParm(site, char) [45]
[44]     0.0    0.01    0.00       1         LoadPAT(char*) [44]
-----------------------------------------------
                                                 <spontaneous>
[45]     0.0    0.00    0.01                 ReadLRParm(site, char) [45]
                0.01    0.00       1/1           LoadPAT(char*) [44]
-----------------------------------------------
                                                 <spontaneous>
[46]     0.0    0.01    0.00                 d1thx(double*, double const&, double const&) [46]
-----------------------------------------------
                0.00    0.00       8/16          haat(site) [49]
                0.00    0.00       8/16          SiteReport(site) [40]
[47]     0.0    0.00    0.01      16         AverageTerrain(site, double, double, double) [47]
                0.00    0.00      16/28816       ReadPath(site, site) [13]
                0.00    0.00      16/123857897     GetElevation(site) [14]
                0.00    0.00      14/123799759     arccos(double, double) [28]
-----------------------------------------------
                                                 <spontaneous>
[48]     0.0    0.01    0.00                 lrprop(double, prop_type&, propa_type&) [48]
-----------------------------------------------
                0.00    0.00       1/1           SiteReport(site) [40]
[49]     0.0    0.00    0.00       1         haat(site) [49]
                0.00    0.00       8/16          AverageTerrain(site, double, double, double) [47]
                0.00    0.00       1/123857897     GetElevation(site) [14]
-----------------------------------------------
                                                 <spontaneous>
[50]     0.0    0.00    0.00                 PlaceMarker(site) [50]
                0.00    0.00    1865/143910471     OrMask(double, double, int) [15]
                0.00    0.00    1457/143910063     GetMask(double, double) [32]
-----------------------------------------------
                0.00    0.00       2/6           PlotLRMap(site, double, char*) [2]
                0.00    0.00       2/6           WritePPMSS(char*, unsigned char, unsigned char, unsigned char, site*, unsigned char) [17]
                0.00    0.00       2/6           LoadTopoData(int, int, int, int) [30]
[57]     0.0    0.00    0.00       6         ReduceAngle(double) [57]
-----------------------------------------------
                0.00    0.00       2/2           LoadSDF(char*) [29]
[58]     0.0    0.00    0.00       2         LoadSDF_BZ(char*) [58]
-----------------------------------------------
                0.00    0.00       2/2           LoadQTH(char*) [92]
[59]     0.0    0.00    0.00       2         ReadBearing(char*) [59]
-----------------------------------------------
                0.00    0.00       1/1           WritePPMSS(char*, unsigned char, unsigned char, unsigned char, site*, unsigned char) [17]
[60]     0.0    0.00    0.00       1         LoadSignalColors(site) [60]
-----------------------------------------------

 This table describes the call tree of the program, and was sorted by
 the total amount of time spent in each function and its children.

 Each entry in this table consists of several lines.  The line with the
 index number at the left hand margin lists the current function.
 The lines above it list the functions that called this function,
 and the lines below it list the functions this one called.
 This line lists:
     index	A unique number given to each element of the table.
		Index numbers are sorted numerically.
		The index number is printed next to every function name so
		it is easier to look up where the function in the table.

     % time	This is the percentage of the `total' time that was spent
		in this function and its children.  Note that due to
		different viewpoints, functions excluded by options, etc,
		these numbers will NOT add up to 100%.

     self	This is the total amount of time spent in this function.

     children	This is the total amount of time propagated into this
		function by its children.

     called	This is the number of times the function was called.
		If the function called itself recursively, the number
		only includes non-recursive calls, and is followed by
		a `+' and the number of recursive calls.

     name	The name of the current function.  The index number is
		printed after it.  If the function is a member of a
		cycle, the cycle number is printed between the
		function's name and the index number.


 For the function's parents, the fields have the following meanings:

     self	This is the amount of time that was propagated directly
		from the function into this parent.

     children	This is the amount of time that was propagated from
		the function's children into this parent.

     called	This is the number of times this parent called the
		function `/' the total number of times the function
		was called.  Recursive calls to the function are not
		included in the number after the `/'.

     name	This is the name of the parent.  The parent's index
		number is printed after it.  If the parent is a
		member of a cycle, the cycle number is printed between
		the name and the index number.

 If the parents of the function cannot be determined, the word
 `<spontaneous>' is printed in the `name' field, and all the other
 fields are blank.

 For the function's children, the fields have the following meanings:

     self	This is the amount of time that was propagated directly
		from the child into the function.

     children	This is the amount of time that was propagated from the
		child's children to the function.

     called	This is the number of times the function called
		this child `/' the total number of times the child
		was called.  Recursive calls by the child are not
		listed in the number after the `/'.

     name	This is the name of the child.  The child's index
		number is printed after it.  If the child is a
		member of a cycle, the cycle number is printed
		between the name and the index number.

 If there are any cycles (circles) in the call graph, there is an
 entry for the cycle-as-a-whole.  This entry shows who called the
 cycle (as parents) and the members of the cycle (as children.)
 The `+' recursive calls entry shows the number of function calls that
 were internal to the cycle, and the calls entry for each member shows,
 for that member, how many times it was called from other members of
 the cycle.


Index by function name

  [58] LoadSDF_BZ(char*)      [49] haat(site)             [48] lrprop(double, prop_type&, propa_type&)
   [1] PlotLRPath(site, site, unsigned char, _IO_FILE*) [39] adiff(double, prop_type&, propa_type&) [11] saalos(double, prop_type&, propa_type&)
  [17] WritePPMSS(char*, unsigned char, unsigned char, unsigned char, site*, unsigned char) [23] aknfe(double const&) [22] Azimuth(site, site)
  [37] FORTRAN_DIM(double const&, double const&) [33] alos2(double, prop_type&, propa_type&) [32] GetMask(double, double)
  [31] LoadSDF_SDF(char*)     [19] ascat(double, prop_type&, propa_type&) [44] LoadPAT(char*)
  [59] ReadBearing(char*)     [16] curve(double const&, double const&, double const&, double const&, double const&, double const&) [29] LoadSDF(char*)
  [57] ReduceAngle(double)    [46] d1thx(double*, double const&, double const&) [25] PutMask(double, double, int)
  [34] interpolate(int, int, int, int, int) [7] hzns2(double*, prop_type&, propa_type&) [41] dec2dms(double)
  [14] GetElevation(site)     [18] qerfi(double)           [9] lrprop2(double, prop_type&, propa_type&)
  [47] AverageTerrain(site, double, double, double) [24] qlrps(double, double, double, int, double, double, prop_type&) [4] qlrpfl2(double*, int, int, prop_type&, propa_type&, propv_type&)
   [3] point_to_point(double*, double, double, double, double, double, double, int, int, double, double, double&, char*, int&) [6] qtile(int const&, double*, int const&) [42] Distance(site, site)
  [60] LoadSignalColors(site) [38] z1sq1(double*, double const&, double const&, double&, double&) [13] ReadPath(site, site)
  [36] point_to_point_ITM(double*, double, double, double, double, double, double, int, int, double, double, double&, char*, int&) [8] z1sq2(double*, double const&, double const&, double&, double&) [43] abq_alos(std::complex<double>)
  [35] ahd(double)            [15] OrMask(double, double, int) [20] GetSignal(double, double)
  [21] fht(double const&, double const&) [10] adiff2(double, prop_type&, propa_type&) [26] PutSignal(double, double, unsigned char)
  [27] h0f(double, double)    [28] arccos(double, double)
  [12] avar(double, double, double, prop_type&, propv_type&) [5] d1thx2(double*, double const&, double const&, propa_type&)
