Run with 043 miles:
Flat profile:

Each sample counts as 0.01 seconds.
  %   cumulative   self              self     total           
 time   seconds   seconds    calls  ms/call  ms/call  name    
 40.26    490.53   490.53 37384730     0.01     0.01  qtile(int const&, double*, int const&)
 22.98    770.50   279.98 18692398     0.01     0.04  d1thx2(double*, double const&, double const&, propa_type&)
 20.04   1014.68   244.18 18692398     0.01     0.01  hzns2(double*, prop_type&, propa_type&)
  6.56   1094.65    79.97 37383426     0.00     0.00  z1sq2(double*, double const&, double const&, double&, double&)
  2.96   1130.77    36.12 18692398     0.00     0.06  point_to_point(double*, double, double, double, double, double, double, int, int, double, double, double&, char*, int&)
  1.81   1152.83    22.06 56077145     0.00     0.00  saalos(double, prop_type&, propa_type&)
  1.67   1173.18    20.35 93370612     0.00     0.00  adiff2(double, prop_type&, propa_type&)
  0.65   1181.10     7.92 123857897     0.00     0.00  GetElevation(site)
  0.59   1188.29     7.19    28816     0.25     0.54  ReadPath(site, site)
  0.45   1193.80     5.51 18692398     0.00     0.00  avar(double, double, double, prop_type&, propv_type&)
  0.32   1197.71     3.91 89244653     0.00     0.00  OrMask(double, double, int)
  0.31   1201.54     3.83                             WritePPMSS(char*, unsigned char, unsigned char, unsigned char, site*, unsigned char)
  0.27   1204.78     3.24    28800     0.11    42.16  PlotLRPath(site, site, unsigned char, _IO_FILE*)
  0.19   1207.10     2.32 18692398     0.00     0.00  lrprop2(double, prop_type&, propa_type&)
  0.18   1209.30     2.20 56077194     0.00     0.00  curve(double const&, double const&, double const&, double const&, double const&, double const&)
  0.13   1210.93     1.63 37384796     0.00     0.00  qerfi(double)
  0.10   1212.10     1.17 18692398     0.00     0.00  GetSignal(double, double)
  0.07   1213.00     0.90 18692398     0.00     0.06  qlrpfl2(double*, int, int, prop_type&, propa_type&, propv_type&)
  0.07   1213.87     0.87 18721214     0.00     0.00  Azimuth(site, site)
  0.07   1214.67     0.81 70992537     0.00     0.00  fht(double const&, double const&)
  0.06   1215.45     0.78 110688118     0.00     0.00  aknfe(double const&)
  0.05   1216.10     0.65 18692398     0.00     0.00  PutMask(double, double, int)
  0.05   1216.66     0.56 18692398     0.00     0.00  qlrps(double, double, double, int, double, double, prop_type&)
  0.03   1217.05     0.39 123799759     0.00     0.00  arccos(double, double)
  0.03   1217.40     0.35 18692398     0.00     0.00  PutSignal(double, double, unsigned char)
  0.03   1217.74     0.34        5    68.00    68.00  LoadSDF_SDF(char*)
  0.02   1218.03     0.30  5048472     0.00     0.00  ascat(double, prop_type&, propa_type&)
  0.01   1218.17     0.14 16213851     0.00     0.00  alos2(double, prop_type&, propa_type&)
  0.01   1218.27     0.10  5048472     0.00     0.00  h0f(double, double)
  0.01   1218.35     0.08                             interpolate(int, int, int, int, int)
  0.00   1218.41     0.06 89244245     0.00     0.00  GetMask(double, double)
  0.00   1218.47     0.06        5    12.00    80.01  LoadSDF(char*)
  0.00   1218.51     0.04                             z1sq1(double*, double const&, double const&, double&, double&)
  0.00   1218.54     0.03    28816     0.00     0.00  Distance(site, site)
  0.00   1218.57     0.03                             adiff(double, prop_type&, propa_type&)
  0.00   1218.59     0.02        2    10.00    10.00  dec2dms(double)
  0.00   1218.60     0.01  2524236     0.00     0.00  ahd(double)
  0.00   1218.61     0.01                             PlotLRMap(site, double, char*)
  0.00   1218.61     0.01                             FORTRAN_DIM(double const&, double const&)
  0.00   1218.62     0.01                             lrprop(double, prop_type&, propa_type&)
  0.00   1218.62     0.00       16     0.00     0.54  AverageTerrain(site, double, double, double)
  0.00   1218.62     0.00        6     0.00     0.00  ReduceAngle(double)
  0.00   1218.62     0.00        2     0.00     0.00  LoadSDF_BZ(char*)
  0.00   1218.62     0.00        2     0.00     0.00  ReadBearing(char*)
  0.00   1218.62     0.00        1     0.00     0.00  LoadSignalColors(site)
  0.00   1218.62     0.00        1     0.00     4.31  haat(site)
  0.00   1218.62     0.00        1     0.00     0.00  LoadPAT(char*)

 %         the percentage of the total running time of the
time       program used by this function.

cumulative a running sum of the number of seconds accounted
 seconds   for by this function and those listed above it.

 self      the number of seconds accounted for by this
seconds    function alone.  This is the major sort for this
           listing.

calls      the number of times this function was invoked, if
           this function is profiled, else blank.
 
 self      the average number of milliseconds spent in this
ms/call    function per call, if this function is profiled,
	   else blank.

 total     the average number of milliseconds spent in this
ms/call    function and its descendents per call, if this 
	   function is profiled, else blank.

name       the name of the function.  This is the minor sort
           for this listing. The index shows the location of
	   the function in the gprof listing. If the index is
	   in parenthesis it shows where it would appear in
	   the gprof listing if it were to be printed.

		     Call graph (explanation follows)


granularity: each sample hit covers 2 byte(s) for 0.00% of 1218.62 seconds

index % time    self  children    called     name
                                                 <spontaneous>
[1]     99.6    0.01 1214.19                 PlotLRMap(site, double, char*) [1]
                3.24 1210.95   28800/28800       PlotLRPath(site, site, unsigned char, _IO_FILE*) [2]
                0.00    0.00       2/6           ReduceAngle(double) [52]
-----------------------------------------------
                3.24 1210.95   28800/28800       PlotLRMap(site, double, char*) [1]
[2]     99.6    3.24 1210.95   28800         PlotLRPath(site, site, unsigned char, _IO_FILE*) [2]
               36.12 1152.30 18692398/18692398     point_to_point(double*, double, double, double, double, double, double, int, int, double, double, double&, char*, int&) [3]
                7.19    8.34   28800/28816       ReadPath(site, site) [12]
                3.91    0.00 89242788/89244653     OrMask(double, double, int) [15]
                1.17    0.00 18692398/18692398     GetSignal(double, double) [19]
                0.87    0.00 18692398/18721214     Azimuth(site, site) [20]
                0.65    0.00 18692398/18692398     PutMask(double, double, int) [23]
                0.35    0.00 18692398/18692398     PutSignal(double, double, unsigned char) [29]
                0.06    0.00 89242788/89244245     GetMask(double, double) [34]
-----------------------------------------------
               36.12 1152.30 18692398/18692398     PlotLRPath(site, site, unsigned char, _IO_FILE*) [2]
[3]     97.5   36.12 1152.30 18692398         point_to_point(double*, double, double, double, double, double, double, int, int, double, double, double&, char*, int&) [3]
                0.90 1141.51 18692398/18692398     qlrpfl2(double*, int, int, prop_type&, propa_type&, propv_type&) [4]
                5.51    2.20 18692398/18692398     avar(double, double, double, prop_type&, propv_type&) [14]
                1.63    0.00 37384796/37384796     qerfi(double) [18]
                0.56    0.00 18692398/18692398     qlrps(double, double, double, int, double, double, prop_type&) [24]
-----------------------------------------------
                0.90 1141.51 18692398/18692398     point_to_point(double*, double, double, double, double, double, double, int, int, double, double, double&, char*, int&) [3]
[4]     93.7    0.90 1141.51 18692398         qlrpfl2(double*, int, int, prop_type&, propa_type&, propv_type&) [4]
              279.98  530.51 18692398/18692398     d1thx2(double*, double const&, double const&, propa_type&) [5]
              244.18    0.00 18692398/18692398     hzns2(double*, prop_type&, propa_type&) [7]
                2.32   44.54 18692398/18692398     lrprop2(double, prop_type&, propa_type&) [9]
               39.98    0.00 18691061/37383426     z1sq2(double*, double const&, double const&, double&, double&) [8]
-----------------------------------------------
              279.98  530.51 18692398/18692398     qlrpfl2(double*, int, int, prop_type&, propa_type&, propv_type&) [4]
[5]     66.5  279.98  530.51 18692398         d1thx2(double*, double const&, double const&, propa_type&) [5]
              490.53    0.00 37384730/37384730     qtile(int const&, double*, int const&) [6]
               39.99    0.00 18692365/37383426     z1sq2(double*, double const&, double const&, double&, double&) [8]
-----------------------------------------------
              490.53    0.00 37384730/37384730     d1thx2(double*, double const&, double const&, propa_type&) [5]
[6]     40.3  490.53    0.00 37384730         qtile(int const&, double*, int const&) [6]
-----------------------------------------------
              244.18    0.00 18692398/18692398     qlrpfl2(double*, int, int, prop_type&, propa_type&, propv_type&) [4]
[7]     20.0  244.18    0.00 18692398         hzns2(double*, prop_type&, propa_type&) [7]
-----------------------------------------------
               39.98    0.00 18691061/37383426     qlrpfl2(double*, int, int, prop_type&, propa_type&, propv_type&) [4]
               39.99    0.00 18692365/37383426     d1thx2(double*, double const&, double const&, propa_type&) [5]
[8]      6.6   79.97    0.00 37383426         z1sq2(double*, double const&, double const&, double&, double&) [8]
-----------------------------------------------
                2.32   44.54 18692398/18692398     qlrpfl2(double*, int, int, prop_type&, propa_type&, propv_type&) [4]
[9]      3.8    2.32   44.54 18692398         lrprop2(double, prop_type&, propa_type&) [9]
               20.35   23.63 93370612/93370612     adiff2(double, prop_type&, propa_type&) [10]
                0.30    0.11 5048472/5048472     ascat(double, prop_type&, propa_type&) [25]
                0.14    0.02 16213851/16213851     alos2(double, prop_type&, propa_type&) [31]
-----------------------------------------------
               20.35   23.63 93370612/93370612     lrprop2(double, prop_type&, propa_type&) [9]
[10]     3.6   20.35   23.63 93370612         adiff2(double, prop_type&, propa_type&) [10]
               22.04    0.00 56031502/56077145     saalos(double, prop_type&, propa_type&) [11]
                0.81    0.00 70992537/70992537     fht(double const&, double const&) [21]
                0.78    0.00 110688118/110688118     aknfe(double const&) [22]
-----------------------------------------------
                0.02    0.00   45643/56077145     alos2(double, prop_type&, propa_type&) [31]
               22.04    0.00 56031502/56077145     adiff2(double, prop_type&, propa_type&) [10]
[11]     1.8   22.06    0.00 56077145         saalos(double, prop_type&, propa_type&) [11]
-----------------------------------------------
                0.00    0.00      16/28816       AverageTerrain(site, double, double, double) [41]
                7.19    8.34   28800/28816       PlotLRPath(site, site, unsigned char, _IO_FILE*) [2]
[12]     1.3    7.19    8.34   28816         ReadPath(site, site) [12]
                7.92    0.00 123857878/123857897     GetElevation(site) [13]
                0.39    0.00 123799745/123799759     arccos(double, double) [28]
                0.03    0.00   28816/28816       Distance(site, site) [36]
                0.00    0.00   28816/18721214     Azimuth(site, site) [20]
-----------------------------------------------
                0.00    0.00       1/123857897     haat(site) [44]
                0.00    0.00       2/123857897     SiteReport(site) [37]
                0.00    0.00      16/123857897     AverageTerrain(site, double, double, double) [41]
                7.92    0.00 123857878/123857897     ReadPath(site, site) [12]
[13]     0.6    7.92    0.00 123857897         GetElevation(site) [13]
-----------------------------------------------
                5.51    2.20 18692398/18692398     point_to_point(double*, double, double, double, double, double, double, int, int, double, double, double&, char*, int&) [3]
[14]     0.6    5.51    2.20 18692398         avar(double, double, double, prop_type&, propv_type&) [14]
                2.20    0.00 56077194/56077194     curve(double const&, double const&, double const&, double const&, double const&, double const&) [17]
-----------------------------------------------
                0.00    0.00    1865/89244653     PlaceMarker(site) [45]
                3.91    0.00 89242788/89244653     PlotLRPath(site, site, unsigned char, _IO_FILE*) [2]
[15]     0.3    3.91    0.00 89244653         OrMask(double, double, int) [15]
-----------------------------------------------
                                                 <spontaneous>
[16]     0.3    3.83    0.00                 WritePPMSS(char*, unsigned char, unsigned char, unsigned char, site*, unsigned char) [16]
                0.00    0.00       2/6           ReduceAngle(double) [52]
                0.00    0.00       1/1           LoadSignalColors(site) [55]
-----------------------------------------------
                2.20    0.00 56077194/56077194     avar(double, double, double, prop_type&, propv_type&) [14]
[17]     0.2    2.20    0.00 56077194         curve(double const&, double const&, double const&, double const&, double const&, double const&) [17]
-----------------------------------------------
                1.63    0.00 37384796/37384796     point_to_point(double*, double, double, double, double, double, double, int, int, double, double, double&, char*, int&) [3]
[18]     0.1    1.63    0.00 37384796         qerfi(double) [18]
-----------------------------------------------
                1.17    0.00 18692398/18692398     PlotLRPath(site, site, unsigned char, _IO_FILE*) [2]
[19]     0.1    1.17    0.00 18692398         GetSignal(double, double) [19]
-----------------------------------------------
                0.00    0.00   28816/18721214     ReadPath(site, site) [12]
                0.87    0.00 18692398/18721214     PlotLRPath(site, site, unsigned char, _IO_FILE*) [2]
[20]     0.1    0.87    0.00 18721214         Azimuth(site, site) [20]
-----------------------------------------------
                0.81    0.00 70992537/70992537     adiff2(double, prop_type&, propa_type&) [10]
[21]     0.1    0.81    0.00 70992537         fht(double const&, double const&) [21]
-----------------------------------------------
                0.78    0.00 110688118/110688118     adiff2(double, prop_type&, propa_type&) [10]
[22]     0.1    0.78    0.00 110688118         aknfe(double const&) [22]
-----------------------------------------------
                0.65    0.00 18692398/18692398     PlotLRPath(site, site, unsigned char, _IO_FILE*) [2]
[23]     0.1    0.65    0.00 18692398         PutMask(double, double, int) [23]
-----------------------------------------------
                0.56    0.00 18692398/18692398     point_to_point(double*, double, double, double, double, double, double, int, int, double, double, double&, char*, int&) [3]
[24]     0.0    0.56    0.00 18692398         qlrps(double, double, double, int, double, double, prop_type&) [24]
-----------------------------------------------
                0.30    0.11 5048472/5048472     lrprop2(double, prop_type&, propa_type&) [9]
[25]     0.0    0.30    0.11 5048472         ascat(double, prop_type&, propa_type&) [25]
                0.10    0.00 5048472/5048472     h0f(double, double) [32]
                0.01    0.00 2524236/2524236     ahd(double) [40]
-----------------------------------------------
                0.06    0.34       5/5           LoadTopoData(int, int, int, int) [27]
[26]     0.0    0.06    0.34       5         LoadSDF(char*) [26]
                0.34    0.00       5/5           LoadSDF_SDF(char*) [30]
                0.00    0.00       2/2           LoadSDF_BZ(char*) [53]
-----------------------------------------------
                                                 <spontaneous>
[27]     0.0    0.00    0.40                 LoadTopoData(int, int, int, int) [27]
                0.06    0.34       5/5           LoadSDF(char*) [26]
                0.00    0.00       2/6           ReduceAngle(double) [52]
-----------------------------------------------
                0.00    0.00      14/123799759     AverageTerrain(site, double, double, double) [41]
                0.39    0.00 123799745/123799759     ReadPath(site, site) [12]
[28]     0.0    0.39    0.00 123799759         arccos(double, double) [28]
-----------------------------------------------
                0.35    0.00 18692398/18692398     PlotLRPath(site, site, unsigned char, _IO_FILE*) [2]
[29]     0.0    0.35    0.00 18692398         PutSignal(double, double, unsigned char) [29]
-----------------------------------------------
                0.34    0.00       5/5           LoadSDF(char*) [26]
[30]     0.0    0.34    0.00       5         LoadSDF_SDF(char*) [30]
-----------------------------------------------
                0.14    0.02 16213851/16213851     lrprop2(double, prop_type&, propa_type&) [9]
[31]     0.0    0.14    0.02 16213851         alos2(double, prop_type&, propa_type&) [31]
                0.02    0.00   45643/56077145     saalos(double, prop_type&, propa_type&) [11]
-----------------------------------------------
                0.10    0.00 5048472/5048472     ascat(double, prop_type&, propa_type&) [25]
[32]     0.0    0.10    0.00 5048472         h0f(double, double) [32]
-----------------------------------------------
                                                 <spontaneous>
[33]     0.0    0.08    0.00                 interpolate(int, int, int, int, int) [33]
-----------------------------------------------
                0.00    0.00    1457/89244245     PlaceMarker(site) [45]
                0.06    0.00 89242788/89244245     PlotLRPath(site, site, unsigned char, _IO_FILE*) [2]
[34]     0.0    0.06    0.00 89244245         GetMask(double, double) [34]
-----------------------------------------------
                                                 <spontaneous>
[35]     0.0    0.04    0.00                 z1sq1(double*, double const&, double const&, double&, double&) [35]
-----------------------------------------------
                0.03    0.00   28816/28816       ReadPath(site, site) [12]
[36]     0.0    0.03    0.00   28816         Distance(site, site) [36]
-----------------------------------------------
                                                 <spontaneous>
[37]     0.0    0.00    0.03                 SiteReport(site) [37]
                0.02    0.00       2/2           dec2dms(double) [39]
                0.00    0.00       1/1           haat(site) [44]
                0.00    0.00       8/16          AverageTerrain(site, double, double, double) [41]
                0.00    0.00       2/123857897     GetElevation(site) [13]
-----------------------------------------------
                                                 <spontaneous>
[38]     0.0    0.03    0.00                 adiff(double, prop_type&, propa_type&) [38]
-----------------------------------------------
                0.02    0.00       2/2           SiteReport(site) [37]
[39]     0.0    0.02    0.00       2         dec2dms(double) [39]
-----------------------------------------------
                0.01    0.00 2524236/2524236     ascat(double, prop_type&, propa_type&) [25]
[40]     0.0    0.01    0.00 2524236         ahd(double) [40]
-----------------------------------------------
                0.00    0.00       8/16          haat(site) [44]
                0.00    0.00       8/16          SiteReport(site) [37]
[41]     0.0    0.00    0.01      16         AverageTerrain(site, double, double, double) [41]
                0.00    0.00      16/28816       ReadPath(site, site) [12]
                0.00    0.00      16/123857897     GetElevation(site) [13]
                0.00    0.00      14/123799759     arccos(double, double) [28]
-----------------------------------------------
                                                 <spontaneous>
[42]     0.0    0.01    0.00                 FORTRAN_DIM(double const&, double const&) [42]
-----------------------------------------------
                                                 <spontaneous>
[43]     0.0    0.01    0.00                 lrprop(double, prop_type&, propa_type&) [43]
-----------------------------------------------
                0.00    0.00       1/1           SiteReport(site) [37]
[44]     0.0    0.00    0.00       1         haat(site) [44]
                0.00    0.00       8/16          AverageTerrain(site, double, double, double) [41]
                0.00    0.00       1/123857897     GetElevation(site) [13]
-----------------------------------------------
                                                 <spontaneous>
[45]     0.0    0.00    0.00                 PlaceMarker(site) [45]
                0.00    0.00    1865/89244653     OrMask(double, double, int) [15]
                0.00    0.00    1457/89244245     GetMask(double, double) [34]
-----------------------------------------------
                0.00    0.00       2/6           PlotLRMap(site, double, char*) [1]
                0.00    0.00       2/6           WritePPMSS(char*, unsigned char, unsigned char, unsigned char, site*, unsigned char) [16]
                0.00    0.00       2/6           LoadTopoData(int, int, int, int) [27]
[52]     0.0    0.00    0.00       6         ReduceAngle(double) [52]
-----------------------------------------------
                0.00    0.00       2/2           LoadSDF(char*) [26]
[53]     0.0    0.00    0.00       2         LoadSDF_BZ(char*) [53]
-----------------------------------------------
                0.00    0.00       2/2           LoadQTH(char*) [91]
[54]     0.0    0.00    0.00       2         ReadBearing(char*) [54]
-----------------------------------------------
                0.00    0.00       1/1           WritePPMSS(char*, unsigned char, unsigned char, unsigned char, site*, unsigned char) [16]
[55]     0.0    0.00    0.00       1         LoadSignalColors(site) [55]
-----------------------------------------------
                0.00    0.00       1/1           ReadLRParm(site, char) [60]
[56]     0.0    0.00    0.00       1         LoadPAT(char*) [56]
-----------------------------------------------

 This table describes the call tree of the program, and was sorted by
 the total amount of time spent in each function and its children.

 Each entry in this table consists of several lines.  The line with the
 index number at the left hand margin lists the current function.
 The lines above it list the functions that called this function,
 and the lines below it list the functions this one called.
 This line lists:
     index	A unique number given to each element of the table.
		Index numbers are sorted numerically.
		The index number is printed next to every function name so
		it is easier to look up where the function in the table.

     % time	This is the percentage of the `total' time that was spent
		in this function and its children.  Note that due to
		different viewpoints, functions excluded by options, etc,
		these numbers will NOT add up to 100%.

     self	This is the total amount of time spent in this function.

     children	This is the total amount of time propagated into this
		function by its children.

     called	This is the number of times the function was called.
		If the function called itself recursively, the number
		only includes non-recursive calls, and is followed by
		a `+' and the number of recursive calls.

     name	The name of the current function.  The index number is
		printed after it.  If the function is a member of a
		cycle, the cycle number is printed between the
		function's name and the index number.


 For the function's parents, the fields have the following meanings:

     self	This is the amount of time that was propagated directly
		from the function into this parent.

     children	This is the amount of time that was propagated from
		the function's children into this parent.

     called	This is the number of times this parent called the
		function `/' the total number of times the function
		was called.  Recursive calls to the function are not
		included in the number after the `/'.

     name	This is the name of the parent.  The parent's index
		number is printed after it.  If the parent is a
		member of a cycle, the cycle number is printed between
		the name and the index number.

 If the parents of the function cannot be determined, the word
 `<spontaneous>' is printed in the `name' field, and all the other
 fields are blank.

 For the function's children, the fields have the following meanings:

     self	This is the amount of time that was propagated directly
		from the child into the function.

     children	This is the amount of time that was propagated from the
		child's children to the function.

     called	This is the number of times the function called
		this child `/' the total number of times the child
		was called.  Recursive calls by the child are not
		listed in the number after the `/'.

     name	This is the name of the child.  The child's index
		number is printed after it.  If the child is a
		member of a cycle, the cycle number is printed
		between the name and the index number.

 If there are any cycles (circles) in the call graph, there is an
 entry for the cycle-as-a-whole.  This entry shows who called the
 cycle (as parents) and the members of the cycle (as children.)
 The `+' recursive calls entry shows the number of function calls that
 were internal to the cycle, and the calls entry for each member shows,
 for that member, how many times it was called from other members of
 the cycle.


Index by function name

  [53] LoadSDF_BZ(char*)      [44] haat(site)             [43] lrprop(double, prop_type&, propa_type&)
   [2] PlotLRPath(site, site, unsigned char, _IO_FILE*) [38] adiff(double, prop_type&, propa_type&) [11] saalos(double, prop_type&, propa_type&)
  [16] WritePPMSS(char*, unsigned char, unsigned char, unsigned char, site*, unsigned char) [22] aknfe(double const&) [20] Azimuth(site, site)
  [42] FORTRAN_DIM(double const&, double const&) [31] alos2(double, prop_type&, propa_type&) [34] GetMask(double, double)
  [30] LoadSDF_SDF(char*)     [25] ascat(double, prop_type&, propa_type&) [56] LoadPAT(char*)
  [54] ReadBearing(char*)     [17] curve(double const&, double const&, double const&, double const&, double const&, double const&) [26] LoadSDF(char*)
  [52] ReduceAngle(double)     [7] hzns2(double*, prop_type&, propa_type&) [23] PutMask(double, double, int)
  [33] interpolate(int, int, int, int, int) [18] qerfi(double) [39] dec2dms(double)
  [13] GetElevation(site)     [24] qlrps(double, double, double, int, double, double, prop_type&) [9] lrprop2(double, prop_type&, propa_type&)
  [41] AverageTerrain(site, double, double, double) [6] qtile(int const&, double*, int const&) [4] qlrpfl2(double*, int, int, prop_type&, propa_type&, propv_type&)
   [3] point_to_point(double*, double, double, double, double, double, double, int, int, double, double, double&, char*, int&) [35] z1sq1(double*, double const&, double const&, double&, double&) [36] Distance(site, site)
  [55] LoadSignalColors(site)  [8] z1sq2(double*, double const&, double const&, double&, double&) [12] ReadPath(site, site)
  [40] ahd(double)            [15] OrMask(double, double, int) [19] GetSignal(double, double)
  [21] fht(double const&, double const&) [10] adiff2(double, prop_type&, propa_type&) [1] PlotLRMap(site, double, char*)
  [32] h0f(double, double)    [28] arccos(double, double) [29] PutSignal(double, double, unsigned char)
  [14] avar(double, double, double, prop_type&, propv_type&) [5] d1thx2(double*, double const&, double const&, propa_type&)
